-------
bucket_split_time 30278
bucket_sort_time 379413
bucket_to_array_time 8078
table_fill_time 37855
program_time 458302
-------
bucket_split_time 29475
bucket_sort_time 383358
bucket_to_array_time 7265
table_fill_time 31341
program_time 454055
-------
bucket_split_time 30294
bucket_sort_time 378716
bucket_to_array_time 7217
table_fill_time 35701
program_time 454849
-------
bucket_split_time 29588
bucket_sort_time 377610
bucket_to_array_time 7228
table_fill_time 30944
program_time 447969
-------
bucket_split_time 29801
bucket_sort_time 385603
bucket_to_array_time 7296
table_fill_time 32392
program_time 457970
-------
bucket_split_time 31646
bucket_sort_time 376792
bucket_to_array_time 7220
table_fill_time 34291
program_time 452562
-------
bucket_split_time 29986
bucket_sort_time 376491
bucket_to_array_time 7212
table_fill_time 30449
program_time 446794
-------
bucket_split_time 29828
bucket_sort_time 376209
bucket_to_array_time 7957
table_fill_time 30855
program_time 447478
-------
bucket_split_time 29401
bucket_sort_time 376675
bucket_to_array_time 7215
table_fill_time 31055
program_time 446956
-------
bucket_split_time 30875
bucket_sort_time 378016
bucket_to_array_time 7266
table_fill_time 31546
program_time 450493
