-------
bucket_split_time 0.109699 [s]
bucket_sort_time 1.71592 [s]
bucket_to_array_time 0.028931 [s]
table_fill_time 0.123943 [s]
program_time 1.9886 [s]
-------
bucket_split_time 0.110237 [s]
bucket_sort_time 1.69234 [s]
bucket_to_array_time 0.028923 [s]
table_fill_time 0.121796 [s]
program_time 1.96345 [s]
-------
bucket_split_time 0.109816 [s]
bucket_sort_time 1.70983 [s]
bucket_to_array_time 0.029092 [s]
table_fill_time 0.125715 [s]
program_time 1.98492 [s]
-------
bucket_split_time 0.119749 [s]
bucket_sort_time 1.69845 [s]
bucket_to_array_time 0.028904 [s]
table_fill_time 0.124557 [s]
program_time 1.98179 [s]
-------
bucket_split_time 0.109998 [s]
bucket_sort_time 1.69669 [s]
bucket_to_array_time 0.029231 [s]
table_fill_time 0.124116 [s]
program_time 1.97222 [s]
-------
bucket_split_time 0.110163 [s]
bucket_sort_time 1.71247 [s]
bucket_to_array_time 0.028893 [s]
table_fill_time 0.12983 [s]
program_time 1.99181 [s]
-------
bucket_split_time 0.10966 [s]
bucket_sort_time 1.69758 [s]
bucket_to_array_time 0.028965 [s]
table_fill_time 0.121436 [s]
program_time 1.9678 [s]
-------
bucket_split_time 0.109539 [s]
bucket_sort_time 1.69829 [s]
bucket_to_array_time 0.029525 [s]
table_fill_time 0.122666 [s]
program_time 1.97043 [s]
-------
bucket_split_time 0.110169 [s]
bucket_sort_time 1.71093 [s]
bucket_to_array_time 0.029686 [s]
table_fill_time 0.122487 [s]
program_time 1.98346 [s]
-------
bucket_split_time 0.109281 [s]
bucket_sort_time 1.70071 [s]
bucket_to_array_time 0.028872 [s]
table_fill_time 0.12269 [s]
program_time 1.97206 [s]
