-----
Slave: 0.404392
Slave: 0.404832
Slave: 0.404515
Slave: 0.404689
Master: 0.405471
Slave: 0.405179
Slave: 0.405381
Slave: 0.405530
Slave: 0.405063
Slave: 0.405535
Slave: 0.411249
Calculated PI: 3.141631
General: 0.415088
Slave: 0.404264
-----
Slave: 0.404411
Slave: 0.404664
Slave: 0.405127
Master: 0.405021
Slave: 0.405460
Slave: 0.404906
Slave: 0.405454
Slave: 0.405518
Slave: 0.405570
Slave: 0.405277
Slave: 0.405097
Calculated PI: 3.141894
General: 0.416761
Slave: 0.416654
-----
Slave: 0.404126
Slave: 0.404408
Slave: 0.404537
Master: 0.404865
Slave: 0.405126
Slave: 0.404587
Slave: 0.404976
Slave: 0.404711
Slave: 0.405554
Slave: 0.405537
Slave: 0.405631
Calculated PI: 3.141605
General: 0.406450
Slave: 0.405546
-----
Slave: 0.404356
Slave: 0.404066
Slave: 0.404978
Master: 0.404187
Slave: 0.404256
Slave: 0.404815
Slave: 0.404835
Slave: 0.405232
Slave: 0.405083
Slave: 0.405633
Slave: 0.405537
Calculated PI: 3.141416
General: 0.411705
Slave: 0.405979
-----
Slave: 0.405210
Slave: 0.404438
Slave: 0.404589
Slave: 0.404580
Slave: 0.404410
Master: 0.404861
Slave: 0.404496
Slave: 0.405458
Slave: 0.405435
Slave: 0.409448
Slave: 0.405025
Slave: 0.463084
Calculated PI: 3.141355
General: 0.463555
-----
Slave: 0.403951
Slave: 0.405073
Slave: 0.405696
Slave: 0.404786
Slave: 0.404725
Slave: 0.404831
Slave: 0.405431
Slave: 0.405505
Slave: 0.404596
Master: 0.404402
Slave: 0.404864
Slave: 0.417104
Calculated PI: 3.141632
General: 0.417619
-----
Slave: 0.403940
Slave: 0.404263
Slave: 0.404500
Slave: 0.405244
Slave: 0.404860
Master: 0.405431
Slave: 0.405100
Slave: 0.405648
Slave: 0.405522
Slave: 0.405622
Slave: 0.405685
Calculated PI: 3.141573
General: 0.417468
Slave: 0.405263
-----
Slave: 0.404419
Slave: 0.405609
Master: 0.405447
Slave: 0.405008
Slave: 0.405011
Slave: 0.405699
Slave: 0.404987
Slave: 0.405419
Slave: 0.405661
Slave: 0.405598
Slave: 0.404851
Calculated PI: 3.141556
General: 0.462835
Slave: 0.462943
-----
Slave: 0.404271
Slave: 0.404577
Slave: 0.404782
Slave: 0.404112
Slave: 0.404185
Slave: 0.404383
Master: 0.405032
Slave: 0.405525
Slave: 0.404840
Slave: 0.404908
Slave: 0.405094
Calculated PI: 3.141670
General: 0.406314
Slave: 0.405248
-----
Slave: 0.404599
Slave: 0.404452
Slave: 0.404657
Slave: 0.404327
Master: 0.404790
Slave: 0.404917
Slave: 0.405619
Slave: 0.405685
Slave: 0.405097
Slave: 0.405400
Slave: 0.405684
Slave: 0.405629
Calculated PI: 3.141671
General: 0.416546
