-----
Slave: 0.538977
Slave: 0.540121
Slave: 0.540489
Slave: 0.541050
Slave: 0.540602
Slave: 0.541329
Slave: 0.540665
Master: 0.540398
Calculated PI: 3.141716
General: 0.541665
Slave: 0.541777
-----
Slave: 0.539232
Slave: 0.540806
Slave: 0.540120
Master: 0.539992
Slave: 0.540363
Slave: 0.539814
Slave: 0.540880
Slave: 0.541237
Calculated PI: 3.141673
General: 0.556191
Slave: 0.556349
-----
Master: 0.539850
Slave: 0.539378
Slave: 0.539704
Slave: 0.539866
Slave: 0.540824
Slave: 0.540787
Slave: 0.540018
Slave: 0.540217
Calculated PI: 3.141408
General: 0.541489
Slave: 0.540824
-----
Slave: 0.539030
Slave: 0.539042
Slave: 0.539723
Slave: 0.540162
Slave: 0.540286
Slave: 0.540458
Slave: 0.540611
Slave: 0.541162
Master: 0.540989
Calculated PI: 3.141858
General: 0.541338
-----
Slave: 0.539059
Slave: 0.540160
Slave: 0.540200
Slave: 0.540293
Slave: 0.540729
Slave: 0.540992
Master: 0.540754
Calculated PI: 3.141435
General: 0.541223
Slave: 0.541399
Slave: 0.541036
-----
Slave: 0.538874
Slave: 0.540163
Slave: 0.540058
Slave: 0.540527
Slave: 0.541221
Slave: 0.541122
Slave: 0.541393
Slave: 0.541456
Master: 0.541805
Calculated PI: 3.141690
General: 0.541964
-----
Slave: 0.538884
Slave: 0.539593
Slave: 0.539873
Slave: 0.539936
Slave: 0.540361
Slave: 0.540177
Slave: 0.541108
Slave: 0.541069
Master: 0.541027
Calculated PI: 3.141752
General: 0.541448
-----
Slave: 0.539026
Slave: 0.540250
Slave: 0.540312
Slave: 0.540619
Slave: 0.541206
Master: 0.540643
Slave: 0.541336
Slave: 0.541429
Calculated PI: 3.141629
General: 0.542301
Slave: 0.542030
-----
Master: 0.539902
Slave: 0.539995
Slave: 0.539574
Slave: 0.540007
Slave: 0.540787
Slave: 0.540863
Slave: 0.540536
Slave: 0.541032
Calculated PI: 3.141362
General: 0.541539
Slave: 0.541166
-----
Slave: 0.540009
Master: 0.540119
Slave: 0.540177
Slave: 0.539989
Slave: 0.540126
Slave: 0.540304
Slave: 0.540950
Calculated PI: 3.141749
General: 0.541149
Slave: 0.540977
Slave: 0.540789
