-----
Slave: 0.015504
Slave: 0.015699
Master: 0.015528
Calculated PI: 3.143096
General: 0.015802
-----
Slave: 0.015522
Slave: 0.015794
Master: 0.015636
Calculated PI: 3.139940
General: 0.015772
-----
Slave: 0.015503
Slave: 0.016282
Master: 0.016369
Calculated PI: 3.140368
General: 0.016466
-----
Slave: 0.015521
Slave: 0.015624
Master: 0.015584
Calculated PI: 3.140212
General: 0.015745
-----
Slave: 0.015469
Slave: 0.015660
Master: 0.015698
Calculated PI: 3.140572
General: 0.015792
-----
Slave: 0.015713
Master: 0.015627
Calculated PI: 3.143040
General: 0.015929
Slave: 0.015524
-----
Slave: 0.015510
Slave: 0.015773
Master: 0.015612
Calculated PI: 3.140696
General: 0.015842
-----
Slave: 0.015509
Master: 0.016027
Calculated PI: 3.143488
General: 0.016142
Slave: 0.016052
-----
Slave: 0.015514
Slave: 0.015540
Master: 0.015677
Calculated PI: 3.142040
General: 0.015769
-----
Slave: 0.015474
Master: 0.015618
Calculated PI: 3.142380
General: 0.015725
Slave: 0.015646
