-----
Slave: 44.348813
Slave: 44.377578
Slave: 44.487712
Slave: 44.489843
Slave: 44.501231
Slave: 45.075595
Slave: 45.098650
Slave: 45.125804
Slave: 45.126104
Slave: 45.147974
Master: 45.165718
Calculated PI: 3.141578
General: 45.165975
-----
Slave: 44.273391
Slave: 44.383737
Slave: 44.459920
Slave: 44.483663
Slave: 44.505859
Slave: 45.095158
Slave: 45.148031
Slave: 45.179075
Slave: 45.203242
Slave: 45.217423
Master: 45.250624
Calculated PI: 3.141599
General: 45.250882
-----
Slave: 44.336344
Slave: 44.389962
Slave: 44.443121
Slave: 44.447913
Slave: 44.892046
Slave: 45.044649
Slave: 45.081583
Slave: 45.120881
Slave: 45.139768
Master: 45.177862
Calculated PI: 3.141591
General: 45.178488
Slave: 45.177949
-----
Slave: 44.246159
Slave: 44.317269
Slave: 44.472385
Slave: 44.594414
Slave: 44.609202
Slave: 45.067616
Slave: 45.082150
Slave: 45.102494
Slave: 45.120100
Slave: 45.122862
Master: 45.127210
Calculated PI: 3.141570
General: 45.127489
-----
Slave: 44.159054
Slave: 44.404297
Slave: 44.484336
Slave: 44.500821
Slave: 44.574657
Slave: 45.131902
Slave: 45.149238
Master: 45.163495
Slave: 45.163241
Slave: 45.167588
Calculated PI: 3.141623
General: 45.177677
Slave: 45.177794
-----
Slave: 44.336863
Slave: 44.387531
Slave: 44.447599
Slave: 44.481138
Slave: 44.515682
Slave: 45.092888
Slave: 45.132495
Slave: 45.151122
Slave: 45.198192
Slave: 45.208211
Master: 45.214550
Calculated PI: 3.141611
General: 45.214809
-----
Slave: 44.154705
Slave: 44.452549
Slave: 44.462760
Slave: 44.548571
Slave: 44.555173
Slave: 45.009896
Slave: 45.083539
Master: 45.102767
Slave: 45.107909
Slave: 45.121527
Slave: 46.167500
Calculated PI: 3.141584
General: 46.167924
-----
Slave: 44.375098
Slave: 44.383427
Slave: 44.404772
Slave: 44.435279
Slave: 44.458216
Slave: 45.069582
Slave: 45.081254
Slave: 45.083315
Master: 45.119347
Slave: 45.146658
Slave: 45.152329
Calculated PI: 3.141589
General: 45.152407
-----
Slave: 44.341646
Slave: 44.373180
Slave: 44.407148
Slave: 44.432278
Slave: 44.811701
Slave: 44.922665
Slave: 44.954542
Master: 44.965851
Slave: 44.987510
Slave: 45.008835
Slave: 45.042571
Calculated PI: 3.141585
General: 45.043301
-----
Slave: 44.226872
Slave: 44.439096
Slave: 44.476226
Slave: 44.482702
Slave: 44.521238
Master: 44.856600
Slave: 44.889822
Slave: 44.930748
Slave: 44.963090
Slave: 44.960849
Slave: 51.394692
Calculated PI: 3.141600
General: 51.395003
