-----
Slave: 0.004431
Slave: 0.004419
Slave: 0.004418
Slave: 0.004414
Master: 0.004432
Slave: 0.004434
Slave: 0.004432
Slave: 0.004726
Slave: 0.004418
Slave: 0.004433
Slave: 0.004417
Calculated PI: 3.141820
General: 0.009864
-----
Slave: 0.004427
Master: 0.004421
Slave: 0.004431
Slave: 0.004423
Slave: 0.004426
Slave: 0.004438
Slave: 0.004426
Slave: 0.004429
Calculated PI: 3.138492
General: 0.005035
Slave: 0.004431
Slave: 0.004426
Slave: 0.004448
-----
Master: 0.004437
Slave: 0.004429
Slave: 0.004429
Slave: 0.004425
Slave: 0.004437
Slave: 0.004436
Slave: 0.004436
Slave: 0.004436
Slave: 0.004438
Slave: 0.004436
Calculated PI: 3.140472
General: 0.005421
Slave: 0.004975
-----
Slave: 0.004425
Master: 0.004427
Slave: 0.004421
Slave: 0.004442
Slave: 0.004428
Slave: 0.004437
Slave: 0.004421
Slave: 0.004431
Slave: 0.004428
Slave: 0.004527
Calculated PI: 3.141536
General: 0.005534
Slave: 0.005234
-----
Slave: 0.004433
Slave: 0.004428
Slave: 0.004437
Slave: 0.004422
Slave: 0.004430
Slave: 0.004420
Slave: 0.004419
Master: 0.004417
Calculated PI: 3.139536
General: 0.004570
Slave: 0.004414
Slave: 0.004430
Slave: 0.004556
-----
Slave: 0.004434
Slave: 0.004443
Slave: 0.004451
Slave: 0.004421
Slave: 0.004421
Slave: 0.004438
Master: 0.004428
Calculated PI: 3.138008
General: 0.004636
Slave: 0.004700
Slave: 0.004431
Slave: 0.004430
Slave: 0.004419
-----
Master: 0.004435
Calculated PI: 3.137220
General: 0.005090
Slave: 0.004416
Slave: 0.004440
Slave: 0.004437
Slave: 0.004440
Slave: 0.004426
Slave: 0.004432
Slave: 0.004418
Slave: 0.004429
Slave: 0.004426
Slave: 0.004422
-----
Master: 0.004429
Calculated PI: 3.139488
General: 0.005071
Slave: 0.004432
Slave: 0.004423
Slave: 0.004434
Slave: 0.004431
Slave: 0.004418
Slave: 0.004535
Slave: 0.004434
Slave: 0.004426
Slave: 0.004467
Slave: 0.004418
-----
Master: 0.004436
Calculated PI: 3.143396
General: 0.005132
Slave: 0.004419
Slave: 0.004433
Slave: 0.004429
Slave: 0.004497
Slave: 0.004539
Slave: 0.004432
Slave: 0.004427
Slave: 0.004428
Slave: 0.004436
Slave: 0.004450
-----
Slave: 0.004432
Slave: 0.004432
Slave: 0.004424
Master: 0.004417
Slave: 0.004435
Slave: 0.004424
Slave: 0.004434
Slave: 0.004423
Slave: 0.004426
Slave: 0.004431
Calculated PI: 3.142632
General: 0.008875
Slave: 0.004505
