-----
Master: 1.549376
Slave: 1.549281
Calculated PI: 3.141372
General: 1.567946
Slave: 1.567807
-----
Slave: 1.547262
Master: 1.551723
Slave: 1.581465
Calculated PI: 3.141583
General: 1.581569
-----
Slave: 1.548742
Slave: 1.550722
Master: 1.576279
Calculated PI: 3.141684
General: 1.576461
-----
Slave: 1.546783
Slave: 1.549620
Master: 1.860517
Calculated PI: 3.141594
General: 1.860699
-----
Slave: 1.547954
Master: 1.552345
Slave: 1.574560
Calculated PI: 3.141705
General: 1.574749
-----
Slave: 1.550026
Master: 1.552733
Slave: 1.568291
Calculated PI: 3.141579
General: 1.568546
-----
Slave: 1.548976
Master: 1.567552
Slave: 1.569708
Calculated PI: 3.141707
General: 1.569826
-----
Slave: 1.545046
Master: 1.552447
Slave: 1.573573
Calculated PI: 3.141725
General: 1.573721
-----
Slave: 1.547486
Master: 1.552812
Slave: 1.564792
Calculated PI: 3.141637
General: 1.564828
-----
Slave: 1.548586
Master: 1.559757
Slave: 1.561477
Calculated PI: 3.141542
General: 1.561689
