-----
Slave: 0.485024
Slave: 0.484964
Slave: 0.485431
Slave: 0.485440
Slave: 0.485704
Slave: 0.486257
Slave: 0.486841
Slave: 0.486863
Slave: 0.487048
Master: 0.491561
Calculated PI: 3.141389
General: 0.491732
-----
Slave: 0.485860
Slave: 0.486052
Slave: 0.486004
Slave: 0.486150
Slave: 0.486552
Master: 0.487073
Calculated PI: 3.141345
General: 0.487548
Slave: 0.486871
Slave: 0.487090
Slave: 0.486840
Slave: 0.486903
-----
Slave: 0.485466
Slave: 0.485661
Slave: 0.485747
Slave: 0.486138
Slave: 0.486006
Slave: 0.486116
Slave: 0.486004
Slave: 0.487076
Master: 0.486818
Calculated PI: 3.141515
General: 0.487368
Slave: 0.486458
-----
Slave: 0.484819
Slave: 0.485751
Slave: 0.485833
Slave: 0.486342
Slave: 0.486031
Slave: 0.486268
Slave: 0.486144
Slave: 0.487047
Slave: 0.487055
Master: 0.502140
Calculated PI: 3.141577
General: 0.502300
-----
Slave: 0.486171
Slave: 0.485910
Slave: 0.485956
Slave: 0.486457
Slave: 0.486608
Slave: 0.486419
Master: 0.486942
Calculated PI: 3.141339
General: 0.487356
Slave: 0.486520
Slave: 0.486520
Slave: 0.487179
-----
Slave: 0.485001
Slave: 0.485532
Slave: 0.485064
Slave: 0.485944
Master: 0.486425
Slave: 0.486093
Slave: 0.486685
Slave: 0.486720
Slave: 0.486831
Calculated PI: 3.141596
General: 0.487603
Slave: 0.487292
-----
Slave: 0.485030
Slave: 0.484829
Slave: 0.485307
Slave: 0.486044
Slave: 0.486139
Master: 0.486641
Calculated PI: 3.141432
General: 0.487464
Slave: 0.486943
Slave: 0.486739
Slave: 0.486187
Slave: 0.487186
-----
Slave: 0.484827
Slave: 0.485694
Slave: 0.485605
Slave: 0.485590
Slave: 0.485513
Master: 0.486060
Slave: 0.486270
Slave: 0.485948
Slave: 0.486683
Slave: 0.487137
Calculated PI: 3.141831
General: 0.487219
-----
Slave: 0.485375
Master: 0.486056
Slave: 0.486754
Slave: 0.486377
Slave: 0.486303
Slave: 0.486197
Slave: 0.486662
Slave: 0.486368
Slave: 0.487186
Calculated PI: 3.141238
General: 0.577501
Slave: 0.577005
-----
Slave: 0.485811
Slave: 0.485888
Slave: 0.485979
Slave: 0.486144
Slave: 0.486868
Slave: 0.487117
Slave: 0.487302
Slave: 0.486957
Slave: 0.486806
Master: 0.514525
Calculated PI: 3.141573
General: 0.514691
