-----
Master: 0.008121
Calculated PI: 3.139024
General: 0.008284
Slave: 0.008106
Slave: 0.008142
Slave: 0.008108
Slave: 0.008081
Slave: 0.008165
-----
Slave: 0.008109
Slave: 0.008115
Slave: 0.008123
Slave: 0.008152
Slave: 0.008208
Master: 0.009292
Calculated PI: 3.139004
General: 0.009408
-----
Slave: 0.008120
Slave: 0.008151
Slave: 0.008108
Slave: 0.008109
Slave: 0.008153
Master: 0.008087
Calculated PI: 3.144956
General: 0.008207
-----
Slave: 0.008101
Slave: 0.008112
Slave: 0.008108
Slave: 0.008245
Slave: 0.008371
Master: 0.008095
Calculated PI: 3.139780
General: 0.008460
-----
Slave: 0.008165
Master: 0.008134
Slave: 0.008110
Slave: 0.008109
Slave: 0.008122
Slave: 0.008122
Calculated PI: 3.141620
General: 0.008314
-----
Master: 0.008152
Calculated PI: 3.141912
General: 0.008475
Slave: 0.008099
Slave: 0.008151
Slave: 0.008145
Slave: 0.008102
Slave: 0.008102
-----
Master: 0.008098
Calculated PI: 3.143908
General: 0.008369
Slave: 0.008138
Slave: 0.008162
Slave: 0.008117
Slave: 0.008137
Slave: 0.008118
-----
Slave: 0.008157
Slave: 0.008101
Slave: 0.008164
Slave: 0.008108
Slave: 0.008141
Master: 0.008417
Calculated PI: 3.140380
General: 0.008528
-----
Master: 0.008099
Calculated PI: 3.142364
General: 0.008273
Slave: 0.008103
Slave: 0.008097
Slave: 0.008114
Slave: 0.008066
Slave: 0.008144
-----
Master: 0.008148
Calculated PI: 3.141708
General: 0.008332
Slave: 0.008158
Slave: 0.008135
Slave: 0.008082
Slave: 0.008103
Slave: 0.008108
