-----
Slave: 69.431802
Master: 69.440202
Slave: 69.486148
Slave: 69.510267
Slave: 69.546204
Slave: 69.550216
Slave: 69.569535
Calculated PI: 3.141596
General: 69.569634
-----
Slave: 69.387144
Master: 69.482018
Slave: 69.506977
Slave: 69.529615
Slave: 69.576588
Slave: 69.582410
Slave: 69.614150
Calculated PI: 3.141584
General: 69.614424
-----
Slave: 69.382134
Slave: 69.477209
Master: 69.503171
Slave: 69.507776
Slave: 69.544992
Slave: 69.571685
Slave: 69.588053
Calculated PI: 3.141593
General: 69.588113
-----
Slave: 69.408290
Slave: 69.475558
Slave: 69.478945
Slave: 69.583847
Master: 69.603095
Slave: 69.632679
Slave: 69.661335
Calculated PI: 3.141591
General: 69.661766
-----
Master: 69.499052
Slave: 69.553661
Slave: 69.579748
Slave: 69.581025
Slave: 69.640981
Slave: 69.655786
Calculated PI: 3.141599
General: 71.129189
Slave: 71.128960
-----
Slave: 69.382466
Slave: 69.495604
Slave: 69.496107
Slave: 69.575198
Master: 69.619722
Slave: 69.651858
Calculated PI: 3.141605
General: 69.681516
Slave: 69.681161
-----
Slave: 69.476040
Master: 69.496547
Slave: 69.505863
Slave: 69.589089
Slave: 69.594492
Slave: 69.627479
Slave: 69.630040
Calculated PI: 3.141601
General: 69.630356
-----
Slave: 69.378004
Slave: 69.454355
Slave: 69.469337
Slave: 69.490485
Slave: 69.527560
Slave: 69.548270
Master: 69.585683
Calculated PI: 3.141596
General: 69.585924
-----
Slave: 69.386261
Slave: 69.439456
Master: 69.450940
Slave: 69.473719
Slave: 69.554241
Slave: 69.578188
Calculated PI: 3.141573
General: 69.613233
Slave: 69.612967
-----
Slave: 69.364852
Slave: 69.431513
Master: 69.446693
Slave: 69.536276
Slave: 69.549745
Slave: 69.569982
Slave: 69.638833
Calculated PI: 3.141604
General: 69.639310
