-----
Slave: 0.810184
Slave: 0.810788
Slave: 0.812213
Master: 0.812207
Slave: 0.813166
Slave: 0.926649
Calculated PI: 3.141629
General: 0.926846
-----
Slave: 0.808789
Slave: 0.810297
Slave: 0.812275
Master: 0.812232
Slave: 0.813459
Calculated PI: 3.141626
General: 0.814013
Slave: 0.813740
-----
Slave: 0.807809
Slave: 0.810456
Slave: 0.810657
Slave: 0.811723
Master: 0.814573
Slave: 0.835423
Calculated PI: 3.141532
General: 0.835581
-----
Slave: 0.808560
Master: 0.810284
Slave: 0.810340
Slave: 0.810728
Slave: 0.811035
Calculated PI: 3.141423
General: 0.812025
Slave: 0.811888
-----
Slave: 0.810536
Master: 0.810895
Slave: 0.811151
Slave: 0.811280
Slave: 0.812046
Calculated PI: 3.141835
General: 0.813193
Slave: 0.812999
-----
Slave: 0.810361
Slave: 0.810673
Slave: 0.811232
Master: 0.811501
Slave: 0.811455
Slave: 0.812926
Calculated PI: 3.141411
General: 0.812991
-----
Slave: 0.809919
Slave: 0.810631
Slave: 0.810836
Master: 0.810798
Slave: 0.811413
Calculated PI: 3.141616
General: 0.812051
Slave: 0.812202
-----
Slave: 0.810666
Slave: 0.810833
Slave: 0.810884
Slave: 0.811318
Slave: 0.813565
Master: 0.813065
Calculated PI: 3.141635
General: 0.813279
-----
Master: 0.808597
Slave: 0.809642
Slave: 0.810817
Slave: 0.812010
Slave: 0.812375
Calculated PI: 3.141648
General: 0.814582
Slave: 0.814577
-----
Slave: 0.809355
Master: 0.809249
Slave: 0.810842
Slave: 0.811049
Slave: 0.811410
Slave: 0.811725
Calculated PI: 3.141640
General: 0.812001
