-----
Master: 0.005407
Slave: 0.005397
Slave: 0.005410
Slave: 0.005393
Slave: 0.005420
Slave: 0.005412
Slave: 0.005399
Calculated PI: 3.143008
General: 0.005823
Slave: 0.005415
Slave: 0.005403
-----
Slave: 0.005423
Slave: 0.005404
Slave: 0.005398
Slave: 0.005408
Slave: 0.005414
Slave: 0.005421
Slave: 0.005407
Slave: 0.005396
Master: 0.005399
Calculated PI: 3.142372
General: 0.005751
-----
Master: 0.005407
Slave: 0.005400
Slave: 0.005415
Slave: 0.005414
Slave: 0.005407
Slave: 0.005398
Slave: 0.005416
Slave: 0.005422
Calculated PI: 3.143276
General: 0.005864
Slave: 0.005431
-----
Slave: 0.005412
Slave: 0.005401
Slave: 0.005412
Slave: 0.005413
Slave: 0.005400
Slave: 0.005412
Slave: 0.005402
Master: 0.005392
Slave: 0.006406
Calculated PI: 3.141828
General: 0.006660
-----
Master: 0.005403
Slave: 0.005403
Slave: 0.005416
Slave: 0.005416
Slave: 0.005406
Slave: 0.005397
Slave: 0.005405
Slave: 0.005559
Slave: 0.005426
Calculated PI: 3.143044
General: 0.006003
-----
Slave: 0.005408
Slave: 0.005421
Slave: 0.005417
Slave: 0.005425
Slave: 0.005412
Slave: 0.005424
Master: 0.005397
Calculated PI: 3.140872
General: 0.005880
Slave: 0.005404
Slave: 0.005406
-----
Master: 0.005429
Calculated PI: 3.140948
General: 0.005900
Slave: 0.005413
Slave: 0.005414
Slave: 0.005412
Slave: 0.005410
Slave: 0.005406
Slave: 0.005410
Slave: 0.005409
Slave: 0.005403
-----
Slave: 0.005403
Slave: 0.005402
Slave: 0.005400
Slave: 0.005431
Slave: 0.005413
Master: 0.005417
Calculated PI: 3.141656
General: 0.005628
Slave: 0.005413
Slave: 0.005430
Slave: 0.005415
-----
Master: 0.005465
Calculated PI: 3.142180
General: 0.005698
Slave: 0.005402
Slave: 0.005446
Slave: 0.005406
Slave: 0.005403
Slave: 0.005400
Slave: 0.005420
Slave: 0.005399
Slave: 0.005394
-----
Slave: 0.005407
Slave: 0.005396
Slave: 0.005409
Slave: 0.005404
Slave: 0.005398
Slave: 0.005463
Slave: 0.005415
Slave: 0.005398
Master: 0.005587
Calculated PI: 3.139420
General: 0.005887
