-----
Slave: 53.967932
Slave: 53.997964
Slave: 54.029426
Slave: 54.048829
Slave: 54.063875
Slave: 54.077971
Master: 54.088680
Slave: 54.097625
Calculated PI: 3.141596
General: 54.111934
Slave: 54.111660
-----
Slave: 53.965015
Slave: 53.981449
Slave: 53.995444
Slave: 54.002335
Slave: 54.006647
Master: 54.038534
Slave: 54.048069
Slave: 54.075913
Slave: 54.092961
Calculated PI: 3.141593
General: 54.093437
-----
Slave: 53.942923
Master: 54.008251
Slave: 54.029258
Slave: 54.031260
Slave: 54.036233
Slave: 54.069225
Slave: 54.070088
Slave: 54.128185
Calculated PI: 3.141569
General: 61.043399
Slave: 61.043077
-----
Slave: 53.954184
Slave: 54.029217
Slave: 54.067821
Master: 54.068952
Slave: 54.072776
Slave: 54.086835
Slave: 54.091480
Slave: 54.094832
Calculated PI: 3.141620
General: 55.260360
Slave: 55.260401
-----
Slave: 54.004094
Slave: 54.013022
Slave: 54.017662
Slave: 54.040908
Slave: 54.048267
Slave: 54.075241
Master: 54.095507
Slave: 54.106788
Calculated PI: 3.141555
General: 63.751933
Slave: 63.751690
-----
Slave: 53.956761
Slave: 53.963141
Slave: 54.003438
Slave: 54.017186
Master: 54.071407
Slave: 54.073664
Slave: 54.081148
Slave: 54.083932
Slave: 54.090350
Calculated PI: 3.141599
General: 54.090635
-----
Slave: 53.963411
Slave: 53.973997
Slave: 53.982945
Master: 53.999251
Slave: 54.000069
Slave: 54.024487
Slave: 54.069913
Slave: 54.074394
Calculated PI: 3.141622
General: 54.081875
Slave: 54.081421
-----
Slave: 53.948651
Slave: 53.996582
Master: 54.008291
Slave: 54.039438
Slave: 54.041950
Slave: 54.069192
Slave: 54.094340
Slave: 54.094351
Slave: 54.098925
Calculated PI: 3.141602
General: 54.098729
-----
Slave: 53.940522
Slave: 53.966855
Slave: 53.976935
Slave: 54.019581
Slave: 54.044206
Master: 54.058222
Slave: 54.062092
Slave: 54.062644
Calculated PI: 3.141575
General: 54.066117
Slave: 54.065784
-----
Master: 53.947837
Slave: 53.954051
Slave: 53.970364
Slave: 53.971574
Slave: 54.005776
Slave: 54.008984
Slave: 54.067136
Slave: 54.078113
Calculated PI: 3.141587
General: 57.201558
Slave: 57.201498
