-----
Slave: 48.550384
Slave: 48.573055
Slave: 48.588807
Slave: 48.606196
Slave: 48.644195
Slave: 48.655561
Slave: 48.665588
Slave: 48.670020
Slave: 48.673847
Master: 50.161537
Calculated PI: 3.141554
General: 50.161811
-----
Master: 48.561166
Slave: 48.570641
Slave: 48.587869
Slave: 48.589914
Slave: 48.590944
Slave: 48.635868
Slave: 48.652163
Slave: 48.655241
Slave: 48.671696
Calculated PI: 3.141578
General: 49.848653
Slave: 49.848373
-----
Master: 48.549282
Slave: 48.560030
Slave: 48.587358
Slave: 48.589820
Slave: 48.612317
Slave: 48.618185
Slave: 48.651463
Slave: 48.653554
Slave: 48.672293
Slave: 51.699985
Calculated PI: 3.141598
General: 51.700561
-----
Slave: 48.546881
Slave: 48.565828
Slave: 48.592007
Slave: 48.599735
Slave: 48.604073
Slave: 48.635560
Slave: 48.635499
Slave: 48.664920
Slave: 48.688019
Master: 49.144976
Calculated PI: 3.141603
General: 49.145234
-----
Slave: 48.549484
Slave: 48.598282
Slave: 48.636996
Master: 48.645218
Slave: 48.653861
Slave: 48.659927
Slave: 48.664293
Slave: 48.664395
Slave: 48.678023
Slave: 48.700101
Calculated PI: 3.141577
General: 48.700885
-----
Slave: 48.566626
Slave: 48.571104
Slave: 48.577437
Slave: 48.606468
Slave: 48.623943
Slave: 48.632444
Master: 48.660418
Slave: 48.670160
Slave: 48.670409
Slave: 48.677892
Calculated PI: 3.141565
General: 48.677837
-----
Master: 48.560888
Slave: 48.593588
Slave: 48.593480
Slave: 48.611087
Slave: 48.638729
Slave: 48.650005
Slave: 48.657950
Slave: 48.669710
Slave: 48.677609
Calculated PI: 3.141586
General: 50.046183
Slave: 50.046201
-----
Slave: 48.559483
Master: 48.585452
Slave: 48.602260
Slave: 48.603453
Slave: 48.607612
Slave: 48.609197
Slave: 48.624436
Slave: 48.647948
Slave: 48.665800
Calculated PI: 3.141609
General: 48.666893
Slave: 48.666292
-----
Slave: 48.592396
Slave: 48.595249
Slave: 48.607729
Slave: 48.634040
Slave: 48.642856
Slave: 48.648321
Master: 48.652062
Slave: 48.671134
Slave: 48.672492
Calculated PI: 3.141585
General: 48.677759
Slave: 48.676831
-----
Slave: 48.554808
Slave: 48.582320
Slave: 48.584438
Master: 48.597736
Slave: 48.600130
Slave: 48.606940
Slave: 48.664019
Slave: 48.674024
Slave: 48.686220
Calculated PI: 3.141580
General: 49.813186
Slave: 49.813693
