-----
Slave: 0.934626
Slave: 0.935208
Slave: 0.970767
Slave: 0.974645
Master: 0.975219
Calculated PI: 3.141564
General: 0.975475
-----
Slave: 0.935198
Slave: 0.937526
Master: 0.971626
Slave: 0.972900
Calculated PI: 3.141783
General: 0.974386
Slave: 0.974135
-----
Slave: 0.936953
Slave: 0.937087
Master: 0.971436
Slave: 0.972741
Slave: 0.973874
Calculated PI: 3.141089
General: 0.974238
-----
Slave: 0.934957
Slave: 0.936327
Slave: 0.971606
Slave: 0.973765
Master: 0.976135
Calculated PI: 3.141451
General: 0.976316
-----
Slave: 0.937784
Slave: 0.938848
Slave: 0.972796
Slave: 0.973154
Master: 0.975314
Calculated PI: 3.141866
General: 0.975561
-----
Slave: 0.928604
Slave: 0.974464
Slave: 0.973774
Master: 0.985032
Calculated PI: 3.141656
General: 1.104093
Slave: 1.105890
-----
Slave: 0.938837
Slave: 0.939114
Slave: 0.973119
Slave: 0.975007
Master: 0.976025
Calculated PI: 3.141959
General: 0.976221
-----
Slave: 0.933018
Slave: 0.935013
Master: 0.973179
Slave: 0.973657
Slave: 0.975157
Calculated PI: 3.141290
General: 0.975128
-----
Slave: 0.935017
Slave: 0.945570
Slave: 0.973268
Slave: 0.973136
Master: 0.974711
Calculated PI: 3.141291
General: 0.974910
-----
Slave: 0.933675
Slave: 0.936080
Slave: 0.971607
Master: 0.974816
Calculated PI: 3.141766
General: 0.976891
Slave: 0.974138
