-----
Slave: 2.328086
Master: 2.345467
Calculated PI: 3.141580
General: 2.345641
-----
Slave: 2.331746
Master: 2.364575
Calculated PI: 3.141381
General: 2.364745
-----
Master: 2.360574
Slave: 2.761774
Calculated PI: 3.141468
General: 2.761926
-----
Slave: 2.333136
Master: 2.353476
Calculated PI: 3.141957
General: 2.353650
-----
Master: 2.327820
Calculated PI: 3.141803
General: 2.351285
Slave: 2.351169
-----
Slave: 2.331356
Master: 2.346767
Calculated PI: 3.141508
General: 2.346996
-----
Master: 2.322374
Slave: 2.359874
Calculated PI: 3.141730
General: 2.359637
-----
Slave: 2.343469
Master: 2.361100
Calculated PI: 3.141835
General: 2.361276
-----
Slave: 2.355663
Master: 2.460803
Calculated PI: 3.141604
General: 2.460971
-----
Master: 2.328459
Slave: 2.349206
Calculated PI: 3.141533
General: 2.349329
