-----
Slave: 154.933599
Master: 157.248178
Slave: 165.501875
Calculated PI: 3.141608
General: 165.502039
-----
Slave: 155.062637
Slave: 158.858068
Master: 159.719328
Calculated PI: 3.141574
General: 159.719526
-----
Slave: 154.944151
Slave: 157.229717
Master: 160.422083
Calculated PI: 3.141610
General: 160.422267
-----
Slave: 154.685533
Master: 157.216933
Calculated PI: 3.141587
General: 160.335024
Slave: 160.334883
-----
Slave: 154.951933
Master: 157.126220
Calculated PI: 3.141559
General: 160.836543
Slave: 160.836343
-----
Slave: 155.059520
Master: 158.638881
Slave: 159.394192
Calculated PI: 3.141556
General: 159.394405
-----
Slave: 155.049236
Master: 158.516970
Calculated PI: 3.141592
General: 159.320933
Slave: 159.320825
-----
Slave: 154.671296
Slave: 156.703269
Master: 159.216247
Calculated PI: 3.141580
General: 159.216427
-----
Slave: 154.944835
Slave: 157.220797
Master: 159.723909
Calculated PI: 3.141614
General: 159.724088
-----
Slave: 154.956950
Master: 157.367732
Calculated PI: 3.141568
General: 160.617240
Slave: 160.616902
