-----
Slave: 34.550053
Master: 34.656541
Calculated PI: 3.141596
General: 34.726933
Slave: 34.726795
-----
Master: 34.658925
Slave: 34.661300
Slave: 34.952039
Calculated PI: 3.141569
General: 34.952129
-----
Master: 34.516809
Slave: 34.628940
Calculated PI: 3.141564
General: 34.713594
Slave: 34.713539
-----
Master: 34.579344
Slave: 34.637900
Slave: 34.664929
Calculated PI: 3.141561
General: 34.664981
-----
Slave: 34.578735
Master: 34.636175
Slave: 34.728484
Calculated PI: 3.141561
General: 34.728522
-----
Slave: 34.551877
Slave: 34.635038
Master: 34.646406
Calculated PI: 3.141624
General: 34.646491
-----
Slave: 34.548260
Master: 34.633605
Calculated PI: 3.141614
General: 34.743023
Slave: 34.742982
-----
Slave: 34.573466
Slave: 34.660871
Master: 34.706908
Calculated PI: 3.141615
General: 34.706987
-----
Slave: 34.569669
Slave: 34.626392
Master: 34.659491
Calculated PI: 3.141562
General: 34.659571
-----
Slave: 34.621766
Master: 34.657053
Slave: 34.658420
Calculated PI: 3.141581
General: 34.658396
