-----
Slave: 35.567093
Master: 35.574381
Slave: 35.635581
Calculated PI: 3.141593
General: 35.679564
Slave: 35.679509
-----
Slave: 35.423672
Master: 35.438876
Slave: 35.659669
Calculated PI: 3.141586
General: 37.383992
Slave: 37.383897
-----
Slave: 35.533537
Master: 35.550699
Slave: 35.671460
Slave: 35.691608
Calculated PI: 3.141596
General: 35.691798
-----
Slave: 35.429734
Master: 35.570871
Slave: 35.575065
Calculated PI: 3.141639
General: 35.944992
Slave: 35.941680
-----
Master: 35.439481
Slave: 35.473737
Slave: 35.567043
Calculated PI: 3.141587
General: 35.603718
Slave: 35.603679
-----
Master: 35.465235
Slave: 35.479662
Slave: 35.547922
Calculated PI: 3.141596
General: 35.595000
Slave: 35.599137
-----
Slave: 35.438438
Slave: 35.521333
Slave: 35.529665
Master: 35.536887
Calculated PI: 3.141599
General: 35.536965
-----
Slave: 35.465484
Master: 35.563727
Slave: 35.592011
Calculated PI: 3.141589
General: 35.662427
Slave: 35.662462
-----
Slave: 35.491572
Slave: 35.547111
Slave: 35.557328
Master: 35.585558
Calculated PI: 3.141598
General: 35.585645
-----
Master: 35.449289
Slave: 35.556673
Slave: 35.610642
Calculated PI: 3.141558
General: 36.043848
Slave: 36.043787
