-----
Master: 33.647476
Calculated PI: 3.141627
General: 35.475205
Slave: 35.475163
-----
Slave: 33.876577
Master: 33.987175
Calculated PI: 3.141631
General: 33.987252
-----
Master: 33.550854
Slave: 33.733981
Calculated PI: 3.141592
General: 33.734057
-----
Master: 33.567467
Calculated PI: 3.141652
General: 33.736112
Slave: 33.736056
-----
Slave: 33.651238
Master: 33.671010
Calculated PI: 3.141632
General: 33.671083
-----
Slave: 33.631805
Master: 34.612957
Calculated PI: 3.141603
General: 34.613038
-----
Master: 33.676141
Slave: 33.734708
Calculated PI: 3.141609
General: 33.734736
-----
Master: 33.582826
Calculated PI: 3.141551
General: 33.735306
Slave: 33.735218
-----
Master: 33.644674
Slave: 33.655056
Calculated PI: 3.141588
General: 33.654984
-----
Master: 33.655742
Calculated PI: 3.141587
General: 33.713878
Slave: 33.713726
