-----
Master: 11.533297
Slave: 11.540474
Calculated PI: 3.141639
General: 11.564280
Slave: 11.564225
-----
Slave: 11.541351
Slave: 11.541745
Master: 11.584960
Calculated PI: 3.141624
General: 11.585049
-----
Slave: 11.545046
Slave: 11.596530
Master: 13.546369
Calculated PI: 3.141642
General: 13.546440
-----
Slave: 11.530073
Slave: 11.551682
Master: 11.611704
Calculated PI: 3.141592
General: 11.611789
-----
Slave: 11.530520
Slave: 11.531116
Master: 11.566912
Calculated PI: 3.141570
General: 11.566974
-----
Slave: 11.527431
Master: 11.553543
Slave: 11.583871
Calculated PI: 3.141669
General: 11.583917
-----
Master: 11.543811
Slave: 11.551160
Calculated PI: 3.141507
General: 11.564996
Slave: 11.565019
-----
Slave: 11.532658
Master: 11.557609
Slave: 11.558848
Calculated PI: 3.141653
General: 11.558753
-----
Slave: 11.523053
Slave: 11.542295
Master: 11.570866
Calculated PI: 3.141574
General: 11.570933
-----
Master: 11.555739
Slave: 11.562658
Slave: 11.576022
Calculated PI: 3.141658
General: 11.575924
