-----
Master: 16.846491
Slave: 16.902361
Calculated PI: 3.141548
General: 16.902280
-----
Master: 16.791209
Slave: 16.855167
Calculated PI: 3.141583
General: 16.855226
-----
Master: 16.832506
Slave: 16.860547
Calculated PI: 3.141596
General: 16.860576
-----
Master: 16.816223
Slave: 16.840231
Calculated PI: 3.141611
General: 16.840311
-----
Master: 16.798459
Slave: 16.865772
Calculated PI: 3.141514
General: 16.865812
-----
Master: 16.827000
Calculated PI: 3.141502
General: 16.945560
Slave: 16.945506
-----
Master: 16.846045
Slave: 16.914609
Calculated PI: 3.141605
General: 16.914727
-----
Master: 16.797703
Slave: 16.903939
Calculated PI: 3.141550
General: 16.904000
-----
Master: 16.821989
Slave: 16.886920
Calculated PI: 3.141571
General: 16.886884
-----
Master: 16.785828
Calculated PI: 3.141639
General: 16.907935
Slave: 16.907731
