-----
Slave: 8.886718
Slave: 8.887812
Slave: 8.940850
Master: 8.969583
Calculated PI: 3.141707
General: 8.969671
-----
Slave: 8.869157
Master: 8.905209
Slave: 8.977183
Slave: 9.030581
Calculated PI: 3.141553
General: 9.030668
-----
Slave: 8.880347
Master: 8.885812
Slave: 8.893076
Calculated PI: 3.141561
General: 8.941891
Slave: 8.941770
-----
Master: 8.861333
Slave: 8.878234
Slave: 8.892470
Slave: 8.933487
Calculated PI: 3.141569
General: 8.933452
-----
Master: 8.862424
Slave: 8.890636
Slave: 8.962663
Slave: 9.033347
Calculated PI: 3.141695
General: 9.033402
-----
Slave: 8.878622
Slave: 8.884594
Slave: 8.889908
Master: 8.931825
Calculated PI: 3.141542
General: 8.931897
-----
Slave: 8.880422
Slave: 8.903825
Slave: 8.916199
Master: 8.954273
Calculated PI: 3.141580
General: 8.954343
-----
Slave: 8.877970
Slave: 8.897555
Master: 8.898605
Slave: 8.916823
Calculated PI: 3.141569
General: 8.916791
-----
Slave: 8.863426
Slave: 8.877870
Slave: 8.884983
Master: 8.908870
Calculated PI: 3.141594
General: 8.908951
-----
Master: 8.863188
Slave: 8.885894
Slave: 8.889501
Slave: 8.911458
Calculated PI: 3.141623
General: 8.911548
