-----
Slave: 466.109777
Master: 474.728416
Calculated PI: 3.141593
General: 474.728592
-----
Master: 465.271699
Slave: 472.808999
Calculated PI: 3.141583
General: 472.809123
-----
Slave: 466.143260
Master: 473.584679
Calculated PI: 3.141589
General: 473.584849
-----
Slave: 465.881172
Master: 472.534640
Calculated PI: 3.141598
General: 472.534814
-----
Master: 465.881367
Slave: 473.386732
Calculated PI: 3.141599
General: 473.386983
-----
Slave: 465.894293
Master: 472.126634
Calculated PI: 3.141607
General: 472.126808
-----
Master: 465.959365
Slave: 473.881316
Calculated PI: 3.141600
General: 473.881323
-----
Slave: 466.107983
Master: 473.075453
Calculated PI: 3.141598
General: 473.075627
-----
Slave: 464.993385
Master: 472.084598
Calculated PI: 3.141600
General: 472.084773
-----
Slave: 465.139273
Master: 473.402397
Calculated PI: 3.141578
General: 473.402635
