-----
Slave: 4.650435
Slave: 4.654613
Master: 4.690370
Calculated PI: 3.141612
General: 4.690548
-----
Slave: 4.639487
Slave: 4.647846
Master: 4.734923
Calculated PI: 3.141514
General: 4.735104
-----
Slave: 4.650428
Slave: 4.654243
Master: 4.712457
Calculated PI: 3.141678
General: 4.712638
-----
Slave: 4.645554
Master: 4.667525
Slave: 4.711342
Calculated PI: 3.141607
General: 4.711490
-----
Slave: 4.642403
Master: 4.668861
Slave: 4.720997
Calculated PI: 3.141566
General: 4.721085
-----
Slave: 4.649634
Slave: 4.719237
Master: 5.355433
Calculated PI: 3.141612
General: 5.355617
-----
Slave: 4.641552
Slave: 4.667260
Master: 4.718286
Calculated PI: 3.141526
General: 4.718465
-----
Slave: 4.646922
Slave: 4.690397
Master: 4.696359
Calculated PI: 3.141484
General: 4.696540
-----
Slave: 4.647068
Slave: 4.696342
Master: 4.702915
Calculated PI: 3.141663
General: 4.703097
-----
Slave: 4.643707
Slave: 4.667779
Master: 4.722810
Calculated PI: 3.141637
General: 4.722995
