-----
Slave: 4.850626
Slave: 4.855491
Slave: 4.863238
Slave: 4.863844
Slave: 4.864283
Slave: 4.864356
Slave: 4.864529
Slave: 4.864785
Slave: 4.864324
Slave: 4.865760
Slave: 4.865268
Master: 4.865887
Calculated PI: 3.141648
General: 4.866147
-----
Slave: 4.849811
Slave: 4.850877
Slave: 4.854516
Slave: 4.857087
Slave: 4.859567
Slave: 4.861178
Slave: 4.863166
Slave: 4.864201
Slave: 4.864073
Master: 4.864601
Slave: 4.864290
Slave: 4.864130
Calculated PI: 3.141620
General: 4.864873
-----
Slave: 4.851444
Slave: 4.857010
Slave: 4.855227
Master: 4.853332
Slave: 4.857220
Slave: 4.859071
Slave: 4.859218
Slave: 4.860364
Slave: 4.860084
Slave: 4.860731
Slave: 4.864053
Slave: 4.857626
Calculated PI: 3.141729
General: 4.867875
-----
Slave: 4.854412
Slave: 4.855615
Slave: 4.855731
Slave: 4.856452
Slave: 4.861329
Slave: 4.862451
Slave: 4.862160
Master: 4.863865
Slave: 4.864085
Slave: 4.863955
Slave: 4.871082
Slave: 4.974460
Calculated PI: 3.141656
General: 4.974951
-----
Master: 4.848275
Slave: 4.853942
Slave: 4.854256
Slave: 4.856317
Slave: 4.857730
Slave: 4.858669
Slave: 4.860398
Slave: 4.863072
Slave: 4.863913
Slave: 4.863792
Slave: 4.864186
Slave: 4.865341
Calculated PI: 3.141558
General: 4.865102
-----
Slave: 4.847329
Slave: 4.848175
Slave: 4.856850
Slave: 4.858679
Slave: 4.859352
Slave: 4.853752
Slave: 4.854977
Slave: 4.856780
Slave: 4.863475
Master: 4.865755
Slave: 4.864196
Slave: 4.865719
Calculated PI: 3.141609
General: 4.878338
-----
Slave: 4.848937
Slave: 4.852343
Slave: 4.854318
Slave: 4.854601
Slave: 4.854617
Slave: 4.855070
Slave: 4.856558
Master: 4.856230
Slave: 4.859008
Slave: 4.862330
Slave: 4.864853
Calculated PI: 3.141657
General: 4.865196
Slave: 4.865487
-----
Slave: 4.848115
Slave: 4.851480
Slave: 4.851086
Slave: 4.856963
Slave: 4.857113
Slave: 4.854995
Slave: 4.856052
Master: 4.850493
Slave: 4.859949
Slave: 4.859355
Slave: 5.161687
Slave: 5.552462
Calculated PI: 3.141591
General: 5.560136
-----
Slave: 4.857551
Slave: 4.857127
Slave: 4.855943
Slave: 4.858945
Master: 4.862494
Slave: 4.863675
Slave: 4.864062
Slave: 4.864269
Slave: 4.864563
Slave: 4.864410
Slave: 4.864548
Calculated PI: 3.141662
General: 5.795285
Slave: 5.794962
-----
Slave: 4.853715
Slave: 4.854997
Slave: 4.856127
Slave: 4.857692
Slave: 4.858698
Slave: 4.859365
Slave: 4.863857
Master: 4.864161
Slave: 4.864368
Slave: 4.864159
Slave: 4.864892
Slave: 4.866316
Calculated PI: 3.141517
General: 4.870423
