-----
Slave: 485.702508
Slave: 486.427183
Master: 486.531153
Slave: 486.558154
Slave: 486.654238
Slave: 486.764248
Slave: 486.818925
Slave: 486.993434
Slave: 502.614179
Slave: 548.993569
Calculated PI: 3.141591
General: 548.993816
-----
Slave: 485.630020
Slave: 485.716587
Slave: 485.842670
Slave: 485.876274
Slave: 485.943300
Slave: 485.973323
Slave: 486.468452
Slave: 486.497549
Master: 486.542814
Slave: 516.179500
Calculated PI: 3.141593
General: 516.179825
-----
Slave: 485.918859
Slave: 485.956859
Master: 486.403832
Slave: 486.433299
Slave: 486.605838
Slave: 486.652479
Slave: 486.714026
Slave: 486.728330
Slave: 486.742591
Slave: 486.743930
Calculated PI: 3.141599
General: 486.744030
-----
Master: 485.651486
Slave: 485.875768
Slave: 485.920740
Slave: 485.963755
Slave: 486.418872
Slave: 486.552048
Slave: 486.646294
Slave: 486.693849
Slave: 486.752203
Calculated PI: 3.141587
General: 486.818862
Slave: 486.818293
-----
Slave: 485.865684
Slave: 486.010664
Slave: 486.042915
Master: 486.073918
Slave: 486.449272
Slave: 486.469429
Slave: 486.543690
Slave: 486.547686
Slave: 486.554516
Slave: 486.775469
Calculated PI: 3.141592
General: 486.775722
-----
Slave: 485.717088
Slave: 485.766368
Slave: 485.925841
Slave: 485.965375
Slave: 485.988543
Slave: 486.097301
Master: 486.412116
Slave: 486.677401
Slave: 486.693456
Slave: 486.784317
Calculated PI: 3.141593
General: 486.784228
-----
Slave: 485.566874
Slave: 485.787476
Slave: 485.789733
Slave: 485.888158
Slave: 485.890629
Slave: 486.426739
Slave: 486.546316
Slave: 486.623627
Master: 486.644832
Calculated PI: 3.141589
General: 486.796090
Slave: 486.795800
-----
Slave: 485.696590
Master: 486.044501
Slave: 486.454091
Slave: 486.523747
Slave: 486.600796
Slave: 486.627074
Slave: 486.658593
Slave: 486.746374
Slave: 486.778208
Calculated PI: 3.141598
General: 486.825573
Slave: 486.824905
-----
Slave: 485.906768
Slave: 486.392862
Slave: 486.457535
Slave: 486.563608
Master: 486.573465
Slave: 486.603468
Slave: 486.700272
Slave: 486.726672
Slave: 486.736019
Calculated PI: 3.141596
General: 486.783759
Slave: 486.783609
-----
Slave: 485.681177
Slave: 485.902063
Master: 486.065123
Slave: 486.461763
Slave: 486.544718
Slave: 486.566101
Slave: 486.613952
Slave: 486.715722
Slave: 486.791531
Slave: 517.022180
Calculated PI: 3.141592
General: 517.022579
