-----
Slave: 0.048551
Slave: 0.048597
Master: 0.048637
Slave: 0.048568
Slave: 0.048760
Slave: 0.048696
Slave: 0.048641
Slave: 0.048715
Slave: 0.048650
Slave: 0.048691
Slave: 0.048748
Calculated PI: 3.141615
General: 0.060437
Slave: 0.048851
-----
Slave: 0.048666
Slave: 0.048604
Slave: 0.048677
Slave: 0.048665
Slave: 0.048637
Slave: 0.048653
Master: 0.048669
Slave: 0.049224
Slave: 0.051665
Slave: 0.048680
Slave: 0.048679
Slave: 0.048768
Calculated PI: 3.141756
General: 0.055259
-----
Master: 0.048702
Slave: 0.048673
Slave: 0.048743
Slave: 0.048741
Slave: 0.048631
Slave: 0.048659
Slave: 0.048657
Slave: 0.048745
Slave: 0.048666
Slave: 0.048721
Slave: 0.049890
Slave: 0.048760
Calculated PI: 3.142257
General: 0.055533
-----
Slave: 0.048689
Master: 0.048702
Calculated PI: 3.141191
General: 0.049094
Slave: 0.048687
Slave: 0.048718
Slave: 0.048681
Slave: 0.048628
Slave: 0.048535
Slave: 0.048725
Slave: 0.048741
Slave: 0.048716
Slave: 0.048734
Slave: 0.048776
-----
Master: 0.048652
Slave: 0.048617
Slave: 0.048653
Slave: 0.048758
Slave: 0.048506
Slave: 0.048681
Slave: 0.048732
Slave: 0.048567
Slave: 0.048750
Slave: 0.048957
Slave: 0.048659
Slave: 0.054787
Calculated PI: 3.141264
General: 0.054827
-----
Slave: 0.048624
Master: 0.048732
Slave: 0.048739
Slave: 0.048693
Slave: 0.048673
Slave: 0.048734
Slave: 0.048623
Slave: 0.048640
Slave: 0.048720
Slave: 0.048778
Slave: 0.048659
Calculated PI: 3.141183
General: 0.054337
Slave: 0.048858
-----
Slave: 0.048577
Slave: 0.048754
Slave: 0.048666
Slave: 0.048600
Slave: 0.048600
Slave: 0.048781
Slave: 0.048785
Slave: 0.048730
Slave: 0.048588
Slave: 0.048692
Slave: 0.048702
Master: 0.048704
Calculated PI: 3.141887
General: 0.049493
-----
Master: 0.048560
Calculated PI: 3.141952
General: 0.049231
Slave: 0.048694
Slave: 0.048744
Slave: 0.048686
Slave: 0.048689
Slave: 0.048646
Slave: 0.048661
Slave: 0.048514
Slave: 0.048577
Slave: 0.048647
Slave: 0.048524
Slave: 0.048602
-----
Slave: 0.048746
Slave: 0.048645
Slave: 0.048673
Slave: 0.048679
Slave: 0.048632
Slave: 0.048683
Master: 0.048759
Slave: 0.048566
Slave: 0.048625
Slave: 0.048615
Slave: 0.049949
Slave: 0.048739
Calculated PI: 3.140697
General: 0.054418
-----
Slave: 0.048559
Slave: 0.048548
Slave: 0.048677
Slave: 0.048549
Slave: 0.048656
Slave: 0.048535
Slave: 0.048715
Master: 0.048576
Slave: 0.048677
Slave: 0.048612
Slave: 0.049186
Calculated PI: 3.141326
General: 0.054469
Slave: 0.048632
