-----
Slave: 4.847259
Slave: 4.852351
Slave: 4.867384
Slave: 4.866328
Slave: 4.868559
Master: 4.871390
Calculated PI: 3.141589
General: 4.871600
-----
Slave: 4.851860
Slave: 4.858871
Slave: 4.863919
Master: 4.866746
Slave: 4.868148
Calculated PI: 3.141596
General: 4.874413
Slave: 4.873042
-----
Slave: 4.859922
Slave: 4.863648
Slave: 4.867271
Master: 4.868599
Slave: 4.871371
Calculated PI: 3.141684
General: 4.885361
Slave: 4.885049
-----
Slave: 4.854080
Slave: 4.857372
Slave: 4.859525
Master: 4.862134
Slave: 4.864537
Slave: 4.872297
Calculated PI: 3.141595
General: 4.873309
-----
Slave: 4.860067
Slave: 4.864161
Slave: 4.866775
Slave: 4.867497
Master: 4.876169
Slave: 5.023656
Calculated PI: 3.141528
General: 5.024084
-----
Slave: 4.853298
Slave: 4.872285
Master: 4.872508
Slave: 4.874153
Slave: 4.904741
Calculated PI: 3.141594
General: 5.532218
Slave: 5.532003
-----
Slave: 4.856618
Slave: 4.861531
Master: 4.861813
Slave: 4.872815
Slave: 4.877267
Calculated PI: 3.141499
General: 5.015312
Slave: 5.014897
-----
Slave: 4.861649
Slave: 4.862558
Slave: 4.862416
Slave: 4.867369
Slave: 4.867956
Master: 4.878392
Calculated PI: 3.141703
General: 4.878590
-----
Slave: 4.857420
Slave: 4.859774
Slave: 4.861510
Slave: 4.862870
Slave: 4.870073
Master: 4.874538
Calculated PI: 3.141701
General: 4.874735
-----
Slave: 4.860041
Slave: 4.860829
Slave: 4.863305
Master: 4.864063
Slave: 4.863819
Calculated PI: 3.141704
General: 4.870716
Slave: 4.870545
