-----
Slave: 4.664654
Master: 4.700124
Calculated PI: 3.141437
General: 4.700297
-----
Master: 4.656274
Slave: 4.699740
Calculated PI: 3.141648
General: 4.699852
-----
Slave: 4.660143
Master: 4.686497
Calculated PI: 3.141508
General: 4.686668
-----
Master: 4.651384
Slave: 4.713857
Calculated PI: 3.141886
General: 4.713931
-----
Master: 4.656971
Slave: 4.723844
Calculated PI: 3.141749
General: 4.723946
-----
Slave: 4.646510
Master: 5.568552
Calculated PI: 3.141775
General: 5.568721
-----
Slave: 4.721705
Master: 4.783692
Calculated PI: 3.141820
General: 4.783859
-----
Slave: 4.651224
Master: 4.716749
Calculated PI: 3.141505
General: 4.716916
-----
Slave: 4.644529
Master: 4.689602
Calculated PI: 3.141684
General: 4.689771
-----
Slave: 4.658285
Master: 4.713558
Calculated PI: 3.141762
General: 4.713726
