-----
Slave: 4.651988
Slave: 4.697640
Master: 4.861600
Slave: 4.863526
Slave: 4.868587
Calculated PI: 3.141581
General: 4.868742
-----
Slave: 4.658580
Slave: 4.659422
Slave: 4.861668
Master: 4.867379
Slave: 4.868136
Calculated PI: 3.141524
General: 4.868298
-----
Slave: 4.649207
Slave: 4.815426
Slave: 4.865195
Master: 4.865883
Calculated PI: 3.141660
General: 4.871890
Slave: 4.871666
-----
Slave: 4.666752
Slave: 4.674297
Slave: 4.864279
Master: 4.871876
Slave: 4.876752
Calculated PI: 3.141543
General: 4.876949
-----
Slave: 4.677403
Slave: 4.679853
Slave: 4.857470
Master: 4.871670
Calculated PI: 3.141540
General: 4.875345
Slave: 4.875134
-----
Slave: 4.672454
Slave: 4.686041
Master: 4.864720
Slave: 4.866285
Calculated PI: 3.141623
General: 4.873989
Slave: 4.873793
-----
Slave: 4.645689
Slave: 4.660467
Slave: 4.855993
Master: 4.865119
Calculated PI: 3.141621
General: 4.865321
Slave: 4.864890
-----
Slave: 4.654257
Slave: 4.686803
Slave: 4.872638
Master: 4.876613
Slave: 5.780689
Calculated PI: 3.141581
General: 5.780576
-----
Slave: 4.649677
Slave: 4.655254
Master: 4.855976
Slave: 4.876761
Calculated PI: 3.141622
General: 4.879702
Slave: 4.879548
-----
Slave: 4.654172
Slave: 4.667980
Slave: 4.860022
Master: 4.871484
Calculated PI: 3.141547
General: 4.872148
Slave: 4.867414
