-----
Slave: 4.857225
Slave: 4.861440
Slave: 4.861657
Slave: 4.865291
Slave: 4.866248
Slave: 4.867258
Slave: 4.868230
Master: 4.869261
Calculated PI: 3.141596
General: 4.870421
Slave: 4.869938
-----
Slave: 4.855130
Slave: 4.857252
Slave: 4.860662
Slave: 4.860758
Slave: 4.862495
Slave: 4.863395
Master: 4.863880
Slave: 4.867170
Slave: 4.867700
Calculated PI: 3.141572
General: 4.867320
-----
Slave: 4.853361
Slave: 4.856004
Slave: 4.858273
Slave: 4.863942
Slave: 4.864391
Slave: 4.866619
Slave: 4.868635
Slave: 4.868650
Master: 4.869995
Calculated PI: 3.141621
General: 4.870244
-----
Slave: 4.850642
Slave: 4.858988
Slave: 4.860701
Slave: 4.860538
Master: 4.860803
Slave: 4.862643
Slave: 4.862974
Slave: 4.867194
Slave: 4.869169
Calculated PI: 3.141548
General: 4.868594
-----
Slave: 4.857918
Master: 4.861598
Slave: 4.861229
Slave: 4.863113
Slave: 4.866299
Slave: 4.867399
Slave: 4.867615
Slave: 4.868415
Slave: 4.870554
Calculated PI: 3.141533
General: 4.870726
-----
Slave: 4.852761
Slave: 4.857667
Slave: 4.858957
Master: 4.860376
Slave: 4.863071
Slave: 4.866333
Slave: 4.867506
Slave: 4.867852
Slave: 4.868960
Calculated PI: 3.141630
General: 4.869036
-----
Master: 4.853434
Slave: 4.857643
Slave: 4.860438
Slave: 4.862739
Slave: 4.864732
Slave: 4.867974
Slave: 4.868467
Slave: 4.870078
Calculated PI: 3.141544
General: 5.772578
Slave: 5.772274
-----
Slave: 4.852885
Slave: 4.856041
Slave: 4.858745
Slave: 4.862541
Master: 4.864966
Slave: 4.866497
Slave: 4.867039
Slave: 4.868356
Slave: 4.869543
Calculated PI: 3.141546
General: 4.869999
-----
Slave: 4.855471
Slave: 4.856386
Slave: 4.856976
Slave: 4.859151
Slave: 4.861193
Slave: 4.861680
Slave: 4.863686
Slave: 4.865017
Master: 4.869232
Calculated PI: 3.141529
General: 4.869490
-----
Slave: 4.853572
Master: 4.856840
Slave: 4.863344
Slave: 4.864710
Slave: 4.865141
Slave: 4.866693
Slave: 4.869896
Slave: 4.869839
Slave: 4.870523
Calculated PI: 3.141478
General: 4.870951
