-----
Slave: 0.048661
Slave: 0.048700
Slave: 0.048642
Slave: 0.048700
Slave: 0.048801
Slave: 0.048680
Slave: 0.048984
Slave: 0.048787
Slave: 0.048895
Master: 0.049017
Calculated PI: 3.141615
General: 0.049175
Slave: 0.048839
-----
Slave: 0.048826
Master: 0.048638
Slave: 0.048757
Slave: 0.049100
Slave: 0.048628
Slave: 0.048717
Slave: 0.048591
Slave: 0.048732
Slave: 0.049085
Slave: 0.048811
Calculated PI: 3.140696
General: 0.051453
Slave: 0.049154
-----
Master: 0.048723
Calculated PI: 3.141441
General: 0.049411
Slave: 0.048727
Slave: 0.048778
Slave: 0.048917
Slave: 0.048578
Slave: 0.048835
Slave: 0.048730
Slave: 0.048905
Slave: 0.048865
Slave: 0.048688
Slave: 0.048787
-----
Slave: 0.048698
Master: 0.048768
Calculated PI: 3.141333
General: 0.049383
Slave: 0.048550
Slave: 0.048874
Slave: 0.048790
Slave: 0.048822
Slave: 0.048900
Slave: 0.048817
Slave: 0.048898
Slave: 0.048994
Slave: 0.049172
-----
Slave: 0.048858
Slave: 0.048530
Slave: 0.048548
Slave: 0.048800
Slave: 0.048862
Slave: 0.048719
Slave: 0.048671
Master: 0.048783
Calculated PI: 3.142351
General: 0.049047
Slave: 0.048676
Slave: 0.048852
Slave: 0.048924
-----
Slave: 0.048656
Slave: 0.048771
Slave: 0.048932
Slave: 0.048809
Master: 0.048850
Slave: 0.048739
Slave: 0.048933
Slave: 0.048842
Slave: 0.048738
Slave: 0.048875
Calculated PI: 3.141739
General: 0.049244
Slave: 0.048863
-----
Slave: 0.048670
Slave: 0.048753
Slave: 0.048804
Slave: 0.048827
Slave: 0.048903
Slave: 0.049079
Slave: 0.048952
Slave: 0.048748
Slave: 0.048796
Master: 0.048804
Calculated PI: 3.141715
General: 0.048990
Slave: 0.049106
-----
Slave: 0.048776
Slave: 0.048774
Slave: 0.048889
Slave: 0.048768
Slave: 0.048835
Master: 0.048765
Calculated PI: 3.142123
General: 0.049103
Slave: 0.048820
Slave: 0.048752
Slave: 0.048755
Slave: 0.048926
Slave: 0.048768
-----
Slave: 0.048726
Master: 0.048614
Slave: 0.048856
Slave: 0.048843
Slave: 0.048662
Slave: 0.048877
Slave: 0.048705
Slave: 0.048761
Slave: 0.048832
Slave: 0.048894
Slave: 0.048933
Calculated PI: 3.141997
General: 0.049488
-----
Slave: 0.048987
Slave: 0.048809
Slave: 0.048586
Slave: 0.048767
Slave: 0.048753
Slave: 0.048733
Slave: 0.048998
Slave: 0.048808
Master: 0.048763
Calculated PI: 3.141614
General: 0.049461
Slave: 0.048778
Slave: 0.048819
