-----
Master: 0.048602
Calculated PI: 3.141078
General: 0.049105
Slave: 0.048657
Slave: 0.048823
Slave: 0.048595
Slave: 0.048918
Slave: 0.048874
-----
Master: 0.048587
Slave: 0.048686
Slave: 0.048591
Slave: 0.048671
Slave: 0.048673
Calculated PI: 3.143002
General: 0.048795
Slave: 0.048774
-----
Master: 0.048663
Slave: 0.048612
Slave: 0.048855
Slave: 0.048649
Slave: 0.048823
Calculated PI: 3.142485
General: 0.049196
Slave: 0.048812
-----
Slave: 0.048596
Slave: 0.048674
Slave: 0.048506
Slave: 0.048752
Slave: 0.049279
Master: 0.050102
Calculated PI: 3.142273
General: 0.050215
-----
Slave: 0.049042
Slave: 0.048702
Slave: 0.048579
Slave: 0.048594
Master: 0.048668
Calculated PI: 3.142683
General: 0.055864
Slave: 0.055605
-----
Master: 0.048625
Calculated PI: 3.141534
General: 0.048950
Slave: 0.048684
Slave: 0.048839
Slave: 0.048611
Slave: 0.048615
Slave: 0.048666
-----
Master: 0.048704
Calculated PI: 3.142281
General: 0.048998
Slave: 0.048733
Slave: 0.048673
Slave: 0.048684
Slave: 0.048644
Slave: 0.048768
-----
Slave: 0.048656
Slave: 0.048585
Slave: 0.048528
Slave: 0.048578
Master: 0.048756
Calculated PI: 3.142554
General: 0.048863
Slave: 0.048694
-----
Slave: 0.048855
Slave: 0.048633
Slave: 0.048760
Slave: 0.048559
Master: 0.048695
Calculated PI: 3.140905
General: 0.049137
Slave: 0.048682
-----
Slave: 0.048555
Slave: 0.048627
Slave: 0.048693
Slave: 0.048779
Slave: 0.048708
Master: 0.048693
Calculated PI: 3.141696
General: 0.048800
