-----
Master: 0.046589
Slave: 0.047232
Calculated PI: 3.140830
General: 0.047302
-----
Master: 0.046525
Slave: 0.047139
Calculated PI: 3.142658
General: 0.047193
-----
Slave: 0.046717
Master: 0.047137
Calculated PI: 3.140368
General: 0.047222
-----
Slave: 0.046850
Master: 0.046639
Calculated PI: 3.141914
General: 0.046934
-----
Slave: 0.047075
Master: 0.047547
Calculated PI: 3.140930
General: 0.047633
-----
Slave: 0.046412
Master: 0.047277
Calculated PI: 3.140906
General: 0.047364
-----
Master: 0.046730
Slave: 0.047607
Calculated PI: 3.140422
General: 0.047659
-----
Slave: 0.046590
Master: 0.047143
Calculated PI: 3.142342
General: 0.047228
-----
Slave: 0.046469
Master: 0.047226
Calculated PI: 3.142370
General: 0.047312
-----
Master: 0.046344
Slave: 0.047128
Calculated PI: 3.142798
General: 0.047199
