-----
Slave: 4.845678
Slave: 4.856918
Slave: 4.858793
Slave: 4.860161
Slave: 4.867047
Master: 4.867492
Slave: 4.868793
Calculated PI: 3.141561
General: 4.898339
Slave: 4.898160
-----
Slave: 4.856792
Slave: 4.859388
Slave: 4.861642
Slave: 4.862314
Slave: 4.864125
Master: 4.866228
Slave: 4.870038
Slave: 4.873449
Calculated PI: 3.141589
General: 4.873790
-----
Slave: 4.855441
Slave: 4.856188
Slave: 4.856090
Slave: 4.857649
Slave: 4.861982
Slave: 4.863938
Slave: 4.866954
Master: 4.869741
Calculated PI: 3.141608
General: 4.870003
-----
Slave: 4.851817
Slave: 4.859192
Slave: 4.860227
Slave: 4.862235
Slave: 4.864369
Slave: 4.869381
Master: 4.870292
Calculated PI: 3.141597
General: 4.913745
Slave: 4.913502
-----
Slave: 4.850459
Slave: 4.860000
Master: 4.861080
Slave: 4.861644
Slave: 4.864256
Slave: 4.865435
Slave: 4.865750
Slave: 4.872026
Calculated PI: 3.141663
General: 4.872459
-----
Slave: 4.851318
Master: 4.860331
Slave: 4.861667
Slave: 4.864222
Slave: 4.869032
Slave: 4.871506
Slave: 4.873688
Slave: 4.875017
Calculated PI: 3.141703
General: 4.875288
-----
Slave: 4.857612
Slave: 4.857870
Slave: 4.859881
Master: 4.861804
Slave: 4.864161
Slave: 4.865854
Slave: 4.867809
Calculated PI: 3.141589
General: 4.872414
Slave: 4.872221
-----
Slave: 4.860655
Slave: 4.861337
Slave: 4.861837
Slave: 4.863532
Slave: 4.864180
Master: 4.865267
Slave: 4.871023
Slave: 4.872489
Calculated PI: 3.141557
General: 4.872525
-----
Master: 4.859380
Slave: 4.859611
Slave: 4.859783
Slave: 4.864468
Slave: 4.867081
Slave: 4.869059
Slave: 4.869537
Slave: 4.875418
Calculated PI: 3.141507
General: 4.875876
-----
Slave: 4.858937
Slave: 4.860115
Slave: 4.863584
Slave: 4.866177
Slave: 4.867252
Slave: 4.871690
Master: 4.871739
Calculated PI: 3.141635
General: 5.575529
Slave: 5.575308
