-----
Slave: 466.507102
Slave: 466.944201
Master: 468.575068
Slave: 468.813803
Calculated PI: 3.141591
General: 468.814123
-----
Slave: 466.944558
Master: 467.072068
Slave: 467.642294
Slave: 467.681102
Calculated PI: 3.141594
General: 467.681292
-----
Slave: 465.844609
Master: 466.016454
Slave: 467.585298
Slave: 468.041311
Calculated PI: 3.141582
General: 468.041570
-----
Slave: 466.645667
Slave: 467.146206
Slave: 467.665570
Master: 467.909203
Calculated PI: 3.141595
General: 467.909403
-----
Slave: 467.034745
Slave: 468.124565
Master: 469.567243
Slave: 469.662664
Calculated PI: 3.141584
General: 469.663392
-----
Slave: 466.857189
Master: 467.087759
Slave: 467.751192
Calculated PI: 3.141598
General: 468.054974
Slave: 468.054722
-----
Slave: 465.292743
Slave: 466.316632
Master: 469.115172
Calculated PI: 3.141592
General: 469.131213
Slave: 469.130943
-----
Slave: 466.541043
Master: 467.089664
Slave: 467.549497
Calculated PI: 3.141593
General: 469.606612
Slave: 469.606481
-----
Slave: 465.941656
Slave: 466.113907
Slave: 467.488671
Master: 468.098192
Calculated PI: 3.141610
General: 468.098382
-----
Slave: 466.572030
Slave: 466.711491
Master: 467.115214
Calculated PI: 3.141578
General: 467.743337
Slave: 467.743091
