-----
Slave: 0.046374
Slave: 0.046573
Master: 0.047295
Calculated PI: 3.140800
General: 0.047391
-----
Slave: 0.046480
Slave: 0.046761
Master: 0.047199
Calculated PI: 3.140189
General: 0.047298
-----
Slave: 0.046514
Slave: 0.046658
Master: 0.047165
Calculated PI: 3.142324
General: 0.047260
-----
Slave: 0.046566
Master: 0.047233
Calculated PI: 3.141485
General: 0.047380
Slave: 0.047311
-----
Slave: 0.046489
Master: 0.047234
Calculated PI: 3.141849
General: 0.047554
Slave: 0.047428
-----
Slave: 0.046528
Master: 0.047144
Slave: 0.047653
Calculated PI: 3.140996
General: 0.047783
-----
Slave: 0.046466
Master: 0.046775
Calculated PI: 3.142887
General: 0.047343
Slave: 0.047346
-----
Slave: 0.046388
Slave: 0.046693
Master: 0.046937
Calculated PI: 3.140280
General: 0.047035
-----
Slave: 0.046473
Slave: 0.047773
Master: 0.046806
Calculated PI: 3.140475
General: 0.047809
-----
Slave: 0.046535
Master: 0.046895
Slave: 0.047305
Calculated PI: 3.140143
General: 0.047379
