-------
bucket_split_time 0.657912 [s]
bucket_sort_time 4.90822 [s]
bucket_to_array_time 0.231403 [s]
table_fill_time 2.23085 [s]
program_time 8.09344 [s]
-------
bucket_split_time 0.660285 [s]
bucket_sort_time 4.65981 [s]
bucket_to_array_time 0.229437 [s]
table_fill_time 2.3479 [s]
program_time 7.94981 [s]
-------
bucket_split_time 0.677403 [s]
bucket_sort_time 4.66502 [s]
bucket_to_array_time 0.232167 [s]
table_fill_time 2.22489 [s]
program_time 7.84799 [s]
-------
bucket_split_time 0.753038 [s]
bucket_sort_time 5.04755 [s]
bucket_to_array_time 0.411409 [s]
table_fill_time 2.50941 [s]
program_time 8.78427 [s]
-------
bucket_split_time 0.668358 [s]
bucket_sort_time 4.55234 [s]
bucket_to_array_time 0.22941 [s]
table_fill_time 2.23653 [s]
program_time 7.7306 [s]
-------
bucket_split_time 0.675998 [s]
bucket_sort_time 4.56061 [s]
bucket_to_array_time 0.233349 [s]
table_fill_time 2.22661 [s]
program_time 7.74474 [s]
-------
bucket_split_time 0.677687 [s]
bucket_sort_time 4.68635 [s]
bucket_to_array_time 0.230295 [s]
table_fill_time 2.22457 [s]
program_time 7.86636 [s]
-------
bucket_split_time 0.697191 [s]
bucket_sort_time 4.77497 [s]
bucket_to_array_time 0.229352 [s]
table_fill_time 2.33347 [s]
program_time 8.08207 [s]
-------
bucket_split_time 0.670179 [s]
bucket_sort_time 4.79664 [s]
bucket_to_array_time 0.232567 [s]
table_fill_time 2.27038 [s]
program_time 8.01438 [s]
-------
bucket_split_time 0.660099 [s]
bucket_sort_time 4.70235 [s]
bucket_to_array_time 0.2327 [s]
table_fill_time 2.34557 [s]
program_time 7.98913 [s]
