-------
bucket_split_time 2.55485 [s]
bucket_sort_time 1.11822 [s]
bucket_to_array_time 0.145004 [s]
table_fill_time 1.73407 [s]
program_time 5.90224 [s]
-------
bucket_split_time 2.54823 [s]
bucket_sort_time 1.12174 [s]
bucket_to_array_time 0.145842 [s]
table_fill_time 1.70587 [s]
program_time 5.86883 [s]
-------
bucket_split_time 2.5588 [s]
bucket_sort_time 1.12383 [s]
bucket_to_array_time 0.146088 [s]
table_fill_time 1.68584 [s]
program_time 5.85865 [s]
-------
bucket_split_time 2.56937 [s]
bucket_sort_time 1.12539 [s]
bucket_to_array_time 0.145932 [s]
table_fill_time 1.86727 [s]
program_time 6.0545 [s]
-------
bucket_split_time 2.56526 [s]
bucket_sort_time 1.1213 [s]
bucket_to_array_time 0.144793 [s]
table_fill_time 1.67009 [s]
program_time 5.84765 [s]
-------
bucket_split_time 2.54865 [s]
bucket_sort_time 1.12017 [s]
bucket_to_array_time 0.14599 [s]
table_fill_time 1.71513 [s]
program_time 5.87563 [s]
-------
bucket_split_time 2.55494 [s]
bucket_sort_time 1.12839 [s]
bucket_to_array_time 0.146138 [s]
table_fill_time 1.76197 [s]
program_time 5.93731 [s]
-------
bucket_split_time 2.59313 [s]
bucket_sort_time 1.11922 [s]
bucket_to_array_time 0.14581 [s]
table_fill_time 1.74162 [s]
program_time 5.9458 [s]
-------
bucket_split_time 2.55389 [s]
bucket_sort_time 1.12162 [s]
bucket_to_array_time 0.144798 [s]
table_fill_time 1.71897 [s]
program_time 5.88543 [s]
-------
bucket_split_time 2.65466 [s]
bucket_sort_time 1.12189 [s]
bucket_to_array_time 0.145759 [s]
table_fill_time 1.81946 [s]
program_time 6.0964 [s]
