-------
bucket_split_time 0.345807 [s]
bucket_sort_time 0.047124 [s]
bucket_to_array_time 0.019289 [s]
table_fill_time 0.151489 [s]
program_time 0.620344 [s]
-------
bucket_split_time 0.353383 [s]
bucket_sort_time 0.06883 [s]
bucket_to_array_time 0.02368 [s]
table_fill_time 0.124705 [s]
program_time 0.629342 [s]
-------
bucket_split_time 0.555444 [s]
bucket_sort_time 0.088043 [s]
bucket_to_array_time 0.034622 [s]
table_fill_time 0.175072 [s]
program_time 0.919983 [s]
-------
bucket_split_time 0.469768 [s]
bucket_sort_time 0.066412 [s]
bucket_to_array_time 0.02874 [s]
table_fill_time 0.182482 [s]
program_time 0.810762 [s]
-------
bucket_split_time 0.579084 [s]
bucket_sort_time 0.095741 [s]
bucket_to_array_time 0.034121 [s]
table_fill_time 0.175517 [s]
program_time 0.944868 [s]
-------
bucket_split_time 0.580145 [s]
bucket_sort_time 0.04875 [s]
bucket_to_array_time 0.019253 [s]
table_fill_time 0.168722 [s]
program_time 0.872199 [s]
-------
bucket_split_time 0.336586 [s]
bucket_sort_time 0.047376 [s]
bucket_to_array_time 0.019315 [s]
table_fill_time 0.124306 [s]
program_time 0.5833 [s]
-------
bucket_split_time 0.338322 [s]
bucket_sort_time 0.047016 [s]
bucket_to_array_time 0.019144 [s]
table_fill_time 0.125046 [s]
program_time 0.585787 [s]
-------
bucket_split_time 0.33931 [s]
bucket_sort_time 0.047049 [s]
bucket_to_array_time 0.019295 [s]
table_fill_time 0.123052 [s]
program_time 0.584867 [s]
-------
bucket_split_time 0.371945 [s]
bucket_sort_time 0.04726 [s]
bucket_to_array_time 0.019601 [s]
table_fill_time 0.126902 [s]
program_time 0.622055 [s]
