-------
bucket_split_time 0.999514 [s]
bucket_sort_time 1.004 [s]
bucket_to_array_time 0.150944 [s]
table_fill_time 1.08434 [s]
program_time 3.28384 [s]
-------
bucket_split_time 1.90172 [s]
bucket_sort_time 0.962378 [s]
bucket_to_array_time 0.180357 [s]
table_fill_time 1.11983 [s]
program_time 4.21111 [s]
-------
bucket_split_time 1.18853 [s]
bucket_sort_time 0.772591 [s]
bucket_to_array_time 0.159736 [s]
table_fill_time 1.15651 [s]
program_time 3.32277 [s]
-------
bucket_split_time 1.21958 [s]
bucket_sort_time 0.942866 [s]
bucket_to_array_time 0.145605 [s]
table_fill_time 0.802979 [s]
program_time 3.15572 [s]
-------
bucket_split_time 1.00875 [s]
bucket_sort_time 1.03803 [s]
bucket_to_array_time 0.143236 [s]
table_fill_time 1.03676 [s]
program_time 3.27162 [s]
-------
bucket_split_time 1.63863 [s]
bucket_sort_time 0.942955 [s]
bucket_to_array_time 0.147095 [s]
table_fill_time 1.09686 [s]
program_time 3.87369 [s]
-------
bucket_split_time 1.24837 [s]
bucket_sort_time 0.976971 [s]
bucket_to_array_time 0.159881 [s]
table_fill_time 1.0486 [s]
program_time 3.48241 [s]
-------
bucket_split_time 1.02341 [s]
bucket_sort_time 1.00756 [s]
bucket_to_array_time 0.159655 [s]
table_fill_time 1.09185 [s]
program_time 3.32727 [s]
-------
bucket_split_time 1.00075 [s]
bucket_sort_time 1.04204 [s]
bucket_to_array_time 0.151747 [s]
table_fill_time 1.1512 [s]
program_time 3.38912 [s]
-------
bucket_split_time 1.43587 [s]
bucket_sort_time 0.957905 [s]
bucket_to_array_time 0.151172 [s]
table_fill_time 1.20426 [s]
program_time 3.79507 [s]
