-------
bucket_split_time 0.317857 [s]
bucket_sort_time 1.23826 [s]
bucket_to_array_time 0.132461 [s]
table_fill_time 0.73326 [s]
program_time 2.43452 [s]
-------
bucket_split_time 0.313514 [s]
bucket_sort_time 1.23814 [s]
bucket_to_array_time 0.133335 [s]
table_fill_time 0.73341 [s]
program_time 2.43182 [s]
-------
bucket_split_time 0.31719 [s]
bucket_sort_time 1.237 [s]
bucket_to_array_time 0.130928 [s]
table_fill_time 0.735037 [s]
program_time 2.43486 [s]
-------
bucket_split_time 0.310471 [s]
bucket_sort_time 1.23817 [s]
bucket_to_array_time 0.13069 [s]
table_fill_time 0.733681 [s]
program_time 2.42508 [s]
-------
bucket_split_time 0.309262 [s]
bucket_sort_time 1.23687 [s]
bucket_to_array_time 0.130164 [s]
table_fill_time 0.735563 [s]
program_time 2.42438 [s]
-------
bucket_split_time 0.31299 [s]
bucket_sort_time 1.238 [s]
bucket_to_array_time 0.129962 [s]
table_fill_time 0.734278 [s]
program_time 2.42873 [s]
-------
bucket_split_time 0.311626 [s]
bucket_sort_time 1.23611 [s]
bucket_to_array_time 0.129794 [s]
table_fill_time 0.733435 [s]
program_time 2.4243 [s]
-------
bucket_split_time 0.337506 [s]
bucket_sort_time 1.2373 [s]
bucket_to_array_time 0.131278 [s]
table_fill_time 1.27013 [s]
program_time 2.99557 [s]
-------
bucket_split_time 0.314345 [s]
bucket_sort_time 1.23747 [s]
bucket_to_array_time 0.131565 [s]
table_fill_time 0.734852 [s]
program_time 2.43177 [s]
-------
bucket_split_time 0.310894 [s]
bucket_sort_time 1.23891 [s]
bucket_to_array_time 0.131359 [s]
table_fill_time 0.734033 [s]
program_time 2.42808 [s]
