-------
bucket_split_time 0.829725 [s]
bucket_sort_time 7.22134 [s]
bucket_to_array_time 0.309362 [s]
table_fill_time 3.01972 [s]
program_time 11.4283 [s]
-------
bucket_split_time 0.826052 [s]
bucket_sort_time 7.24696 [s]
bucket_to_array_time 0.306067 [s]
table_fill_time 2.95527 [s]
program_time 11.3842 [s]
-------
bucket_split_time 0.847733 [s]
bucket_sort_time 7.22204 [s]
bucket_to_array_time 0.309378 [s]
table_fill_time 2.95528 [s]
program_time 11.3836 [s]
-------
bucket_split_time 0.828564 [s]
bucket_sort_time 7.22508 [s]
bucket_to_array_time 0.306176 [s]
table_fill_time 2.95658 [s]
program_time 11.365 [s]
-------
bucket_split_time 0.836284 [s]
bucket_sort_time 7.23654 [s]
bucket_to_array_time 0.308675 [s]
table_fill_time 2.95612 [s]
program_time 11.3863 [s]
-------
bucket_split_time 0.875043 [s]
bucket_sort_time 7.24836 [s]
bucket_to_array_time 0.306446 [s]
table_fill_time 2.95295 [s]
program_time 11.4317 [s]
-------
bucket_split_time 0.826345 [s]
bucket_sort_time 7.2177 [s]
bucket_to_array_time 0.308851 [s]
table_fill_time 2.94918 [s]
program_time 11.3503 [s]
-------
bucket_split_time 0.828855 [s]
bucket_sort_time 7.21977 [s]
bucket_to_array_time 0.307515 [s]
table_fill_time 2.95475 [s]
program_time 11.3599 [s]
-------
bucket_split_time 0.826914 [s]
bucket_sort_time 7.23562 [s]
bucket_to_array_time 0.307149 [s]
table_fill_time 2.94805 [s]
program_time 11.3666 [s]
-------
bucket_split_time 0.827206 [s]
bucket_sort_time 7.22215 [s]
bucket_to_array_time 0.308669 [s]
table_fill_time 2.9612 [s]
program_time 11.3674 [s]
