-------
bucket_split_time 0.739355 [s]
bucket_sort_time 1.92307 [s]
bucket_to_array_time 0.261549 [s]
table_fill_time 1.46965 [s]
program_time 4.42276 [s]
-------
bucket_split_time 0.841452 [s]
bucket_sort_time 1.92503 [s]
bucket_to_array_time 0.262277 [s]
table_fill_time 1.46671 [s]
program_time 4.53521 [s]
-------
bucket_split_time 0.740002 [s]
bucket_sort_time 1.92271 [s]
bucket_to_array_time 0.261484 [s]
table_fill_time 1.62485 [s]
program_time 4.57753 [s]
-------
bucket_split_time 0.748482 [s]
bucket_sort_time 1.92758 [s]
bucket_to_array_time 0.259961 [s]
table_fill_time 1.46911 [s]
program_time 4.43477 [s]
-------
bucket_split_time 0.761391 [s]
bucket_sort_time 1.92411 [s]
bucket_to_array_time 0.260074 [s]
table_fill_time 1.46846 [s]
program_time 4.45273 [s]
-------
bucket_split_time 0.736578 [s]
bucket_sort_time 1.97366 [s]
bucket_to_array_time 0.265178 [s]
table_fill_time 1.50141 [s]
program_time 4.50537 [s]
-------
bucket_split_time 0.738906 [s]
bucket_sort_time 1.92409 [s]
bucket_to_array_time 0.261691 [s]
table_fill_time 1.46781 [s]
program_time 4.42245 [s]
-------
bucket_split_time 0.809686 [s]
bucket_sort_time 1.92303 [s]
bucket_to_array_time 0.261863 [s]
table_fill_time 1.46689 [s]
program_time 4.49293 [s]
-------
bucket_split_time 0.75227 [s]
bucket_sort_time 1.92342 [s]
bucket_to_array_time 0.26024 [s]
table_fill_time 1.46891 [s]
program_time 4.44515 [s]
-------
bucket_split_time 0.739934 [s]
bucket_sort_time 1.92432 [s]
bucket_to_array_time 0.259757 [s]
table_fill_time 1.48789 [s]
program_time 4.44627 [s]
