-------
bucket_split_time 0.736884 [s]
bucket_sort_time 0.847817 [s]
bucket_to_array_time 0.159953 [s]
table_fill_time 0.948764 [s]
program_time 2.76424 [s]
-------
bucket_split_time 0.737538 [s]
bucket_sort_time 0.69367 [s]
bucket_to_array_time 0.159592 [s]
table_fill_time 0.988898 [s]
program_time 2.6498 [s]
-------
bucket_split_time 0.708359 [s]
bucket_sort_time 0.687155 [s]
bucket_to_array_time 0.159342 [s]
table_fill_time 0.977493 [s]
program_time 2.60306 [s]
-------
bucket_split_time 0.711249 [s]
bucket_sort_time 0.689942 [s]
bucket_to_array_time 0.159861 [s]
table_fill_time 0.98367 [s]
program_time 2.61634 [s]
-------
bucket_split_time 0.730898 [s]
bucket_sort_time 0.689272 [s]
bucket_to_array_time 0.1593 [s]
table_fill_time 1.15388 [s]
program_time 2.80419 [s]
-------
bucket_split_time 0.737355 [s]
bucket_sort_time 0.691745 [s]
bucket_to_array_time 0.159871 [s]
table_fill_time 0.951369 [s]
program_time 2.61136 [s]
-------
bucket_split_time 0.701634 [s]
bucket_sort_time 0.691501 [s]
bucket_to_array_time 0.160081 [s]
table_fill_time 0.953676 [s]
program_time 2.57811 [s]
-------
bucket_split_time 0.883307 [s]
bucket_sort_time 0.692112 [s]
bucket_to_array_time 0.160207 [s]
table_fill_time 1.01887 [s]
program_time 2.86716 [s]
-------
bucket_split_time 0.747445 [s]
bucket_sort_time 0.691342 [s]
bucket_to_array_time 0.159592 [s]
table_fill_time 0.981888 [s]
program_time 2.6495 [s]
-------
bucket_split_time 0.706288 [s]
bucket_sort_time 0.689718 [s]
bucket_to_array_time 0.159301 [s]
table_fill_time 0.983307 [s]
program_time 2.60645 [s]
