-------
bucket_split_time 0.299893 [s]
bucket_sort_time 0.092996 [s]
bucket_to_array_time 0.03066 [s]
table_fill_time 0.183659 [s]
program_time 0.646827 [s]
-------
bucket_split_time 0.288657 [s]
bucket_sort_time 0.093358 [s]
bucket_to_array_time 0.030332 [s]
table_fill_time 0.183408 [s]
program_time 0.633618 [s]
-------
bucket_split_time 0.289194 [s]
bucket_sort_time 0.09295 [s]
bucket_to_array_time 0.031505 [s]
table_fill_time 0.183724 [s]
program_time 0.64011 [s]
-------
bucket_split_time 0.279542 [s]
bucket_sort_time 0.092777 [s]
bucket_to_array_time 0.030237 [s]
table_fill_time 0.183455 [s]
program_time 0.623332 [s]
-------
bucket_split_time 0.288179 [s]
bucket_sort_time 0.093046 [s]
bucket_to_array_time 0.030759 [s]
table_fill_time 0.183401 [s]
program_time 0.634627 [s]
-------
bucket_split_time 0.287695 [s]
bucket_sort_time 0.092793 [s]
bucket_to_array_time 0.030545 [s]
table_fill_time 0.18345 [s]
program_time 0.636797 [s]
-------
bucket_split_time 0.306392 [s]
bucket_sort_time 0.093325 [s]
bucket_to_array_time 0.030308 [s]
table_fill_time 0.183643 [s]
program_time 0.652456 [s]
-------
bucket_split_time 0.288058 [s]
bucket_sort_time 0.092577 [s]
bucket_to_array_time 0.030798 [s]
table_fill_time 0.183238 [s]
program_time 0.633519 [s]
-------
bucket_split_time 0.289843 [s]
bucket_sort_time 0.093209 [s]
bucket_to_array_time 0.030121 [s]
table_fill_time 0.183415 [s]
program_time 0.635914 [s]
-------
bucket_split_time 0.284985 [s]
bucket_sort_time 0.09343 [s]
bucket_to_array_time 0.030875 [s]
table_fill_time 0.184604 [s]
program_time 0.632418 [s]
