-------
bucket_split_time 1.38733 [s]
bucket_sort_time 2.3981 [s]
bucket_to_array_time 0.325513 [s]
table_fill_time 2.49376 [s]
program_time 6.67939 [s]
-------
bucket_split_time 1.39763 [s]
bucket_sort_time 2.39839 [s]
bucket_to_array_time 0.326427 [s]
table_fill_time 2.53712 [s]
program_time 6.73543 [s]
-------
bucket_split_time 1.40455 [s]
bucket_sort_time 2.3998 [s]
bucket_to_array_time 0.326477 [s]
table_fill_time 2.49674 [s]
program_time 6.70288 [s]
-------
bucket_split_time 1.3988 [s]
bucket_sort_time 2.40541 [s]
bucket_to_array_time 0.325465 [s]
table_fill_time 2.45717 [s]
program_time 6.66093 [s]
-------
bucket_split_time 1.39228 [s]
bucket_sort_time 2.40261 [s]
bucket_to_array_time 0.325196 [s]
table_fill_time 2.40178 [s]
program_time 6.59764 [s]
-------
bucket_split_time 1.39428 [s]
bucket_sort_time 2.39351 [s]
bucket_to_array_time 0.327896 [s]
table_fill_time 2.46766 [s]
program_time 6.65821 [s]
-------
bucket_split_time 1.39698 [s]
bucket_sort_time 2.39718 [s]
bucket_to_array_time 0.329728 [s]
table_fill_time 2.44658 [s]
program_time 6.64993 [s]
-------
bucket_split_time 1.40176 [s]
bucket_sort_time 2.3993 [s]
bucket_to_array_time 0.325351 [s]
table_fill_time 2.43871 [s]
program_time 6.64139 [s]
-------
bucket_split_time 1.38497 [s]
bucket_sort_time 2.4111 [s]
bucket_to_array_time 0.325102 [s]
table_fill_time 2.43191 [s]
program_time 6.62407 [s]
-------
bucket_split_time 1.40137 [s]
bucket_sort_time 2.39528 [s]
bucket_to_array_time 0.327724 [s]
table_fill_time 2.44609 [s]
program_time 6.64878 [s]
