-------
bucket_split_time 1.58861 [s]
bucket_sort_time 7.52014 [s]
bucket_to_array_time 0.635819 [s]
table_fill_time 1.77126 [s]
program_time 11.5786 [s]
-------
bucket_split_time 1.5869 [s]
bucket_sort_time 7.49539 [s]
bucket_to_array_time 0.638483 [s]
table_fill_time 1.74409 [s]
program_time 11.5271 [s]
-------
bucket_split_time 1.58436 [s]
bucket_sort_time 7.47929 [s]
bucket_to_array_time 0.637581 [s]
table_fill_time 1.86856 [s]
program_time 11.6328 [s]
-------
bucket_split_time 1.58916 [s]
bucket_sort_time 7.51617 [s]
bucket_to_array_time 0.635631 [s]
table_fill_time 1.78599 [s]
program_time 11.5898 [s]
-------
bucket_split_time 1.58027 [s]
bucket_sort_time 7.52955 [s]
bucket_to_array_time 0.635784 [s]
table_fill_time 1.85975 [s]
program_time 11.668 [s]
-------
bucket_split_time 1.59317 [s]
bucket_sort_time 7.53233 [s]
bucket_to_array_time 0.636839 [s]
table_fill_time 1.7617 [s]
program_time 11.5863 [s]
-------
bucket_split_time 1.58504 [s]
bucket_sort_time 7.51601 [s]
bucket_to_array_time 0.632336 [s]
table_fill_time 1.86594 [s]
program_time 11.6617 [s]
-------
bucket_split_time 1.58538 [s]
bucket_sort_time 7.47211 [s]
bucket_to_array_time 0.636196 [s]
table_fill_time 1.86617 [s]
program_time 11.6218 [s]
-------
bucket_split_time 1.58871 [s]
bucket_sort_time 7.51804 [s]
bucket_to_array_time 0.636441 [s]
table_fill_time 1.82019 [s]
program_time 11.6258 [s]
-------
bucket_split_time 1.59035 [s]
bucket_sort_time 7.5009 [s]
bucket_to_array_time 0.637692 [s]
table_fill_time 1.76003 [s]
program_time 11.5521 [s]
