-------
bucket_split_time 2.40699 [s]
bucket_sort_time 0.842422 [s]
bucket_to_array_time 0.113335 [s]
table_fill_time 1.88432 [s]
program_time 5.6583 [s]
-------
bucket_split_time 2.40562 [s]
bucket_sort_time 0.838043 [s]
bucket_to_array_time 0.11404 [s]
table_fill_time 1.49004 [s]
program_time 5.26505 [s]
-------
bucket_split_time 2.44816 [s]
bucket_sort_time 0.837077 [s]
bucket_to_array_time 0.114302 [s]
table_fill_time 1.29282 [s]
program_time 5.11162 [s]
-------
bucket_split_time 2.41976 [s]
bucket_sort_time 0.835465 [s]
bucket_to_array_time 0.115626 [s]
table_fill_time 1.48027 [s]
program_time 5.26037 [s]
-------
bucket_split_time 2.4093 [s]
bucket_sort_time 0.838052 [s]
bucket_to_array_time 0.113089 [s]
table_fill_time 1.39562 [s]
program_time 5.16828 [s]
-------
bucket_split_time 2.40636 [s]
bucket_sort_time 0.835775 [s]
bucket_to_array_time 0.113131 [s]
table_fill_time 1.29987 [s]
program_time 5.06991 [s]
-------
bucket_split_time 2.39671 [s]
bucket_sort_time 0.837389 [s]
bucket_to_array_time 0.11401 [s]
table_fill_time 1.31714 [s]
program_time 5.07889 [s]
-------
bucket_split_time 2.41231 [s]
bucket_sort_time 0.836723 [s]
bucket_to_array_time 0.114146 [s]
table_fill_time 1.39881 [s]
program_time 5.17558 [s]
-------
bucket_split_time 2.41316 [s]
bucket_sort_time 0.837165 [s]
bucket_to_array_time 0.113795 [s]
table_fill_time 1.30063 [s]
program_time 5.079 [s]
-------
bucket_split_time 2.42367 [s]
bucket_sort_time 0.83591 [s]
bucket_to_array_time 0.115001 [s]
table_fill_time 1.45826 [s]
program_time 5.24373 [s]
