-------
bucket_split_time 1.12221 [s]
bucket_sort_time 4.92797 [s]
bucket_to_array_time 0.305595 [s]
table_fill_time 2.95512 [s]
program_time 9.36906 [s]
-------
bucket_split_time 1.07272 [s]
bucket_sort_time 4.93187 [s]
bucket_to_array_time 0.309994 [s]
table_fill_time 2.95349 [s]
program_time 9.32765 [s]
-------
bucket_split_time 1.06475 [s]
bucket_sort_time 4.93312 [s]
bucket_to_array_time 0.308384 [s]
table_fill_time 2.96049 [s]
program_time 9.32323 [s]
-------
bucket_split_time 1.18526 [s]
bucket_sort_time 4.93048 [s]
bucket_to_array_time 0.308259 [s]
table_fill_time 3.03329 [s]
program_time 9.55494 [s]
-------
bucket_split_time 1.18751 [s]
bucket_sort_time 4.93375 [s]
bucket_to_array_time 0.309555 [s]
table_fill_time 2.9519 [s]
program_time 9.44228 [s]
-------
bucket_split_time 1.11141 [s]
bucket_sort_time 5.00236 [s]
bucket_to_array_time 0.30669 [s]
table_fill_time 2.94681 [s]
program_time 9.44509 [s]
-------
bucket_split_time 1.13591 [s]
bucket_sort_time 5.02311 [s]
bucket_to_array_time 0.308442 [s]
table_fill_time 2.95178 [s]
program_time 9.47446 [s]
-------
bucket_split_time 1.07699 [s]
bucket_sort_time 5.16807 [s]
bucket_to_array_time 0.308008 [s]
table_fill_time 2.95473 [s]
program_time 9.5629 [s]
-------
bucket_split_time 1.06958 [s]
bucket_sort_time 5.04826 [s]
bucket_to_array_time 0.306381 [s]
table_fill_time 2.95389 [s]
program_time 9.43333 [s]
-------
bucket_split_time 1.07687 [s]
bucket_sort_time 5.25699 [s]
bucket_to_array_time 0.310282 [s]
table_fill_time 2.95453 [s]
program_time 9.65618 [s]
