-------
bucket_split_time 4.41305 [s]
bucket_sort_time 3.35273 [s]
bucket_to_array_time 0.410904 [s]
table_fill_time 4.09936 [s]
program_time 12.4802 [s]
-------
bucket_split_time 4.03711 [s]
bucket_sort_time 3.35176 [s]
bucket_to_array_time 0.407003 [s]
table_fill_time 3.73595 [s]
program_time 11.7321 [s]
-------
bucket_split_time 4.69088 [s]
bucket_sort_time 3.34968 [s]
bucket_to_array_time 0.41176 [s]
table_fill_time 3.68632 [s]
program_time 12.3556 [s]
-------
bucket_split_time 4.15145 [s]
bucket_sort_time 3.45841 [s]
bucket_to_array_time 0.407303 [s]
table_fill_time 3.68975 [s]
program_time 11.917 [s]
-------
bucket_split_time 3.91741 [s]
bucket_sort_time 3.66266 [s]
bucket_to_array_time 0.413511 [s]
table_fill_time 3.68982 [s]
program_time 11.8865 [s]
-------
bucket_split_time 4.05656 [s]
bucket_sort_time 3.50619 [s]
bucket_to_array_time 0.416832 [s]
table_fill_time 3.68135 [s]
program_time 11.8766 [s]
-------
bucket_split_time 4.32837 [s]
bucket_sort_time 3.80325 [s]
bucket_to_array_time 0.579535 [s]
table_fill_time 4.03752 [s]
program_time 12.9439 [s]
-------
bucket_split_time 4.35006 [s]
bucket_sort_time 3.58155 [s]
bucket_to_array_time 0.406182 [s]
table_fill_time 3.84327 [s]
program_time 12.4005 [s]
-------
bucket_split_time 4.65907 [s]
bucket_sort_time 3.69154 [s]
bucket_to_array_time 0.456645 [s]
table_fill_time 4.09773 [s]
program_time 13.1196 [s]
-------
bucket_split_time 4.07685 [s]
bucket_sort_time 3.42252 [s]
bucket_to_array_time 0.458892 [s]
table_fill_time 3.85626 [s]
program_time 12.0247 [s]
