-------
bucket_split_time 0.644179 [s]
bucket_sort_time 1.27164 [s]
bucket_to_array_time 0.104173 [s]
table_fill_time 1.37553 [s]
program_time 3.47601 [s]
-------
bucket_split_time 0.643436 [s]
bucket_sort_time 1.27617 [s]
bucket_to_array_time 0.103866 [s]
table_fill_time 1.53436 [s]
program_time 3.63968 [s]
-------
bucket_split_time 0.64562 [s]
bucket_sort_time 1.27287 [s]
bucket_to_array_time 0.103712 [s]
table_fill_time 1.40864 [s]
program_time 3.5119 [s]
-------
bucket_split_time 0.648316 [s]
bucket_sort_time 1.27304 [s]
bucket_to_array_time 0.104005 [s]
table_fill_time 1.37454 [s]
program_time 3.48084 [s]
-------
bucket_split_time 0.640911 [s]
bucket_sort_time 1.2716 [s]
bucket_to_array_time 0.104535 [s]
table_fill_time 1.40292 [s]
program_time 3.50169 [s]
-------
bucket_split_time 0.647204 [s]
bucket_sort_time 1.27426 [s]
bucket_to_array_time 0.104688 [s]
table_fill_time 1.50798 [s]
program_time 3.61484 [s]
-------
bucket_split_time 0.6462 [s]
bucket_sort_time 1.27088 [s]
bucket_to_array_time 0.104581 [s]
table_fill_time 1.40471 [s]
program_time 3.50706 [s]
-------
bucket_split_time 0.645985 [s]
bucket_sort_time 1.27485 [s]
bucket_to_array_time 0.103978 [s]
table_fill_time 1.48263 [s]
program_time 3.58759 [s]
-------
bucket_split_time 0.646778 [s]
bucket_sort_time 1.26982 [s]
bucket_to_array_time 0.103784 [s]
table_fill_time 1.35728 [s]
program_time 3.45936 [s]
-------
bucket_split_time 0.644696 [s]
bucket_sort_time 1.27047 [s]
bucket_to_array_time 0.103758 [s]
table_fill_time 1.38654 [s]
program_time 3.48469 [s]
