-------
bucket_split_time 1.11977 [s]
bucket_sort_time 7.59797 [s]
bucket_to_array_time 0.384572 [s]
table_fill_time 3.69856 [s]
program_time 12.8734 [s]
-------
bucket_split_time 1.14323 [s]
bucket_sort_time 7.5869 [s]
bucket_to_array_time 0.389098 [s]
table_fill_time 3.69734 [s]
program_time 12.8857 [s]
-------
bucket_split_time 1.13684 [s]
bucket_sort_time 7.58191 [s]
bucket_to_array_time 0.383927 [s]
table_fill_time 3.69721 [s]
program_time 12.871 [s]
-------
bucket_split_time 1.13526 [s]
bucket_sort_time 7.59449 [s]
bucket_to_array_time 0.387936 [s]
table_fill_time 3.70781 [s]
program_time 12.8968 [s]
-------
bucket_split_time 1.12812 [s]
bucket_sort_time 7.58734 [s]
bucket_to_array_time 0.385378 [s]
table_fill_time 3.69652 [s]
program_time 12.8673 [s]
-------
bucket_split_time 1.14631 [s]
bucket_sort_time 7.58255 [s]
bucket_to_array_time 0.386873 [s]
table_fill_time 3.69841 [s]
program_time 12.8859 [s]
-------
bucket_split_time 1.14193 [s]
bucket_sort_time 7.58366 [s]
bucket_to_array_time 0.386002 [s]
table_fill_time 3.69968 [s]
program_time 12.8817 [s]
-------
bucket_split_time 1.13465 [s]
bucket_sort_time 7.59685 [s]
bucket_to_array_time 0.384613 [s]
table_fill_time 3.69346 [s]
program_time 12.88 [s]
-------
bucket_split_time 1.11774 [s]
bucket_sort_time 7.86054 [s]
bucket_to_array_time 0.387505 [s]
table_fill_time 3.69226 [s]
program_time 13.1284 [s]
-------
bucket_split_time 1.13732 [s]
bucket_sort_time 7.58495 [s]
bucket_to_array_time 0.469027 [s]
table_fill_time 3.69035 [s]
program_time 12.9504 [s]
