-------
bucket_split_time 0.28265 [s]
bucket_sort_time 0.959882 [s]
bucket_to_array_time 0.077969 [s]
table_fill_time 0.737158 [s]
program_time 2.07413 [s]
-------
bucket_split_time 0.279278 [s]
bucket_sort_time 0.960031 [s]
bucket_to_array_time 0.077839 [s]
table_fill_time 0.739677 [s]
program_time 2.0736 [s]
-------
bucket_split_time 0.271498 [s]
bucket_sort_time 0.96063 [s]
bucket_to_array_time 0.077975 [s]
table_fill_time 0.739879 [s]
program_time 2.06587 [s]
-------
bucket_split_time 0.281143 [s]
bucket_sort_time 0.960846 [s]
bucket_to_array_time 0.077841 [s]
table_fill_time 0.736966 [s]
program_time 2.07341 [s]
-------
bucket_split_time 0.27707 [s]
bucket_sort_time 0.958175 [s]
bucket_to_array_time 0.077684 [s]
table_fill_time 0.738498 [s]
program_time 2.06877 [s]
-------
bucket_split_time 0.276088 [s]
bucket_sort_time 0.960202 [s]
bucket_to_array_time 0.077435 [s]
table_fill_time 0.739101 [s]
program_time 2.06959 [s]
-------
bucket_split_time 0.279243 [s]
bucket_sort_time 0.961013 [s]
bucket_to_array_time 0.077167 [s]
table_fill_time 0.737397 [s]
program_time 2.07148 [s]
-------
bucket_split_time 0.277812 [s]
bucket_sort_time 0.959647 [s]
bucket_to_array_time 0.076883 [s]
table_fill_time 0.739726 [s]
program_time 2.07155 [s]
-------
bucket_split_time 0.278995 [s]
bucket_sort_time 0.960115 [s]
bucket_to_array_time 0.076752 [s]
table_fill_time 0.740121 [s]
program_time 2.07365 [s]
-------
bucket_split_time 0.276872 [s]
bucket_sort_time 0.958827 [s]
bucket_to_array_time 0.076969 [s]
table_fill_time 0.73723 [s]
program_time 2.06665 [s]
