-------
bucket_split_time 5.27301 [s]
bucket_sort_time 0.563097 [s]
bucket_to_array_time 0.233195 [s]
table_fill_time 1.44619 [s]
program_time 8.45084 [s]
-------
bucket_split_time 5.24383 [s]
bucket_sort_time 0.563892 [s]
bucket_to_array_time 0.234164 [s]
table_fill_time 1.45093 [s]
program_time 8.4209 [s]
-------
bucket_split_time 5.2666 [s]
bucket_sort_time 0.561034 [s]
bucket_to_array_time 0.232005 [s]
table_fill_time 1.50712 [s]
program_time 8.49936 [s]
-------
bucket_split_time 5.276 [s]
bucket_sort_time 0.565456 [s]
bucket_to_array_time 0.232253 [s]
table_fill_time 1.43032 [s]
program_time 8.42867 [s]
-------
bucket_split_time 5.28962 [s]
bucket_sort_time 0.561124 [s]
bucket_to_array_time 0.228126 [s]
table_fill_time 1.43971 [s]
program_time 8.42426 [s]
-------
bucket_split_time 5.2506 [s]
bucket_sort_time 0.563364 [s]
bucket_to_array_time 0.232682 [s]
table_fill_time 1.51947 [s]
program_time 8.44786 [s]
-------
bucket_split_time 5.27948 [s]
bucket_sort_time 0.562633 [s]
bucket_to_array_time 0.232775 [s]
table_fill_time 1.49262 [s]
program_time 8.45846 [s]
-------
bucket_split_time 5.25311 [s]
bucket_sort_time 0.561911 [s]
bucket_to_array_time 0.232218 [s]
table_fill_time 1.50083 [s]
program_time 8.43678 [s]
-------
bucket_split_time 5.26624 [s]
bucket_sort_time 0.564222 [s]
bucket_to_array_time 0.233704 [s]
table_fill_time 1.47801 [s]
program_time 8.43285 [s]
-------
bucket_split_time 5.25518 [s]
bucket_sort_time 0.560816 [s]
bucket_to_array_time 0.232552 [s]
table_fill_time 1.44716 [s]
program_time 8.38346 [s]
