-------
bucket_split_time 1.24484 [s]
bucket_sort_time 3.07983 [s]
bucket_to_array_time 0.325636 [s]
table_fill_time 2.39917 [s]
program_time 7.11232 [s]
-------
bucket_split_time 1.24398 [s]
bucket_sort_time 3.09332 [s]
bucket_to_array_time 0.333972 [s]
table_fill_time 2.49054 [s]
program_time 7.23701 [s]
-------
bucket_split_time 1.24868 [s]
bucket_sort_time 3.12295 [s]
bucket_to_array_time 0.326611 [s]
table_fill_time 2.4682 [s]
program_time 7.23176 [s]
-------
bucket_split_time 1.24044 [s]
bucket_sort_time 3.09359 [s]
bucket_to_array_time 0.329147 [s]
table_fill_time 2.44159 [s]
program_time 7.16854 [s]
-------
bucket_split_time 1.25462 [s]
bucket_sort_time 3.08275 [s]
bucket_to_array_time 0.327679 [s]
table_fill_time 2.41627 [s]
program_time 7.14688 [s]
-------
bucket_split_time 1.25603 [s]
bucket_sort_time 3.08909 [s]
bucket_to_array_time 0.325784 [s]
table_fill_time 2.51916 [s]
program_time 7.25473 [s]
-------
bucket_split_time 1.23993 [s]
bucket_sort_time 3.08111 [s]
bucket_to_array_time 0.328475 [s]
table_fill_time 2.48752 [s]
program_time 7.20359 [s]
-------
bucket_split_time 1.23915 [s]
bucket_sort_time 3.08788 [s]
bucket_to_array_time 0.326972 [s]
table_fill_time 2.43697 [s]
program_time 7.15692 [s]
-------
bucket_split_time 1.24728 [s]
bucket_sort_time 3.07674 [s]
bucket_to_array_time 0.327607 [s]
table_fill_time 2.4437 [s]
program_time 7.16098 [s]
-------
bucket_split_time 1.24657 [s]
bucket_sort_time 3.09575 [s]
bucket_to_array_time 0.327458 [s]
table_fill_time 2.38893 [s]
program_time 7.12426 [s]
