-------
bucket_split_time 1.53643 [s]
bucket_sort_time 9.00657 [s]
bucket_to_array_time 0.661251 [s]
table_fill_time 3.81976 [s]
program_time 15.081 [s]
-------
bucket_split_time 1.52889 [s]
bucket_sort_time 9.00933 [s]
bucket_to_array_time 0.65782 [s]
table_fill_time 3.67193 [s]
program_time 14.925 [s]
-------
bucket_split_time 1.5336 [s]
bucket_sort_time 9.00599 [s]
bucket_to_array_time 0.670083 [s]
table_fill_time 3.67185 [s]
program_time 14.9382 [s]
-------
bucket_split_time 1.52588 [s]
bucket_sort_time 9.00988 [s]
bucket_to_array_time 0.657967 [s]
table_fill_time 3.6678 [s]
program_time 14.9184 [s]
-------
bucket_split_time 1.53538 [s]
bucket_sort_time 9.00868 [s]
bucket_to_array_time 0.661444 [s]
table_fill_time 3.6697 [s]
program_time 14.9318 [s]
-------
bucket_split_time 1.57163 [s]
bucket_sort_time 9.00952 [s]
bucket_to_array_time 0.662627 [s]
table_fill_time 3.67244 [s]
program_time 14.9725 [s]
-------
bucket_split_time 1.53861 [s]
bucket_sort_time 9.01225 [s]
bucket_to_array_time 0.662201 [s]
table_fill_time 3.67168 [s]
program_time 14.9412 [s]
-------
bucket_split_time 1.53326 [s]
bucket_sort_time 9.01084 [s]
bucket_to_array_time 0.66051 [s]
table_fill_time 3.67239 [s]
program_time 14.9335 [s]
-------
bucket_split_time 1.52663 [s]
bucket_sort_time 9.00584 [s]
bucket_to_array_time 0.657229 [s]
table_fill_time 3.66627 [s]
program_time 14.9138 [s]
-------
bucket_split_time 1.53841 [s]
bucket_sort_time 9.01665 [s]
bucket_to_array_time 0.660595 [s]
table_fill_time 3.67176 [s]
program_time 14.9443 [s]
-------
bucket_split_time 1.53204 [s]
bucket_sort_time 9.01142 [s]
bucket_to_array_time 0.6595 [s]
table_fill_time 3.67121 [s]
program_time 14.9306 [s]
-------
bucket_split_time 1.54225 [s]
bucket_sort_time 9.01169 [s]
bucket_to_array_time 0.660435 [s]
table_fill_time 3.67039 [s]
program_time 14.9417 [s]
-------
bucket_split_time 1.51829 [s]
bucket_sort_time 9.01285 [s]
bucket_to_array_time 0.660491 [s]
table_fill_time 3.66882 [s]
program_time 14.9171 [s]
-------
bucket_split_time 1.52154 [s]
bucket_sort_time 9.00981 [s]
bucket_to_array_time 0.672395 [s]
table_fill_time 3.66927 [s]
program_time 14.9303 [s]
-------
bucket_split_time 1.53118 [s]
bucket_sort_time 9.00932 [s]
bucket_to_array_time 0.671009 [s]
table_fill_time 3.67378 [s]
program_time 14.9424 [s]
-------
bucket_split_time 1.53268 [s]
bucket_sort_time 9.0084 [s]
bucket_to_array_time 0.66052 [s]
table_fill_time 3.66658 [s]
program_time 14.9247 [s]
-------
bucket_split_time 1.52813 [s]
bucket_sort_time 9.0094 [s]
bucket_to_array_time 0.654652 [s]
table_fill_time 3.66482 [s]
program_time 14.9136 [s]
-------
bucket_split_time 1.53782 [s]
bucket_sort_time 9.01568 [s]
bucket_to_array_time 0.661177 [s]
table_fill_time 3.66907 [s]
program_time 14.941 [s]
-------
bucket_split_time 1.5297 [s]
bucket_sort_time 9.01017 [s]
bucket_to_array_time 0.660911 [s]
table_fill_time 3.66996 [s]
program_time 14.9309 [s]
-------
bucket_split_time 1.53043 [s]
bucket_sort_time 9.01238 [s]
bucket_to_array_time 0.660573 [s]
table_fill_time 3.66763 [s]
program_time 14.9278 [s]
