-------
bucket_split_time 0.940633 [s]
bucket_sort_time 4.55514 [s]
bucket_to_array_time 0.394852 [s]
table_fill_time 2.2019 [s]
program_time 8.13177 [s]
-------
bucket_split_time 0.953985 [s]
bucket_sort_time 4.55278 [s]
bucket_to_array_time 0.392595 [s]
table_fill_time 2.20049 [s]
program_time 8.13855 [s]
-------
bucket_split_time 0.940357 [s]
bucket_sort_time 4.56159 [s]
bucket_to_array_time 0.395364 [s]
table_fill_time 2.2 [s]
program_time 8.13562 [s]
-------
bucket_split_time 0.939303 [s]
bucket_sort_time 4.55586 [s]
bucket_to_array_time 0.394601 [s]
table_fill_time 2.2053 [s]
program_time 8.13369 [s]
-------
bucket_split_time 0.945093 [s]
bucket_sort_time 4.55212 [s]
bucket_to_array_time 0.391156 [s]
table_fill_time 2.20038 [s]
program_time 8.12908 [s]
-------
bucket_split_time 0.947518 [s]
bucket_sort_time 4.55464 [s]
bucket_to_array_time 0.396664 [s]
table_fill_time 2.20373 [s]
program_time 8.1499 [s]
-------
bucket_split_time 0.942424 [s]
bucket_sort_time 4.55836 [s]
bucket_to_array_time 0.39508 [s]
table_fill_time 2.20387 [s]
program_time 8.13899 [s]
-------
bucket_split_time 0.952159 [s]
bucket_sort_time 4.55466 [s]
bucket_to_array_time 0.391516 [s]
table_fill_time 2.20381 [s]
program_time 8.14101 [s]
-------
bucket_split_time 0.939459 [s]
bucket_sort_time 4.55509 [s]
bucket_to_array_time 0.396568 [s]
table_fill_time 2.19874 [s]
program_time 8.12817 [s]
-------
bucket_split_time 0.939459 [s]
bucket_sort_time 4.55378 [s]
bucket_to_array_time 0.39472 [s]
table_fill_time 2.20161 [s]
program_time 8.1281 [s]
