-------
bucket_split_time 1.97752 [s]
bucket_sort_time 0.895324 [s]
bucket_to_array_time 0.116803 [s]
table_fill_time 1.37511 [s]
program_time 4.63261 [s]
-------
bucket_split_time 1.94191 [s]
bucket_sort_time 0.904296 [s]
bucket_to_array_time 0.116121 [s]
table_fill_time 1.43982 [s]
program_time 4.67115 [s]
-------
bucket_split_time 1.95332 [s]
bucket_sort_time 0.899033 [s]
bucket_to_array_time 0.121073 [s]
table_fill_time 1.36483 [s]
program_time 4.60677 [s]
-------
bucket_split_time 1.97761 [s]
bucket_sort_time 0.894291 [s]
bucket_to_array_time 0.117161 [s]
table_fill_time 1.40623 [s]
program_time 4.66358 [s]
-------
bucket_split_time 1.95 [s]
bucket_sort_time 0.904138 [s]
bucket_to_array_time 0.117125 [s]
table_fill_time 1.48192 [s]
program_time 4.72153 [s]
-------
bucket_split_time 1.98099 [s]
bucket_sort_time 0.898875 [s]
bucket_to_array_time 0.116851 [s]
table_fill_time 1.4955 [s]
program_time 4.75993 [s]
-------
bucket_split_time 1.95438 [s]
bucket_sort_time 0.894157 [s]
bucket_to_array_time 0.116215 [s]
table_fill_time 1.43598 [s]
program_time 4.66792 [s]
-------
bucket_split_time 1.96802 [s]
bucket_sort_time 0.900086 [s]
bucket_to_array_time 0.116935 [s]
table_fill_time 1.32941 [s]
program_time 4.58163 [s]
-------
bucket_split_time 1.95561 [s]
bucket_sort_time 0.900042 [s]
bucket_to_array_time 0.116943 [s]
table_fill_time 1.37592 [s]
program_time 4.6179 [s]
-------
bucket_split_time 1.96493 [s]
bucket_sort_time 0.896881 [s]
bucket_to_array_time 0.116975 [s]
table_fill_time 1.42392 [s]
program_time 4.67086 [s]
