-------
bucket_split_time 0.801409 [s]
bucket_sort_time 1.90882 [s]
bucket_to_array_time 0.155362 [s]
table_fill_time 2.02222 [s]
program_time 4.96061 [s]
-------
bucket_split_time 0.800154 [s]
bucket_sort_time 1.91119 [s]
bucket_to_array_time 0.155543 [s]
table_fill_time 2.0435 [s]
program_time 4.97986 [s]
-------
bucket_split_time 0.791205 [s]
bucket_sort_time 1.90721 [s]
bucket_to_array_time 0.154831 [s]
table_fill_time 1.95315 [s]
program_time 4.87976 [s]
-------
bucket_split_time 0.796124 [s]
bucket_sort_time 1.90478 [s]
bucket_to_array_time 0.154129 [s]
table_fill_time 1.97366 [s]
program_time 4.89991 [s]
-------
bucket_split_time 0.803631 [s]
bucket_sort_time 1.90516 [s]
bucket_to_array_time 0.154512 [s]
table_fill_time 2.0114 [s]
program_time 4.9458 [s]
-------
bucket_split_time 0.803402 [s]
bucket_sort_time 1.90511 [s]
bucket_to_array_time 0.154611 [s]
table_fill_time 1.96182 [s]
program_time 4.89528 [s]
-------
bucket_split_time 0.796084 [s]
bucket_sort_time 1.90688 [s]
bucket_to_array_time 0.158522 [s]
table_fill_time 2.02169 [s]
program_time 4.95457 [s]
-------
bucket_split_time 0.804956 [s]
bucket_sort_time 1.90695 [s]
bucket_to_array_time 0.154792 [s]
table_fill_time 1.93259 [s]
program_time 4.87007 [s]
-------
bucket_split_time 0.788086 [s]
bucket_sort_time 1.9044 [s]
bucket_to_array_time 0.154062 [s]
table_fill_time 1.93794 [s]
program_time 4.85345 [s]
-------
bucket_split_time 0.797276 [s]
bucket_sort_time 1.91194 [s]
bucket_to_array_time 0.154654 [s]
table_fill_time 2.01626 [s]
program_time 4.95039 [s]
