-------
bucket_split_time 1.52488 [s]
bucket_sort_time 1.01603 [s]
bucket_to_array_time 0.128041 [s]
table_fill_time 1.45567 [s]
program_time 4.27644 [s]
-------
bucket_split_time 1.43848 [s]
bucket_sort_time 1.01125 [s]
bucket_to_array_time 0.125114 [s]
table_fill_time 1.48447 [s]
program_time 4.21517 [s]
-------
bucket_split_time 1.44962 [s]
bucket_sort_time 1.01513 [s]
bucket_to_array_time 0.125786 [s]
table_fill_time 1.447 [s]
program_time 4.18834 [s]
-------
bucket_split_time 1.4362 [s]
bucket_sort_time 1.01167 [s]
bucket_to_array_time 0.125713 [s]
table_fill_time 1.4661 [s]
program_time 4.1952 [s]
-------
bucket_split_time 1.43891 [s]
bucket_sort_time 1.01504 [s]
bucket_to_array_time 0.125751 [s]
table_fill_time 1.43942 [s]
program_time 4.17347 [s]
-------
bucket_split_time 1.44639 [s]
bucket_sort_time 1.01269 [s]
bucket_to_array_time 0.126668 [s]
table_fill_time 1.44784 [s]
program_time 4.18631 [s]
-------
bucket_split_time 1.46359 [s]
bucket_sort_time 1.0136 [s]
bucket_to_array_time 0.125843 [s]
table_fill_time 1.45011 [s]
program_time 4.20302 [s]
-------
bucket_split_time 1.44737 [s]
bucket_sort_time 1.01547 [s]
bucket_to_array_time 0.125195 [s]
table_fill_time 1.46918 [s]
program_time 4.2112 [s]
-------
bucket_split_time 1.45819 [s]
bucket_sort_time 1.01373 [s]
bucket_to_array_time 0.125364 [s]
table_fill_time 1.47213 [s]
program_time 4.21997 [s]
-------
bucket_split_time 1.45036 [s]
bucket_sort_time 1.02387 [s]
bucket_to_array_time 0.133287 [s]
table_fill_time 1.48439 [s]
program_time 4.24804 [s]
