-------
bucket_split_time 3.2856 [s]
bucket_sort_time 0.889063 [s]
bucket_to_array_time 0.525485 [s]
table_fill_time 1.46766 [s]
program_time 6.76986 [s]
-------
bucket_split_time 3.28157 [s]
bucket_sort_time 0.885654 [s]
bucket_to_array_time 0.515342 [s]
table_fill_time 1.59536 [s]
program_time 6.87178 [s]
-------
bucket_split_time 3.28785 [s]
bucket_sort_time 0.890718 [s]
bucket_to_array_time 0.53754 [s]
table_fill_time 1.4687 [s]
program_time 6.83014 [s]
-------
bucket_split_time 3.39264 [s]
bucket_sort_time 0.890789 [s]
bucket_to_array_time 0.528288 [s]
table_fill_time 1.46899 [s]
program_time 6.88406 [s]
-------
bucket_split_time 3.30433 [s]
bucket_sort_time 0.892187 [s]
bucket_to_array_time 0.516456 [s]
table_fill_time 1.46786 [s]
program_time 6.77641 [s]
-------
bucket_split_time 3.22469 [s]
bucket_sort_time 0.894475 [s]
bucket_to_array_time 0.527281 [s]
table_fill_time 1.4676 [s]
program_time 6.71617 [s]
-------
bucket_split_time 3.37222 [s]
bucket_sort_time 0.893289 [s]
bucket_to_array_time 0.526743 [s]
table_fill_time 1.46587 [s]
program_time 6.86689 [s]
-------
bucket_split_time 3.32324 [s]
bucket_sort_time 0.892437 [s]
bucket_to_array_time 0.527596 [s]
table_fill_time 1.47167 [s]
program_time 6.82354 [s]
-------
bucket_split_time 3.18541 [s]
bucket_sort_time 1.03996 [s]
bucket_to_array_time 0.529653 [s]
table_fill_time 1.46841 [s]
program_time 6.8341 [s]
-------
bucket_split_time 3.18695 [s]
bucket_sort_time 0.889406 [s]
bucket_to_array_time 0.523912 [s]
table_fill_time 1.46561 [s]
program_time 6.67143 [s]
