-------
bucket_split_time 0.05036 [s]
bucket_sort_time 0.447741 [s]
bucket_to_array_time 0.018695 [s]
table_fill_time 0.183554 [s]
program_time 0.703258 [s]
-------
bucket_split_time 0.049682 [s]
bucket_sort_time 0.448017 [s]
bucket_to_array_time 0.018865 [s]
table_fill_time 0.183367 [s]
program_time 0.702867 [s]
-------
bucket_split_time 0.05013 [s]
bucket_sort_time 0.448272 [s]
bucket_to_array_time 0.019193 [s]
table_fill_time 0.183433 [s]
program_time 0.703881 [s]
-------
bucket_split_time 0.050258 [s]
bucket_sort_time 0.448146 [s]
bucket_to_array_time 0.018797 [s]
table_fill_time 0.183398 [s]
program_time 0.703683 [s]
-------
bucket_split_time 0.05021 [s]
bucket_sort_time 0.44731 [s]
bucket_to_array_time 0.018794 [s]
table_fill_time 0.184239 [s]
program_time 0.703396 [s]
-------
bucket_split_time 0.050365 [s]
bucket_sort_time 0.448051 [s]
bucket_to_array_time 0.01883 [s]
table_fill_time 0.184819 [s]
program_time 0.705074 [s]
-------
bucket_split_time 0.050272 [s]
bucket_sort_time 0.447787 [s]
bucket_to_array_time 0.018729 [s]
table_fill_time 0.183824 [s]
program_time 0.703482 [s]
-------
bucket_split_time 0.050248 [s]
bucket_sort_time 0.447757 [s]
bucket_to_array_time 0.01871 [s]
table_fill_time 0.184143 [s]
program_time 0.703881 [s]
-------
bucket_split_time 0.049902 [s]
bucket_sort_time 0.447672 [s]
bucket_to_array_time 0.018786 [s]
table_fill_time 0.183102 [s]
program_time 0.703212 [s]
-------
bucket_split_time 0.049894 [s]
bucket_sort_time 0.447389 [s]
bucket_to_array_time 0.019189 [s]
table_fill_time 0.183437 [s]
program_time 0.703081 [s]
