-------
bucket_split_time 8.1661 [s]
bucket_sort_time 1.5097 [s]
bucket_to_array_time 0.546168 [s]
table_fill_time 3.22326 [s]
program_time 14.399 [s]
-------
bucket_split_time 8.08689 [s]
bucket_sort_time 1.51246 [s]
bucket_to_array_time 0.548287 [s]
table_fill_time 2.95871 [s]
program_time 14.0591 [s]
-------
bucket_split_time 8.28746 [s]
bucket_sort_time 1.60678 [s]
bucket_to_array_time 0.549869 [s]
table_fill_time 2.96452 [s]
program_time 14.3703 [s]
-------
bucket_split_time 7.92606 [s]
bucket_sort_time 1.51083 [s]
bucket_to_array_time 0.544045 [s]
table_fill_time 2.96785 [s]
program_time 13.8864 [s]
-------
bucket_split_time 8.04025 [s]
bucket_sort_time 1.51526 [s]
bucket_to_array_time 0.548351 [s]
table_fill_time 2.95887 [s]
program_time 14.0168 [s]
-------
bucket_split_time 8.10247 [s]
bucket_sort_time 1.50262 [s]
bucket_to_array_time 0.539754 [s]
table_fill_time 3.03148 [s]
program_time 14.132 [s]
-------
bucket_split_time 8.2554 [s]
bucket_sort_time 1.50769 [s]
bucket_to_array_time 0.549004 [s]
table_fill_time 3.04825 [s]
program_time 14.4237 [s]
-------
bucket_split_time 8.14193 [s]
bucket_sort_time 1.50261 [s]
bucket_to_array_time 0.609021 [s]
table_fill_time 3.05636 [s]
program_time 14.2544 [s]
-------
bucket_split_time 8.11348 [s]
bucket_sort_time 1.51812 [s]
bucket_to_array_time 0.549537 [s]
table_fill_time 3.05059 [s]
program_time 14.1903 [s]
-------
bucket_split_time 8.16721 [s]
bucket_sort_time 1.53336 [s]
bucket_to_array_time 0.541847 [s]
table_fill_time 2.96194 [s]
program_time 14.1375 [s]
