-------
bucket_split_time 1.42435 [s]
bucket_sort_time 6.15642 [s]
bucket_to_array_time 0.383003 [s]
table_fill_time 3.69057 [s]
program_time 11.7229 [s]
-------
bucket_split_time 1.42055 [s]
bucket_sort_time 6.16571 [s]
bucket_to_array_time 0.387634 [s]
table_fill_time 3.69371 [s]
program_time 11.7384 [s]
-------
bucket_split_time 1.43805 [s]
bucket_sort_time 6.15799 [s]
bucket_to_array_time 0.384213 [s]
table_fill_time 3.69726 [s]
program_time 11.7475 [s]
-------
bucket_split_time 1.44217 [s]
bucket_sort_time 6.15645 [s]
bucket_to_array_time 0.387787 [s]
table_fill_time 3.69926 [s]
program_time 11.7588 [s]
-------
bucket_split_time 1.43618 [s]
bucket_sort_time 6.16807 [s]
bucket_to_array_time 0.383071 [s]
table_fill_time 3.69772 [s]
program_time 11.7581 [s]
-------
bucket_split_time 1.43495 [s]
bucket_sort_time 6.17902 [s]
bucket_to_array_time 0.383432 [s]
table_fill_time 3.69 [s]
program_time 11.7598 [s]
-------
bucket_split_time 1.41244 [s]
bucket_sort_time 6.32345 [s]
bucket_to_array_time 0.38205 [s]
table_fill_time 3.70534 [s]
program_time 11.8934 [s]
-------
bucket_split_time 1.41968 [s]
bucket_sort_time 6.15698 [s]
bucket_to_array_time 0.388587 [s]
table_fill_time 3.70894 [s]
program_time 11.7484 [s]
-------
bucket_split_time 1.39444 [s]
bucket_sort_time 6.15745 [s]
bucket_to_array_time 0.383601 [s]
table_fill_time 3.6952 [s]
program_time 11.6999 [s]
-------
bucket_split_time 1.44039 [s]
bucket_sort_time 6.15754 [s]
bucket_to_array_time 0.388636 [s]
table_fill_time 3.70273 [s]
program_time 11.762 [s]
