-------
bucket_split_time 0.068977 [s]
bucket_sort_time 0.057656 [s]
bucket_to_array_time 0.024573 [s]
table_fill_time 0.086097 [s]
program_time 0.244034 [s]
-------
bucket_split_time 0.137013 [s]
bucket_sort_time 0.058912 [s]
bucket_to_array_time 0.014507 [s]
table_fill_time 0.161903 [s]
program_time 0.379886 [s]
-------
bucket_split_time 0.102203 [s]
bucket_sort_time 0.056293 [s]
bucket_to_array_time 0.010929 [s]
table_fill_time 0.110809 [s]
program_time 0.287397 [s]
-------
bucket_split_time 0.06375 [s]
bucket_sort_time 0.056167 [s]
bucket_to_array_time 0.01089 [s]
table_fill_time 0.085994 [s]
program_time 0.223278 [s]
-------
bucket_split_time 0.063631 [s]
bucket_sort_time 0.056494 [s]
bucket_to_array_time 0.010887 [s]
table_fill_time 0.091714 [s]
program_time 0.229344 [s]
-------
bucket_split_time 0.065686 [s]
bucket_sort_time 0.056804 [s]
bucket_to_array_time 0.010977 [s]
table_fill_time 0.092467 [s]
program_time 0.232505 [s]
-------
bucket_split_time 0.063677 [s]
bucket_sort_time 0.056324 [s]
bucket_to_array_time 0.010925 [s]
table_fill_time 0.087519 [s]
program_time 0.225099 [s]
-------
bucket_split_time 0.066388 [s]
bucket_sort_time 0.057789 [s]
bucket_to_array_time 0.012456 [s]
table_fill_time 0.096914 [s]
program_time 0.2413 [s]
-------
bucket_split_time 0.143134 [s]
bucket_sort_time 0.063408 [s]
bucket_to_array_time 0.012098 [s]
table_fill_time 0.190614 [s]
program_time 0.417036 [s]
-------
bucket_split_time 0.065842 [s]
bucket_sort_time 0.057684 [s]
bucket_to_array_time 0.011772 [s]
table_fill_time 0.085576 [s]
program_time 0.229979 [s]
