-------
bucket_split_time 0.369512 [s]
bucket_sort_time 0.539062 [s]
bucket_to_array_time 0.065341 [s]
table_fill_time 0.367821 [s]
program_time 1.35479 [s]
-------
bucket_split_time 0.360411 [s]
bucket_sort_time 0.382888 [s]
bucket_to_array_time 0.053781 [s]
table_fill_time 0.298443 [s]
program_time 1.10823 [s]
-------
bucket_split_time 0.264427 [s]
bucket_sort_time 0.467219 [s]
bucket_to_array_time 0.052286 [s]
table_fill_time 0.368432 [s]
program_time 1.16708 [s]
-------
bucket_split_time 0.271182 [s]
bucket_sort_time 0.451508 [s]
bucket_to_array_time 0.063932 [s]
table_fill_time 0.372513 [s]
program_time 1.17262 [s]
-------
bucket_split_time 0.392391 [s]
bucket_sort_time 0.328119 [s]
bucket_to_array_time 0.039525 [s]
table_fill_time 0.397448 [s]
program_time 1.17007 [s]
-------
bucket_split_time 0.286752 [s]
bucket_sort_time 0.465954 [s]
bucket_to_array_time 0.052643 [s]
table_fill_time 0.3885 [s]
program_time 1.20855 [s]
-------
bucket_split_time 0.263832 [s]
bucket_sort_time 0.466244 [s]
bucket_to_array_time 0.053281 [s]
table_fill_time 0.366123 [s]
program_time 1.16229 [s]
-------
bucket_split_time 0.394343 [s]
bucket_sort_time 0.579975 [s]
bucket_to_array_time 0.057531 [s]
table_fill_time 0.371607 [s]
program_time 1.41645 [s]
-------
bucket_split_time 0.336575 [s]
bucket_sort_time 0.414063 [s]
bucket_to_array_time 0.049307 [s]
table_fill_time 0.289786 [s]
program_time 1.10316 [s]
-------
bucket_split_time 0.25805 [s]
bucket_sort_time 0.457908 [s]
bucket_to_array_time 0.054079 [s]
table_fill_time 0.377535 [s]
program_time 1.1601 [s]
