-------
bucket_split_time 5.49709 [s]
bucket_sort_time 0.375934 [s]
bucket_to_array_time 0.183486 [s]
table_fill_time 1.05061 [s]
program_time 8.19603 [s]
-------
bucket_split_time 5.56905 [s]
bucket_sort_time 0.374918 [s]
bucket_to_array_time 0.184927 [s]
table_fill_time 1.06023 [s]
program_time 8.28494 [s]
-------
bucket_split_time 5.51881 [s]
bucket_sort_time 0.374876 [s]
bucket_to_array_time 0.183106 [s]
table_fill_time 1.01944 [s]
program_time 8.18663 [s]
-------
bucket_split_time 5.55944 [s]
bucket_sort_time 0.375715 [s]
bucket_to_array_time 0.185899 [s]
table_fill_time 1.06472 [s]
program_time 8.27871 [s]
-------
bucket_split_time 5.49385 [s]
bucket_sort_time 0.374006 [s]
bucket_to_array_time 0.183659 [s]
table_fill_time 1.08702 [s]
program_time 8.21921 [s]
-------
bucket_split_time 5.47975 [s]
bucket_sort_time 0.374208 [s]
bucket_to_array_time 0.184599 [s]
table_fill_time 1.07372 [s]
program_time 8.2002 [s]
-------
bucket_split_time 5.5218 [s]
bucket_sort_time 0.375292 [s]
bucket_to_array_time 0.184442 [s]
table_fill_time 1.0151 [s]
program_time 8.18115 [s]
-------
bucket_split_time 5.51942 [s]
bucket_sort_time 0.374527 [s]
bucket_to_array_time 0.184414 [s]
table_fill_time 1.02548 [s]
program_time 8.18777 [s]
-------
bucket_split_time 5.50943 [s]
bucket_sort_time 0.375313 [s]
bucket_to_array_time 0.182603 [s]
table_fill_time 1.07373 [s]
program_time 8.22337 [s]
-------
bucket_split_time 5.48858 [s]
bucket_sort_time 0.374975 [s]
bucket_to_array_time 0.184852 [s]
table_fill_time 1.0173 [s]
program_time 8.15403 [s]
