-------
bucket_split_time 0.946129 [s]
bucket_sort_time 0.67556 [s]
bucket_to_array_time 0.086188 [s]
table_fill_time 1.00318 [s]
program_time 2.814 [s]
-------
bucket_split_time 0.98049 [s]
bucket_sort_time 0.675536 [s]
bucket_to_array_time 0.085125 [s]
table_fill_time 1.00325 [s]
program_time 2.85038 [s]
-------
bucket_split_time 0.864774 [s]
bucket_sort_time 0.672962 [s]
bucket_to_array_time 0.084939 [s]
table_fill_time 0.964461 [s]
program_time 2.68248 [s]
-------
bucket_split_time 0.925789 [s]
bucket_sort_time 0.673563 [s]
bucket_to_array_time 0.08482 [s]
table_fill_time 0.988133 [s]
program_time 2.77291 [s]
-------
bucket_split_time 0.876231 [s]
bucket_sort_time 0.674409 [s]
bucket_to_array_time 0.08454 [s]
table_fill_time 0.991017 [s]
program_time 2.73114 [s]
-------
bucket_split_time 0.934771 [s]
bucket_sort_time 0.673792 [s]
bucket_to_array_time 0.084597 [s]
table_fill_time 0.977139 [s]
program_time 2.77533 [s]
-------
bucket_split_time 2.01764 [s]
bucket_sort_time 0.80753 [s]
bucket_to_array_time 0.127737 [s]
table_fill_time 0.987981 [s]
program_time 4.04712 [s]
-------
bucket_split_time 0.930945 [s]
bucket_sort_time 0.677475 [s]
bucket_to_array_time 0.08477 [s]
table_fill_time 1.26244 [s]
program_time 3.05525 [s]
-------
bucket_split_time 0.892469 [s]
bucket_sort_time 0.678081 [s]
bucket_to_array_time 0.084008 [s]
table_fill_time 0.985134 [s]
program_time 2.74497 [s]
-------
bucket_split_time 0.905732 [s]
bucket_sort_time 0.677518 [s]
bucket_to_array_time 0.084425 [s]
table_fill_time 0.998174 [s]
program_time 2.76608 [s]
