-------
bucket_split_time 0.704706 [s]
bucket_sort_time 0.930946 [s]
bucket_to_array_time 0.089232 [s]
table_fill_time 0.991863 [s]
program_time 2.7829 [s]
-------
bucket_split_time 0.727888 [s]
bucket_sort_time 0.887192 [s]
bucket_to_array_time 0.091664 [s]
table_fill_time 1.18082 [s]
program_time 2.95337 [s]
-------
bucket_split_time 0.734335 [s]
bucket_sort_time 1.04266 [s]
bucket_to_array_time 0.090596 [s]
table_fill_time 1.05882 [s]
program_time 2.9947 [s]
-------
bucket_split_time 0.706767 [s]
bucket_sort_time 1.03862 [s]
bucket_to_array_time 0.090946 [s]
table_fill_time 1.05091 [s]
program_time 2.95178 [s]
-------
bucket_split_time 0.703155 [s]
bucket_sort_time 0.952507 [s]
bucket_to_array_time 0.089241 [s]
table_fill_time 1.03905 [s]
program_time 2.84853 [s]
-------
bucket_split_time 0.692106 [s]
bucket_sort_time 1.00692 [s]
bucket_to_array_time 0.089821 [s]
table_fill_time 1.07717 [s]
program_time 2.93097 [s]
-------
bucket_split_time 0.688597 [s]
bucket_sort_time 1.05667 [s]
bucket_to_array_time 0.089586 [s]
table_fill_time 1.01733 [s]
program_time 2.91832 [s]
-------
bucket_split_time 0.687918 [s]
bucket_sort_time 0.941698 [s]
bucket_to_array_time 0.090348 [s]
table_fill_time 1.05625 [s]
program_time 2.83845 [s]
-------
bucket_split_time 0.722785 [s]
bucket_sort_time 0.942487 [s]
bucket_to_array_time 0.101082 [s]
table_fill_time 1.0201 [s]
program_time 2.84913 [s]
-------
bucket_split_time 0.696586 [s]
bucket_sort_time 0.920132 [s]
bucket_to_array_time 0.092346 [s]
table_fill_time 1.00176 [s]
program_time 2.77359 [s]
