-------
bucket_split_time 0.897341 [s]
bucket_sort_time 6.1426 [s]
bucket_to_array_time 0.307201 [s]
table_fill_time 2.94958 [s]
program_time 10.3549 [s]
-------
bucket_split_time 0.886426 [s]
bucket_sort_time 6.26542 [s]
bucket_to_array_time 0.309016 [s]
table_fill_time 2.95246 [s]
program_time 10.4686 [s]
-------
bucket_split_time 0.893914 [s]
bucket_sort_time 6.4314 [s]
bucket_to_array_time 0.307032 [s]
table_fill_time 2.94938 [s]
program_time 10.6375 [s]
-------
bucket_split_time 0.89327 [s]
bucket_sort_time 6.16383 [s]
bucket_to_array_time 0.307151 [s]
table_fill_time 2.94668 [s]
program_time 10.3652 [s]
-------
bucket_split_time 0.929034 [s]
bucket_sort_time 6.80307 [s]
bucket_to_array_time 0.30853 [s]
table_fill_time 3.24711 [s]
program_time 11.3455 [s]
-------
bucket_split_time 0.896252 [s]
bucket_sort_time 6.4281 [s]
bucket_to_array_time 0.307147 [s]
table_fill_time 3.25969 [s]
program_time 10.9693 [s]
-------
bucket_split_time 0.90983 [s]
bucket_sort_time 6.54591 [s]
bucket_to_array_time 0.309059 [s]
table_fill_time 3.10379 [s]
program_time 10.9644 [s]
-------
bucket_split_time 0.938554 [s]
bucket_sort_time 6.81957 [s]
bucket_to_array_time 0.307528 [s]
table_fill_time 3.22831 [s]
program_time 11.3734 [s]
-------
bucket_split_time 0.892885 [s]
bucket_sort_time 6.46565 [s]
bucket_to_array_time 0.310944 [s]
table_fill_time 3.22596 [s]
program_time 10.9533 [s]
-------
bucket_split_time 1.10348 [s]
bucket_sort_time 6.72748 [s]
bucket_to_array_time 0.421379 [s]
table_fill_time 2.98551 [s]
program_time 11.2943 [s]
