-------
bucket_split_time 0.341267 [s]
bucket_sort_time 0.226246 [s]
bucket_to_array_time 0.029376 [s]
table_fill_time 0.341475 [s]
program_time 1.00214 [s]
-------
bucket_split_time 0.340632 [s]
bucket_sort_time 0.22574 [s]
bucket_to_array_time 0.029265 [s]
table_fill_time 0.343631 [s]
program_time 1.00399 [s]
-------
bucket_split_time 0.341653 [s]
bucket_sort_time 0.225187 [s]
bucket_to_array_time 0.029383 [s]
table_fill_time 0.349749 [s]
program_time 1.00897 [s]
-------
bucket_split_time 0.341945 [s]
bucket_sort_time 0.226191 [s]
bucket_to_array_time 0.029295 [s]
table_fill_time 0.339998 [s]
program_time 1.00097 [s]
-------
bucket_split_time 0.342779 [s]
bucket_sort_time 0.225861 [s]
bucket_to_array_time 0.029249 [s]
table_fill_time 0.369922 [s]
program_time 1.03045 [s]
-------
bucket_split_time 0.344182 [s]
bucket_sort_time 0.224982 [s]
bucket_to_array_time 0.029221 [s]
table_fill_time 0.339948 [s]
program_time 1.00167 [s]
-------
bucket_split_time 0.340836 [s]
bucket_sort_time 0.226327 [s]
bucket_to_array_time 0.02929 [s]
table_fill_time 0.378315 [s]
program_time 1.03743 [s]
-------
bucket_split_time 0.339305 [s]
bucket_sort_time 0.22669 [s]
bucket_to_array_time 0.029324 [s]
table_fill_time 0.36178 [s]
program_time 1.01991 [s]
-------
bucket_split_time 0.342409 [s]
bucket_sort_time 0.225483 [s]
bucket_to_array_time 0.029225 [s]
table_fill_time 0.342435 [s]
program_time 1.00118 [s]
-------
bucket_split_time 0.341692 [s]
bucket_sort_time 0.226956 [s]
bucket_to_array_time 0.029345 [s]
table_fill_time 0.348481 [s]
program_time 1.00999 [s]
