-------
bucket_split_time 1.01546 [s]
bucket_sort_time 2.38211 [s]
bucket_to_array_time 0.193942 [s]
table_fill_time 2.44336 [s]
program_time 6.12375 [s]
-------
bucket_split_time 1.02869 [s]
bucket_sort_time 2.38591 [s]
bucket_to_array_time 0.195136 [s]
table_fill_time 2.44909 [s]
program_time 6.14749 [s]
-------
bucket_split_time 1.02306 [s]
bucket_sort_time 2.39051 [s]
bucket_to_array_time 0.194438 [s]
table_fill_time 2.38896 [s]
program_time 6.08489 [s]
-------
bucket_split_time 1.03996 [s]
bucket_sort_time 2.38844 [s]
bucket_to_array_time 0.192855 [s]
table_fill_time 2.39612 [s]
program_time 6.10712 [s]
-------
bucket_split_time 1.05321 [s]
bucket_sort_time 2.38244 [s]
bucket_to_array_time 0.193287 [s]
table_fill_time 2.46596 [s]
program_time 6.18412 [s]
-------
bucket_split_time 1.05469 [s]
bucket_sort_time 2.3913 [s]
bucket_to_array_time 0.194005 [s]
table_fill_time 2.51711 [s]
program_time 6.24554 [s]
-------
bucket_split_time 1.03975 [s]
bucket_sort_time 2.38963 [s]
bucket_to_array_time 0.193169 [s]
table_fill_time 2.51725 [s]
program_time 6.22974 [s]
-------
bucket_split_time 1.04009 [s]
bucket_sort_time 2.38753 [s]
bucket_to_array_time 0.19315 [s]
table_fill_time 2.46704 [s]
program_time 6.17436 [s]
-------
bucket_split_time 1.03067 [s]
bucket_sort_time 2.38392 [s]
bucket_to_array_time 0.193906 [s]
table_fill_time 2.42076 [s]
program_time 6.12032 [s]
-------
bucket_split_time 1.0246 [s]
bucket_sort_time 2.38838 [s]
bucket_to_array_time 0.194491 [s]
table_fill_time 2.50774 [s]
program_time 6.20505 [s]
