-------
bucket_split_time 0.204305 [s]
bucket_sort_time 1.81106 [s]
bucket_to_array_time 0.077689 [s]
table_fill_time 0.738768 [s]
program_time 2.84427 [s]
-------
bucket_split_time 0.204936 [s]
bucket_sort_time 1.81178 [s]
bucket_to_array_time 0.077799 [s]
table_fill_time 0.737555 [s]
program_time 2.84378 [s]
-------
bucket_split_time 0.205049 [s]
bucket_sort_time 1.81147 [s]
bucket_to_array_time 0.078157 [s]
table_fill_time 0.739864 [s]
program_time 2.84706 [s]
-------
bucket_split_time 0.204287 [s]
bucket_sort_time 1.81021 [s]
bucket_to_array_time 0.078056 [s]
table_fill_time 0.737583 [s]
program_time 2.84201 [s]
-------
bucket_split_time 0.20617 [s]
bucket_sort_time 1.81017 [s]
bucket_to_array_time 0.077832 [s]
table_fill_time 0.738536 [s]
program_time 2.84514 [s]
-------
bucket_split_time 0.206546 [s]
bucket_sort_time 1.8112 [s]
bucket_to_array_time 0.077395 [s]
table_fill_time 0.741722 [s]
program_time 2.84933 [s]
-------
bucket_split_time 0.208535 [s]
bucket_sort_time 1.8102 [s]
bucket_to_array_time 0.077011 [s]
table_fill_time 0.738633 [s]
program_time 2.84621 [s]
-------
bucket_split_time 0.205102 [s]
bucket_sort_time 1.80914 [s]
bucket_to_array_time 0.076849 [s]
table_fill_time 0.740181 [s]
program_time 2.84373 [s]
-------
bucket_split_time 0.204402 [s]
bucket_sort_time 1.81296 [s]
bucket_to_array_time 0.077284 [s]
table_fill_time 0.737577 [s]
program_time 2.84446 [s]
-------
bucket_split_time 0.207287 [s]
bucket_sort_time 1.80996 [s]
bucket_to_array_time 0.077628 [s]
table_fill_time 0.739085 [s]
program_time 2.84666 [s]
