-------
bucket_split_time 1.9837 [s]
bucket_sort_time 0.323847 [s]
bucket_to_array_time 0.199332 [s]
table_fill_time 0.601831 [s]
program_time 3.52323 [s]
-------
bucket_split_time 1.84997 [s]
bucket_sort_time 0.327063 [s]
bucket_to_array_time 0.202758 [s]
table_fill_time 0.728081 [s]
program_time 3.57068 [s]
-------
bucket_split_time 2.38294 [s]
bucket_sort_time 0.258292 [s]
bucket_to_array_time 0.147717 [s]
table_fill_time 0.883379 [s]
program_time 4.1253 [s]
-------
bucket_split_time 1.84683 [s]
bucket_sort_time 0.309079 [s]
bucket_to_array_time 0.199094 [s]
table_fill_time 0.755893 [s]
program_time 3.53451 [s]
-------
bucket_split_time 2.40683 [s]
bucket_sort_time 0.331425 [s]
bucket_to_array_time 0.20477 [s]
table_fill_time 0.71383 [s]
program_time 4.11777 [s]
-------
bucket_split_time 2.29261 [s]
bucket_sort_time 0.280948 [s]
bucket_to_array_time 0.200441 [s]
table_fill_time 0.672563 [s]
program_time 3.86871 [s]
-------
bucket_split_time 1.88114 [s]
bucket_sort_time 0.315418 [s]
bucket_to_array_time 0.201388 [s]
table_fill_time 0.747176 [s]
program_time 3.58522 [s]
-------
bucket_split_time 1.9646 [s]
bucket_sort_time 0.22267 [s]
bucket_to_array_time 0.143646 [s]
table_fill_time 0.835537 [s]
program_time 3.63463 [s]
-------
bucket_split_time 2.13596 [s]
bucket_sort_time 0.330433 [s]
bucket_to_array_time 0.200236 [s]
table_fill_time 0.528442 [s]
program_time 3.62566 [s]
-------
bucket_split_time 1.86226 [s]
bucket_sort_time 0.314168 [s]
bucket_to_array_time 0.201798 [s]
table_fill_time 0.686293 [s]
program_time 3.50451 [s]
