-------
bucket_split_time 1.71411 [s]
bucket_sort_time 2.0237 [s]
bucket_to_array_time 0.247101 [s]
table_fill_time 2.26737 [s]
program_time 6.36942 [s]
-------
bucket_split_time 1.76893 [s]
bucket_sort_time 2.02358 [s]
bucket_to_array_time 0.247404 [s]
table_fill_time 2.21414 [s]
program_time 6.37548 [s]
-------
bucket_split_time 2.11563 [s]
bucket_sort_time 2.03742 [s]
bucket_to_array_time 0.244209 [s]
table_fill_time 2.21484 [s]
program_time 6.72516 [s]
-------
bucket_split_time 1.80886 [s]
bucket_sort_time 2.03811 [s]
bucket_to_array_time 0.245696 [s]
table_fill_time 2.22315 [s]
program_time 6.43537 [s]
-------
bucket_split_time 1.79914 [s]
bucket_sort_time 2.03059 [s]
bucket_to_array_time 0.24654 [s]
table_fill_time 2.21683 [s]
program_time 6.41026 [s]
-------
bucket_split_time 1.81175 [s]
bucket_sort_time 2.02781 [s]
bucket_to_array_time 0.246447 [s]
table_fill_time 2.22179 [s]
program_time 6.42666 [s]
-------
bucket_split_time 1.75269 [s]
bucket_sort_time 2.02807 [s]
bucket_to_array_time 0.244347 [s]
table_fill_time 2.2226 [s]
program_time 6.36654 [s]
-------
bucket_split_time 1.7626 [s]
bucket_sort_time 2.02753 [s]
bucket_to_array_time 0.246967 [s]
table_fill_time 2.21833 [s]
program_time 6.37344 [s]
-------
bucket_split_time 1.70169 [s]
bucket_sort_time 2.02532 [s]
bucket_to_array_time 0.247553 [s]
table_fill_time 2.21481 [s]
program_time 6.30544 [s]
-------
bucket_split_time 1.69657 [s]
bucket_sort_time 2.02281 [s]
bucket_to_array_time 0.245313 [s]
table_fill_time 2.20991 [s]
program_time 6.29688 [s]
