-------
bucket_split_time 4.90832 [s]
bucket_sort_time 0.27386 [s]
bucket_to_array_time 0.130346 [s]
table_fill_time 0.738242 [s]
program_time 6.93293 [s]
-------
bucket_split_time 4.86691 [s]
bucket_sort_time 0.272058 [s]
bucket_to_array_time 0.131594 [s]
table_fill_time 0.754143 [s]
program_time 6.79428 [s]
-------
bucket_split_time 4.86238 [s]
bucket_sort_time 0.2553 [s]
bucket_to_array_time 0.132092 [s]
table_fill_time 0.704439 [s]
program_time 6.83237 [s]
-------
bucket_split_time 4.86972 [s]
bucket_sort_time 0.222112 [s]
bucket_to_array_time 0.131781 [s]
table_fill_time 0.666051 [s]
program_time 6.73017 [s]
-------
bucket_split_time 4.88124 [s]
bucket_sort_time 0.240052 [s]
bucket_to_array_time 0.130587 [s]
table_fill_time 0.701864 [s]
program_time 6.84578 [s]
-------
bucket_split_time 4.8682 [s]
bucket_sort_time 0.279329 [s]
bucket_to_array_time 0.123595 [s]
table_fill_time 0.709773 [s]
program_time 6.84205 [s]
-------
bucket_split_time 4.8653 [s]
bucket_sort_time 0.277301 [s]
bucket_to_array_time 0.131161 [s]
table_fill_time 0.697132 [s]
program_time 6.82571 [s]
-------
bucket_split_time 4.93131 [s]
bucket_sort_time 0.280623 [s]
bucket_to_array_time 0.131102 [s]
table_fill_time 0.725329 [s]
program_time 6.93603 [s]
-------
bucket_split_time 4.85424 [s]
bucket_sort_time 0.281483 [s]
bucket_to_array_time 0.130892 [s]
table_fill_time 0.665253 [s]
program_time 6.79863 [s]
-------
bucket_split_time 4.86746 [s]
bucket_sort_time 0.280733 [s]
bucket_to_array_time 0.131923 [s]
table_fill_time 0.697246 [s]
program_time 6.80627 [s]
