-------
bucket_split_time 0.05636 [s]
bucket_sort_time 0.079653 [s]
bucket_to_array_time 0.010511 [s]
table_fill_time 0.087621 [s]
program_time 0.237773 [s]
-------
bucket_split_time 0.057381 [s]
bucket_sort_time 0.080012 [s]
bucket_to_array_time 0.010978 [s]
table_fill_time 0.095867 [s]
program_time 0.248077 [s]
-------
bucket_split_time 0.058054 [s]
bucket_sort_time 0.080114 [s]
bucket_to_array_time 0.010641 [s]
table_fill_time 0.089374 [s]
program_time 0.241478 [s]
-------
bucket_split_time 0.054775 [s]
bucket_sort_time 0.080028 [s]
bucket_to_array_time 0.010456 [s]
table_fill_time 0.090885 [s]
program_time 0.239333 [s]
-------
bucket_split_time 0.057197 [s]
bucket_sort_time 0.0797 [s]
bucket_to_array_time 0.011211 [s]
table_fill_time 0.091447 [s]
program_time 0.242837 [s]
-------
bucket_split_time 0.138979 [s]
bucket_sort_time 0.18103 [s]
bucket_to_array_time 0.022011 [s]
table_fill_time 0.102926 [s]
program_time 0.448813 [s]
-------
bucket_split_time 0.055227 [s]
bucket_sort_time 0.086804 [s]
bucket_to_array_time 0.011344 [s]
table_fill_time 0.091963 [s]
program_time 0.251251 [s]
-------
bucket_split_time 0.054374 [s]
bucket_sort_time 0.079479 [s]
bucket_to_array_time 0.010602 [s]
table_fill_time 0.09 [s]
program_time 0.23787 [s]
-------
bucket_split_time 0.065642 [s]
bucket_sort_time 0.080366 [s]
bucket_to_array_time 0.010476 [s]
table_fill_time 0.096241 [s]
program_time 0.256803 [s]
-------
bucket_split_time 0.05445 [s]
bucket_sort_time 0.079763 [s]
bucket_to_array_time 0.010731 [s]
table_fill_time 0.088286 [s]
program_time 0.236445 [s]
