-------
bucket_split_time 0.627034 [s]
bucket_sort_time 1.91882 [s]
bucket_to_array_time 0.154351 [s]
table_fill_time 1.47707 [s]
program_time 4.21143 [s]
-------
bucket_split_time 0.624458 [s]
bucket_sort_time 1.91608 [s]
bucket_to_array_time 0.154337 [s]
table_fill_time 1.47938 [s]
program_time 4.20722 [s]
-------
bucket_split_time 0.624844 [s]
bucket_sort_time 1.91635 [s]
bucket_to_array_time 0.155328 [s]
table_fill_time 1.47967 [s]
program_time 4.21073 [s]
-------
bucket_split_time 0.624125 [s]
bucket_sort_time 1.91683 [s]
bucket_to_array_time 0.157062 [s]
table_fill_time 1.48034 [s]
program_time 4.21208 [s]
-------
bucket_split_time 0.64561 [s]
bucket_sort_time 1.91653 [s]
bucket_to_array_time 0.155399 [s]
table_fill_time 1.4788 [s]
program_time 4.22825 [s]
-------
bucket_split_time 0.636483 [s]
bucket_sort_time 1.9144 [s]
bucket_to_array_time 0.154049 [s]
table_fill_time 1.47822 [s]
program_time 4.21564 [s]
-------
bucket_split_time 0.635371 [s]
bucket_sort_time 1.9119 [s]
bucket_to_array_time 0.153324 [s]
table_fill_time 1.47672 [s]
program_time 4.20839 [s]
-------
bucket_split_time 0.63502 [s]
bucket_sort_time 1.90995 [s]
bucket_to_array_time 0.153756 [s]
table_fill_time 1.47808 [s]
program_time 4.20777 [s]
-------
bucket_split_time 0.626978 [s]
bucket_sort_time 1.91151 [s]
bucket_to_array_time 0.155424 [s]
table_fill_time 1.47726 [s]
program_time 4.20243 [s]
-------
bucket_split_time 0.623709 [s]
bucket_sort_time 1.91177 [s]
bucket_to_array_time 0.155865 [s]
table_fill_time 1.4847 [s]
program_time 4.20722 [s]
