-------
bucket_split_time 0.98819 [s]
bucket_sort_time 0.393972 [s]
bucket_to_array_time 0.040194 [s]
table_fill_time 0.48835 [s]
program_time 1.98533 [s]
-------
bucket_split_time 1.03161 [s]
bucket_sort_time 0.368101 [s]
bucket_to_array_time 0.070374 [s]
table_fill_time 0.489354 [s]
program_time 2.03385 [s]
-------
bucket_split_time 0.956969 [s]
bucket_sort_time 0.374776 [s]
bucket_to_array_time 0.044992 [s]
table_fill_time 0.52251 [s]
program_time 1.97857 [s]
-------
bucket_split_time 0.992142 [s]
bucket_sort_time 0.354184 [s]
bucket_to_array_time 0.064442 [s]
table_fill_time 0.493997 [s]
program_time 1.98078 [s]
-------
bucket_split_time 0.995672 [s]
bucket_sort_time 0.300771 [s]
bucket_to_array_time 0.044353 [s]
table_fill_time 0.530745 [s]
program_time 1.94435 [s]
-------
bucket_split_time 0.673146 [s]
bucket_sort_time 0.296509 [s]
bucket_to_array_time 0.043833 [s]
table_fill_time 0.406149 [s]
program_time 1.49565 [s]
-------
bucket_split_time 0.693484 [s]
bucket_sort_time 0.271303 [s]
bucket_to_array_time 0.044932 [s]
table_fill_time 0.396419 [s]
program_time 1.47857 [s]
-------
bucket_split_time 0.666658 [s]
bucket_sort_time 0.279113 [s]
bucket_to_array_time 0.04387 [s]
table_fill_time 0.422899 [s]
program_time 1.48709 [s]
-------
bucket_split_time 0.696017 [s]
bucket_sort_time 0.315859 [s]
bucket_to_array_time 0.044179 [s]
table_fill_time 0.413887 [s]
program_time 1.54357 [s]
-------
bucket_split_time 0.687448 [s]
bucket_sort_time 0.267956 [s]
bucket_to_array_time 0.045928 [s]
table_fill_time 0.446183 [s]
program_time 1.52073 [s]
