-------
bucket_split_time 0.097325 [s]
bucket_sort_time 0.16884 [s]
bucket_to_array_time 0.019775 [s]
table_fill_time 0.182823 [s]
program_time 0.476409 [s]
-------
bucket_split_time 0.097308 [s]
bucket_sort_time 0.168888 [s]
bucket_to_array_time 0.019636 [s]
table_fill_time 0.18332 [s]
program_time 0.476654 [s]
-------
bucket_split_time 0.097439 [s]
bucket_sort_time 0.169171 [s]
bucket_to_array_time 0.020056 [s]
table_fill_time 0.18338 [s]
program_time 0.478357 [s]
-------
bucket_split_time 0.097156 [s]
bucket_sort_time 0.17023 [s]
bucket_to_array_time 0.020272 [s]
table_fill_time 0.183418 [s]
program_time 0.479475 [s]
-------
bucket_split_time 0.097201 [s]
bucket_sort_time 0.168652 [s]
bucket_to_array_time 0.019951 [s]
table_fill_time 0.18342 [s]
program_time 0.477301 [s]
-------
bucket_split_time 0.097047 [s]
bucket_sort_time 0.169251 [s]
bucket_to_array_time 0.019935 [s]
table_fill_time 0.18335 [s]
program_time 0.477298 [s]
-------
bucket_split_time 0.097183 [s]
bucket_sort_time 0.168603 [s]
bucket_to_array_time 0.019677 [s]
table_fill_time 0.183397 [s]
program_time 0.476697 [s]
-------
bucket_split_time 0.096728 [s]
bucket_sort_time 0.168698 [s]
bucket_to_array_time 0.019653 [s]
table_fill_time 0.183309 [s]
program_time 0.47595 [s]
-------
bucket_split_time 0.09711 [s]
bucket_sort_time 0.168926 [s]
bucket_to_array_time 0.019564 [s]
table_fill_time 0.183308 [s]
program_time 0.475958 [s]
-------
bucket_split_time 0.097339 [s]
bucket_sort_time 0.168658 [s]
bucket_to_array_time 0.019524 [s]
table_fill_time 0.183517 [s]
program_time 0.477063 [s]
