-------
bucket_split_time 0.030899 [s]
bucket_sort_time 0.079634 [s]
bucket_to_array_time 0.00631 [s]
table_fill_time 0.088126 [s]
program_time 0.209661 [s]
-------
bucket_split_time 0.031452 [s]
bucket_sort_time 0.079526 [s]
bucket_to_array_time 0.006284 [s]
table_fill_time 0.086185 [s]
program_time 0.208058 [s]
-------
bucket_split_time 0.031314 [s]
bucket_sort_time 0.079337 [s]
bucket_to_array_time 0.006265 [s]
table_fill_time 0.086947 [s]
program_time 0.20839 [s]
-------
bucket_split_time 0.031224 [s]
bucket_sort_time 0.079605 [s]
bucket_to_array_time 0.006245 [s]
table_fill_time 0.085536 [s]
program_time 0.206959 [s]
-------
bucket_split_time 0.03063 [s]
bucket_sort_time 0.079584 [s]
bucket_to_array_time 0.006296 [s]
table_fill_time 0.085731 [s]
program_time 0.20699 [s]
-------
bucket_split_time 0.031325 [s]
bucket_sort_time 0.079782 [s]
bucket_to_array_time 0.006269 [s]
table_fill_time 0.088448 [s]
program_time 0.210259 [s]
-------
bucket_split_time 0.031717 [s]
bucket_sort_time 0.07985 [s]
bucket_to_array_time 0.006237 [s]
table_fill_time 0.085205 [s]
program_time 0.20738 [s]
-------
bucket_split_time 0.031434 [s]
bucket_sort_time 0.079458 [s]
bucket_to_array_time 0.006257 [s]
table_fill_time 0.08417 [s]
program_time 0.205674 [s]
-------
bucket_split_time 0.030436 [s]
bucket_sort_time 0.079418 [s]
bucket_to_array_time 0.006421 [s]
table_fill_time 0.086442 [s]
program_time 0.207748 [s]
-------
bucket_split_time 0.031759 [s]
bucket_sort_time 0.079944 [s]
bucket_to_array_time 0.006328 [s]
table_fill_time 0.085278 [s]
program_time 0.208181 [s]
