-------
bucket_split_time 6.92243 [s]
bucket_sort_time 1.79108 [s]
bucket_to_array_time 1.09048 [s]
table_fill_time 2.95372 [s]
program_time 13.9984 [s]
-------
bucket_split_time 6.84192 [s]
bucket_sort_time 1.79401 [s]
bucket_to_array_time 1.08865 [s]
table_fill_time 2.92633 [s]
program_time 13.8858 [s]
-------
bucket_split_time 6.83664 [s]
bucket_sort_time 1.79111 [s]
bucket_to_array_time 1.0724 [s]
table_fill_time 2.93144 [s]
program_time 13.8665 [s]
-------
bucket_split_time 6.73316 [s]
bucket_sort_time 1.78398 [s]
bucket_to_array_time 1.07056 [s]
table_fill_time 3.0342 [s]
program_time 13.8533 [s]
-------
bucket_split_time 7.06963 [s]
bucket_sort_time 1.80787 [s]
bucket_to_array_time 1.09735 [s]
table_fill_time 2.93348 [s]
program_time 14.1302 [s]
-------
bucket_split_time 6.88478 [s]
bucket_sort_time 1.78106 [s]
bucket_to_array_time 1.21994 [s]
table_fill_time 2.96985 [s]
program_time 14.0945 [s]
-------
bucket_split_time 6.97623 [s]
bucket_sort_time 1.79886 [s]
bucket_to_array_time 1.07679 [s]
table_fill_time 2.93443 [s]
program_time 14.0074 [s]
-------
bucket_split_time 7.02852 [s]
bucket_sort_time 1.78764 [s]
bucket_to_array_time 1.21164 [s]
table_fill_time 3.06216 [s]
program_time 14.3312 [s]
-------
bucket_split_time 6.97943 [s]
bucket_sort_time 1.77878 [s]
bucket_to_array_time 1.07759 [s]
table_fill_time 2.93044 [s]
program_time 14.1372 [s]
-------
bucket_split_time 7.01118 [s]
bucket_sort_time 1.78852 [s]
bucket_to_array_time 1.06861 [s]
table_fill_time 2.93369 [s]
program_time 14.0798 [s]
