-------
bucket_split_time 0.440507 [s]
bucket_sort_time 3.04002 [s]
bucket_to_array_time 0.154063 [s]
table_fill_time 1.47788 [s]
program_time 5.1429 [s]
-------
bucket_split_time 0.44557 [s]
bucket_sort_time 3.03907 [s]
bucket_to_array_time 0.153532 [s]
table_fill_time 1.47931 [s]
program_time 5.14722 [s]
-------
bucket_split_time 0.437845 [s]
bucket_sort_time 3.04704 [s]
bucket_to_array_time 0.15223 [s]
table_fill_time 1.47537 [s]
program_time 5.14198 [s]
-------
bucket_split_time 0.450513 [s]
bucket_sort_time 3.0421 [s]
bucket_to_array_time 0.153516 [s]
table_fill_time 1.47543 [s]
program_time 5.15182 [s]
-------
bucket_split_time 0.446163 [s]
bucket_sort_time 3.0416 [s]
bucket_to_array_time 0.155237 [s]
table_fill_time 1.48001 [s]
program_time 5.15359 [s]
-------
bucket_split_time 0.433531 [s]
bucket_sort_time 3.03885 [s]
bucket_to_array_time 0.15509 [s]
table_fill_time 1.47761 [s]
program_time 5.13131 [s]
-------
bucket_split_time 0.435076 [s]
bucket_sort_time 3.03726 [s]
bucket_to_array_time 0.153823 [s]
table_fill_time 1.47867 [s]
program_time 5.1327 [s]
-------
bucket_split_time 0.447854 [s]
bucket_sort_time 3.05185 [s]
bucket_to_array_time 0.153962 [s]
table_fill_time 1.48208 [s]
program_time 5.16533 [s]
-------
bucket_split_time 0.450431 [s]
bucket_sort_time 3.04298 [s]
bucket_to_array_time 0.155343 [s]
table_fill_time 1.48293 [s]
program_time 5.16139 [s]
-------
bucket_split_time 0.436545 [s]
bucket_sort_time 3.03812 [s]
bucket_to_array_time 0.155085 [s]
table_fill_time 1.47643 [s]
program_time 5.13371 [s]
