-------
bucket_split_time 0.664415 [s]
bucket_sort_time 2.46118 [s]
bucket_to_array_time 0.26334 [s]
table_fill_time 0.879666 [s]
program_time 4.29373 [s]
-------
bucket_split_time 0.862415 [s]
bucket_sort_time 2.57793 [s]
bucket_to_array_time 0.261233 [s]
table_fill_time 0.84322 [s]
program_time 4.57163 [s]
-------
bucket_split_time 0.64042 [s]
bucket_sort_time 2.45315 [s]
bucket_to_array_time 0.264067 [s]
table_fill_time 0.899647 [s]
program_time 4.28186 [s]
-------
bucket_split_time 0.637986 [s]
bucket_sort_time 2.45217 [s]
bucket_to_array_time 0.260519 [s]
table_fill_time 0.828099 [s]
program_time 4.2035 [s]
-------
bucket_split_time 0.642371 [s]
bucket_sort_time 2.45823 [s]
bucket_to_array_time 0.260673 [s]
table_fill_time 0.790177 [s]
program_time 4.17625 [s]
-------
bucket_split_time 0.642991 [s]
bucket_sort_time 2.46726 [s]
bucket_to_array_time 0.262856 [s]
table_fill_time 0.845586 [s]
program_time 4.24507 [s]
-------
bucket_split_time 0.649157 [s]
bucket_sort_time 2.47263 [s]
bucket_to_array_time 0.26089 [s]
table_fill_time 1.02329 [s]
program_time 4.43367 [s]
-------
bucket_split_time 0.741129 [s]
bucket_sort_time 2.46891 [s]
bucket_to_array_time 0.261141 [s]
table_fill_time 1.16448 [s]
program_time 4.67127 [s]
-------
bucket_split_time 0.649337 [s]
bucket_sort_time 2.4626 [s]
bucket_to_array_time 0.26019 [s]
table_fill_time 0.803778 [s]
program_time 4.20036 [s]
-------
bucket_split_time 0.664669 [s]
bucket_sort_time 2.56269 [s]
bucket_to_array_time 0.259258 [s]
table_fill_time 0.801649 [s]
program_time 4.31364 [s]
