-------
bucket_split_time 1.65831 [s]
bucket_sort_time 1.39282 [s]
bucket_to_array_time 0.320819 [s]
table_fill_time 1.95643 [s]
program_time 5.47136 [s]
-------
bucket_split_time 1.59885 [s]
bucket_sort_time 1.38267 [s]
bucket_to_array_time 0.320883 [s]
table_fill_time 1.99039 [s]
program_time 5.43656 [s]
-------
bucket_split_time 1.63026 [s]
bucket_sort_time 1.38321 [s]
bucket_to_array_time 0.319171 [s]
table_fill_time 1.9659 [s]
program_time 5.44555 [s]
-------
bucket_split_time 1.63662 [s]
bucket_sort_time 1.37952 [s]
bucket_to_array_time 0.320068 [s]
table_fill_time 1.96103 [s]
program_time 5.44362 [s]
-------
bucket_split_time 1.63986 [s]
bucket_sort_time 1.38682 [s]
bucket_to_array_time 0.319879 [s]
table_fill_time 1.9769 [s]
program_time 5.46622 [s]
-------
bucket_split_time 1.58854 [s]
bucket_sort_time 1.38177 [s]
bucket_to_array_time 0.32044 [s]
table_fill_time 2.00342 [s]
program_time 5.44051 [s]
-------
bucket_split_time 1.57714 [s]
bucket_sort_time 1.38174 [s]
bucket_to_array_time 0.320838 [s]
table_fill_time 1.93294 [s]
program_time 5.35727 [s]
-------
bucket_split_time 1.71732 [s]
bucket_sort_time 1.37914 [s]
bucket_to_array_time 0.319436 [s]
table_fill_time 1.90088 [s]
program_time 5.46375 [s]
-------
bucket_split_time 1.59657 [s]
bucket_sort_time 1.37991 [s]
bucket_to_array_time 0.320878 [s]
table_fill_time 1.90777 [s]
program_time 5.35515 [s]
-------
bucket_split_time 1.58115 [s]
bucket_sort_time 1.37046 [s]
bucket_to_array_time 0.321559 [s]
table_fill_time 1.93762 [s]
program_time 5.35347 [s]
