-------
bucket_split_time 5.85806 [s]
bucket_sort_time 1.13599 [s]
bucket_to_array_time 0.411432 [s]
table_fill_time 2.22004 [s]
program_time 10.3273 [s]
-------
bucket_split_time 6.01264 [s]
bucket_sort_time 1.13576 [s]
bucket_to_array_time 0.412323 [s]
table_fill_time 2.2179 [s]
program_time 10.4909 [s]
-------
bucket_split_time 6.09702 [s]
bucket_sort_time 1.13359 [s]
bucket_to_array_time 0.412117 [s]
table_fill_time 2.21542 [s]
program_time 10.5569 [s]
-------
bucket_split_time 5.99242 [s]
bucket_sort_time 1.13344 [s]
bucket_to_array_time 0.407494 [s]
table_fill_time 2.21264 [s]
program_time 10.4503 [s]
-------
bucket_split_time 5.93209 [s]
bucket_sort_time 1.13943 [s]
bucket_to_array_time 0.403909 [s]
table_fill_time 2.21428 [s]
program_time 10.3874 [s]
-------
bucket_split_time 5.93655 [s]
bucket_sort_time 1.12984 [s]
bucket_to_array_time 0.405301 [s]
table_fill_time 2.21892 [s]
program_time 10.3902 [s]
-------
bucket_split_time 5.96458 [s]
bucket_sort_time 1.13089 [s]
bucket_to_array_time 0.407448 [s]
table_fill_time 2.21477 [s]
program_time 10.4164 [s]
-------
bucket_split_time 5.88516 [s]
bucket_sort_time 1.13902 [s]
bucket_to_array_time 0.411113 [s]
table_fill_time 2.21807 [s]
program_time 10.3613 [s]
-------
bucket_split_time 5.89646 [s]
bucket_sort_time 1.14161 [s]
bucket_to_array_time 0.411052 [s]
table_fill_time 2.22758 [s]
program_time 10.3841 [s]
-------
bucket_split_time 5.86785 [s]
bucket_sort_time 1.13795 [s]
bucket_to_array_time 0.409827 [s]
table_fill_time 2.22262 [s]
program_time 10.3425 [s]
