-------
bucket_split_time 1.26253 [s]
bucket_sort_time 6.06761 [s]
bucket_to_array_time 0.525515 [s]
table_fill_time 2.93695 [s]
program_time 10.8435 [s]
-------
bucket_split_time 1.2662 [s]
bucket_sort_time 6.06579 [s]
bucket_to_array_time 0.531085 [s]
table_fill_time 2.93864 [s]
program_time 10.8533 [s]
-------
bucket_split_time 1.25414 [s]
bucket_sort_time 6.06908 [s]
bucket_to_array_time 0.528079 [s]
table_fill_time 2.92953 [s]
program_time 10.8318 [s]
-------
bucket_split_time 1.26291 [s]
bucket_sort_time 6.06539 [s]
bucket_to_array_time 0.52438 [s]
table_fill_time 2.93277 [s]
program_time 10.8357 [s]
-------
bucket_split_time 1.26421 [s]
bucket_sort_time 6.06882 [s]
bucket_to_array_time 0.528126 [s]
table_fill_time 2.93376 [s]
program_time 10.8462 [s]
-------
bucket_split_time 1.26557 [s]
bucket_sort_time 6.06698 [s]
bucket_to_array_time 0.528785 [s]
table_fill_time 2.9339 [s]
program_time 10.8454 [s]
-------
bucket_split_time 1.25912 [s]
bucket_sort_time 6.06904 [s]
bucket_to_array_time 0.526935 [s]
table_fill_time 2.93077 [s]
program_time 10.8362 [s]
-------
bucket_split_time 1.26223 [s]
bucket_sort_time 6.06743 [s]
bucket_to_array_time 0.526111 [s]
table_fill_time 2.93115 [s]
program_time 10.8384 [s]
-------
bucket_split_time 1.27567 [s]
bucket_sort_time 6.0698 [s]
bucket_to_array_time 0.524721 [s]
table_fill_time 2.93376 [s]
program_time 10.8545 [s]
-------
bucket_split_time 1.26129 [s]
bucket_sort_time 6.06747 [s]
bucket_to_array_time 0.526452 [s]
table_fill_time 2.93438 [s]
program_time 10.841 [s]
