-------
bucket_split_time 0.213365 [s]
bucket_sort_time 1.52119 [s]
bucket_to_array_time 0.07697 [s]
table_fill_time 0.739333 [s]
program_time 2.56549 [s]
-------
bucket_split_time 0.218889 [s]
bucket_sort_time 1.52124 [s]
bucket_to_array_time 0.077091 [s]
table_fill_time 0.739131 [s]
program_time 2.57031 [s]
-------
bucket_split_time 0.221735 [s]
bucket_sort_time 1.52199 [s]
bucket_to_array_time 0.077458 [s]
table_fill_time 0.738326 [s]
program_time 2.57378 [s]
-------
bucket_split_time 0.213951 [s]
bucket_sort_time 1.52219 [s]
bucket_to_array_time 0.077761 [s]
table_fill_time 0.738745 [s]
program_time 2.56768 [s]
-------
bucket_split_time 0.212433 [s]
bucket_sort_time 1.52084 [s]
bucket_to_array_time 0.077452 [s]
table_fill_time 0.739103 [s]
program_time 2.56488 [s]
-------
bucket_split_time 0.21291 [s]
bucket_sort_time 1.52233 [s]
bucket_to_array_time 0.077228 [s]
table_fill_time 0.734659 [s]
program_time 2.56108 [s]
-------
bucket_split_time 0.214681 [s]
bucket_sort_time 1.52164 [s]
bucket_to_array_time 0.076972 [s]
table_fill_time 0.73937 [s]
program_time 2.56664 [s]
-------
bucket_split_time 0.212588 [s]
bucket_sort_time 1.5209 [s]
bucket_to_array_time 0.076705 [s]
table_fill_time 0.737872 [s]
program_time 2.56308 [s]
-------
bucket_split_time 0.213943 [s]
bucket_sort_time 1.52149 [s]
bucket_to_array_time 0.076269 [s]
table_fill_time 0.737658 [s]
program_time 2.56448 [s]
-------
bucket_split_time 0.213656 [s]
bucket_sort_time 1.52055 [s]
bucket_to_array_time 0.076603 [s]
table_fill_time 0.738776 [s]
program_time 2.56356 [s]
