-------
bucket_split_time 2.51402 [s]
bucket_sort_time 0.176424 [s]
bucket_to_array_time 0.077221 [s]
table_fill_time 0.425654 [s]
program_time 3.55125 [s]
-------
bucket_split_time 3.35009 [s]
bucket_sort_time 0.201746 [s]
bucket_to_array_time 0.104029 [s]
table_fill_time 0.416554 [s]
program_time 4.45927 [s]
-------
bucket_split_time 2.53234 [s]
bucket_sort_time 0.16873 [s]
bucket_to_array_time 0.077178 [s]
table_fill_time 0.418176 [s]
program_time 3.57918 [s]
-------
bucket_split_time 2.54576 [s]
bucket_sort_time 0.256067 [s]
bucket_to_array_time 0.09469 [s]
table_fill_time 0.392578 [s]
program_time 3.62497 [s]
-------
bucket_split_time 3.43214 [s]
bucket_sort_time 0.186428 [s]
bucket_to_array_time 0.105152 [s]
table_fill_time 0.546525 [s]
program_time 4.64997 [s]
-------
bucket_split_time 3.45478 [s]
bucket_sort_time 0.26055 [s]
bucket_to_array_time 0.090082 [s]
table_fill_time 0.527623 [s]
program_time 4.67652 [s]
-------
bucket_split_time 3.42795 [s]
bucket_sort_time 0.249711 [s]
bucket_to_array_time 0.077617 [s]
table_fill_time 0.501927 [s]
program_time 4.59373 [s]
-------
bucket_split_time 3.42481 [s]
bucket_sort_time 0.246018 [s]
bucket_to_array_time 0.088696 [s]
table_fill_time 0.502635 [s]
program_time 4.60202 [s]
-------
bucket_split_time 3.43553 [s]
bucket_sort_time 0.193754 [s]
bucket_to_array_time 0.096126 [s]
table_fill_time 0.487504 [s]
program_time 4.55578 [s]
-------
bucket_split_time 3.44551 [s]
bucket_sort_time 0.242749 [s]
bucket_to_array_time 0.101541 [s]
table_fill_time 0.499412 [s]
program_time 4.63791 [s]
