-------
bucket_split_time 0.375627 [s]
bucket_sort_time 0.955193 [s]
bucket_to_array_time 0.077843 [s]
table_fill_time 0.981863 [s]
program_time 2.42753 [s]
-------
bucket_split_time 0.375924 [s]
bucket_sort_time 0.955279 [s]
bucket_to_array_time 0.07763 [s]
table_fill_time 0.982578 [s]
program_time 2.42658 [s]
-------
bucket_split_time 0.367216 [s]
bucket_sort_time 0.95589 [s]
bucket_to_array_time 0.077755 [s]
table_fill_time 0.981831 [s]
program_time 2.41671 [s]
-------
bucket_split_time 0.37373 [s]
bucket_sort_time 0.958581 [s]
bucket_to_array_time 0.077354 [s]
table_fill_time 1.00379 [s]
program_time 2.45001 [s]
-------
bucket_split_time 0.367408 [s]
bucket_sort_time 0.959055 [s]
bucket_to_array_time 0.077184 [s]
table_fill_time 0.972695 [s]
program_time 2.41224 [s]
-------
bucket_split_time 0.371114 [s]
bucket_sort_time 0.955628 [s]
bucket_to_array_time 0.077161 [s]
table_fill_time 0.962518 [s]
program_time 2.40188 [s]
-------
bucket_split_time 0.373843 [s]
bucket_sort_time 0.954268 [s]
bucket_to_array_time 0.077404 [s]
table_fill_time 0.989293 [s]
program_time 2.43121 [s]
-------
bucket_split_time 0.377474 [s]
bucket_sort_time 0.954178 [s]
bucket_to_array_time 0.077685 [s]
table_fill_time 0.989977 [s]
program_time 2.43379 [s]
-------
bucket_split_time 0.366181 [s]
bucket_sort_time 0.957493 [s]
bucket_to_array_time 0.077795 [s]
table_fill_time 0.962297 [s]
program_time 2.39957 [s]
-------
bucket_split_time 0.367209 [s]
bucket_sort_time 0.961175 [s]
bucket_to_array_time 0.077444 [s]
table_fill_time 0.989758 [s]
program_time 2.43211 [s]
