-------
bucket_split_time 0.634603 [s]
bucket_sort_time 0.400324 [s]
bucket_to_array_time 0.061484 [s]
table_fill_time 0.604328 [s]
program_time 1.75318 [s]
-------
bucket_split_time 0.632888 [s]
bucket_sort_time 0.401442 [s]
bucket_to_array_time 0.062522 [s]
table_fill_time 0.65576 [s]
program_time 1.8036 [s]
-------
bucket_split_time 0.650589 [s]
bucket_sort_time 0.545835 [s]
bucket_to_array_time 0.073991 [s]
table_fill_time 0.644894 [s]
program_time 1.96392 [s]
-------
bucket_split_time 0.652476 [s]
bucket_sort_time 0.507907 [s]
bucket_to_array_time 0.085348 [s]
table_fill_time 0.634695 [s]
program_time 1.9303 [s]
-------
bucket_split_time 0.637919 [s]
bucket_sort_time 0.429075 [s]
bucket_to_array_time 0.04223 [s]
table_fill_time 0.554032 [s]
program_time 1.71414 [s]
-------
bucket_split_time 0.348397 [s]
bucket_sort_time 0.343091 [s]
bucket_to_array_time 0.042244 [s]
table_fill_time 0.487819 [s]
program_time 1.27687 [s]
-------
bucket_split_time 0.344136 [s]
bucket_sort_time 0.337734 [s]
bucket_to_array_time 0.042475 [s]
table_fill_time 0.492385 [s]
program_time 1.2661 [s]
-------
bucket_split_time 0.346865 [s]
bucket_sort_time 0.337502 [s]
bucket_to_array_time 0.04195 [s]
table_fill_time 0.490485 [s]
program_time 1.26391 [s]
-------
bucket_split_time 0.344678 [s]
bucket_sort_time 0.337305 [s]
bucket_to_array_time 0.041913 [s]
table_fill_time 0.493865 [s]
program_time 1.26673 [s]
-------
bucket_split_time 0.341298 [s]
bucket_sort_time 0.33739 [s]
bucket_to_array_time 0.042053 [s]
table_fill_time 0.496217 [s]
program_time 1.26823 [s]
