-------
bucket_split_time 3.50368 [s]
bucket_sort_time 0.747216 [s]
bucket_to_array_time 0.464647 [s]
table_fill_time 1.80072 [s]
program_time 7.71252 [s]
-------
bucket_split_time 3.48997 [s]
bucket_sort_time 0.740056 [s]
bucket_to_array_time 0.452434 [s]
table_fill_time 1.68136 [s]
program_time 7.54326 [s]
-------
bucket_split_time 3.54835 [s]
bucket_sort_time 0.740854 [s]
bucket_to_array_time 0.468305 [s]
table_fill_time 1.79527 [s]
program_time 7.79034 [s]
-------
bucket_split_time 3.5077 [s]
bucket_sort_time 0.746664 [s]
bucket_to_array_time 0.470307 [s]
table_fill_time 1.70423 [s]
program_time 7.61986 [s]
-------
bucket_split_time 3.73354 [s]
bucket_sort_time 0.750094 [s]
bucket_to_array_time 0.458447 [s]
table_fill_time 1.7095 [s]
program_time 8.03245 [s]
-------
bucket_split_time 3.60149 [s]
bucket_sort_time 0.745707 [s]
bucket_to_array_time 0.466985 [s]
table_fill_time 1.87328 [s]
program_time 8.07145 [s]
-------
bucket_split_time 3.56037 [s]
bucket_sort_time 0.746405 [s]
bucket_to_array_time 0.467912 [s]
table_fill_time 1.71011 [s]
program_time 7.70892 [s]
-------
bucket_split_time 3.55303 [s]
bucket_sort_time 0.74965 [s]
bucket_to_array_time 0.467153 [s]
table_fill_time 1.71544 [s]
program_time 7.73203 [s]
-------
bucket_split_time 3.53942 [s]
bucket_sort_time 0.745647 [s]
bucket_to_array_time 0.465799 [s]
table_fill_time 1.87591 [s]
program_time 7.83592 [s]
-------
bucket_split_time 3.55468 [s]
bucket_sort_time 0.747885 [s]
bucket_to_array_time 0.464899 [s]
table_fill_time 1.6564 [s]
program_time 7.7976 [s]
