-------
bucket_split_time 0.745313 [s]
bucket_sort_time 1.18567 [s]
bucket_to_array_time 0.098192 [s]
table_fill_time 1.30683 [s]
program_time 3.44209 [s]
-------
bucket_split_time 0.740107 [s]
bucket_sort_time 1.18756 [s]
bucket_to_array_time 0.099 [s]
table_fill_time 1.53421 [s]
program_time 3.66809 [s]
-------
bucket_split_time 0.748809 [s]
bucket_sort_time 1.19133 [s]
bucket_to_array_time 0.098844 [s]
table_fill_time 1.30627 [s]
program_time 3.45229 [s]
-------
bucket_split_time 0.743603 [s]
bucket_sort_time 1.18782 [s]
bucket_to_array_time 0.098721 [s]
table_fill_time 1.38262 [s]
program_time 3.52002 [s]
-------
bucket_split_time 0.857262 [s]
bucket_sort_time 1.18834 [s]
bucket_to_array_time 0.098699 [s]
table_fill_time 1.48015 [s]
program_time 3.73181 [s]
-------
bucket_split_time 0.746131 [s]
bucket_sort_time 1.18499 [s]
bucket_to_array_time 0.098202 [s]
table_fill_time 1.3547 [s]
program_time 3.49031 [s]
-------
bucket_split_time 0.746294 [s]
bucket_sort_time 1.18489 [s]
bucket_to_array_time 0.097944 [s]
table_fill_time 1.40974 [s]
program_time 3.54577 [s]
-------
bucket_split_time 0.746587 [s]
bucket_sort_time 1.18534 [s]
bucket_to_array_time 0.098143 [s]
table_fill_time 1.47668 [s]
program_time 3.6142 [s]
-------
bucket_split_time 0.777372 [s]
bucket_sort_time 1.18782 [s]
bucket_to_array_time 0.098871 [s]
table_fill_time 1.34177 [s]
program_time 3.51231 [s]
-------
bucket_split_time 0.743899 [s]
bucket_sort_time 1.18793 [s]
bucket_to_array_time 0.098702 [s]
table_fill_time 1.34442 [s]
program_time 3.48185 [s]
