-------
bucket_split_time 0.073654 [s]
bucket_sort_time 0.084527 [s]
bucket_to_array_time 0.010477 [s]
table_fill_time 0.124274 [s]
program_time 0.306849 [s]
-------
bucket_split_time 0.073895 [s]
bucket_sort_time 0.084871 [s]
bucket_to_array_time 0.010524 [s]
table_fill_time 0.123373 [s]
program_time 0.305787 [s]
-------
bucket_split_time 0.074869 [s]
bucket_sort_time 0.085109 [s]
bucket_to_array_time 0.010492 [s]
table_fill_time 0.123956 [s]
program_time 0.305783 [s]
-------
bucket_split_time 0.073801 [s]
bucket_sort_time 0.084834 [s]
bucket_to_array_time 0.010537 [s]
table_fill_time 0.127005 [s]
program_time 0.309749 [s]
-------
bucket_split_time 0.098006 [s]
bucket_sort_time 0.084418 [s]
bucket_to_array_time 0.01045 [s]
table_fill_time 0.129519 [s]
program_time 0.333856 [s]
-------
bucket_split_time 0.12551 [s]
bucket_sort_time 0.103398 [s]
bucket_to_array_time 0.010474 [s]
table_fill_time 0.125442 [s]
program_time 0.378635 [s]
-------
bucket_split_time 0.097667 [s]
bucket_sort_time 0.084668 [s]
bucket_to_array_time 0.01048 [s]
table_fill_time 0.124273 [s]
program_time 0.329755 [s]
-------
bucket_split_time 0.108167 [s]
bucket_sort_time 0.119224 [s]
bucket_to_array_time 0.010527 [s]
table_fill_time 0.125805 [s]
program_time 0.375367 [s]
-------
bucket_split_time 0.073052 [s]
bucket_sort_time 0.084782 [s]
bucket_to_array_time 0.010398 [s]
table_fill_time 0.122725 [s]
program_time 0.301638 [s]
-------
bucket_split_time 0.076453 [s]
bucket_sort_time 0.084894 [s]
bucket_to_array_time 0.010522 [s]
table_fill_time 0.185307 [s]
program_time 0.367692 [s]
