-------
bucket_split_time 0.141135 [s]
bucket_sort_time 0.046985 [s]
bucket_to_array_time 0.021393 [s]
table_fill_time 0.130751 [s]
program_time 0.38289 [s]
-------
bucket_split_time 0.13891 [s]
bucket_sort_time 0.049226 [s]
bucket_to_array_time 0.021939 [s]
table_fill_time 0.125049 [s]
program_time 0.378194 [s]
-------
bucket_split_time 0.139906 [s]
bucket_sort_time 0.049312 [s]
bucket_to_array_time 0.025393 [s]
table_fill_time 0.128326 [s]
program_time 0.390965 [s]
-------
bucket_split_time 0.341792 [s]
bucket_sort_time 0.050115 [s]
bucket_to_array_time 0.026283 [s]
table_fill_time 0.125549 [s]
program_time 0.596433 [s]
-------
bucket_split_time 0.140532 [s]
bucket_sort_time 0.046876 [s]
bucket_to_array_time 0.021283 [s]
table_fill_time 0.125602 [s]
program_time 0.378612 [s]
-------
bucket_split_time 0.138559 [s]
bucket_sort_time 0.047459 [s]
bucket_to_array_time 0.021492 [s]
table_fill_time 0.127999 [s]
program_time 0.377907 [s]
-------
bucket_split_time 0.139785 [s]
bucket_sort_time 0.049454 [s]
bucket_to_array_time 0.025515 [s]
table_fill_time 0.126707 [s]
program_time 0.38925 [s]
-------
bucket_split_time 0.259533 [s]
bucket_sort_time 0.051218 [s]
bucket_to_array_time 0.024135 [s]
table_fill_time 0.123264 [s]
program_time 0.504836 [s]
-------
bucket_split_time 0.148907 [s]
bucket_sort_time 0.047305 [s]
bucket_to_array_time 0.021991 [s]
table_fill_time 0.126964 [s]
program_time 0.388525 [s]
-------
bucket_split_time 0.138401 [s]
bucket_sort_time 0.046938 [s]
bucket_to_array_time 0.021493 [s]
table_fill_time 0.126145 [s]
program_time 0.376199 [s]
