-------
bucket_split_time 1.00723 [s]
bucket_sort_time 1.35308 [s]
bucket_to_array_time 0.16418 [s]
table_fill_time 1.4833 [s]
program_time 4.08398 [s]
-------
bucket_split_time 0.994635 [s]
bucket_sort_time 1.3601 [s]
bucket_to_array_time 0.164779 [s]
table_fill_time 1.47294 [s]
program_time 4.06841 [s]
-------
bucket_split_time 1.00229 [s]
bucket_sort_time 1.36125 [s]
bucket_to_array_time 0.165179 [s]
table_fill_time 1.47722 [s]
program_time 4.0827 [s]
-------
bucket_split_time 1.00762 [s]
bucket_sort_time 1.36152 [s]
bucket_to_array_time 0.165175 [s]
table_fill_time 1.47938 [s]
program_time 4.09074 [s]
-------
bucket_split_time 1.01209 [s]
bucket_sort_time 1.36218 [s]
bucket_to_array_time 0.163438 [s]
table_fill_time 1.48103 [s]
program_time 4.09063 [s]
-------
bucket_split_time 1.01046 [s]
bucket_sort_time 1.3574 [s]
bucket_to_array_time 0.16332 [s]
table_fill_time 1.5115 [s]
program_time 4.11964 [s]
-------
bucket_split_time 1.00406 [s]
bucket_sort_time 1.36212 [s]
bucket_to_array_time 0.164426 [s]
table_fill_time 1.47706 [s]
program_time 4.08493 [s]
-------
bucket_split_time 1.00832 [s]
bucket_sort_time 1.3597 [s]
bucket_to_array_time 0.165299 [s]
table_fill_time 1.48092 [s]
program_time 4.09103 [s]
-------
bucket_split_time 0.997456 [s]
bucket_sort_time 1.36022 [s]
bucket_to_array_time 0.165177 [s]
table_fill_time 1.48331 [s]
program_time 4.08286 [s]
-------
bucket_split_time 1.01164 [s]
bucket_sort_time 1.36439 [s]
bucket_to_array_time 0.164467 [s]
table_fill_time 1.4792 [s]
program_time 4.09247 [s]
