-------
bucket_split_time 1.65908 [s]
bucket_sort_time 0.186904 [s]
bucket_to_array_time 0.076364 [s]
table_fill_time 0.506842 [s]
program_time 2.71828 [s]
-------
bucket_split_time 1.7386 [s]
bucket_sort_time 0.238605 [s]
bucket_to_array_time 0.096692 [s]
table_fill_time 0.49724 [s]
program_time 2.8523 [s]
-------
bucket_split_time 2.4144 [s]
bucket_sort_time 0.304901 [s]
bucket_to_array_time 0.1231 [s]
table_fill_time 0.693049 [s]
program_time 3.7934 [s]
-------
bucket_split_time 2.37427 [s]
bucket_sort_time 0.291734 [s]
bucket_to_array_time 0.097213 [s]
table_fill_time 0.652103 [s]
program_time 3.69598 [s]
-------
bucket_split_time 2.34806 [s]
bucket_sort_time 0.261217 [s]
bucket_to_array_time 0.109828 [s]
table_fill_time 0.62948 [s]
program_time 3.60882 [s]
-------
bucket_split_time 2.30097 [s]
bucket_sort_time 0.275764 [s]
bucket_to_array_time 0.123868 [s]
table_fill_time 0.561539 [s]
program_time 3.52848 [s]
-------
bucket_split_time 2.43281 [s]
bucket_sort_time 0.279558 [s]
bucket_to_array_time 0.094077 [s]
table_fill_time 0.677129 [s]
program_time 3.74335 [s]
-------
bucket_split_time 2.50489 [s]
bucket_sort_time 0.310395 [s]
bucket_to_array_time 0.124384 [s]
table_fill_time 0.565434 [s]
program_time 3.767 [s]
-------
bucket_split_time 2.38109 [s]
bucket_sort_time 0.27414 [s]
bucket_to_array_time 0.125765 [s]
table_fill_time 0.675197 [s]
program_time 3.71387 [s]
-------
bucket_split_time 2.30701 [s]
bucket_sort_time 0.308185 [s]
bucket_to_array_time 0.095761 [s]
table_fill_time 0.55776 [s]
program_time 3.53188 [s]
