-------
bucket_split_time 0.213093 [s]
bucket_sort_time 0.129157 [s]
bucket_to_array_time 0.020715 [s]
table_fill_time 0.147155 [s]
program_time 0.527275 [s]
-------
bucket_split_time 0.195677 [s]
bucket_sort_time 0.134518 [s]
bucket_to_array_time 0.019686 [s]
table_fill_time 0.128101 [s]
program_time 0.49496 [s]
-------
bucket_split_time 0.201346 [s]
bucket_sort_time 0.109365 [s]
bucket_to_array_time 0.023127 [s]
table_fill_time 0.145301 [s]
program_time 0.498272 [s]
-------
bucket_split_time 0.203053 [s]
bucket_sort_time 0.10917 [s]
bucket_to_array_time 0.016069 [s]
table_fill_time 0.139176 [s]
program_time 0.486641 [s]
-------
bucket_split_time 0.209851 [s]
bucket_sort_time 0.092408 [s]
bucket_to_array_time 0.014519 [s]
table_fill_time 0.139924 [s]
program_time 0.473631 [s]
-------
bucket_split_time 0.138833 [s]
bucket_sort_time 0.088277 [s]
bucket_to_array_time 0.014329 [s]
table_fill_time 0.120764 [s]
program_time 0.37889 [s]
-------
bucket_split_time 0.138511 [s]
bucket_sort_time 0.086743 [s]
bucket_to_array_time 0.014436 [s]
table_fill_time 0.120296 [s]
program_time 0.376775 [s]
-------
bucket_split_time 0.198932 [s]
bucket_sort_time 0.119403 [s]
bucket_to_array_time 0.025079 [s]
table_fill_time 0.152583 [s]
program_time 0.513471 [s]
-------
bucket_split_time 0.208589 [s]
bucket_sort_time 0.094786 [s]
bucket_to_array_time 0.021252 [s]
table_fill_time 0.167173 [s]
program_time 0.513098 [s]
-------
bucket_split_time 0.204163 [s]
bucket_sort_time 0.098347 [s]
bucket_to_array_time 0.023199 [s]
table_fill_time 0.132132 [s]
program_time 0.477248 [s]
