-------
bucket_split_time 0.656956 [s]
bucket_sort_time 1.57548 [s]
bucket_to_array_time 0.250553 [s]
table_fill_time 1.03981 [s]
program_time 3.56392 [s]
-------
bucket_split_time 0.702208 [s]
bucket_sort_time 1.23675 [s]
bucket_to_array_time 0.132359 [s]
table_fill_time 1.09095 [s]
program_time 3.2022 [s]
-------
bucket_split_time 0.657867 [s]
bucket_sort_time 1.4004 [s]
bucket_to_array_time 0.264995 [s]
table_fill_time 1.11376 [s]
program_time 3.47808 [s]
-------
bucket_split_time 0.807246 [s]
bucket_sort_time 1.23389 [s]
bucket_to_array_time 0.130723 [s]
table_fill_time 1.19031 [s]
program_time 3.40295 [s]
-------
bucket_split_time 0.654928 [s]
bucket_sort_time 1.51911 [s]
bucket_to_array_time 0.232628 [s]
table_fill_time 1.02668 [s]
program_time 3.47483 [s]
-------
bucket_split_time 0.670125 [s]
bucket_sort_time 1.23097 [s]
bucket_to_array_time 0.133685 [s]
table_fill_time 1.15546 [s]
program_time 3.22941 [s]
-------
bucket_split_time 0.714136 [s]
bucket_sort_time 1.68011 [s]
bucket_to_array_time 0.131868 [s]
table_fill_time 1.02695 [s]
program_time 3.59363 [s]
-------
bucket_split_time 0.658931 [s]
bucket_sort_time 1.23267 [s]
bucket_to_array_time 0.13334 [s]
table_fill_time 1.09605 [s]
program_time 3.15908 [s]
-------
bucket_split_time 0.811753 [s]
bucket_sort_time 1.25126 [s]
bucket_to_array_time 0.132894 [s]
table_fill_time 1.30074 [s]
program_time 3.5389 [s]
-------
bucket_split_time 0.657814 [s]
bucket_sort_time 1.49218 [s]
bucket_to_array_time 0.252088 [s]
table_fill_time 1.08825 [s]
program_time 3.53171 [s]
