-------
bucket_split_time 7.09089 [s]
bucket_sort_time 0.749008 [s]
bucket_to_array_time 0.307377 [s]
table_fill_time 1.98362 [s]
program_time 11.369 [s]
-------
bucket_split_time 7.14239 [s]
bucket_sort_time 0.746012 [s]
bucket_to_array_time 0.306712 [s]
table_fill_time 1.93327 [s]
program_time 11.3668 [s]
-------
bucket_split_time 7.09473 [s]
bucket_sort_time 0.744011 [s]
bucket_to_array_time 0.305673 [s]
table_fill_time 1.93079 [s]
program_time 11.3212 [s]
-------
bucket_split_time 7.14337 [s]
bucket_sort_time 0.74914 [s]
bucket_to_array_time 0.306294 [s]
table_fill_time 1.92597 [s]
program_time 11.3718 [s]
-------
bucket_split_time 7.1125 [s]
bucket_sort_time 0.748183 [s]
bucket_to_array_time 0.309198 [s]
table_fill_time 1.96978 [s]
program_time 11.4004 [s]
-------
bucket_split_time 7.13882 [s]
bucket_sort_time 0.74775 [s]
bucket_to_array_time 0.307843 [s]
table_fill_time 2.00339 [s]
program_time 11.4414 [s]
-------
bucket_split_time 7.13331 [s]
bucket_sort_time 0.749299 [s]
bucket_to_array_time 0.307316 [s]
table_fill_time 1.98263 [s]
program_time 11.446 [s]
-------
bucket_split_time 7.06957 [s]
bucket_sort_time 0.747529 [s]
bucket_to_array_time 0.30633 [s]
table_fill_time 1.96328 [s]
program_time 11.3263 [s]
-------
bucket_split_time 7.09629 [s]
bucket_sort_time 0.745316 [s]
bucket_to_array_time 0.306735 [s]
table_fill_time 2.01314 [s]
program_time 11.4024 [s]
-------
bucket_split_time 7.13153 [s]
bucket_sort_time 0.744991 [s]
bucket_to_array_time 0.305562 [s]
table_fill_time 1.97224 [s]
program_time 11.417 [s]
