-------
bucket_split_time 1.27223 [s]
bucket_sort_time 0.461969 [s]
bucket_to_array_time 0.067402 [s]
table_fill_time 0.736744 [s]
program_time 2.68933 [s]
-------
bucket_split_time 1.29128 [s]
bucket_sort_time 0.449773 [s]
bucket_to_array_time 0.066822 [s]
table_fill_time 0.714414 [s]
program_time 2.67957 [s]
-------
bucket_split_time 1.37772 [s]
bucket_sort_time 0.506047 [s]
bucket_to_array_time 0.05849 [s]
table_fill_time 0.673973 [s]
program_time 2.76624 [s]
-------
bucket_split_time 1.20496 [s]
bucket_sort_time 0.466049 [s]
bucket_to_array_time 0.068769 [s]
table_fill_time 0.746216 [s]
program_time 2.64274 [s]
-------
bucket_split_time 1.20193 [s]
bucket_sort_time 0.499396 [s]
bucket_to_array_time 0.065777 [s]
table_fill_time 0.701214 [s]
program_time 2.62546 [s]
-------
bucket_split_time 1.32112 [s]
bucket_sort_time 0.466338 [s]
bucket_to_array_time 0.067341 [s]
table_fill_time 0.732244 [s]
program_time 2.74024 [s]
-------
bucket_split_time 1.19945 [s]
bucket_sort_time 0.452782 [s]
bucket_to_array_time 0.068241 [s]
table_fill_time 0.698825 [s]
program_time 2.56617 [s]
-------
bucket_split_time 1.26262 [s]
bucket_sort_time 0.447221 [s]
bucket_to_array_time 0.067489 [s]
table_fill_time 0.701392 [s]
program_time 2.63983 [s]
-------
bucket_split_time 1.2138 [s]
bucket_sort_time 0.474202 [s]
bucket_to_array_time 0.067235 [s]
table_fill_time 0.65477 [s]
program_time 2.56494 [s]
-------
bucket_split_time 1.39518 [s]
bucket_sort_time 0.508893 [s]
bucket_to_array_time 0.065729 [s]
table_fill_time 0.72007 [s]
program_time 2.84021 [s]
