-------
bucket_split_time 0.796647 [s]
bucket_sort_time 3.70125 [s]
bucket_to_array_time 0.230612 [s]
table_fill_time 2.20643 [s]
program_time 6.9815 [s]
-------
bucket_split_time 0.793079 [s]
bucket_sort_time 3.70205 [s]
bucket_to_array_time 0.228707 [s]
table_fill_time 2.21532 [s]
program_time 6.98455 [s]
-------
bucket_split_time 0.787615 [s]
bucket_sort_time 3.71886 [s]
bucket_to_array_time 0.23327 [s]
table_fill_time 2.21505 [s]
program_time 6.99628 [s]
-------
bucket_split_time 0.774938 [s]
bucket_sort_time 3.70921 [s]
bucket_to_array_time 0.229557 [s]
table_fill_time 2.21211 [s]
program_time 6.96878 [s]
-------
bucket_split_time 0.843514 [s]
bucket_sort_time 3.71016 [s]
bucket_to_array_time 0.229775 [s]
table_fill_time 2.2642 [s]
program_time 7.09124 [s]
-------
bucket_split_time 0.786861 [s]
bucket_sort_time 3.83373 [s]
bucket_to_array_time 0.229957 [s]
table_fill_time 2.21921 [s]
program_time 7.12375 [s]
-------
bucket_split_time 0.825055 [s]
bucket_sort_time 3.79127 [s]
bucket_to_array_time 0.231654 [s]
table_fill_time 2.33518 [s]
program_time 7.22597 [s]
-------
bucket_split_time 0.782035 [s]
bucket_sort_time 4.12486 [s]
bucket_to_array_time 0.253126 [s]
table_fill_time 2.2596 [s]
program_time 7.46318 [s]
-------
bucket_split_time 1.00804 [s]
bucket_sort_time 3.78204 [s]
bucket_to_array_time 0.230495 [s]
table_fill_time 2.49396 [s]
program_time 7.56194 [s]
-------
bucket_split_time 0.780075 [s]
bucket_sort_time 3.96774 [s]
bucket_to_array_time 0.242965 [s]
table_fill_time 2.24594 [s]
program_time 7.28567 [s]
