-------
bucket_split_time 2.85099 [s]
bucket_sort_time 0.501287 [s]
bucket_to_array_time 0.377343 [s]
table_fill_time 0.918897 [s]
program_time 5.32491 [s]
-------
bucket_split_time 2.8718 [s]
bucket_sort_time 0.495558 [s]
bucket_to_array_time 0.385996 [s]
table_fill_time 1.06925 [s]
program_time 5.4661 [s]
-------
bucket_split_time 2.86353 [s]
bucket_sort_time 0.496266 [s]
bucket_to_array_time 0.41865 [s]
table_fill_time 1.17535 [s]
program_time 5.60461 [s]
-------
bucket_split_time 2.82293 [s]
bucket_sort_time 0.465685 [s]
bucket_to_array_time 0.359348 [s]
table_fill_time 1.00363 [s]
program_time 5.32229 [s]
-------
bucket_split_time 2.86294 [s]
bucket_sort_time 0.496151 [s]
bucket_to_array_time 0.267165 [s]
table_fill_time 1.1038 [s]
program_time 5.3735 [s]
-------
bucket_split_time 2.84076 [s]
bucket_sort_time 0.448858 [s]
bucket_to_array_time 0.280131 [s]
table_fill_time 1.22246 [s]
program_time 5.44033 [s]
-------
bucket_split_time 2.87743 [s]
bucket_sort_time 0.388271 [s]
bucket_to_array_time 0.30848 [s]
table_fill_time 1.2578 [s]
program_time 5.48111 [s]
-------
bucket_split_time 3.04108 [s]
bucket_sort_time 0.488631 [s]
bucket_to_array_time 0.285783 [s]
table_fill_time 1.23657 [s]
program_time 5.69538 [s]
-------
bucket_split_time 3.61374 [s]
bucket_sort_time 0.459904 [s]
bucket_to_array_time 0.305268 [s]
table_fill_time 1.0377 [s]
program_time 6.05278 [s]
-------
bucket_split_time 3.59416 [s]
bucket_sort_time 0.436563 [s]
bucket_to_array_time 0.303402 [s]
table_fill_time 1.07299 [s]
program_time 6.08368 [s]
