-------
bucket_split_time 0.822014 [s]
bucket_sort_time 0.5042 [s]
bucket_to_array_time 0.071469 [s]
table_fill_time 0.539598 [s]
program_time 1.96559 [s]
-------
bucket_split_time 0.778014 [s]
bucket_sort_time 0.657571 [s]
bucket_to_array_time 0.104631 [s]
table_fill_time 0.728255 [s]
program_time 2.299 [s]
-------
bucket_split_time 0.635243 [s]
bucket_sort_time 0.723507 [s]
bucket_to_array_time 0.106742 [s]
table_fill_time 0.728386 [s]
program_time 2.22184 [s]
-------
bucket_split_time 0.6663 [s]
bucket_sort_time 0.673822 [s]
bucket_to_array_time 0.137989 [s]
table_fill_time 0.711254 [s]
program_time 2.21792 [s]
-------
bucket_split_time 0.62901 [s]
bucket_sort_time 0.600659 [s]
bucket_to_array_time 0.102661 [s]
table_fill_time 0.764053 [s]
program_time 2.12543 [s]
-------
bucket_split_time 0.830503 [s]
bucket_sort_time 0.676372 [s]
bucket_to_array_time 0.104578 [s]
table_fill_time 0.673258 [s]
program_time 2.3135 [s]
-------
bucket_split_time 0.704062 [s]
bucket_sort_time 0.688507 [s]
bucket_to_array_time 0.10452 [s]
table_fill_time 0.711421 [s]
program_time 2.2389 [s]
-------
bucket_split_time 0.671019 [s]
bucket_sort_time 0.699394 [s]
bucket_to_array_time 0.099447 [s]
table_fill_time 0.695484 [s]
program_time 2.19287 [s]
-------
bucket_split_time 0.668737 [s]
bucket_sort_time 0.768521 [s]
bucket_to_array_time 0.137986 [s]
table_fill_time 0.711423 [s]
program_time 2.31517 [s]
-------
bucket_split_time 0.65782 [s]
bucket_sort_time 0.517895 [s]
bucket_to_array_time 0.068646 [s]
table_fill_time 0.800571 [s]
program_time 2.07335 [s]
