-------
bucket_split_time 1.38159 [s]
bucket_sort_time 0.675154 [s]
bucket_to_array_time 0.087413 [s]
table_fill_time 1.01417 [s]
program_time 3.35565 [s]
-------
bucket_split_time 1.3852 [s]
bucket_sort_time 0.674636 [s]
bucket_to_array_time 0.08737 [s]
table_fill_time 1.01794 [s]
program_time 3.36303 [s]
-------
bucket_split_time 1.38065 [s]
bucket_sort_time 0.672653 [s]
bucket_to_array_time 0.087081 [s]
table_fill_time 1.03029 [s]
program_time 3.3664 [s]
-------
bucket_split_time 1.38721 [s]
bucket_sort_time 0.675199 [s]
bucket_to_array_time 0.08677 [s]
table_fill_time 1.02189 [s]
program_time 3.36905 [s]
-------
bucket_split_time 1.38021 [s]
bucket_sort_time 0.675653 [s]
bucket_to_array_time 0.087655 [s]
table_fill_time 1.12162 [s]
program_time 3.46016 [s]
-------
bucket_split_time 1.37835 [s]
bucket_sort_time 0.676655 [s]
bucket_to_array_time 0.087179 [s]
table_fill_time 1.14399 [s]
program_time 3.48253 [s]
-------
bucket_split_time 1.39 [s]
bucket_sort_time 0.676621 [s]
bucket_to_array_time 0.087308 [s]
table_fill_time 1.1318 [s]
program_time 3.4842 [s]
-------
bucket_split_time 1.38821 [s]
bucket_sort_time 0.676817 [s]
bucket_to_array_time 0.087537 [s]
table_fill_time 1.15295 [s]
program_time 3.50217 [s]
-------
bucket_split_time 1.3829 [s]
bucket_sort_time 0.675487 [s]
bucket_to_array_time 0.087316 [s]
table_fill_time 1.05579 [s]
program_time 3.39806 [s]
-------
bucket_split_time 1.38143 [s]
bucket_sort_time 0.674348 [s]
bucket_to_array_time 0.086999 [s]
table_fill_time 1.03449 [s]
program_time 3.37299 [s]
