-------
bucket_split_time 3.35427 [s]
bucket_sort_time 2.76633 [s]
bucket_to_array_time 0.357064 [s]
table_fill_time 3.04303 [s]
program_time 9.67825 [s]
-------
bucket_split_time 3.16409 [s]
bucket_sort_time 2.73435 [s]
bucket_to_array_time 0.325967 [s]
table_fill_time 2.96591 [s]
program_time 9.36014 [s]
-------
bucket_split_time 3.17165 [s]
bucket_sort_time 2.75729 [s]
bucket_to_array_time 0.330099 [s]
table_fill_time 3.16524 [s]
program_time 9.58089 [s]
-------
bucket_split_time 2.99539 [s]
bucket_sort_time 3.15381 [s]
bucket_to_array_time 0.327128 [s]
table_fill_time 3.08334 [s]
program_time 9.76684 [s]
-------
bucket_split_time 3.01099 [s]
bucket_sort_time 2.75346 [s]
bucket_to_array_time 0.327808 [s]
table_fill_time 3.27798 [s]
program_time 9.53508 [s]
-------
bucket_split_time 2.93608 [s]
bucket_sort_time 2.69195 [s]
bucket_to_array_time 0.328952 [s]
table_fill_time 2.95071 [s]
program_time 9.06677 [s]
-------
bucket_split_time 3.00904 [s]
bucket_sort_time 2.69419 [s]
bucket_to_array_time 0.324674 [s]
table_fill_time 2.95373 [s]
program_time 9.14815 [s]
-------
bucket_split_time 2.85878 [s]
bucket_sort_time 2.69361 [s]
bucket_to_array_time 0.32943 [s]
table_fill_time 2.95534 [s]
program_time 9.01433 [s]
-------
bucket_split_time 2.84412 [s]
bucket_sort_time 2.7103 [s]
bucket_to_array_time 0.333448 [s]
table_fill_time 2.95882 [s]
program_time 9.02301 [s]
-------
bucket_split_time 2.80565 [s]
bucket_sort_time 2.6882 [s]
bucket_to_array_time 0.326727 [s]
table_fill_time 2.94654 [s]
program_time 8.92755 [s]
