-------
bucket_split_time 0.075098 [s]
bucket_sort_time 0.309064 [s]
bucket_to_array_time 0.033086 [s]
table_fill_time 0.186069 [s]
program_time 0.607394 [s]
-------
bucket_split_time 0.095049 [s]
bucket_sort_time 0.339673 [s]
bucket_to_array_time 0.033088 [s]
table_fill_time 0.185182 [s]
program_time 0.658268 [s]
-------
bucket_split_time 0.074786 [s]
bucket_sort_time 0.309415 [s]
bucket_to_array_time 0.031813 [s]
table_fill_time 0.187482 [s]
program_time 0.606485 [s]
-------
bucket_split_time 0.075533 [s]
bucket_sort_time 0.30919 [s]
bucket_to_array_time 0.03296 [s]
table_fill_time 0.184003 [s]
program_time 0.604561 [s]
-------
bucket_split_time 0.076418 [s]
bucket_sort_time 0.310633 [s]
bucket_to_array_time 0.033115 [s]
table_fill_time 0.236833 [s]
program_time 0.660492 [s]
-------
bucket_split_time 0.074956 [s]
bucket_sort_time 0.309323 [s]
bucket_to_array_time 0.031873 [s]
table_fill_time 0.183558 [s]
program_time 0.602844 [s]
-------
bucket_split_time 0.077477 [s]
bucket_sort_time 0.406373 [s]
bucket_to_array_time 0.033448 [s]
table_fill_time 0.183474 [s]
program_time 0.704185 [s]
-------
bucket_split_time 0.076808 [s]
bucket_sort_time 0.309908 [s]
bucket_to_array_time 0.034366 [s]
table_fill_time 0.183505 [s]
program_time 0.607862 [s]
-------
bucket_split_time 0.075355 [s]
bucket_sort_time 0.309081 [s]
bucket_to_array_time 0.032642 [s]
table_fill_time 0.183924 [s]
program_time 0.604038 [s]
-------
bucket_split_time 0.075165 [s]
bucket_sort_time 0.309892 [s]
bucket_to_array_time 0.03305 [s]
table_fill_time 0.185443 [s]
program_time 0.60883 [s]
