-------
bucket_split_time 1.30659 [s]
bucket_sort_time 0.422906 [s]
bucket_to_array_time 0.355616 [s]
table_fill_time 0.819323 [s]
program_time 3.34093 [s]
-------
bucket_split_time 1.27994 [s]
bucket_sort_time 0.291879 [s]
bucket_to_array_time 0.177279 [s]
table_fill_time 0.749934 [s]
program_time 2.95727 [s]
-------
bucket_split_time 1.49346 [s]
bucket_sort_time 0.293469 [s]
bucket_to_array_time 0.177683 [s]
table_fill_time 0.989629 [s]
program_time 3.40023 [s]
-------
bucket_split_time 1.39842 [s]
bucket_sort_time 0.294453 [s]
bucket_to_array_time 0.179243 [s]
table_fill_time 0.938571 [s]
program_time 3.27603 [s]
-------
bucket_split_time 1.68754 [s]
bucket_sort_time 0.308307 [s]
bucket_to_array_time 0.177794 [s]
table_fill_time 0.695442 [s]
program_time 3.32007 [s]
-------
bucket_split_time 1.75486 [s]
bucket_sort_time 0.296385 [s]
bucket_to_array_time 0.19082 [s]
table_fill_time 0.678195 [s]
program_time 3.37254 [s]
-------
bucket_split_time 1.72591 [s]
bucket_sort_time 0.299393 [s]
bucket_to_array_time 0.181014 [s]
table_fill_time 0.66545 [s]
program_time 3.34356 [s]
-------
bucket_split_time 1.28466 [s]
bucket_sort_time 0.565856 [s]
bucket_to_array_time 0.262017 [s]
table_fill_time 0.66831 [s]
program_time 3.24566 [s]
-------
bucket_split_time 1.35975 [s]
bucket_sort_time 0.293121 [s]
bucket_to_array_time 0.179927 [s]
table_fill_time 0.72115 [s]
program_time 2.99472 [s]
-------
bucket_split_time 1.38494 [s]
bucket_sort_time 0.29416 [s]
bucket_to_array_time 0.177594 [s]
table_fill_time 0.799694 [s]
program_time 3.12026 [s]
