-------
bucket_split_time 7.36918 [s]
bucket_sort_time 0.403703 [s]
bucket_to_array_time 0.196541 [s]
table_fill_time 1.01948 [s]
program_time 10.2805 [s]
-------
bucket_split_time 7.44451 [s]
bucket_sort_time 0.399233 [s]
bucket_to_array_time 0.194204 [s]
table_fill_time 1.03755 [s]
program_time 10.4139 [s]
-------
bucket_split_time 7.35504 [s]
bucket_sort_time 0.408462 [s]
bucket_to_array_time 0.198625 [s]
table_fill_time 1.08768 [s]
program_time 10.347 [s]
-------
bucket_split_time 7.37299 [s]
bucket_sort_time 0.402382 [s]
bucket_to_array_time 0.189925 [s]
table_fill_time 1.04213 [s]
program_time 10.2758 [s]
-------
bucket_split_time 7.32652 [s]
bucket_sort_time 0.411759 [s]
bucket_to_array_time 0.187532 [s]
table_fill_time 1.13075 [s]
program_time 10.3355 [s]
-------
bucket_split_time 7.38053 [s]
bucket_sort_time 0.364325 [s]
bucket_to_array_time 0.195279 [s]
table_fill_time 1.05712 [s]
program_time 10.2676 [s]
-------
bucket_split_time 7.37512 [s]
bucket_sort_time 0.382054 [s]
bucket_to_array_time 0.196805 [s]
table_fill_time 1.0101 [s]
program_time 10.2469 [s]
-------
bucket_split_time 7.37421 [s]
bucket_sort_time 0.390896 [s]
bucket_to_array_time 0.197112 [s]
table_fill_time 1.07582 [s]
program_time 10.3127 [s]
-------
bucket_split_time 7.35299 [s]
bucket_sort_time 0.38713 [s]
bucket_to_array_time 0.196841 [s]
table_fill_time 1.04311 [s]
program_time 10.2618 [s]
-------
bucket_split_time 7.3727 [s]
bucket_sort_time 0.361732 [s]
bucket_to_array_time 0.196813 [s]
table_fill_time 1.04081 [s]
program_time 10.2587 [s]
