-------
bucket_split_time 1.64314 [s]
bucket_sort_time 1.9695 [s]
bucket_to_array_time 0.25118 [s]
table_fill_time 1.62362 [s]
program_time 5.55524 [s]
-------
bucket_split_time 1.37389 [s]
bucket_sort_time 2.03073 [s]
bucket_to_array_time 0.295719 [s]
table_fill_time 1.67701 [s]
program_time 5.44288 [s]
-------
bucket_split_time 1.44717 [s]
bucket_sort_time 2.07471 [s]
bucket_to_array_time 0.220554 [s]
table_fill_time 1.95452 [s]
program_time 5.76373 [s]
-------
bucket_split_time 1.91131 [s]
bucket_sort_time 1.66799 [s]
bucket_to_array_time 0.174849 [s]
table_fill_time 1.38645 [s]
program_time 5.21181 [s]
-------
bucket_split_time 1.70755 [s]
bucket_sort_time 2.02617 [s]
bucket_to_array_time 0.247722 [s]
table_fill_time 1.49273 [s]
program_time 5.53921 [s]
-------
bucket_split_time 1.38595 [s]
bucket_sort_time 1.9397 [s]
bucket_to_array_time 0.24216 [s]
table_fill_time 1.74487 [s]
program_time 5.37494 [s]
-------
bucket_split_time 1.64275 [s]
bucket_sort_time 1.99713 [s]
bucket_to_array_time 0.190121 [s]
table_fill_time 1.86018 [s]
program_time 5.75736 [s]
-------
bucket_split_time 1.8523 [s]
bucket_sort_time 2.44298 [s]
bucket_to_array_time 0.277008 [s]
table_fill_time 1.51861 [s]
program_time 6.15587 [s]
-------
bucket_split_time 1.38269 [s]
bucket_sort_time 2.03779 [s]
bucket_to_array_time 0.246628 [s]
table_fill_time 1.94012 [s]
program_time 5.67137 [s]
-------
bucket_split_time 1.32515 [s]
bucket_sort_time 2.46735 [s]
bucket_to_array_time 0.255756 [s]
table_fill_time 1.6545 [s]
program_time 5.76971 [s]
