-------
bucket_split_time 0.058916 [s]
bucket_sort_time 0.238477 [s]
bucket_to_array_time 0.01873 [s]
table_fill_time 0.183309 [s]
program_time 0.503261 [s]
-------
bucket_split_time 0.059551 [s]
bucket_sort_time 0.239131 [s]
bucket_to_array_time 0.019393 [s]
table_fill_time 0.1844 [s]
program_time 0.506723 [s]
-------
bucket_split_time 0.059275 [s]
bucket_sort_time 0.238961 [s]
bucket_to_array_time 0.018848 [s]
table_fill_time 0.183309 [s]
program_time 0.504386 [s]
-------
bucket_split_time 0.059019 [s]
bucket_sort_time 0.238772 [s]
bucket_to_array_time 0.018801 [s]
table_fill_time 0.182895 [s]
program_time 0.503411 [s]
-------
bucket_split_time 0.059276 [s]
bucket_sort_time 0.23876 [s]
bucket_to_array_time 0.019322 [s]
table_fill_time 0.18337 [s]
program_time 0.504871 [s]
-------
bucket_split_time 0.059057 [s]
bucket_sort_time 0.238352 [s]
bucket_to_array_time 0.018778 [s]
table_fill_time 0.183306 [s]
program_time 0.503477 [s]
-------
bucket_split_time 0.059012 [s]
bucket_sort_time 0.239014 [s]
bucket_to_array_time 0.019013 [s]
table_fill_time 0.182812 [s]
program_time 0.50388 [s]
-------
bucket_split_time 0.059038 [s]
bucket_sort_time 0.238511 [s]
bucket_to_array_time 0.018789 [s]
table_fill_time 0.183053 [s]
program_time 0.503358 [s]
-------
bucket_split_time 0.059254 [s]
bucket_sort_time 0.239203 [s]
bucket_to_array_time 0.019162 [s]
table_fill_time 0.182815 [s]
program_time 0.50454 [s]
-------
bucket_split_time 0.059167 [s]
bucket_sort_time 0.239707 [s]
bucket_to_array_time 0.019307 [s]
table_fill_time 0.183 [s]
program_time 0.505352 [s]
