-------
bucket_split_time 0.052824 [s]
bucket_sort_time 0.379965 [s]
bucket_to_array_time 0.019014 [s]
table_fill_time 0.183083 [s]
program_time 0.63848 [s]
-------
bucket_split_time 0.052588 [s]
bucket_sort_time 0.380415 [s]
bucket_to_array_time 0.018612 [s]
table_fill_time 0.183466 [s]
program_time 0.638471 [s]
-------
bucket_split_time 0.052745 [s]
bucket_sort_time 0.380564 [s]
bucket_to_array_time 0.018998 [s]
table_fill_time 0.183312 [s]
program_time 0.639113 [s]
-------
bucket_split_time 0.053203 [s]
bucket_sort_time 0.380129 [s]
bucket_to_array_time 0.018861 [s]
table_fill_time 0.18411 [s]
program_time 0.641043 [s]
-------
bucket_split_time 0.052811 [s]
bucket_sort_time 0.38005 [s]
bucket_to_array_time 0.018726 [s]
table_fill_time 0.183322 [s]
program_time 0.638264 [s]
-------
bucket_split_time 0.052639 [s]
bucket_sort_time 0.380489 [s]
bucket_to_array_time 0.019014 [s]
table_fill_time 0.183451 [s]
program_time 0.639253 [s]
-------
bucket_split_time 0.052686 [s]
bucket_sort_time 0.380045 [s]
bucket_to_array_time 0.018807 [s]
table_fill_time 0.187595 [s]
program_time 0.642958 [s]
-------
bucket_split_time 0.053089 [s]
bucket_sort_time 0.380385 [s]
bucket_to_array_time 0.018789 [s]
table_fill_time 0.183671 [s]
program_time 0.639523 [s]
-------
bucket_split_time 0.052855 [s]
bucket_sort_time 0.380653 [s]
bucket_to_array_time 0.019007 [s]
table_fill_time 0.183566 [s]
program_time 0.639691 [s]
-------
bucket_split_time 0.054786 [s]
bucket_sort_time 0.380538 [s]
bucket_to_array_time 0.018892 [s]
table_fill_time 0.1833 [s]
program_time 0.641073 [s]
