-------
bucket_split_time 0.58257 [s]
bucket_sort_time 1.4383 [s]
bucket_to_array_time 0.116069 [s]
table_fill_time 1.45155 [s]
program_time 3.64164 [s]
-------
bucket_split_time 0.575022 [s]
bucket_sort_time 1.43188 [s]
bucket_to_array_time 0.116707 [s]
table_fill_time 1.47824 [s]
program_time 3.65563 [s]
-------
bucket_split_time 0.581817 [s]
bucket_sort_time 1.43217 [s]
bucket_to_array_time 0.115528 [s]
table_fill_time 1.50587 [s]
program_time 3.69025 [s]
-------
bucket_split_time 0.57802 [s]
bucket_sort_time 1.43277 [s]
bucket_to_array_time 0.119106 [s]
table_fill_time 1.48069 [s]
program_time 3.66748 [s]
-------
bucket_split_time 0.577729 [s]
bucket_sort_time 1.43294 [s]
bucket_to_array_time 0.115634 [s]
table_fill_time 1.4418 [s]
program_time 3.62416 [s]
-------
bucket_split_time 0.573633 [s]
bucket_sort_time 1.43737 [s]
bucket_to_array_time 0.115968 [s]
table_fill_time 1.51222 [s]
program_time 3.69076 [s]
-------
bucket_split_time 0.58193 [s]
bucket_sort_time 1.43781 [s]
bucket_to_array_time 0.116797 [s]
table_fill_time 1.52491 [s]
program_time 3.71462 [s]
-------
bucket_split_time 0.583491 [s]
bucket_sort_time 1.43636 [s]
bucket_to_array_time 0.116253 [s]
table_fill_time 1.44394 [s]
program_time 3.63588 [s]
-------
bucket_split_time 0.574436 [s]
bucket_sort_time 1.4347 [s]
bucket_to_array_time 0.11587 [s]
table_fill_time 1.50439 [s]
program_time 3.68621 [s]
-------
bucket_split_time 0.585616 [s]
bucket_sort_time 1.4318 [s]
bucket_to_array_time 0.115487 [s]
table_fill_time 1.43473 [s]
program_time 3.62309 [s]
