-------
bucket_split_time 0.445243 [s]
bucket_sort_time 0.708564 [s]
bucket_to_array_time 0.061306 [s]
table_fill_time 0.7175 [s]
program_time 1.97481 [s]
-------
bucket_split_time 0.501998 [s]
bucket_sort_time 0.655554 [s]
bucket_to_array_time 0.061488 [s]
table_fill_time 0.731857 [s]
program_time 1.99553 [s]
-------
bucket_split_time 0.456648 [s]
bucket_sort_time 0.70486 [s]
bucket_to_array_time 0.065588 [s]
table_fill_time 0.694603 [s]
program_time 1.96536 [s]
-------
bucket_split_time 0.452969 [s]
bucket_sort_time 0.683434 [s]
bucket_to_array_time 0.062079 [s]
table_fill_time 0.732629 [s]
program_time 1.97361 [s]
-------
bucket_split_time 0.448322 [s]
bucket_sort_time 0.680461 [s]
bucket_to_array_time 0.061879 [s]
table_fill_time 0.712424 [s]
program_time 1.94406 [s]
-------
bucket_split_time 0.433849 [s]
bucket_sort_time 0.651358 [s]
bucket_to_array_time 0.060578 [s]
table_fill_time 0.692804 [s]
program_time 1.88144 [s]
-------
bucket_split_time 0.454493 [s]
bucket_sort_time 0.604306 [s]
bucket_to_array_time 0.060595 [s]
table_fill_time 0.715432 [s]
program_time 1.8784 [s]
-------
bucket_split_time 0.443157 [s]
bucket_sort_time 0.672744 [s]
bucket_to_array_time 0.060339 [s]
table_fill_time 0.738536 [s]
program_time 1.95813 [s]
-------
bucket_split_time 0.449212 [s]
bucket_sort_time 0.652183 [s]
bucket_to_array_time 0.060914 [s]
table_fill_time 0.730382 [s]
program_time 1.9342 [s]
-------
bucket_split_time 0.447976 [s]
bucket_sort_time 0.662077 [s]
bucket_to_array_time 0.060305 [s]
table_fill_time 0.7219 [s]
program_time 1.93256 [s]
