-------
bucket_split_time 1.7269 [s]
bucket_sort_time 0.12543 [s]
bucket_to_array_time 0.061711 [s]
table_fill_time 0.376428 [s]
program_time 2.56734 [s]
-------
bucket_split_time 1.7357 [s]
bucket_sort_time 0.125599 [s]
bucket_to_array_time 0.061923 [s]
table_fill_time 0.351332 [s]
program_time 2.55453 [s]
-------
bucket_split_time 1.72077 [s]
bucket_sort_time 0.125267 [s]
bucket_to_array_time 0.061279 [s]
table_fill_time 0.333921 [s]
program_time 2.51808 [s]
-------
bucket_split_time 1.74039 [s]
bucket_sort_time 0.12572 [s]
bucket_to_array_time 0.0618 [s]
table_fill_time 0.355231 [s]
program_time 2.5655 [s]
-------
bucket_split_time 1.7289 [s]
bucket_sort_time 0.124631 [s]
bucket_to_array_time 0.061256 [s]
table_fill_time 0.364176 [s]
program_time 2.5561 [s]
-------
bucket_split_time 1.73797 [s]
bucket_sort_time 0.125469 [s]
bucket_to_array_time 0.061462 [s]
table_fill_time 0.341588 [s]
program_time 2.54464 [s]
-------
bucket_split_time 1.72326 [s]
bucket_sort_time 0.124482 [s]
bucket_to_array_time 0.060869 [s]
table_fill_time 0.376251 [s]
program_time 2.57031 [s]
-------
bucket_split_time 1.72814 [s]
bucket_sort_time 0.125601 [s]
bucket_to_array_time 0.061287 [s]
table_fill_time 0.33828 [s]
program_time 2.53858 [s]
-------
bucket_split_time 1.72692 [s]
bucket_sort_time 0.125788 [s]
bucket_to_array_time 0.061949 [s]
table_fill_time 0.339448 [s]
program_time 2.53546 [s]
-------
bucket_split_time 1.72118 [s]
bucket_sort_time 0.124869 [s]
bucket_to_array_time 0.061194 [s]
table_fill_time 0.337755 [s]
program_time 2.52046 [s]
