-------
bucket_split_time 3.64932 [s]
bucket_sort_time 0.250935 [s]
bucket_to_array_time 0.122814 [s]
table_fill_time 0.725521 [s]
program_time 5.42351 [s]
-------
bucket_split_time 3.63266 [s]
bucket_sort_time 0.250147 [s]
bucket_to_array_time 0.12116 [s]
table_fill_time 0.692918 [s]
program_time 5.35507 [s]
-------
bucket_split_time 3.5928 [s]
bucket_sort_time 0.25041 [s]
bucket_to_array_time 0.121253 [s]
table_fill_time 0.690521 [s]
program_time 5.32233 [s]
-------
bucket_split_time 3.65333 [s]
bucket_sort_time 0.249561 [s]
bucket_to_array_time 0.120607 [s]
table_fill_time 0.680334 [s]
program_time 5.37192 [s]
-------
bucket_split_time 3.6252 [s]
bucket_sort_time 0.249752 [s]
bucket_to_array_time 0.121289 [s]
table_fill_time 0.713483 [s]
program_time 5.37963 [s]
-------
bucket_split_time 3.61086 [s]
bucket_sort_time 0.250556 [s]
bucket_to_array_time 0.120399 [s]
table_fill_time 0.686099 [s]
program_time 5.34908 [s]
-------
bucket_split_time 3.60433 [s]
bucket_sort_time 0.249569 [s]
bucket_to_array_time 0.121512 [s]
table_fill_time 0.737449 [s]
program_time 5.40798 [s]
-------
bucket_split_time 3.60477 [s]
bucket_sort_time 0.251355 [s]
bucket_to_array_time 0.121258 [s]
table_fill_time 0.679447 [s]
program_time 5.32937 [s]
-------
bucket_split_time 3.60738 [s]
bucket_sort_time 0.249688 [s]
bucket_to_array_time 0.121137 [s]
table_fill_time 0.667009 [s]
program_time 5.31416 [s]
-------
bucket_split_time 3.60233 [s]
bucket_sort_time 0.250478 [s]
bucket_to_array_time 0.121441 [s]
table_fill_time 0.741518 [s]
program_time 5.38436 [s]
