-------
bucket_split_time 9.84029 [s]
bucket_sort_time 0.491772 [s]
bucket_to_array_time 0.258393 [s]
table_fill_time 1.43032 [s]
program_time 13.894 [s]
-------
bucket_split_time 9.82316 [s]
bucket_sort_time 0.539053 [s]
bucket_to_array_time 0.252136 [s]
table_fill_time 1.46801 [s]
program_time 14.454 [s]
-------
bucket_split_time 9.75924 [s]
bucket_sort_time 0.481769 [s]
bucket_to_array_time 0.257601 [s]
table_fill_time 1.37661 [s]
program_time 13.7705 [s]
-------
bucket_split_time 9.87934 [s]
bucket_sort_time 0.535841 [s]
bucket_to_array_time 0.259795 [s]
table_fill_time 1.41516 [s]
program_time 13.9687 [s]
-------
bucket_split_time 9.84747 [s]
bucket_sort_time 0.469493 [s]
bucket_to_array_time 0.257925 [s]
table_fill_time 1.42228 [s]
program_time 13.7703 [s]
-------
bucket_split_time 9.90647 [s]
bucket_sort_time 0.548309 [s]
bucket_to_array_time 0.249812 [s]
table_fill_time 1.46418 [s]
program_time 13.9726 [s]
-------
bucket_split_time 9.90776 [s]
bucket_sort_time 0.472737 [s]
bucket_to_array_time 0.259366 [s]
table_fill_time 1.42116 [s]
program_time 13.9603 [s]
-------
bucket_split_time 9.88221 [s]
bucket_sort_time 0.542779 [s]
bucket_to_array_time 0.262527 [s]
table_fill_time 1.32753 [s]
program_time 13.9681 [s]
-------
bucket_split_time 9.86406 [s]
bucket_sort_time 0.542439 [s]
bucket_to_array_time 0.256384 [s]
table_fill_time 1.33672 [s]
program_time 13.7827 [s]
-------
bucket_split_time 9.87166 [s]
bucket_sort_time 0.491397 [s]
bucket_to_array_time 0.255773 [s]
table_fill_time 1.28609 [s]
program_time 13.7279 [s]
