-------
bucket_split_time 0.726719 [s]
bucket_sort_time 1.85273 [s]
bucket_to_array_time 0.195909 [s]
table_fill_time 1.47654 [s]
program_time 4.2926 [s]
-------
bucket_split_time 0.729018 [s]
bucket_sort_time 2.11454 [s]
bucket_to_array_time 0.19493 [s]
table_fill_time 1.47786 [s]
program_time 4.55769 [s]
-------
bucket_split_time 1.09866 [s]
bucket_sort_time 1.90076 [s]
bucket_to_array_time 0.196712 [s]
table_fill_time 1.44716 [s]
program_time 4.68126 [s]
-------
bucket_split_time 0.745592 [s]
bucket_sort_time 2.0112 [s]
bucket_to_array_time 0.289754 [s]
table_fill_time 1.45521 [s]
program_time 4.53976 [s]
-------
bucket_split_time 0.741059 [s]
bucket_sort_time 1.85263 [s]
bucket_to_array_time 0.198043 [s]
table_fill_time 1.52791 [s]
program_time 4.36105 [s]
-------
bucket_split_time 0.732754 [s]
bucket_sort_time 1.85257 [s]
bucket_to_array_time 0.196829 [s]
table_fill_time 1.45704 [s]
program_time 4.27719 [s]
-------
bucket_split_time 0.917306 [s]
bucket_sort_time 1.98206 [s]
bucket_to_array_time 0.195091 [s]
table_fill_time 1.42104 [s]
program_time 4.55864 [s]
-------
bucket_split_time 0.737579 [s]
bucket_sort_time 1.8525 [s]
bucket_to_array_time 0.198967 [s]
table_fill_time 1.46335 [s]
program_time 4.29111 [s]
-------
bucket_split_time 0.730054 [s]
bucket_sort_time 2.01664 [s]
bucket_to_array_time 0.337045 [s]
table_fill_time 1.47344 [s]
program_time 4.59782 [s]
-------
bucket_split_time 0.834161 [s]
bucket_sort_time 1.85193 [s]
bucket_to_array_time 0.198096 [s]
table_fill_time 1.49498 [s]
program_time 4.41906 [s]
