-------
bucket_split_time 1.97072 [s]
bucket_sort_time 0.708051 [s]
bucket_to_array_time 0.098796 [s]
table_fill_time 1.0654 [s]
program_time 4.07843 [s]
-------
bucket_split_time 2.07638 [s]
bucket_sort_time 0.744337 [s]
bucket_to_array_time 0.098667 [s]
table_fill_time 1.05332 [s]
program_time 4.20854 [s]
-------
bucket_split_time 2.02201 [s]
bucket_sort_time 0.641698 [s]
bucket_to_array_time 0.099026 [s]
table_fill_time 0.955905 [s]
program_time 3.95284 [s]
-------
bucket_split_time 2.06974 [s]
bucket_sort_time 0.69397 [s]
bucket_to_array_time 0.098184 [s]
table_fill_time 1.08676 [s]
program_time 4.18237 [s]
-------
bucket_split_time 2.02182 [s]
bucket_sort_time 0.720207 [s]
bucket_to_array_time 0.098843 [s]
table_fill_time 1.06142 [s]
program_time 4.13355 [s]
-------
bucket_split_time 2.01195 [s]
bucket_sort_time 0.713086 [s]
bucket_to_array_time 0.099838 [s]
table_fill_time 1.00581 [s]
program_time 4.07139 [s]
-------
bucket_split_time 1.98947 [s]
bucket_sort_time 0.728269 [s]
bucket_to_array_time 0.099604 [s]
table_fill_time 1.00068 [s]
program_time 4.05462 [s]
-------
bucket_split_time 2.02793 [s]
bucket_sort_time 0.693845 [s]
bucket_to_array_time 0.098499 [s]
table_fill_time 1.12223 [s]
program_time 4.17338 [s]
-------
bucket_split_time 1.98497 [s]
bucket_sort_time 0.686667 [s]
bucket_to_array_time 0.099228 [s]
table_fill_time 1.00875 [s]
program_time 4.01211 [s]
-------
bucket_split_time 1.98541 [s]
bucket_sort_time 0.713844 [s]
bucket_to_array_time 0.099886 [s]
table_fill_time 1.00388 [s]
program_time 4.03623 [s]
