-------
bucket_split_time 0.168649 [s]
bucket_sort_time 0.477319 [s]
bucket_to_array_time 0.038629 [s]
table_fill_time 0.487279 [s]
program_time 1.19206 [s]
-------
bucket_split_time 0.168316 [s]
bucket_sort_time 0.478657 [s]
bucket_to_array_time 0.039435 [s]
table_fill_time 0.48496 [s]
program_time 1.19072 [s]
-------
bucket_split_time 0.169395 [s]
bucket_sort_time 0.479274 [s]
bucket_to_array_time 0.038856 [s]
table_fill_time 0.486405 [s]
program_time 1.19381 [s]
-------
bucket_split_time 0.16648 [s]
bucket_sort_time 0.478071 [s]
bucket_to_array_time 0.039314 [s]
table_fill_time 0.498792 [s]
program_time 1.20183 [s]
-------
bucket_split_time 0.16708 [s]
bucket_sort_time 0.477762 [s]
bucket_to_array_time 0.038954 [s]
table_fill_time 0.502385 [s]
program_time 1.20339 [s]
-------
bucket_split_time 0.167037 [s]
bucket_sort_time 0.480718 [s]
bucket_to_array_time 0.039218 [s]
table_fill_time 0.505092 [s]
program_time 1.20972 [s]
-------
bucket_split_time 0.176053 [s]
bucket_sort_time 0.478314 [s]
bucket_to_array_time 0.039018 [s]
table_fill_time 0.502078 [s]
program_time 1.21412 [s]
-------
bucket_split_time 0.166785 [s]
bucket_sort_time 0.477471 [s]
bucket_to_array_time 0.038991 [s]
table_fill_time 0.495354 [s]
program_time 1.19806 [s]
-------
bucket_split_time 0.169851 [s]
bucket_sort_time 0.479608 [s]
bucket_to_array_time 0.039262 [s]
table_fill_time 0.49771 [s]
program_time 1.20676 [s]
-------
bucket_split_time 0.169146 [s]
bucket_sort_time 0.482375 [s]
bucket_to_array_time 0.039015 [s]
table_fill_time 0.497941 [s]
program_time 1.20891 [s]
