-------
bucket_split_time 0.821304 [s]
bucket_sort_time 0.450652 [s]
bucket_to_array_time 0.058554 [s]
table_fill_time 0.671683 [s]
program_time 2.12976 [s]
-------
bucket_split_time 0.821542 [s]
bucket_sort_time 0.449883 [s]
bucket_to_array_time 0.058817 [s]
table_fill_time 0.689549 [s]
program_time 2.1473 [s]
-------
bucket_split_time 0.818723 [s]
bucket_sort_time 0.450625 [s]
bucket_to_array_time 0.058429 [s]
table_fill_time 0.683529 [s]
program_time 2.13891 [s]
-------
bucket_split_time 0.816629 [s]
bucket_sort_time 0.450559 [s]
bucket_to_array_time 0.058629 [s]
table_fill_time 0.687802 [s]
program_time 2.14092 [s]
-------
bucket_split_time 0.818714 [s]
bucket_sort_time 0.450332 [s]
bucket_to_array_time 0.058487 [s]
table_fill_time 0.699699 [s]
program_time 2.15475 [s]
-------
bucket_split_time 0.821826 [s]
bucket_sort_time 0.450102 [s]
bucket_to_array_time 0.05825 [s]
table_fill_time 0.670648 [s]
program_time 2.1288 [s]
-------
bucket_split_time 0.819537 [s]
bucket_sort_time 0.449642 [s]
bucket_to_array_time 0.058124 [s]
table_fill_time 0.727622 [s]
program_time 2.18239 [s]
-------
bucket_split_time 0.813787 [s]
bucket_sort_time 0.449505 [s]
bucket_to_array_time 0.058267 [s]
table_fill_time 0.688286 [s]
program_time 2.13763 [s]
-------
bucket_split_time 0.818077 [s]
bucket_sort_time 0.449363 [s]
bucket_to_array_time 0.058381 [s]
table_fill_time 0.689627 [s]
program_time 2.14315 [s]
-------
bucket_split_time 0.81983 [s]
bucket_sort_time 0.450332 [s]
bucket_to_array_time 0.058666 [s]
table_fill_time 0.68866 [s]
program_time 2.14465 [s]
