-------
bucket_split_time 1.10437 [s]
bucket_sort_time 2.05354 [s]
bucket_to_array_time 0.21842 [s]
table_fill_time 1.90841 [s]
program_time 5.34937 [s]
-------
bucket_split_time 1.11208 [s]
bucket_sort_time 2.05731 [s]
bucket_to_array_time 0.221887 [s]
table_fill_time 1.83763 [s]
program_time 5.29582 [s]
-------
bucket_split_time 1.10223 [s]
bucket_sort_time 2.04804 [s]
bucket_to_array_time 0.219482 [s]
table_fill_time 1.75825 [s]
program_time 5.19235 [s]
-------
bucket_split_time 1.10333 [s]
bucket_sort_time 2.05086 [s]
bucket_to_array_time 0.219282 [s]
table_fill_time 1.70334 [s]
program_time 5.14408 [s]
-------
bucket_split_time 1.10326 [s]
bucket_sort_time 2.04956 [s]
bucket_to_array_time 0.218466 [s]
table_fill_time 1.65636 [s]
program_time 5.09132 [s]
-------
bucket_split_time 1.10444 [s]
bucket_sort_time 2.05351 [s]
bucket_to_array_time 0.218335 [s]
table_fill_time 1.71225 [s]
program_time 5.15249 [s]
-------
-------
bucket_split_time 1.10947 [s]
bucket_sort_time 2.06082 [s]
bucket_to_array_time 0.219328 [s]
table_fill_time 1.84429 [s]
program_time 5.29727 [s]
-------
bucket_split_time 1.10998 [s]
bucket_sort_time 2.05334 [s]
bucket_to_array_time 0.217586 [s]
table_fill_time 1.70724 [s]
program_time 5.15335 [s]
-------
