-------
bucket_split_time 1.5757 [s]
bucket_sort_time 0.381519 [s]
bucket_to_array_time 0.134503 [s]
table_fill_time 0.737305 [s]
program_time 3.04549 [s]
-------
bucket_split_time 1.58737 [s]
bucket_sort_time 0.381266 [s]
bucket_to_array_time 0.134474 [s]
table_fill_time 0.737243 [s]
program_time 3.05098 [s]
-------
bucket_split_time 1.55444 [s]
bucket_sort_time 0.382059 [s]
bucket_to_array_time 0.134029 [s]
table_fill_time 0.739338 [s]
program_time 3.01784 [s]
-------
bucket_split_time 1.5571 [s]
bucket_sort_time 0.381286 [s]
bucket_to_array_time 0.134303 [s]
table_fill_time 0.738375 [s]
program_time 3.0195 [s]
-------
bucket_split_time 1.59492 [s]
bucket_sort_time 0.381101 [s]
bucket_to_array_time 0.134507 [s]
table_fill_time 0.739146 [s]
program_time 3.06304 [s]
-------
bucket_split_time 1.56893 [s]
bucket_sort_time 0.381209 [s]
bucket_to_array_time 0.13271 [s]
table_fill_time 0.739812 [s]
program_time 3.03059 [s]
-------
bucket_split_time 1.55312 [s]
bucket_sort_time 0.381008 [s]
bucket_to_array_time 0.132755 [s]
table_fill_time 0.737879 [s]
program_time 3.013 [s]
-------
bucket_split_time 1.56906 [s]
bucket_sort_time 0.381345 [s]
bucket_to_array_time 0.134335 [s]
table_fill_time 0.73847 [s]
program_time 3.03495 [s]
-------
bucket_split_time 1.57205 [s]
bucket_sort_time 0.381587 [s]
bucket_to_array_time 0.133968 [s]
table_fill_time 0.739732 [s]
program_time 3.03975 [s]
-------
bucket_split_time 1.57266 [s]
bucket_sort_time 0.381882 [s]
bucket_to_array_time 0.133843 [s]
table_fill_time 0.739486 [s]
program_time 3.03842 [s]
