-------
bucket_split_time 0.995666 [s]
bucket_sort_time 3.71132 [s]
bucket_to_array_time 0.391068 [s]
table_fill_time 2.20731 [s]
program_time 7.34524 [s]
-------
bucket_split_time 1.01147 [s]
bucket_sort_time 3.70228 [s]
bucket_to_array_time 0.392389 [s]
table_fill_time 2.19995 [s]
program_time 7.34679 [s]
-------
bucket_split_time 1.01515 [s]
bucket_sort_time 3.70457 [s]
bucket_to_array_time 0.39714 [s]
table_fill_time 2.20152 [s]
program_time 7.36518 [s]
-------
bucket_split_time 0.995131 [s]
bucket_sort_time 3.70516 [s]
bucket_to_array_time 0.391535 [s]
table_fill_time 2.19861 [s]
program_time 7.32977 [s]
-------
bucket_split_time 1.01049 [s]
bucket_sort_time 3.70437 [s]
bucket_to_array_time 0.390772 [s]
table_fill_time 2.19843 [s]
program_time 7.3432 [s]
-------
bucket_split_time 0.994905 [s]
bucket_sort_time 3.71025 [s]
bucket_to_array_time 0.392706 [s]
table_fill_time 2.20988 [s]
program_time 7.35195 [s]
-------
bucket_split_time 1.00464 [s]
bucket_sort_time 3.70165 [s]
bucket_to_array_time 0.39559 [s]
table_fill_time 2.20057 [s]
program_time 7.34345 [s]
-------
bucket_split_time 1.01571 [s]
bucket_sort_time 3.70254 [s]
bucket_to_array_time 0.390354 [s]
table_fill_time 2.20041 [s]
program_time 7.35012 [s]
-------
bucket_split_time 1.00111 [s]
bucket_sort_time 3.70178 [s]
bucket_to_array_time 0.393168 [s]
table_fill_time 2.20199 [s]
program_time 7.34093 [s]
-------
bucket_split_time 1.00753 [s]
bucket_sort_time 3.70787 [s]
bucket_to_array_time 0.391914 [s]
table_fill_time 2.19365 [s]
program_time 7.34126 [s]
