-------
bucket_split_time 1.391 [s]
bucket_sort_time 3.813 [s]
bucket_to_array_time 0.310635 [s]
table_fill_time 2.95023 [s]
program_time 8.53164 [s]
-------
bucket_split_time 1.42897 [s]
bucket_sort_time 3.81435 [s]
bucket_to_array_time 0.308811 [s]
table_fill_time 2.94861 [s]
program_time 8.56664 [s]
-------
bucket_split_time 1.36669 [s]
bucket_sort_time 3.8084 [s]
bucket_to_array_time 0.30809 [s]
table_fill_time 2.95006 [s]
program_time 8.49968 [s]
-------
bucket_split_time 1.37685 [s]
bucket_sort_time 3.81465 [s]
bucket_to_array_time 0.310846 [s]
table_fill_time 2.94928 [s]
program_time 8.51821 [s]
-------
bucket_split_time 1.38473 [s]
bucket_sort_time 3.86485 [s]
bucket_to_array_time 0.309066 [s]
table_fill_time 2.97014 [s]
program_time 8.59436 [s]
-------
bucket_split_time 1.36425 [s]
bucket_sort_time 3.81605 [s]
bucket_to_array_time 0.309259 [s]
table_fill_time 2.95617 [s]
program_time 8.51285 [s]
-------
bucket_split_time 1.37271 [s]
bucket_sort_time 3.81585 [s]
bucket_to_array_time 0.310991 [s]
table_fill_time 2.94996 [s]
program_time 8.51879 [s]
-------
bucket_split_time 1.37185 [s]
bucket_sort_time 3.81663 [s]
bucket_to_array_time 0.30761 [s]
table_fill_time 2.96539 [s]
program_time 8.52874 [s]
-------
bucket_split_time 1.34939 [s]
bucket_sort_time 3.81155 [s]
bucket_to_array_time 0.30966 [s]
table_fill_time 2.9561 [s]
program_time 8.49333 [s]
-------
bucket_split_time 1.3824 [s]
bucket_sort_time 3.81635 [s]
bucket_to_array_time 0.311717 [s]
table_fill_time 2.98971 [s]
program_time 8.5672 [s]
