-------
bucket_split_time 0.29367 [s]
bucket_sort_time 0.402394 [s]
bucket_to_array_time 0.043903 [s]
table_fill_time 0.42411 [s]
program_time 1.18468 [s]
-------
bucket_split_time 0.275625 [s]
bucket_sort_time 0.388236 [s]
bucket_to_array_time 0.040411 [s]
table_fill_time 0.430925 [s]
program_time 1.15676 [s]
-------
bucket_split_time 0.288786 [s]
bucket_sort_time 0.400318 [s]
bucket_to_array_time 0.041903 [s]
table_fill_time 0.403172 [s]
program_time 1.15578 [s]
-------
bucket_split_time 0.284871 [s]
bucket_sort_time 0.429639 [s]
bucket_to_array_time 0.043213 [s]
table_fill_time 0.405723 [s]
program_time 1.18705 [s]
-------
bucket_split_time 0.283947 [s]
bucket_sort_time 0.42783 [s]
bucket_to_array_time 0.045002 [s]
table_fill_time 0.407881 [s]
program_time 1.1878 [s]
-------
bucket_split_time 0.273626 [s]
bucket_sort_time 0.422433 [s]
bucket_to_array_time 0.041179 [s]
table_fill_time 0.449188 [s]
program_time 1.20812 [s]
-------
bucket_split_time 0.291191 [s]
bucket_sort_time 0.397775 [s]
bucket_to_array_time 0.042313 [s]
table_fill_time 0.415563 [s]
program_time 1.16946 [s]
-------
bucket_split_time 0.267369 [s]
bucket_sort_time 0.456908 [s]
bucket_to_array_time 0.041034 [s]
table_fill_time 0.397095 [s]
program_time 1.18612 [s]
-------
bucket_split_time 0.272053 [s]
bucket_sort_time 0.432966 [s]
bucket_to_array_time 0.029755 [s]
table_fill_time 0.479373 [s]
program_time 1.23728 [s]
-------
bucket_split_time 0.290603 [s]
bucket_sort_time 0.431018 [s]
bucket_to_array_time 0.042987 [s]
table_fill_time 0.438388 [s]
program_time 1.22504 [s]
