-------
bucket_split_time 2.24397 [s]
bucket_sort_time 0.767419 [s]
bucket_to_array_time 0.183855 [s]
table_fill_time 1.01573 [s]
program_time 4.31475 [s]
-------
bucket_split_time 1.48681 [s]
bucket_sort_time 0.738066 [s]
bucket_to_array_time 0.233076 [s]
table_fill_time 0.997255 [s]
program_time 3.56219 [s]
-------
bucket_split_time 1.46918 [s]
bucket_sort_time 0.709155 [s]
bucket_to_array_time 0.182834 [s]
table_fill_time 1.32598 [s]
program_time 3.78771 [s]
-------
bucket_split_time 2.03029 [s]
bucket_sort_time 0.544968 [s]
bucket_to_array_time 0.12343 [s]
table_fill_time 1.04611 [s]
program_time 3.847 [s]
-------
bucket_split_time 1.60282 [s]
bucket_sort_time 0.791284 [s]
bucket_to_array_time 0.179055 [s]
table_fill_time 1.36675 [s]
program_time 4.04207 [s]
-------
bucket_split_time 2.11033 [s]
bucket_sort_time 0.52719 [s]
bucket_to_array_time 0.181239 [s]
table_fill_time 1.12377 [s]
program_time 4.04749 [s]
-------
bucket_split_time 1.6827 [s]
bucket_sort_time 0.676774 [s]
bucket_to_array_time 0.175986 [s]
table_fill_time 1.28929 [s]
program_time 3.92846 [s]
-------
bucket_split_time 1.33784 [s]
bucket_sort_time 0.891193 [s]
bucket_to_array_time 0.25299 [s]
table_fill_time 1.01178 [s]
program_time 3.62909 [s]
-------
bucket_split_time 1.8032 [s]
bucket_sort_time 0.647695 [s]
bucket_to_array_time 0.12435 [s]
table_fill_time 1.07319 [s]
program_time 3.75149 [s]
-------
bucket_split_time 1.77367 [s]
bucket_sort_time 0.701968 [s]
bucket_to_array_time 0.177182 [s]
table_fill_time 1.06693 [s]
program_time 3.82107 [s]
