-------
bucket_split_time 8.97854 [s]
bucket_sort_time 0.932462 [s]
bucket_to_array_time 0.386219 [s]
table_fill_time 2.47819 [s]
program_time 14.3885 [s]
-------
bucket_split_time 8.99067 [s]
bucket_sort_time 0.929709 [s]
bucket_to_array_time 0.385436 [s]
table_fill_time 2.40156 [s]
program_time 14.2958 [s]
-------
bucket_split_time 9.01418 [s]
bucket_sort_time 0.937155 [s]
bucket_to_array_time 0.384811 [s]
table_fill_time 2.45032 [s]
program_time 14.3482 [s]
-------
bucket_split_time 9.01457 [s]
bucket_sort_time 0.930822 [s]
bucket_to_array_time 0.379842 [s]
table_fill_time 2.46023 [s]
program_time 14.3297 [s]
-------
bucket_split_time 9.00556 [s]
bucket_sort_time 0.934179 [s]
bucket_to_array_time 0.385011 [s]
table_fill_time 2.4874 [s]
program_time 14.403 [s]
-------
bucket_split_time 9.01811 [s]
bucket_sort_time 0.930531 [s]
bucket_to_array_time 0.379832 [s]
table_fill_time 2.44641 [s]
program_time 14.3216 [s]
-------
bucket_split_time 9.03398 [s]
bucket_sort_time 0.933662 [s]
bucket_to_array_time 0.38256 [s]
table_fill_time 2.47109 [s]
program_time 14.3768 [s]
-------
bucket_split_time 9.0833 [s]
bucket_sort_time 0.931624 [s]
bucket_to_array_time 0.384913 [s]
table_fill_time 2.40489 [s]
program_time 14.3802 [s]
-------
bucket_split_time 8.96903 [s]
bucket_sort_time 0.928014 [s]
bucket_to_array_time 0.377691 [s]
table_fill_time 2.44469 [s]
program_time 14.2866 [s]
-------
bucket_split_time 9.02703 [s]
bucket_sort_time 0.932636 [s]
bucket_to_array_time 0.381702 [s]
table_fill_time 2.46804 [s]
program_time 14.3638 [s]
