-------
bucket_split_time 1.72181 [s]
bucket_sort_time 1.14464 [s]
bucket_to_array_time 0.270174 [s]
table_fill_time 1.7521 [s]
program_time 5.06744 [s]
-------
bucket_split_time 1.78781 [s]
bucket_sort_time 1.14456 [s]
bucket_to_array_time 0.269825 [s]
table_fill_time 1.70453 [s]
program_time 5.07864 [s]
-------
bucket_split_time 1.74449 [s]
bucket_sort_time 1.1461 [s]
bucket_to_array_time 0.272981 [s]
table_fill_time 1.744 [s]
program_time 5.08596 [s]
-------
bucket_split_time 1.71899 [s]
bucket_sort_time 1.14938 [s]
bucket_to_array_time 0.26803 [s]
table_fill_time 1.78466 [s]
program_time 5.09314 [s]
-------
bucket_split_time 1.73113 [s]
bucket_sort_time 1.14777 [s]
bucket_to_array_time 0.269289 [s]
table_fill_time 1.82006 [s]
program_time 5.14521 [s]
-------
bucket_split_time 1.79369 [s]
bucket_sort_time 1.14507 [s]
bucket_to_array_time 0.267931 [s]
table_fill_time 1.77121 [s]
program_time 5.1524 [s]
-------
bucket_split_time 1.74294 [s]
bucket_sort_time 1.14448 [s]
bucket_to_array_time 0.267952 [s]
table_fill_time 1.69728 [s]
program_time 5.02926 [s]
-------
bucket_split_time 1.80844 [s]
bucket_sort_time 1.14581 [s]
bucket_to_array_time 0.268988 [s]
table_fill_time 1.70502 [s]
program_time 5.10061 [s]
-------
bucket_split_time 1.79174 [s]
bucket_sort_time 1.14057 [s]
bucket_to_array_time 0.267979 [s]
table_fill_time 1.69995 [s]
program_time 5.07648 [s]
-------
bucket_split_time 1.8725 [s]
bucket_sort_time 1.14588 [s]
bucket_to_array_time 0.26818 [s]
table_fill_time 1.71902 [s]
program_time 5.17887 [s]
