-------
bucket_split_time 3.65854 [s]
bucket_sort_time 0.762309 [s]
bucket_to_array_time 0.270526 [s]
table_fill_time 1.48046 [s]
program_time 6.64844 [s]
-------
bucket_split_time 3.69762 [s]
bucket_sort_time 0.762049 [s]
bucket_to_array_time 0.270518 [s]
table_fill_time 1.47578 [s]
program_time 6.65788 [s]
-------
bucket_split_time 3.64173 [s]
bucket_sort_time 0.760538 [s]
bucket_to_array_time 0.265589 [s]
table_fill_time 1.48019 [s]
program_time 6.59535 [s]
-------
bucket_split_time 3.66853 [s]
bucket_sort_time 0.761903 [s]
bucket_to_array_time 0.270848 [s]
table_fill_time 1.47585 [s]
program_time 6.63295 [s]
-------
bucket_split_time 3.69177 [s]
bucket_sort_time 0.76135 [s]
bucket_to_array_time 0.270751 [s]
table_fill_time 1.47931 [s]
program_time 6.65449 [s]
-------
bucket_split_time 3.73831 [s]
bucket_sort_time 0.757462 [s]
bucket_to_array_time 0.265116 [s]
table_fill_time 1.47708 [s]
program_time 6.68153 [s]
-------
bucket_split_time 3.69001 [s]
bucket_sort_time 0.761678 [s]
bucket_to_array_time 0.270189 [s]
table_fill_time 1.48101 [s]
program_time 6.66032 [s]
-------
bucket_split_time 3.6794 [s]
bucket_sort_time 0.764198 [s]
bucket_to_array_time 0.272271 [s]
table_fill_time 1.48258 [s]
program_time 6.65064 [s]
-------
bucket_split_time 3.63398 [s]
bucket_sort_time 0.759302 [s]
bucket_to_array_time 0.268844 [s]
table_fill_time 1.47981 [s]
program_time 6.58938 [s]
-------
bucket_split_time 3.68934 [s]
bucket_sort_time 0.760732 [s]
bucket_to_array_time 0.269417 [s]
table_fill_time 1.47811 [s]
program_time 6.6552 [s]
