-------
bucket_split_time 2.1672 [s]
bucket_sort_time 1.34259 [s]
bucket_to_array_time 0.167661 [s]
table_fill_time 1.95592 [s]
program_time 5.85366 [s]
-------
bucket_split_time 2.31832 [s]
bucket_sort_time 1.34216 [s]
bucket_to_array_time 0.168317 [s]
table_fill_time 2.0162 [s]
program_time 6.06178 [s]
-------
bucket_split_time 2.16342 [s]
bucket_sort_time 1.35543 [s]
bucket_to_array_time 0.169575 [s]
table_fill_time 1.97659 [s]
program_time 5.86645 [s]
-------
bucket_split_time 2.1758 [s]
bucket_sort_time 1.34002 [s]
bucket_to_array_time 0.168988 [s]
table_fill_time 1.96353 [s]
program_time 5.87002 [s]
-------
bucket_split_time 2.32234 [s]
bucket_sort_time 1.34416 [s]
bucket_to_array_time 0.1679 [s]
table_fill_time 1.98485 [s]
program_time 6.0347 [s]
-------
bucket_split_time 2.16626 [s]
bucket_sort_time 1.34626 [s]
bucket_to_array_time 0.168336 [s]
table_fill_time 1.98155 [s]
program_time 5.86934 [s]
-------
bucket_split_time 2.19658 [s]
bucket_sort_time 1.33972 [s]
bucket_to_array_time 0.169006 [s]
table_fill_time 1.9799 [s]
program_time 5.90324 [s]
-------
bucket_split_time 2.32788 [s]
bucket_sort_time 1.34749 [s]
bucket_to_array_time 0.17064 [s]
table_fill_time 2.00059 [s]
program_time 6.05647 [s]
-------
bucket_split_time 2.22777 [s]
bucket_sort_time 1.35089 [s]
bucket_to_array_time 0.168754 [s]
table_fill_time 1.9295 [s]
program_time 5.88275 [s]
-------
bucket_split_time 2.23547 [s]
bucket_sort_time 1.34364 [s]
bucket_to_array_time 0.179261 [s]
table_fill_time 1.9671 [s]
program_time 5.94524 [s]
