-------
bucket_split_time 0.306796 [s]
bucket_sort_time 1.52034 [s]
bucket_to_array_time 0.131041 [s]
table_fill_time 0.730725 [s]
program_time 2.70119 [s]
-------
bucket_split_time 0.306559 [s]
bucket_sort_time 1.52028 [s]
bucket_to_array_time 0.130671 [s]
table_fill_time 0.732705 [s]
program_time 2.70251 [s]
-------
bucket_split_time 0.305298 [s]
bucket_sort_time 1.52053 [s]
bucket_to_array_time 0.130234 [s]
table_fill_time 0.733799 [s]
program_time 2.70289 [s]
-------
bucket_split_time 0.307423 [s]
bucket_sort_time 1.52034 [s]
bucket_to_array_time 0.132404 [s]
table_fill_time 0.731692 [s]
program_time 2.70422 [s]
-------
bucket_split_time 0.313958 [s]
bucket_sort_time 1.51985 [s]
bucket_to_array_time 0.131456 [s]
table_fill_time 0.733527 [s]
program_time 2.71188 [s]
-------
bucket_split_time 0.310554 [s]
bucket_sort_time 1.52087 [s]
bucket_to_array_time 0.134186 [s]
table_fill_time 0.731863 [s]
program_time 2.70931 [s]
-------
bucket_split_time 0.307261 [s]
bucket_sort_time 1.52071 [s]
bucket_to_array_time 0.131626 [s]
table_fill_time 0.73261 [s]
program_time 2.70419 [s]
-------
bucket_split_time 0.305234 [s]
bucket_sort_time 1.52038 [s]
bucket_to_array_time 0.132277 [s]
table_fill_time 0.732556 [s]
program_time 2.70351 [s]
-------
bucket_split_time 0.306346 [s]
bucket_sort_time 1.52148 [s]
bucket_to_array_time 0.132086 [s]
table_fill_time 0.732621 [s]
program_time 2.70486 [s]
-------
bucket_split_time 0.307845 [s]
bucket_sort_time 1.52114 [s]
bucket_to_array_time 0.139195 [s]
table_fill_time 0.732395 [s]
program_time 2.71281 [s]
