-------
bucket_split_time 0.974975 [s]
bucket_sort_time 1.27948 [s]
bucket_to_array_time 0.174908 [s]
table_fill_time 1.5637 [s]
program_time 4.05128 [s]
-------
bucket_split_time 0.98242 [s]
bucket_sort_time 1.68281 [s]
bucket_to_array_time 0.266105 [s]
table_fill_time 1.35124 [s]
program_time 4.3429 [s]
-------
bucket_split_time 1.36911 [s]
bucket_sort_time 1.59612 [s]
bucket_to_array_time 0.249459 [s]
table_fill_time 1.4114 [s]
program_time 4.68879 [s]
-------
bucket_split_time 0.98118 [s]
bucket_sort_time 1.278 [s]
bucket_to_array_time 0.173793 [s]
table_fill_time 1.50844 [s]
program_time 4.00184 [s]
-------
bucket_split_time 0.985348 [s]
bucket_sort_time 1.46205 [s]
bucket_to_array_time 0.259163 [s]
table_fill_time 1.35831 [s]
program_time 4.12548 [s]
-------
bucket_split_time 1.34509 [s]
bucket_sort_time 1.29733 [s]
bucket_to_array_time 0.174424 [s]
table_fill_time 1.62364 [s]
program_time 4.5018 [s]
-------
bucket_split_time 0.977124 [s]
bucket_sort_time 1.52588 [s]
bucket_to_array_time 0.265105 [s]
table_fill_time 1.44471 [s]
program_time 4.27442 [s]
-------
bucket_split_time 1.4236 [s]
bucket_sort_time 1.27967 [s]
bucket_to_array_time 0.176552 [s]
table_fill_time 1.58427 [s]
program_time 4.52568 [s]
-------
bucket_split_time 1.00363 [s]
bucket_sort_time 1.71498 [s]
bucket_to_array_time 0.211358 [s]
table_fill_time 1.36805 [s]
program_time 4.35986 [s]
-------
bucket_split_time 1.5097 [s]
bucket_sort_time 1.28004 [s]
bucket_to_array_time 0.173639 [s]
table_fill_time 1.50838 [s]
program_time 4.5333 [s]
