-------
bucket_split_time 10.1685 [s]
bucket_sort_time 1.86941 [s]
bucket_to_array_time 0.68412 [s]
table_fill_time 3.68131 [s]
program_time 17.5993 [s]
-------
bucket_split_time 10.2215 [s]
bucket_sort_time 1.88058 [s]
bucket_to_array_time 0.680569 [s]
table_fill_time 3.69698 [s]
program_time 17.6837 [s]
-------
bucket_split_time 10.2038 [s]
bucket_sort_time 1.87319 [s]
bucket_to_array_time 0.686241 [s]
table_fill_time 3.69599 [s]
program_time 17.6713 [s]
-------
bucket_split_time 10.0817 [s]
bucket_sort_time 1.87672 [s]
bucket_to_array_time 0.674046 [s]
table_fill_time 3.70058 [s]
program_time 17.5113 [s]
-------
bucket_split_time 10.0299 [s]
bucket_sort_time 1.87363 [s]
bucket_to_array_time 0.679099 [s]
table_fill_time 3.69419 [s]
program_time 17.4688 [s]
-------
bucket_split_time 10.133 [s]
bucket_sort_time 1.87465 [s]
bucket_to_array_time 0.680581 [s]
table_fill_time 3.69407 [s]
program_time 17.577 [s]
-------
bucket_split_time 10.1453 [s]
bucket_sort_time 1.92931 [s]
bucket_to_array_time 0.67942 [s]
table_fill_time 3.69432 [s]
program_time 17.6326 [s]
-------
bucket_split_time 10.3405 [s]
bucket_sort_time 2.02072 [s]
bucket_to_array_time 0.690442 [s]
table_fill_time 3.99949 [s]
program_time 18.2467 [s]
-------
bucket_split_time 10.3181 [s]
bucket_sort_time 1.87168 [s]
bucket_to_array_time 0.689203 [s]
table_fill_time 3.6896 [s]
program_time 17.7605 [s]
-------
bucket_split_time 10.3101 [s]
bucket_sort_time 1.86517 [s]
bucket_to_array_time 0.675026 [s]
table_fill_time 3.679 [s]
program_time 17.7126 [s]
