-------
bucket_split_time 0.828365 [s]
bucket_sort_time 1.5878 [s]
bucket_to_array_time 0.130853 [s]
table_fill_time 1.71481 [s]
program_time 4.36014 [s]
-------
bucket_split_time 0.831563 [s]
bucket_sort_time 1.58438 [s]
bucket_to_array_time 0.130713 [s]
table_fill_time 1.77852 [s]
program_time 4.42388 [s]
-------
bucket_split_time 0.823541 [s]
bucket_sort_time 1.58722 [s]
bucket_to_array_time 0.130637 [s]
table_fill_time 1.6991 [s]
program_time 4.34043 [s]
-------
bucket_split_time 0.822119 [s]
bucket_sort_time 1.58631 [s]
bucket_to_array_time 0.129591 [s]
table_fill_time 1.71975 [s]
program_time 4.35696 [s]
-------
bucket_split_time 0.820815 [s]
bucket_sort_time 1.58656 [s]
bucket_to_array_time 0.129815 [s]
table_fill_time 1.72219 [s]
program_time 4.35893 [s]
-------
bucket_split_time 0.824742 [s]
bucket_sort_time 1.58804 [s]
bucket_to_array_time 0.130901 [s]
table_fill_time 1.77798 [s]
program_time 4.42053 [s]
-------
bucket_split_time 0.829619 [s]
bucket_sort_time 1.58684 [s]
bucket_to_array_time 0.13084 [s]
table_fill_time 1.70313 [s]
program_time 4.34824 [s]
-------
bucket_split_time 0.82346 [s]
bucket_sort_time 1.58725 [s]
bucket_to_array_time 0.130501 [s]
table_fill_time 1.7147 [s]
program_time 4.35452 [s]
-------
bucket_split_time 0.827191 [s]
bucket_sort_time 1.5868 [s]
bucket_to_array_time 0.13012 [s]
table_fill_time 1.68168 [s]
program_time 4.32651 [s]
-------
bucket_split_time 0.8306 [s]
bucket_sort_time 1.58493 [s]
bucket_to_array_time 0.129721 [s]
table_fill_time 1.68988 [s]
program_time 4.33404 [s]
