-------
bucket_split_time 0.684981 [s]
bucket_sort_time 0.462525 [s]
bucket_to_array_time 0.106372 [s]
table_fill_time 0.967169 [s]
program_time 2.28861 [s]
-------
bucket_split_time 0.588748 [s]
bucket_sort_time 0.469587 [s]
bucket_to_array_time 0.198467 [s]
table_fill_time 0.675943 [s]
program_time 2.02554 [s]
-------
bucket_split_time 0.738993 [s]
bucket_sort_time 0.460518 [s]
bucket_to_array_time 0.106146 [s]
table_fill_time 0.829296 [s]
program_time 2.20269 [s]
-------
bucket_split_time 0.795639 [s]
bucket_sort_time 0.566007 [s]
bucket_to_array_time 0.107026 [s]
table_fill_time 0.750053 [s]
program_time 2.28537 [s]
-------
bucket_split_time 0.585163 [s]
bucket_sort_time 0.461279 [s]
bucket_to_array_time 0.106359 [s]
table_fill_time 0.759302 [s]
program_time 1.97657 [s]
-------
bucket_split_time 1.16332 [s]
bucket_sort_time 0.489207 [s]
bucket_to_array_time 0.106737 [s]
table_fill_time 0.695574 [s]
program_time 2.52238 [s]
-------
bucket_split_time 0.596707 [s]
bucket_sort_time 0.458792 [s]
bucket_to_array_time 0.10665 [s]
table_fill_time 0.692019 [s]
program_time 1.92123 [s]
-------
bucket_split_time 0.829459 [s]
bucket_sort_time 0.463123 [s]
bucket_to_array_time 0.106566 [s]
table_fill_time 0.909196 [s]
program_time 2.37944 [s]
-------
bucket_split_time 0.5851 [s]
bucket_sort_time 0.459954 [s]
bucket_to_array_time 0.106873 [s]
table_fill_time 0.6936 [s]
program_time 1.91422 [s]
-------
bucket_split_time 0.70487 [s]
bucket_sort_time 0.460024 [s]
bucket_to_array_time 0.106448 [s]
table_fill_time 0.894522 [s]
program_time 2.23196 [s]
