-------
bucket_split_time 0.822417 [s]
bucket_sort_time 0.070046 [s]
bucket_to_array_time 0.030063 [s]
table_fill_time 0.181616 [s]
program_time 1.18082 [s]
-------
bucket_split_time 0.72895 [s]
bucket_sort_time 0.055145 [s]
bucket_to_array_time 0.024985 [s]
table_fill_time 0.150427 [s]
program_time 1.03612 [s]
-------
bucket_split_time 0.811194 [s]
bucket_sort_time 0.075478 [s]
bucket_to_array_time 0.028413 [s]
table_fill_time 0.144767 [s]
program_time 1.13698 [s]
-------
bucket_split_time 0.642748 [s]
bucket_sort_time 0.039582 [s]
bucket_to_array_time 0.023191 [s]
table_fill_time 0.180721 [s]
program_time 0.962649 [s]
-------
bucket_split_time 0.575722 [s]
bucket_sort_time 0.048971 [s]
bucket_to_array_time 0.020843 [s]
table_fill_time 0.13096 [s]
program_time 0.850106 [s]
-------
bucket_split_time 0.578777 [s]
bucket_sort_time 0.048539 [s]
bucket_to_array_time 0.022687 [s]
table_fill_time 0.116408 [s]
program_time 0.840047 [s]
-------
bucket_split_time 0.591233 [s]
bucket_sort_time 0.048721 [s]
bucket_to_array_time 0.021226 [s]
table_fill_time 0.123885 [s]
program_time 0.85905 [s]
-------
bucket_split_time 0.583644 [s]
bucket_sort_time 0.058058 [s]
bucket_to_array_time 0.022236 [s]
table_fill_time 0.129212 [s]
program_time 0.869726 [s]
-------
bucket_split_time 0.813138 [s]
bucket_sort_time 0.070634 [s]
bucket_to_array_time 0.01696 [s]
table_fill_time 0.106016 [s]
program_time 1.08389 [s]
-------
bucket_split_time 0.843524 [s]
bucket_sort_time 0.070883 [s]
bucket_to_array_time 0.032175 [s]
table_fill_time 0.119442 [s]
program_time 1.14522 [s]
