-------
bucket_split_time 0.076147 [s]
bucket_sort_time 0.380014 [s]
bucket_to_array_time 0.032809 [s]
table_fill_time 0.183885 [s]
program_time 0.675926 [s]
-------
bucket_split_time 0.075014 [s]
bucket_sort_time 0.38012 [s]
bucket_to_array_time 0.033226 [s]
table_fill_time 0.181753 [s]
program_time 0.672948 [s]
-------
bucket_split_time 0.075266 [s]
bucket_sort_time 0.380049 [s]
bucket_to_array_time 0.035979 [s]
table_fill_time 0.183088 [s]
program_time 0.677467 [s]
-------
bucket_split_time 0.075123 [s]
bucket_sort_time 0.379866 [s]
bucket_to_array_time 0.032163 [s]
table_fill_time 0.182412 [s]
program_time 0.672619 [s]
-------
bucket_split_time 0.07502 [s]
bucket_sort_time 0.380482 [s]
bucket_to_array_time 0.032507 [s]
table_fill_time 0.181726 [s]
program_time 0.672437 [s]
-------
bucket_split_time 0.075637 [s]
bucket_sort_time 0.380049 [s]
bucket_to_array_time 0.037097 [s]
table_fill_time 0.182012 [s]
program_time 0.677704 [s]
-------
bucket_split_time 0.075557 [s]
bucket_sort_time 0.379849 [s]
bucket_to_array_time 0.032727 [s]
table_fill_time 0.181972 [s]
program_time 0.673031 [s]
-------
bucket_split_time 0.075639 [s]
bucket_sort_time 0.379955 [s]
bucket_to_array_time 0.031696 [s]
table_fill_time 0.181986 [s]
program_time 0.672098 [s]
-------
bucket_split_time 0.075583 [s]
bucket_sort_time 0.380445 [s]
bucket_to_array_time 0.034737 [s]
table_fill_time 0.183584 [s]
program_time 0.678289 [s]
-------
bucket_split_time 0.075201 [s]
bucket_sort_time 0.380412 [s]
bucket_to_array_time 0.032105 [s]
table_fill_time 0.182065 [s]
program_time 0.67271 [s]
