-------
bucket_split_time 0.447414 [s]
bucket_sort_time 0.682076 [s]
bucket_to_array_time 0.082578 [s]
table_fill_time 0.737604 [s]
program_time 1.98683 [s]
-------
bucket_split_time 0.449621 [s]
bucket_sort_time 0.68006 [s]
bucket_to_array_time 0.082537 [s]
table_fill_time 0.740375 [s]
program_time 1.98965 [s]
-------
bucket_split_time 0.446499 [s]
bucket_sort_time 0.681511 [s]
bucket_to_array_time 0.082536 [s]
table_fill_time 0.739313 [s]
program_time 1.98666 [s]
-------
bucket_split_time 0.451767 [s]
bucket_sort_time 0.681431 [s]
bucket_to_array_time 0.082233 [s]
table_fill_time 0.739951 [s]
program_time 1.99247 [s]
-------
bucket_split_time 0.448323 [s]
bucket_sort_time 0.683195 [s]
bucket_to_array_time 0.082048 [s]
table_fill_time 0.737867 [s]
program_time 1.98847 [s]
-------
bucket_split_time 0.448629 [s]
bucket_sort_time 0.680112 [s]
bucket_to_array_time 0.081884 [s]
table_fill_time 0.740432 [s]
program_time 1.98814 [s]
-------
bucket_split_time 0.448405 [s]
bucket_sort_time 0.681521 [s]
bucket_to_array_time 0.081521 [s]
table_fill_time 0.739708 [s]
program_time 1.98927 [s]
-------
bucket_split_time 0.453885 [s]
bucket_sort_time 0.681707 [s]
bucket_to_array_time 0.081406 [s]
table_fill_time 0.739336 [s]
program_time 1.99076 [s]
-------
bucket_split_time 0.450204 [s]
bucket_sort_time 0.682674 [s]
bucket_to_array_time 0.082129 [s]
table_fill_time 0.738281 [s]
program_time 1.99137 [s]
-------
bucket_split_time 0.452477 [s]
bucket_sort_time 0.681881 [s]
bucket_to_array_time 0.08232 [s]
table_fill_time 0.742373 [s]
program_time 1.99645 [s]
