-------
bucket_split_time 0.46664 [s]
bucket_sort_time 0.954617 [s]
bucket_to_array_time 0.077931 [s]
table_fill_time 1.03648 [s]
program_time 2.59907 [s]
-------
bucket_split_time 0.47201 [s]
bucket_sort_time 0.957164 [s]
bucket_to_array_time 0.077816 [s]
table_fill_time 1.03548 [s]
program_time 2.60477 [s]
-------
bucket_split_time 0.46999 [s]
bucket_sort_time 0.953302 [s]
bucket_to_array_time 0.077997 [s]
table_fill_time 1.03267 [s]
program_time 2.59605 [s]
-------
bucket_split_time 0.472334 [s]
bucket_sort_time 0.952808 [s]
bucket_to_array_time 0.078327 [s]
table_fill_time 1.05998 [s]
program_time 2.62283 [s]
-------
bucket_split_time 0.46774 [s]
bucket_sort_time 0.953945 [s]
bucket_to_array_time 0.078387 [s]
table_fill_time 1.02483 [s]
program_time 2.58595 [s]
-------
bucket_split_time 0.46779 [s]
bucket_sort_time 0.958946 [s]
bucket_to_array_time 0.07838 [s]
table_fill_time 1.07811 [s]
program_time 2.64415 [s]
-------
bucket_split_time 0.466898 [s]
bucket_sort_time 0.952994 [s]
bucket_to_array_time 0.078724 [s]
table_fill_time 1.05199 [s]
program_time 2.61297 [s]
-------
bucket_split_time 0.467466 [s]
bucket_sort_time 0.953537 [s]
bucket_to_array_time 0.078348 [s]
table_fill_time 1.03248 [s]
program_time 2.59296 [s]
-------
bucket_split_time 0.466164 [s]
bucket_sort_time 0.9555 [s]
bucket_to_array_time 0.077984 [s]
table_fill_time 1.12005 [s]
program_time 2.68091 [s]
-------
bucket_split_time 0.467886 [s]
bucket_sort_time 0.950555 [s]
bucket_to_array_time 0.077704 [s]
table_fill_time 1.061 [s]
program_time 2.61834 [s]
