-------
bucket_split_time 12.5444 [s]
bucket_sort_time 0.612534 [s]
bucket_to_array_time 0.314959 [s]
table_fill_time 1.88116 [s]
program_time 17.6465 [s]
-------
bucket_split_time 12.4512 [s]
bucket_sort_time 0.657648 [s]
bucket_to_array_time 0.312327 [s]
table_fill_time 1.75981 [s]
program_time 17.4877 [s]
-------
bucket_split_time 12.4072 [s]
bucket_sort_time 0.620281 [s]
bucket_to_array_time 0.297177 [s]
table_fill_time 1.74587 [s]
program_time 17.5049 [s]
-------
bucket_split_time 12.3977 [s]
bucket_sort_time 0.684406 [s]
bucket_to_array_time 0.319005 [s]
table_fill_time 1.68508 [s]
program_time 17.4411 [s]
-------
bucket_split_time 12.4421 [s]
bucket_sort_time 0.645285 [s]
bucket_to_array_time 0.320199 [s]
table_fill_time 1.82576 [s]
program_time 17.5184 [s]
-------
bucket_split_time 12.4764 [s]
bucket_sort_time 0.586944 [s]
bucket_to_array_time 0.313373 [s]
table_fill_time 1.75113 [s]
program_time 17.5152 [s]
-------
bucket_split_time 12.5247 [s]
bucket_sort_time 0.644745 [s]
bucket_to_array_time 0.320582 [s]
table_fill_time 1.84142 [s]
program_time 18.1821 [s]
-------
bucket_split_time 12.4371 [s]
bucket_sort_time 0.590605 [s]
bucket_to_array_time 0.315726 [s]
table_fill_time 3.90823 [s]
program_time 19.5503 [s]
-------
bucket_split_time 12.4934 [s]
bucket_sort_time 0.683411 [s]
bucket_to_array_time 0.315491 [s]
table_fill_time 1.6173 [s]
program_time 17.4239 [s]
-------
bucket_split_time 12.4615 [s]
bucket_sort_time 0.597505 [s]
bucket_to_array_time 0.315927 [s]
table_fill_time 1.62515 [s]
program_time 17.2903 [s]
