-------
bucket_split_time 0.142237 [s]
bucket_sort_time 0.318474 [s]
bucket_to_array_time 0.025913 [s]
table_fill_time 0.339068 [s]
program_time 0.845832 [s]
-------
bucket_split_time 0.138982 [s]
bucket_sort_time 0.318248 [s]
bucket_to_array_time 0.025925 [s]
table_fill_time 0.341059 [s]
program_time 0.845235 [s]
-------
bucket_split_time 0.139355 [s]
bucket_sort_time 0.320435 [s]
bucket_to_array_time 0.02585 [s]
table_fill_time 0.371975 [s]
program_time 0.878007 [s]
-------
bucket_split_time 0.140242 [s]
bucket_sort_time 0.318624 [s]
bucket_to_array_time 0.025926 [s]
table_fill_time 0.358785 [s]
program_time 0.863848 [s]
-------
bucket_split_time 0.140933 [s]
bucket_sort_time 0.318419 [s]
bucket_to_array_time 0.025888 [s]
table_fill_time 0.343059 [s]
program_time 0.848337 [s]
-------
bucket_split_time 0.140577 [s]
bucket_sort_time 0.318566 [s]
bucket_to_array_time 0.025909 [s]
table_fill_time 0.351434 [s]
program_time 0.856471 [s]
-------
bucket_split_time 0.138415 [s]
bucket_sort_time 0.317516 [s]
bucket_to_array_time 0.025897 [s]
table_fill_time 0.344597 [s]
program_time 0.846848 [s]
-------
bucket_split_time 0.138696 [s]
bucket_sort_time 0.319062 [s]
bucket_to_array_time 0.025905 [s]
table_fill_time 0.354761 [s]
program_time 0.859458 [s]
-------
bucket_split_time 0.139022 [s]
bucket_sort_time 0.320097 [s]
bucket_to_array_time 0.025977 [s]
table_fill_time 0.358757 [s]
program_time 0.864206 [s]
-------
bucket_split_time 0.140549 [s]
bucket_sort_time 0.319555 [s]
bucket_to_array_time 0.025946 [s]
table_fill_time 0.337858 [s]
program_time 0.842684 [s]
