-------
bucket_split_time 0.534931 [s]
bucket_sort_time 0.230238 [s]
bucket_to_array_time 0.052514 [s]
table_fill_time 0.423448 [s]
program_time 1.27415 [s]
-------
bucket_split_time 0.283617 [s]
bucket_sort_time 0.229024 [s]
bucket_to_array_time 0.052389 [s]
table_fill_time 0.331991 [s]
program_time 0.928874 [s]
-------
bucket_split_time 0.2799 [s]
bucket_sort_time 0.229062 [s]
bucket_to_array_time 0.052545 [s]
table_fill_time 0.354829 [s]
program_time 0.94892 [s]
-------
bucket_split_time 0.286198 [s]
bucket_sort_time 0.306714 [s]
bucket_to_array_time 0.080435 [s]
table_fill_time 0.344435 [s]
program_time 1.04957 [s]
-------
bucket_split_time 0.380814 [s]
bucket_sort_time 0.230152 [s]
bucket_to_array_time 0.052603 [s]
table_fill_time 0.467901 [s]
program_time 1.16412 [s]
-------
bucket_split_time 0.308113 [s]
bucket_sort_time 0.259443 [s]
bucket_to_array_time 0.054565 [s]
table_fill_time 0.347925 [s]
program_time 1.00289 [s]
-------
bucket_split_time 0.518283 [s]
bucket_sort_time 0.307621 [s]
bucket_to_array_time 0.082929 [s]
table_fill_time 0.356233 [s]
program_time 1.2987 [s]
-------
bucket_split_time 0.306631 [s]
bucket_sort_time 0.23003 [s]
bucket_to_array_time 0.052902 [s]
table_fill_time 0.367041 [s]
program_time 0.988 [s]
-------
bucket_split_time 0.279998 [s]
bucket_sort_time 0.229984 [s]
bucket_to_array_time 0.05265 [s]
table_fill_time 0.370947 [s]
program_time 0.96448 [s]
-------
bucket_split_time 0.284231 [s]
bucket_sort_time 0.23033 [s]
bucket_to_array_time 0.052456 [s]
table_fill_time 0.366388 [s]
program_time 0.96464 [s]
