-------
bucket_split_time 2.7848 [s]
bucket_sort_time 0.974632 [s]
bucket_to_array_time 0.126903 [s]
table_fill_time 1.376 [s]
program_time 5.61635 [s]
-------
bucket_split_time 2.88125 [s]
bucket_sort_time 0.896924 [s]
bucket_to_array_time 0.125596 [s]
table_fill_time 1.49831 [s]
program_time 5.72105 [s]
-------
bucket_split_time 2.79212 [s]
bucket_sort_time 0.899814 [s]
bucket_to_array_time 0.132936 [s]
table_fill_time 1.49953 [s]
program_time 5.67813 [s]
-------
bucket_split_time 2.93225 [s]
bucket_sort_time 0.860894 [s]
bucket_to_array_time 0.130995 [s]
table_fill_time 1.31654 [s]
program_time 5.56046 [s]
-------
bucket_split_time 2.79523 [s]
bucket_sort_time 0.826598 [s]
bucket_to_array_time 0.138826 [s]
table_fill_time 1.40201 [s]
program_time 5.48456 [s]
-------
bucket_split_time 2.8929 [s]
bucket_sort_time 0.94539 [s]
bucket_to_array_time 0.13299 [s]
table_fill_time 1.36609 [s]
program_time 5.68984 [s]
-------
bucket_split_time 2.77253 [s]
bucket_sort_time 0.848335 [s]
bucket_to_array_time 0.132385 [s]
table_fill_time 1.28924 [s]
program_time 5.36016 [s]
-------
bucket_split_time 2.81913 [s]
bucket_sort_time 0.898577 [s]
bucket_to_array_time 0.134503 [s]
table_fill_time 1.48068 [s]
program_time 5.687 [s]
-------
bucket_split_time 2.86356 [s]
bucket_sort_time 0.911337 [s]
bucket_to_array_time 0.131618 [s]
table_fill_time 1.42851 [s]
program_time 5.69644 [s]
-------
bucket_split_time 2.77342 [s]
bucket_sort_time 0.956987 [s]
bucket_to_array_time 0.1332 [s]
table_fill_time 1.38373 [s]
program_time 5.58218 [s]
