-------
bucket_split_time 0.230926 [s]
bucket_sort_time 0.095683 [s]
bucket_to_array_time 0.045522 [s]
table_fill_time 0.185548 [s]
program_time 0.609302 [s]
-------
bucket_split_time 0.243273 [s]
bucket_sort_time 0.094768 [s]
bucket_to_array_time 0.044759 [s]
table_fill_time 0.184654 [s]
program_time 0.619009 [s]
-------
bucket_split_time 0.286183 [s]
bucket_sort_time 0.106277 [s]
bucket_to_array_time 0.058876 [s]
table_fill_time 0.184927 [s]
program_time 0.706735 [s]
-------
bucket_split_time 0.233175 [s]
bucket_sort_time 0.094736 [s]
bucket_to_array_time 0.044439 [s]
table_fill_time 0.184796 [s]
program_time 0.609617 [s]
-------
bucket_split_time 0.241728 [s]
bucket_sort_time 0.103171 [s]
bucket_to_array_time 0.046052 [s]
table_fill_time 0.184208 [s]
program_time 0.626127 [s]
-------
bucket_split_time 0.278923 [s]
bucket_sort_time 0.105965 [s]
bucket_to_array_time 0.058431 [s]
table_fill_time 0.217275 [s]
program_time 0.729263 [s]
-------
bucket_split_time 0.244746 [s]
bucket_sort_time 0.095398 [s]
bucket_to_array_time 0.045718 [s]
table_fill_time 0.184894 [s]
program_time 0.622905 [s]
-------
bucket_split_time 0.244278 [s]
bucket_sort_time 0.101865 [s]
bucket_to_array_time 0.056729 [s]
table_fill_time 0.184459 [s]
program_time 0.642629 [s]
-------
bucket_split_time 0.266201 [s]
bucket_sort_time 0.106215 [s]
bucket_to_array_time 0.058555 [s]
table_fill_time 0.246676 [s]
program_time 0.746655 [s]
-------
bucket_split_time 0.241323 [s]
bucket_sort_time 0.095532 [s]
bucket_to_array_time 0.047295 [s]
table_fill_time 0.18684 [s]
program_time 0.625593 [s]
