-------
bucket_split_time 9.32889 [s]
bucket_sort_time 0.619954 [s]
bucket_to_array_time 0.301481 [s]
table_fill_time 1.86207 [s]
program_time 14.0508 [s]
-------
bucket_split_time 9.32691 [s]
bucket_sort_time 0.620613 [s]
bucket_to_array_time 0.302497 [s]
table_fill_time 1.69403 [s]
program_time 13.8847 [s]
-------
bucket_split_time 9.32124 [s]
bucket_sort_time 0.622674 [s]
bucket_to_array_time 0.301796 [s]
table_fill_time 1.69617 [s]
program_time 13.8839 [s]
-------
bucket_split_time 9.35405 [s]
bucket_sort_time 0.624621 [s]
bucket_to_array_time 0.302128 [s]
table_fill_time 1.76097 [s]
program_time 13.9841 [s]
-------
bucket_split_time 9.34163 [s]
bucket_sort_time 0.622747 [s]
bucket_to_array_time 0.302052 [s]
table_fill_time 1.7142 [s]
program_time 13.9127 [s]
-------
bucket_split_time 9.34025 [s]
bucket_sort_time 0.621451 [s]
bucket_to_array_time 0.302358 [s]
table_fill_time 1.71979 [s]
program_time 13.9122 [s]
-------
bucket_split_time 9.33712 [s]
bucket_sort_time 0.621069 [s]
bucket_to_array_time 0.30094 [s]
table_fill_time 1.89256 [s]
program_time 14.0971 [s]
-------
bucket_split_time 9.30416 [s]
bucket_sort_time 0.622938 [s]
bucket_to_array_time 0.302971 [s]
table_fill_time 1.65681 [s]
program_time 13.867 [s]
-------
bucket_split_time 9.33289 [s]
bucket_sort_time 0.623544 [s]
bucket_to_array_time 0.301763 [s]
table_fill_time 1.69452 [s]
program_time 13.9034 [s]
-------
bucket_split_time 9.35714 [s]
bucket_sort_time 0.623752 [s]
bucket_to_array_time 0.302276 [s]
table_fill_time 1.7353 [s]
program_time 13.9706 [s]
