-------
bucket_split_time 3.46551 [s]
bucket_sort_time 0.374978 [s]
bucket_to_array_time 0.154616 [s]
table_fill_time 1.00305 [s]
program_time 5.59751 [s]
-------
bucket_split_time 3.47173 [s]
bucket_sort_time 0.57084 [s]
bucket_to_array_time 0.193996 [s]
table_fill_time 1.01411 [s]
program_time 5.86552 [s]
-------
bucket_split_time 3.48964 [s]
bucket_sort_time 0.373498 [s]
bucket_to_array_time 0.152587 [s]
table_fill_time 1.19301 [s]
program_time 5.82519 [s]
-------
bucket_split_time 4.72542 [s]
bucket_sort_time 0.586844 [s]
bucket_to_array_time 0.192988 [s]
table_fill_time 1.11746 [s]
program_time 7.20823 [s]
-------
bucket_split_time 4.90888 [s]
bucket_sort_time 0.477513 [s]
bucket_to_array_time 0.208983 [s]
table_fill_time 1.22337 [s]
program_time 7.41564 [s]
-------
bucket_split_time 4.95018 [s]
bucket_sort_time 0.491533 [s]
bucket_to_array_time 0.216743 [s]
table_fill_time 1.22128 [s]
program_time 7.46058 [s]
-------
bucket_split_time 5.09492 [s]
bucket_sort_time 0.546947 [s]
bucket_to_array_time 0.196987 [s]
table_fill_time 1.17521 [s]
program_time 7.59923 [s]
-------
bucket_split_time 5.08047 [s]
bucket_sort_time 0.456188 [s]
bucket_to_array_time 0.177989 [s]
table_fill_time 1.19134 [s]
program_time 7.51535 [s]
-------
bucket_split_time 3.76799 [s]
bucket_sort_time 0.373149 [s]
bucket_to_array_time 0.14968 [s]
table_fill_time 1.27142 [s]
program_time 6.14218 [s]
-------
bucket_split_time 3.49055 [s]
bucket_sort_time 0.374235 [s]
bucket_to_array_time 0.153759 [s]
table_fill_time 0.957442 [s]
program_time 5.58077 [s]
