-------
bucket_split_time 1.88412 [s]
bucket_sort_time 5.21313 [s]
bucket_to_array_time 0.388935 [s]
table_fill_time 3.91927 [s]
program_time 11.4861 [s]
-------
bucket_split_time 2.00745 [s]
bucket_sort_time 5.27028 [s]
bucket_to_array_time 0.545366 [s]
table_fill_time 3.81906 [s]
program_time 11.7189 [s]
-------
bucket_split_time 2.11028 [s]
bucket_sort_time 5.26658 [s]
bucket_to_array_time 0.389964 [s]
table_fill_time 4.13096 [s]
program_time 11.978 [s]
-------
bucket_split_time 1.99179 [s]
bucket_sort_time 5.21544 [s]
bucket_to_array_time 0.385484 [s]
table_fill_time 4.21807 [s]
program_time 11.8928 [s]
-------
bucket_split_time 1.82177 [s]
bucket_sort_time 4.75707 [s]
bucket_to_array_time 0.389106 [s]
table_fill_time 3.69681 [s]
program_time 10.7459 [s]
-------
bucket_split_time 1.77647 [s]
bucket_sort_time 4.77548 [s]
bucket_to_array_time 0.385221 [s]
table_fill_time 3.69263 [s]
program_time 10.7126 [s]
-------
bucket_split_time 1.81338 [s]
bucket_sort_time 4.76018 [s]
bucket_to_array_time 0.387282 [s]
table_fill_time 3.68684 [s]
program_time 10.7283 [s]
-------
bucket_split_time 1.77431 [s]
bucket_sort_time 4.7646 [s]
bucket_to_array_time 0.388473 [s]
table_fill_time 3.69108 [s]
program_time 10.6992 [s]
-------
bucket_split_time 1.80347 [s]
bucket_sort_time 4.76078 [s]
bucket_to_array_time 0.386599 [s]
table_fill_time 3.6973 [s]
program_time 10.73 [s]
-------
bucket_split_time 1.79622 [s]
bucket_sort_time 4.77031 [s]
bucket_to_array_time 0.388858 [s]
table_fill_time 3.70145 [s]
program_time 10.7395 [s]
