-------
bucket_split_time 1.74855 [s]
bucket_sort_time 6.15443 [s]
bucket_to_array_time 0.651354 [s]
table_fill_time 4.02303 [s]
program_time 12.6447 [s]
-------
bucket_split_time 1.73891 [s]
bucket_sort_time 6.16141 [s]
bucket_to_array_time 0.65436 [s]
table_fill_time 3.66102 [s]
program_time 12.2839 [s]
-------
bucket_split_time 1.74427 [s]
bucket_sort_time 6.36487 [s]
bucket_to_array_time 0.649906 [s]
table_fill_time 3.6661 [s]
program_time 12.4886 [s]
-------
bucket_split_time 1.72775 [s]
bucket_sort_time 6.42912 [s]
bucket_to_array_time 0.654052 [s]
table_fill_time 3.65809 [s]
program_time 12.5334 [s]
-------
bucket_split_time 1.89721 [s]
bucket_sort_time 6.28089 [s]
bucket_to_array_time 0.676594 [s]
table_fill_time 3.66551 [s]
program_time 12.5866 [s]
-------
bucket_split_time 1.71239 [s]
bucket_sort_time 6.46045 [s]
bucket_to_array_time 0.655765 [s]
table_fill_time 3.66589 [s]
program_time 12.5576 [s]
-------
bucket_split_time 1.74923 [s]
bucket_sort_time 6.1563 [s]
bucket_to_array_time 0.65275 [s]
table_fill_time 3.70581 [s]
program_time 12.3306 [s]
-------
bucket_split_time 1.819 [s]
bucket_sort_time 6.15388 [s]
bucket_to_array_time 0.652982 [s]
table_fill_time 3.66265 [s]
program_time 12.3573 [s]
-------
bucket_split_time 1.70875 [s]
bucket_sort_time 6.24615 [s]
bucket_to_array_time 0.6551 [s]
table_fill_time 3.66505 [s]
program_time 12.3387 [s]
-------
bucket_split_time 1.75428 [s]
bucket_sort_time 6.42905 [s]
bucket_to_array_time 0.653388 [s]
table_fill_time 3.9313 [s]
program_time 12.8333 [s]
