-------
bucket_split_time 0.301116 [s]
bucket_sort_time 0.635732 [s]
bucket_to_array_time 0.052245 [s]
table_fill_time 0.694092 [s]
program_time 1.72389 [s]
-------
bucket_split_time 0.300531 [s]
bucket_sort_time 0.63827 [s]
bucket_to_array_time 0.052271 [s]
table_fill_time 0.749821 [s]
program_time 1.78059 [s]
-------
bucket_split_time 0.302694 [s]
bucket_sort_time 0.639658 [s]
bucket_to_array_time 0.052299 [s]
table_fill_time 0.752088 [s]
program_time 1.78649 [s]
-------
bucket_split_time 0.30025 [s]
bucket_sort_time 0.636296 [s]
bucket_to_array_time 0.05238 [s]
table_fill_time 0.684795 [s]
program_time 1.71435 [s]
-------
bucket_split_time 0.301095 [s]
bucket_sort_time 0.636926 [s]
bucket_to_array_time 0.052213 [s]
table_fill_time 0.670317 [s]
program_time 1.70193 [s]
-------
bucket_split_time 0.299955 [s]
bucket_sort_time 0.637911 [s]
bucket_to_array_time 0.052223 [s]
table_fill_time 0.749633 [s]
program_time 1.77969 [s]
-------
bucket_split_time 0.301426 [s]
bucket_sort_time 0.637693 [s]
bucket_to_array_time 0.05197 [s]
table_fill_time 0.680512 [s]
program_time 1.71113 [s]
-------
bucket_split_time 0.30005 [s]
bucket_sort_time 0.637506 [s]
bucket_to_array_time 0.051989 [s]
table_fill_time 0.682282 [s]
program_time 1.71276 [s]
-------
bucket_split_time 0.300515 [s]
bucket_sort_time 0.636435 [s]
bucket_to_array_time 0.051805 [s]
table_fill_time 0.744639 [s]
program_time 1.77318 [s]
-------
bucket_split_time 0.301072 [s]
bucket_sort_time 0.635918 [s]
bucket_to_array_time 0.051941 [s]
table_fill_time 0.666635 [s]
program_time 1.69707 [s]
