-------
bucket_split_time 1.04519 [s]
bucket_sort_time 9.02686 [s]
bucket_to_array_time 0.387066 [s]
table_fill_time 4.16641 [s]
program_time 14.6866 [s]
-------
bucket_split_time 1.04601 [s]
bucket_sort_time 9.32242 [s]
bucket_to_array_time 0.381946 [s]
table_fill_time 3.75888 [s]
program_time 14.572 [s]
-------
bucket_split_time 1.04418 [s]
bucket_sort_time 9.07733 [s]
bucket_to_array_time 0.385976 [s]
table_fill_time 3.68486 [s]
program_time 14.2511 [s]
-------
bucket_split_time 1.03648 [s]
bucket_sort_time 9.32832 [s]
bucket_to_array_time 0.385267 [s]
table_fill_time 3.68246 [s]
program_time 14.492 [s]
-------
bucket_split_time 1.03707 [s]
bucket_sort_time 9.18074 [s]
bucket_to_array_time 0.383053 [s]
table_fill_time 3.68153 [s]
program_time 14.3444 [s]
-------
bucket_split_time 1.05613 [s]
bucket_sort_time 9.01761 [s]
bucket_to_array_time 0.38706 [s]
table_fill_time 4.12961 [s]
program_time 14.6501 [s]
-------
bucket_split_time 2.9511 [s]
bucket_sort_time 9.31378 [s]
bucket_to_array_time 0.382798 [s]
table_fill_time 3.76823 [s]
program_time 16.481 [s]
-------
bucket_split_time 1.15076 [s]
bucket_sort_time 9.49005 [s]
bucket_to_array_time 0.385495 [s]
table_fill_time 3.68842 [s]
program_time 14.7745 [s]
-------
bucket_split_time 1.03558 [s]
bucket_sort_time 9.37927 [s]
bucket_to_array_time 0.38927 [s]
table_fill_time 3.68861 [s]
program_time 14.5515 [s]
-------
bucket_split_time 1.03205 [s]
bucket_sort_time 9.42896 [s]
bucket_to_array_time 0.38273 [s]
table_fill_time 3.6841 [s]
program_time 14.5875 [s]
