-------
bucket_split_time 2.89318 [s]
bucket_sort_time 1.69064 [s]
bucket_to_array_time 0.210012 [s]
table_fill_time 2.56048 [s]
program_time 7.62401 [s]
-------
bucket_split_time 2.75647 [s]
bucket_sort_time 1.6901 [s]
bucket_to_array_time 0.210691 [s]
table_fill_time 2.39325 [s]
program_time 7.31833 [s]
-------
bucket_split_time 2.78281 [s]
bucket_sort_time 1.67812 [s]
bucket_to_array_time 0.209978 [s]
table_fill_time 2.46347 [s]
program_time 7.40676 [s]
-------
bucket_split_time 2.80358 [s]
bucket_sort_time 1.68608 [s]
bucket_to_array_time 0.210475 [s]
table_fill_time 2.44629 [s]
program_time 7.41801 [s]
-------
bucket_split_time 2.83918 [s]
bucket_sort_time 1.68832 [s]
bucket_to_array_time 0.21081 [s]
table_fill_time 2.46878 [s]
program_time 7.47286 [s]
-------
bucket_split_time 2.82297 [s]
bucket_sort_time 1.68957 [s]
bucket_to_array_time 0.210703 [s]
table_fill_time 2.50629 [s]
program_time 7.50492 [s]
-------
bucket_split_time 2.80245 [s]
bucket_sort_time 1.68298 [s]
bucket_to_array_time 0.209216 [s]
table_fill_time 2.48121 [s]
program_time 7.44136 [s]
-------
bucket_split_time 2.82215 [s]
bucket_sort_time 1.68737 [s]
bucket_to_array_time 0.21064 [s]
table_fill_time 2.46279 [s]
program_time 7.4498 [s]
-------
bucket_split_time 2.78249 [s]
bucket_sort_time 1.67744 [s]
bucket_to_array_time 0.210455 [s]
table_fill_time 2.44413 [s]
program_time 7.38233 [s]
-------
bucket_split_time 2.86933 [s]
bucket_sort_time 1.68614 [s]
bucket_to_array_time 0.211899 [s]
table_fill_time 2.42328 [s]
program_time 7.4568 [s]
