-------
bucket_split_time 0.970628 [s]
bucket_sort_time 1.3552 [s]
bucket_to_array_time 0.11865 [s]
table_fill_time 1.42093 [s]
program_time 3.95007 [s]
-------
bucket_split_time 0.953608 [s]
bucket_sort_time 1.37305 [s]
bucket_to_array_time 0.119459 [s]
table_fill_time 1.39768 [s]
program_time 3.93112 [s]
-------
bucket_split_time 1.09739 [s]
bucket_sort_time 1.35538 [s]
bucket_to_array_time 0.118548 [s]
table_fill_time 1.44647 [s]
program_time 4.10566 [s]
-------
bucket_split_time 0.972615 [s]
bucket_sort_time 1.25276 [s]
bucket_to_array_time 0.116835 [s]
table_fill_time 1.51491 [s]
program_time 3.94516 [s]
-------
bucket_split_time 0.985383 [s]
bucket_sort_time 1.28594 [s]
bucket_to_array_time 0.119182 [s]
table_fill_time 1.42164 [s]
program_time 3.90079 [s]
-------
bucket_split_time 1.01506 [s]
bucket_sort_time 1.22109 [s]
bucket_to_array_time 0.118078 [s]
table_fill_time 1.41506 [s]
program_time 3.85728 [s]
-------
bucket_split_time 0.943625 [s]
bucket_sort_time 1.27225 [s]
bucket_to_array_time 0.118369 [s]
table_fill_time 1.45226 [s]
program_time 3.87412 [s]
-------
bucket_split_time 0.954679 [s]
bucket_sort_time 1.29039 [s]
bucket_to_array_time 0.120135 [s]
table_fill_time 1.41652 [s]
program_time 3.8673 [s]
-------
bucket_split_time 0.997311 [s]
bucket_sort_time 1.23113 [s]
bucket_to_array_time 0.117292 [s]
table_fill_time 1.28438 [s]
program_time 3.7174 [s]
-------
bucket_split_time 0.98517 [s]
bucket_sort_time 1.35173 [s]
bucket_to_array_time 0.118004 [s]
table_fill_time 1.51953 [s]
program_time 4.05883 [s]
