-------
bucket_split_time 1.60455 [s]
bucket_sort_time 3.84296 [s]
bucket_to_array_time 0.519718 [s]
table_fill_time 2.93229 [s]
program_time 8.96086 [s]
-------
bucket_split_time 1.59836 [s]
bucket_sort_time 3.83477 [s]
bucket_to_array_time 0.522089 [s]
table_fill_time 2.92543 [s]
program_time 8.94161 [s]
-------
bucket_split_time 1.60908 [s]
bucket_sort_time 3.83453 [s]
bucket_to_array_time 0.523227 [s]
table_fill_time 2.93001 [s]
program_time 8.95688 [s]
-------
bucket_split_time 1.58548 [s]
bucket_sort_time 3.83385 [s]
bucket_to_array_time 0.517896 [s]
table_fill_time 2.92468 [s]
program_time 8.92432 [s]
-------
bucket_split_time 1.60172 [s]
bucket_sort_time 3.83061 [s]
bucket_to_array_time 0.521172 [s]
table_fill_time 2.92546 [s]
program_time 8.93887 [s]
-------
bucket_split_time 1.5964 [s]
bucket_sort_time 3.83169 [s]
bucket_to_array_time 0.521716 [s]
table_fill_time 2.93095 [s]
program_time 8.94293 [s]
-------
bucket_split_time 1.61382 [s]
bucket_sort_time 3.83615 [s]
bucket_to_array_time 0.520127 [s]
table_fill_time 2.92238 [s]
program_time 8.95541 [s]
-------
bucket_split_time 1.61203 [s]
bucket_sort_time 3.82946 [s]
bucket_to_array_time 0.519796 [s]
table_fill_time 2.92363 [s]
program_time 8.94783 [s]
-------
bucket_split_time 1.58816 [s]
bucket_sort_time 3.82954 [s]
bucket_to_array_time 0.518511 [s]
table_fill_time 2.92033 [s]
program_time 8.91548 [s]
-------
bucket_split_time 1.59217 [s]
bucket_sort_time 3.82835 [s]
bucket_to_array_time 0.518737 [s]
table_fill_time 2.92579 [s]
program_time 8.92434 [s]
