-------
bucket_split_time 0.477567 [s]
bucket_sort_time 2.46967 [s]
bucket_to_array_time 0.155066 [s]
table_fill_time 1.47759 [s]
program_time 4.6072 [s]
-------
bucket_split_time 0.493763 [s]
bucket_sort_time 2.47128 [s]
bucket_to_array_time 0.153693 [s]
table_fill_time 1.47698 [s]
program_time 4.62377 [s]
-------
bucket_split_time 0.476737 [s]
bucket_sort_time 2.46817 [s]
bucket_to_array_time 0.153085 [s]
table_fill_time 1.48113 [s]
program_time 4.60822 [s]
-------
bucket_split_time 0.476585 [s]
bucket_sort_time 2.4701 [s]
bucket_to_array_time 0.154195 [s]
table_fill_time 1.48178 [s]
program_time 4.61059 [s]
-------
bucket_split_time 0.477276 [s]
bucket_sort_time 2.4699 [s]
bucket_to_array_time 0.155334 [s]
table_fill_time 1.48112 [s]
program_time 4.61284 [s]
-------
bucket_split_time 0.479302 [s]
bucket_sort_time 2.47026 [s]
bucket_to_array_time 0.155085 [s]
table_fill_time 1.47595 [s]
program_time 4.61044 [s]
-------
bucket_split_time 0.479538 [s]
bucket_sort_time 2.47884 [s]
bucket_to_array_time 0.154116 [s]
table_fill_time 1.47784 [s]
program_time 4.61998 [s]
-------
bucket_split_time 0.479159 [s]
bucket_sort_time 2.47175 [s]
bucket_to_array_time 0.152466 [s]
table_fill_time 1.47876 [s]
program_time 4.61136 [s]
-------
bucket_split_time 0.502295 [s]
bucket_sort_time 2.46917 [s]
bucket_to_array_time 0.153535 [s]
table_fill_time 1.47649 [s]
program_time 4.62915 [s]
-------
bucket_split_time 0.501648 [s]
bucket_sort_time 2.47019 [s]
bucket_to_array_time 0.15445 [s]
table_fill_time 1.47749 [s]
program_time 4.63289 [s]
