-------
bucket_split_time 0.624098 [s]
bucket_sort_time 3.03896 [s]
bucket_to_array_time 0.263218 [s]
table_fill_time 1.46534 [s]
program_time 5.41626 [s]
-------
bucket_split_time 0.620944 [s]
bucket_sort_time 3.03981 [s]
bucket_to_array_time 0.261862 [s]
table_fill_time 1.46622 [s]
program_time 5.4147 [s]
-------
bucket_split_time 0.619566 [s]
bucket_sort_time 3.0387 [s]
bucket_to_array_time 0.262218 [s]
table_fill_time 1.46863 [s]
program_time 5.41477 [s]
-------
bucket_split_time 0.618146 [s]
bucket_sort_time 3.03848 [s]
bucket_to_array_time 0.261934 [s]
table_fill_time 1.46521 [s]
program_time 5.40916 [s]
-------
bucket_split_time 0.622337 [s]
bucket_sort_time 3.03897 [s]
bucket_to_array_time 0.264193 [s]
table_fill_time 1.46434 [s]
program_time 5.41529 [s]
-------
bucket_split_time 0.623651 [s]
bucket_sort_time 3.04018 [s]
bucket_to_array_time 0.262851 [s]
table_fill_time 1.46593 [s]
program_time 5.41763 [s]
-------
bucket_split_time 0.628892 [s]
bucket_sort_time 3.03829 [s]
bucket_to_array_time 0.261017 [s]
table_fill_time 1.46577 [s]
program_time 5.41946 [s]
-------
bucket_split_time 0.622482 [s]
bucket_sort_time 3.04018 [s]
bucket_to_array_time 0.261 [s]
table_fill_time 1.46798 [s]
program_time 5.41733 [s]
-------
bucket_split_time 0.619862 [s]
bucket_sort_time 3.04287 [s]
bucket_to_array_time 0.262544 [s]
table_fill_time 1.4671 [s]
program_time 5.41715 [s]
-------
bucket_split_time 0.624496 [s]
bucket_sort_time 3.03956 [s]
bucket_to_array_time 0.264377 [s]
table_fill_time 1.46607 [s]
program_time 5.42003 [s]
