-------
bucket_split_time 4.92395 [s]
bucket_sort_time 0.729037 [s]
bucket_to_array_time 0.518386 [s]
table_fill_time 1.63449 [s]
program_time 8.94562 [s]
-------
bucket_split_time 4.93079 [s]
bucket_sort_time 0.688221 [s]
bucket_to_array_time 0.523772 [s]
table_fill_time 1.82325 [s]
program_time 9.10294 [s]
-------
bucket_split_time 5.03442 [s]
bucket_sort_time 0.735456 [s]
bucket_to_array_time 0.536533 [s]
table_fill_time 1.73047 [s]
program_time 9.16603 [s]
-------
bucket_split_time 5.00966 [s]
bucket_sort_time 0.834836 [s]
bucket_to_array_time 0.468513 [s]
table_fill_time 1.65949 [s]
program_time 9.2452 [s]
-------
bucket_split_time 4.88796 [s]
bucket_sort_time 0.804305 [s]
bucket_to_array_time 0.499924 [s]
table_fill_time 1.72514 [s]
program_time 9.05419 [s]
-------
bucket_split_time 4.89429 [s]
bucket_sort_time 0.785797 [s]
bucket_to_array_time 0.493192 [s]
table_fill_time 1.70565 [s]
program_time 9.10104 [s]
-------
bucket_split_time 5.05692 [s]
bucket_sort_time 0.712455 [s]
bucket_to_array_time 0.517118 [s]
table_fill_time 1.81639 [s]
program_time 9.24527 [s]
-------
bucket_split_time 5.15109 [s]
bucket_sort_time 0.789165 [s]
bucket_to_array_time 0.484752 [s]
table_fill_time 1.72356 [s]
program_time 9.32746 [s]
-------
bucket_split_time 4.90442 [s]
bucket_sort_time 0.738392 [s]
bucket_to_array_time 0.516984 [s]
table_fill_time 1.67521 [s]
program_time 8.97266 [s]
-------
bucket_split_time 4.90088 [s]
bucket_sort_time 0.821836 [s]
bucket_to_array_time 0.484368 [s]
table_fill_time 1.7424 [s]
program_time 9.1626 [s]
