-------
bucket_split_time 0.225094 [s]
bucket_sort_time 1.23823 [s]
bucket_to_array_time 0.076983 [s]
table_fill_time 0.739805 [s]
program_time 2.29576 [s]
-------
bucket_split_time 0.224067 [s]
bucket_sort_time 1.23841 [s]
bucket_to_array_time 0.077285 [s]
table_fill_time 0.73999 [s]
program_time 2.29278 [s]
-------
bucket_split_time 0.22543 [s]
bucket_sort_time 1.23732 [s]
bucket_to_array_time 0.07759 [s]
table_fill_time 0.737354 [s]
program_time 2.29228 [s]
-------
bucket_split_time 0.225163 [s]
bucket_sort_time 1.23753 [s]
bucket_to_array_time 0.077553 [s]
table_fill_time 0.736646 [s]
program_time 2.29332 [s]
-------
bucket_split_time 0.224379 [s]
bucket_sort_time 1.23747 [s]
bucket_to_array_time 0.077562 [s]
table_fill_time 0.737441 [s]
program_time 2.29254 [s]
-------
bucket_split_time 0.224813 [s]
bucket_sort_time 1.23793 [s]
bucket_to_array_time 0.077319 [s]
table_fill_time 0.737966 [s]
program_time 2.29378 [s]
-------
bucket_split_time 0.225423 [s]
bucket_sort_time 1.2378 [s]
bucket_to_array_time 0.07727 [s]
table_fill_time 0.738702 [s]
program_time 2.29389 [s]
-------
bucket_split_time 0.232211 [s]
bucket_sort_time 1.23807 [s]
bucket_to_array_time 0.077069 [s]
table_fill_time 0.73926 [s]
program_time 2.30114 [s]
-------
bucket_split_time 0.225358 [s]
bucket_sort_time 1.23757 [s]
bucket_to_array_time 0.076404 [s]
table_fill_time 0.74107 [s]
program_time 2.29501 [s]
-------
bucket_split_time 0.224995 [s]
bucket_sort_time 1.23732 [s]
bucket_to_array_time 0.076466 [s]
table_fill_time 0.737256 [s]
program_time 2.2917 [s]
