-------
bucket_split_time 7.38737 [s]
bucket_sort_time 0.497322 [s]
bucket_to_array_time 0.24245 [s]
table_fill_time 1.49857 [s]
program_time 11.1324 [s]
-------
bucket_split_time 7.4049 [s]
bucket_sort_time 0.498749 [s]
bucket_to_array_time 0.242214 [s]
table_fill_time 1.37117 [s]
program_time 11.0232 [s]
-------
bucket_split_time 7.38306 [s]
bucket_sort_time 0.498554 [s]
bucket_to_array_time 0.248411 [s]
table_fill_time 1.37238 [s]
program_time 11.0563 [s]
-------
bucket_split_time 7.33464 [s]
bucket_sort_time 0.495973 [s]
bucket_to_array_time 0.241851 [s]
table_fill_time 1.42602 [s]
program_time 10.9999 [s]
-------
bucket_split_time 7.31114 [s]
bucket_sort_time 0.495552 [s]
bucket_to_array_time 0.241302 [s]
table_fill_time 1.44389 [s]
program_time 10.9993 [s]
-------
bucket_split_time 7.39925 [s]
bucket_sort_time 0.498525 [s]
bucket_to_array_time 0.243724 [s]
table_fill_time 1.53786 [s]
program_time 11.1895 [s]
-------
bucket_split_time 7.39871 [s]
bucket_sort_time 0.49883 [s]
bucket_to_array_time 0.244037 [s]
table_fill_time 1.3746 [s]
program_time 11.0288 [s]
-------
bucket_split_time 7.40484 [s]
bucket_sort_time 0.500342 [s]
bucket_to_array_time 0.244856 [s]
table_fill_time 1.36752 [s]
program_time 11.0276 [s]
-------
bucket_split_time 7.37148 [s]
bucket_sort_time 0.497488 [s]
bucket_to_array_time 0.244754 [s]
table_fill_time 1.49485 [s]
program_time 11.1274 [s]
-------
bucket_split_time 7.42424 [s]
bucket_sort_time 0.498445 [s]
bucket_to_array_time 0.244256 [s]
table_fill_time 1.37729 [s]
program_time 11.0501 [s]
