-------
bucket_split_time 2.9829 [s]
bucket_sort_time 2.76508 [s]
bucket_to_array_time 0.709187 [s]
table_fill_time 2.97633 [s]
program_time 9.66642 [s]
-------
bucket_split_time 2.81056 [s]
bucket_sort_time 2.78381 [s]
bucket_to_array_time 0.642375 [s]
table_fill_time 2.95737 [s]
program_time 9.41402 [s]
-------
bucket_split_time 2.73997 [s]
bucket_sort_time 2.97519 [s]
bucket_to_array_time 0.642317 [s]
table_fill_time 2.9882 [s]
program_time 9.5046 [s]
-------
bucket_split_time 2.67327 [s]
bucket_sort_time 2.81149 [s]
bucket_to_array_time 0.649703 [s]
table_fill_time 2.93494 [s]
program_time 9.29379 [s]
-------
bucket_split_time 2.86247 [s]
bucket_sort_time 2.77133 [s]
bucket_to_array_time 0.644765 [s]
table_fill_time 2.93851 [s]
program_time 9.38681 [s]
-------
bucket_split_time 2.67391 [s]
bucket_sort_time 2.78546 [s]
bucket_to_array_time 0.643452 [s]
table_fill_time 3.15106 [s]
program_time 9.41529 [s]
-------
bucket_split_time 2.49004 [s]
bucket_sort_time 2.98891 [s]
bucket_to_array_time 0.645 [s]
table_fill_time 3.12806 [s]
program_time 9.41636 [s]
-------
bucket_split_time 2.66995 [s]
bucket_sort_time 2.76489 [s]
bucket_to_array_time 0.641087 [s]
table_fill_time 2.93372 [s]
program_time 9.18021 [s]
-------
bucket_split_time 3.05326 [s]
bucket_sort_time 2.7713 [s]
bucket_to_array_time 0.645104 [s]
table_fill_time 2.93076 [s]
program_time 9.56324 [s]
-------
bucket_split_time 3.22279 [s]
bucket_sort_time 2.76234 [s]
bucket_to_array_time 0.642053 [s]
table_fill_time 2.92906 [s]
program_time 9.71817 [s]
