-------
bucket_split_time 0.053095 [s]
bucket_sort_time 0.309551 [s]
bucket_to_array_time 0.018878 [s]
table_fill_time 0.183443 [s]
program_time 0.568601 [s]
-------
bucket_split_time 0.052803 [s]
bucket_sort_time 0.309215 [s]
bucket_to_array_time 0.018871 [s]
table_fill_time 0.183369 [s]
program_time 0.567886 [s]
-------
bucket_split_time 0.054321 [s]
bucket_sort_time 0.309265 [s]
bucket_to_array_time 0.018879 [s]
table_fill_time 0.183415 [s]
program_time 0.56951 [s]
-------
bucket_split_time 0.052457 [s]
bucket_sort_time 0.309483 [s]
bucket_to_array_time 0.018743 [s]
table_fill_time 0.183507 [s]
program_time 0.567928 [s]
-------
bucket_split_time 0.052521 [s]
bucket_sort_time 0.309529 [s]
bucket_to_array_time 0.01896 [s]
table_fill_time 0.183646 [s]
program_time 0.568377 [s]
-------
bucket_split_time 0.052447 [s]
bucket_sort_time 0.308981 [s]
bucket_to_array_time 0.019252 [s]
table_fill_time 0.182875 [s]
program_time 0.567338 [s]
-------
bucket_split_time 0.052871 [s]
bucket_sort_time 0.310018 [s]
bucket_to_array_time 0.019191 [s]
table_fill_time 0.185701 [s]
program_time 0.571612 [s]
-------
bucket_split_time 0.053551 [s]
bucket_sort_time 0.30954 [s]
bucket_to_array_time 0.018985 [s]
table_fill_time 0.183524 [s]
program_time 0.569313 [s]
-------
bucket_split_time 0.052518 [s]
bucket_sort_time 0.309204 [s]
bucket_to_array_time 0.018766 [s]
table_fill_time 0.183071 [s]
program_time 0.567092 [s]
-------
bucket_split_time 0.052703 [s]
bucket_sort_time 0.309248 [s]
bucket_to_array_time 0.018647 [s]
table_fill_time 0.183484 [s]
program_time 0.567859 [s]
