-------
bucket_split_time 0.079722 [s]
bucket_sort_time 0.12307 [s]
bucket_to_array_time 0.013551 [s]
table_fill_time 0.161917 [s]
program_time 0.384002 [s]
-------
bucket_split_time 0.059157 [s]
bucket_sort_time 0.121998 [s]
bucket_to_array_time 0.016422 [s]
table_fill_time 0.130253 [s]
program_time 0.333551 [s]
-------
bucket_split_time 0.084746 [s]
bucket_sort_time 0.165087 [s]
bucket_to_array_time 0.022223 [s]
table_fill_time 0.188791 [s]
program_time 0.46658 [s]
-------
bucket_split_time 0.106995 [s]
bucket_sort_time 0.147296 [s]
bucket_to_array_time 0.016983 [s]
table_fill_time 0.142727 [s]
program_time 0.419744 [s]
-------
bucket_split_time 0.09957 [s]
bucket_sort_time 0.177236 [s]
bucket_to_array_time 0.027853 [s]
table_fill_time 0.166522 [s]
program_time 0.476961 [s]
-------
bucket_split_time 0.078362 [s]
bucket_sort_time 0.170387 [s]
bucket_to_array_time 0.020286 [s]
table_fill_time 0.179946 [s]
program_time 0.453977 [s]
-------
bucket_split_time 0.064372 [s]
bucket_sort_time 0.105238 [s]
bucket_to_array_time 0.015135 [s]
table_fill_time 0.10441 [s]
program_time 0.295961 [s]
-------
bucket_split_time 0.069125 [s]
bucket_sort_time 0.111847 [s]
bucket_to_array_time 0.013475 [s]
table_fill_time 0.127219 [s]
program_time 0.326582 [s]
-------
bucket_split_time 0.069719 [s]
bucket_sort_time 0.124877 [s]
bucket_to_array_time 0.013514 [s]
table_fill_time 0.120373 [s]
program_time 0.333527 [s]
-------
bucket_split_time 0.069507 [s]
bucket_sort_time 0.121439 [s]
bucket_to_array_time 0.016273 [s]
table_fill_time 0.111585 [s]
program_time 0.323785 [s]
