-------
bucket_split_time 0.355843 [s]
bucket_sort_time 0.031244 [s]
bucket_to_array_time 0.01513 [s]
table_fill_time 0.090541 [s]
program_time 0.556686 [s]
-------
bucket_split_time 0.355543 [s]
bucket_sort_time 0.031401 [s]
bucket_to_array_time 0.015308 [s]
table_fill_time 0.085 [s]
program_time 0.549766 [s]
-------
bucket_split_time 0.352028 [s]
bucket_sort_time 0.031073 [s]
bucket_to_array_time 0.015231 [s]
table_fill_time 0.085958 [s]
program_time 0.547569 [s]
-------
bucket_split_time 0.354938 [s]
bucket_sort_time 0.031247 [s]
bucket_to_array_time 0.015039 [s]
table_fill_time 0.090691 [s]
program_time 0.55508 [s]
-------
bucket_split_time 0.352587 [s]
bucket_sort_time 0.031173 [s]
bucket_to_array_time 0.015107 [s]
table_fill_time 0.085614 [s]
program_time 0.547372 [s]
-------
bucket_split_time 0.356109 [s]
bucket_sort_time 0.03096 [s]
bucket_to_array_time 0.015021 [s]
table_fill_time 0.084517 [s]
program_time 0.549291 [s]
-------
bucket_split_time 0.351095 [s]
bucket_sort_time 0.031036 [s]
bucket_to_array_time 0.015158 [s]
table_fill_time 0.085182 [s]
program_time 0.545398 [s]
-------
bucket_split_time 0.366567 [s]
bucket_sort_time 0.031185 [s]
bucket_to_array_time 0.01529 [s]
table_fill_time 0.084288 [s]
program_time 0.562267 [s]
-------
bucket_split_time 0.350553 [s]
bucket_sort_time 0.031346 [s]
bucket_to_array_time 0.015182 [s]
table_fill_time 0.084949 [s]
program_time 0.545058 [s]
-------
bucket_split_time 0.352215 [s]
bucket_sort_time 0.031043 [s]
bucket_to_array_time 0.015059 [s]
table_fill_time 0.085438 [s]
program_time 0.546854 [s]
