-------
bucket_split_time 0.069873 [s]
bucket_sort_time 0.056076 [s]
bucket_to_array_time 0.007071 [s]
table_fill_time 0.088889 [s]
program_time 0.234163 [s]
-------
bucket_split_time 0.070336 [s]
bucket_sort_time 0.056217 [s]
bucket_to_array_time 0.007088 [s]
table_fill_time 0.085889 [s]
program_time 0.231067 [s]
-------
bucket_split_time 0.07097 [s]
bucket_sort_time 0.056533 [s]
bucket_to_array_time 0.007097 [s]
table_fill_time 0.092187 [s]
program_time 0.238839 [s]
-------
bucket_split_time 0.070583 [s]
bucket_sort_time 0.056256 [s]
bucket_to_array_time 0.007062 [s]
table_fill_time 0.083993 [s]
program_time 0.228935 [s]
-------
bucket_split_time 0.070534 [s]
bucket_sort_time 0.056114 [s]
bucket_to_array_time 0.00715 [s]
table_fill_time 0.089039 [s]
program_time 0.233978 [s]
-------
bucket_split_time 0.070018 [s]
bucket_sort_time 0.056445 [s]
bucket_to_array_time 0.007108 [s]
table_fill_time 0.085511 [s]
program_time 0.230193 [s]
-------
bucket_split_time 0.070649 [s]
bucket_sort_time 0.055996 [s]
bucket_to_array_time 0.007874 [s]
table_fill_time 0.083543 [s]
program_time 0.229051 [s]
-------
bucket_split_time 0.070378 [s]
bucket_sort_time 0.056112 [s]
bucket_to_array_time 0.007084 [s]
table_fill_time 0.085397 [s]
program_time 0.23003 [s]
-------
bucket_split_time 0.070166 [s]
bucket_sort_time 0.056431 [s]
bucket_to_array_time 0.007131 [s]
table_fill_time 0.088148 [s]
program_time 0.232981 [s]
-------
bucket_split_time 0.069941 [s]
bucket_sort_time 0.056007 [s]
bucket_to_array_time 0.00712 [s]
table_fill_time 0.08625 [s]
program_time 0.230486 [s]
