-------
bucket_split_time 0.620925 [s]
bucket_sort_time 5.56434 [s]
bucket_to_array_time 0.228985 [s]
table_fill_time 2.57789 [s]
program_time 9.03068 [s]
-------
bucket_split_time 0.621955 [s]
bucket_sort_time 5.80047 [s]
bucket_to_array_time 0.232519 [s]
table_fill_time 2.48777 [s]
program_time 9.18589 [s]
-------
bucket_split_time 0.864667 [s]
bucket_sort_time 6.19609 [s]
bucket_to_array_time 0.230137 [s]
table_fill_time 2.44941 [s]
program_time 9.79345 [s]
-------
bucket_split_time 0.681154 [s]
bucket_sort_time 6.25537 [s]
bucket_to_array_time 0.341938 [s]
table_fill_time 2.4821 [s]
program_time 9.81124 [s]
-------
bucket_split_time 0.763249 [s]
bucket_sort_time 5.92817 [s]
bucket_to_array_time 0.231851 [s]
table_fill_time 2.47748 [s]
program_time 9.44099 [s]
-------
bucket_split_time 0.618171 [s]
bucket_sort_time 5.65184 [s]
bucket_to_array_time 0.229188 [s]
table_fill_time 2.2298 [s]
program_time 8.77149 [s]
-------
bucket_split_time 0.625578 [s]
bucket_sort_time 5.59177 [s]
bucket_to_array_time 0.289142 [s]
table_fill_time 2.41655 [s]
program_time 8.97549 [s]
-------
bucket_split_time 0.636161 [s]
bucket_sort_time 5.57223 [s]
bucket_to_array_time 0.231619 [s]
table_fill_time 2.32245 [s]
program_time 8.80978 [s]
-------
bucket_split_time 0.68311 [s]
bucket_sort_time 5.71563 [s]
bucket_to_array_time 0.229444 [s]
table_fill_time 2.30257 [s]
program_time 8.97887 [s]
-------
bucket_split_time 0.62212 [s]
bucket_sort_time 5.79694 [s]
bucket_to_array_time 0.308125 [s]
table_fill_time 2.42704 [s]
program_time 9.20486 [s]
