-------
bucket_split_time 0.410071 [s]
bucket_sort_time 3.61408 [s]
bucket_to_array_time 0.153914 [s]
table_fill_time 1.47807 [s]
program_time 5.67987 [s]
-------
bucket_split_time 0.409758 [s]
bucket_sort_time 3.60985 [s]
bucket_to_array_time 0.153161 [s]
table_fill_time 1.47711 [s]
program_time 5.67363 [s]
-------
bucket_split_time 0.411608 [s]
bucket_sort_time 3.60916 [s]
bucket_to_array_time 0.15529 [s]
table_fill_time 1.47979 [s]
program_time 5.68025 [s]
-------
bucket_split_time 0.414562 [s]
bucket_sort_time 3.61832 [s]
bucket_to_array_time 0.15532 [s]
table_fill_time 1.48287 [s]
program_time 5.69584 [s]
-------
bucket_split_time 0.411401 [s]
bucket_sort_time 3.60584 [s]
bucket_to_array_time 0.154813 [s]
table_fill_time 1.53273 [s]
program_time 5.72896 [s]
-------
bucket_split_time 0.413601 [s]
bucket_sort_time 3.60749 [s]
bucket_to_array_time 0.153483 [s]
table_fill_time 1.47952 [s]
program_time 5.67702 [s]
-------
bucket_split_time 0.431344 [s]
bucket_sort_time 3.61868 [s]
bucket_to_array_time 0.153456 [s]
table_fill_time 1.47971 [s]
program_time 5.70834 [s]
-------
bucket_split_time 0.412759 [s]
bucket_sort_time 3.6174 [s]
bucket_to_array_time 0.15538 [s]
table_fill_time 1.47911 [s]
program_time 5.68945 [s]
-------
bucket_split_time 0.411792 [s]
bucket_sort_time 3.61686 [s]
bucket_to_array_time 0.154746 [s]
table_fill_time 1.47929 [s]
program_time 5.68825 [s]
-------
bucket_split_time 0.427629 [s]
bucket_sort_time 3.61582 [s]
bucket_to_array_time 0.154169 [s]
table_fill_time 1.48154 [s]
program_time 5.70262 [s]
