-------
bucket_split_time 1.00327 [s]
bucket_sort_time 2.86322 [s]
bucket_to_array_time 0.231317 [s]
table_fill_time 2.21545 [s]
program_time 6.36671 [s]
-------
bucket_split_time 1.00947 [s]
bucket_sort_time 2.86904 [s]
bucket_to_array_time 0.232242 [s]
table_fill_time 2.22285 [s]
program_time 6.3873 [s]
-------
bucket_split_time 1.00075 [s]
bucket_sort_time 2.86698 [s]
bucket_to_array_time 0.232471 [s]
table_fill_time 2.21927 [s]
program_time 6.3727 [s]
-------
bucket_split_time 1.01035 [s]
bucket_sort_time 2.8726 [s]
bucket_to_array_time 0.231384 [s]
table_fill_time 2.23213 [s]
program_time 6.39983 [s]
-------
bucket_split_time 0.994268 [s]
bucket_sort_time 2.86326 [s]
bucket_to_array_time 0.231303 [s]
table_fill_time 2.2165 [s]
program_time 6.35791 [s]
-------
bucket_split_time 0.99152 [s]
bucket_sort_time 2.86388 [s]
bucket_to_array_time 0.233367 [s]
table_fill_time 2.21579 [s]
program_time 6.35607 [s]
-------
bucket_split_time 1.01632 [s]
bucket_sort_time 2.86684 [s]
bucket_to_array_time 0.233207 [s]
table_fill_time 2.21364 [s]
program_time 6.38159 [s]
-------
bucket_split_time 0.995847 [s]
bucket_sort_time 2.86401 [s]
bucket_to_array_time 0.230051 [s]
table_fill_time 2.21652 [s]
program_time 6.35791 [s]
-------
bucket_split_time 0.994181 [s]
bucket_sort_time 2.86038 [s]
bucket_to_array_time 0.23096 [s]
table_fill_time 2.21572 [s]
program_time 6.35635 [s]
-------
bucket_split_time 0.992109 [s]
bucket_sort_time 2.86722 [s]
bucket_to_array_time 0.233306 [s]
table_fill_time 2.2112 [s]
program_time 6.35199 [s]
