-------
bucket_split_time 1.17231 [s]
bucket_sort_time 2.88227 [s]
bucket_to_array_time 0.388995 [s]
table_fill_time 2.20123 [s]
program_time 6.68951 [s]
-------
bucket_split_time 1.16401 [s]
bucket_sort_time 2.88114 [s]
bucket_to_array_time 0.393169 [s]
table_fill_time 2.20006 [s]
program_time 6.68718 [s]
-------
bucket_split_time 1.15987 [s]
bucket_sort_time 2.88213 [s]
bucket_to_array_time 0.392778 [s]
table_fill_time 2.19862 [s]
program_time 6.68035 [s]
-------
bucket_split_time 1.15936 [s]
bucket_sort_time 2.88387 [s]
bucket_to_array_time 0.390022 [s]
table_fill_time 2.20462 [s]
program_time 6.68257 [s]
-------
bucket_split_time 1.159 [s]
bucket_sort_time 2.88242 [s]
bucket_to_array_time 0.390457 [s]
table_fill_time 2.19868 [s]
program_time 6.67506 [s]
-------
bucket_split_time 1.16153 [s]
bucket_sort_time 2.88236 [s]
bucket_to_array_time 0.39196 [s]
table_fill_time 2.20112 [s]
program_time 6.68259 [s]
-------
bucket_split_time 1.15978 [s]
bucket_sort_time 2.88036 [s]
bucket_to_array_time 0.40042 [s]
table_fill_time 2.19874 [s]
program_time 6.68334 [s]
-------
bucket_split_time 1.18171 [s]
bucket_sort_time 2.87885 [s]
bucket_to_array_time 0.388218 [s]
table_fill_time 2.19652 [s]
program_time 6.691 [s]
-------
bucket_split_time 1.15613 [s]
bucket_sort_time 2.88731 [s]
bucket_to_array_time 0.391545 [s]
table_fill_time 2.20442 [s]
program_time 6.68442 [s]
-------
bucket_split_time 1.18136 [s]
bucket_sort_time 2.87944 [s]
bucket_to_array_time 0.392206 [s]
table_fill_time 2.1992 [s]
program_time 6.69767 [s]
