-------
bucket_split_time 0.981916 [s]
bucket_sort_time 0.850895 [s]
bucket_to_array_time 0.262092 [s]
table_fill_time 1.03726 [s]
program_time 3.23547 [s]
-------
bucket_split_time 1.25608 [s]
bucket_sort_time 0.820617 [s]
bucket_to_array_time 0.207322 [s]
table_fill_time 1.19071 [s]
program_time 3.5898 [s]
-------
bucket_split_time 1.26913 [s]
bucket_sort_time 0.687432 [s]
bucket_to_array_time 0.160576 [s]
table_fill_time 1.049 [s]
program_time 3.26921 [s]
-------
bucket_split_time 0.933109 [s]
bucket_sort_time 0.686903 [s]
bucket_to_array_time 0.160643 [s]
table_fill_time 1.02917 [s]
program_time 2.91106 [s]
-------
bucket_split_time 1.35057 [s]
bucket_sort_time 0.694449 [s]
bucket_to_array_time 0.163431 [s]
table_fill_time 1.20538 [s]
program_time 3.51965 [s]
-------
bucket_split_time 1.03871 [s]
bucket_sort_time 0.688476 [s]
bucket_to_array_time 0.160461 [s]
table_fill_time 1.01894 [s]
program_time 3.00946 [s]
-------
bucket_split_time 1.64654 [s]
bucket_sort_time 0.690146 [s]
bucket_to_array_time 0.170943 [s]
table_fill_time 1.0337 [s]
program_time 3.65289 [s]
-------
bucket_split_time 1.02363 [s]
bucket_sort_time 0.688247 [s]
bucket_to_array_time 0.159963 [s]
table_fill_time 1.02528 [s]
program_time 3.00237 [s]
-------
bucket_split_time 1.94454 [s]
bucket_sort_time 0.70848 [s]
bucket_to_array_time 0.21751 [s]
table_fill_time 1.016 [s]
program_time 3.99689 [s]
-------
bucket_split_time 0.922818 [s]
bucket_sort_time 0.689116 [s]
bucket_to_array_time 0.159804 [s]
table_fill_time 1.02727 [s]
program_time 2.8994 [s]
