-------
bucket_split_time 0.101151 [s]
bucket_sort_time 0.147896 [s]
bucket_to_array_time 0.004933 [s]
table_fill_time 0.031908 [s]
program_time 0.288729 [s]
-------
bucket_split_time 0.095238 [s]
bucket_sort_time 0.18835 [s]
bucket_to_array_time 0.004909 [s]
table_fill_time 0.037732 [s]
program_time 0.330196 [s]
-------
bucket_split_time 0.079458 [s]
bucket_sort_time 0.159936 [s]
bucket_to_array_time 0.011065 [s]
table_fill_time 0.033116 [s]
program_time 0.286475 [s]
-------
bucket_split_time 0.092032 [s]
bucket_sort_time 0.159727 [s]
bucket_to_array_time 0.021214 [s]
table_fill_time 0.031649 [s]
program_time 0.307499 [s]
-------
bucket_split_time 0.112869 [s]
bucket_sort_time 0.153519 [s]
bucket_to_array_time 0.00487 [s]
table_fill_time 0.031901 [s]
program_time 0.307212 [s]
-------
bucket_split_time 0.097808 [s]
bucket_sort_time 0.155321 [s]
bucket_to_array_time 0.004927 [s]
table_fill_time 0.031007 [s]
program_time 0.291843 [s]
-------
bucket_split_time 0.096123 [s]
bucket_sort_time 0.153915 [s]
bucket_to_array_time 0.005209 [s]
table_fill_time 0.030332 [s]
program_time 0.28839 [s]
-------
bucket_split_time 0.092913 [s]
bucket_sort_time 0.15433 [s]
bucket_to_array_time 0.00497 [s]
table_fill_time 0.030709 [s]
program_time 0.285712 [s]
-------
bucket_split_time 0.100263 [s]
bucket_sort_time 0.153095 [s]
bucket_to_array_time 0.00499 [s]
table_fill_time 0.03022 [s]
program_time 0.291376 [s]
-------
bucket_split_time 0.098189 [s]
bucket_sort_time 0.155742 [s]
bucket_to_array_time 0.004902 [s]
table_fill_time 0.031758 [s]
program_time 0.293481 [s]
