-------
bucket_split_time 0.83293 [s]
bucket_sort_time 5.26022 [s]
bucket_to_array_time 0.393208 [s]
table_fill_time 1.74821 [s]
program_time 8.33029 [s]
-------
bucket_split_time 0.919612 [s]
bucket_sort_time 5.16333 [s]
bucket_to_array_time 0.393275 [s]
table_fill_time 1.86127 [s]
program_time 8.43867 [s]
-------
bucket_split_time 0.824241 [s]
bucket_sort_time 5.20029 [s]
bucket_to_array_time 0.392479 [s]
table_fill_time 1.68715 [s]
program_time 8.20363 [s]
-------
bucket_split_time 0.828402 [s]
bucket_sort_time 5.18353 [s]
bucket_to_array_time 0.393673 [s]
table_fill_time 1.7192 [s]
program_time 8.2218 [s]
-------
bucket_split_time 0.822348 [s]
bucket_sort_time 5.06807 [s]
bucket_to_array_time 0.518696 [s]
table_fill_time 1.71409 [s]
program_time 8.21841 [s]
-------
bucket_split_time 0.822669 [s]
bucket_sort_time 4.76554 [s]
bucket_to_array_time 0.512498 [s]
table_fill_time 1.71714 [s]
program_time 7.96447 [s]
-------
bucket_split_time 0.845151 [s]
bucket_sort_time 4.77337 [s]
bucket_to_array_time 0.393207 [s]
table_fill_time 2.30467 [s]
program_time 8.41248 [s]
-------
bucket_split_time 0.822653 [s]
bucket_sort_time 4.77172 [s]
bucket_to_array_time 0.388573 [s]
table_fill_time 1.71414 [s]
program_time 7.79519 [s]
-------
bucket_split_time 0.822767 [s]
bucket_sort_time 4.76621 [s]
bucket_to_array_time 0.392672 [s]
table_fill_time 1.69999 [s]
program_time 7.77905 [s]
-------
bucket_split_time 0.820417 [s]
bucket_sort_time 4.76602 [s]
bucket_to_array_time 0.393925 [s]
table_fill_time 1.71537 [s]
program_time 7.79269 [s]
