-------
bucket_split_time 0.736817 [s]
bucket_sort_time 0.213675 [s]
bucket_to_array_time 0.123579 [s]
table_fill_time 0.490064 [s]
program_time 1.79158 [s]
-------
bucket_split_time 0.741159 [s]
bucket_sort_time 0.216965 [s]
bucket_to_array_time 0.126725 [s]
table_fill_time 0.500509 [s]
program_time 1.81405 [s]
-------
bucket_split_time 0.72984 [s]
bucket_sort_time 0.213841 [s]
bucket_to_array_time 0.123135 [s]
table_fill_time 0.490315 [s]
program_time 1.7749 [s]
-------
bucket_split_time 0.75499 [s]
bucket_sort_time 0.213624 [s]
bucket_to_array_time 0.123894 [s]
table_fill_time 0.492704 [s]
program_time 1.81912 [s]
-------
bucket_split_time 0.787486 [s]
bucket_sort_time 0.21452 [s]
bucket_to_array_time 0.123221 [s]
table_fill_time 0.493297 [s]
program_time 1.84103 [s]
-------
bucket_split_time 0.734853 [s]
bucket_sort_time 0.213287 [s]
bucket_to_array_time 0.12292 [s]
table_fill_time 0.4867 [s]
program_time 1.77528 [s]
-------
bucket_split_time 0.730816 [s]
bucket_sort_time 0.214064 [s]
bucket_to_array_time 0.123934 [s]
table_fill_time 0.495249 [s]
program_time 1.79339 [s]
-------
bucket_split_time 0.730076 [s]
bucket_sort_time 0.213205 [s]
bucket_to_array_time 0.123311 [s]
table_fill_time 0.494013 [s]
program_time 1.78073 [s]
-------
bucket_split_time 0.749675 [s]
bucket_sort_time 0.214248 [s]
bucket_to_array_time 0.12267 [s]
table_fill_time 0.504455 [s]
program_time 1.81078 [s]
-------
bucket_split_time 0.767444 [s]
bucket_sort_time 0.216869 [s]
bucket_to_array_time 0.12299 [s]
table_fill_time 0.492828 [s]
program_time 1.81776 [s]
