-------
bucket_split_time 3.83864 [s]
bucket_sort_time 0.757233 [s]
bucket_to_array_time 0.274231 [s]
table_fill_time 1.47037 [s]
program_time 6.83082 [s]
-------
bucket_split_time 3.86746 [s]
bucket_sort_time 0.756132 [s]
bucket_to_array_time 0.271714 [s]
table_fill_time 1.48993 [s]
program_time 6.84776 [s]
-------
bucket_split_time 3.83802 [s]
bucket_sort_time 0.774683 [s]
bucket_to_array_time 0.293323 [s]
table_fill_time 1.46879 [s]
program_time 6.83646 [s]
-------
bucket_split_time 3.82979 [s]
bucket_sort_time 0.775315 [s]
bucket_to_array_time 0.272128 [s]
table_fill_time 1.47597 [s]
program_time 6.81172 [s]
-------
bucket_split_time 3.84426 [s]
bucket_sort_time 0.767951 [s]
bucket_to_array_time 0.279297 [s]
table_fill_time 1.46768 [s]
program_time 6.81598 [s]
-------
bucket_split_time 3.83403 [s]
bucket_sort_time 0.777122 [s]
bucket_to_array_time 0.309561 [s]
table_fill_time 1.49343 [s]
program_time 6.87027 [s]
-------
bucket_split_time 3.80865 [s]
bucket_sort_time 0.756579 [s]
bucket_to_array_time 0.268998 [s]
table_fill_time 1.47217 [s]
program_time 6.75984 [s]
-------
bucket_split_time 3.8267 [s]
bucket_sort_time 0.836376 [s]
bucket_to_array_time 0.275085 [s]
table_fill_time 1.51298 [s]
program_time 6.9255 [s]
-------
bucket_split_time 3.8517 [s]
bucket_sort_time 0.757959 [s]
bucket_to_array_time 0.286867 [s]
table_fill_time 1.51686 [s]
program_time 6.87271 [s]
-------
bucket_split_time 3.79676 [s]
bucket_sort_time 0.777779 [s]
bucket_to_array_time 0.291599 [s]
table_fill_time 1.48568 [s]
program_time 6.82304 [s]
