-------
bucket_split_time 0.487171 [s]
bucket_sort_time 0.69351 [s]
bucket_to_array_time 0.158721 [s]
table_fill_time 0.732108 [s]
program_time 2.11033 [s]
-------
bucket_split_time 0.5201 [s]
bucket_sort_time 0.695003 [s]
bucket_to_array_time 0.159284 [s]
table_fill_time 0.733528 [s]
program_time 2.14477 [s]
-------
bucket_split_time 0.484428 [s]
bucket_sort_time 0.694248 [s]
bucket_to_array_time 0.158743 [s]
table_fill_time 0.734148 [s]
program_time 2.11278 [s]
-------
bucket_split_time 0.506289 [s]
bucket_sort_time 0.695435 [s]
bucket_to_array_time 0.159395 [s]
table_fill_time 0.734121 [s]
program_time 2.13286 [s]
-------
bucket_split_time 0.484792 [s]
bucket_sort_time 0.694743 [s]
bucket_to_array_time 0.159429 [s]
table_fill_time 0.735232 [s]
program_time 2.1151 [s]
-------
bucket_split_time 0.48366 [s]
bucket_sort_time 0.697439 [s]
bucket_to_array_time 0.159348 [s]
table_fill_time 0.735698 [s]
program_time 2.11276 [s]
-------
bucket_split_time 0.489129 [s]
bucket_sort_time 0.69446 [s]
bucket_to_array_time 0.159451 [s]
table_fill_time 0.734602 [s]
program_time 2.11753 [s]
-------
bucket_split_time 0.484266 [s]
bucket_sort_time 0.699772 [s]
bucket_to_array_time 0.159282 [s]
table_fill_time 0.735093 [s]
program_time 2.11524 [s]
-------
bucket_split_time 0.486067 [s]
bucket_sort_time 0.694642 [s]
bucket_to_array_time 0.159558 [s]
table_fill_time 0.734673 [s]
program_time 2.11388 [s]
-------
bucket_split_time 0.488927 [s]
bucket_sort_time 0.699604 [s]
bucket_to_array_time 0.159087 [s]
table_fill_time 0.738298 [s]
program_time 2.12546 [s]
