-------
bucket_split_time 0.095562 [s]
bucket_sort_time 0.170432 [s]
bucket_to_array_time 0.020167 [s]
table_fill_time 0.186967 [s]
program_time 0.482649 [s]
-------
bucket_split_time 0.095005 [s]
bucket_sort_time 0.170593 [s]
bucket_to_array_time 0.020275 [s]
table_fill_time 0.187512 [s]
program_time 0.483009 [s]
-------
bucket_split_time 0.09484 [s]
bucket_sort_time 0.170577 [s]
bucket_to_array_time 0.020118 [s]
table_fill_time 0.186828 [s]
program_time 0.480696 [s]
-------
bucket_split_time 0.095264 [s]
bucket_sort_time 0.17085 [s]
bucket_to_array_time 0.020512 [s]
table_fill_time 0.187376 [s]
program_time 0.483963 [s]
-------
bucket_split_time 0.105919 [s]
bucket_sort_time 0.171333 [s]
bucket_to_array_time 0.020362 [s]
table_fill_time 0.187439 [s]
program_time 0.495113 [s]
-------
bucket_split_time 0.095865 [s]
bucket_sort_time 0.170372 [s]
bucket_to_array_time 0.020261 [s]
table_fill_time 0.187001 [s]
program_time 0.483403 [s]
-------
bucket_split_time 0.097796 [s]
bucket_sort_time 0.17054 [s]
bucket_to_array_time 0.020302 [s]
table_fill_time 0.186927 [s]
program_time 0.485419 [s]
-------
bucket_split_time 0.097209 [s]
bucket_sort_time 0.197756 [s]
bucket_to_array_time 0.020675 [s]
table_fill_time 0.186565 [s]
program_time 0.523886 [s]
-------
bucket_split_time 0.116376 [s]
bucket_sort_time 0.170482 [s]
bucket_to_array_time 0.020821 [s]
table_fill_time 0.249758 [s]
program_time 0.565433 [s]
-------
bucket_split_time 0.094438 [s]
bucket_sort_time 0.169796 [s]
bucket_to_array_time 0.020388 [s]
table_fill_time 0.202188 [s]
program_time 0.496014 [s]
