-------
bucket_split_time 0.071755 [s]
bucket_sort_time 0.169441 [s]
bucket_to_array_time 0.020036 [s]
table_fill_time 0.125219 [s]
program_time 0.398043 [s]
-------
bucket_split_time 0.072282 [s]
bucket_sort_time 0.170536 [s]
bucket_to_array_time 0.02012 [s]
table_fill_time 0.126653 [s]
program_time 0.401847 [s]
-------
bucket_split_time 0.074605 [s]
bucket_sort_time 0.169343 [s]
bucket_to_array_time 0.020569 [s]
table_fill_time 0.125889 [s]
program_time 0.403924 [s]
-------
bucket_split_time 0.072108 [s]
bucket_sort_time 0.169787 [s]
bucket_to_array_time 0.020194 [s]
table_fill_time 0.127327 [s]
program_time 0.401897 [s]
-------
bucket_split_time 0.07296 [s]
bucket_sort_time 0.169209 [s]
bucket_to_array_time 0.020109 [s]
table_fill_time 0.124833 [s]
program_time 0.399394 [s]
-------
bucket_split_time 0.073071 [s]
bucket_sort_time 0.170288 [s]
bucket_to_array_time 0.020233 [s]
table_fill_time 0.127317 [s]
program_time 0.40141 [s]
-------
bucket_split_time 0.081821 [s]
bucket_sort_time 0.16957 [s]
bucket_to_array_time 0.020544 [s]
table_fill_time 0.125618 [s]
program_time 0.410765 [s]
-------
bucket_split_time 0.165514 [s]
bucket_sort_time 0.208475 [s]
bucket_to_array_time 0.024242 [s]
table_fill_time 0.129725 [s]
program_time 0.542847 [s]
-------
bucket_split_time 0.076492 [s]
bucket_sort_time 0.170483 [s]
bucket_to_array_time 0.020529 [s]
table_fill_time 0.194628 [s]
program_time 0.474959 [s]
-------
bucket_split_time 0.072146 [s]
bucket_sort_time 0.171591 [s]
bucket_to_array_time 0.02402 [s]
table_fill_time 0.163481 [s]
program_time 0.442893 [s]
