-------
bucket_split_time 2.04108 [s]
bucket_sort_time 5.0611 [s]
bucket_to_array_time 0.654992 [s]
table_fill_time 3.66434 [s]
program_time 11.4981 [s]
-------
bucket_split_time 2.02746 [s]
bucket_sort_time 4.78443 [s]
bucket_to_array_time 0.650398 [s]
table_fill_time 3.68676 [s]
program_time 11.2247 [s]
-------
bucket_split_time 2.087 [s]
bucket_sort_time 4.79023 [s]
bucket_to_array_time 0.651873 [s]
table_fill_time 3.88083 [s]
program_time 11.4849 [s]
-------
bucket_split_time 2.09799 [s]
bucket_sort_time 4.86583 [s]
bucket_to_array_time 0.652159 [s]
table_fill_time 3.66631 [s]
program_time 11.3615 [s]
-------
bucket_split_time 2.05381 [s]
bucket_sort_time 4.82768 [s]
bucket_to_array_time 0.653795 [s]
table_fill_time 3.66535 [s]
program_time 11.2749 [s]
-------
bucket_split_time 2.06561 [s]
bucket_sort_time 4.78826 [s]
bucket_to_array_time 0.652529 [s]
table_fill_time 3.67428 [s]
program_time 11.257 [s]
-------
bucket_split_time 2.09191 [s]
bucket_sort_time 4.80629 [s]
bucket_to_array_time 0.651337 [s]
table_fill_time 4.02684 [s]
program_time 11.6519 [s]
-------
bucket_split_time 2.23755 [s]
bucket_sort_time 4.78897 [s]
bucket_to_array_time 0.654072 [s]
table_fill_time 3.66254 [s]
program_time 11.4215 [s]
-------
bucket_split_time 2.06719 [s]
bucket_sort_time 4.84721 [s]
bucket_to_array_time 0.650839 [s]
table_fill_time 3.66479 [s]
program_time 11.3026 [s]
-------
bucket_split_time 2.04185 [s]
bucket_sort_time 4.78535 [s]
bucket_to_array_time 0.65407 [s]
table_fill_time 3.66563 [s]
program_time 11.2216 [s]
