-------
bucket_split_time 0.4101 [s]
bucket_sort_time 0.263003 [s]
bucket_to_array_time 0.069589 [s]
table_fill_time 0.384203 [s]
program_time 1.15773 [s]
-------
bucket_split_time 0.502674 [s]
bucket_sort_time 0.190309 [s]
bucket_to_array_time 0.039752 [s]
table_fill_time 0.453065 [s]
program_time 1.21807 [s]
-------
bucket_split_time 0.629285 [s]
bucket_sort_time 0.263498 [s]
bucket_to_array_time 0.060974 [s]
table_fill_time 0.296735 [s]
program_time 1.28177 [s]
-------
bucket_split_time 0.414509 [s]
bucket_sort_time 0.25178 [s]
bucket_to_array_time 0.062116 [s]
table_fill_time 0.361807 [s]
program_time 1.12247 [s]
-------
bucket_split_time 0.618359 [s]
bucket_sort_time 0.293745 [s]
bucket_to_array_time 0.070686 [s]
table_fill_time 0.356776 [s]
program_time 1.37194 [s]
-------
bucket_split_time 0.451941 [s]
bucket_sort_time 0.264415 [s]
bucket_to_array_time 0.061208 [s]
table_fill_time 0.384772 [s]
program_time 1.19315 [s]
-------
bucket_split_time 0.403784 [s]
bucket_sort_time 0.270647 [s]
bucket_to_array_time 0.061147 [s]
table_fill_time 0.354326 [s]
program_time 1.12075 [s]
-------
bucket_split_time 0.605452 [s]
bucket_sort_time 0.298184 [s]
bucket_to_array_time 0.073018 [s]
table_fill_time 0.372502 [s]
program_time 1.38087 [s]
-------
bucket_split_time 0.448405 [s]
bucket_sort_time 0.270768 [s]
bucket_to_array_time 0.062437 [s]
table_fill_time 0.392595 [s]
program_time 1.20517 [s]
-------
bucket_split_time 0.410224 [s]
bucket_sort_time 0.260864 [s]
bucket_to_array_time 0.062025 [s]
table_fill_time 0.347106 [s]
program_time 1.11009 [s]
