-------
bucket_split_time 13.2874 [s]
bucket_sort_time 1.57859 [s]
bucket_to_array_time 0.637908 [s]
table_fill_time 1.62679 [s]
program_time 18.8235 [s]
-------
bucket_split_time 14.6557 [s]
bucket_sort_time 1.45946 [s]
bucket_to_array_time 0.481917 [s]
table_fill_time 1.82726 [s]
program_time 20.0081 [s]
-------
bucket_split_time 7.84474 [s]
bucket_sort_time 1.45191 [s]
bucket_to_array_time 0.482252 [s]
table_fill_time 1.47961 [s]
program_time 12.8252 [s]
-------
bucket_split_time 7.34218 [s]
bucket_sort_time 1.45486 [s]
bucket_to_array_time 0.481493 [s]
table_fill_time 1.33991 [s]
program_time 12.2257 [s]
-------
bucket_split_time 7.43035 [s]
bucket_sort_time 1.4512 [s]
bucket_to_array_time 0.480975 [s]
table_fill_time 1.38651 [s]
program_time 12.3281 [s]
-------
bucket_split_time 7.32545 [s]
bucket_sort_time 1.45606 [s]
bucket_to_array_time 0.47977 [s]
table_fill_time 1.32163 [s]
program_time 12.0989 [s]
-------
bucket_split_time 7.3795 [s]
bucket_sort_time 1.45549 [s]
bucket_to_array_time 0.482602 [s]
table_fill_time 1.41262 [s]
program_time 12.2992 [s]
-------
bucket_split_time 7.34652 [s]
bucket_sort_time 1.45371 [s]
bucket_to_array_time 0.478578 [s]
table_fill_time 1.46877 [s]
program_time 12.3332 [s]
-------
bucket_split_time 7.39068 [s]
bucket_sort_time 1.45887 [s]
bucket_to_array_time 0.479821 [s]
table_fill_time 1.5024 [s]
program_time 12.3959 [s]
-------
bucket_split_time 7.31991 [s]
bucket_sort_time 1.45333 [s]
bucket_to_array_time 0.478159 [s]
table_fill_time 1.35662 [s]
program_time 12.1795 [s]
