-------
bucket_split_time 4.61027 [s]
bucket_sort_time 0.6544 [s]
bucket_to_array_time 0.414447 [s]
table_fill_time 1.667 [s]
program_time 8.26554 [s]
-------
bucket_split_time 4.46397 [s]
bucket_sort_time 0.625545 [s]
bucket_to_array_time 0.399846 [s]
table_fill_time 1.50564 [s]
program_time 7.93788 [s]
-------
bucket_split_time 3.9842 [s]
bucket_sort_time 0.618644 [s]
bucket_to_array_time 0.394842 [s]
table_fill_time 1.48215 [s]
program_time 7.40332 [s]
-------
bucket_split_time 4.22251 [s]
bucket_sort_time 0.612385 [s]
bucket_to_array_time 0.401268 [s]
table_fill_time 1.45617 [s]
program_time 7.63384 [s]
-------
bucket_split_time 4.11191 [s]
bucket_sort_time 0.630267 [s]
bucket_to_array_time 0.371167 [s]
table_fill_time 1.48081 [s]
program_time 7.49707 [s]
-------
bucket_split_time 4.02752 [s]
bucket_sort_time 0.603101 [s]
bucket_to_array_time 0.400872 [s]
table_fill_time 1.53373 [s]
program_time 7.44517 [s]
-------
bucket_split_time 4.1618 [s]
bucket_sort_time 0.657185 [s]
bucket_to_array_time 0.394752 [s]
table_fill_time 1.44181 [s]
program_time 7.54478 [s]
-------
bucket_split_time 4.13415 [s]
bucket_sort_time 0.611797 [s]
bucket_to_array_time 0.405247 [s]
table_fill_time 1.47842 [s]
program_time 7.52198 [s]
-------
bucket_split_time 4.17733 [s]
bucket_sort_time 0.615341 [s]
bucket_to_array_time 0.407631 [s]
table_fill_time 1.39928 [s]
program_time 7.48774 [s]
-------
bucket_split_time 4.14453 [s]
bucket_sort_time 0.569509 [s]
bucket_to_array_time 0.378341 [s]
table_fill_time 1.4551 [s]
program_time 7.43054 [s]
