-------
bucket_split_time 0.257145 [s]
bucket_sort_time 0.480738 [s]
bucket_to_array_time 0.066921 [s]
table_fill_time 0.495203 [s]
program_time 1.31588 [s]
-------
bucket_split_time 0.254196 [s]
bucket_sort_time 0.481003 [s]
bucket_to_array_time 0.066324 [s]
table_fill_time 0.495232 [s]
program_time 1.31041 [s]
-------
bucket_split_time 0.253084 [s]
bucket_sort_time 0.480266 [s]
bucket_to_array_time 0.066651 [s]
table_fill_time 0.487156 [s]
program_time 1.30105 [s]
-------
bucket_split_time 0.257994 [s]
bucket_sort_time 0.482256 [s]
bucket_to_array_time 0.071654 [s]
table_fill_time 0.480041 [s]
program_time 1.30758 [s]
-------
bucket_split_time 0.256752 [s]
bucket_sort_time 0.481131 [s]
bucket_to_array_time 0.066301 [s]
table_fill_time 0.480503 [s]
program_time 1.29985 [s]
-------
bucket_split_time 0.256506 [s]
bucket_sort_time 0.483105 [s]
bucket_to_array_time 0.066087 [s]
table_fill_time 0.481677 [s]
program_time 1.30344 [s]
-------
bucket_split_time 0.253564 [s]
bucket_sort_time 0.481004 [s]
bucket_to_array_time 0.066406 [s]
table_fill_time 0.494175 [s]
program_time 1.30933 [s]
-------
bucket_split_time 0.256726 [s]
bucket_sort_time 0.480867 [s]
bucket_to_array_time 0.066093 [s]
table_fill_time 0.499138 [s]
program_time 1.31724 [s]
-------
bucket_split_time 0.252145 [s]
bucket_sort_time 0.482964 [s]
bucket_to_array_time 0.066421 [s]
table_fill_time 0.483356 [s]
program_time 1.30136 [s]
-------
bucket_split_time 0.257802 [s]
bucket_sort_time 0.480079 [s]
bucket_to_array_time 0.072027 [s]
table_fill_time 0.489999 [s]
program_time 1.31679 [s]
