-------
bucket_split_time 1.84174 [s]
bucket_sort_time 0.440503 [s]
bucket_to_array_time 0.258584 [s]
table_fill_time 1.0137 [s]
program_time 4.04969 [s]
-------
bucket_split_time 1.78447 [s]
bucket_sort_time 0.445195 [s]
bucket_to_array_time 0.26399 [s]
table_fill_time 0.95325 [s]
program_time 3.96684 [s]
-------
bucket_split_time 1.85931 [s]
bucket_sort_time 0.452822 [s]
bucket_to_array_time 0.262583 [s]
table_fill_time 1.12637 [s]
program_time 4.20873 [s]
-------
bucket_split_time 1.80125 [s]
bucket_sort_time 0.444998 [s]
bucket_to_array_time 0.262069 [s]
table_fill_time 0.988355 [s]
program_time 4.0052 [s]
-------
bucket_split_time 1.84507 [s]
bucket_sort_time 0.444983 [s]
bucket_to_array_time 0.273756 [s]
table_fill_time 1.13242 [s]
program_time 4.28834 [s]
-------
bucket_split_time 1.78747 [s]
bucket_sort_time 0.441377 [s]
bucket_to_array_time 0.261325 [s]
table_fill_time 0.997752 [s]
program_time 4.00328 [s]
-------
bucket_split_time 1.85122 [s]
bucket_sort_time 0.446773 [s]
bucket_to_array_time 0.263108 [s]
table_fill_time 0.986946 [s]
program_time 4.06463 [s]
-------
bucket_split_time 1.80639 [s]
bucket_sort_time 0.443474 [s]
bucket_to_array_time 0.261683 [s]
table_fill_time 0.975598 [s]
program_time 3.97596 [s]
-------
bucket_split_time 2.02612 [s]
bucket_sort_time 0.446624 [s]
bucket_to_array_time 0.26375 [s]
table_fill_time 0.971507 [s]
program_time 4.22246 [s]
-------
bucket_split_time 1.80808 [s]
bucket_sort_time 0.444963 [s]
bucket_to_array_time 0.261609 [s]
table_fill_time 0.972846 [s]
program_time 3.98446 [s]
