-------
bucket_split_time 6.53664 [s]
bucket_sort_time 1.09592 [s]
bucket_to_array_time 0.365711 [s]
table_fill_time 1.34132 [s]
program_time 10.444 [s]
-------
bucket_split_time 7.23509 [s]
bucket_sort_time 1.09911 [s]
bucket_to_array_time 0.363247 [s]
table_fill_time 1.32743 [s]
program_time 11.1357 [s]
-------
bucket_split_time 7.19008 [s]
bucket_sort_time 1.09578 [s]
bucket_to_array_time 0.36244 [s]
table_fill_time 1.25677 [s]
program_time 11.005 [s]
-------
bucket_split_time 7.08816 [s]
bucket_sort_time 1.10069 [s]
bucket_to_array_time 0.368414 [s]
table_fill_time 1.20769 [s]
program_time 10.9002 [s]
-------
bucket_split_time 5.89688 [s]
bucket_sort_time 1.09851 [s]
bucket_to_array_time 0.370097 [s]
table_fill_time 1.1799 [s]
program_time 9.75739 [s]
-------
bucket_split_time 5.47165 [s]
bucket_sort_time 1.10378 [s]
bucket_to_array_time 0.366472 [s]
table_fill_time 1.32739 [s]
program_time 9.47586 [s]
-------
bucket_split_time 6.27043 [s]
bucket_sort_time 1.10013 [s]
bucket_to_array_time 0.364642 [s]
table_fill_time 1.028 [s]
program_time 9.95542 [s]
-------
bucket_split_time 6.62418 [s]
bucket_sort_time 1.09967 [s]
bucket_to_array_time 0.368385 [s]
table_fill_time 1.11873 [s]
program_time 10.4008 [s]
-------
bucket_split_time 6.59585 [s]
bucket_sort_time 1.10281 [s]
bucket_to_array_time 0.363406 [s]
table_fill_time 1.08274 [s]
program_time 10.3429 [s]
-------
bucket_split_time 7.3825 [s]
bucket_sort_time 1.10031 [s]
bucket_to_array_time 0.367251 [s]
table_fill_time 1.44614 [s]
program_time 11.4369 [s]
