-------
bucket_split_time 0.71871 [s]
bucket_sort_time 0.224272 [s]
bucket_to_array_time 0.120402 [s]
table_fill_time 0.343495 [s]
program_time 1.61907 [s]
-------
bucket_split_time 0.640754 [s]
bucket_sort_time 0.144293 [s]
bucket_to_array_time 0.107386 [s]
table_fill_time 0.402668 [s]
program_time 1.52044 [s]
-------
bucket_split_time 1.0812 [s]
bucket_sort_time 0.143704 [s]
bucket_to_array_time 0.085281 [s]
table_fill_time 0.380573 [s]
program_time 1.89817 [s]
-------
bucket_split_time 0.564897 [s]
bucket_sort_time 0.142486 [s]
bucket_to_array_time 0.085782 [s]
table_fill_time 0.341816 [s]
program_time 1.34492 [s]
-------
bucket_split_time 0.649552 [s]
bucket_sort_time 0.2188 [s]
bucket_to_array_time 0.132794 [s]
table_fill_time 0.345661 [s]
program_time 1.55037 [s]
-------
bucket_split_time 0.59352 [s]
bucket_sort_time 0.239452 [s]
bucket_to_array_time 0.1368 [s]
table_fill_time 0.441838 [s]
program_time 1.63718 [s]
-------
bucket_split_time 0.986074 [s]
bucket_sort_time 0.143005 [s]
bucket_to_array_time 0.085033 [s]
table_fill_time 0.48978 [s]
program_time 1.91478 [s]
-------
bucket_split_time 0.558095 [s]
bucket_sort_time 0.14221 [s]
bucket_to_array_time 0.085501 [s]
table_fill_time 0.343422 [s]
program_time 1.33092 [s]
-------
bucket_split_time 0.72174 [s]
bucket_sort_time 0.214615 [s]
bucket_to_array_time 0.125217 [s]
table_fill_time 0.339293 [s]
program_time 1.61004 [s]
-------
bucket_split_time 0.73655 [s]
bucket_sort_time 0.235509 [s]
bucket_to_array_time 0.12841 [s]
table_fill_time 0.402976 [s]
program_time 1.72451 [s]
