-------
bucket_split_time 0.929915 [s]
bucket_sort_time 3.82127 [s]
bucket_to_array_time 0.314539 [s]
table_fill_time 1.44717 [s]
program_time 6.60156 [s]
-------
bucket_split_time 1.30882 [s]
bucket_sort_time 3.8049 [s]
bucket_to_array_time 0.314065 [s]
table_fill_time 1.19457 [s]
program_time 6.70848 [s]
-------
bucket_split_time 1.10744 [s]
bucket_sort_time 3.82006 [s]
bucket_to_array_time 0.314775 [s]
table_fill_time 1.60653 [s]
program_time 6.94065 [s]
-------
bucket_split_time 1.30526 [s]
bucket_sort_time 3.81587 [s]
bucket_to_array_time 0.314101 [s]
table_fill_time 1.57302 [s]
program_time 7.09551 [s]
-------
bucket_split_time 1.08461 [s]
bucket_sort_time 3.81692 [s]
bucket_to_array_time 0.312378 [s]
table_fill_time 1.66442 [s]
program_time 6.96604 [s]
-------
bucket_split_time 1.28813 [s]
bucket_sort_time 3.82013 [s]
bucket_to_array_time 0.315227 [s]
table_fill_time 1.52884 [s]
program_time 7.03771 [s]
-------
bucket_split_time 1.35152 [s]
bucket_sort_time 3.83372 [s]
bucket_to_array_time 0.313488 [s]
table_fill_time 1.56454 [s]
program_time 7.14979 [s]
-------
bucket_split_time 1.2155 [s]
bucket_sort_time 3.81419 [s]
bucket_to_array_time 0.313914 [s]
table_fill_time 1.47275 [s]
program_time 6.90636 [s]
-------
bucket_split_time 1.27847 [s]
bucket_sort_time 3.81265 [s]
bucket_to_array_time 0.315581 [s]
table_fill_time 1.49415 [s]
program_time 6.98634 [s]
-------
bucket_split_time 1.33867 [s]
bucket_sort_time 3.82818 [s]
bucket_to_array_time 0.31473 [s]
table_fill_time 1.5048 [s]
program_time 7.07676 [s]
