-------
bucket_split_time 0.044578 [s]
bucket_sort_time 0.311045 [s]
bucket_to_array_time 0.020129 [s]
table_fill_time 0.12687 [s]
program_time 0.506935 [s]
-------
bucket_split_time 0.045051 [s]
bucket_sort_time 0.31022 [s]
bucket_to_array_time 0.021239 [s]
table_fill_time 0.130898 [s]
program_time 0.514398 [s]
-------
bucket_split_time 0.046871 [s]
bucket_sort_time 0.310132 [s]
bucket_to_array_time 0.021088 [s]
table_fill_time 0.124548 [s]
program_time 0.506691 [s]
-------
bucket_split_time 0.038936 [s]
bucket_sort_time 0.309248 [s]
bucket_to_array_time 0.021057 [s]
table_fill_time 0.127695 [s]
program_time 0.500947 [s]
-------
bucket_split_time 0.043112 [s]
bucket_sort_time 0.310566 [s]
bucket_to_array_time 0.021319 [s]
table_fill_time 0.133108 [s]
program_time 0.512069 [s]
-------
bucket_split_time 0.061298 [s]
bucket_sort_time 0.314934 [s]
bucket_to_array_time 0.022034 [s]
table_fill_time 0.136353 [s]
program_time 0.54058 [s]
-------
bucket_split_time 0.061541 [s]
bucket_sort_time 0.315205 [s]
bucket_to_array_time 0.025271 [s]
table_fill_time 0.152852 [s]
program_time 0.566522 [s]
-------
bucket_split_time 0.058309 [s]
bucket_sort_time 0.313037 [s]
bucket_to_array_time 0.026008 [s]
table_fill_time 0.15692 [s]
program_time 0.557846 [s]
-------
bucket_split_time 1.40215 [s]
bucket_sort_time 0.457152 [s]
bucket_to_array_time 0.022029 [s]
table_fill_time 0.176357 [s]
program_time 2.06139 [s]
-------
bucket_split_time 0.218501 [s]
bucket_sort_time 0.310734 [s]
bucket_to_array_time 0.020051 [s]
table_fill_time 0.141894 [s]
program_time 0.694864 [s]
