-------
bucket_split_time 9.28229 [s]
bucket_sort_time 1.81716 [s]
bucket_to_array_time 0.600802 [s]
table_fill_time 1.67939 [s]
program_time 15.3813 [s]
-------
bucket_split_time 9.30531 [s]
bucket_sort_time 1.81134 [s]
bucket_to_array_time 0.59943 [s]
table_fill_time 1.85347 [s]
program_time 15.5305 [s]
-------
bucket_split_time 9.28044 [s]
bucket_sort_time 1.81396 [s]
bucket_to_array_time 0.600338 [s]
table_fill_time 1.70823 [s]
program_time 15.3569 [s]
-------
bucket_split_time 9.27939 [s]
bucket_sort_time 1.81222 [s]
bucket_to_array_time 0.599796 [s]
table_fill_time 1.74766 [s]
program_time 15.3909 [s]
-------
bucket_split_time 10.687 [s]
bucket_sort_time 1.809 [s]
bucket_to_array_time 0.600192 [s]
table_fill_time 2.42215 [s]
program_time 17.5813 [s]
-------
bucket_split_time 9.62266 [s]
bucket_sort_time 1.8156 [s]
bucket_to_array_time 0.601137 [s]
table_fill_time 1.65097 [s]
program_time 15.6647 [s]
-------
bucket_split_time 11.8565 [s]
bucket_sort_time 1.81498 [s]
bucket_to_array_time 0.60042 [s]
table_fill_time 1.6787 [s]
program_time 18.304 [s]
-------
bucket_split_time 10.496 [s]
bucket_sort_time 1.80973 [s]
bucket_to_array_time 0.595866 [s]
table_fill_time 1.64586 [s]
program_time 16.5117 [s]
-------
bucket_split_time 9.30187 [s]
bucket_sort_time 1.80963 [s]
bucket_to_array_time 0.599718 [s]
table_fill_time 2.55797 [s]
program_time 16.2301 [s]
-------
bucket_split_time 9.32759 [s]
bucket_sort_time 1.81809 [s]
bucket_to_array_time 0.600854 [s]
table_fill_time 1.70206 [s]
program_time 15.4206 [s]
