-------
bucket_split_time 8.5813 [s]
bucket_sort_time 2.22242 [s]
bucket_to_array_time 1.35109 [s]
table_fill_time 3.6567 [s]
program_time 17.3557 [s]
-------
bucket_split_time 8.54575 [s]
bucket_sort_time 2.22241 [s]
bucket_to_array_time 1.35185 [s]
table_fill_time 3.66096 [s]
program_time 17.3716 [s]
-------
bucket_split_time 8.64423 [s]
bucket_sort_time 2.2256 [s]
bucket_to_array_time 1.35331 [s]
table_fill_time 3.66647 [s]
program_time 17.4306 [s]
-------
bucket_split_time 8.56344 [s]
bucket_sort_time 2.2425 [s]
bucket_to_array_time 1.33867 [s]
table_fill_time 3.66358 [s]
program_time 17.3546 [s]
-------
bucket_split_time 8.6471 [s]
bucket_sort_time 2.26304 [s]
bucket_to_array_time 1.3664 [s]
table_fill_time 3.66431 [s]
program_time 17.4819 [s]
-------
bucket_split_time 8.60022 [s]
bucket_sort_time 2.22072 [s]
bucket_to_array_time 1.35793 [s]
table_fill_time 3.66051 [s]
program_time 17.386 [s]
-------
bucket_split_time 8.54303 [s]
bucket_sort_time 2.23362 [s]
bucket_to_array_time 1.39136 [s]
table_fill_time 3.67714 [s]
program_time 17.3904 [s]
-------
bucket_split_time 8.51034 [s]
bucket_sort_time 2.2358 [s]
bucket_to_array_time 1.3399 [s]
table_fill_time 3.66761 [s]
program_time 17.325 [s]
-------
bucket_split_time 8.63469 [s]
bucket_sort_time 2.25757 [s]
bucket_to_array_time 1.36371 [s]
table_fill_time 3.67075 [s]
program_time 17.4628 [s]
-------
bucket_split_time 8.58872 [s]
bucket_sort_time 2.22164 [s]
bucket_to_array_time 1.35443 [s]
table_fill_time 3.663 [s]
program_time 17.3785 [s]
