-------
bucket_split_time 2.76367 [s]
bucket_sort_time 3.37714 [s]
bucket_to_array_time 0.408947 [s]
table_fill_time 2.42942 [s]
program_time 9.24812 [s]
-------
bucket_split_time 2.77961 [s]
bucket_sort_time 3.3847 [s]
bucket_to_array_time 0.411099 [s]
table_fill_time 2.42521 [s]
program_time 9.26737 [s]
-------
bucket_split_time 2.74454 [s]
bucket_sort_time 3.38131 [s]
bucket_to_array_time 0.405549 [s]
table_fill_time 2.39818 [s]
program_time 9.19385 [s]
-------
bucket_split_time 2.76312 [s]
bucket_sort_time 3.36826 [s]
bucket_to_array_time 0.411231 [s]
table_fill_time 2.38992 [s]
program_time 9.21162 [s]
-------
bucket_split_time 2.767 [s]
bucket_sort_time 3.37774 [s]
bucket_to_array_time 0.409396 [s]
table_fill_time 2.36646 [s]
program_time 9.19069 [s]
-------
bucket_split_time 2.77949 [s]
bucket_sort_time 3.39239 [s]
bucket_to_array_time 0.410202 [s]
table_fill_time 2.41576 [s]
program_time 9.26743 [s]
-------
bucket_split_time 2.76893 [s]
bucket_sort_time 3.36064 [s]
bucket_to_array_time 0.410993 [s]
table_fill_time 2.45744 [s]
program_time 9.26663 [s]
-------
bucket_split_time 2.76693 [s]
bucket_sort_time 3.36249 [s]
bucket_to_array_time 0.406463 [s]
table_fill_time 2.38963 [s]
program_time 9.19326 [s]
-------
bucket_split_time 2.72448 [s]
bucket_sort_time 3.35995 [s]
bucket_to_array_time 0.411324 [s]
table_fill_time 2.4667 [s]
program_time 9.22792 [s]
-------
bucket_split_time 2.7716 [s]
bucket_sort_time 3.3669 [s]
bucket_to_array_time 0.41041 [s]
table_fill_time 2.43809 [s]
program_time 9.25481 [s]
