-------
bucket_split_time 9.84594 [s]
bucket_sort_time 1.45283 [s]
bucket_to_array_time 0.476886 [s]
table_fill_time 1.47665 [s]
program_time 15.099 [s]
-------
bucket_split_time 9.8337 [s]
bucket_sort_time 1.45959 [s]
bucket_to_array_time 0.476882 [s]
table_fill_time 1.34463 [s]
program_time 14.9766 [s]
-------
bucket_split_time 9.77472 [s]
bucket_sort_time 1.45116 [s]
bucket_to_array_time 0.474732 [s]
table_fill_time 1.41081 [s]
program_time 14.8904 [s]
-------
bucket_split_time 9.93904 [s]
bucket_sort_time 1.45816 [s]
bucket_to_array_time 0.476396 [s]
table_fill_time 1.55071 [s]
program_time 15.2581 [s]
-------
bucket_split_time 9.83087 [s]
bucket_sort_time 1.45592 [s]
bucket_to_array_time 0.477094 [s]
table_fill_time 1.34253 [s]
program_time 14.926 [s]
-------
bucket_split_time 9.7862 [s]
bucket_sort_time 1.44826 [s]
bucket_to_array_time 0.473605 [s]
table_fill_time 1.39295 [s]
program_time 14.8736 [s]
-------
bucket_split_time 9.81613 [s]
bucket_sort_time 1.45201 [s]
bucket_to_array_time 0.477768 [s]
table_fill_time 1.50848 [s]
program_time 15.5133 [s]
-------
bucket_split_time 9.8002 [s]
bucket_sort_time 1.45085 [s]
bucket_to_array_time 0.475534 [s]
table_fill_time 1.31183 [s]
program_time 14.8354 [s]
-------
bucket_split_time 9.88255 [s]
bucket_sort_time 1.45387 [s]
bucket_to_array_time 0.478342 [s]
table_fill_time 1.39343 [s]
program_time 15.0911 [s]
-------
bucket_split_time 9.90202 [s]
bucket_sort_time 1.45677 [s]
bucket_to_array_time 0.477376 [s]
table_fill_time 1.43516 [s]
program_time 15.08 [s]
