-------
bucket_split_time 1.08419 [s]
bucket_sort_time 1.91587 [s]
bucket_to_array_time 0.260538 [s]
table_fill_time 1.98765 [s]
program_time 5.30924 [s]
-------
bucket_split_time 1.08727 [s]
bucket_sort_time 1.91674 [s]
bucket_to_array_time 0.260229 [s]
table_fill_time 1.95042 [s]
program_time 5.27248 [s]
-------
bucket_split_time 1.07642 [s]
bucket_sort_time 1.91462 [s]
bucket_to_array_time 0.261289 [s]
table_fill_time 1.97875 [s]
program_time 5.28783 [s]
-------
bucket_split_time 1.08298 [s]
bucket_sort_time 1.91422 [s]
bucket_to_array_time 0.260458 [s]
table_fill_time 1.96054 [s]
program_time 5.27784 [s]
-------
bucket_split_time 1.08531 [s]
bucket_sort_time 1.91617 [s]
bucket_to_array_time 0.259981 [s]
table_fill_time 1.96043 [s]
program_time 5.28186 [s]
-------
bucket_split_time 1.10476 [s]
bucket_sort_time 1.92255 [s]
bucket_to_array_time 0.260107 [s]
table_fill_time 2.01622 [s]
program_time 5.36272 [s]
-------
bucket_split_time 1.09945 [s]
bucket_sort_time 1.91772 [s]
bucket_to_array_time 0.260393 [s]
table_fill_time 1.9585 [s]
program_time 5.29723 [s]
-------
bucket_split_time 1.10112 [s]
bucket_sort_time 1.92392 [s]
bucket_to_array_time 0.259603 [s]
table_fill_time 1.93612 [s]
program_time 5.27941 [s]
-------
bucket_split_time 1.09885 [s]
bucket_sort_time 1.92399 [s]
bucket_to_array_time 0.269517 [s]
table_fill_time 2.00926 [s]
program_time 5.36439 [s]
-------
bucket_split_time 1.0959 [s]
bucket_sort_time 1.9214 [s]
bucket_to_array_time 0.263006 [s]
table_fill_time 1.97868 [s]
program_time 5.32085 [s]
