-------
bucket_split_time 0.057798 [s]
bucket_sort_time 0.155019 [s]
bucket_to_array_time 0.016545 [s]
table_fill_time 0.124811 [s]
program_time 0.357199 [s]
-------
bucket_split_time 0.05808 [s]
bucket_sort_time 0.155769 [s]
bucket_to_array_time 0.020263 [s]
table_fill_time 0.121442 [s]
program_time 0.360042 [s]
-------
bucket_split_time 0.057358 [s]
bucket_sort_time 0.154625 [s]
bucket_to_array_time 0.01811 [s]
table_fill_time 0.12549 [s]
program_time 0.358419 [s]
-------
bucket_split_time 0.057118 [s]
bucket_sort_time 0.154882 [s]
bucket_to_array_time 0.016205 [s]
table_fill_time 0.128241 [s]
program_time 0.359446 [s]
-------
bucket_split_time 0.082735 [s]
bucket_sort_time 0.156087 [s]
bucket_to_array_time 0.016989 [s]
table_fill_time 0.184005 [s]
program_time 0.443211 [s]
-------
bucket_split_time 0.058936 [s]
bucket_sort_time 0.154837 [s]
bucket_to_array_time 0.017078 [s]
table_fill_time 0.119161 [s]
program_time 0.355878 [s]
-------
bucket_split_time 0.05776 [s]
bucket_sort_time 0.154921 [s]
bucket_to_array_time 0.016482 [s]
table_fill_time 0.130702 [s]
program_time 0.362994 [s]
-------
bucket_split_time 0.058282 [s]
bucket_sort_time 0.155289 [s]
bucket_to_array_time 0.016958 [s]
table_fill_time 0.123667 [s]
program_time 0.357165 [s]
-------
bucket_split_time 0.057408 [s]
bucket_sort_time 0.154374 [s]
bucket_to_array_time 0.017538 [s]
table_fill_time 0.121376 [s]
program_time 0.354389 [s]
-------
bucket_split_time 0.120244 [s]
bucket_sort_time 0.215212 [s]
bucket_to_array_time 0.019828 [s]
table_fill_time 0.120453 [s]
program_time 0.479026 [s]
