-------
bucket_split_time 1.13329 [s]
bucket_sort_time 1.41582 [s]
bucket_to_array_time 0.317452 [s]
table_fill_time 1.46853 [s]
program_time 4.41455 [s]
-------
bucket_split_time 1.29498 [s]
bucket_sort_time 1.39195 [s]
bucket_to_array_time 0.322015 [s]
table_fill_time 1.46488 [s]
program_time 4.55213 [s]
-------
bucket_split_time 1.37808 [s]
bucket_sort_time 1.39133 [s]
bucket_to_array_time 0.318991 [s]
table_fill_time 1.55269 [s]
program_time 4.72836 [s]
-------
bucket_split_time 1.07085 [s]
bucket_sort_time 1.54421 [s]
bucket_to_array_time 0.320602 [s]
table_fill_time 1.57689 [s]
program_time 4.59483 [s]
-------
bucket_split_time 1.30423 [s]
bucket_sort_time 1.39201 [s]
bucket_to_array_time 0.321399 [s]
table_fill_time 1.47018 [s]
program_time 4.56879 [s]
-------
bucket_split_time 1.38932 [s]
bucket_sort_time 1.3978 [s]
bucket_to_array_time 0.320921 [s]
table_fill_time 1.56117 [s]
program_time 4.77755 [s]
-------
bucket_split_time 1.12673 [s]
bucket_sort_time 1.39294 [s]
bucket_to_array_time 0.347253 [s]
table_fill_time 1.57278 [s]
program_time 4.52205 [s]
-------
bucket_split_time 1.10318 [s]
bucket_sort_time 1.58344 [s]
bucket_to_array_time 0.32091 [s]
table_fill_time 1.46753 [s]
program_time 4.55212 [s]
-------
bucket_split_time 1.33382 [s]
bucket_sort_time 1.39326 [s]
bucket_to_array_time 0.319595 [s]
table_fill_time 1.46419 [s]
program_time 4.5931 [s]
-------
bucket_split_time 1.07159 [s]
bucket_sort_time 1.41368 [s]
bucket_to_array_time 0.320135 [s]
table_fill_time 1.46826 [s]
program_time 4.35611 [s]
