-------
bucket_split_time 3.79998 [s]
bucket_sort_time 0.893644 [s]
bucket_to_array_time 0.543194 [s]
table_fill_time 2.00248 [s]
program_time 8.45667 [s]
-------
bucket_split_time 3.80336 [s]
bucket_sort_time 0.892418 [s]
bucket_to_array_time 0.541527 [s]
table_fill_time 1.8969 [s]
program_time 8.17133 [s]
-------
bucket_split_time 3.80571 [s]
bucket_sort_time 0.896115 [s]
bucket_to_array_time 0.541662 [s]
table_fill_time 1.96306 [s]
program_time 8.4037 [s]
-------
bucket_split_time 3.82996 [s]
bucket_sort_time 0.892787 [s]
bucket_to_array_time 0.542588 [s]
table_fill_time 1.95934 [s]
program_time 8.40729 [s]
-------
bucket_split_time 3.81444 [s]
bucket_sort_time 0.895624 [s]
bucket_to_array_time 0.542001 [s]
table_fill_time 1.94926 [s]
program_time 8.22765 [s]
-------
bucket_split_time 3.84949 [s]
bucket_sort_time 0.895892 [s]
bucket_to_array_time 0.545252 [s]
table_fill_time 1.94371 [s]
program_time 8.28303 [s]
-------
bucket_split_time 3.88418 [s]
bucket_sort_time 0.894182 [s]
bucket_to_array_time 0.54194 [s]
table_fill_time 1.92372 [s]
program_time 8.26752 [s]
-------
bucket_split_time 3.93401 [s]
bucket_sort_time 0.904116 [s]
bucket_to_array_time 0.542207 [s]
table_fill_time 1.95754 [s]
program_time 8.37012 [s]
-------
bucket_split_time 3.83597 [s]
bucket_sort_time 0.903181 [s]
bucket_to_array_time 0.546769 [s]
table_fill_time 1.96735 [s]
program_time 8.50929 [s]
-------
bucket_split_time 3.85108 [s]
bucket_sort_time 0.895174 [s]
bucket_to_array_time 0.542632 [s]
table_fill_time 2.00179 [s]
program_time 8.31514 [s]
