-------
bucket_split_time 2.13174 [s]
bucket_sort_time 1.73288 [s]
bucket_to_array_time 0.400995 [s]
table_fill_time 2.74473 [s]
program_time 7.19275 [s]
-------
bucket_split_time 2.20559 [s]
bucket_sort_time 1.71855 [s]
bucket_to_array_time 0.405118 [s]
table_fill_time 2.45482 [s]
program_time 6.9723 [s]
-------
bucket_split_time 2.47176 [s]
bucket_sort_time 1.72477 [s]
bucket_to_array_time 0.412839 [s]
table_fill_time 2.39181 [s]
program_time 7.18548 [s]
-------
bucket_split_time 2.34209 [s]
bucket_sort_time 1.73301 [s]
bucket_to_array_time 0.40215 [s]
table_fill_time 2.4421 [s]
program_time 7.10079 [s]
-------
bucket_split_time 2.39002 [s]
bucket_sort_time 1.72687 [s]
bucket_to_array_time 0.402226 [s]
table_fill_time 2.51142 [s]
program_time 7.21802 [s]
-------
bucket_split_time 2.27261 [s]
bucket_sort_time 1.72108 [s]
bucket_to_array_time 0.402353 [s]
table_fill_time 2.43245 [s]
program_time 7.01303 [s]
-------
bucket_split_time 2.28735 [s]
bucket_sort_time 1.72962 [s]
bucket_to_array_time 0.406577 [s]
table_fill_time 2.44564 [s]
program_time 7.05856 [s]
-------
bucket_split_time 2.51009 [s]
bucket_sort_time 1.72458 [s]
bucket_to_array_time 0.403782 [s]
table_fill_time 2.50632 [s]
program_time 7.32838 [s]
-------
bucket_split_time 2.26835 [s]
bucket_sort_time 1.72604 [s]
bucket_to_array_time 0.401039 [s]
table_fill_time 2.5007 [s]
program_time 7.08301 [s]
-------
bucket_split_time 2.41247 [s]
bucket_sort_time 1.7243 [s]
bucket_to_array_time 0.403266 [s]
table_fill_time 2.51124 [s]
program_time 7.23836 [s]
