-------
bucket_split_time 1.29708 [s]
bucket_sort_time 0.43284 [s]
bucket_to_array_time 0.246542 [s]
table_fill_time 0.736009 [s]
program_time 2.98962 [s]
-------
bucket_split_time 1.43553 [s]
bucket_sort_time 0.432281 [s]
bucket_to_array_time 0.248911 [s]
table_fill_time 0.734362 [s]
program_time 3.13085 [s]
-------
bucket_split_time 1.32987 [s]
bucket_sort_time 0.443003 [s]
bucket_to_array_time 0.254437 [s]
table_fill_time 0.734447 [s]
program_time 3.03911 [s]
-------
bucket_split_time 1.34127 [s]
bucket_sort_time 0.432506 [s]
bucket_to_array_time 0.251144 [s]
table_fill_time 0.73382 [s]
program_time 3.0464 [s]
-------
bucket_split_time 1.26778 [s]
bucket_sort_time 0.437327 [s]
bucket_to_array_time 0.246542 [s]
table_fill_time 0.73419 [s]
program_time 2.96245 [s]
-------
bucket_split_time 1.45547 [s]
bucket_sort_time 0.431446 [s]
bucket_to_array_time 0.247851 [s]
table_fill_time 0.734492 [s]
program_time 3.14893 [s]
-------
bucket_split_time 1.30452 [s]
bucket_sort_time 0.442495 [s]
bucket_to_array_time 0.255454 [s]
table_fill_time 0.73418 [s]
program_time 3.02949 [s]
-------
bucket_split_time 1.33424 [s]
bucket_sort_time 0.431644 [s]
bucket_to_array_time 0.247547 [s]
table_fill_time 0.734935 [s]
program_time 3.02492 [s]
-------
bucket_split_time 1.32116 [s]
bucket_sort_time 0.433422 [s]
bucket_to_array_time 0.251324 [s]
table_fill_time 0.734614 [s]
program_time 3.0166 [s]
-------
bucket_split_time 1.4504 [s]
bucket_sort_time 0.434465 [s]
bucket_to_array_time 0.249609 [s]
table_fill_time 0.734391 [s]
program_time 3.14921 [s]
