-------
bucket_split_time 5.73026 [s]
bucket_sort_time 1.12239 [s]
bucket_to_array_time 1.04467 [s]
table_fill_time 2.43915 [s]
program_time 11.948 [s]
-------
bucket_split_time 5.51805 [s]
bucket_sort_time 1.12146 [s]
bucket_to_array_time 0.6857 [s]
table_fill_time 2.47564 [s]
program_time 11.1018 [s]
-------
bucket_split_time 4.88976 [s]
bucket_sort_time 1.52339 [s]
bucket_to_array_time 0.689663 [s]
table_fill_time 2.65458 [s]
program_time 11.2217 [s]
-------
bucket_split_time 5.41233 [s]
bucket_sort_time 1.12029 [s]
bucket_to_array_time 0.681113 [s]
table_fill_time 2.43133 [s]
program_time 10.9905 [s]
-------
bucket_split_time 5.5175 [s]
bucket_sort_time 1.1266 [s]
bucket_to_array_time 0.687151 [s]
table_fill_time 2.81879 [s]
program_time 11.4569 [s]
-------
bucket_split_time 4.82768 [s]
bucket_sort_time 1.15708 [s]
bucket_to_array_time 1.10023 [s]
table_fill_time 2.56015 [s]
program_time 11.3934 [s]
-------
bucket_split_time 5.90314 [s]
bucket_sort_time 1.12817 [s]
bucket_to_array_time 0.682523 [s]
table_fill_time 2.64107 [s]
program_time 11.6558 [s]
-------
bucket_split_time 6.89065 [s]
bucket_sort_time 1.11671 [s]
bucket_to_array_time 0.691776 [s]
table_fill_time 2.47357 [s]
program_time 12.6347 [s]
-------
bucket_split_time 6.03244 [s]
bucket_sort_time 1.11878 [s]
bucket_to_array_time 0.683238 [s]
table_fill_time 2.57472 [s]
program_time 11.7076 [s]
-------
bucket_split_time 5.12691 [s]
bucket_sort_time 1.12072 [s]
bucket_to_array_time 0.846308 [s]
table_fill_time 2.45537 [s]
program_time 11.1636 [s]
