-------
bucket_split_time 0.343317 [s]
bucket_sort_time 0.67613 [s]
bucket_to_array_time 0.081084 [s]
table_fill_time 0.493703 [s]
program_time 1.64261 [s]
-------
bucket_split_time 0.375525 [s]
bucket_sort_time 0.682341 [s]
bucket_to_array_time 0.085323 [s]
table_fill_time 0.501472 [s]
program_time 1.69877 [s]
-------
bucket_split_time 0.694443 [s]
bucket_sort_time 0.774882 [s]
bucket_to_array_time 0.117757 [s]
table_fill_time 0.501864 [s]
program_time 2.17287 [s]
-------
bucket_split_time 0.670125 [s]
bucket_sort_time 0.830964 [s]
bucket_to_array_time 0.083495 [s]
table_fill_time 0.741117 [s]
program_time 2.37388 [s]
-------
bucket_split_time 0.378097 [s]
bucket_sort_time 0.685808 [s]
bucket_to_array_time 0.082105 [s]
table_fill_time 0.50684 [s]
program_time 1.704 [s]
-------
bucket_split_time 0.34052 [s]
bucket_sort_time 0.681793 [s]
bucket_to_array_time 0.082271 [s]
table_fill_time 0.482311 [s]
program_time 1.63575 [s]
-------
bucket_split_time 0.857963 [s]
bucket_sort_time 0.728043 [s]
bucket_to_array_time 0.098836 [s]
table_fill_time 0.481547 [s]
program_time 2.21724 [s]
-------
bucket_split_time 0.888652 [s]
bucket_sort_time 0.728036 [s]
bucket_to_array_time 0.082312 [s]
table_fill_time 0.748043 [s]
program_time 2.5063 [s]
-------
bucket_split_time 0.345406 [s]
bucket_sort_time 0.681851 [s]
bucket_to_array_time 0.08194 [s]
table_fill_time 0.49122 [s]
program_time 1.64924 [s]
-------
bucket_split_time 0.368889 [s]
bucket_sort_time 0.678227 [s]
bucket_to_array_time 0.081689 [s]
table_fill_time 0.492845 [s]
program_time 1.67087 [s]
