-------
bucket_split_time 0.15194 [s]
bucket_sort_time 0.043554 [s]
bucket_to_array_time 0.02395 [s]
table_fill_time 0.097567 [s]
program_time 0.354535 [s]
-------
bucket_split_time 0.152074 [s]
bucket_sort_time 0.041017 [s]
bucket_to_array_time 0.022145 [s]
table_fill_time 0.099475 [s]
program_time 0.351963 [s]
-------
bucket_split_time 0.150214 [s]
bucket_sort_time 0.042444 [s]
bucket_to_array_time 0.024995 [s]
table_fill_time 0.097147 [s]
program_time 0.361697 [s]
-------
bucket_split_time 0.157548 [s]
bucket_sort_time 0.044266 [s]
bucket_to_array_time 0.023661 [s]
table_fill_time 0.102065 [s]
program_time 0.369109 [s]
-------
bucket_split_time 0.156138 [s]
bucket_sort_time 0.041101 [s]
bucket_to_array_time 0.023832 [s]
table_fill_time 0.098579 [s]
program_time 0.362349 [s]
-------
bucket_split_time 0.167103 [s]
bucket_sort_time 0.042699 [s]
bucket_to_array_time 0.024458 [s]
table_fill_time 0.105575 [s]
program_time 0.384885 [s]
-------
bucket_split_time 0.161564 [s]
bucket_sort_time 0.043801 [s]
bucket_to_array_time 0.02388 [s]
table_fill_time 0.099458 [s]
program_time 0.372415 [s]
-------
bucket_split_time 0.160368 [s]
bucket_sort_time 0.042873 [s]
bucket_to_array_time 0.024697 [s]
table_fill_time 0.097958 [s]
program_time 0.371466 [s]
-------
bucket_split_time 0.162372 [s]
bucket_sort_time 0.044083 [s]
bucket_to_array_time 0.024359 [s]
table_fill_time 0.099415 [s]
program_time 0.37455 [s]
-------
bucket_split_time 0.165462 [s]
bucket_sort_time 0.045292 [s]
bucket_to_array_time 0.022653 [s]
table_fill_time 0.102421 [s]
program_time 0.381168 [s]
