-------
bucket_split_time 0.629484 [s]
bucket_sort_time 1.9231 [s]
bucket_to_array_time 0.155696 [s]
table_fill_time 1.47095 [s]
program_time 4.21015 [s]
-------
bucket_split_time 0.624035 [s]
bucket_sort_time 1.92101 [s]
bucket_to_array_time 0.156681 [s]
table_fill_time 1.46622 [s]
program_time 4.20021 [s]
-------
bucket_split_time 0.6323 [s]
bucket_sort_time 1.9217 [s]
bucket_to_array_time 0.157072 [s]
table_fill_time 1.46546 [s]
program_time 4.20872 [s]
-------
bucket_split_time 0.62412 [s]
bucket_sort_time 1.9239 [s]
bucket_to_array_time 0.156658 [s]
table_fill_time 1.46629 [s]
program_time 4.20469 [s]
-------
bucket_split_time 0.618461 [s]
bucket_sort_time 1.92278 [s]
bucket_to_array_time 0.155445 [s]
table_fill_time 1.46916 [s]
program_time 4.1992 [s]
-------
bucket_split_time 0.622952 [s]
bucket_sort_time 1.92168 [s]
bucket_to_array_time 0.154887 [s]
table_fill_time 1.46689 [s]
program_time 4.19568 [s]
-------
bucket_split_time 0.618805 [s]
bucket_sort_time 1.92151 [s]
bucket_to_array_time 0.155988 [s]
table_fill_time 1.46788 [s]
program_time 4.19591 [s]
-------
bucket_split_time 0.617162 [s]
bucket_sort_time 1.92374 [s]
bucket_to_array_time 0.157001 [s]
table_fill_time 1.46626 [s]
program_time 4.19493 [s]
-------
bucket_split_time 0.622378 [s]
bucket_sort_time 1.92225 [s]
bucket_to_array_time 0.157191 [s]
table_fill_time 1.4681 [s]
program_time 4.20293 [s]
-------
bucket_split_time 0.619995 [s]
bucket_sort_time 1.9232 [s]
bucket_to_array_time 0.156339 [s]
table_fill_time 1.46503 [s]
program_time 4.19673 [s]
