-------
bucket_split_time 0.739944 [s]
bucket_sort_time 4.75046 [s]
bucket_to_array_time 0.392635 [s]
table_fill_time 1.36163 [s]
program_time 7.35207 [s]
-------
bucket_split_time 0.741736 [s]
bucket_sort_time 4.74932 [s]
bucket_to_array_time 0.392255 [s]
table_fill_time 1.39102 [s]
program_time 7.38067 [s]
-------
bucket_split_time 0.73954 [s]
bucket_sort_time 4.7553 [s]
bucket_to_array_time 0.389447 [s]
table_fill_time 1.326 [s]
program_time 7.318 [s]
-------
bucket_split_time 0.744685 [s]
bucket_sort_time 4.7519 [s]
bucket_to_array_time 0.390352 [s]
table_fill_time 1.42311 [s]
program_time 7.41674 [s]
-------
bucket_split_time 0.7377 [s]
bucket_sort_time 4.75158 [s]
bucket_to_array_time 0.392274 [s]
table_fill_time 1.77851 [s]
program_time 7.76662 [s]
-------
bucket_split_time 0.733656 [s]
bucket_sort_time 4.75417 [s]
bucket_to_array_time 0.390855 [s]
table_fill_time 1.42665 [s]
program_time 7.41465 [s]
-------
bucket_split_time 0.73197 [s]
bucket_sort_time 4.74789 [s]
bucket_to_array_time 0.388892 [s]
table_fill_time 1.34924 [s]
program_time 7.32373 [s]
-------
bucket_split_time 0.733863 [s]
bucket_sort_time 4.75062 [s]
bucket_to_array_time 0.392418 [s]
table_fill_time 1.30945 [s]
program_time 7.29303 [s]
-------
bucket_split_time 0.747663 [s]
bucket_sort_time 4.74874 [s]
bucket_to_array_time 0.391344 [s]
table_fill_time 1.44342 [s]
program_time 7.43802 [s]
-------
bucket_split_time 0.73781 [s]
bucket_sort_time 4.75339 [s]
bucket_to_array_time 0.388279 [s]
table_fill_time 1.39484 [s]
program_time 7.37924 [s]
