-------
bucket_split_time 1.10284 [s]
bucket_sort_time 1.0513 [s]
bucket_to_array_time 0.240741 [s]
table_fill_time 1.48134 [s]
program_time 3.98246 [s]
-------
bucket_split_time 1.20522 [s]
bucket_sort_time 1.04029 [s]
bucket_to_array_time 0.240109 [s]
table_fill_time 1.42203 [s]
program_time 4.0159 [s]
-------
bucket_split_time 1.12082 [s]
bucket_sort_time 1.03619 [s]
bucket_to_array_time 0.240109 [s]
table_fill_time 1.47023 [s]
program_time 3.9774 [s]
-------
bucket_split_time 1.13624 [s]
bucket_sort_time 1.04144 [s]
bucket_to_array_time 0.239844 [s]
table_fill_time 1.49267 [s]
program_time 4.01879 [s]
-------
bucket_split_time 1.10787 [s]
bucket_sort_time 1.04449 [s]
bucket_to_array_time 0.240785 [s]
table_fill_time 1.51034 [s]
program_time 4.013 [s]
-------
bucket_split_time 1.17762 [s]
bucket_sort_time 1.04478 [s]
bucket_to_array_time 0.240401 [s]
table_fill_time 1.4606 [s]
program_time 4.03184 [s]
-------
bucket_split_time 1.13397 [s]
bucket_sort_time 1.03853 [s]
bucket_to_array_time 0.240609 [s]
table_fill_time 1.47491 [s]
program_time 3.99756 [s]
-------
bucket_split_time 1.14717 [s]
bucket_sort_time 1.03872 [s]
bucket_to_array_time 0.241424 [s]
table_fill_time 1.45918 [s]
program_time 3.9975 [s]
-------
bucket_split_time 1.10872 [s]
bucket_sort_time 1.04253 [s]
bucket_to_array_time 0.239778 [s]
table_fill_time 1.47234 [s]
program_time 3.97148 [s]
-------
bucket_split_time 1.11667 [s]
bucket_sort_time 1.0431 [s]
bucket_to_array_time 0.240107 [s]
table_fill_time 1.45706 [s]
program_time 3.96572 [s]
