-------
bucket_split_time 0.138162 [s]
bucket_sort_time 0.956814 [s]
bucket_to_array_time 0.078491 [s]
table_fill_time 0.350994 [s]
program_time 1.54331 [s]
-------
bucket_split_time 0.136692 [s]
bucket_sort_time 0.957722 [s]
bucket_to_array_time 0.078764 [s]
table_fill_time 0.354344 [s]
program_time 1.54577 [s]
-------
bucket_split_time 0.137226 [s]
bucket_sort_time 0.960134 [s]
bucket_to_array_time 0.078676 [s]
table_fill_time 0.33332 [s]
program_time 1.52726 [s]
-------
bucket_split_time 0.136444 [s]
bucket_sort_time 0.956515 [s]
bucket_to_array_time 0.078652 [s]
table_fill_time 0.35775 [s]
program_time 1.54744 [s]
-------
bucket_split_time 0.13847 [s]
bucket_sort_time 0.957638 [s]
bucket_to_array_time 0.078507 [s]
table_fill_time 0.339117 [s]
program_time 1.53402 [s]
-------
bucket_split_time 0.137147 [s]
bucket_sort_time 0.959044 [s]
bucket_to_array_time 0.078323 [s]
table_fill_time 0.385582 [s]
program_time 1.57921 [s]
-------
bucket_split_time 0.138193 [s]
bucket_sort_time 0.957801 [s]
bucket_to_array_time 0.078018 [s]
table_fill_time 0.350905 [s]
program_time 1.5432 [s]
-------
bucket_split_time 0.134918 [s]
bucket_sort_time 0.957232 [s]
bucket_to_array_time 0.07804 [s]
table_fill_time 0.348416 [s]
program_time 1.53666 [s]
-------
bucket_split_time 0.13303 [s]
bucket_sort_time 0.95751 [s]
bucket_to_array_time 0.078081 [s]
table_fill_time 0.343432 [s]
program_time 1.53123 [s]
-------
bucket_split_time 0.136001 [s]
bucket_sort_time 0.958773 [s]
bucket_to_array_time 0.077716 [s]
table_fill_time 0.343778 [s]
program_time 1.53344 [s]
