-------
bucket_split_time 1.44413 [s]
bucket_sort_time 1.34821 [s]
bucket_to_array_time 0.16619 [s]
table_fill_time 0.684057 [s]
program_time 3.77287 [s]
-------
bucket_split_time 1.06982 [s]
bucket_sort_time 1.39547 [s]
bucket_to_array_time 0.165243 [s]
table_fill_time 0.801762 [s]
program_time 3.58548 [s]
-------
bucket_split_time 1.38961 [s]
bucket_sort_time 1.37043 [s]
bucket_to_array_time 0.165727 [s]
table_fill_time 0.857302 [s]
program_time 3.91272 [s]
-------
bucket_split_time 0.92474 [s]
bucket_sort_time 1.40006 [s]
bucket_to_array_time 0.163971 [s]
table_fill_time 0.907565 [s]
program_time 3.52677 [s]
-------
bucket_split_time 1.64247 [s]
bucket_sort_time 1.36694 [s]
bucket_to_array_time 0.164456 [s]
table_fill_time 0.683152 [s]
program_time 3.98796 [s]
-------
bucket_split_time 1.37775 [s]
bucket_sort_time 1.47985 [s]
bucket_to_array_time 0.167597 [s]
table_fill_time 0.660393 [s]
program_time 3.81414 [s]
-------
bucket_split_time 1.7744 [s]
bucket_sort_time 1.4291 [s]
bucket_to_array_time 0.175341 [s]
table_fill_time 0.883031 [s]
program_time 4.41246 [s]
-------
bucket_split_time 0.864774 [s]
bucket_sort_time 1.38273 [s]
bucket_to_array_time 0.171608 [s]
table_fill_time 0.874373 [s]
program_time 3.42211 [s]
-------
bucket_split_time 1.46288 [s]
bucket_sort_time 1.38324 [s]
bucket_to_array_time 0.166193 [s]
table_fill_time 0.763507 [s]
program_time 3.90603 [s]
-------
bucket_split_time 2.06173 [s]
bucket_sort_time 1.42806 [s]
bucket_to_array_time 0.16685 [s]
table_fill_time 0.921037 [s]
program_time 4.70754 [s]
