-------
bucket_split_time 0.379781 [s]
bucket_sort_time 0.341624 [s]
bucket_to_array_time 0.043593 [s]
table_fill_time 0.442315 [s]
program_time 1.22481 [s]
-------
bucket_split_time 0.274177 [s]
bucket_sort_time 0.437036 [s]
bucket_to_array_time 0.056375 [s]
table_fill_time 0.36898 [s]
program_time 1.1509 [s]
-------
bucket_split_time 0.233587 [s]
bucket_sort_time 0.353273 [s]
bucket_to_array_time 0.073133 [s]
table_fill_time 0.420226 [s]
program_time 1.09436 [s]
-------
bucket_split_time 0.228516 [s]
bucket_sort_time 0.320392 [s]
bucket_to_array_time 0.04402 [s]
table_fill_time 0.417302 [s]
program_time 1.0236 [s]
-------
bucket_split_time 0.229211 [s]
bucket_sort_time 0.32196 [s]
bucket_to_array_time 0.043488 [s]
table_fill_time 0.346847 [s]
program_time 0.954778 [s]
-------
bucket_split_time 0.234817 [s]
bucket_sort_time 0.321345 [s]
bucket_to_array_time 0.044177 [s]
table_fill_time 0.341924 [s]
program_time 0.955677 [s]
-------
bucket_split_time 0.363539 [s]
bucket_sort_time 0.454957 [s]
bucket_to_array_time 0.073396 [s]
table_fill_time 0.360705 [s]
program_time 1.26714 [s]
-------
bucket_split_time 0.341176 [s]
bucket_sort_time 0.399928 [s]
bucket_to_array_time 0.043817 [s]
table_fill_time 0.348656 [s]
program_time 1.14783 [s]
-------
bucket_split_time 0.228822 [s]
bucket_sort_time 0.319734 [s]
bucket_to_array_time 0.044059 [s]
table_fill_time 0.365222 [s]
program_time 0.971791 [s]
-------
bucket_split_time 0.248075 [s]
bucket_sort_time 0.400032 [s]
bucket_to_array_time 0.069004 [s]
table_fill_time 0.344485 [s]
program_time 1.0771 [s]
