-------
bucket_split_time 3.78735 [s]
bucket_sort_time 3.45658 [s]
bucket_to_array_time 0.805704 [s]
table_fill_time 3.67513 [s]
program_time 11.9366 [s]
-------
bucket_split_time 3.83646 [s]
bucket_sort_time 3.45823 [s]
bucket_to_array_time 0.809809 [s]
table_fill_time 3.68113 [s]
program_time 11.9964 [s]
-------
bucket_split_time 3.74571 [s]
bucket_sort_time 3.4586 [s]
bucket_to_array_time 0.805056 [s]
table_fill_time 3.67577 [s]
program_time 11.9015 [s]
-------
bucket_split_time 3.57365 [s]
bucket_sort_time 3.45222 [s]
bucket_to_array_time 0.80399 [s]
table_fill_time 3.6639 [s]
program_time 11.6982 [s]
-------
bucket_split_time 3.5746 [s]
bucket_sort_time 3.45724 [s]
bucket_to_array_time 0.805329 [s]
table_fill_time 3.66707 [s]
program_time 11.7074 [s]
-------
bucket_split_time 3.48635 [s]
bucket_sort_time 3.45289 [s]
bucket_to_array_time 0.803646 [s]
table_fill_time 3.66541 [s]
program_time 11.6166 [s]
-------
bucket_split_time 3.60012 [s]
bucket_sort_time 3.45828 [s]
bucket_to_array_time 0.807941 [s]
table_fill_time 3.67631 [s]
program_time 11.754 [s]
-------
bucket_split_time 3.44148 [s]
bucket_sort_time 3.44908 [s]
bucket_to_array_time 0.80846 [s]
table_fill_time 3.67107 [s]
program_time 11.5726 [s]
-------
bucket_split_time 3.73534 [s]
bucket_sort_time 3.45467 [s]
bucket_to_array_time 0.804209 [s]
table_fill_time 3.66525 [s]
program_time 11.8647 [s]
-------
bucket_split_time 3.5706 [s]
bucket_sort_time 3.4567 [s]
bucket_to_array_time 0.805132 [s]
table_fill_time 3.67358 [s]
program_time 11.7133 [s]
