-------
bucket_split_time 5.24412 [s]
bucket_sort_time 1.0999 [s]
bucket_to_array_time 0.363386 [s]
table_fill_time 1.4942 [s]
program_time 9.11288 [s]
-------
bucket_split_time 5.26112 [s]
bucket_sort_time 1.10459 [s]
bucket_to_array_time 0.36616 [s]
table_fill_time 1.46347 [s]
program_time 9.1114 [s]
-------
bucket_split_time 5.25813 [s]
bucket_sort_time 1.10589 [s]
bucket_to_array_time 0.367058 [s]
table_fill_time 1.4695 [s]
program_time 9.09343 [s]
-------
bucket_split_time 5.26389 [s]
bucket_sort_time 1.09954 [s]
bucket_to_array_time 0.363544 [s]
table_fill_time 1.46708 [s]
program_time 9.08008 [s]
-------
bucket_split_time 5.22332 [s]
bucket_sort_time 1.10416 [s]
bucket_to_array_time 0.366046 [s]
table_fill_time 1.47695 [s]
program_time 9.06195 [s]
-------
bucket_split_time 5.2534 [s]
bucket_sort_time 1.09828 [s]
bucket_to_array_time 0.362283 [s]
table_fill_time 1.48067 [s]
program_time 9.09793 [s]
-------
bucket_split_time 5.27468 [s]
bucket_sort_time 1.10305 [s]
bucket_to_array_time 0.364638 [s]
table_fill_time 1.47538 [s]
program_time 9.10116 [s]
-------
bucket_split_time 5.25693 [s]
bucket_sort_time 1.10048 [s]
bucket_to_array_time 0.364344 [s]
table_fill_time 1.51397 [s]
program_time 9.1221 [s]
-------
bucket_split_time 5.24373 [s]
bucket_sort_time 1.09631 [s]
bucket_to_array_time 0.361243 [s]
table_fill_time 1.46044 [s]
program_time 9.04312 [s]
-------
bucket_split_time 5.2131 [s]
bucket_sort_time 1.09854 [s]
bucket_to_array_time 0.365249 [s]
table_fill_time 1.48948 [s]
program_time 9.07217 [s]
