-------
bucket_split_time 0.881821 [s]
bucket_sort_time 1.94304 [s]
bucket_to_array_time 0.176303 [s]
table_fill_time 0.777744 [s]
program_time 3.81987 [s]
-------
bucket_split_time 0.608389 [s]
bucket_sort_time 2.03946 [s]
bucket_to_array_time 0.158476 [s]
table_fill_time 0.886571 [s]
program_time 3.7316 [s]
-------
bucket_split_time 0.768916 [s]
bucket_sort_time 2.0645 [s]
bucket_to_array_time 0.15896 [s]
table_fill_time 1.01504 [s]
program_time 4.06919 [s]
-------
bucket_split_time 0.626399 [s]
bucket_sort_time 2.25465 [s]
bucket_to_array_time 0.158371 [s]
table_fill_time 0.970374 [s]
program_time 4.05955 [s]
-------
bucket_split_time 0.758586 [s]
bucket_sort_time 2.13202 [s]
bucket_to_array_time 0.162508 [s]
table_fill_time 0.996413 [s]
program_time 4.09159 [s]
-------
bucket_split_time 0.623131 [s]
bucket_sort_time 2.06651 [s]
bucket_to_array_time 0.175194 [s]
table_fill_time 1.09275 [s]
program_time 4.00368 [s]
-------
bucket_split_time 0.536907 [s]
bucket_sort_time 1.94349 [s]
bucket_to_array_time 0.156981 [s]
table_fill_time 0.854201 [s]
program_time 3.5293 [s]
-------
bucket_split_time 0.476649 [s]
bucket_sort_time 1.97141 [s]
bucket_to_array_time 0.217301 [s]
table_fill_time 0.713588 [s]
program_time 3.41955 [s]
-------
bucket_split_time 0.614487 [s]
bucket_sort_time 1.95694 [s]
bucket_to_array_time 0.156675 [s]
table_fill_time 0.686075 [s]
program_time 3.4527 [s]
-------
bucket_split_time 0.551256 [s]
bucket_sort_time 1.95288 [s]
bucket_to_array_time 0.156944 [s]
table_fill_time 0.997458 [s]
program_time 3.69558 [s]
