-------
-------
bucket_split_time 0.761912 [s]
bucket_sort_time 6.13377 [s]
bucket_to_array_time 0.386715 [s]
table_fill_time 2.42121 [s]
program_time 9.77682 [s]
-------
-------
bucket_split_time 0.755442 [s]
bucket_sort_time 6.14776 [s]
bucket_to_array_time 0.391471 [s]
table_fill_time 2.43642 [s]
program_time 9.80444 [s]
-------
-------
bucket_split_time 0.946212 [s]
bucket_sort_time 6.14203 [s]
bucket_to_array_time 0.385404 [s]
table_fill_time 2.86359 [s]
program_time 10.45 [s]
-------
bucket_split_time 0.764341 [s]
bucket_sort_time 6.146 [s]
bucket_to_array_time 0.389981 [s]
table_fill_time 2.39002 [s]
program_time 9.7642 [s]
-------
bucket_split_time 0.758324 [s]
bucket_sort_time 6.15039 [s]
bucket_to_array_time 0.388082 [s]
table_fill_time 2.42993 [s]
program_time 9.80237 [s]
-------
bucket_split_time 0.759389 [s]
bucket_sort_time 6.14203 [s]
bucket_to_array_time 0.388874 [s]
table_fill_time 2.45232 [s]
program_time 9.81785 [s]
-------
bucket_split_time 0.751736 [s]
bucket_sort_time 6.14144 [s]
bucket_to_array_time 0.390313 [s]
table_fill_time 2.45382 [s]
program_time 9.81274 [s]
