-------
bucket_split_time 0.240836 [s]
bucket_sort_time 1.23994 [s]
bucket_to_array_time 0.077773 [s]
table_fill_time 0.738216 [s]
program_time 2.31349 [s]
-------
bucket_split_time 0.237926 [s]
bucket_sort_time 1.23911 [s]
bucket_to_array_time 0.077512 [s]
table_fill_time 0.741603 [s]
program_time 2.31402 [s]
-------
bucket_split_time 0.320617 [s]
bucket_sort_time 1.36797 [s]
bucket_to_array_time 0.07772 [s]
table_fill_time 0.897604 [s]
program_time 2.67655 [s]
-------
bucket_split_time 0.222339 [s]
bucket_sort_time 1.23876 [s]
bucket_to_array_time 0.077 [s]
table_fill_time 0.739754 [s]
program_time 2.29477 [s]
-------
bucket_split_time 0.228759 [s]
bucket_sort_time 1.23726 [s]
bucket_to_array_time 0.076759 [s]
table_fill_time 0.739125 [s]
program_time 2.29799 [s]
-------
bucket_split_time 0.232874 [s]
bucket_sort_time 1.24181 [s]
bucket_to_array_time 0.077145 [s]
table_fill_time 0.737245 [s]
program_time 2.30444 [s]
-------
bucket_split_time 0.347839 [s]
bucket_sort_time 1.23629 [s]
bucket_to_array_time 0.077366 [s]
table_fill_time 1.29178 [s]
program_time 2.96651 [s]
-------
bucket_split_time 0.222852 [s]
bucket_sort_time 1.23977 [s]
bucket_to_array_time 0.078122 [s]
table_fill_time 0.738497 [s]
program_time 2.29668 [s]
-------
bucket_split_time 0.225394 [s]
bucket_sort_time 1.32823 [s]
bucket_to_array_time 0.078166 [s]
table_fill_time 0.740414 [s]
program_time 2.38695 [s]
-------
bucket_split_time 0.320658 [s]
bucket_sort_time 1.40826 [s]
bucket_to_array_time 0.078409 [s]
table_fill_time 0.967215 [s]
program_time 2.79866 [s]
