-------
bucket_split_time 0.320816 [s]
bucket_sort_time 0.347853 [s]
bucket_to_array_time 0.078338 [s]
table_fill_time 0.495596 [s]
program_time 1.27621 [s]
-------
bucket_split_time 0.322699 [s]
bucket_sort_time 0.34895 [s]
bucket_to_array_time 0.078972 [s]
table_fill_time 0.497594 [s]
program_time 1.2823 [s]
-------
bucket_split_time 0.325571 [s]
bucket_sort_time 0.349049 [s]
bucket_to_array_time 0.079109 [s]
table_fill_time 0.505044 [s]
program_time 1.29317 [s]
-------
bucket_split_time 0.32189 [s]
bucket_sort_time 0.347833 [s]
bucket_to_array_time 0.078389 [s]
table_fill_time 0.502054 [s]
program_time 1.28244 [s]
-------
bucket_split_time 0.326576 [s]
bucket_sort_time 0.349374 [s]
bucket_to_array_time 0.078413 [s]
table_fill_time 0.501487 [s]
program_time 1.28936 [s]
-------
bucket_split_time 0.323187 [s]
bucket_sort_time 0.348306 [s]
bucket_to_array_time 0.078425 [s]
table_fill_time 0.486098 [s]
program_time 1.26988 [s]
-------
bucket_split_time 0.332577 [s]
bucket_sort_time 0.346732 [s]
bucket_to_array_time 0.079146 [s]
table_fill_time 0.491875 [s]
program_time 1.28432 [s]
-------
bucket_split_time 0.322869 [s]
bucket_sort_time 0.347212 [s]
bucket_to_array_time 0.07951 [s]
table_fill_time 0.489891 [s]
program_time 1.27275 [s]
-------
bucket_split_time 0.32347 [s]
bucket_sort_time 0.345053 [s]
bucket_to_array_time 0.079168 [s]
table_fill_time 0.49848 [s]
program_time 1.28087 [s]
-------
bucket_split_time 0.323448 [s]
bucket_sort_time 0.34702 [s]
bucket_to_array_time 0.079452 [s]
table_fill_time 0.508036 [s]
program_time 1.29534 [s]
