-------
bucket_split_time 0.064786 [s]
bucket_sort_time 0.242021 [s]
bucket_to_array_time 0.020996 [s]
table_fill_time 0.127759 [s]
program_time 0.460917 [s]
-------
bucket_split_time 0.066205 [s]
bucket_sort_time 0.23988 [s]
bucket_to_array_time 0.022896 [s]
table_fill_time 0.12068 [s]
program_time 0.457011 [s]
-------
bucket_split_time 0.071654 [s]
bucket_sort_time 0.241132 [s]
bucket_to_array_time 0.024103 [s]
table_fill_time 0.129245 [s]
program_time 0.473809 [s]
-------
bucket_split_time 0.064007 [s]
bucket_sort_time 0.241955 [s]
bucket_to_array_time 0.023176 [s]
table_fill_time 0.109443 [s]
program_time 0.446867 [s]
-------
bucket_split_time 0.073174 [s]
bucket_sort_time 0.245083 [s]
bucket_to_array_time 0.023317 [s]
table_fill_time 0.123441 [s]
program_time 0.47232 [s]
-------
bucket_split_time 0.059261 [s]
bucket_sort_time 0.241881 [s]
bucket_to_array_time 0.022598 [s]
table_fill_time 0.130541 [s]
program_time 0.461403 [s]
-------
bucket_split_time 0.086604 [s]
bucket_sort_time 0.241418 [s]
bucket_to_array_time 0.021554 [s]
table_fill_time 0.104828 [s]
program_time 0.462671 [s]
-------
bucket_split_time 0.071548 [s]
bucket_sort_time 0.241284 [s]
bucket_to_array_time 0.022599 [s]
table_fill_time 0.100621 [s]
program_time 0.443087 [s]
-------
bucket_split_time 0.067072 [s]
bucket_sort_time 0.241159 [s]
bucket_to_array_time 0.022816 [s]
table_fill_time 0.106429 [s]
program_time 0.446363 [s]
-------
bucket_split_time 0.10116 [s]
bucket_sort_time 0.242083 [s]
bucket_to_array_time 0.022615 [s]
table_fill_time 0.131293 [s]
program_time 0.504038 [s]
