-------
bucket_split_time 0.053185 [s]
bucket_sort_time 0.103336 [s]
bucket_to_array_time 0.012048 [s]
table_fill_time 0.088981 [s]
program_time 0.260301 [s]
-------
bucket_split_time 0.053587 [s]
bucket_sort_time 0.10293 [s]
bucket_to_array_time 0.011195 [s]
table_fill_time 0.09396 [s]
program_time 0.264757 [s]
-------
bucket_split_time 0.31905 [s]
bucket_sort_time 0.103017 [s]
bucket_to_array_time 0.013686 [s]
table_fill_time 0.102222 [s]
program_time 0.541402 [s]
-------
bucket_split_time 0.060461 [s]
bucket_sort_time 0.102915 [s]
bucket_to_array_time 0.011319 [s]
table_fill_time 0.097522 [s]
program_time 0.275641 [s]
-------
bucket_split_time 0.053551 [s]
bucket_sort_time 0.103185 [s]
bucket_to_array_time 0.01248 [s]
table_fill_time 0.091062 [s]
program_time 0.263253 [s]
-------
bucket_split_time 0.053293 [s]
bucket_sort_time 0.103231 [s]
bucket_to_array_time 0.012045 [s]
table_fill_time 0.088902 [s]
program_time 0.26034 [s]
-------
bucket_split_time 0.053502 [s]
bucket_sort_time 0.103146 [s]
bucket_to_array_time 0.012887 [s]
table_fill_time 0.093197 [s]
program_time 0.265572 [s]
-------
bucket_split_time 0.053284 [s]
bucket_sort_time 0.103021 [s]
bucket_to_array_time 0.011246 [s]
table_fill_time 0.089403 [s]
program_time 0.259885 [s]
-------
bucket_split_time 0.055381 [s]
bucket_sort_time 0.10296 [s]
bucket_to_array_time 0.011268 [s]
table_fill_time 0.087066 [s]
program_time 0.260117 [s]
-------
bucket_split_time 0.053482 [s]
bucket_sort_time 0.102969 [s]
bucket_to_array_time 0.012202 [s]
table_fill_time 0.08833 [s]
program_time 0.26002 [s]
