-------
bucket_split_time 2.51649 [s]
bucket_sort_time 0.811712 [s]
bucket_to_array_time 0.081805 [s]
table_fill_time 0.576905 [s]
program_time 4.04927 [s]
-------
bucket_split_time 0.593624 [s]
bucket_sort_time 0.680429 [s]
bucket_to_array_time 0.082045 [s]
table_fill_time 0.452369 [s]
program_time 1.87094 [s]
-------
bucket_split_time 0.545603 [s]
bucket_sort_time 0.674261 [s]
bucket_to_array_time 0.081893 [s]
table_fill_time 0.440771 [s]
program_time 1.80662 [s]
-------
bucket_split_time 0.837953 [s]
bucket_sort_time 0.762704 [s]
bucket_to_array_time 0.084061 [s]
table_fill_time 0.531507 [s]
program_time 2.28412 [s]
-------
bucket_split_time 1.85135 [s]
bucket_sort_time 0.680126 [s]
bucket_to_array_time 0.081498 [s]
table_fill_time 0.636909 [s]
program_time 3.32227 [s]
-------
bucket_split_time 0.550697 [s]
bucket_sort_time 0.682148 [s]
bucket_to_array_time 0.082592 [s]
table_fill_time 0.445872 [s]
program_time 1.82275 [s]
-------
bucket_split_time 0.578657 [s]
bucket_sort_time 0.713723 [s]
bucket_to_array_time 0.081615 [s]
table_fill_time 0.446888 [s]
program_time 1.88248 [s]
-------
bucket_split_time 0.860741 [s]
bucket_sort_time 1.10842 [s]
bucket_to_array_time 0.113837 [s]
table_fill_time 0.596081 [s]
program_time 2.76168 [s]
-------
bucket_split_time 0.589904 [s]
bucket_sort_time 0.67823 [s]
bucket_to_array_time 0.081938 [s]
table_fill_time 0.598207 [s]
program_time 2.01354 [s]
-------
bucket_split_time 0.370129 [s]
bucket_sort_time 0.679174 [s]
bucket_to_array_time 0.082082 [s]
table_fill_time 0.35353 [s]
program_time 1.54466 [s]
