-------
bucket_split_time 2.03297 [s]
bucket_sort_time 0.445025 [s]
bucket_to_array_time 0.274917 [s]
table_fill_time 1.07174 [s]
program_time 4.62075 [s]
-------
bucket_split_time 3.70465 [s]
bucket_sort_time 0.524252 [s]
bucket_to_array_time 0.273134 [s]
table_fill_time 1.0817 [s]
program_time 6.34866 [s]
-------
bucket_split_time 2.03786 [s]
bucket_sort_time 0.445502 [s]
bucket_to_array_time 0.273404 [s]
table_fill_time 1.00429 [s]
program_time 4.474 [s]
-------
bucket_split_time 3.46711 [s]
bucket_sort_time 0.446421 [s]
bucket_to_array_time 0.272656 [s]
table_fill_time 1.40132 [s]
program_time 6.2961 [s]
-------
bucket_split_time 2.78466 [s]
bucket_sort_time 0.453507 [s]
bucket_to_array_time 0.274038 [s]
table_fill_time 1.02034 [s]
program_time 5.35529 [s]
-------
bucket_split_time 2.57299 [s]
bucket_sort_time 0.445002 [s]
bucket_to_array_time 0.272316 [s]
table_fill_time 1.07394 [s]
program_time 5.12589 [s]
-------
bucket_split_time 2.79518 [s]
bucket_sort_time 0.448487 [s]
bucket_to_array_time 0.273824 [s]
table_fill_time 1.03743 [s]
program_time 5.37394 [s]
-------
bucket_split_time 2.53308 [s]
bucket_sort_time 0.445851 [s]
bucket_to_array_time 0.272761 [s]
table_fill_time 1.02462 [s]
program_time 5.0352 [s]
-------
bucket_split_time 2.75645 [s]
bucket_sort_time 0.44894 [s]
bucket_to_array_time 0.274761 [s]
table_fill_time 1.02518 [s]
program_time 5.24827 [s]
-------
bucket_split_time 2.47242 [s]
bucket_sort_time 0.446883 [s]
bucket_to_array_time 0.283089 [s]
table_fill_time 1.07899 [s]
program_time 5.03865 [s]
