-------
bucket_split_time 1.01831 [s]
bucket_sort_time 4.00274 [s]
bucket_to_array_time 0.314149 [s]
table_fill_time 2.27589 [s]
program_time 7.68551 [s]
-------
bucket_split_time 0.806481 [s]
bucket_sort_time 3.93811 [s]
bucket_to_array_time 0.311426 [s]
table_fill_time 2.17174 [s]
program_time 7.32923 [s]
-------
bucket_split_time 0.807275 [s]
bucket_sort_time 3.91495 [s]
bucket_to_array_time 0.314007 [s]
table_fill_time 2.20731 [s]
program_time 7.31459 [s]
-------
bucket_split_time 0.981637 [s]
bucket_sort_time 3.90606 [s]
bucket_to_array_time 0.38798 [s]
table_fill_time 2.29605 [s]
program_time 7.64465 [s]
-------
bucket_split_time 0.801045 [s]
bucket_sort_time 3.86448 [s]
bucket_to_array_time 0.311004 [s]
table_fill_time 2.17258 [s]
program_time 7.22161 [s]
-------
bucket_split_time 0.84811 [s]
bucket_sort_time 3.93659 [s]
bucket_to_array_time 0.313738 [s]
table_fill_time 2.27142 [s]
program_time 7.45951 [s]
-------
bucket_split_time 0.805285 [s]
bucket_sort_time 3.9825 [s]
bucket_to_array_time 0.311639 [s]
table_fill_time 2.27646 [s]
program_time 7.47527 [s]
-------
bucket_split_time 0.914698 [s]
bucket_sort_time 4.01326 [s]
bucket_to_array_time 0.334449 [s]
table_fill_time 2.2479 [s]
program_time 7.59288 [s]
-------
bucket_split_time 0.822165 [s]
bucket_sort_time 4.33878 [s]
bucket_to_array_time 0.316421 [s]
table_fill_time 2.11275 [s]
program_time 7.66158 [s]
-------
bucket_split_time 1.78379 [s]
bucket_sort_time 3.83068 [s]
bucket_to_array_time 0.315613 [s]
table_fill_time 2.20185 [s]
program_time 8.21145 [s]
