-------
bucket_split_time 0.761014 [s]
bucket_sort_time 3.70211 [s]
bucket_to_array_time 0.231165 [s]
table_fill_time 2.19936 [s]
program_time 6.93549 [s]
-------
bucket_split_time 0.743022 [s]
bucket_sort_time 3.71083 [s]
bucket_to_array_time 0.235902 [s]
table_fill_time 2.19952 [s]
program_time 6.93301 [s]
-------
bucket_split_time 0.744145 [s]
bucket_sort_time 3.7032 [s]
bucket_to_array_time 0.233844 [s]
table_fill_time 2.19602 [s]
program_time 6.91885 [s]
-------
bucket_split_time 0.747701 [s]
bucket_sort_time 3.70402 [s]
bucket_to_array_time 0.23133 [s]
table_fill_time 2.19896 [s]
program_time 6.92741 [s]
-------
bucket_split_time 0.741322 [s]
bucket_sort_time 3.70316 [s]
bucket_to_array_time 0.233 [s]
table_fill_time 2.20152 [s]
program_time 6.92111 [s]
-------
bucket_split_time 0.747365 [s]
bucket_sort_time 3.70302 [s]
bucket_to_array_time 0.235128 [s]
table_fill_time 2.19826 [s]
program_time 6.92599 [s]
-------
bucket_split_time 0.749301 [s]
bucket_sort_time 3.70834 [s]
bucket_to_array_time 0.232677 [s]
table_fill_time 2.19869 [s]
program_time 6.93309 [s]
-------
bucket_split_time 0.766921 [s]
bucket_sort_time 3.70302 [s]
bucket_to_array_time 0.231513 [s]
table_fill_time 2.20307 [s]
program_time 6.94892 [s]
-------
bucket_split_time 0.76378 [s]
bucket_sort_time 3.70391 [s]
bucket_to_array_time 0.234324 [s]
table_fill_time 2.20284 [s]
program_time 6.94709 [s]
-------
bucket_split_time 0.751545 [s]
bucket_sort_time 3.70158 [s]
bucket_to_array_time 0.233744 [s]
table_fill_time 2.19595 [s]
program_time 6.92835 [s]
