-------
-------
bucket_split_time 0.985328 [s]
bucket_sort_time 3.98344 [s]
bucket_to_array_time 0.233408 [s]
table_fill_time 1.02973 [s]
program_time 6.27775 [s]
-------
bucket_split_time 0.52001 [s]
bucket_sort_time 3.77507 [s]
bucket_to_array_time 0.23112 [s]
table_fill_time 1.11265 [s]
program_time 5.68508 [s]
-------
bucket_split_time 0.486437 [s]
bucket_sort_time 4.07513 [s]
bucket_to_array_time 0.232324 [s]
table_fill_time 1.08745 [s]
program_time 5.92562 [s]
-------
bucket_split_time 0.469797 [s]
bucket_sort_time 3.89882 [s]
bucket_to_array_time 0.238673 [s]
table_fill_time 1.08572 [s]
program_time 5.76293 [s]
-------
bucket_split_time 0.634876 [s]
bucket_sort_time 3.98378 [s]
bucket_to_array_time 0.234765 [s]
table_fill_time 1.48165 [s]
program_time 6.40226 [s]
-------
-------
bucket_split_time 0.44431 [s]
bucket_sort_time 3.91828 [s]
bucket_to_array_time 0.231186 [s]
table_fill_time 1.54304 [s]
program_time 6.18171 [s]
-------
-------
bucket_split_time 0.528912 [s]
bucket_sort_time 4.11962 [s]
bucket_to_array_time 0.241625 [s]
table_fill_time 1.56558 [s]
program_time 6.51474 [s]
