-------
bucket_split_time 2.54869 [s]
bucket_sort_time 3.65091 [s]
bucket_to_array_time 0.483701 [s]
table_fill_time 1.70761 [s]
program_time 8.775 [s]
-------
bucket_split_time 3.98231 [s]
bucket_sort_time 3.36036 [s]
bucket_to_array_time 0.409199 [s]
table_fill_time 1.78462 [s]
program_time 9.8845 [s]
-------
bucket_split_time 2.56119 [s]
bucket_sort_time 3.36661 [s]
bucket_to_array_time 0.410451 [s]
table_fill_time 1.68111 [s]
program_time 8.3667 [s]
-------
bucket_split_time 2.56983 [s]
bucket_sort_time 3.38389 [s]
bucket_to_array_time 0.407932 [s]
table_fill_time 1.77063 [s]
program_time 8.47433 [s]
-------
bucket_split_time 2.5582 [s]
bucket_sort_time 4.00677 [s]
bucket_to_array_time 0.410829 [s]
table_fill_time 1.84889 [s]
program_time 9.16513 [s]
-------
bucket_split_time 2.606 [s]
bucket_sort_time 3.37493 [s]
bucket_to_array_time 0.410629 [s]
table_fill_time 2.51111 [s]
program_time 9.25478 [s]
-------
bucket_split_time 3.32678 [s]
bucket_sort_time 3.36296 [s]
bucket_to_array_time 0.407094 [s]
table_fill_time 2.00426 [s]
program_time 9.45462 [s]
-------
bucket_split_time 4.16542 [s]
bucket_sort_time 3.36368 [s]
bucket_to_array_time 0.410838 [s]
table_fill_time 1.75938 [s]
program_time 10.0389 [s]
-------
bucket_split_time 2.56605 [s]
bucket_sort_time 3.70942 [s]
bucket_to_array_time 0.409019 [s]
table_fill_time 1.71789 [s]
program_time 8.74726 [s]
-------
bucket_split_time 2.56706 [s]
bucket_sort_time 3.36069 [s]
bucket_to_array_time 0.409157 [s]
table_fill_time 1.7332 [s]
program_time 8.41783 [s]
