-------
bucket_split_time 0.081383 [s]
bucket_sort_time 0.24063 [s]
bucket_to_array_time 0.032549 [s]
table_fill_time 0.18693 [s]
program_time 0.547207 [s]
-------
bucket_split_time 0.080694 [s]
bucket_sort_time 0.240565 [s]
bucket_to_array_time 0.03248 [s]
table_fill_time 0.187478 [s]
program_time 0.547486 [s]
-------
bucket_split_time 0.079226 [s]
bucket_sort_time 0.24006 [s]
bucket_to_array_time 0.032555 [s]
table_fill_time 0.183993 [s]
program_time 0.539329 [s]
-------
bucket_split_time 0.079605 [s]
bucket_sort_time 0.240309 [s]
bucket_to_array_time 0.033546 [s]
table_fill_time 0.185069 [s]
program_time 0.544383 [s]
-------
bucket_split_time 0.082277 [s]
bucket_sort_time 0.240791 [s]
bucket_to_array_time 0.032606 [s]
table_fill_time 0.184678 [s]
program_time 0.54637 [s]
-------
bucket_split_time 0.080588 [s]
bucket_sort_time 0.240669 [s]
bucket_to_array_time 0.031944 [s]
table_fill_time 0.184742 [s]
program_time 0.541449 [s]
-------
bucket_split_time 0.079221 [s]
bucket_sort_time 0.240312 [s]
bucket_to_array_time 0.032314 [s]
table_fill_time 0.183771 [s]
program_time 0.538971 [s]
-------
bucket_split_time 0.079485 [s]
bucket_sort_time 0.240422 [s]
bucket_to_array_time 0.032328 [s]
table_fill_time 0.185085 [s]
program_time 0.543083 [s]
-------
bucket_split_time 0.079962 [s]
bucket_sort_time 0.239985 [s]
bucket_to_array_time 0.032281 [s]
table_fill_time 0.185115 [s]
program_time 0.54316 [s]
-------
bucket_split_time 0.079611 [s]
bucket_sort_time 0.240153 [s]
bucket_to_array_time 0.031771 [s]
table_fill_time 0.187267 [s]
program_time 0.542448 [s]
