-------
bucket_split_time 0.515195 [s]
bucket_sort_time 0.092604 [s]
bucket_to_array_time 0.029822 [s]
table_fill_time 0.12716 [s]
program_time 0.828856 [s]
-------
bucket_split_time 0.483743 [s]
bucket_sort_time 0.094186 [s]
bucket_to_array_time 0.030146 [s]
table_fill_time 0.116841 [s]
program_time 0.792111 [s]
-------
bucket_split_time 0.498946 [s]
bucket_sort_time 0.16487 [s]
bucket_to_array_time 0.050183 [s]
table_fill_time 0.120421 [s]
program_time 0.90387 [s]
-------
bucket_split_time 0.806312 [s]
bucket_sort_time 0.092834 [s]
bucket_to_array_time 0.030281 [s]
table_fill_time 0.167197 [s]
program_time 1.16106 [s]
-------
bucket_split_time 0.865032 [s]
bucket_sort_time 0.137363 [s]
bucket_to_array_time 0.061889 [s]
table_fill_time 0.173499 [s]
program_time 1.31679 [s]
-------
bucket_split_time 1.08883 [s]
bucket_sort_time 0.096974 [s]
bucket_to_array_time 0.033714 [s]
table_fill_time 0.157821 [s]
program_time 1.44676 [s]
-------
bucket_split_time 0.47029 [s]
bucket_sort_time 0.093831 [s]
bucket_to_array_time 0.030699 [s]
table_fill_time 0.1251 [s]
program_time 0.785031 [s]
-------
bucket_split_time 0.47795 [s]
bucket_sort_time 0.091997 [s]
bucket_to_array_time 0.029699 [s]
table_fill_time 0.125566 [s]
program_time 0.789431 [s]
-------
bucket_split_time 0.520019 [s]
bucket_sort_time 0.093494 [s]
bucket_to_array_time 0.030383 [s]
table_fill_time 0.127585 [s]
program_time 0.837321 [s]
-------
bucket_split_time 0.545678 [s]
bucket_sort_time 0.09309 [s]
bucket_to_array_time 0.030221 [s]
table_fill_time 0.123348 [s]
program_time 0.857544 [s]
