-------
bucket_split_time 2.07538 [s]
bucket_sort_time 2.01965 [s]
bucket_to_array_time 0.246142 [s]
table_fill_time 1.05165 [s]
program_time 5.62699 [s]
-------
bucket_split_time 2.05044 [s]
bucket_sort_time 2.00885 [s]
bucket_to_array_time 0.24567 [s]
table_fill_time 1.02681 [s]
program_time 5.57764 [s]
-------
bucket_split_time 2.03654 [s]
bucket_sort_time 2.01561 [s]
bucket_to_array_time 0.246309 [s]
table_fill_time 0.973616 [s]
program_time 5.50324 [s]
-------
bucket_split_time 2.02311 [s]
bucket_sort_time 2.01334 [s]
bucket_to_array_time 0.24516 [s]
table_fill_time 1.10813 [s]
program_time 5.63389 [s]
-------
bucket_split_time 2.10783 [s]
bucket_sort_time 2.01143 [s]
bucket_to_array_time 0.243926 [s]
table_fill_time 1.21486 [s]
program_time 5.81911 [s]
-------
bucket_split_time 1.98596 [s]
bucket_sort_time 2.02165 [s]
bucket_to_array_time 0.249737 [s]
table_fill_time 1.12899 [s]
program_time 5.62674 [s]
-------
bucket_split_time 2.0791 [s]
bucket_sort_time 2.00847 [s]
bucket_to_array_time 0.245595 [s]
table_fill_time 1.09103 [s]
program_time 5.67252 [s]
-------
bucket_split_time 2.0266 [s]
bucket_sort_time 2.013 [s]
bucket_to_array_time 0.246109 [s]
table_fill_time 1.02508 [s]
program_time 5.54187 [s]
-------
bucket_split_time 2.03747 [s]
bucket_sort_time 2.01845 [s]
bucket_to_array_time 0.243785 [s]
table_fill_time 1.09208 [s]
program_time 5.63307 [s]
-------
bucket_split_time 2.11137 [s]
bucket_sort_time 2.01321 [s]
bucket_to_array_time 0.24691 [s]
table_fill_time 1.00181 [s]
program_time 5.61018 [s]
