-------
bucket_split_time 10.251 [s]
bucket_sort_time 1.81338 [s]
bucket_to_array_time 0.594525 [s]
table_fill_time 1.71532 [s]
program_time 16.7562 [s]
-------
bucket_split_time 12.0895 [s]
bucket_sort_time 1.80155 [s]
bucket_to_array_time 0.590043 [s]
table_fill_time 1.93325 [s]
program_time 18.7231 [s]
-------
bucket_split_time 10.0009 [s]
bucket_sort_time 1.8103 [s]
bucket_to_array_time 0.594174 [s]
table_fill_time 1.41306 [s]
program_time 16.1389 [s]
-------
bucket_split_time 10.0181 [s]
bucket_sort_time 1.80709 [s]
bucket_to_array_time 0.595163 [s]
table_fill_time 1.3911 [s]
program_time 16.1173 [s]
-------
bucket_split_time 10.0825 [s]
bucket_sort_time 1.84737 [s]
bucket_to_array_time 0.593861 [s]
table_fill_time 1.35673 [s]
program_time 16.3553 [s]
-------
bucket_split_time 10.9702 [s]
bucket_sort_time 1.80275 [s]
bucket_to_array_time 0.592602 [s]
table_fill_time 2.08718 [s]
program_time 18.0345 [s]
-------
bucket_split_time 10.0463 [s]
bucket_sort_time 1.80927 [s]
bucket_to_array_time 0.594307 [s]
table_fill_time 1.71925 [s]
program_time 16.4869 [s]
-------
bucket_split_time 10.0108 [s]
bucket_sort_time 1.80919 [s]
bucket_to_array_time 0.596404 [s]
table_fill_time 1.33407 [s]
program_time 16.0667 [s]
-------
bucket_split_time 9.95809 [s]
bucket_sort_time 1.8069 [s]
bucket_to_array_time 0.595914 [s]
table_fill_time 1.33072 [s]
program_time 15.9895 [s]
-------
bucket_split_time 10.0828 [s]
bucket_sort_time 1.81027 [s]
bucket_to_array_time 0.597065 [s]
table_fill_time 1.44214 [s]
program_time 16.2519 [s]
