-------
bucket_split_time 1.37367 [s]
bucket_sort_time 4.89209 [s]
bucket_to_array_time 0.520571 [s]
table_fill_time 1.93595 [s]
program_time 8.77702 [s]
-------
bucket_split_time 1.35854 [s]
bucket_sort_time 4.91649 [s]
bucket_to_array_time 0.525018 [s]
table_fill_time 1.61225 [s]
program_time 8.46176 [s]
-------
bucket_split_time 1.37809 [s]
bucket_sort_time 4.88073 [s]
bucket_to_array_time 0.521954 [s]
table_fill_time 1.60516 [s]
program_time 8.4374 [s]
-------
bucket_split_time 1.38745 [s]
bucket_sort_time 4.89907 [s]
bucket_to_array_time 0.521353 [s]
table_fill_time 1.54388 [s]
program_time 8.404 [s]
-------
bucket_split_time 1.39515 [s]
bucket_sort_time 4.92872 [s]
bucket_to_array_time 0.523267 [s]
table_fill_time 2.13202 [s]
program_time 9.03219 [s]
-------
bucket_split_time 1.3959 [s]
bucket_sort_time 4.89548 [s]
bucket_to_array_time 0.519351 [s]
table_fill_time 1.76394 [s]
program_time 8.62865 [s]
-------
bucket_split_time 1.36394 [s]
bucket_sort_time 4.9125 [s]
bucket_to_array_time 0.525011 [s]
table_fill_time 1.94078 [s]
program_time 8.79418 [s]
-------
bucket_split_time 1.34709 [s]
bucket_sort_time 4.90461 [s]
bucket_to_array_time 0.523995 [s]
table_fill_time 1.61722 [s]
program_time 8.44497 [s]
-------
bucket_split_time 1.34786 [s]
bucket_sort_time 4.90404 [s]
bucket_to_array_time 0.524941 [s]
table_fill_time 1.68347 [s]
program_time 8.51089 [s]
-------
bucket_split_time 1.34568 [s]
bucket_sort_time 4.91857 [s]
bucket_to_array_time 0.523296 [s]
table_fill_time 1.5753 [s]
program_time 8.41163 [s]
