-------
bucket_split_time 0.582395 [s]
bucket_sort_time 0.875543 [s]
bucket_to_array_time 0.066734 [s]
table_fill_time 0.583907 [s]
program_time 2.13454 [s]
-------
bucket_split_time 0.416362 [s]
bucket_sort_time 0.615419 [s]
bucket_to_array_time 0.066341 [s]
table_fill_time 0.577497 [s]
program_time 1.70177 [s]
-------
bucket_split_time 0.398544 [s]
bucket_sort_time 0.614703 [s]
bucket_to_array_time 0.068244 [s]
table_fill_time 0.542603 [s]
program_time 1.65012 [s]
-------
bucket_split_time 0.392465 [s]
bucket_sort_time 0.614762 [s]
bucket_to_array_time 0.068689 [s]
table_fill_time 0.526248 [s]
program_time 1.62725 [s]
-------
bucket_split_time 0.391995 [s]
bucket_sort_time 0.613804 [s]
bucket_to_array_time 0.068041 [s]
table_fill_time 0.525135 [s]
program_time 1.62462 [s]
-------
bucket_split_time 0.391441 [s]
bucket_sort_time 0.616794 [s]
bucket_to_array_time 0.067262 [s]
table_fill_time 0.541888 [s]
program_time 1.64242 [s]
-------
bucket_split_time 0.391428 [s]
bucket_sort_time 0.615026 [s]
bucket_to_array_time 0.066779 [s]
table_fill_time 0.53902 [s]
program_time 1.63821 [s]
-------
bucket_split_time 0.392259 [s]
bucket_sort_time 0.615304 [s]
bucket_to_array_time 0.067463 [s]
table_fill_time 0.588296 [s]
program_time 1.68939 [s]
-------
bucket_split_time 0.392919 [s]
bucket_sort_time 0.616079 [s]
bucket_to_array_time 0.065138 [s]
table_fill_time 0.520884 [s]
program_time 1.62002 [s]
-------
bucket_split_time 0.392361 [s]
bucket_sort_time 0.614043 [s]
bucket_to_array_time 0.071554 [s]
table_fill_time 0.529251 [s]
program_time 1.63318 [s]
