-------
bucket_split_time 0.40555 [s]
bucket_sort_time 0.379776 [s]
bucket_to_array_time 0.055897 [s]
table_fill_time 0.354933 [s]
program_time 1.21053 [s]
-------
bucket_split_time 0.406657 [s]
bucket_sort_time 0.364692 [s]
bucket_to_array_time 0.052647 [s]
table_fill_time 0.439363 [s]
program_time 1.2777 [s]
-------
bucket_split_time 0.332974 [s]
bucket_sort_time 0.361362 [s]
bucket_to_array_time 0.047607 [s]
table_fill_time 0.33322 [s]
program_time 1.08899 [s]
-------
bucket_split_time 0.318093 [s]
bucket_sort_time 0.427184 [s]
bucket_to_array_time 0.071437 [s]
table_fill_time 0.370394 [s]
program_time 1.20131 [s]
-------
bucket_split_time 0.361169 [s]
bucket_sort_time 0.369061 [s]
bucket_to_array_time 0.052322 [s]
table_fill_time 0.401744 [s]
program_time 1.19875 [s]
-------
bucket_split_time 0.317443 [s]
bucket_sort_time 0.365242 [s]
bucket_to_array_time 0.054595 [s]
table_fill_time 0.399189 [s]
program_time 1.15081 [s]
-------
bucket_split_time 0.334963 [s]
bucket_sort_time 0.307775 [s]
bucket_to_array_time 0.069619 [s]
table_fill_time 0.378443 [s]
program_time 1.10607 [s]
-------
bucket_split_time 0.438207 [s]
bucket_sort_time 0.292175 [s]
bucket_to_array_time 0.033153 [s]
table_fill_time 0.399343 [s]
program_time 1.17748 [s]
-------
bucket_split_time 0.335376 [s]
bucket_sort_time 0.365657 [s]
bucket_to_array_time 0.054077 [s]
table_fill_time 0.384717 [s]
program_time 1.15376 [s]
-------
bucket_split_time 0.335138 [s]
bucket_sort_time 0.360736 [s]
bucket_to_array_time 0.053389 [s]
table_fill_time 0.351319 [s]
program_time 1.11411 [s]
