-------
bucket_split_time 2.87523 [s]
bucket_sort_time 0.664338 [s]
bucket_to_array_time 0.386702 [s]
table_fill_time 1.47108 [s]
program_time 6.15124 [s]
-------
bucket_split_time 2.76069 [s]
bucket_sort_time 0.65912 [s]
bucket_to_array_time 0.394873 [s]
table_fill_time 1.47824 [s]
program_time 6.13585 [s]
-------
bucket_split_time 2.8264 [s]
bucket_sort_time 0.669006 [s]
bucket_to_array_time 0.400357 [s]
table_fill_time 1.45076 [s]
program_time 6.10554 [s]
-------
bucket_split_time 2.79458 [s]
bucket_sort_time 0.667878 [s]
bucket_to_array_time 0.400058 [s]
table_fill_time 1.46886 [s]
program_time 6.11576 [s]
-------
bucket_split_time 2.78096 [s]
bucket_sort_time 0.669498 [s]
bucket_to_array_time 0.405545 [s]
table_fill_time 1.42921 [s]
program_time 6.07958 [s]
-------
bucket_split_time 2.78425 [s]
bucket_sort_time 0.675662 [s]
bucket_to_array_time 0.405466 [s]
table_fill_time 1.4923 [s]
program_time 6.13687 [s]
-------
bucket_split_time 2.80366 [s]
bucket_sort_time 0.67668 [s]
bucket_to_array_time 0.402486 [s]
table_fill_time 1.46392 [s]
program_time 6.1109 [s]
-------
bucket_split_time 2.89691 [s]
bucket_sort_time 0.670284 [s]
bucket_to_array_time 0.399589 [s]
table_fill_time 1.48534 [s]
program_time 6.21585 [s]
-------
bucket_split_time 2.81785 [s]
bucket_sort_time 0.665639 [s]
bucket_to_array_time 0.400301 [s]
table_fill_time 1.44332 [s]
program_time 6.09166 [s]
-------
bucket_split_time 2.85285 [s]
bucket_sort_time 0.667732 [s]
bucket_to_array_time 0.398824 [s]
table_fill_time 1.50437 [s]
program_time 6.28793 [s]
