-------
bucket_split_time 4.90939 [s]
bucket_sort_time 1.33283 [s]
bucket_to_array_time 0.794523 [s]
table_fill_time 2.19658 [s]
program_time 10.1501 [s]
-------
bucket_split_time 4.9428 [s]
bucket_sort_time 1.36279 [s]
bucket_to_array_time 0.795599 [s]
table_fill_time 2.19558 [s]
program_time 10.2004 [s]
-------
bucket_split_time 5.00384 [s]
bucket_sort_time 1.32875 [s]
bucket_to_array_time 0.792632 [s]
table_fill_time 2.19823 [s]
program_time 10.2375 [s]
-------
bucket_split_time 4.903 [s]
bucket_sort_time 1.33325 [s]
bucket_to_array_time 0.793201 [s]
table_fill_time 2.19894 [s]
program_time 10.1357 [s]
-------
bucket_split_time 4.92889 [s]
bucket_sort_time 1.32909 [s]
bucket_to_array_time 0.795393 [s]
table_fill_time 2.1993 [s]
program_time 10.1703 [s]
-------
bucket_split_time 4.9003 [s]
bucket_sort_time 1.33012 [s]
bucket_to_array_time 0.793263 [s]
table_fill_time 2.19806 [s]
program_time 10.1295 [s]
-------
bucket_split_time 4.96818 [s]
bucket_sort_time 1.33976 [s]
bucket_to_array_time 0.809987 [s]
table_fill_time 2.19404 [s]
program_time 10.2343 [s]
-------
bucket_split_time 4.92 [s]
bucket_sort_time 1.33003 [s]
bucket_to_array_time 0.794457 [s]
table_fill_time 2.19619 [s]
program_time 10.1439 [s]
-------
bucket_split_time 4.87781 [s]
bucket_sort_time 1.3424 [s]
bucket_to_array_time 0.806673 [s]
table_fill_time 2.1976 [s]
program_time 10.1327 [s]
-------
bucket_split_time 4.83982 [s]
bucket_sort_time 1.33184 [s]
bucket_to_array_time 0.793268 [s]
table_fill_time 2.19663 [s]
program_time 10.0651 [s]
