-------
bucket_split_time 0.396143 [s]
bucket_sort_time 0.74141 [s]
bucket_to_array_time 0.019603 [s]
table_fill_time 0.126552 [s]
program_time 1.29447 [s]
-------
bucket_split_time 0.401692 [s]
bucket_sort_time 0.686839 [s]
bucket_to_array_time 0.019603 [s]
table_fill_time 0.131696 [s]
program_time 1.25197 [s]
-------
bucket_split_time 0.372852 [s]
bucket_sort_time 0.666752 [s]
bucket_to_array_time 0.022296 [s]
table_fill_time 0.128165 [s]
program_time 1.20077 [s]
-------
bucket_split_time 0.39464 [s]
bucket_sort_time 0.684742 [s]
bucket_to_array_time 0.019617 [s]
table_fill_time 0.12448 [s]
program_time 1.23557 [s]
-------
bucket_split_time 0.395337 [s]
bucket_sort_time 0.667928 [s]
bucket_to_array_time 0.025271 [s]
table_fill_time 0.127826 [s]
program_time 1.22712 [s]
-------
bucket_split_time 0.401254 [s]
bucket_sort_time 0.666995 [s]
bucket_to_array_time 0.019639 [s]
table_fill_time 0.139385 [s]
program_time 1.23937 [s]
-------
bucket_split_time 0.377205 [s]
bucket_sort_time 0.691849 [s]
bucket_to_array_time 0.020533 [s]
table_fill_time 0.143825 [s]
program_time 1.24537 [s]
-------
bucket_split_time 0.368386 [s]
bucket_sort_time 0.663727 [s]
bucket_to_array_time 0.019611 [s]
table_fill_time 0.123766 [s]
program_time 1.18788 [s]
-------
bucket_split_time 0.403072 [s]
bucket_sort_time 0.668617 [s]
bucket_to_array_time 0.019671 [s]
table_fill_time 0.124083 [s]
program_time 1.226 [s]
-------
bucket_split_time 0.389516 [s]
bucket_sort_time 0.704683 [s]
bucket_to_array_time 0.019558 [s]
table_fill_time 0.127738 [s]
program_time 1.2576 [s]
