-------
bucket_split_time 0.061491 [s]
bucket_sort_time 0.240843 [s]
bucket_to_array_time 0.021356 [s]
table_fill_time 0.12655 [s]
program_time 0.455416 [s]
-------
bucket_split_time 0.05967 [s]
bucket_sort_time 0.241053 [s]
bucket_to_array_time 0.021339 [s]
table_fill_time 0.126199 [s]
program_time 0.453265 [s]
-------
bucket_split_time 0.06185 [s]
bucket_sort_time 0.244463 [s]
bucket_to_array_time 0.025861 [s]
table_fill_time 0.129505 [s]
program_time 0.472228 [s]
-------
bucket_split_time 0.092439 [s]
bucket_sort_time 0.254604 [s]
bucket_to_array_time 0.027146 [s]
table_fill_time 0.141676 [s]
program_time 0.524299 [s]
-------
bucket_split_time 0.068443 [s]
bucket_sort_time 0.245661 [s]
bucket_to_array_time 0.025545 [s]
table_fill_time 0.136178 [s]
program_time 0.48302 [s]
-------
bucket_split_time 1.3362 [s]
bucket_sort_time 0.26482 [s]
bucket_to_array_time 0.041104 [s]
table_fill_time 0.134526 [s]
program_time 1.78289 [s]
-------
bucket_split_time 0.33855 [s]
bucket_sort_time 0.2401 [s]
bucket_to_array_time 0.024517 [s]
table_fill_time 0.184861 [s]
program_time 0.796269 [s]
-------
bucket_split_time 0.061567 [s]
bucket_sort_time 0.241318 [s]
bucket_to_array_time 0.021229 [s]
table_fill_time 0.134079 [s]
program_time 0.46433 [s]
-------
bucket_split_time 0.058528 [s]
bucket_sort_time 0.240921 [s]
bucket_to_array_time 0.021216 [s]
table_fill_time 0.126039 [s]
program_time 0.45182 [s]
-------
bucket_split_time 0.059889 [s]
bucket_sort_time 0.241137 [s]
bucket_to_array_time 0.021235 [s]
table_fill_time 0.119003 [s]
program_time 0.449074 [s]
