-------
bucket_split_time 5.17564 [s]
bucket_sort_time 0.73828 [s]
bucket_to_array_time 0.249105 [s]
table_fill_time 1.02117 [s]
program_time 7.88549 [s]
-------
bucket_split_time 3.63507 [s]
bucket_sort_time 0.776961 [s]
bucket_to_array_time 0.240336 [s]
table_fill_time 0.968583 [s]
program_time 6.3419 [s]
-------
bucket_split_time 3.93304 [s]
bucket_sort_time 0.760258 [s]
bucket_to_array_time 0.239983 [s]
table_fill_time 0.691606 [s]
program_time 6.33926 [s]
-------
bucket_split_time 4.37965 [s]
bucket_sort_time 0.758655 [s]
bucket_to_array_time 0.242198 [s]
table_fill_time 0.673895 [s]
program_time 6.81723 [s]
-------
bucket_split_time 4.87999 [s]
bucket_sort_time 0.737095 [s]
bucket_to_array_time 0.245083 [s]
table_fill_time 0.859148 [s]
program_time 7.52858 [s]
-------
bucket_split_time 4.76709 [s]
bucket_sort_time 0.73925 [s]
bucket_to_array_time 0.245164 [s]
table_fill_time 0.746118 [s]
program_time 7.21182 [s]
-------
bucket_split_time 5.0626 [s]
bucket_sort_time 0.805634 [s]
bucket_to_array_time 0.24291 [s]
table_fill_time 0.765927 [s]
program_time 7.59329 [s]
-------
bucket_split_time 5.09422 [s]
bucket_sort_time 0.743537 [s]
bucket_to_array_time 0.294721 [s]
table_fill_time 0.984037 [s]
program_time 7.90617 [s]
-------
bucket_split_time 6.03036 [s]
bucket_sort_time 0.742271 [s]
bucket_to_array_time 0.267475 [s]
table_fill_time 0.940505 [s]
program_time 9.04286 [s]
-------
bucket_split_time 5.11737 [s]
bucket_sort_time 0.759947 [s]
bucket_to_array_time 0.244766 [s]
table_fill_time 0.992075 [s]
program_time 7.85879 [s]
