-------
bucket_split_time 0.073057 [s]
bucket_sort_time 0.085607 [s]
bucket_to_array_time 0.016548 [s]
table_fill_time 0.126082 [s]
program_time 0.310113 [s]
-------
bucket_split_time 0.07527 [s]
bucket_sort_time 0.08693 [s]
bucket_to_array_time 0.016755 [s]
table_fill_time 0.130249 [s]
program_time 0.316568 [s]
-------
bucket_split_time 0.107717 [s]
bucket_sort_time 0.087021 [s]
bucket_to_array_time 0.018226 [s]
table_fill_time 0.188682 [s]
program_time 0.409548 [s]
-------
bucket_split_time 0.080737 [s]
bucket_sort_time 0.087458 [s]
bucket_to_array_time 0.016808 [s]
table_fill_time 0.125961 [s]
program_time 0.322288 [s]
-------
bucket_split_time 0.073348 [s]
bucket_sort_time 0.084685 [s]
bucket_to_array_time 0.016232 [s]
table_fill_time 0.125101 [s]
program_time 0.306722 [s]
-------
bucket_split_time 0.073295 [s]
bucket_sort_time 0.084933 [s]
bucket_to_array_time 0.016459 [s]
table_fill_time 0.12396 [s]
program_time 0.305792 [s]
-------
bucket_split_time 0.073383 [s]
bucket_sort_time 0.085448 [s]
bucket_to_array_time 0.019514 [s]
table_fill_time 0.124395 [s]
program_time 0.3109 [s]
-------
bucket_split_time 0.262343 [s]
bucket_sort_time 0.086337 [s]
bucket_to_array_time 0.018476 [s]
table_fill_time 0.127421 [s]
program_time 0.504254 [s]
-------
bucket_split_time 0.075857 [s]
bucket_sort_time 0.08504 [s]
bucket_to_array_time 0.016212 [s]
table_fill_time 0.12256 [s]
program_time 0.307013 [s]
-------
bucket_split_time 0.072895 [s]
bucket_sort_time 0.084819 [s]
bucket_to_array_time 0.016211 [s]
table_fill_time 0.123767 [s]
program_time 0.304736 [s]
