-------
bucket_split_time 0.57978 [s]
bucket_sort_time 2.8725 [s]
bucket_to_array_time 0.232453 [s]
table_fill_time 1.43552 [s]
program_time 5.17462 [s]
-------
bucket_split_time 0.580952 [s]
bucket_sort_time 2.87048 [s]
bucket_to_array_time 0.232877 [s]
table_fill_time 1.43972 [s]
program_time 5.17851 [s]
-------
bucket_split_time 0.598045 [s]
bucket_sort_time 2.8793 [s]
bucket_to_array_time 0.23417 [s]
table_fill_time 1.48666 [s]
program_time 5.2496 [s]
-------
bucket_split_time 0.586916 [s]
bucket_sort_time 2.86933 [s]
bucket_to_array_time 0.23422 [s]
table_fill_time 1.47069 [s]
program_time 5.21381 [s]
-------
bucket_split_time 0.56548 [s]
bucket_sort_time 2.87548 [s]
bucket_to_array_time 0.233063 [s]
table_fill_time 1.52565 [s]
program_time 5.2497 [s]
-------
bucket_split_time 0.570491 [s]
bucket_sort_time 2.86641 [s]
bucket_to_array_time 0.232089 [s]
table_fill_time 1.46387 [s]
program_time 5.18813 [s]
-------
bucket_split_time 0.588609 [s]
bucket_sort_time 2.87355 [s]
bucket_to_array_time 0.234859 [s]
table_fill_time 1.46358 [s]
program_time 5.21295 [s]
-------
bucket_split_time 0.570414 [s]
bucket_sort_time 2.86949 [s]
bucket_to_array_time 0.234629 [s]
table_fill_time 1.48269 [s]
program_time 5.20932 [s]
-------
bucket_split_time 0.577835 [s]
bucket_sort_time 2.87448 [s]
bucket_to_array_time 0.234656 [s]
table_fill_time 1.44724 [s]
program_time 5.18805 [s]
-------
bucket_split_time 0.571946 [s]
bucket_sort_time 2.87367 [s]
bucket_to_array_time 0.233582 [s]
table_fill_time 1.50098 [s]
program_time 5.236 [s]
