-------
bucket_split_time 0.030781 [s]
bucket_sort_time 0.314565 [s]
bucket_to_array_time 0.021322 [s]
table_fill_time 0.128781 [s]
program_time 0.503125 [s]
-------
bucket_split_time 0.032811 [s]
bucket_sort_time 0.311346 [s]
bucket_to_array_time 0.023297 [s]
table_fill_time 0.181683 [s]
program_time 0.555598 [s]
-------
bucket_split_time 0.03165 [s]
bucket_sort_time 0.390444 [s]
bucket_to_array_time 0.028743 [s]
table_fill_time 0.13796 [s]
program_time 0.592272 [s]
-------
bucket_split_time 0.031219 [s]
bucket_sort_time 0.309169 [s]
bucket_to_array_time 0.019444 [s]
table_fill_time 0.156204 [s]
program_time 0.52147 [s]
-------
bucket_split_time 0.856317 [s]
bucket_sort_time 0.380674 [s]
bucket_to_array_time 0.021563 [s]
table_fill_time 0.240098 [s]
program_time 1.50431 [s]
-------
bucket_split_time 0.106812 [s]
bucket_sort_time 0.435534 [s]
bucket_to_array_time 0.042468 [s]
table_fill_time 0.22072 [s]
program_time 0.809081 [s]
-------
bucket_split_time 0.032972 [s]
bucket_sort_time 0.308638 [s]
bucket_to_array_time 0.019502 [s]
table_fill_time 0.158377 [s]
program_time 0.523513 [s]
-------
bucket_split_time 0.030139 [s]
bucket_sort_time 0.309803 [s]
bucket_to_array_time 0.01921 [s]
table_fill_time 0.122083 [s]
program_time 0.486905 [s]
-------
bucket_split_time 0.029996 [s]
bucket_sort_time 0.309304 [s]
bucket_to_array_time 0.019269 [s]
table_fill_time 0.123078 [s]
program_time 0.487144 [s]
-------
bucket_split_time 0.03015 [s]
bucket_sort_time 0.308737 [s]
bucket_to_array_time 0.019309 [s]
table_fill_time 0.125893 [s]
program_time 0.4895 [s]
