-------
bucket_split_time 0.697272 [s]
bucket_sort_time 1.02783 [s]
bucket_to_array_time 0.13041 [s]
table_fill_time 0.971829 [s]
program_time 2.85612 [s]
-------
bucket_split_time 0.526716 [s]
bucket_sort_time 0.962761 [s]
bucket_to_array_time 0.130185 [s]
table_fill_time 0.981866 [s]
program_time 2.62999 [s]
-------
bucket_split_time 0.523392 [s]
bucket_sort_time 0.960136 [s]
bucket_to_array_time 0.130097 [s]
table_fill_time 0.951776 [s]
program_time 2.59424 [s]
-------
bucket_split_time 0.529687 [s]
bucket_sort_time 1.00036 [s]
bucket_to_array_time 0.245283 [s]
table_fill_time 0.980799 [s]
program_time 2.78441 [s]
-------
bucket_split_time 0.531319 [s]
bucket_sort_time 0.961472 [s]
bucket_to_array_time 0.130831 [s]
table_fill_time 1.01252 [s]
program_time 2.6651 [s]
-------
bucket_split_time 0.928792 [s]
bucket_sort_time 0.960587 [s]
bucket_to_array_time 0.131159 [s]
table_fill_time 0.974238 [s]
program_time 3.02542 [s]
-------
bucket_split_time 0.522785 [s]
bucket_sort_time 0.997603 [s]
bucket_to_array_time 0.23099 [s]
table_fill_time 0.978598 [s]
program_time 2.75717 [s]
-------
bucket_split_time 0.537993 [s]
bucket_sort_time 0.962726 [s]
bucket_to_array_time 0.131231 [s]
table_fill_time 0.984872 [s]
program_time 2.64795 [s]
-------
bucket_split_time 0.587937 [s]
bucket_sort_time 1.06623 [s]
bucket_to_array_time 0.131016 [s]
table_fill_time 0.972259 [s]
program_time 2.78544 [s]
-------
bucket_split_time 0.530302 [s]
bucket_sort_time 0.960171 [s]
bucket_to_array_time 0.130143 [s]
table_fill_time 0.972549 [s]
program_time 2.62184 [s]
