-------
bucket_split_time 0.904654 [s]
bucket_sort_time 0.95145 [s]
bucket_to_array_time 0.190147 [s]
table_fill_time 0.805423 [s]
program_time 2.89118 [s]
-------
bucket_split_time 0.875204 [s]
bucket_sort_time 1.36265 [s]
bucket_to_array_time 0.15068 [s]
table_fill_time 1.02124 [s]
program_time 3.44991 [s]
-------
bucket_split_time 0.773953 [s]
bucket_sort_time 1.2684 [s]
bucket_to_array_time 0.149466 [s]
table_fill_time 1.02757 [s]
program_time 3.259 [s]
-------
bucket_split_time 0.794192 [s]
bucket_sort_time 1.25245 [s]
bucket_to_array_time 0.15389 [s]
table_fill_time 1.05432 [s]
program_time 3.29362 [s]
-------
bucket_split_time 0.966126 [s]
bucket_sort_time 1.01856 [s]
bucket_to_array_time 0.109434 [s]
table_fill_time 1.30903 [s]
program_time 3.44576 [s]
-------
bucket_split_time 1.05355 [s]
bucket_sort_time 1.09417 [s]
bucket_to_array_time 0.105079 [s]
table_fill_time 0.799802 [s]
program_time 3.09385 [s]
-------
bucket_split_time 0.98138 [s]
bucket_sort_time 1.27801 [s]
bucket_to_array_time 0.162185 [s]
table_fill_time 0.854492 [s]
program_time 3.31567 [s]
-------
bucket_split_time 0.764404 [s]
bucket_sort_time 1.24022 [s]
bucket_to_array_time 0.150392 [s]
table_fill_time 0.998664 [s]
program_time 3.19342 [s]
-------
bucket_split_time 0.760005 [s]
bucket_sort_time 1.30782 [s]
bucket_to_array_time 0.153661 [s]
table_fill_time 1.06774 [s]
program_time 3.33065 [s]
-------
bucket_split_time 1.06406 [s]
bucket_sort_time 1.00437 [s]
bucket_to_array_time 0.102563 [s]
table_fill_time 1.30631 [s]
program_time 3.54806 [s]
