-------
bucket_split_time 3.46247 [s]
bucket_sort_time 0.73756 [s]
bucket_to_array_time 0.240011 [s]
table_fill_time 0.961822 [s]
program_time 5.96181 [s]
-------
bucket_split_time 3.43181 [s]
bucket_sort_time 0.739009 [s]
bucket_to_array_time 0.241841 [s]
table_fill_time 0.960483 [s]
program_time 5.94838 [s]
-------
bucket_split_time 3.45545 [s]
bucket_sort_time 0.737121 [s]
bucket_to_array_time 0.240877 [s]
table_fill_time 0.954766 [s]
program_time 5.96373 [s]
-------
bucket_split_time 3.41251 [s]
bucket_sort_time 0.738502 [s]
bucket_to_array_time 0.240916 [s]
table_fill_time 0.961542 [s]
program_time 5.92819 [s]
-------
bucket_split_time 3.45346 [s]
bucket_sort_time 0.737805 [s]
bucket_to_array_time 0.240989 [s]
table_fill_time 1.00583 [s]
program_time 6.03116 [s]
-------
bucket_split_time 4.0173 [s]
bucket_sort_time 0.74177 [s]
bucket_to_array_time 0.246799 [s]
table_fill_time 1.02113 [s]
program_time 6.63556 [s]
-------
bucket_split_time 3.68098 [s]
bucket_sort_time 0.738677 [s]
bucket_to_array_time 0.243098 [s]
table_fill_time 1.03439 [s]
program_time 6.29154 [s]
-------
bucket_split_time 3.76878 [s]
bucket_sort_time 0.738424 [s]
bucket_to_array_time 0.244883 [s]
table_fill_time 1.0462 [s]
program_time 6.37744 [s]
-------
bucket_split_time 4.1759 [s]
bucket_sort_time 0.736105 [s]
bucket_to_array_time 0.242978 [s]
table_fill_time 1.08119 [s]
program_time 6.82807 [s]
-------
bucket_split_time 4.10706 [s]
bucket_sort_time 0.735191 [s]
bucket_to_array_time 0.242395 [s]
table_fill_time 1.10626 [s]
program_time 6.7706 [s]
