-------
bucket_split_time 0.172804 [s]
bucket_sort_time 0.031267 [s]
bucket_to_array_time 0.014742 [s]
table_fill_time 0.096149 [s]
program_time 0.355556 [s]
-------
bucket_split_time 0.106634 [s]
bucket_sort_time 0.0312 [s]
bucket_to_array_time 0.014891 [s]
table_fill_time 0.09035 [s]
program_time 0.282038 [s]
-------
bucket_split_time 0.106361 [s]
bucket_sort_time 0.031314 [s]
bucket_to_array_time 0.014428 [s]
table_fill_time 0.08586 [s]
program_time 0.277704 [s]
-------
bucket_split_time 0.105995 [s]
bucket_sort_time 0.031354 [s]
bucket_to_array_time 0.014515 [s]
table_fill_time 0.088388 [s]
program_time 0.280203 [s]
-------
bucket_split_time 0.136664 [s]
bucket_sort_time 0.034523 [s]
bucket_to_array_time 0.018232 [s]
table_fill_time 0.094601 [s]
program_time 0.324025 [s]
-------
bucket_split_time 0.218716 [s]
bucket_sort_time 0.041406 [s]
bucket_to_array_time 0.018263 [s]
table_fill_time 0.169261 [s]
program_time 0.493636 [s]
-------
bucket_split_time 0.107802 [s]
bucket_sort_time 0.03161 [s]
bucket_to_array_time 0.014685 [s]
table_fill_time 0.089488 [s]
program_time 0.284577 [s]
-------
bucket_split_time 0.10685 [s]
bucket_sort_time 0.03154 [s]
bucket_to_array_time 0.014927 [s]
table_fill_time 0.084229 [s]
program_time 0.278102 [s]
-------
bucket_split_time 0.105911 [s]
bucket_sort_time 0.031493 [s]
bucket_to_array_time 0.014832 [s]
table_fill_time 0.087956 [s]
program_time 0.280938 [s]
-------
bucket_split_time 0.110253 [s]
bucket_sort_time 0.031448 [s]
bucket_to_array_time 0.014864 [s]
table_fill_time 0.086864 [s]
program_time 0.28433 [s]
