-------
bucket_split_time 1.2873 [s]
bucket_sort_time 1.35912 [s]
bucket_to_array_time 0.164138 [s]
table_fill_time 0.75102 [s]
program_time 3.71959 [s]
-------
bucket_split_time 1.20961 [s]
bucket_sort_time 1.34928 [s]
bucket_to_array_time 0.164583 [s]
table_fill_time 0.746377 [s]
program_time 3.62082 [s]
-------
bucket_split_time 1.25953 [s]
bucket_sort_time 1.34935 [s]
bucket_to_array_time 0.1644 [s]
table_fill_time 0.657651 [s]
program_time 3.57926 [s]
-------
bucket_split_time 1.3375 [s]
bucket_sort_time 1.34429 [s]
bucket_to_array_time 0.163977 [s]
table_fill_time 0.68462 [s]
program_time 3.68156 [s]
-------
bucket_split_time 1.19165 [s]
bucket_sort_time 1.3423 [s]
bucket_to_array_time 0.162609 [s]
table_fill_time 0.655732 [s]
program_time 3.50067 [s]
-------
bucket_split_time 1.24243 [s]
bucket_sort_time 1.34968 [s]
bucket_to_array_time 0.163552 [s]
table_fill_time 0.668304 [s]
program_time 3.57761 [s]
-------
bucket_split_time 1.19781 [s]
bucket_sort_time 1.35249 [s]
bucket_to_array_time 0.164299 [s]
table_fill_time 0.686333 [s]
program_time 3.54558 [s]
-------
bucket_split_time 1.30208 [s]
bucket_sort_time 1.35548 [s]
bucket_to_array_time 0.164393 [s]
table_fill_time 0.724361 [s]
program_time 3.69975 [s]
-------
bucket_split_time 1.20311 [s]
bucket_sort_time 1.34849 [s]
bucket_to_array_time 0.16434 [s]
table_fill_time 0.685075 [s]
program_time 3.54859 [s]
-------
bucket_split_time 1.22191 [s]
bucket_sort_time 1.34642 [s]
bucket_to_array_time 0.164095 [s]
table_fill_time 0.735019 [s]
program_time 3.61802 [s]
