-------
bucket_split_time 0.314693 [s]
bucket_sort_time 0.092678 [s]
bucket_to_array_time 0.029607 [s]
table_fill_time 0.126321 [s]
program_time 0.619653 [s]
-------
bucket_split_time 0.345492 [s]
bucket_sort_time 0.093789 [s]
bucket_to_array_time 0.030203 [s]
table_fill_time 0.128361 [s]
program_time 0.654542 [s]
-------
bucket_split_time 0.33125 [s]
bucket_sort_time 0.093977 [s]
bucket_to_array_time 0.030485 [s]
table_fill_time 0.125603 [s]
program_time 0.647446 [s]
-------
bucket_split_time 0.429513 [s]
bucket_sort_time 0.095617 [s]
bucket_to_array_time 0.034343 [s]
table_fill_time 0.132298 [s]
program_time 0.750485 [s]
-------
bucket_split_time 0.666117 [s]
bucket_sort_time 0.093398 [s]
bucket_to_array_time 0.033781 [s]
table_fill_time 0.134484 [s]
program_time 0.985351 [s]
-------
bucket_split_time 0.431626 [s]
bucket_sort_time 0.093993 [s]
bucket_to_array_time 0.033582 [s]
table_fill_time 0.221732 [s]
program_time 0.836083 [s]
-------
bucket_split_time 0.538304 [s]
bucket_sort_time 0.151478 [s]
bucket_to_array_time 0.050006 [s]
table_fill_time 0.207861 [s]
program_time 1.00338 [s]
-------
bucket_split_time 0.371652 [s]
bucket_sort_time 0.091958 [s]
bucket_to_array_time 0.029428 [s]
table_fill_time 0.189673 [s]
program_time 0.736683 [s]
-------
bucket_split_time 0.313142 [s]
bucket_sort_time 0.092368 [s]
bucket_to_array_time 0.029405 [s]
table_fill_time 0.165096 [s]
program_time 0.654204 [s]
-------
bucket_split_time 0.306237 [s]
bucket_sort_time 0.092719 [s]
bucket_to_array_time 0.029473 [s]
table_fill_time 0.121956 [s]
program_time 0.6057 [s]
