-------
bucket_split_time 0.472027 [s]
bucket_sort_time 0.893079 [s]
bucket_to_array_time 0.129621 [s]
table_fill_time 0.728987 [s]
program_time 2.25199 [s]
-------
bucket_split_time 0.495573 [s]
bucket_sort_time 0.638512 [s]
bucket_to_array_time 0.087511 [s]
table_fill_time 0.700269 [s]
program_time 1.94895 [s]
-------
bucket_split_time 0.472689 [s]
bucket_sort_time 0.930723 [s]
bucket_to_array_time 0.121121 [s]
table_fill_time 0.683448 [s]
program_time 2.23575 [s]
-------
bucket_split_time 0.472124 [s]
bucket_sort_time 0.639881 [s]
bucket_to_array_time 0.088449 [s]
table_fill_time 0.708846 [s]
program_time 1.93636 [s]
-------
bucket_split_time 0.479752 [s]
bucket_sort_time 0.928869 [s]
bucket_to_array_time 0.08795 [s]
table_fill_time 0.679238 [s]
program_time 2.20354 [s]
-------
bucket_split_time 0.471513 [s]
bucket_sort_time 0.639367 [s]
bucket_to_array_time 0.087597 [s]
table_fill_time 0.702433 [s]
program_time 1.92894 [s]
-------
bucket_split_time 0.483486 [s]
bucket_sort_time 0.932436 [s]
bucket_to_array_time 0.09735 [s]
table_fill_time 0.68663 [s]
program_time 2.22798 [s]
-------
bucket_split_time 0.473331 [s]
bucket_sort_time 0.641244 [s]
bucket_to_array_time 0.086899 [s]
table_fill_time 0.780022 [s]
program_time 2.00844 [s]
-------
bucket_split_time 0.471339 [s]
bucket_sort_time 0.996771 [s]
bucket_to_array_time 0.086999 [s]
table_fill_time 0.679947 [s]
program_time 2.26277 [s]
-------
bucket_split_time 0.47155 [s]
bucket_sort_time 0.640687 [s]
bucket_to_array_time 0.087078 [s]
table_fill_time 0.703319 [s]
program_time 1.92976 [s]
