-------
bucket_split_time 0.477772 [s]
bucket_sort_time 0.7788 [s]
bucket_to_array_time 0.08286 [s]
table_fill_time 0.736561 [s]
program_time 2.13573 [s]
-------
bucket_split_time 0.464773 [s]
bucket_sort_time 0.682203 [s]
bucket_to_array_time 0.082361 [s]
table_fill_time 1.11463 [s]
program_time 2.38272 [s]
-------
bucket_split_time 0.448051 [s]
bucket_sort_time 0.681522 [s]
bucket_to_array_time 0.082359 [s]
table_fill_time 0.737609 [s]
program_time 1.9878 [s]
-------
bucket_split_time 0.531636 [s]
bucket_sort_time 0.680189 [s]
bucket_to_array_time 0.082014 [s]
table_fill_time 0.736872 [s]
program_time 2.06916 [s]
-------
bucket_split_time 0.551461 [s]
bucket_sort_time 0.681024 [s]
bucket_to_array_time 0.082332 [s]
table_fill_time 0.742866 [s]
program_time 2.09477 [s]
-------
bucket_split_time 0.711987 [s]
bucket_sort_time 0.78949 [s]
bucket_to_array_time 0.082852 [s]
table_fill_time 0.80119 [s]
program_time 2.43244 [s]
-------
bucket_split_time 0.449916 [s]
bucket_sort_time 0.680224 [s]
bucket_to_array_time 0.082564 [s]
table_fill_time 0.737262 [s]
program_time 1.98933 [s]
-------
bucket_split_time 0.447337 [s]
bucket_sort_time 0.679415 [s]
bucket_to_array_time 0.082673 [s]
table_fill_time 0.737243 [s]
program_time 1.98573 [s]
-------
bucket_split_time 0.492837 [s]
bucket_sort_time 0.680439 [s]
bucket_to_array_time 0.082707 [s]
table_fill_time 0.734629 [s]
program_time 2.02881 [s]
-------
bucket_split_time 0.532986 [s]
bucket_sort_time 0.833885 [s]
bucket_to_array_time 0.162839 [s]
table_fill_time 0.7408 [s]
program_time 2.3392 [s]
