-------
bucket_split_time 1.13556 [s]
bucket_sort_time 0.173954 [s]
bucket_to_array_time 0.102701 [s]
table_fill_time 0.317987 [s]
program_time 1.95226 [s]
-------
bucket_split_time 0.785992 [s]
bucket_sort_time 0.157118 [s]
bucket_to_array_time 0.100304 [s]
table_fill_time 0.398956 [s]
program_time 1.63081 [s]
-------
bucket_split_time 1.1001 [s]
bucket_sort_time 0.158855 [s]
bucket_to_array_time 0.078501 [s]
table_fill_time 0.372487 [s]
program_time 1.92185 [s]
-------
bucket_split_time 0.81973 [s]
bucket_sort_time 0.166125 [s]
bucket_to_array_time 0.095342 [s]
table_fill_time 0.365625 [s]
program_time 1.65392 [s]
-------
bucket_split_time 1.08863 [s]
bucket_sort_time 0.169066 [s]
bucket_to_array_time 0.098485 [s]
table_fill_time 0.360481 [s]
program_time 1.93395 [s]
-------
bucket_split_time 0.92551 [s]
bucket_sort_time 0.164803 [s]
bucket_to_array_time 0.094639 [s]
table_fill_time 0.310043 [s]
program_time 1.69946 [s]
-------
bucket_split_time 1.0228 [s]
bucket_sort_time 0.192816 [s]
bucket_to_array_time 0.124716 [s]
table_fill_time 0.357401 [s]
program_time 1.90047 [s]
-------
bucket_split_time 1.03593 [s]
bucket_sort_time 0.162014 [s]
bucket_to_array_time 0.094721 [s]
table_fill_time 0.293558 [s]
program_time 1.79202 [s]
-------
bucket_split_time 0.984134 [s]
bucket_sort_time 0.196717 [s]
bucket_to_array_time 0.107355 [s]
table_fill_time 0.368786 [s]
program_time 1.84983 [s]
-------
bucket_split_time 1.02252 [s]
bucket_sort_time 0.163911 [s]
bucket_to_array_time 0.092278 [s]
table_fill_time 0.361833 [s]
program_time 1.84475 [s]
