-------
bucket_split_time 2.52649 [s]
bucket_sort_time 3.32631 [s]
bucket_to_array_time 0.406998 [s]
table_fill_time 1.36202 [s]
program_time 8.038 [s]
-------
bucket_split_time 2.42622 [s]
bucket_sort_time 3.33303 [s]
bucket_to_array_time 0.410348 [s]
table_fill_time 1.33342 [s]
program_time 7.91868 [s]
-------
bucket_split_time 2.41643 [s]
bucket_sort_time 3.33335 [s]
bucket_to_array_time 0.410508 [s]
table_fill_time 1.45062 [s]
program_time 8.01956 [s]
-------
bucket_split_time 2.47265 [s]
bucket_sort_time 3.32978 [s]
bucket_to_array_time 0.407425 [s]
table_fill_time 1.46149 [s]
program_time 8.08 [s]
-------
bucket_split_time 2.39938 [s]
bucket_sort_time 3.33582 [s]
bucket_to_array_time 0.410252 [s]
table_fill_time 1.39954 [s]
program_time 7.94897 [s]
-------
bucket_split_time 2.40758 [s]
bucket_sort_time 3.34962 [s]
bucket_to_array_time 0.41008 [s]
table_fill_time 1.37246 [s]
program_time 7.95145 [s]
-------
bucket_split_time 2.41181 [s]
bucket_sort_time 3.33874 [s]
bucket_to_array_time 0.406742 [s]
table_fill_time 1.32377 [s]
program_time 7.89543 [s]
-------
bucket_split_time 2.40783 [s]
bucket_sort_time 3.33723 [s]
bucket_to_array_time 0.410306 [s]
table_fill_time 1.34109 [s]
program_time 7.9058 [s]
-------
bucket_split_time 2.40435 [s]
bucket_sort_time 3.33728 [s]
bucket_to_array_time 0.410789 [s]
table_fill_time 1.31744 [s]
program_time 7.87491 [s]
-------
bucket_split_time 2.45331 [s]
bucket_sort_time 3.33283 [s]
bucket_to_array_time 0.407868 [s]
table_fill_time 1.31374 [s]
program_time 7.91625 [s]
