-------
bucket_split_time 0.141873 [s]
bucket_sort_time 0.173038 [s]
bucket_to_array_time 0.023535 [s]
table_fill_time 0.135746 [s]
program_time 0.493066 [s]
-------
bucket_split_time 0.14149 [s]
bucket_sort_time 0.174305 [s]
bucket_to_array_time 0.022365 [s]
table_fill_time 0.100614 [s]
program_time 0.457707 [s]
-------
bucket_split_time 0.211493 [s]
bucket_sort_time 0.172016 [s]
bucket_to_array_time 0.021432 [s]
table_fill_time 0.11991 [s]
program_time 0.541998 [s]
-------
bucket_split_time 0.743829 [s]
bucket_sort_time 0.318373 [s]
bucket_to_array_time 0.041913 [s]
table_fill_time 0.159748 [s]
program_time 1.31316 [s]
-------
bucket_split_time 0.135346 [s]
bucket_sort_time 0.171797 [s]
bucket_to_array_time 0.022285 [s]
table_fill_time 0.122221 [s]
program_time 0.471088 [s]
-------
bucket_split_time 0.136766 [s]
bucket_sort_time 0.17247 [s]
bucket_to_array_time 0.022144 [s]
table_fill_time 0.124047 [s]
program_time 0.474337 [s]
-------
bucket_split_time 0.13106 [s]
bucket_sort_time 0.171245 [s]
bucket_to_array_time 0.021832 [s]
table_fill_time 0.129989 [s]
program_time 0.473084 [s]
-------
bucket_split_time 0.132269 [s]
bucket_sort_time 0.169252 [s]
bucket_to_array_time 0.023701 [s]
table_fill_time 0.127743 [s]
program_time 0.470995 [s]
-------
bucket_split_time 0.132198 [s]
bucket_sort_time 0.170535 [s]
bucket_to_array_time 0.023002 [s]
table_fill_time 0.117377 [s]
program_time 0.460042 [s]
-------
bucket_split_time 0.135406 [s]
bucket_sort_time 0.171866 [s]
bucket_to_array_time 0.021857 [s]
table_fill_time 0.121544 [s]
program_time 0.466723 [s]
