-------
bucket_split_time 11.31 [s]
bucket_sort_time 2.12904 [s]
bucket_to_array_time 0.602851 [s]
table_fill_time 2.72418 [s]
program_time 18.5739 [s]
-------
bucket_split_time 11.1026 [s]
bucket_sort_time 2.00272 [s]
bucket_to_array_time 0.602225 [s]
table_fill_time 2.95534 [s]
program_time 18.2728 [s]
-------
bucket_split_time 10.1967 [s]
bucket_sort_time 1.80829 [s]
bucket_to_array_time 0.603927 [s]
table_fill_time 2.79682 [s]
program_time 17.0936 [s]
-------
bucket_split_time 11.7849 [s]
bucket_sort_time 1.83164 [s]
bucket_to_array_time 0.599389 [s]
table_fill_time 2.88892 [s]
program_time 19.0083 [s]
-------
bucket_split_time 12.2228 [s]
bucket_sort_time 1.83005 [s]
bucket_to_array_time 0.605159 [s]
table_fill_time 2.81713 [s]
program_time 19.0804 [s]
-------
bucket_split_time 11.7374 [s]
bucket_sort_time 2.20554 [s]
bucket_to_array_time 0.608811 [s]
table_fill_time 2.92707 [s]
program_time 19.3115 [s]
-------
bucket_split_time 13.2622 [s]
bucket_sort_time 1.8716 [s]
bucket_to_array_time 0.608054 [s]
table_fill_time 2.66205 [s]
program_time 20.222 [s]
-------
bucket_split_time 15.2064 [s]
bucket_sort_time 1.84649 [s]
bucket_to_array_time 0.659062 [s]
table_fill_time 2.98255 [s]
program_time 22.6795 [s]
-------
bucket_split_time 12.2572 [s]
bucket_sort_time 2.33525 [s]
bucket_to_array_time 0.722368 [s]
table_fill_time 2.97409 [s]
program_time 20.0411 [s]
-------
bucket_split_time 8.97688 [s]
bucket_sort_time 1.81607 [s]
bucket_to_array_time 0.603582 [s]
table_fill_time 2.95368 [s]
program_time 15.9394 [s]
