-------
bucket_split_time 0.078886 [s]
bucket_sort_time 0.093964 [s]
bucket_to_array_time 0.019539 [s]
table_fill_time 0.097549 [s]
program_time 0.293415 [s]
-------
bucket_split_time 0.086562 [s]
bucket_sort_time 0.100486 [s]
bucket_to_array_time 0.017009 [s]
table_fill_time 0.100469 [s]
program_time 0.3079 [s]
-------
bucket_split_time 0.084507 [s]
bucket_sort_time 0.092733 [s]
bucket_to_array_time 0.019249 [s]
table_fill_time 0.09663 [s]
program_time 0.297447 [s]
-------
bucket_split_time 0.08565 [s]
bucket_sort_time 0.094629 [s]
bucket_to_array_time 0.020326 [s]
table_fill_time 0.09707 [s]
program_time 0.301276 [s]
-------
bucket_split_time 0.086634 [s]
bucket_sort_time 0.085849 [s]
bucket_to_array_time 0.019056 [s]
table_fill_time 0.09324 [s]
program_time 0.288541 [s]
-------
bucket_split_time 0.085422 [s]
bucket_sort_time 0.095646 [s]
bucket_to_array_time 0.020014 [s]
table_fill_time 0.102001 [s]
program_time 0.306899 [s]
-------
bucket_split_time 0.08216 [s]
bucket_sort_time 0.093324 [s]
bucket_to_array_time 0.020033 [s]
table_fill_time 0.092582 [s]
program_time 0.291877 [s]
-------
bucket_split_time 0.082325 [s]
bucket_sort_time 0.094327 [s]
bucket_to_array_time 0.02012 [s]
table_fill_time 0.098672 [s]
program_time 0.299498 [s]
-------
bucket_split_time 0.083059 [s]
bucket_sort_time 0.093151 [s]
bucket_to_array_time 0.018705 [s]
table_fill_time 0.109823 [s]
program_time 0.30855 [s]
-------
bucket_split_time 0.081748 [s]
bucket_sort_time 0.093887 [s]
bucket_to_array_time 0.018982 [s]
table_fill_time 0.098086 [s]
program_time 0.296455 [s]
