-------
bucket_split_time 2.35843 [s]
bucket_sort_time 0.373074 [s]
bucket_to_array_time 0.119671 [s]
table_fill_time 0.3699 [s]
program_time 3.60488 [s]
-------
bucket_split_time 2.32551 [s]
bucket_sort_time 0.370576 [s]
bucket_to_array_time 0.119749 [s]
table_fill_time 0.363 [s]
program_time 3.49531 [s]
-------
bucket_split_time 2.41879 [s]
bucket_sort_time 0.370605 [s]
bucket_to_array_time 0.119728 [s]
table_fill_time 0.359811 [s]
program_time 3.58636 [s]
-------
bucket_split_time 2.31929 [s]
bucket_sort_time 0.370634 [s]
bucket_to_array_time 0.120425 [s]
table_fill_time 0.368966 [s]
program_time 3.5449 [s]
-------
bucket_split_time 2.31916 [s]
bucket_sort_time 0.37094 [s]
bucket_to_array_time 0.119531 [s]
table_fill_time 0.357119 [s]
program_time 3.48541 [s]
-------
bucket_split_time 2.31352 [s]
bucket_sort_time 0.37061 [s]
bucket_to_array_time 0.119672 [s]
table_fill_time 0.372311 [s]
program_time 3.56295 [s]
-------
bucket_split_time 2.32308 [s]
bucket_sort_time 0.370446 [s]
bucket_to_array_time 0.120101 [s]
table_fill_time 0.376125 [s]
program_time 3.53968 [s]
-------
bucket_split_time 2.3268 [s]
bucket_sort_time 0.370674 [s]
bucket_to_array_time 0.119638 [s]
table_fill_time 0.355063 [s]
program_time 3.49128 [s]
-------
bucket_split_time 2.31525 [s]
bucket_sort_time 0.369055 [s]
bucket_to_array_time 0.119013 [s]
table_fill_time 0.383126 [s]
program_time 3.50361 [s]
-------
bucket_split_time 2.31226 [s]
bucket_sort_time 0.370598 [s]
bucket_to_array_time 0.118688 [s]
table_fill_time 0.356225 [s]
program_time 3.48192 [s]
