-------
bucket_split_time 0.256004 [s]
bucket_sort_time 1.55654 [s]
bucket_to_array_time 0.078682 [s]
table_fill_time 0.852768 [s]
program_time 2.75869 [s]
-------
bucket_split_time 0.132172 [s]
bucket_sort_time 1.23752 [s]
bucket_to_array_time 0.077141 [s]
table_fill_time 0.491658 [s]
program_time 1.95587 [s]
-------
bucket_split_time 0.127942 [s]
bucket_sort_time 1.24691 [s]
bucket_to_array_time 0.079768 [s]
table_fill_time 0.501491 [s]
program_time 1.97372 [s]
-------
bucket_split_time 0.146658 [s]
bucket_sort_time 1.53775 [s]
bucket_to_array_time 0.135199 [s]
table_fill_time 0.595927 [s]
program_time 2.43094 [s]
-------
bucket_split_time 0.381111 [s]
bucket_sort_time 1.27761 [s]
bucket_to_array_time 0.077422 [s]
table_fill_time 0.814438 [s]
program_time 2.56482 [s]
-------
bucket_split_time 0.124147 [s]
bucket_sort_time 1.23424 [s]
bucket_to_array_time 0.077497 [s]
table_fill_time 0.490645 [s]
program_time 1.94136 [s]
-------
bucket_split_time 0.126233 [s]
bucket_sort_time 1.36899 [s]
bucket_to_array_time 0.133215 [s]
table_fill_time 0.490608 [s]
program_time 2.14065 [s]
-------
bucket_split_time 0.589157 [s]
bucket_sort_time 1.54899 [s]
bucket_to_array_time 0.081942 [s]
table_fill_time 0.578135 [s]
program_time 2.81111 [s]
-------
bucket_split_time 0.12657 [s]
bucket_sort_time 1.23759 [s]
bucket_to_array_time 0.078023 [s]
table_fill_time 0.588193 [s]
program_time 2.04554 [s]
-------
bucket_split_time 0.125707 [s]
bucket_sort_time 1.23704 [s]
bucket_to_array_time 0.078132 [s]
table_fill_time 0.490329 [s]
program_time 1.94681 [s]
