-------
bucket_split_time 0.052057 [s]
bucket_sort_time 0.312494 [s]
bucket_to_array_time 0.019418 [s]
table_fill_time 0.186389 [s]
program_time 0.573566 [s]
-------
bucket_split_time 0.052197 [s]
bucket_sort_time 0.409032 [s]
bucket_to_array_time 0.019375 [s]
table_fill_time 0.249892 [s]
program_time 0.739774 [s]
-------
bucket_split_time 0.053423 [s]
bucket_sort_time 0.310868 [s]
bucket_to_array_time 0.019326 [s]
table_fill_time 0.278522 [s]
program_time 0.669226 [s]
-------
bucket_split_time 0.062727 [s]
bucket_sort_time 0.408824 [s]
bucket_to_array_time 0.019271 [s]
table_fill_time 0.191719 [s]
program_time 0.691481 [s]
-------
bucket_split_time 0.052633 [s]
bucket_sort_time 0.471041 [s]
bucket_to_array_time 0.019424 [s]
table_fill_time 0.343884 [s]
program_time 0.894136 [s]
-------
bucket_split_time 0.051992 [s]
bucket_sort_time 0.327088 [s]
bucket_to_array_time 0.019233 [s]
table_fill_time 0.27742 [s]
program_time 0.681768 [s]
-------
bucket_split_time 0.052942 [s]
bucket_sort_time 0.365717 [s]
bucket_to_array_time 0.019442 [s]
table_fill_time 0.194506 [s]
program_time 0.639368 [s]
-------
bucket_split_time 0.053899 [s]
bucket_sort_time 0.310039 [s]
bucket_to_array_time 0.019664 [s]
table_fill_time 0.187582 [s]
program_time 0.576846 [s]
-------
bucket_split_time 0.052078 [s]
bucket_sort_time 0.311025 [s]
bucket_to_array_time 0.01913 [s]
table_fill_time 0.186623 [s]
program_time 0.5754 [s]
-------
bucket_split_time 0.052289 [s]
bucket_sort_time 0.310067 [s]
bucket_to_array_time 0.019175 [s]
table_fill_time 0.186349 [s]
program_time 0.573637 [s]
