-------
bucket_split_time 0.125181 [s]
bucket_sort_time 0.172533 [s]
bucket_to_array_time 0.022627 [s]
table_fill_time 0.124987 [s]
program_time 0.460089 [s]
-------
bucket_split_time 0.206492 [s]
bucket_sort_time 0.313513 [s]
bucket_to_array_time 0.020492 [s]
table_fill_time 0.17744 [s]
program_time 0.734168 [s]
-------
bucket_split_time 0.3031 [s]
bucket_sort_time 0.170206 [s]
bucket_to_array_time 0.031539 [s]
table_fill_time 0.156645 [s]
program_time 0.685421 [s]
-------
bucket_split_time 1.95721 [s]
bucket_sort_time 0.173977 [s]
bucket_to_array_time 0.028227 [s]
table_fill_time 0.176536 [s]
program_time 2.35412 [s]
-------
bucket_split_time 0.127326 [s]
bucket_sort_time 0.171225 [s]
bucket_to_array_time 0.021478 [s]
table_fill_time 0.120882 [s]
program_time 0.456543 [s]
-------
bucket_split_time 0.126553 [s]
bucket_sort_time 0.171563 [s]
bucket_to_array_time 0.021893 [s]
table_fill_time 0.12675 [s]
program_time 0.461416 [s]
-------
bucket_split_time 0.117991 [s]
bucket_sort_time 0.171412 [s]
bucket_to_array_time 0.021678 [s]
table_fill_time 0.124849 [s]
program_time 0.45075 [s]
-------
bucket_split_time 0.120825 [s]
bucket_sort_time 0.171124 [s]
bucket_to_array_time 0.02153 [s]
table_fill_time 0.116948 [s]
program_time 0.44493 [s]
-------
bucket_split_time 0.123154 [s]
bucket_sort_time 0.173747 [s]
bucket_to_array_time 0.021621 [s]
table_fill_time 0.123658 [s]
program_time 0.456756 [s]
-------
bucket_split_time 0.121809 [s]
bucket_sort_time 0.171741 [s]
bucket_to_array_time 0.022307 [s]
table_fill_time 0.122493 [s]
program_time 0.452958 [s]
