-------
bucket_split_time 0.476394 [s]
bucket_sort_time 2.47112 [s]
bucket_to_array_time 0.154507 [s]
table_fill_time 1.47092 [s]
program_time 4.60316 [s]
-------
bucket_split_time 0.467772 [s]
bucket_sort_time 2.47068 [s]
bucket_to_array_time 0.154261 [s]
table_fill_time 1.47014 [s]
program_time 4.59103 [s]
-------
bucket_split_time 0.471262 [s]
bucket_sort_time 2.47044 [s]
bucket_to_array_time 0.15597 [s]
table_fill_time 2.03421 [s]
program_time 5.16151 [s]
-------
bucket_split_time 0.469639 [s]
bucket_sort_time 2.47771 [s]
bucket_to_array_time 0.156342 [s]
table_fill_time 1.46885 [s]
program_time 4.60208 [s]
-------
bucket_split_time 0.491946 [s]
bucket_sort_time 2.47562 [s]
bucket_to_array_time 0.155243 [s]
table_fill_time 1.46803 [s]
program_time 4.61808 [s]
-------
bucket_split_time 0.494316 [s]
bucket_sort_time 2.47592 [s]
bucket_to_array_time 0.154852 [s]
table_fill_time 1.46964 [s]
program_time 4.62444 [s]
-------
bucket_split_time 0.476581 [s]
bucket_sort_time 2.4761 [s]
bucket_to_array_time 0.154066 [s]
table_fill_time 1.47007 [s]
program_time 4.60488 [s]
-------
bucket_split_time 0.495351 [s]
bucket_sort_time 2.47213 [s]
bucket_to_array_time 0.155605 [s]
table_fill_time 1.47498 [s]
program_time 4.62771 [s]
-------
bucket_split_time 0.486417 [s]
bucket_sort_time 2.47213 [s]
bucket_to_array_time 0.156481 [s]
table_fill_time 1.47174 [s]
program_time 4.61602 [s]
-------
bucket_split_time 0.486363 [s]
bucket_sort_time 2.47427 [s]
bucket_to_array_time 0.156042 [s]
table_fill_time 1.47099 [s]
program_time 4.61699 [s]
