-------
bucket_split_time 3.01921 [s]
bucket_sort_time 0.599962 [s]
bucket_to_array_time 0.373023 [s]
table_fill_time 1.51799 [s]
program_time 6.53428 [s]
-------
bucket_split_time 3.10101 [s]
bucket_sort_time 0.886344 [s]
bucket_to_array_time 0.535915 [s]
table_fill_time 1.41698 [s]
program_time 6.99529 [s]
-------
bucket_split_time 4.30371 [s]
bucket_sort_time 0.756832 [s]
bucket_to_array_time 0.532489 [s]
table_fill_time 1.62953 [s]
program_time 8.29411 [s]
-------
bucket_split_time 5.87582 [s]
bucket_sort_time 0.780545 [s]
bucket_to_array_time 0.416211 [s]
table_fill_time 1.67663 [s]
program_time 9.75891 [s]
-------
bucket_split_time 4.61288 [s]
bucket_sort_time 0.810189 [s]
bucket_to_array_time 0.520704 [s]
table_fill_time 1.4014 [s]
program_time 8.31069 [s]
-------
bucket_split_time 4.55526 [s]
bucket_sort_time 0.605472 [s]
bucket_to_array_time 0.36798 [s]
table_fill_time 1.46376 [s]
program_time 7.94824 [s]
-------
bucket_split_time 5.36325 [s]
bucket_sort_time 0.863197 [s]
bucket_to_array_time 0.448477 [s]
table_fill_time 1.52719 [s]
program_time 9.20155 [s]
-------
bucket_split_time 3.10407 [s]
bucket_sort_time 0.600199 [s]
bucket_to_array_time 0.369653 [s]
table_fill_time 1.53058 [s]
program_time 6.58356 [s]
-------
bucket_split_time 4.20827 [s]
bucket_sort_time 0.647551 [s]
bucket_to_array_time 0.473792 [s]
table_fill_time 1.6592 [s]
program_time 7.95861 [s]
-------
bucket_split_time 2.82583 [s]
bucket_sort_time 0.59568 [s]
bucket_to_array_time 0.38018 [s]
table_fill_time 1.37474 [s]
program_time 6.20539 [s]
