-------
bucket_split_time 1.07533 [s]
bucket_sort_time 4.94007 [s]
bucket_to_array_time 0.309525 [s]
table_fill_time 2.92792 [s]
program_time 9.31099 [s]
-------
bucket_split_time 1.05625 [s]
bucket_sort_time 4.93115 [s]
bucket_to_array_time 0.311021 [s]
table_fill_time 2.93467 [s]
program_time 9.29129 [s]
-------
bucket_split_time 1.05754 [s]
bucket_sort_time 4.9432 [s]
bucket_to_array_time 0.310277 [s]
table_fill_time 2.93354 [s]
program_time 9.30045 [s]
-------
bucket_split_time 1.05615 [s]
bucket_sort_time 4.93651 [s]
bucket_to_array_time 0.308689 [s]
table_fill_time 2.93311 [s]
program_time 9.28926 [s]
-------
bucket_split_time 1.06269 [s]
bucket_sort_time 4.93495 [s]
bucket_to_array_time 0.390639 [s]
table_fill_time 2.93384 [s]
program_time 9.38037 [s]
-------
bucket_split_time 1.08298 [s]
bucket_sort_time 4.93734 [s]
bucket_to_array_time 0.309223 [s]
table_fill_time 3.02027 [s]
program_time 9.40713 [s]
-------
bucket_split_time 1.08198 [s]
bucket_sort_time 4.94222 [s]
bucket_to_array_time 0.310048 [s]
table_fill_time 2.94635 [s]
program_time 9.33931 [s]
-------
bucket_split_time 1.05848 [s]
bucket_sort_time 4.93633 [s]
bucket_to_array_time 0.312548 [s]
table_fill_time 2.94205 [s]
program_time 9.30537 [s]
-------
bucket_split_time 1.0869 [s]
bucket_sort_time 4.95783 [s]
bucket_to_array_time 0.313502 [s]
table_fill_time 2.94744 [s]
program_time 9.36402 [s]
-------
bucket_split_time 1.10335 [s]
bucket_sort_time 5.07289 [s]
bucket_to_array_time 0.31343 [s]
table_fill_time 2.95458 [s]
program_time 9.50235 [s]
