-------
-------
bucket_split_time 1.55374 [s]
bucket_sort_time 1.78601 [s]
bucket_to_array_time 0.204085 [s]
table_fill_time 1.31458 [s]
program_time 4.9116 [s]
-------
-------
bucket_split_time 1.48025 [s]
bucket_sort_time 1.6293 [s]
bucket_to_array_time 0.202675 [s]
table_fill_time 1.17824 [s]
program_time 4.54702 [s]
-------
bucket_split_time 1.19511 [s]
bucket_sort_time 1.63685 [s]
bucket_to_array_time 0.200325 [s]
table_fill_time 1.41397 [s]
program_time 4.50062 [s]
-------
bucket_split_time 1.06382 [s]
bucket_sort_time 1.71385 [s]
bucket_to_array_time 0.203811 [s]
table_fill_time 1.37068 [s]
program_time 4.40386 [s]
-------
bucket_split_time 1.49167 [s]
bucket_sort_time 1.55497 [s]
bucket_to_array_time 0.134066 [s]
table_fill_time 1.54903 [s]
program_time 4.78583 [s]
-------
bucket_split_time 1.43235 [s]
bucket_sort_time 1.39753 [s]
bucket_to_array_time 0.136243 [s]
table_fill_time 1.05363 [s]
program_time 4.073 [s]
-------
bucket_split_time 1.46934 [s]
bucket_sort_time 1.31305 [s]
bucket_to_array_time 0.219941 [s]
table_fill_time 1.20739 [s]
program_time 4.26427 [s]
-------
