-------
bucket_split_time 1.9048 [s]
bucket_sort_time 1.28223 [s]
bucket_to_array_time 0.192114 [s]
table_fill_time 1.53252 [s]
program_time 4.97506 [s]
-------
bucket_split_time 1.34713 [s]
bucket_sort_time 1.25281 [s]
bucket_to_array_time 0.201723 [s]
table_fill_time 1.34807 [s]
program_time 4.21238 [s]
-------
bucket_split_time 1.82495 [s]
bucket_sort_time 1.13528 [s]
bucket_to_array_time 0.193801 [s]
table_fill_time 1.44595 [s]
program_time 4.66314 [s]
-------
bucket_split_time 1.38502 [s]
bucket_sort_time 1.36326 [s]
bucket_to_array_time 0.193999 [s]
table_fill_time 1.42194 [s]
program_time 4.42357 [s]
-------
bucket_split_time 1.68137 [s]
bucket_sort_time 1.55871 [s]
bucket_to_array_time 0.153971 [s]
table_fill_time 1.35625 [s]
program_time 4.81386 [s]
-------
bucket_split_time 1.30454 [s]
bucket_sort_time 1.36343 [s]
bucket_to_array_time 0.187532 [s]
table_fill_time 1.5657 [s]
program_time 4.48088 [s]
-------
bucket_split_time 1.51633 [s]
bucket_sort_time 1.47601 [s]
bucket_to_array_time 0.262227 [s]
table_fill_time 1.42108 [s]
program_time 4.73677 [s]
-------
bucket_split_time 1.33769 [s]
bucket_sort_time 1.44304 [s]
bucket_to_array_time 0.20558 [s]
table_fill_time 1.35472 [s]
program_time 4.39879 [s]
-------
bucket_split_time 1.72595 [s]
bucket_sort_time 1.30502 [s]
bucket_to_array_time 0.134378 [s]
table_fill_time 1.48691 [s]
program_time 4.71378 [s]
-------
bucket_split_time 1.76675 [s]
bucket_sort_time 1.17991 [s]
bucket_to_array_time 0.194223 [s]
table_fill_time 1.51994 [s]
program_time 4.72206 [s]
