-------
bucket_split_time 10.1688 [s]
bucket_sort_time 1.86667 [s]
bucket_to_array_time 0.692299 [s]
table_fill_time 3.66911 [s]
program_time 17.6057 [s]
-------
bucket_split_time 10.1454 [s]
bucket_sort_time 1.86977 [s]
bucket_to_array_time 0.690193 [s]
table_fill_time 3.66725 [s]
program_time 17.5757 [s]
-------
bucket_split_time 10.0814 [s]
bucket_sort_time 1.87415 [s]
bucket_to_array_time 0.689475 [s]
table_fill_time 3.67948 [s]
program_time 17.5259 [s]
-------
bucket_split_time 10.1451 [s]
bucket_sort_time 1.86506 [s]
bucket_to_array_time 0.684085 [s]
table_fill_time 3.67942 [s]
program_time 17.5637 [s]
-------
bucket_split_time 10.0801 [s]
bucket_sort_time 1.86743 [s]
bucket_to_array_time 0.689312 [s]
table_fill_time 3.66376 [s]
program_time 17.4938 [s]
-------
bucket_split_time 9.98523 [s]
bucket_sort_time 1.86344 [s]
bucket_to_array_time 0.679769 [s]
table_fill_time 3.66398 [s]
program_time 17.3615 [s]
-------
bucket_split_time 10.0121 [s]
bucket_sort_time 1.8681 [s]
bucket_to_array_time 0.68321 [s]
table_fill_time 3.66531 [s]
program_time 17.4107 [s]
-------
bucket_split_time 9.9756 [s]
bucket_sort_time 1.86794 [s]
bucket_to_array_time 0.68241 [s]
table_fill_time 3.6758 [s]
program_time 17.3824 [s]
-------
bucket_split_time 10.1352 [s]
bucket_sort_time 1.86381 [s]
bucket_to_array_time 0.686066 [s]
table_fill_time 3.66956 [s]
program_time 17.5371 [s]
-------
bucket_split_time 10.0139 [s]
bucket_sort_time 1.87476 [s]
bucket_to_array_time 0.678779 [s]
table_fill_time 3.66848 [s]
program_time 17.4191 [s]
