-------
bucket_split_time 3.79983 [s]
bucket_sort_time 1.33306 [s]
bucket_to_array_time 0.237268 [s]
table_fill_time 1.8499 [s]
program_time 7.39654 [s]
-------
bucket_split_time 3.20088 [s]
bucket_sort_time 1.18334 [s]
bucket_to_array_time 0.303937 [s]
table_fill_time 1.60859 [s]
program_time 6.47045 [s]
-------
bucket_split_time 2.7128 [s]
bucket_sort_time 1.21461 [s]
bucket_to_array_time 0.385192 [s]
table_fill_time 1.58487 [s]
program_time 6.06934 [s]
-------
bucket_split_time 3.85474 [s]
bucket_sort_time 1.3181 [s]
bucket_to_array_time 0.255032 [s]
table_fill_time 1.85585 [s]
program_time 7.46072 [s]
-------
bucket_split_time 2.81961 [s]
bucket_sort_time 1.14612 [s]
bucket_to_array_time 0.284926 [s]
table_fill_time 1.55516 [s]
program_time 5.98201 [s]
-------
bucket_split_time 3.30995 [s]
bucket_sort_time 1.33675 [s]
bucket_to_array_time 0.303013 [s]
table_fill_time 1.82521 [s]
program_time 6.95145 [s]
-------
bucket_split_time 4.28775 [s]
bucket_sort_time 1.24969 [s]
bucket_to_array_time 0.302166 [s]
table_fill_time 1.7664 [s]
program_time 7.78066 [s]
-------
bucket_split_time 2.61824 [s]
bucket_sort_time 1.12256 [s]
bucket_to_array_time 0.303635 [s]
table_fill_time 1.75121 [s]
program_time 5.96511 [s]
-------
bucket_split_time 3.6229 [s]
bucket_sort_time 1.03025 [s]
bucket_to_array_time 0.244033 [s]
table_fill_time 1.99651 [s]
program_time 7.06959 [s]
-------
bucket_split_time 3.47973 [s]
bucket_sort_time 1.06493 [s]
bucket_to_array_time 0.293961 [s]
table_fill_time 1.53877 [s]
program_time 6.55175 [s]
