-------
bucket_split_time 0.2933 [s]
bucket_sort_time 0.339645 [s]
bucket_to_array_time 0.02231 [s]
table_fill_time 0.22409 [s]
program_time 0.885227 [s]
-------
bucket_split_time 0.741747 [s]
bucket_sort_time 0.24402 [s]
bucket_to_array_time 0.02216 [s]
table_fill_time 0.230834 [s]
program_time 1.24469 [s]
-------
bucket_split_time 0.039825 [s]
bucket_sort_time 0.241701 [s]
bucket_to_array_time 0.019562 [s]
table_fill_time 0.159031 [s]
program_time 0.46531 [s]
-------
bucket_split_time 0.035961 [s]
bucket_sort_time 0.241013 [s]
bucket_to_array_time 0.019584 [s]
table_fill_time 0.127626 [s]
program_time 0.430521 [s]
-------
bucket_split_time 0.03572 [s]
bucket_sort_time 0.241242 [s]
bucket_to_array_time 0.019379 [s]
table_fill_time 0.123837 [s]
program_time 0.426434 [s]
-------
bucket_split_time 0.058084 [s]
bucket_sort_time 0.243659 [s]
bucket_to_array_time 0.022111 [s]
table_fill_time 0.128619 [s]
program_time 0.457957 [s]
-------
bucket_split_time 0.036484 [s]
bucket_sort_time 0.24063 [s]
bucket_to_array_time 0.019436 [s]
table_fill_time 0.124009 [s]
program_time 0.426744 [s]
-------
bucket_split_time 0.044168 [s]
bucket_sort_time 0.24142 [s]
bucket_to_array_time 0.019622 [s]
table_fill_time 0.124695 [s]
program_time 0.43627 [s]
-------
bucket_split_time 0.035848 [s]
bucket_sort_time 0.24077 [s]
bucket_to_array_time 0.019442 [s]
table_fill_time 0.125689 [s]
program_time 0.428076 [s]
-------
bucket_split_time 0.035669 [s]
bucket_sort_time 0.240731 [s]
bucket_to_array_time 0.019385 [s]
table_fill_time 0.126077 [s]
program_time 0.427984 [s]
