-------
bucket_split_time 1.08858 [s]
bucket_sort_time 0.959583 [s]
bucket_to_array_time 0.134901 [s]
table_fill_time 1.28668 [s]
program_time 3.51584 [s]
-------
bucket_split_time 0.742829 [s]
bucket_sort_time 0.956434 [s]
bucket_to_array_time 0.131621 [s]
table_fill_time 1.0341 [s]
program_time 2.91048 [s]
-------
bucket_split_time 1.33975 [s]
bucket_sort_time 0.982904 [s]
bucket_to_array_time 0.131548 [s]
table_fill_time 1.0928 [s]
program_time 3.59586 [s]
-------
bucket_split_time 0.775678 [s]
bucket_sort_time 0.957025 [s]
bucket_to_array_time 0.13174 [s]
table_fill_time 1.01897 [s]
program_time 2.92739 [s]
-------
bucket_split_time 1.34708 [s]
bucket_sort_time 0.979139 [s]
bucket_to_array_time 0.135348 [s]
table_fill_time 0.989933 [s]
program_time 3.49821 [s]
-------
bucket_split_time 0.842229 [s]
bucket_sort_time 0.958143 [s]
bucket_to_array_time 0.131019 [s]
table_fill_time 1.01899 [s]
program_time 2.99515 [s]
-------
bucket_split_time 1.16457 [s]
bucket_sort_time 1.0922 [s]
bucket_to_array_time 0.132784 [s]
table_fill_time 1.08197 [s]
program_time 3.51849 [s]
-------
bucket_split_time 0.850402 [s]
bucket_sort_time 0.958623 [s]
bucket_to_array_time 0.130345 [s]
table_fill_time 1.03746 [s]
program_time 3.02194 [s]
-------
bucket_split_time 0.802155 [s]
bucket_sort_time 1.44428 [s]
bucket_to_array_time 0.148037 [s]
table_fill_time 1.0278 [s]
program_time 3.46929 [s]
-------
bucket_split_time 0.731927 [s]
bucket_sort_time 0.963122 [s]
bucket_to_array_time 0.13134 [s]
table_fill_time 1.00338 [s]
program_time 2.87406 [s]
