-------
bucket_split_time 1.68634 [s]
bucket_sort_time 2.08808 [s]
bucket_to_array_time 0.483001 [s]
table_fill_time 2.19842 [s]
program_time 6.57876 [s]
-------
bucket_split_time 1.77274 [s]
bucket_sort_time 2.08618 [s]
bucket_to_array_time 0.482777 [s]
table_fill_time 2.2014 [s]
program_time 6.66512 [s]
-------
bucket_split_time 1.73245 [s]
bucket_sort_time 2.07779 [s]
bucket_to_array_time 0.481743 [s]
table_fill_time 2.20017 [s]
program_time 6.61334 [s]
-------
bucket_split_time 1.95141 [s]
bucket_sort_time 2.07986 [s]
bucket_to_array_time 0.481407 [s]
table_fill_time 2.20278 [s]
program_time 6.83455 [s]
-------
bucket_split_time 1.76758 [s]
bucket_sort_time 2.081 [s]
bucket_to_array_time 0.490863 [s]
table_fill_time 2.20483 [s]
program_time 6.66185 [s]
-------
bucket_split_time 1.73523 [s]
bucket_sort_time 2.07611 [s]
bucket_to_array_time 0.482237 [s]
table_fill_time 2.1992 [s]
program_time 6.61489 [s]
-------
bucket_split_time 1.78849 [s]
bucket_sort_time 2.08001 [s]
bucket_to_array_time 0.480811 [s]
table_fill_time 2.19966 [s]
program_time 6.67042 [s]
-------
bucket_split_time 1.82459 [s]
bucket_sort_time 2.08782 [s]
bucket_to_array_time 0.489657 [s]
table_fill_time 2.19827 [s]
program_time 6.71932 [s]
-------
bucket_split_time 1.77531 [s]
bucket_sort_time 2.07842 [s]
bucket_to_array_time 0.48397 [s]
table_fill_time 2.19974 [s]
program_time 6.66014 [s]
-------
bucket_split_time 1.81066 [s]
bucket_sort_time 2.0788 [s]
bucket_to_array_time 0.482074 [s]
table_fill_time 2.19876 [s]
program_time 6.68996 [s]
