-------
bucket_split_time 0.707646 [s]
bucket_sort_time 2.86478 [s]
bucket_to_array_time 0.236684 [s]
table_fill_time 1.03087 [s]
program_time 4.90349 [s]
-------
bucket_split_time 0.671398 [s]
bucket_sort_time 2.86948 [s]
bucket_to_array_time 0.234841 [s]
table_fill_time 1.08392 [s]
program_time 4.9242 [s]
-------
bucket_split_time 0.703542 [s]
bucket_sort_time 2.85731 [s]
bucket_to_array_time 0.233775 [s]
table_fill_time 0.989861 [s]
program_time 4.84711 [s]
-------
bucket_split_time 0.731338 [s]
bucket_sort_time 2.86945 [s]
bucket_to_array_time 0.233783 [s]
table_fill_time 1.02676 [s]
program_time 4.92488 [s]
-------
bucket_split_time 0.694682 [s]
bucket_sort_time 2.85915 [s]
bucket_to_array_time 0.235422 [s]
table_fill_time 1.02603 [s]
program_time 4.87893 [s]
-------
bucket_split_time 0.72066 [s]
bucket_sort_time 2.86723 [s]
bucket_to_array_time 0.236186 [s]
table_fill_time 1.0699 [s]
program_time 4.95764 [s]
-------
bucket_split_time 0.684892 [s]
bucket_sort_time 2.85971 [s]
bucket_to_array_time 0.235709 [s]
table_fill_time 1.028 [s]
program_time 4.87232 [s]
-------
bucket_split_time 0.762296 [s]
bucket_sort_time 2.86214 [s]
bucket_to_array_time 0.233691 [s]
table_fill_time 1.03381 [s]
program_time 4.95536 [s]
-------
bucket_split_time 0.713907 [s]
bucket_sort_time 2.86347 [s]
bucket_to_array_time 0.234732 [s]
table_fill_time 0.937562 [s]
program_time 4.81588 [s]
-------
bucket_split_time 0.69332 [s]
bucket_sort_time 2.86284 [s]
bucket_to_array_time 0.235922 [s]
table_fill_time 1.06185 [s]
program_time 4.91747 [s]
