-------
bucket_split_time 0.736819 [s]
bucket_sort_time 1.42975 [s]
bucket_to_array_time 0.039275 [s]
table_fill_time 0.265485 [s]
program_time 2.49373 [s]
-------
bucket_split_time 0.70613 [s]
bucket_sort_time 1.47842 [s]
bucket_to_array_time 0.040093 [s]
table_fill_time 0.245871 [s]
program_time 2.49305 [s]
-------
bucket_split_time 0.758987 [s]
bucket_sort_time 1.39366 [s]
bucket_to_array_time 0.039038 [s]
table_fill_time 0.259496 [s]
program_time 2.4733 [s]
-------
bucket_split_time 0.749014 [s]
bucket_sort_time 1.45971 [s]
bucket_to_array_time 0.050527 [s]
table_fill_time 0.247968 [s]
program_time 2.52956 [s]
-------
bucket_split_time 0.693516 [s]
bucket_sort_time 1.4207 [s]
bucket_to_array_time 0.044823 [s]
table_fill_time 0.268736 [s]
program_time 2.44881 [s]
-------
bucket_split_time 0.744483 [s]
bucket_sort_time 1.45407 [s]
bucket_to_array_time 0.040008 [s]
table_fill_time 0.271379 [s]
program_time 2.53118 [s]
-------
bucket_split_time 0.750819 [s]
bucket_sort_time 1.42369 [s]
bucket_to_array_time 0.043752 [s]
table_fill_time 0.248211 [s]
program_time 2.48832 [s]
-------
bucket_split_time 0.732405 [s]
bucket_sort_time 1.47041 [s]
bucket_to_array_time 0.03994 [s]
table_fill_time 0.244496 [s]
program_time 2.50993 [s]
-------
bucket_split_time 0.768532 [s]
bucket_sort_time 1.43752 [s]
bucket_to_array_time 0.044598 [s]
table_fill_time 0.267995 [s]
program_time 2.54136 [s]
-------
bucket_split_time 0.856959 [s]
bucket_sort_time 1.49876 [s]
bucket_to_array_time 0.040801 [s]
table_fill_time 0.243853 [s]
program_time 2.66295 [s]
