-------
bucket_split_time 1.78899 [s]
bucket_sort_time 4.78441 [s]
bucket_to_array_time 0.391466 [s]
table_fill_time 3.67296 [s]
program_time 10.7233 [s]
-------
bucket_split_time 1.75441 [s]
bucket_sort_time 4.79124 [s]
bucket_to_array_time 0.388197 [s]
table_fill_time 3.67512 [s]
program_time 10.6955 [s]
-------
bucket_split_time 1.79186 [s]
bucket_sort_time 4.78431 [s]
bucket_to_array_time 0.390413 [s]
table_fill_time 3.66826 [s]
program_time 10.7152 [s]
-------
bucket_split_time 1.80914 [s]
bucket_sort_time 4.78925 [s]
bucket_to_array_time 0.38585 [s]
table_fill_time 3.66123 [s]
program_time 10.7246 [s]
-------
bucket_split_time 1.78952 [s]
bucket_sort_time 4.78257 [s]
bucket_to_array_time 0.393032 [s]
table_fill_time 3.6655 [s]
program_time 10.7111 [s]
-------
bucket_split_time 1.76859 [s]
bucket_sort_time 4.78368 [s]
bucket_to_array_time 0.388776 [s]
table_fill_time 3.66756 [s]
program_time 10.6895 [s]
-------
bucket_split_time 1.76039 [s]
bucket_sort_time 4.78472 [s]
bucket_to_array_time 0.39188 [s]
table_fill_time 3.67598 [s]
program_time 10.6966 [s]
-------
bucket_split_time 1.76387 [s]
bucket_sort_time 4.78742 [s]
bucket_to_array_time 0.389203 [s]
table_fill_time 3.67494 [s]
program_time 10.7019 [s]
-------
bucket_split_time 1.76703 [s]
bucket_sort_time 4.78045 [s]
bucket_to_array_time 0.390649 [s]
table_fill_time 3.67338 [s]
program_time 10.6979 [s]
-------
bucket_split_time 1.78032 [s]
bucket_sort_time 4.78653 [s]
bucket_to_array_time 0.391233 [s]
table_fill_time 3.67588 [s]
program_time 10.7192 [s]
