-------
bucket_split_time 0.059623 [s]
bucket_sort_time 0.119835 [s]
bucket_to_array_time 0.015973 [s]
table_fill_time 0.124173 [s]
program_time 0.322911 [s]
-------
bucket_split_time 0.059893 [s]
bucket_sort_time 0.119894 [s]
bucket_to_array_time 0.02852 [s]
table_fill_time 0.124232 [s]
program_time 0.335799 [s]
-------
bucket_split_time 0.063116 [s]
bucket_sort_time 0.120466 [s]
bucket_to_array_time 0.016527 [s]
table_fill_time 0.184261 [s]
program_time 0.389198 [s]
-------
bucket_split_time 0.114841 [s]
bucket_sort_time 0.182875 [s]
bucket_to_array_time 0.015907 [s]
table_fill_time 0.124602 [s]
program_time 0.443885 [s]
-------
bucket_split_time 0.068023 [s]
bucket_sort_time 0.120601 [s]
bucket_to_array_time 0.016179 [s]
table_fill_time 0.128395 [s]
program_time 0.338281 [s]
-------
bucket_split_time 0.059487 [s]
bucket_sort_time 0.119434 [s]
bucket_to_array_time 0.015958 [s]
table_fill_time 0.125089 [s]
program_time 0.323296 [s]
-------
bucket_split_time 0.059837 [s]
bucket_sort_time 0.120175 [s]
bucket_to_array_time 0.015722 [s]
table_fill_time 0.125589 [s]
program_time 0.324591 [s]
-------
bucket_split_time 0.059757 [s]
bucket_sort_time 0.119748 [s]
bucket_to_array_time 0.015812 [s]
table_fill_time 0.125375 [s]
program_time 0.325137 [s]
-------
bucket_split_time 0.061139 [s]
bucket_sort_time 0.12053 [s]
bucket_to_array_time 0.016996 [s]
table_fill_time 0.12501 [s]
program_time 0.32849 [s]
-------
bucket_split_time 0.063681 [s]
bucket_sort_time 0.120498 [s]
bucket_to_array_time 0.016382 [s]
table_fill_time 0.185947 [s]
program_time 0.390612 [s]
