-------
bucket_split_time 3.54651 [s]
bucket_sort_time 3.37323 [s]
bucket_to_array_time 0.412251 [s]
table_fill_time 3.67499 [s]
program_time 11.2044 [s]
-------
bucket_split_time 3.63404 [s]
bucket_sort_time 3.37902 [s]
bucket_to_array_time 0.412302 [s]
table_fill_time 3.66583 [s]
program_time 11.2906 [s]
-------
bucket_split_time 3.53738 [s]
bucket_sort_time 3.36666 [s]
bucket_to_array_time 0.414092 [s]
table_fill_time 3.66585 [s]
program_time 11.2054 [s]
-------
bucket_split_time 4.66392 [s]
bucket_sort_time 3.36927 [s]
bucket_to_array_time 0.413354 [s]
table_fill_time 3.67169 [s]
program_time 12.338 [s]
-------
bucket_split_time 3.96294 [s]
bucket_sort_time 3.36877 [s]
bucket_to_array_time 0.413931 [s]
table_fill_time 3.73568 [s]
program_time 11.7073 [s]
-------
bucket_split_time 4.79782 [s]
bucket_sort_time 3.36836 [s]
bucket_to_array_time 0.413004 [s]
table_fill_time 3.67455 [s]
program_time 12.4661 [s]
-------
bucket_split_time 4.11639 [s]
bucket_sort_time 3.36504 [s]
bucket_to_array_time 0.413219 [s]
table_fill_time 3.67156 [s]
program_time 11.7787 [s]
-------
bucket_split_time 4.65636 [s]
bucket_sort_time 3.37437 [s]
bucket_to_array_time 0.41269 [s]
table_fill_time 3.66015 [s]
program_time 12.3214 [s]
-------
bucket_split_time 3.97828 [s]
bucket_sort_time 3.36639 [s]
bucket_to_array_time 0.413116 [s]
table_fill_time 3.6707 [s]
program_time 11.6366 [s]
-------
bucket_split_time 3.76493 [s]
bucket_sort_time 3.36972 [s]
bucket_to_array_time 0.412867 [s]
table_fill_time 3.66747 [s]
program_time 11.4185 [s]
