-------
bucket_split_time 2.59573 [s]
bucket_sort_time 0.944872 [s]
bucket_to_array_time 0.245447 [s]
table_fill_time 1.43027 [s]
program_time 5.35589 [s]
-------
bucket_split_time 2.34167 [s]
bucket_sort_time 1.1265 [s]
bucket_to_array_time 0.282871 [s]
table_fill_time 1.3108 [s]
program_time 5.1985 [s]
-------
bucket_split_time 2.02756 [s]
bucket_sort_time 0.967699 [s]
bucket_to_array_time 0.240239 [s]
table_fill_time 1.27061 [s]
program_time 4.64196 [s]
-------
bucket_split_time 2.65531 [s]
bucket_sort_time 0.94089 [s]
bucket_to_array_time 0.240943 [s]
table_fill_time 1.45244 [s]
program_time 5.42703 [s]
-------
bucket_split_time 1.92359 [s]
bucket_sort_time 0.947221 [s]
bucket_to_array_time 0.234152 [s]
table_fill_time 1.36846 [s]
program_time 4.61224 [s]
-------
bucket_split_time 2.30701 [s]
bucket_sort_time 0.950776 [s]
bucket_to_array_time 0.238845 [s]
table_fill_time 1.60864 [s]
program_time 5.24126 [s]
-------
bucket_split_time 2.34575 [s]
bucket_sort_time 1.08306 [s]
bucket_to_array_time 0.25137 [s]
table_fill_time 1.54492 [s]
program_time 5.36511 [s]
-------
bucket_split_time 2.00689 [s]
bucket_sort_time 0.922607 [s]
bucket_to_array_time 0.246661 [s]
table_fill_time 1.1948 [s]
program_time 4.50744 [s]
-------
bucket_split_time 2.45081 [s]
bucket_sort_time 1.12854 [s]
bucket_to_array_time 0.270771 [s]
table_fill_time 1.41114 [s]
program_time 5.40125 [s]
-------
bucket_split_time 1.88076 [s]
bucket_sort_time 0.948019 [s]
bucket_to_array_time 0.248595 [s]
table_fill_time 1.34092 [s]
program_time 4.55468 [s]
