-------
bucket_split_time 2.03704 [s]
bucket_sort_time 2.0295 [s]
bucket_to_array_time 0.24872 [s]
table_fill_time 2.19526 [s]
program_time 6.62273 [s]
-------
bucket_split_time 1.99685 [s]
bucket_sort_time 2.02752 [s]
bucket_to_array_time 0.246227 [s]
table_fill_time 2.19976 [s]
program_time 6.58966 [s]
-------
bucket_split_time 1.78632 [s]
bucket_sort_time 2.03112 [s]
bucket_to_array_time 0.246886 [s]
table_fill_time 2.19855 [s]
program_time 6.37998 [s]
-------
bucket_split_time 2.09719 [s]
bucket_sort_time 2.02961 [s]
bucket_to_array_time 0.248335 [s]
table_fill_time 2.19609 [s]
program_time 6.69613 [s]
-------
bucket_split_time 1.9876 [s]
bucket_sort_time 2.02984 [s]
bucket_to_array_time 0.247798 [s]
table_fill_time 2.20091 [s]
program_time 6.5837 [s]
-------
bucket_split_time 1.89174 [s]
bucket_sort_time 2.03174 [s]
bucket_to_array_time 0.245033 [s]
table_fill_time 2.1944 [s]
program_time 6.48 [s]
-------
bucket_split_time 2.1158 [s]
bucket_sort_time 2.02856 [s]
bucket_to_array_time 0.247735 [s]
table_fill_time 2.19821 [s]
program_time 6.7053 [s]
-------
bucket_split_time 1.93712 [s]
bucket_sort_time 2.03002 [s]
bucket_to_array_time 0.24796 [s]
table_fill_time 2.1975 [s]
program_time 6.52619 [s]
-------
bucket_split_time 1.88745 [s]
bucket_sort_time 2.03533 [s]
bucket_to_array_time 0.247337 [s]
table_fill_time 2.19592 [s]
program_time 6.48071 [s]
-------
bucket_split_time 2.15472 [s]
bucket_sort_time 2.02902 [s]
bucket_to_array_time 0.246451 [s]
table_fill_time 2.1982 [s]
program_time 6.74454 [s]
