-------
bucket_split_time 0.182799 [s]
bucket_sort_time 0.963679 [s]
bucket_to_array_time 0.07973 [s]
table_fill_time 0.523013 [s]
program_time 1.76792 [s]
-------
bucket_split_time 0.294303 [s]
bucket_sort_time 1.47797 [s]
bucket_to_array_time 0.128557 [s]
table_fill_time 0.63872 [s]
program_time 2.56215 [s]
-------
bucket_split_time 0.164127 [s]
bucket_sort_time 0.963924 [s]
bucket_to_array_time 0.07747 [s]
table_fill_time 0.618936 [s]
program_time 1.84218 [s]
-------
bucket_split_time 0.173288 [s]
bucket_sort_time 0.960072 [s]
bucket_to_array_time 0.077595 [s]
table_fill_time 0.493481 [s]
program_time 1.72385 [s]
-------
bucket_split_time 0.170886 [s]
bucket_sort_time 0.958 [s]
bucket_to_array_time 0.079509 [s]
table_fill_time 0.49584 [s]
program_time 1.72738 [s]
-------
bucket_split_time 0.287602 [s]
bucket_sort_time 1.03576 [s]
bucket_to_array_time 0.098115 [s]
table_fill_time 0.56575 [s]
program_time 2.00598 [s]
-------
bucket_split_time 0.421826 [s]
bucket_sort_time 0.961609 [s]
bucket_to_array_time 0.078395 [s]
table_fill_time 0.861205 [s]
program_time 2.33946 [s]
-------
bucket_split_time 0.164503 [s]
bucket_sort_time 0.958606 [s]
bucket_to_array_time 0.078326 [s]
table_fill_time 0.505447 [s]
program_time 1.72414 [s]
-------
bucket_split_time 0.164777 [s]
bucket_sort_time 0.958714 [s]
bucket_to_array_time 0.082107 [s]
table_fill_time 0.492441 [s]
program_time 1.72037 [s]
-------
bucket_split_time 0.170683 [s]
bucket_sort_time 1.13661 [s]
bucket_to_array_time 0.080164 [s]
table_fill_time 0.510896 [s]
program_time 1.92002 [s]
