-------
bucket_split_time 3.14319 [s]
bucket_sort_time 0.462681 [s]
bucket_to_array_time 0.23354 [s]
table_fill_time 0.424449 [s]
program_time 4.60485 [s]
-------
bucket_split_time 2.36214 [s]
bucket_sort_time 0.375655 [s]
bucket_to_array_time 0.122908 [s]
table_fill_time 0.514433 [s]
program_time 3.66644 [s]
-------
bucket_split_time 3.86961 [s]
bucket_sort_time 0.571389 [s]
bucket_to_array_time 0.126911 [s]
table_fill_time 0.447264 [s]
program_time 5.46314 [s]
-------
bucket_split_time 2.30613 [s]
bucket_sort_time 0.374399 [s]
bucket_to_array_time 0.121731 [s]
table_fill_time 0.473971 [s]
program_time 3.59469 [s]
-------
bucket_split_time 3.97693 [s]
bucket_sort_time 0.390016 [s]
bucket_to_array_time 0.121056 [s]
table_fill_time 0.563819 [s]
program_time 5.34943 [s]
-------
bucket_split_time 2.31177 [s]
bucket_sort_time 0.371122 [s]
bucket_to_array_time 0.122065 [s]
table_fill_time 0.474256 [s]
program_time 3.62676 [s]
-------
bucket_split_time 3.45463 [s]
bucket_sort_time 0.458359 [s]
bucket_to_array_time 0.120888 [s]
table_fill_time 0.351118 [s]
program_time 4.81738 [s]
-------
bucket_split_time 2.28664 [s]
bucket_sort_time 0.370487 [s]
bucket_to_array_time 0.120092 [s]
table_fill_time 0.48756 [s]
program_time 3.5567 [s]
-------
bucket_split_time 4.64648 [s]
bucket_sort_time 0.372041 [s]
bucket_to_array_time 0.120999 [s]
table_fill_time 0.44067 [s]
program_time 5.87406 [s]
-------
bucket_split_time 2.33084 [s]
bucket_sort_time 0.372889 [s]
bucket_to_array_time 0.125067 [s]
table_fill_time 0.470199 [s]
program_time 3.62113 [s]
