-------
bucket_split_time 0.804522 [s]
bucket_sort_time 1.4454 [s]
bucket_to_array_time 0.194895 [s]
table_fill_time 1.50178 [s]
program_time 3.99075 [s]
-------
bucket_split_time 0.80866 [s]
bucket_sort_time 1.44274 [s]
bucket_to_array_time 0.196268 [s]
table_fill_time 1.49554 [s]
program_time 3.98909 [s]
-------
bucket_split_time 0.800736 [s]
bucket_sort_time 1.4488 [s]
bucket_to_array_time 0.196348 [s]
table_fill_time 1.4467 [s]
program_time 3.93629 [s]
-------
bucket_split_time 0.803811 [s]
bucket_sort_time 1.43982 [s]
bucket_to_array_time 0.196836 [s]
table_fill_time 1.46599 [s]
program_time 3.95265 [s]
-------
bucket_split_time 0.810501 [s]
bucket_sort_time 1.44243 [s]
bucket_to_array_time 0.196506 [s]
table_fill_time 1.44111 [s]
program_time 3.93689 [s]
-------
bucket_split_time 0.813477 [s]
bucket_sort_time 1.44396 [s]
bucket_to_array_time 0.195699 [s]
table_fill_time 1.49485 [s]
program_time 3.99217 [s]
-------
bucket_split_time 0.806762 [s]
bucket_sort_time 1.43998 [s]
bucket_to_array_time 0.194979 [s]
table_fill_time 1.46815 [s]
program_time 3.95557 [s]
-------
bucket_split_time 0.803012 [s]
bucket_sort_time 1.44408 [s]
bucket_to_array_time 0.19528 [s]
table_fill_time 1.5005 [s]
program_time 3.98859 [s]
-------
bucket_split_time 0.807208 [s]
bucket_sort_time 1.44005 [s]
bucket_to_array_time 0.195926 [s]
table_fill_time 1.48216 [s]
program_time 3.97098 [s]
-------
bucket_split_time 0.809075 [s]
bucket_sort_time 1.4499 [s]
bucket_to_array_time 0.196409 [s]
table_fill_time 1.47717 [s]
program_time 3.97876 [s]
