-------
bucket_split_time 6.59511 [s]
bucket_sort_time 0.904222 [s]
bucket_to_array_time 0.241886 [s]
table_fill_time 0.964402 [s]
program_time 9.72235 [s]
-------
bucket_split_time 4.81324 [s]
bucket_sort_time 0.733061 [s]
bucket_to_array_time 0.238616 [s]
table_fill_time 0.748319 [s]
program_time 7.31858 [s]
-------
bucket_split_time 4.89375 [s]
bucket_sort_time 0.737519 [s]
bucket_to_array_time 0.238869 [s]
table_fill_time 0.708136 [s]
program_time 7.37464 [s]
-------
bucket_split_time 4.82875 [s]
bucket_sort_time 0.734938 [s]
bucket_to_array_time 0.246764 [s]
table_fill_time 0.72688 [s]
program_time 7.39371 [s]
-------
bucket_split_time 4.83751 [s]
bucket_sort_time 0.737416 [s]
bucket_to_array_time 0.238723 [s]
table_fill_time 0.710148 [s]
program_time 7.37578 [s]
-------
bucket_split_time 4.86409 [s]
bucket_sort_time 0.735929 [s]
bucket_to_array_time 0.237763 [s]
table_fill_time 0.753907 [s]
program_time 7.45529 [s]
-------
bucket_split_time 4.82519 [s]
bucket_sort_time 0.737463 [s]
bucket_to_array_time 0.239383 [s]
table_fill_time 0.704018 [s]
program_time 7.37646 [s]
-------
bucket_split_time 4.87135 [s]
bucket_sort_time 0.735649 [s]
bucket_to_array_time 0.238951 [s]
table_fill_time 0.687613 [s]
program_time 7.41234 [s]
-------
bucket_split_time 4.80747 [s]
bucket_sort_time 0.736384 [s]
bucket_to_array_time 0.242512 [s]
table_fill_time 0.71852 [s]
program_time 7.39447 [s]
-------
bucket_split_time 4.88561 [s]
bucket_sort_time 0.734267 [s]
bucket_to_array_time 0.238921 [s]
table_fill_time 0.695304 [s]
program_time 7.41713 [s]
