-------
bucket_split_time 0.098725 [s]
bucket_sort_time 0.070806 [s]
bucket_to_array_time 0.020585 [s]
table_fill_time 0.098615 [s]
program_time 0.296184 [s]
-------
bucket_split_time 0.09675 [s]
bucket_sort_time 0.07212 [s]
bucket_to_array_time 0.020776 [s]
table_fill_time 0.099353 [s]
program_time 0.296243 [s]
-------
bucket_split_time 0.096677 [s]
bucket_sort_time 0.071808 [s]
bucket_to_array_time 0.019905 [s]
table_fill_time 0.097865 [s]
program_time 0.293084 [s]
-------
bucket_split_time 0.093052 [s]
bucket_sort_time 0.072718 [s]
bucket_to_array_time 0.018199 [s]
table_fill_time 0.104252 [s]
program_time 0.295425 [s]
-------
bucket_split_time 0.093141 [s]
bucket_sort_time 0.06459 [s]
bucket_to_array_time 0.019372 [s]
table_fill_time 0.102815 [s]
program_time 0.286854 [s]
-------
bucket_split_time 0.093348 [s]
bucket_sort_time 0.070973 [s]
bucket_to_array_time 0.019501 [s]
table_fill_time 0.098355 [s]
program_time 0.28885 [s]
-------
bucket_split_time 0.092502 [s]
bucket_sort_time 0.063215 [s]
bucket_to_array_time 0.02229 [s]
table_fill_time 0.100588 [s]
program_time 0.285812 [s]
-------
bucket_split_time 0.109174 [s]
bucket_sort_time 0.072037 [s]
bucket_to_array_time 0.020639 [s]
table_fill_time 0.103184 [s]
program_time 0.312096 [s]
-------
bucket_split_time 0.096628 [s]
bucket_sort_time 0.068909 [s]
bucket_to_array_time 0.019322 [s]
table_fill_time 0.102577 [s]
program_time 0.294663 [s]
-------
bucket_split_time 0.095232 [s]
bucket_sort_time 0.072252 [s]
bucket_to_array_time 0.018294 [s]
table_fill_time 0.10248 [s]
program_time 0.295281 [s]
