-------
bucket_split_time 0.290938 [s]
bucket_sort_time 0.964506 [s]
bucket_to_array_time 0.077626 [s]
table_fill_time 0.9145 [s]
program_time 2.26512 [s]
-------
bucket_split_time 0.270698 [s]
bucket_sort_time 0.965475 [s]
bucket_to_array_time 0.078212 [s]
table_fill_time 0.738281 [s]
program_time 2.06971 [s]
-------
bucket_split_time 0.282633 [s]
bucket_sort_time 0.965773 [s]
bucket_to_array_time 0.079645 [s]
table_fill_time 0.737586 [s]
program_time 2.08202 [s]
-------
bucket_split_time 0.288938 [s]
bucket_sort_time 0.963611 [s]
bucket_to_array_time 0.122694 [s]
table_fill_time 0.742299 [s]
program_time 2.14572 [s]
-------
bucket_split_time 0.339577 [s]
bucket_sort_time 0.962577 [s]
bucket_to_array_time 0.077254 [s]
table_fill_time 0.972534 [s]
program_time 2.37226 [s]
-------
bucket_split_time 0.287897 [s]
bucket_sort_time 0.959996 [s]
bucket_to_array_time 0.077474 [s]
table_fill_time 0.735581 [s]
program_time 2.0793 [s]
-------
bucket_split_time 0.288124 [s]
bucket_sort_time 0.961931 [s]
bucket_to_array_time 0.077752 [s]
table_fill_time 0.738745 [s]
program_time 2.08135 [s]
-------
bucket_split_time 0.283574 [s]
bucket_sort_time 0.960678 [s]
bucket_to_array_time 0.077857 [s]
table_fill_time 0.734984 [s]
program_time 2.07365 [s]
-------
bucket_split_time 0.284327 [s]
bucket_sort_time 0.990248 [s]
bucket_to_array_time 0.078606 [s]
table_fill_time 1.35417 [s]
program_time 2.72517 [s]
-------
bucket_split_time 0.277152 [s]
bucket_sort_time 0.965452 [s]
bucket_to_array_time 0.078368 [s]
table_fill_time 0.7397 [s]
program_time 2.07841 [s]
