-------
bucket_split_time 0.489835 [s]
bucket_sort_time 1.9961 [s]
bucket_to_array_time 0.158595 [s]
table_fill_time 1.04753 [s]
program_time 3.73098 [s]
-------
bucket_split_time 0.539029 [s]
bucket_sort_time 2.05292 [s]
bucket_to_array_time 0.165761 [s]
table_fill_time 1.034 [s]
program_time 3.82746 [s]
-------
bucket_split_time 0.413975 [s]
bucket_sort_time 2.05357 [s]
bucket_to_array_time 0.160064 [s]
table_fill_time 1.1188 [s]
program_time 3.78216 [s]
-------
bucket_split_time 0.514426 [s]
bucket_sort_time 1.91767 [s]
bucket_to_array_time 0.15654 [s]
table_fill_time 1.13332 [s]
program_time 3.77554 [s]
-------
bucket_split_time 0.731234 [s]
bucket_sort_time 1.95246 [s]
bucket_to_array_time 0.196508 [s]
table_fill_time 1.10067 [s]
program_time 4.02546 [s]
-------
bucket_split_time 0.64142 [s]
bucket_sort_time 2.10474 [s]
bucket_to_array_time 0.155571 [s]
table_fill_time 1.08011 [s]
program_time 4.01723 [s]
-------
bucket_split_time 0.824892 [s]
bucket_sort_time 2.13053 [s]
bucket_to_array_time 0.156059 [s]
table_fill_time 1.14047 [s]
program_time 4.28719 [s]
-------
bucket_split_time 0.62821 [s]
bucket_sort_time 2.09378 [s]
bucket_to_array_time 0.155749 [s]
table_fill_time 1.04827 [s]
program_time 3.96247 [s]
-------
bucket_split_time 0.468001 [s]
bucket_sort_time 1.91671 [s]
bucket_to_array_time 0.156798 [s]
table_fill_time 0.975976 [s]
program_time 3.55306 [s]
-------
bucket_split_time 0.376111 [s]
bucket_sort_time 1.96605 [s]
bucket_to_array_time 0.157024 [s]
table_fill_time 0.979461 [s]
program_time 3.51615 [s]
