-------
bucket_split_time 0.067107 [s]
bucket_sort_time 0.360944 [s]
bucket_to_array_time 0.019529 [s]
table_fill_time 0.305213 [s]
program_time 0.758117 [s]
-------
bucket_split_time 0.125304 [s]
bucket_sort_time 0.29157 [s]
bucket_to_array_time 0.019515 [s]
table_fill_time 0.305627 [s]
program_time 0.745563 [s]
-------
bucket_split_time 0.057924 [s]
bucket_sort_time 0.240736 [s]
bucket_to_array_time 0.019531 [s]
table_fill_time 0.242821 [s]
program_time 0.568445 [s]
-------
bucket_split_time 0.062134 [s]
bucket_sort_time 0.261731 [s]
bucket_to_array_time 0.019566 [s]
table_fill_time 0.186914 [s]
program_time 0.538033 [s]
-------
bucket_split_time 0.057634 [s]
bucket_sort_time 0.240916 [s]
bucket_to_array_time 0.019599 [s]
table_fill_time 0.186889 [s]
program_time 0.508486 [s]
-------
bucket_split_time 0.057502 [s]
bucket_sort_time 0.240284 [s]
bucket_to_array_time 0.019257 [s]
table_fill_time 0.186573 [s]
program_time 0.507199 [s]
-------
bucket_split_time 0.057549 [s]
bucket_sort_time 0.240825 [s]
bucket_to_array_time 0.01931 [s]
table_fill_time 0.18669 [s]
program_time 0.509702 [s]
-------
bucket_split_time 0.057296 [s]
bucket_sort_time 0.240501 [s]
bucket_to_array_time 0.019259 [s]
table_fill_time 0.186448 [s]
program_time 0.508851 [s]
-------
bucket_split_time 0.058586 [s]
bucket_sort_time 0.24025 [s]
bucket_to_array_time 0.019268 [s]
table_fill_time 0.186569 [s]
program_time 0.508098 [s]
-------
bucket_split_time 0.057473 [s]
bucket_sort_time 0.240087 [s]
bucket_to_array_time 0.01928 [s]
table_fill_time 0.186066 [s]
program_time 0.50828 [s]
