-------
bucket_split_time 1.3887 [s]
bucket_sort_time 2.02121 [s]
bucket_to_array_time 0.245244 [s]
table_fill_time 1.51232 [s]
program_time 5.31882 [s]
-------
bucket_split_time 1.68695 [s]
bucket_sort_time 2.02754 [s]
bucket_to_array_time 0.242477 [s]
table_fill_time 1.46807 [s]
program_time 5.57454 [s]
-------
bucket_split_time 1.58482 [s]
bucket_sort_time 2.01449 [s]
bucket_to_array_time 0.243425 [s]
table_fill_time 1.4718 [s]
program_time 5.47077 [s]
-------
bucket_split_time 1.54121 [s]
bucket_sort_time 2.03987 [s]
bucket_to_array_time 0.243755 [s]
table_fill_time 1.46346 [s]
program_time 5.44315 [s]
-------
bucket_split_time 1.41013 [s]
bucket_sort_time 2.03578 [s]
bucket_to_array_time 0.2447 [s]
table_fill_time 1.44109 [s]
program_time 5.29748 [s]
-------
bucket_split_time 1.45747 [s]
bucket_sort_time 2.02081 [s]
bucket_to_array_time 0.244247 [s]
table_fill_time 1.5029 [s]
program_time 5.38922 [s]
-------
bucket_split_time 1.56634 [s]
bucket_sort_time 2.02088 [s]
bucket_to_array_time 0.242373 [s]
table_fill_time 1.48427 [s]
program_time 5.47857 [s]
-------
bucket_split_time 1.63451 [s]
bucket_sort_time 2.01989 [s]
bucket_to_array_time 0.244791 [s]
table_fill_time 1.48016 [s]
program_time 5.53751 [s]
-------
bucket_split_time 1.66159 [s]
bucket_sort_time 2.02606 [s]
bucket_to_array_time 0.246723 [s]
table_fill_time 1.49873 [s]
program_time 5.58721 [s]
-------
bucket_split_time 1.71655 [s]
bucket_sort_time 2.02352 [s]
bucket_to_array_time 0.24569 [s]
table_fill_time 1.46522 [s]
program_time 5.6017 [s]
