-------
bucket_split_time 0.342271 [s]
bucket_sort_time 0.962747 [s]
bucket_to_array_time 0.130732 [s]
table_fill_time 0.734161 [s]
program_time 2.18447 [s]
-------
bucket_split_time 0.341279 [s]
bucket_sort_time 0.963808 [s]
bucket_to_array_time 0.130327 [s]
table_fill_time 0.733755 [s]
program_time 2.18382 [s]
-------
bucket_split_time 0.34367 [s]
bucket_sort_time 0.962809 [s]
bucket_to_array_time 0.130085 [s]
table_fill_time 0.734393 [s]
program_time 2.18664 [s]
-------
bucket_split_time 0.34149 [s]
bucket_sort_time 0.964197 [s]
bucket_to_array_time 0.129963 [s]
table_fill_time 0.735706 [s]
program_time 2.18648 [s]
-------
bucket_split_time 0.342803 [s]
bucket_sort_time 0.962585 [s]
bucket_to_array_time 0.129908 [s]
table_fill_time 0.733979 [s]
program_time 2.18493 [s]
-------
bucket_split_time 0.342916 [s]
bucket_sort_time 0.962125 [s]
bucket_to_array_time 0.129356 [s]
table_fill_time 0.736231 [s]
program_time 2.18519 [s]
-------
bucket_split_time 0.344744 [s]
bucket_sort_time 0.963114 [s]
bucket_to_array_time 0.129823 [s]
table_fill_time 0.735834 [s]
program_time 2.18967 [s]
-------
bucket_split_time 0.345594 [s]
bucket_sort_time 0.96204 [s]
bucket_to_array_time 0.130237 [s]
table_fill_time 0.735061 [s]
program_time 2.18857 [s]
-------
bucket_split_time 0.348051 [s]
bucket_sort_time 0.964523 [s]
bucket_to_array_time 0.130462 [s]
table_fill_time 0.734329 [s]
program_time 2.19309 [s]
-------
bucket_split_time 0.349353 [s]
bucket_sort_time 0.96238 [s]
bucket_to_array_time 0.130536 [s]
table_fill_time 0.734887 [s]
program_time 2.19177 [s]
