-------
bucket_split_time 1.93366 [s]
bucket_sort_time 1.28548 [s]
bucket_to_array_time 0.236821 [s]
table_fill_time 1.72024 [s]
program_time 5.31896 [s]
-------
bucket_split_time 1.50723 [s]
bucket_sort_time 0.917183 [s]
bucket_to_array_time 0.21508 [s]
table_fill_time 1.46088 [s]
program_time 4.23998 [s]
-------
bucket_split_time 1.43848 [s]
bucket_sort_time 0.990794 [s]
bucket_to_array_time 0.31846 [s]
table_fill_time 1.36225 [s]
program_time 4.24984 [s]
-------
bucket_split_time 2.26748 [s]
bucket_sort_time 1.04392 [s]
bucket_to_array_time 0.232631 [s]
table_fill_time 1.62738 [s]
program_time 5.31534 [s]
-------
bucket_split_time 1.41149 [s]
bucket_sort_time 0.916907 [s]
bucket_to_array_time 0.214238 [s]
table_fill_time 1.48372 [s]
program_time 4.16706 [s]
-------
bucket_split_time 1.48771 [s]
bucket_sort_time 0.97212 [s]
bucket_to_array_time 0.32202 [s]
table_fill_time 1.35279 [s]
program_time 4.27457 [s]
-------
bucket_split_time 2.27193 [s]
bucket_sort_time 1.03819 [s]
bucket_to_array_time 0.274696 [s]
table_fill_time 1.74359 [s]
program_time 5.47257 [s]
-------
bucket_split_time 1.42379 [s]
bucket_sort_time 0.915549 [s]
bucket_to_array_time 0.214545 [s]
table_fill_time 1.48153 [s]
program_time 4.17377 [s]
-------
bucket_split_time 1.4242 [s]
bucket_sort_time 1.04167 [s]
bucket_to_array_time 0.305975 [s]
table_fill_time 1.39475 [s]
program_time 4.30629 [s]
-------
bucket_split_time 2.60084 [s]
bucket_sort_time 1.09092 [s]
bucket_to_array_time 0.33099 [s]
table_fill_time 1.67128 [s]
program_time 5.83902 [s]
