-------
bucket_split_time 1.05104 [s]
bucket_sort_time 2.00094 [s]
bucket_to_array_time 0.208855 [s]
table_fill_time 1.38021 [s]
program_time 4.69728 [s]
-------
bucket_split_time 1.04033 [s]
bucket_sort_time 1.64418 [s]
bucket_to_array_time 0.176834 [s]
table_fill_time 1.42102 [s]
program_time 4.3362 [s]
-------
bucket_split_time 1.12313 [s]
bucket_sort_time 2.00269 [s]
bucket_to_array_time 0.215145 [s]
table_fill_time 1.50066 [s]
program_time 4.89708 [s]
-------
bucket_split_time 0.895062 [s]
bucket_sort_time 1.65021 [s]
bucket_to_array_time 0.176832 [s]
table_fill_time 1.47349 [s]
program_time 4.24803 [s]
-------
bucket_split_time 1.20611 [s]
bucket_sort_time 1.65959 [s]
bucket_to_array_time 0.182687 [s]
table_fill_time 1.58835 [s]
program_time 4.69195 [s]
-------
bucket_split_time 0.942816 [s]
bucket_sort_time 1.64702 [s]
bucket_to_array_time 0.174979 [s]
table_fill_time 1.38357 [s]
program_time 4.20129 [s]
-------
bucket_split_time 1.28054 [s]
bucket_sort_time 1.74861 [s]
bucket_to_array_time 0.17772 [s]
table_fill_time 1.43393 [s]
program_time 4.69434 [s]
-------
bucket_split_time 0.947692 [s]
bucket_sort_time 1.64375 [s]
bucket_to_array_time 0.182428 [s]
table_fill_time 1.38779 [s]
program_time 4.21509 [s]
-------
bucket_split_time 1.22004 [s]
bucket_sort_time 1.78679 [s]
bucket_to_array_time 0.195129 [s]
table_fill_time 1.51798 [s]
program_time 4.7743 [s]
-------
bucket_split_time 0.894669 [s]
bucket_sort_time 1.6474 [s]
bucket_to_array_time 0.174154 [s]
table_fill_time 1.45698 [s]
program_time 4.22617 [s]
