-------
bucket_split_time 1.79647 [s]
bucket_sort_time 0.378468 [s]
bucket_to_array_time 0.136007 [s]
table_fill_time 0.735018 [s]
program_time 3.2722 [s]
-------
bucket_split_time 2.15607 [s]
bucket_sort_time 0.380608 [s]
bucket_to_array_time 0.136684 [s]
table_fill_time 0.735894 [s]
program_time 3.63978 [s]
-------
bucket_split_time 2.35868 [s]
bucket_sort_time 0.380719 [s]
bucket_to_array_time 0.135875 [s]
table_fill_time 0.73515 [s]
program_time 3.83908 [s]
-------
bucket_split_time 1.77834 [s]
bucket_sort_time 0.378995 [s]
bucket_to_array_time 0.134628 [s]
table_fill_time 0.740248 [s]
program_time 3.25695 [s]
-------
bucket_split_time 1.87116 [s]
bucket_sort_time 0.379713 [s]
bucket_to_array_time 0.13627 [s]
table_fill_time 0.741997 [s]
program_time 3.36395 [s]
-------
bucket_split_time 2.05733 [s]
bucket_sort_time 0.377939 [s]
bucket_to_array_time 0.135388 [s]
table_fill_time 1.07638 [s]
program_time 3.86156 [s]
-------
bucket_split_time 1.60878 [s]
bucket_sort_time 0.378877 [s]
bucket_to_array_time 0.135651 [s]
table_fill_time 0.736318 [s]
program_time 3.08634 [s]
-------
bucket_split_time 1.85026 [s]
bucket_sort_time 0.480234 [s]
bucket_to_array_time 0.166297 [s]
table_fill_time 0.741237 [s]
program_time 3.59374 [s]
-------
bucket_split_time 1.79748 [s]
bucket_sort_time 0.37962 [s]
bucket_to_array_time 0.136521 [s]
table_fill_time 0.913588 [s]
program_time 3.45291 [s]
-------
bucket_split_time 1.88981 [s]
bucket_sort_time 0.377845 [s]
bucket_to_array_time 0.134929 [s]
table_fill_time 0.737769 [s]
program_time 3.36463 [s]
