-------
bucket_split_time 1.01024 [s]
bucket_sort_time 4.77814 [s]
bucket_to_array_time 0.387927 [s]
table_fill_time 2.45178 [s]
program_time 8.71869 [s]
-------
bucket_split_time 1.04113 [s]
bucket_sort_time 4.77401 [s]
bucket_to_array_time 0.393669 [s]
table_fill_time 2.44306 [s]
program_time 8.74421 [s]
-------
bucket_split_time 1.00825 [s]
bucket_sort_time 4.78496 [s]
bucket_to_array_time 0.391731 [s]
table_fill_time 2.43386 [s]
program_time 8.70989 [s]
-------
bucket_split_time 1.01975 [s]
bucket_sort_time 4.77848 [s]
bucket_to_array_time 0.389895 [s]
table_fill_time 2.51097 [s]
program_time 8.78602 [s]
-------
bucket_split_time 1.01069 [s]
bucket_sort_time 4.78043 [s]
bucket_to_array_time 0.392658 [s]
table_fill_time 2.45855 [s]
program_time 8.72935 [s]
-------
bucket_split_time 1.0156 [s]
bucket_sort_time 4.90216 [s]
bucket_to_array_time 0.388212 [s]
table_fill_time 2.42557 [s]
program_time 8.81955 [s]
-------
bucket_split_time 1.0097 [s]
bucket_sort_time 4.76326 [s]
bucket_to_array_time 0.39131 [s]
table_fill_time 2.44186 [s]
program_time 8.69382 [s]
-------
bucket_split_time 1.01093 [s]
bucket_sort_time 4.77824 [s]
bucket_to_array_time 0.392753 [s]
table_fill_time 2.43378 [s]
program_time 8.70685 [s]
-------
bucket_split_time 1.01839 [s]
bucket_sort_time 4.78769 [s]
bucket_to_array_time 0.3868 [s]
table_fill_time 2.37953 [s]
program_time 8.66146 [s]
-------
bucket_split_time 1.00921 [s]
bucket_sort_time 4.7738 [s]
bucket_to_array_time 0.392622 [s]
table_fill_time 2.46245 [s]
program_time 8.72819 [s]
