-------
bucket_split_time 1.03163 [s]
bucket_sort_time 1.35539 [s]
bucket_to_array_time 0.165962 [s]
table_fill_time 1.04829 [s]
program_time 3.70306 [s]
-------
bucket_split_time 1.02966 [s]
bucket_sort_time 1.35516 [s]
bucket_to_array_time 0.167911 [s]
table_fill_time 1.09904 [s]
program_time 3.75425 [s]
-------
bucket_split_time 1.29777 [s]
bucket_sort_time 1.35874 [s]
bucket_to_array_time 0.166642 [s]
table_fill_time 1.06117 [s]
program_time 3.98514 [s]
-------
bucket_split_time 1.24205 [s]
bucket_sort_time 1.36031 [s]
bucket_to_array_time 0.167091 [s]
table_fill_time 1.04685 [s]
program_time 3.91637 [s]
-------
bucket_split_time 1.11576 [s]
bucket_sort_time 1.35461 [s]
bucket_to_array_time 0.162422 [s]
table_fill_time 0.999261 [s]
program_time 3.73259 [s]
-------
bucket_split_time 1.22492 [s]
bucket_sort_time 1.34746 [s]
bucket_to_array_time 0.163555 [s]
table_fill_time 0.978783 [s]
program_time 3.82019 [s]
-------
bucket_split_time 1.29388 [s]
bucket_sort_time 1.40399 [s]
bucket_to_array_time 0.163635 [s]
table_fill_time 0.988514 [s]
program_time 3.95805 [s]
-------
bucket_split_time 1.16728 [s]
bucket_sort_time 1.39335 [s]
bucket_to_array_time 0.163947 [s]
table_fill_time 1.0051 [s]
program_time 3.83302 [s]
-------
bucket_split_time 0.992542 [s]
bucket_sort_time 1.43002 [s]
bucket_to_array_time 0.164553 [s]
table_fill_time 1.03198 [s]
program_time 3.73947 [s]
-------
bucket_split_time 1.41215 [s]
bucket_sort_time 1.37597 [s]
bucket_to_array_time 0.163254 [s]
table_fill_time 1.0689 [s]
program_time 4.12131 [s]
