-------
bucket_split_time 0.10714 [s]
bucket_sort_time 0.171646 [s]
bucket_to_array_time 0.038505 [s]
table_fill_time 0.183734 [s]
program_time 0.509673 [s]
-------
bucket_split_time 0.107447 [s]
bucket_sort_time 0.171325 [s]
bucket_to_array_time 0.038692 [s]
table_fill_time 0.18503 [s]
program_time 0.513213 [s]
-------
bucket_split_time 0.112975 [s]
bucket_sort_time 0.173228 [s]
bucket_to_array_time 0.039006 [s]
table_fill_time 0.183341 [s]
program_time 0.519838 [s]
-------
bucket_split_time 0.109532 [s]
bucket_sort_time 0.172533 [s]
bucket_to_array_time 0.034511 [s]
table_fill_time 0.183712 [s]
program_time 0.508692 [s]
-------
bucket_split_time 0.107121 [s]
bucket_sort_time 0.170768 [s]
bucket_to_array_time 0.038227 [s]
table_fill_time 0.183827 [s]
program_time 0.508845 [s]
-------
bucket_split_time 0.107984 [s]
bucket_sort_time 0.171596 [s]
bucket_to_array_time 0.034053 [s]
table_fill_time 0.185372 [s]
program_time 0.50863 [s]
-------
bucket_split_time 0.112413 [s]
bucket_sort_time 0.173378 [s]
bucket_to_array_time 0.039229 [s]
table_fill_time 0.185918 [s]
program_time 0.522226 [s]
-------
bucket_split_time 0.110904 [s]
bucket_sort_time 0.17396 [s]
bucket_to_array_time 0.033789 [s]
table_fill_time 0.183147 [s]
program_time 0.510225 [s]
-------
bucket_split_time 0.107214 [s]
bucket_sort_time 0.170934 [s]
bucket_to_array_time 0.035183 [s]
table_fill_time 0.18418 [s]
program_time 0.506222 [s]
-------
bucket_split_time 0.107766 [s]
bucket_sort_time 0.171356 [s]
bucket_to_array_time 0.034342 [s]
table_fill_time 0.185044 [s]
program_time 0.509224 [s]
