-------
bucket_split_time 0.288817 [s]
bucket_sort_time 0.092994 [s]
bucket_to_array_time 0.031182 [s]
table_fill_time 0.186339 [s]
program_time 0.642975 [s]
-------
bucket_split_time 0.287726 [s]
bucket_sort_time 0.093284 [s]
bucket_to_array_time 0.030696 [s]
table_fill_time 0.186949 [s]
program_time 0.641229 [s]
-------
bucket_split_time 0.319685 [s]
bucket_sort_time 0.094366 [s]
bucket_to_array_time 0.033512 [s]
table_fill_time 0.18675 [s]
program_time 0.68058 [s]
-------
bucket_split_time 0.297074 [s]
bucket_sort_time 0.094388 [s]
bucket_to_array_time 0.032522 [s]
table_fill_time 0.188395 [s]
program_time 0.657725 [s]
-------
bucket_split_time 0.34036 [s]
bucket_sort_time 0.094307 [s]
bucket_to_array_time 0.042954 [s]
table_fill_time 0.187151 [s]
program_time 0.720709 [s]
-------
bucket_split_time 0.399434 [s]
bucket_sort_time 0.113993 [s]
bucket_to_array_time 0.053722 [s]
table_fill_time 0.267869 [s]
program_time 0.885485 [s]
-------
bucket_split_time 0.388454 [s]
bucket_sort_time 0.123511 [s]
bucket_to_array_time 0.071758 [s]
table_fill_time 0.205279 [s]
program_time 0.873403 [s]
-------
bucket_split_time 0.451392 [s]
bucket_sort_time 0.094306 [s]
bucket_to_array_time 0.034612 [s]
table_fill_time 0.245972 [s]
program_time 0.867378 [s]
-------
bucket_split_time 0.288764 [s]
bucket_sort_time 0.093299 [s]
bucket_to_array_time 0.031436 [s]
table_fill_time 0.284624 [s]
program_time 0.738727 [s]
-------
bucket_split_time 0.323833 [s]
bucket_sort_time 0.095022 [s]
bucket_to_array_time 0.033984 [s]
table_fill_time 0.193807 [s]
program_time 0.69269 [s]
