-------
bucket_split_time 0.237621 [s]
bucket_sort_time 0.619057 [s]
bucket_to_array_time 0.066467 [s]
table_fill_time 0.485358 [s]
program_time 1.42328 [s]
-------
bucket_split_time 0.237758 [s]
bucket_sort_time 0.617954 [s]
bucket_to_array_time 0.066455 [s]
table_fill_time 0.489609 [s]
program_time 1.4236 [s]
-------
bucket_split_time 0.236508 [s]
bucket_sort_time 0.621547 [s]
bucket_to_array_time 0.065478 [s]
table_fill_time 0.507973 [s]
program_time 1.44515 [s]
-------
bucket_split_time 0.240083 [s]
bucket_sort_time 0.617805 [s]
bucket_to_array_time 0.068165 [s]
table_fill_time 0.495882 [s]
program_time 1.43467 [s]
-------
bucket_split_time 0.238382 [s]
bucket_sort_time 0.618947 [s]
bucket_to_array_time 0.068204 [s]
table_fill_time 0.492027 [s]
program_time 1.43269 [s]
-------
bucket_split_time 0.236223 [s]
bucket_sort_time 0.620706 [s]
bucket_to_array_time 0.065925 [s]
table_fill_time 0.496574 [s]
program_time 1.4314 [s]
-------
bucket_split_time 0.23644 [s]
bucket_sort_time 0.616841 [s]
bucket_to_array_time 0.066252 [s]
table_fill_time 0.486688 [s]
program_time 1.42014 [s]
-------
bucket_split_time 0.240953 [s]
bucket_sort_time 0.61836 [s]
bucket_to_array_time 0.066116 [s]
table_fill_time 0.48959 [s]
program_time 1.43043 [s]
-------
bucket_split_time 0.240195 [s]
bucket_sort_time 0.619622 [s]
bucket_to_array_time 0.067241 [s]
table_fill_time 0.50011 [s]
program_time 1.44159 [s]
-------
bucket_split_time 0.237073 [s]
bucket_sort_time 0.619437 [s]
bucket_to_array_time 0.065455 [s]
table_fill_time 0.497626 [s]
program_time 1.43135 [s]
