-------
bucket_split_time 0.578319 [s]
bucket_sort_time 0.676327 [s]
bucket_to_array_time 0.082062 [s]
table_fill_time 0.376841 [s]
program_time 1.78755 [s]
-------
bucket_split_time 0.488339 [s]
bucket_sort_time 0.681734 [s]
bucket_to_array_time 0.082074 [s]
table_fill_time 0.380008 [s]
program_time 1.7028 [s]
-------
bucket_split_time 0.485179 [s]
bucket_sort_time 0.677452 [s]
bucket_to_array_time 0.082039 [s]
table_fill_time 0.365507 [s]
program_time 1.68014 [s]
-------
bucket_split_time 0.490956 [s]
bucket_sort_time 0.675073 [s]
bucket_to_array_time 0.082077 [s]
table_fill_time 0.381547 [s]
program_time 1.70064 [s]
-------
bucket_split_time 0.550009 [s]
bucket_sort_time 0.680144 [s]
bucket_to_array_time 0.08233 [s]
table_fill_time 0.408624 [s]
program_time 1.79488 [s]
-------
bucket_split_time 0.489848 [s]
bucket_sort_time 0.675209 [s]
bucket_to_array_time 0.082071 [s]
table_fill_time 0.372696 [s]
program_time 1.69143 [s]
-------
bucket_split_time 0.494406 [s]
bucket_sort_time 0.681927 [s]
bucket_to_array_time 0.08219 [s]
table_fill_time 0.371022 [s]
program_time 1.70222 [s]
-------
bucket_split_time 0.512335 [s]
bucket_sort_time 0.675506 [s]
bucket_to_array_time 0.083826 [s]
table_fill_time 0.372031 [s]
program_time 1.71975 [s]
-------
bucket_split_time 0.496029 [s]
bucket_sort_time 0.680411 [s]
bucket_to_array_time 0.081941 [s]
table_fill_time 0.379924 [s]
program_time 1.71028 [s]
-------
bucket_split_time 0.494153 [s]
bucket_sort_time 0.676498 [s]
bucket_to_array_time 0.081635 [s]
table_fill_time 0.365397 [s]
program_time 1.68957 [s]
