-------
bucket_split_time 2.49907 [s]
bucket_sort_time 2.70319 [s]
bucket_to_array_time 0.33242 [s]
table_fill_time 2.92926 [s]
program_time 8.62091 [s]
-------
bucket_split_time 2.58288 [s]
bucket_sort_time 2.69922 [s]
bucket_to_array_time 0.329589 [s]
table_fill_time 2.92984 [s]
program_time 8.70989 [s]
-------
bucket_split_time 2.72206 [s]
bucket_sort_time 2.70499 [s]
bucket_to_array_time 0.330929 [s]
table_fill_time 2.93555 [s]
program_time 8.86546 [s]
-------
bucket_split_time 2.58269 [s]
bucket_sort_time 2.69815 [s]
bucket_to_array_time 0.331687 [s]
table_fill_time 2.94026 [s]
program_time 8.72134 [s]
-------
bucket_split_time 2.64307 [s]
bucket_sort_time 2.71339 [s]
bucket_to_array_time 0.328282 [s]
table_fill_time 2.92888 [s]
program_time 8.78227 [s]
-------
bucket_split_time 2.84963 [s]
bucket_sort_time 2.71396 [s]
bucket_to_array_time 0.329716 [s]
table_fill_time 2.93735 [s]
program_time 8.98936 [s]
-------
bucket_split_time 3.17392 [s]
bucket_sort_time 2.70056 [s]
bucket_to_array_time 0.330291 [s]
table_fill_time 2.93809 [s]
program_time 9.30181 [s]
-------
bucket_split_time 3.46854 [s]
bucket_sort_time 2.71349 [s]
bucket_to_array_time 0.32982 [s]
table_fill_time 2.93555 [s]
program_time 9.60196 [s]
-------
bucket_split_time 3.59477 [s]
bucket_sort_time 2.70727 [s]
bucket_to_array_time 0.33228 [s]
table_fill_time 2.93119 [s]
program_time 9.72042 [s]
-------
bucket_split_time 3.39439 [s]
bucket_sort_time 2.71043 [s]
bucket_to_array_time 0.329502 [s]
table_fill_time 2.94234 [s]
program_time 9.535 [s]
