-------
bucket_split_time 1.08327 [s]
bucket_sort_time 0.392674 [s]
bucket_to_array_time 0.080896 [s]
table_fill_time 0.873599 [s]
program_time 2.49761 [s]
-------
bucket_split_time 1.36755 [s]
bucket_sort_time 0.572897 [s]
bucket_to_array_time 0.128618 [s]
table_fill_time 0.634043 [s]
program_time 2.77251 [s]
-------
bucket_split_time 0.923359 [s]
bucket_sort_time 0.422735 [s]
bucket_to_array_time 0.120275 [s]
table_fill_time 0.643803 [s]
program_time 2.17497 [s]
-------
bucket_split_time 0.894357 [s]
bucket_sort_time 0.485617 [s]
bucket_to_array_time 0.121287 [s]
table_fill_time 0.679826 [s]
program_time 2.24632 [s]
-------
bucket_split_time 1.3636 [s]
bucket_sort_time 0.491869 [s]
bucket_to_array_time 0.122646 [s]
table_fill_time 0.734363 [s]
program_time 2.77883 [s]
-------
bucket_split_time 1.26332 [s]
bucket_sort_time 0.363168 [s]
bucket_to_array_time 0.086299 [s]
table_fill_time 0.705297 [s]
program_time 2.48392 [s]
-------
bucket_split_time 1.04099 [s]
bucket_sort_time 0.480246 [s]
bucket_to_array_time 0.12279 [s]
table_fill_time 0.743989 [s]
program_time 2.45318 [s]
-------
bucket_split_time 0.899822 [s]
bucket_sort_time 0.517505 [s]
bucket_to_array_time 0.123877 [s]
table_fill_time 0.730026 [s]
program_time 2.33553 [s]
-------
bucket_split_time 0.923714 [s]
bucket_sort_time 0.674319 [s]
bucket_to_array_time 0.137601 [s]
table_fill_time 0.73898 [s]
program_time 2.54046 [s]
-------
bucket_split_time 1.12862 [s]
bucket_sort_time 0.353695 [s]
bucket_to_array_time 0.085642 [s]
table_fill_time 0.672794 [s]
program_time 2.30839 [s]
