-------
bucket_split_time 1.40835 [s]
bucket_sort_time 6.16367 [s]
bucket_to_array_time 0.390292 [s]
table_fill_time 3.66239 [s]
program_time 11.6963 [s]
-------
bucket_split_time 1.4262 [s]
bucket_sort_time 6.16592 [s]
bucket_to_array_time 0.389679 [s]
table_fill_time 3.67756 [s]
program_time 11.7384 [s]
-------
bucket_split_time 1.41167 [s]
bucket_sort_time 6.54175 [s]
bucket_to_array_time 0.387808 [s]
table_fill_time 3.67679 [s]
program_time 12.0901 [s]
-------
bucket_split_time 1.43337 [s]
bucket_sort_time 6.36683 [s]
bucket_to_array_time 0.485712 [s]
table_fill_time 4.39571 [s]
program_time 12.7676 [s]
-------
bucket_split_time 1.42264 [s]
bucket_sort_time 6.4998 [s]
bucket_to_array_time 0.387105 [s]
table_fill_time 3.71847 [s]
program_time 12.0995 [s]
-------
bucket_split_time 1.55523 [s]
bucket_sort_time 6.20647 [s]
bucket_to_array_time 0.386972 [s]
table_fill_time 3.66347 [s]
program_time 11.8882 [s]
-------
bucket_split_time 1.44184 [s]
bucket_sort_time 6.30763 [s]
bucket_to_array_time 0.452892 [s]
table_fill_time 4.07927 [s]
program_time 12.3896 [s]
-------
bucket_split_time 1.42939 [s]
bucket_sort_time 6.45798 [s]
bucket_to_array_time 0.387403 [s]
table_fill_time 3.6716 [s]
program_time 12.0161 [s]
-------
bucket_split_time 1.45464 [s]
bucket_sort_time 6.47231 [s]
bucket_to_array_time 0.387989 [s]
table_fill_time 3.65935 [s]
program_time 12.0451 [s]
-------
bucket_split_time 1.44731 [s]
bucket_sort_time 6.19928 [s]
bucket_to_array_time 0.388293 [s]
table_fill_time 4.03442 [s]
program_time 12.1451 [s]
