-------
bucket_split_time 7.75287 [s]
bucket_sort_time 1.53866 [s]
bucket_to_array_time 0.700672 [s]
table_fill_time 2.20382 [s]
program_time 13.4968 [s]
-------
bucket_split_time 7.85332 [s]
bucket_sort_time 1.48614 [s]
bucket_to_array_time 0.481358 [s]
table_fill_time 1.93369 [s]
program_time 13.0453 [s]
-------
bucket_split_time 7.68255 [s]
bucket_sort_time 1.54754 [s]
bucket_to_array_time 0.522962 [s]
table_fill_time 2.13792 [s]
program_time 13.164 [s]
-------
bucket_split_time 7.98389 [s]
bucket_sort_time 1.46312 [s]
bucket_to_array_time 0.485288 [s]
table_fill_time 2.00341 [s]
program_time 13.2151 [s]
-------
bucket_split_time 7.60189 [s]
bucket_sort_time 1.45436 [s]
bucket_to_array_time 0.488086 [s]
table_fill_time 2.28725 [s]
program_time 13.117 [s]
-------
bucket_split_time 8.34197 [s]
bucket_sort_time 1.45663 [s]
bucket_to_array_time 0.485143 [s]
table_fill_time 2.26118 [s]
program_time 13.8303 [s]
-------
bucket_split_time 8.33624 [s]
bucket_sort_time 1.45249 [s]
bucket_to_array_time 0.485083 [s]
table_fill_time 2.40378 [s]
program_time 13.9502 [s]
-------
bucket_split_time 8.32246 [s]
bucket_sort_time 1.4573 [s]
bucket_to_array_time 0.48379 [s]
table_fill_time 2.23006 [s]
program_time 13.7773 [s]
-------
bucket_split_time 7.86823 [s]
bucket_sort_time 1.45625 [s]
bucket_to_array_time 0.482685 [s]
table_fill_time 2.31508 [s]
program_time 13.4392 [s]
-------
bucket_split_time 8.50766 [s]
bucket_sort_time 1.46021 [s]
bucket_to_array_time 0.483474 [s]
table_fill_time 2.24993 [s]
program_time 13.952 [s]
