-------
bucket_split_time 0.57524 [s]
bucket_sort_time 0.094728 [s]
bucket_to_array_time 0.033875 [s]
table_fill_time 0.121536 [s]
program_time 0.902873 [s]
-------
bucket_split_time 0.576959 [s]
bucket_sort_time 0.095082 [s]
bucket_to_array_time 0.034076 [s]
table_fill_time 0.121675 [s]
program_time 0.904394 [s]
-------
bucket_split_time 0.583499 [s]
bucket_sort_time 0.09274 [s]
bucket_to_array_time 0.030043 [s]
table_fill_time 0.124422 [s]
program_time 0.907458 [s]
-------
bucket_split_time 0.582385 [s]
bucket_sort_time 0.095154 [s]
bucket_to_array_time 0.032179 [s]
table_fill_time 0.12275 [s]
program_time 0.913993 [s]
-------
bucket_split_time 0.603168 [s]
bucket_sort_time 0.096624 [s]
bucket_to_array_time 0.041773 [s]
table_fill_time 0.121651 [s]
program_time 0.946052 [s]
-------
bucket_split_time 0.821135 [s]
bucket_sort_time 0.093034 [s]
bucket_to_array_time 0.035074 [s]
table_fill_time 0.120681 [s]
program_time 1.15143 [s]
-------
bucket_split_time 0.693479 [s]
bucket_sort_time 0.094891 [s]
bucket_to_array_time 0.034094 [s]
table_fill_time 0.128684 [s]
program_time 1.0319 [s]
-------
bucket_split_time 0.810516 [s]
bucket_sort_time 0.098585 [s]
bucket_to_array_time 0.037912 [s]
table_fill_time 0.099449 [s]
program_time 1.12864 [s]
-------
bucket_split_time 0.627041 [s]
bucket_sort_time 0.094851 [s]
bucket_to_array_time 0.03608 [s]
table_fill_time 0.131567 [s]
program_time 0.972061 [s]
-------
bucket_split_time 0.82371 [s]
bucket_sort_time 0.100878 [s]
bucket_to_array_time 0.034142 [s]
table_fill_time 0.100896 [s]
program_time 1.14049 [s]
