-------
bucket_split_time 7.90319 [s]
bucket_sort_time 1.5205 [s]
bucket_to_array_time 0.547317 [s]
table_fill_time 2.92529 [s]
program_time 13.8325 [s]
-------
bucket_split_time 7.86078 [s]
bucket_sort_time 1.49982 [s]
bucket_to_array_time 0.547079 [s]
table_fill_time 2.92969 [s]
program_time 13.7705 [s]
-------
bucket_split_time 7.96046 [s]
bucket_sort_time 1.49823 [s]
bucket_to_array_time 0.543836 [s]
table_fill_time 2.93051 [s]
program_time 13.8743 [s]
-------
bucket_split_time 7.87166 [s]
bucket_sort_time 1.49862 [s]
bucket_to_array_time 0.547714 [s]
table_fill_time 2.93121 [s]
program_time 13.7785 [s]
-------
bucket_split_time 7.88563 [s]
bucket_sort_time 1.4978 [s]
bucket_to_array_time 0.549715 [s]
table_fill_time 2.92464 [s]
program_time 13.7844 [s]
-------
bucket_split_time 7.91326 [s]
bucket_sort_time 1.49277 [s]
bucket_to_array_time 0.54446 [s]
table_fill_time 2.92774 [s]
program_time 13.8185 [s]
-------
bucket_split_time 7.69338 [s]
bucket_sort_time 1.4885 [s]
bucket_to_array_time 0.544386 [s]
table_fill_time 2.92759 [s]
program_time 13.554 [s]
-------
bucket_split_time 7.64846 [s]
bucket_sort_time 1.48788 [s]
bucket_to_array_time 0.539411 [s]
table_fill_time 2.926 [s]
program_time 13.5042 [s]
-------
bucket_split_time 7.53307 [s]
bucket_sort_time 1.4909 [s]
bucket_to_array_time 0.547329 [s]
table_fill_time 2.92332 [s]
program_time 13.4286 [s]
-------
bucket_split_time 7.8226 [s]
bucket_sort_time 1.49618 [s]
bucket_to_array_time 0.546296 [s]
table_fill_time 2.92804 [s]
program_time 13.7269 [s]
