-------
bucket_split_time 0.971615 [s]
bucket_sort_time 2.87622 [s]
bucket_to_array_time 0.234371 [s]
table_fill_time 2.19964 [s]
program_time 6.3288 [s]
-------
bucket_split_time 0.981591 [s]
bucket_sort_time 2.87761 [s]
bucket_to_array_time 0.235392 [s]
table_fill_time 2.19427 [s]
program_time 6.33635 [s]
-------
bucket_split_time 0.988273 [s]
bucket_sort_time 2.87736 [s]
bucket_to_array_time 0.232312 [s]
table_fill_time 2.19567 [s]
program_time 6.34206 [s]
-------
bucket_split_time 0.977661 [s]
bucket_sort_time 2.87582 [s]
bucket_to_array_time 0.233312 [s]
table_fill_time 2.19812 [s]
program_time 6.33155 [s]
-------
bucket_split_time 0.993262 [s]
bucket_sort_time 2.87859 [s]
bucket_to_array_time 0.234614 [s]
table_fill_time 2.20553 [s]
program_time 6.36207 [s]
-------
bucket_split_time 0.98567 [s]
bucket_sort_time 2.87735 [s]
bucket_to_array_time 0.233897 [s]
table_fill_time 2.20562 [s]
program_time 6.35295 [s]
-------
bucket_split_time 0.984362 [s]
bucket_sort_time 2.88048 [s]
bucket_to_array_time 0.231604 [s]
table_fill_time 2.19785 [s]
program_time 6.34342 [s]
-------
bucket_split_time 0.967027 [s]
bucket_sort_time 2.87702 [s]
bucket_to_array_time 0.233514 [s]
table_fill_time 2.19963 [s]
program_time 6.32499 [s]
-------
bucket_split_time 0.97874 [s]
bucket_sort_time 2.87945 [s]
bucket_to_array_time 0.235364 [s]
table_fill_time 2.20103 [s]
program_time 6.34328 [s]
-------
bucket_split_time 0.964275 [s]
bucket_sort_time 2.87893 [s]
bucket_to_array_time 0.235645 [s]
table_fill_time 2.19517 [s]
program_time 6.32056 [s]
