-------
bucket_split_time 1.9946 [s]
bucket_sort_time 2.67938 [s]
bucket_to_array_time 0.327999 [s]
table_fill_time 1.35328 [s]
program_time 6.64101 [s]
-------
bucket_split_time 2.09815 [s]
bucket_sort_time 2.67422 [s]
bucket_to_array_time 0.327733 [s]
table_fill_time 1.44844 [s]
program_time 6.82579 [s]
-------
bucket_split_time 2.02975 [s]
bucket_sort_time 2.67754 [s]
bucket_to_array_time 0.326282 [s]
table_fill_time 1.40935 [s]
program_time 6.70954 [s]
-------
bucket_split_time 2.04192 [s]
bucket_sort_time 2.69039 [s]
bucket_to_array_time 0.32703 [s]
table_fill_time 1.4354 [s]
program_time 6.78402 [s]
-------
bucket_split_time 2.08968 [s]
bucket_sort_time 2.69591 [s]
bucket_to_array_time 0.328706 [s]
table_fill_time 1.4273 [s]
program_time 6.82253 [s]
-------
bucket_split_time 1.94905 [s]
bucket_sort_time 2.67582 [s]
bucket_to_array_time 0.327255 [s]
table_fill_time 1.43568 [s]
program_time 6.67128 [s]
-------
bucket_split_time 2.06978 [s]
bucket_sort_time 2.68448 [s]
bucket_to_array_time 0.324903 [s]
table_fill_time 1.48621 [s]
program_time 6.87108 [s]
-------
bucket_split_time 2.01056 [s]
bucket_sort_time 2.68647 [s]
bucket_to_array_time 0.329332 [s]
table_fill_time 1.47588 [s]
program_time 6.7615 [s]
-------
bucket_split_time 2.02467 [s]
bucket_sort_time 2.68231 [s]
bucket_to_array_time 0.327798 [s]
table_fill_time 1.43456 [s]
program_time 6.75469 [s]
-------
bucket_split_time 2.11062 [s]
bucket_sort_time 2.67295 [s]
bucket_to_array_time 0.32587 [s]
table_fill_time 1.40372 [s]
program_time 6.7931 [s]
