-------
bucket_split_time 0.446407 [s]
bucket_sort_time 1.9109 [s]
bucket_to_array_time 0.157271 [s]
table_fill_time 0.672889 [s]
program_time 3.23042 [s]
-------
bucket_split_time 0.455103 [s]
bucket_sort_time 1.91191 [s]
bucket_to_array_time 0.155889 [s]
table_fill_time 0.666268 [s]
program_time 3.2307 [s]
-------
bucket_split_time 0.447292 [s]
bucket_sort_time 1.91109 [s]
bucket_to_array_time 0.157303 [s]
table_fill_time 0.732447 [s]
program_time 3.2917 [s]
-------
bucket_split_time 0.455773 [s]
bucket_sort_time 1.91297 [s]
bucket_to_array_time 0.158092 [s]
table_fill_time 0.714898 [s]
program_time 3.28401 [s]
-------
bucket_split_time 0.471802 [s]
bucket_sort_time 1.91496 [s]
bucket_to_array_time 0.159492 [s]
table_fill_time 0.736157 [s]
program_time 3.32597 [s]
-------
bucket_split_time 0.453714 [s]
bucket_sort_time 1.91461 [s]
bucket_to_array_time 0.158009 [s]
table_fill_time 0.670272 [s]
program_time 3.2411 [s]
-------
bucket_split_time 0.439159 [s]
bucket_sort_time 1.91108 [s]
bucket_to_array_time 0.159244 [s]
table_fill_time 0.666057 [s]
program_time 3.21877 [s]
-------
bucket_split_time 0.448515 [s]
bucket_sort_time 1.92258 [s]
bucket_to_array_time 0.157262 [s]
table_fill_time 0.777009 [s]
program_time 3.34887 [s]
-------
bucket_split_time 0.468722 [s]
bucket_sort_time 1.91718 [s]
bucket_to_array_time 0.157388 [s]
table_fill_time 0.71533 [s]
program_time 3.30027 [s]
-------
bucket_split_time 0.450069 [s]
bucket_sort_time 1.91575 [s]
bucket_to_array_time 0.157626 [s]
table_fill_time 0.741745 [s]
program_time 3.30795 [s]
