-------
bucket_split_time 3.20602 [s]
bucket_sort_time 2.0189 [s]
bucket_to_array_time 0.246777 [s]
table_fill_time 1.24247 [s]
program_time 6.91175 [s]
-------
bucket_split_time 3.30314 [s]
bucket_sort_time 2.02752 [s]
bucket_to_array_time 0.245876 [s]
table_fill_time 1.15382 [s]
program_time 6.93791 [s]
-------
bucket_split_time 2.62511 [s]
bucket_sort_time 2.03502 [s]
bucket_to_array_time 0.245874 [s]
table_fill_time 1.10311 [s]
program_time 6.20814 [s]
-------
bucket_split_time 3.18849 [s]
bucket_sort_time 2.02174 [s]
bucket_to_array_time 0.246187 [s]
table_fill_time 1.31647 [s]
program_time 6.97154 [s]
-------
bucket_split_time 2.98115 [s]
bucket_sort_time 2.01827 [s]
bucket_to_array_time 0.248113 [s]
table_fill_time 1.15624 [s]
program_time 6.59927 [s]
-------
bucket_split_time 3.26773 [s]
bucket_sort_time 2.01855 [s]
bucket_to_array_time 0.247784 [s]
table_fill_time 1.09438 [s]
program_time 6.84417 [s]
-------
bucket_split_time 3.08895 [s]
bucket_sort_time 2.02916 [s]
bucket_to_array_time 0.248994 [s]
table_fill_time 1.28339 [s]
program_time 6.86367 [s]
-------
bucket_split_time 3.07485 [s]
bucket_sort_time 2.02465 [s]
bucket_to_array_time 0.249924 [s]
table_fill_time 1.44624 [s]
program_time 6.99476 [s]
-------
bucket_split_time 3.31134 [s]
bucket_sort_time 2.03169 [s]
bucket_to_array_time 0.252964 [s]
table_fill_time 1.47491 [s]
program_time 7.27279 [s]
-------
bucket_split_time 2.81822 [s]
bucket_sort_time 2.03059 [s]
bucket_to_array_time 0.247846 [s]
table_fill_time 1.46867 [s]
program_time 6.7611 [s]
