-------
bucket_split_time 1.62338 [s]
bucket_sort_time 0.370201 [s]
bucket_to_array_time 0.121036 [s]
table_fill_time 0.488762 [s]
program_time 2.88803 [s]
-------
bucket_split_time 1.91918 [s]
bucket_sort_time 0.376845 [s]
bucket_to_array_time 0.122679 [s]
table_fill_time 0.501323 [s]
program_time 3.44215 [s]
-------
bucket_split_time 2.03248 [s]
bucket_sort_time 0.372414 [s]
bucket_to_array_time 0.120675 [s]
table_fill_time 0.784597 [s]
program_time 3.60642 [s]
-------
bucket_split_time 1.61784 [s]
bucket_sort_time 0.370793 [s]
bucket_to_array_time 0.124608 [s]
table_fill_time 0.507173 [s]
program_time 2.89267 [s]
-------
bucket_split_time 2.6836 [s]
bucket_sort_time 0.519859 [s]
bucket_to_array_time 0.125323 [s]
table_fill_time 0.517698 [s]
program_time 4.12772 [s]
-------
bucket_split_time 1.69229 [s]
bucket_sort_time 0.372187 [s]
bucket_to_array_time 0.120904 [s]
table_fill_time 0.49039 [s]
program_time 2.92934 [s]
-------
bucket_split_time 2.04869 [s]
bucket_sort_time 0.373693 [s]
bucket_to_array_time 0.195626 [s]
table_fill_time 0.496637 [s]
program_time 3.61305 [s]
-------
bucket_split_time 1.92578 [s]
bucket_sort_time 0.372262 [s]
bucket_to_array_time 0.121067 [s]
table_fill_time 0.740169 [s]
program_time 3.41134 [s]
-------
bucket_split_time 1.67009 [s]
bucket_sort_time 0.372205 [s]
bucket_to_array_time 0.122769 [s]
table_fill_time 0.480559 [s]
program_time 2.93902 [s]
-------
bucket_split_time 3.19611 [s]
bucket_sort_time 0.37274 [s]
bucket_to_array_time 0.120168 [s]
table_fill_time 0.517138 [s]
program_time 4.45635 [s]
