-------
bucket_split_time 1.14209 [s]
bucket_sort_time 2.87486 [s]
bucket_to_array_time 0.23537 [s]
table_fill_time 1.37359 [s]
program_time 5.68562 [s]
-------
bucket_split_time 0.966607 [s]
bucket_sort_time 2.87056 [s]
bucket_to_array_time 0.243751 [s]
table_fill_time 1.43247 [s]
program_time 5.57861 [s]
-------
bucket_split_time 1.03893 [s]
bucket_sort_time 2.87478 [s]
bucket_to_array_time 0.242693 [s]
table_fill_time 1.39925 [s]
program_time 5.61693 [s]
-------
bucket_split_time 1.20375 [s]
bucket_sort_time 2.86754 [s]
bucket_to_array_time 0.256464 [s]
table_fill_time 1.44608 [s]
program_time 5.83235 [s]
-------
bucket_split_time 0.837772 [s]
bucket_sort_time 2.87156 [s]
bucket_to_array_time 0.25017 [s]
table_fill_time 1.42396 [s]
program_time 5.44512 [s]
-------
bucket_split_time 0.87461 [s]
bucket_sort_time 2.87238 [s]
bucket_to_array_time 0.238756 [s]
table_fill_time 1.51765 [s]
program_time 5.58104 [s]
-------
bucket_split_time 0.971067 [s]
bucket_sort_time 2.86346 [s]
bucket_to_array_time 0.238268 [s]
table_fill_time 1.28507 [s]
program_time 5.45172 [s]
-------
bucket_split_time 1.01968 [s]
bucket_sort_time 2.90294 [s]
bucket_to_array_time 0.240618 [s]
table_fill_time 1.27408 [s]
program_time 5.50786 [s]
-------
bucket_split_time 0.708468 [s]
bucket_sort_time 2.98419 [s]
bucket_to_array_time 0.237728 [s]
table_fill_time 1.35047 [s]
program_time 5.37237 [s]
-------
bucket_split_time 0.791725 [s]
bucket_sort_time 3.01604 [s]
bucket_to_array_time 0.285219 [s]
table_fill_time 1.34437 [s]
program_time 5.52769 [s]
