-------
bucket_split_time 1.23519 [s]
bucket_sort_time 1.59481 [s]
bucket_to_array_time 0.216907 [s]
table_fill_time 1.71645 [s]
program_time 4.83911 [s]
-------
bucket_split_time 1.23866 [s]
bucket_sort_time 1.59492 [s]
bucket_to_array_time 0.219916 [s]
table_fill_time 1.76985 [s]
program_time 4.89797 [s]
-------
bucket_split_time 1.33091 [s]
bucket_sort_time 1.59852 [s]
bucket_to_array_time 0.218953 [s]
table_fill_time 1.86568 [s]
program_time 5.09109 [s]
-------
bucket_split_time 1.23559 [s]
bucket_sort_time 1.60193 [s]
bucket_to_array_time 0.218714 [s]
table_fill_time 1.66168 [s]
program_time 4.79489 [s]
-------
bucket_split_time 1.25946 [s]
bucket_sort_time 1.6004 [s]
bucket_to_array_time 0.217297 [s]
table_fill_time 1.78726 [s]
program_time 4.94082 [s]
-------
bucket_split_time 1.26176 [s]
bucket_sort_time 1.59977 [s]
bucket_to_array_time 0.218135 [s]
table_fill_time 1.7898 [s]
program_time 4.94627 [s]
-------
bucket_split_time 1.23121 [s]
bucket_sort_time 1.60422 [s]
bucket_to_array_time 0.21875 [s]
table_fill_time 1.84325 [s]
program_time 4.97297 [s]
-------
bucket_split_time 1.23825 [s]
bucket_sort_time 1.59648 [s]
bucket_to_array_time 0.22062 [s]
table_fill_time 1.72553 [s]
program_time 4.85713 [s]
-------
bucket_split_time 1.2345 [s]
bucket_sort_time 1.5986 [s]
bucket_to_array_time 0.217752 [s]
table_fill_time 1.70748 [s]
program_time 4.83138 [s]
-------
bucket_split_time 1.23778 [s]
bucket_sort_time 1.59688 [s]
bucket_to_array_time 0.217304 [s]
table_fill_time 1.67821 [s]
program_time 4.80756 [s]
