-------
bucket_split_time 2.79574 [s]
bucket_sort_time 2.67986 [s]
bucket_to_array_time 0.331627 [s]
table_fill_time 1.32186 [s]
program_time 7.44167 [s]
-------
bucket_split_time 2.78595 [s]
bucket_sort_time 2.70001 [s]
bucket_to_array_time 0.328761 [s]
table_fill_time 1.3731 [s]
program_time 7.50586 [s]
-------
bucket_split_time 2.77869 [s]
bucket_sort_time 2.68419 [s]
bucket_to_array_time 0.328816 [s]
table_fill_time 1.52849 [s]
program_time 7.64285 [s]
-------
bucket_split_time 2.76364 [s]
bucket_sort_time 2.67748 [s]
bucket_to_array_time 0.328354 [s]
table_fill_time 1.29084 [s]
program_time 7.38152 [s]
-------
bucket_split_time 2.79964 [s]
bucket_sort_time 2.68108 [s]
bucket_to_array_time 0.326489 [s]
table_fill_time 1.39773 [s]
program_time 7.52562 [s]
-------
bucket_split_time 2.83011 [s]
bucket_sort_time 2.68757 [s]
bucket_to_array_time 0.330288 [s]
table_fill_time 1.38626 [s]
program_time 7.556 [s]
-------
bucket_split_time 2.78113 [s]
bucket_sort_time 2.68982 [s]
bucket_to_array_time 0.328687 [s]
table_fill_time 1.52878 [s]
program_time 7.64353 [s]
-------
bucket_split_time 2.80635 [s]
bucket_sort_time 2.6864 [s]
bucket_to_array_time 0.329617 [s]
table_fill_time 1.42559 [s]
program_time 7.5586 [s]
-------
bucket_split_time 2.82794 [s]
bucket_sort_time 2.69824 [s]
bucket_to_array_time 0.328964 [s]
table_fill_time 1.47032 [s]
program_time 7.64003 [s]
-------
bucket_split_time 2.83024 [s]
bucket_sort_time 2.68241 [s]
bucket_to_array_time 0.328889 [s]
table_fill_time 1.39043 [s]
program_time 7.55226 [s]
