-------
bucket_split_time 6.49264 [s]
bucket_sort_time 1.13702 [s]
bucket_to_array_time 0.527209 [s]
table_fill_time 2.23955 [s]
program_time 11.1401 [s]
-------
bucket_split_time 6.07972 [s]
bucket_sort_time 1.12858 [s]
bucket_to_array_time 0.408074 [s]
table_fill_time 2.62563 [s]
program_time 10.9329 [s]
-------
bucket_split_time 5.68763 [s]
bucket_sort_time 1.1276 [s]
bucket_to_array_time 0.409547 [s]
table_fill_time 2.20004 [s]
program_time 10.1135 [s]
-------
bucket_split_time 5.67354 [s]
bucket_sort_time 1.12734 [s]
bucket_to_array_time 0.408376 [s]
table_fill_time 2.19658 [s]
program_time 10.0953 [s]
-------
bucket_split_time 5.71138 [s]
bucket_sort_time 1.12807 [s]
bucket_to_array_time 0.409671 [s]
table_fill_time 2.19941 [s]
program_time 10.1417 [s]
-------
bucket_split_time 5.79902 [s]
bucket_sort_time 1.12994 [s]
bucket_to_array_time 0.414023 [s]
table_fill_time 2.22723 [s]
program_time 10.2629 [s]
-------
bucket_split_time 5.78141 [s]
bucket_sort_time 1.13019 [s]
bucket_to_array_time 0.41191 [s]
table_fill_time 2.19364 [s]
program_time 10.2138 [s]
-------
bucket_split_time 5.86416 [s]
bucket_sort_time 1.12644 [s]
bucket_to_array_time 0.414144 [s]
table_fill_time 2.19819 [s]
program_time 10.3144 [s]
-------
bucket_split_time 5.78742 [s]
bucket_sort_time 1.1284 [s]
bucket_to_array_time 0.412871 [s]
table_fill_time 2.19509 [s]
program_time 10.229 [s]
-------
bucket_split_time 5.91326 [s]
bucket_sort_time 1.12943 [s]
bucket_to_array_time 0.414206 [s]
table_fill_time 2.1996 [s]
program_time 10.3574 [s]
