-------
bucket_split_time 2.85442 [s]
bucket_sort_time 2.69548 [s]
bucket_to_array_time 0.332649 [s]
table_fill_time 2.31612 [s]
program_time 8.41511 [s]
-------
bucket_split_time 2.66164 [s]
bucket_sort_time 2.69772 [s]
bucket_to_array_time 0.327629 [s]
table_fill_time 2.26761 [s]
program_time 8.18019 [s]
-------
bucket_split_time 2.93244 [s]
bucket_sort_time 2.69281 [s]
bucket_to_array_time 0.329297 [s]
table_fill_time 2.3106 [s]
program_time 8.49625 [s]
-------
bucket_split_time 3.17938 [s]
bucket_sort_time 2.69858 [s]
bucket_to_array_time 0.332923 [s]
table_fill_time 2.19568 [s]
program_time 8.62985 [s]
-------
bucket_split_time 3.16737 [s]
bucket_sort_time 2.69853 [s]
bucket_to_array_time 0.327312 [s]
table_fill_time 2.24255 [s]
program_time 8.64745 [s]
-------
bucket_split_time 3.68629 [s]
bucket_sort_time 2.69735 [s]
bucket_to_array_time 0.326487 [s]
table_fill_time 2.22632 [s]
program_time 9.14992 [s]
-------
bucket_split_time 3.57743 [s]
bucket_sort_time 2.69327 [s]
bucket_to_array_time 0.329214 [s]
table_fill_time 2.16288 [s]
program_time 8.97847 [s]
-------
bucket_split_time 3.47764 [s]
bucket_sort_time 2.69718 [s]
bucket_to_array_time 0.328744 [s]
table_fill_time 2.1943 [s]
program_time 8.91062 [s]
-------
bucket_split_time 2.34874 [s]
bucket_sort_time 2.69252 [s]
bucket_to_array_time 0.326811 [s]
table_fill_time 2.05963 [s]
program_time 7.63932 [s]
-------
bucket_split_time 2.33412 [s]
bucket_sort_time 2.73066 [s]
bucket_to_array_time 0.328119 [s]
table_fill_time 2.32298 [s]
program_time 7.93943 [s]
