-------
bucket_split_time 1.02332 [s]
bucket_sort_time 1.36144 [s]
bucket_to_array_time 0.165825 [s]
table_fill_time 1.53934 [s]
program_time 4.17088 [s]
-------
bucket_split_time 1.11822 [s]
bucket_sort_time 1.35654 [s]
bucket_to_array_time 0.166334 [s]
table_fill_time 1.46698 [s]
program_time 4.18375 [s]
-------
bucket_split_time 1.11757 [s]
bucket_sort_time 1.3584 [s]
bucket_to_array_time 0.164987 [s]
table_fill_time 1.46651 [s]
program_time 4.18276 [s]
-------
bucket_split_time 1.02268 [s]
bucket_sort_time 1.35595 [s]
bucket_to_array_time 0.163684 [s]
table_fill_time 1.46579 [s]
program_time 4.07934 [s]
-------
bucket_split_time 1.13215 [s]
bucket_sort_time 1.35843 [s]
bucket_to_array_time 0.164975 [s]
table_fill_time 1.46961 [s]
program_time 4.20083 [s]
-------
bucket_split_time 1.08361 [s]
bucket_sort_time 1.3586 [s]
bucket_to_array_time 0.166178 [s]
table_fill_time 1.46721 [s]
program_time 4.14962 [s]
-------
bucket_split_time 1.02921 [s]
bucket_sort_time 1.35644 [s]
bucket_to_array_time 0.165825 [s]
table_fill_time 1.46607 [s]
program_time 4.09446 [s]
-------
bucket_split_time 1.16668 [s]
bucket_sort_time 1.35733 [s]
bucket_to_array_time 0.166363 [s]
table_fill_time 1.46783 [s]
program_time 4.23122 [s]
-------
bucket_split_time 1.03115 [s]
bucket_sort_time 1.35928 [s]
bucket_to_array_time 0.165302 [s]
table_fill_time 1.46622 [s]
program_time 4.09915 [s]
-------
bucket_split_time 1.01201 [s]
bucket_sort_time 1.35896 [s]
bucket_to_array_time 0.16421 [s]
table_fill_time 1.46727 [s]
program_time 4.07894 [s]
