-------
bucket_split_time 9.27619 [s]
bucket_sort_time 1.09674 [s]
bucket_to_array_time 0.3697 [s]
table_fill_time 1.42768 [s]
program_time 13.5566 [s]
-------
bucket_split_time 10.1415 [s]
bucket_sort_time 1.26337 [s]
bucket_to_array_time 0.362665 [s]
table_fill_time 1.01227 [s]
program_time 14.0913 [s]
-------
bucket_split_time 9.87135 [s]
bucket_sort_time 1.10119 [s]
bucket_to_array_time 0.362132 [s]
table_fill_time 0.987812 [s]
program_time 13.7267 [s]
-------
bucket_split_time 11.6146 [s]
bucket_sort_time 1.3585 [s]
bucket_to_array_time 0.361858 [s]
table_fill_time 1.09651 [s]
program_time 15.9422 [s]
-------
bucket_split_time 12.3682 [s]
bucket_sort_time 1.17446 [s]
bucket_to_array_time 0.385121 [s]
table_fill_time 1.29041 [s]
program_time 16.6275 [s]
-------
bucket_split_time 8.25942 [s]
bucket_sort_time 1.09424 [s]
bucket_to_array_time 0.357779 [s]
table_fill_time 1.2113 [s]
program_time 12.3302 [s]
-------
bucket_split_time 7.27625 [s]
bucket_sort_time 1.0943 [s]
bucket_to_array_time 0.358129 [s]
table_fill_time 1.07622 [s]
program_time 11.1715 [s]
-------
bucket_split_time 7.29916 [s]
bucket_sort_time 1.09685 [s]
bucket_to_array_time 0.360657 [s]
table_fill_time 1.07174 [s]
program_time 11.1378 [s]
-------
bucket_split_time 7.27422 [s]
bucket_sort_time 1.09671 [s]
bucket_to_array_time 0.360221 [s]
table_fill_time 1.10569 [s]
program_time 11.1612 [s]
-------
bucket_split_time 7.26612 [s]
bucket_sort_time 1.09435 [s]
bucket_to_array_time 0.359674 [s]
table_fill_time 1.0416 [s]
program_time 11.1079 [s]
