-------
bucket_split_time 0.279569 [s]
bucket_sort_time 2.47083 [s]
bucket_to_array_time 0.159818 [s]
table_fill_time 1.04998 [s]
program_time 3.9908 [s]
-------
bucket_split_time 0.279931 [s]
bucket_sort_time 2.4704 [s]
bucket_to_array_time 0.158785 [s]
table_fill_time 0.963442 [s]
program_time 3.90114 [s]
-------
bucket_split_time 0.377576 [s]
bucket_sort_time 2.46669 [s]
bucket_to_array_time 0.153634 [s]
table_fill_time 0.960248 [s]
program_time 3.98834 [s]
-------
bucket_split_time 0.295072 [s]
bucket_sort_time 2.51434 [s]
bucket_to_array_time 0.154784 [s]
table_fill_time 1.06814 [s]
program_time 4.06115 [s]
-------
bucket_split_time 0.306078 [s]
bucket_sort_time 2.53699 [s]
bucket_to_array_time 0.156105 [s]
table_fill_time 1.09749 [s]
program_time 4.13045 [s]
-------
bucket_split_time 0.274319 [s]
bucket_sort_time 2.53898 [s]
bucket_to_array_time 0.158123 [s]
table_fill_time 1.12109 [s]
program_time 4.11933 [s]
-------
bucket_split_time 0.272803 [s]
bucket_sort_time 2.47345 [s]
bucket_to_array_time 0.158259 [s]
table_fill_time 1.06654 [s]
program_time 4.00924 [s]
-------
bucket_split_time 0.280997 [s]
bucket_sort_time 2.50504 [s]
bucket_to_array_time 0.157922 [s]
table_fill_time 1.05354 [s]
program_time 4.02829 [s]
-------
bucket_split_time 0.520503 [s]
bucket_sort_time 2.64837 [s]
bucket_to_array_time 0.166033 [s]
table_fill_time 1.14295 [s]
program_time 4.52049 [s]
-------
bucket_split_time 0.478103 [s]
bucket_sort_time 2.71985 [s]
bucket_to_array_time 0.155335 [s]
table_fill_time 1.09018 [s]
program_time 4.47462 [s]
