-------
bucket_split_time 0.667346 [s]
bucket_sort_time 3.82267 [s]
bucket_to_array_time 0.311172 [s]
table_fill_time 1.43447 [s]
program_time 6.31614 [s]
-------
bucket_split_time 0.655139 [s]
bucket_sort_time 3.81746 [s]
bucket_to_array_time 0.314782 [s]
table_fill_time 1.51656 [s]
program_time 6.38177 [s]
-------
bucket_split_time 0.649459 [s]
bucket_sort_time 3.81164 [s]
bucket_to_array_time 0.313063 [s]
table_fill_time 1.3522 [s]
program_time 6.20533 [s]
-------
bucket_split_time 0.655361 [s]
bucket_sort_time 3.82524 [s]
bucket_to_array_time 0.309907 [s]
table_fill_time 1.46769 [s]
program_time 6.33625 [s]
-------
bucket_split_time 0.655976 [s]
bucket_sort_time 3.80841 [s]
bucket_to_array_time 0.31186 [s]
table_fill_time 1.33843 [s]
program_time 6.20506 [s]
-------
bucket_split_time 0.654822 [s]
bucket_sort_time 3.81216 [s]
bucket_to_array_time 0.314268 [s]
table_fill_time 1.34583 [s]
program_time 6.20387 [s]
-------
bucket_split_time 0.64552 [s]
bucket_sort_time 3.81136 [s]
bucket_to_array_time 0.312567 [s]
table_fill_time 1.32733 [s]
program_time 6.17754 [s]
-------
bucket_split_time 0.641877 [s]
bucket_sort_time 3.80866 [s]
bucket_to_array_time 0.309942 [s]
table_fill_time 1.35786 [s]
program_time 6.19756 [s]
-------
bucket_split_time 0.644725 [s]
bucket_sort_time 3.80967 [s]
bucket_to_array_time 0.312579 [s]
table_fill_time 1.36708 [s]
program_time 6.21656 [s]
-------
bucket_split_time 0.641637 [s]
bucket_sort_time 3.81512 [s]
bucket_to_array_time 0.31448 [s]
table_fill_time 1.37451 [s]
program_time 6.22823 [s]
