-------
bucket_split_time 1.3848 [s]
bucket_sort_time 3.83415 [s]
bucket_to_array_time 0.312469 [s]
table_fill_time 2.94837 [s]
program_time 8.54495 [s]
-------
bucket_split_time 1.36509 [s]
bucket_sort_time 3.83046 [s]
bucket_to_array_time 0.312111 [s]
table_fill_time 2.94099 [s]
program_time 8.51444 [s]
-------
bucket_split_time 1.35703 [s]
bucket_sort_time 3.83227 [s]
bucket_to_array_time 0.308561 [s]
table_fill_time 2.94836 [s]
program_time 8.51032 [s]
-------
bucket_split_time 1.34103 [s]
bucket_sort_time 3.82696 [s]
bucket_to_array_time 0.312215 [s]
table_fill_time 2.92987 [s]
program_time 8.47667 [s]
-------
bucket_split_time 1.37448 [s]
bucket_sort_time 3.82837 [s]
bucket_to_array_time 0.312008 [s]
table_fill_time 2.97224 [s]
program_time 8.55322 [s]
-------
bucket_split_time 1.38764 [s]
bucket_sort_time 3.82915 [s]
bucket_to_array_time 0.310535 [s]
table_fill_time 2.9305 [s]
program_time 8.52249 [s]
-------
bucket_split_time 1.38945 [s]
bucket_sort_time 3.83394 [s]
bucket_to_array_time 0.31134 [s]
table_fill_time 2.93038 [s]
program_time 8.53288 [s]
-------
bucket_split_time 1.35286 [s]
bucket_sort_time 3.83185 [s]
bucket_to_array_time 0.309129 [s]
table_fill_time 2.93429 [s]
program_time 8.49131 [s]
-------
bucket_split_time 1.34446 [s]
bucket_sort_time 3.82601 [s]
bucket_to_array_time 0.308635 [s]
table_fill_time 2.93503 [s]
program_time 8.48059 [s]
-------
bucket_split_time 1.33923 [s]
bucket_sort_time 3.82557 [s]
bucket_to_array_time 0.311871 [s]
table_fill_time 2.92964 [s]
program_time 8.46904 [s]
