-------
bucket_split_time 0.055986 [s]
bucket_sort_time 0.813824 [s]
bucket_to_array_time 0.015339 [s]
table_fill_time 0.063138 [s]
program_time 0.953433 [s]
-------
bucket_split_time 0.056449 [s]
bucket_sort_time 0.804638 [s]
bucket_to_array_time 0.014434 [s]
table_fill_time 0.066474 [s]
program_time 0.94712 [s]
-------
bucket_split_time 0.05573 [s]
bucket_sort_time 0.805943 [s]
bucket_to_array_time 0.015211 [s]
table_fill_time 0.062415 [s]
program_time 0.944813 [s]
-------
bucket_split_time 0.056869 [s]
bucket_sort_time 0.803156 [s]
bucket_to_array_time 0.014646 [s]
table_fill_time 0.061017 [s]
program_time 0.941054 [s]
-------
bucket_split_time 0.057268 [s]
bucket_sort_time 0.807052 [s]
bucket_to_array_time 0.014457 [s]
table_fill_time 0.062945 [s]
program_time 0.946925 [s]
-------
bucket_split_time 0.057246 [s]
bucket_sort_time 0.805085 [s]
bucket_to_array_time 0.014429 [s]
table_fill_time 0.06101 [s]
program_time 0.943127 [s]
-------
bucket_split_time 0.056358 [s]
bucket_sort_time 0.810086 [s]
bucket_to_array_time 0.014421 [s]
table_fill_time 0.063203 [s]
program_time 0.949435 [s]
-------
bucket_split_time 0.055399 [s]
bucket_sort_time 0.808142 [s]
bucket_to_array_time 0.014776 [s]
table_fill_time 0.061727 [s]
program_time 0.948396 [s]
-------
bucket_split_time 0.056349 [s]
bucket_sort_time 0.803172 [s]
bucket_to_array_time 0.014417 [s]
table_fill_time 0.063315 [s]
program_time 0.942516 [s]
-------
bucket_split_time 0.056003 [s]
bucket_sort_time 0.80676 [s]
bucket_to_array_time 0.014501 [s]
table_fill_time 0.061918 [s]
program_time 0.944379 [s]
