-------
bucket_split_time 0.220486 [s]
bucket_sort_time 3.55808 [s]
bucket_to_array_time 0.05846 [s]
table_fill_time 0.245257 [s]
program_time 4.10203 [s]
-------
bucket_split_time 0.217039 [s]
bucket_sort_time 3.56118 [s]
bucket_to_array_time 0.057699 [s]
table_fill_time 0.267809 [s]
program_time 4.12364 [s]
-------
bucket_split_time 0.219489 [s]
bucket_sort_time 3.58711 [s]
bucket_to_array_time 0.059152 [s]
table_fill_time 0.245156 [s]
program_time 4.13074 [s]
-------
bucket_split_time 0.217028 [s]
bucket_sort_time 3.54471 [s]
bucket_to_array_time 0.058463 [s]
table_fill_time 0.245029 [s]
program_time 4.08534 [s]
-------
bucket_split_time 0.223365 [s]
bucket_sort_time 3.59258 [s]
bucket_to_array_time 0.059382 [s]
table_fill_time 0.273171 [s]
program_time 4.16861 [s]
-------
bucket_split_time 0.217267 [s]
bucket_sort_time 3.5657 [s]
bucket_to_array_time 0.05836 [s]
table_fill_time 0.246418 [s]
program_time 4.10757 [s]
-------
bucket_split_time 0.21678 [s]
bucket_sort_time 3.54112 [s]
bucket_to_array_time 0.057787 [s]
table_fill_time 0.244391 [s]
program_time 4.08048 [s]
-------
bucket_split_time 0.218023 [s]
bucket_sort_time 3.72688 [s]
bucket_to_array_time 0.05808 [s]
table_fill_time 0.245243 [s]
program_time 4.26809 [s]
-------
bucket_split_time 0.216842 [s]
bucket_sort_time 3.56427 [s]
bucket_to_array_time 0.059513 [s]
table_fill_time 0.245095 [s]
program_time 4.10617 [s]
-------
bucket_split_time 0.219025 [s]
bucket_sort_time 3.59934 [s]
bucket_to_array_time 0.058253 [s]
table_fill_time 0.251523 [s]
program_time 4.14816 [s]
