-------
bucket_split_time 0.030404 [s]
bucket_sort_time 0.389138 [s]
bucket_to_array_time 0.007227 [s]
table_fill_time 0.051737 [s]
program_time 0.483011 [s]
-------
bucket_split_time 0.029684 [s]
bucket_sort_time 0.386247 [s]
bucket_to_array_time 0.00723 [s]
table_fill_time 0.032216 [s]
program_time 0.458062 [s]
-------
bucket_split_time 0.030241 [s]
bucket_sort_time 0.386304 [s]
bucket_to_array_time 0.007278 [s]
table_fill_time 0.030222 [s]
program_time 0.456927 [s]
-------
bucket_split_time 0.029619 [s]
bucket_sort_time 0.392288 [s]
bucket_to_array_time 0.007221 [s]
table_fill_time 0.031984 [s]
program_time 0.463798 [s]
-------
bucket_split_time 0.029873 [s]
bucket_sort_time 0.391748 [s]
bucket_to_array_time 0.007202 [s]
table_fill_time 0.031812 [s]
program_time 0.463337 [s]
-------
bucket_split_time 0.031 [s]
bucket_sort_time 0.380707 [s]
bucket_to_array_time 0.007249 [s]
table_fill_time 0.030988 [s]
program_time 0.45275 [s]
-------
bucket_split_time 0.029606 [s]
bucket_sort_time 0.382926 [s]
bucket_to_array_time 0.007228 [s]
table_fill_time 0.030799 [s]
program_time 0.45327 [s]
-------
bucket_split_time 0.029587 [s]
bucket_sort_time 0.382777 [s]
bucket_to_array_time 0.00722 [s]
table_fill_time 0.032671 [s]
program_time 0.454926 [s]
-------
bucket_split_time 0.029653 [s]
bucket_sort_time 0.383809 [s]
bucket_to_array_time 0.007231 [s]
table_fill_time 0.030925 [s]
program_time 0.454271 [s]
-------
bucket_split_time 0.029946 [s]
bucket_sort_time 0.383214 [s]
bucket_to_array_time 0.007259 [s]
table_fill_time 0.031842 [s]
program_time 0.454884 [s]
