[2000, 1000]
[2000, 1000]
Sender: 0.001869
Receiver: 0.001111
[4000, 1000]
[4000, 1000]
Sender: 0.001221
Receiver: 0.001953
[6000, 1000]
[6000, 1000]
Sender: 0.001431
Receiver: 0.001481
[8000, 1000]
[8000, 1000]
Sender: 0.001608
Receiver: 0.001581
[10000, 1000]
[10000, 1000]
Sender: 0.001739
Receiver: 0.001726
[12000, 1000]
[12000, 1000]
Sender: 0.001912
Receiver: 0.001904
[14000, 1000]
[14000, 1000]
Sender: 0.002706
Receiver: 0.002069
[16000, 1000]
[16000, 1000]
Sender: 0.002310
Receiver: 0.002246
[18000, 1000]
[18000, 1000]
Sender: 0.002566
Receiver: 0.002483
[20000, 1000]
[20000, 1000]
Sender: 0.002694
Receiver: 0.003376
[22000, 1000]
[22000, 1000]
Sender: 0.002982
Receiver: 0.002925
[24000, 1000]
[24000, 1000]
Sender: 0.003033
Receiver: 0.003108
[26000, 1000]
[26000, 1000]
Sender: 0.003300
Receiver: 0.003240
[28000, 1000]
[28000, 1000]
Sender: 0.003491
Receiver: 0.004128
[30000, 1000]
[30000, 1000]
Sender: 0.003809
Receiver: 0.004559
[32000, 1000]
[32000, 1000]
Sender: 0.003881
Receiver: 0.003895
[34000, 1000]
[34000, 1000]
Sender: 0.004097
Receiver: 0.004076
[36000, 1000]
[36000, 1000]
Sender: 0.004246
Receiver: 0.004861
[38000, 1000]
[38000, 1000]
Sender: 0.004746
Receiver: 0.004177
[40000, 1000]
[40000, 1000]
Sender: 0.004843
Receiver: 0.004266
[42000, 1000]
[42000, 1000]
Sender: 0.004988
Receiver: 0.004862
[44000, 1000]
[44000, 1000]
Sender: 0.005128
Receiver: 0.005103
[46000, 1000]
[46000, 1000]
Sender: 0.005328
Receiver: 0.005287
[48000, 1000]
[48000, 1000]
Sender: 0.005642
Receiver: 0.005163
[50000, 1000]
[50000, 1000]
Sender: 0.005805
Receiver: 0.005793
[52000, 1000]
[52000, 1000]
Sender: 0.005849
Receiver: 0.005837
[54000, 1000]
[54000, 1000]
Sender: 0.006189
Receiver: 0.006147
[56000, 1000]
[56000, 1000]
Sender: 0.006299
Receiver: 0.006928
[58000, 1000]
[58000, 1000]
Sender: 0.006619
Receiver: 0.006635
[60000, 1000]
[60000, 1000]
Sender: 0.006715
Receiver: 0.006766
[62000, 1000]
[62000, 1000]
Sender: 0.007037
Receiver: 0.007042
[64000, 1000]
[64000, 1000]
Sender: 0.007222
Receiver: 0.006573
[66000, 1000]
[66000, 1000]
Sender: 0.009540
Receiver: 0.009611
[68000, 1000]
[68000, 1000]
Sender: 0.009577
Receiver: 0.010233
[70000, 1000]
[70000, 1000]
Sender: 0.009718
Receiver: 0.010333
[72000, 1000]
[72000, 1000]
Sender: 0.009900
Receiver: 0.010578
[74000, 1000]
[74000, 1000]
Sender: 0.009977
Receiver: 0.010669
[76000, 1000]
[76000, 1000]
Sender: 0.010492
Receiver: 0.009865
[78000, 1000]
[78000, 1000]
Sender: 0.010755
Receiver: 0.010814
[80000, 1000]
[80000, 1000]
Sender: 0.010938
Receiver: 0.011637
[82000, 1000]
[82000, 1000]
Sender: 0.011456
Receiver: 0.010749
[84000, 1000]
[84000, 1000]
Sender: 0.011356
Receiver: 0.011381
[86000, 1000]
[86000, 1000]
Sender: 0.011237
Receiver: 0.011941
[88000, 1000]
[88000, 1000]
Sender: 0.011770
Receiver: 0.011073
[90000, 1000]
[90000, 1000]
Sender: 0.011868
Receiver: 0.011879
[92000, 1000]
[92000, 1000]
Sender: 0.012130
Receiver: 0.012119
[94000, 1000]
[94000, 1000]
Sender: 0.013129
Receiver: 0.012331
[96000, 1000]
[96000, 1000]
Sender: 0.012572
Receiver: 0.012550
[98000, 1000]
[98000, 1000]
Sender: 0.012686
Receiver: 0.012678
[100000, 1000]
[100000, 1000]
Sender: 0.012909
Receiver: 0.012904
[102000, 1000]
[102000, 1000]
Sender: 0.012930
Receiver: 0.012930
[104000, 1000]
[104000, 1000]
Sender: 0.013020
Receiver: 0.013003
[106000, 1000]
[106000, 1000]
Sender: 0.013531
Receiver: 0.013539
[108000, 1000]
[108000, 1000]
Sender: 0.013587
Receiver: 0.013609
[110000, 1000]
[110000, 1000]
Sender: 0.013825
Receiver: 0.013847
[112000, 1000]
[112000, 1000]
Sender: 0.014000
Receiver: 0.013980
[114000, 1000]
[114000, 1000]
Sender: 0.014295
Receiver: 0.014286
[116000, 1000]
[116000, 1000]
Sender: 0.014335
Receiver: 0.014944
[118000, 1000]
[118000, 1000]
Sender: 0.014564
Receiver: 0.014508
[120000, 1000]
[120000, 1000]
Sender: 0.014861
Receiver: 0.014865
[122000, 1000]
[122000, 1000]
Sender: 0.015102
Receiver: 0.015113
[124000, 1000]
[124000, 1000]
Sender: 0.015213
Receiver: 0.014530
[126000, 1000]
[126000, 1000]
Sender: 0.015358
Receiver: 0.016058
[128000, 1000]
[128000, 1000]
Sender: 0.015597
Receiver: 0.015679
[130000, 1000]
[130000, 1000]
Sender: 0.015633
Receiver: 0.016231
[132000, 1000]
[132000, 1000]
Sender: 0.017710
Receiver: 0.017717
[134000, 1000]
[134000, 1000]
Sender: 0.017831
Receiver: 0.017852
[136000, 1000]
[136000, 1000]
Sender: 0.018168
Receiver: 0.017519
[138000, 1000]
[138000, 1000]
Sender: 0.018248
Receiver: 0.017637
[140000, 1000]
[140000, 1000]
Sender: 0.018430
Receiver: 0.018395
[142000, 1000]
[142000, 1000]
Sender: 0.018764
Receiver: 0.018755
[144000, 1000]
[144000, 1000]
Sender: 0.018815
Receiver: 0.018151
[146000, 1000]
[146000, 1000]
Sender: 0.019026
Receiver: 0.018325
[148000, 1000]
[148000, 1000]
Sender: 0.019306
Receiver: 0.019276
[150000, 1000]
[150000, 1000]
Sender: 0.019462
Receiver: 0.019439
[152000, 1000]
[152000, 1000]
Sender: 0.019457
Receiver: 0.020089
[154000, 1000]
[154000, 1000]
Sender: 0.019899
Receiver: 0.019859
[156000, 1000]
[156000, 1000]
Sender: 0.019972
Receiver: 0.019956
[158000, 1000]
[158000, 1000]
Sender: 0.020063
Receiver: 0.020074
[160000, 1000]
[160000, 1000]
Sender: 0.020334
Receiver: 0.020291
[162000, 1000]
[162000, 1000]
Sender: 0.020642
Receiver: 0.020640
[164000, 1000]
[164000, 1000]
Sender: 0.021249
Receiver: 0.021122
[166000, 1000]
[166000, 1000]
Sender: 0.021336
Receiver: 0.021368
[168000, 1000]
[168000, 1000]
Sender: 0.021175
Receiver: 0.020497
[170000, 1000]
[170000, 1000]
Sender: 0.021861
Receiver: 0.021864
[172000, 1000]
[172000, 1000]
Sender: 0.021689
Receiver: 0.022374
[174000, 1000]
[174000, 1000]
Sender: 0.022234
Receiver: 0.022221
[176000, 1000]
[176000, 1000]
Sender: 0.022392
Receiver: 0.022364
[178000, 1000]
[178000, 1000]
Sender: 0.022373
Receiver: 0.021673
[180000, 1000]
[180000, 1000]
Sender: 0.022589
Receiver: 0.022595
[182000, 1000]
[182000, 1000]
Sender: 0.023358
Receiver: 0.023413
[184000, 1000]
[184000, 1000]
Sender: 0.023339
Receiver: 0.022681
[186000, 1000]
[186000, 1000]
Sender: 0.023410
Receiver: 0.023405
[188000, 1000]
[188000, 1000]
Sender: 0.023361
Receiver: 0.023363
[190000, 1000]
[190000, 1000]
Sender: 0.024356
Receiver: 0.024293
[192000, 1000]
[192000, 1000]
Sender: 0.023973
Receiver: 0.023351
[194000, 1000]
[194000, 1000]
Sender: 0.024002
Receiver: 0.024639
[196000, 1000]
[196000, 1000]
Sender: 0.024490
Receiver: 0.024553
[198000, 1000]
[198000, 1000]
Sender: 0.024792
Receiver: 0.024801
[200000, 1000]
[200000, 1000]
Sender: 0.024458
Receiver: 0.025174
[202000, 1000]
[202000, 1000]
Sender: 0.025329
Receiver: 0.024645
[204000, 1000]
[204000, 1000]
Sender: 0.025654
Receiver: 0.024972
[206000, 1000]
[206000, 1000]
Sender: 0.025858
Receiver: 0.025235
[208000, 1000]
[208000, 1000]
Sender: 0.025137
Receiver: 0.025796
[210000, 1000]
[210000, 1000]
Sender: 0.025386
Receiver: 0.026055
[212000, 1000]
[212000, 1000]
Sender: 0.026463
Receiver: 0.026391
[214000, 1000]
[214000, 1000]
Sender: 0.027021
Receiver: 0.026987
[216000, 1000]
[216000, 1000]
Sender: 0.027155
Receiver: 0.026474
[218000, 1000]
[218000, 1000]
Sender: 0.027222
Receiver: 0.027269
[220000, 1000]
[220000, 1000]
Sender: 0.027248
Receiver: 0.027194
[222000, 1000]
[222000, 1000]
Sender: 0.027233
Receiver: 0.027925
[224000, 1000]
[224000, 1000]
Sender: 0.027752
Receiver: 0.027757
[226000, 1000]
[226000, 1000]
Sender: 0.027676
Receiver: 0.028329
[228000, 1000]
[228000, 1000]
Sender: 0.028359
Receiver: 0.028372
[230000, 1000]
[230000, 1000]
Sender: 0.028582
Receiver: 0.028568
[232000, 1000]
[232000, 1000]
Sender: 0.028553
Receiver: 0.027911
[234000, 1000]
[234000, 1000]
Sender: 0.029096
Receiver: 0.028422
[236000, 1000]
[236000, 1000]
Sender: 0.029296
Receiver: 0.029286
[238000, 1000]
[238000, 1000]
Sender: 0.029428
Receiver: 0.029472
[240000, 1000]
[240000, 1000]
Sender: 0.029230
Receiver: 0.029242
[242000, 1000]
[242000, 1000]
Sender: 0.030209
Receiver: 0.030222
[244000, 1000]
[244000, 1000]
Sender: 0.030303
Receiver: 0.029645
[246000, 1000]
[246000, 1000]
Sender: 0.030368
Receiver: 0.030344
[248000, 1000]
[248000, 1000]
Sender: 0.029979
Receiver: 0.030660
[250000, 1000]
[250000, 1000]
Sender: 0.030739
Receiver: 0.030683
[252000, 1000]
[252000, 1000]
Sender: 0.031193
Receiver: 0.031249
[254000, 1000]
[254000, 1000]
Sender: 0.031187
Receiver: 0.031169
[256000, 1000]
[256000, 1000]
Sender: 0.031341
Receiver: 0.031355
[258000, 1000]
[258000, 1000]
Sender: 0.031195
Receiver: 0.031843
[260000, 1000]
[260000, 1000]
Sender: 0.031414
Receiver: 0.031341
[262000, 1000]
[262000, 1000]
Sender: 0.031963
Receiver: 0.031978
[264000, 1000]
[264000, 1000]
Sender: 0.032146
Receiver: 0.032175
[266000, 1000]
[266000, 1000]
Sender: 0.032405
Receiver: 0.032406
[268000, 1000]
[268000, 1000]
Sender: 0.032935
Receiver: 0.032216
[270000, 1000]
[270000, 1000]
Sender: 0.033026
Receiver: 0.032982
[272000, 1000]
[272000, 1000]
Sender: 0.033194
Receiver: 0.033167
[274000, 1000]
[274000, 1000]
Sender: 0.033505
Receiver: 0.033484
[276000, 1000]
[276000, 1000]
Sender: 0.033237
Receiver: 0.032664
[278000, 1000]
[278000, 1000]
Sender: 0.033570
Receiver: 0.032976
[280000, 1000]
[280000, 1000]
Sender: 0.033580
Receiver: 0.034222
[282000, 1000]
[282000, 1000]
Sender: 0.034310
Receiver: 0.033626
[284000, 1000]
[284000, 1000]
Sender: 0.034806
Receiver: 0.034778
[286000, 1000]
[286000, 1000]
Sender: 0.034628
Receiver: 0.033962
[288000, 1000]
[288000, 1000]
Sender: 0.034720
Receiver: 0.034023
[290000, 1000]
[290000, 1000]
Sender: 0.035185
Receiver: 0.035158
[292000, 1000]
[292000, 1000]
Sender: 0.035527
Receiver: 0.035539
[294000, 1000]
[294000, 1000]
Sender: 0.035713
Receiver: 0.035045
[296000, 1000]
[296000, 1000]
Sender: 0.035250
Receiver: 0.035913
[298000, 1000]
[298000, 1000]
Sender: 0.036890
Receiver: 0.036902
[300000, 1000]
[300000, 1000]
Sender: 0.035991
Receiver: 0.036027
[302000, 1000]
[302000, 1000]
Sender: 0.036445
Receiver: 0.036453
[304000, 1000]
[304000, 1000]
Sender: 0.036821
Receiver: 0.036862
[306000, 1000]
[306000, 1000]
Sender: 0.036562
Receiver: 0.035906
[308000, 1000]
[308000, 1000]
Sender: 0.036257
Receiver: 0.036912
[310000, 1000]
[310000, 1000]
Sender: 0.037354
Receiver: 0.037376
[312000, 1000]
[312000, 1000]
Sender: 0.037111
Receiver: 0.036397
[314000, 1000]
[314000, 1000]
Sender: 0.037603
Receiver: 0.036938
[316000, 1000]
[316000, 1000]
Sender: 0.037679
Receiver: 0.037703
[318000, 1000]
[318000, 1000]
Sender: 0.037816
Receiver: 0.037789
[320000, 1000]
[320000, 1000]
Sender: 0.038133
Receiver: 0.037459
[322000, 1000]
[322000, 1000]
Sender: 0.038239
Receiver: 0.037547
[324000, 1000]
[324000, 1000]
Sender: 0.038234
Receiver: 0.037579
[326000, 1000]
[326000, 1000]
Sender: 0.038696
Receiver: 0.038706
[328000, 1000]
[328000, 1000]
Sender: 0.038280
Receiver: 0.038954
[330000, 1000]
[330000, 1000]
Sender: 0.038317
Receiver: 0.038992
[332000, 1000]
[332000, 1000]
Sender: 0.039368
Receiver: 0.039337
[334000, 1000]
[334000, 1000]
Sender: 0.039653
Receiver: 0.038963
[336000, 1000]
[336000, 1000]
Sender: 0.040185
Receiver: 0.040158
[338000, 1000]
[338000, 1000]
Sender: 0.039967
Receiver: 0.039965
[340000, 1000]
[340000, 1000]
Sender: 0.040382
Receiver: 0.039645
[342000, 1000]
[342000, 1000]
Sender: 0.040219
Receiver: 0.040952
[344000, 1000]
[344000, 1000]
Sender: 0.040911
Receiver: 0.040289
[346000, 1000]
[346000, 1000]
Sender: 0.040570
Receiver: 0.039874
[348000, 1000]
[348000, 1000]
Sender: 0.040730
Receiver: 0.041442
[350000, 1000]
[350000, 1000]
Sender: 0.041426
Receiver: 0.041435
[352000, 1000]
[352000, 1000]
Sender: 0.042155
Receiver: 0.042132
[354000, 1000]
[354000, 1000]
Sender: 0.041665
Receiver: 0.041641
[356000, 1000]
[356000, 1000]
Sender: 0.042401
Receiver: 0.043106
[358000, 1000]
[358000, 1000]
Sender: 0.041286
Receiver: 0.042053
[360000, 1000]
[360000, 1000]
Sender: 0.041983
Receiver: 0.042025
[362000, 1000]
[362000, 1000]
Sender: 0.042569
Receiver: 0.042532
[364000, 1000]
[364000, 1000]
Sender: 0.042939
Receiver: 0.042932
[366000, 1000]
[366000, 1000]
Sender: 0.043047
Receiver: 0.043053
[368000, 1000]
[368000, 1000]
Sender: 0.044836
Receiver: 0.044886
[370000, 1000]
[370000, 1000]
Sender: 0.043272
Receiver: 0.042588
[372000, 1000]
[372000, 1000]
Sender: 0.043808
Receiver: 0.043778
[374000, 1000]
[374000, 1000]
Sender: 0.044127
Receiver: 0.044185
[376000, 1000]
[376000, 1000]
Sender: 0.043833
Receiver: 0.043215
[378000, 1000]
[378000, 1000]
Sender: 0.043637
Receiver: 0.044311
[380000, 1000]
[380000, 1000]
Sender: 0.044307
Receiver: 0.044392
[382000, 1000]
[382000, 1000]
Sender: 0.044579
Receiver: 0.044592
[384000, 1000]
[384000, 1000]
Sender: 0.044733
Receiver: 0.044080
[386000, 1000]
[386000, 1000]
Sender: 0.044485
Receiver: 0.045144
[388000, 1000]
[388000, 1000]
Sender: 0.044918
Receiver: 0.045570
[390000, 1000]
[390000, 1000]
Sender: 0.046013
Receiver: 0.046021
[392000, 1000]
[392000, 1000]
Sender: 0.046016
Receiver: 0.045979
[394000, 1000]
[394000, 1000]
Sender: 0.046086
Receiver: 0.046103
[396000, 1000]
[396000, 1000]
Sender: 0.045912
Receiver: 0.046692
[398000, 1000]
[398000, 1000]
Sender: 0.046501
Receiver: 0.046515
[400000, 1000]
[400000, 1000]
Sender: 0.046880
Receiver: 0.046856
[402000, 1000]
[402000, 1000]
Sender: 0.047099
Receiver: 0.047038
[404000, 1000]
[404000, 1000]
Sender: 0.047145
Receiver: 0.047171
[406000, 1000]
[406000, 1000]
Sender: 0.047686
Receiver: 0.047004
[408000, 1000]
[408000, 1000]
Sender: 0.049166
Receiver: 0.049643
[410000, 1000]
[410000, 1000]
Sender: 0.047769
Receiver: 0.047776
[412000, 1000]
[412000, 1000]
Sender: 0.047448
Receiver: 0.048063
[414000, 1000]
[414000, 1000]
Sender: 0.048803
Receiver: 0.048800
[416000, 1000]
[416000, 1000]
Sender: 0.047832
Receiver: 0.048570
[418000, 1000]
[418000, 1000]
Sender: 0.048961
Receiver: 0.048949
[420000, 1000]
[420000, 1000]
Sender: 0.048461
Receiver: 0.048470
[422000, 1000]
[422000, 1000]
Sender: 0.048843
Receiver: 0.048840
[424000, 1000]
[424000, 1000]
Sender: 0.048862
Receiver: 0.048199
[426000, 1000]
[426000, 1000]
Sender: 0.049125
Receiver: 0.048432
[428000, 1000]
[428000, 1000]
Sender: 0.048759
Receiver: 0.049335
[430000, 1000]
[430000, 1000]
Sender: 0.049603
Receiver: 0.048963
[432000, 1000]
[432000, 1000]
Sender: 0.049692
Receiver: 0.049025
[434000, 1000]
[434000, 1000]
Sender: 0.049872
Receiver: 0.049239
[436000, 1000]
[436000, 1000]
Sender: 0.050027
Receiver: 0.050020
[438000, 1000]
[438000, 1000]
Sender: 0.049686
Receiver: 0.050351
[440000, 1000]
[440000, 1000]
Sender: 0.050847
Receiver: 0.050236
[442000, 1000]
[442000, 1000]
Sender: 0.052270
Receiver: 0.052227
[444000, 1000]
[444000, 1000]
Sender: 0.050972
Receiver: 0.050977
[446000, 1000]
[446000, 1000]
Sender: 0.050567
Receiver: 0.051214
[448000, 1000]
[448000, 1000]
Sender: 0.050792
Receiver: 0.051537
[450000, 1000]
[450000, 1000]
Sender: 0.053333
Receiver: 0.053326
[452000, 1000]
[452000, 1000]
Sender: 0.051185
Receiver: 0.051814
[454000, 1000]
[454000, 1000]
Sender: 0.051980
Receiver: 0.051315
[456000, 1000]
[456000, 1000]
Sender: 0.053771
Receiver: 0.053068
[458000, 1000]
[458000, 1000]
Sender: 0.052208
Receiver: 0.052839
[460000, 1000]
[460000, 1000]
Sender: 0.052674
Receiver: 0.052701
[462000, 1000]
[462000, 1000]
Sender: 0.053102
Receiver: 0.052465
[464000, 1000]
[464000, 1000]
Sender: 0.053239
Receiver: 0.053270
[466000, 1000]
[466000, 1000]
Sender: 0.053616
Receiver: 0.052907
[468000, 1000]
[468000, 1000]
Sender: 0.053835
Receiver: 0.053219
[470000, 1000]
[470000, 1000]
Sender: 0.053720
Receiver: 0.053724
[472000, 1000]
[472000, 1000]
Sender: 0.054312
Receiver: 0.053685
[474000, 1000]
[474000, 1000]
Sender: 0.054266
Receiver: 0.054322
[476000, 1000]
[476000, 1000]
Sender: 0.054698
Receiver: 0.054103
[478000, 1000]
[478000, 1000]
Sender: 0.053949
Receiver: 0.054666
[480000, 1000]
[480000, 1000]
Sender: 0.054169
Receiver: 0.054779
[482000, 1000]
[482000, 1000]
Sender: 0.054788
Receiver: 0.054765
[484000, 1000]
[484000, 1000]
Sender: 0.056933
Receiver: 0.056229
[486000, 1000]
[486000, 1000]
Sender: 0.056529
Receiver: 0.057157
[488000, 1000]
[488000, 1000]
Sender: 0.055296
Receiver: 0.055967
[490000, 1000]
[490000, 1000]
Sender: 0.055527
Receiver: 0.055564
[492000, 1000]
[492000, 1000]
Sender: 0.058106
Receiver: 0.057506
[494000, 1000]
[494000, 1000]
Sender: 0.055997
Receiver: 0.056661
[496000, 1000]
[496000, 1000]
Sender: 0.056393
Receiver: 0.056423
[498000, 1000]
[498000, 1000]
Sender: 0.056447
Receiver: 0.056500
[500000, 1000]
[500000, 1000]
Sender: 0.057139
Receiver: 0.056496
[502000, 1000]
[502000, 1000]
Sender: 0.056606
Receiver: 0.057269
[504000, 1000]
[504000, 1000]
Sender: 0.057504
Receiver: 0.057510
[506000, 1000]
[506000, 1000]
Sender: 0.057907
Receiver: 0.057236
[508000, 1000]
[508000, 1000]
Sender: 0.057836
Receiver: 0.057853
[510000, 1000]
[510000, 1000]
Sender: 0.058271
Receiver: 0.058236
[512000, 1000]
[512000, 1000]
Sender: 0.057661
Receiver: 0.057770
[514000, 1000]
[514000, 1000]
Sender: 0.057481
Receiver: 0.058159
[516000, 1000]
[516000, 1000]
Sender: 0.058842
Receiver: 0.058185
[518000, 1000]
[518000, 1000]
Sender: 0.058601
Receiver: 0.059242
[520000, 1000]
[520000, 1000]
Sender: 0.059095
Receiver: 0.059078
[522000, 1000]
[522000, 1000]
Sender: 0.059121
Receiver: 0.059154
[524000, 1000]
[524000, 1000]
Sender: 0.059593
Receiver: 0.059610
[526000, 1000]
[526000, 1000]
Sender: 0.059520
Receiver: 0.059522
[528000, 1000]
[528000, 1000]
Sender: 0.060076
Receiver: 0.060124
[530000, 1000]
[530000, 1000]
Sender: 0.059613
Receiver: 0.060348
[532000, 1000]
[532000, 1000]
Sender: 0.059834
Receiver: 0.060448
[534000, 1000]
[534000, 1000]
Sender: 0.059548
Receiver: 0.060163
[536000, 1000]
[536000, 1000]
Sender: 0.060935
Receiver: 0.060868
[538000, 1000]
[538000, 1000]
Sender: 0.060359
Receiver: 0.061025
[540000, 1000]
[540000, 1000]
Sender: 0.061280
Receiver: 0.060676
[542000, 1000]
[542000, 1000]
Sender: 0.061530
Receiver: 0.061508
[544000, 1000]
[544000, 1000]
Sender: 0.061346
Receiver: 0.061955
[546000, 1000]
[546000, 1000]
Sender: 0.061451
Receiver: 0.062165
[548000, 1000]
[548000, 1000]
Sender: 0.061976
Receiver: 0.062037
[550000, 1000]
[550000, 1000]
Sender: 0.062424
Receiver: 0.062395
[552000, 1000]
[552000, 1000]
Sender: 0.062468
Receiver: 0.062485
[554000, 1000]
[554000, 1000]
Sender: 0.062069
Receiver: 0.062748
[556000, 1000]
[556000, 1000]
Sender: 0.062917
Receiver: 0.062887
[558000, 1000]
[558000, 1000]
Sender: 0.063514
Receiver: 0.062853
[560000, 1000]
[560000, 1000]
Sender: 0.063369
Receiver: 0.063404
[562000, 1000]
[562000, 1000]
Sender: 0.063066
Receiver: 0.063737
[564000, 1000]
[564000, 1000]
Sender: 0.063298
Receiver: 0.063933
[566000, 1000]
[566000, 1000]
Sender: 0.063179
Receiver: 0.063835
[568000, 1000]
[568000, 1000]
Sender: 0.064559
Receiver: 0.063858
[570000, 1000]
[570000, 1000]
Sender: 0.064136
Receiver: 0.063427
[572000, 1000]
[572000, 1000]
Sender: 0.064252
Receiver: 0.064888
[574000, 1000]
[574000, 1000]
Sender: 0.064299
Receiver: 0.064973
[576000, 1000]
[576000, 1000]
Sender: 0.065226
Receiver: 0.065236
[578000, 1000]
[578000, 1000]
Sender: 0.065109
Receiver: 0.065111
[580000, 1000]
[580000, 1000]
Sender: 0.065532
Receiver: 0.064883
[582000, 1000]
[582000, 1000]
Sender: 0.064724
Receiver: 0.065411
[584000, 1000]
[584000, 1000]
Sender: 0.065824
Receiver: 0.065858
[586000, 1000]
[586000, 1000]
Sender: 0.066251
Receiver: 0.066313
[588000, 1000]
[588000, 1000]
Sender: 0.065367
Receiver: 0.066025
[590000, 1000]
[590000, 1000]
Sender: 0.065956
Receiver: 0.066605
[592000, 1000]
[592000, 1000]
Sender: 0.066485
Receiver: 0.067147
[594000, 1000]
[594000, 1000]
Sender: 0.067158
Receiver: 0.067146
[596000, 1000]
[596000, 1000]
Sender: 0.066748
Receiver: 0.066153
[598000, 1000]
[598000, 1000]
Sender: 0.067595
Receiver: 0.067674
[600000, 1000]
[600000, 1000]
Sender: 0.067707
Receiver: 0.067742
[602000, 1000]
[602000, 1000]
Sender: 0.068005
Receiver: 0.067956
[604000, 1000]
[604000, 1000]
Sender: 0.068066
Receiver: 0.068079
[606000, 1000]
[606000, 1000]
Sender: 0.068268
Receiver: 0.068196
[608000, 1000]
[608000, 1000]
Sender: 0.068481
Receiver: 0.068437
[610000, 1000]
[610000, 1000]
Sender: 0.068227
Receiver: 0.068855
[612000, 1000]
[612000, 1000]
Sender: 0.068287
Receiver: 0.068299
[614000, 1000]
[614000, 1000]
Sender: 0.068555
Receiver: 0.069177
[616000, 1000]
[616000, 1000]
Sender: 0.069089
Receiver: 0.068463
[618000, 1000]
[618000, 1000]
Sender: 0.109249
Receiver: 0.109937
[620000, 1000]
[620000, 1000]
Sender: 0.082829
Receiver: 0.083530
[622000, 1000]
[622000, 1000]
Sender: 0.069541
Receiver: 0.069578
[624000, 1000]
[624000, 1000]
Sender: 0.070164
Receiver: 0.070177
[626000, 1000]
[626000, 1000]
Sender: 0.070080
Receiver: 0.070053
[628000, 1000]
[628000, 1000]
Sender: 0.070415
Receiver: 0.070423
[630000, 1000]
[630000, 1000]
Sender: 0.070772
Receiver: 0.070726
[632000, 1000]
[632000, 1000]
Sender: 0.076828
Receiver: 0.076719
[634000, 1000]
[634000, 1000]
Sender: 0.070153
Receiver: 0.070870
[636000, 1000]
[636000, 1000]
Sender: 0.073274
Receiver: 0.072625
[638000, 1000]
[638000, 1000]
Sender: 0.074172
Receiver: 0.073476
[640000, 1000]
[640000, 1000]
Sender: 0.071641
Receiver: 0.071689
[642000, 1000]
[642000, 1000]
Sender: 0.071811
Receiver: 0.071061
[644000, 1000]
[644000, 1000]
Sender: 0.071752
Receiver: 0.071746
[646000, 1000]
[646000, 1000]
Sender: 0.071989
Receiver: 0.071957
[648000, 1000]
[648000, 1000]
Sender: 0.072664
Receiver: 0.072659
[650000, 1000]
[650000, 1000]
Sender: 0.072617
Receiver: 0.072633
[652000, 1000]
[652000, 1000]
Sender: 0.072603
Receiver: 0.072560
[654000, 1000]
[654000, 1000]
Sender: 0.073013
Receiver: 0.073068
[656000, 1000]
[656000, 1000]
Sender: 0.073222
Receiver: 0.073210
[658000, 1000]
[658000, 1000]
Sender: 0.072769
Receiver: 0.073415
[660000, 1000]
[660000, 1000]
Sender: 0.073504
Receiver: 0.073498
[662000, 1000]
[662000, 1000]
Sender: 0.073291
Receiver: 0.073931
[664000, 1000]
[664000, 1000]
Sender: 0.073577
Receiver: 0.074201
[666000, 1000]
[666000, 1000]
Sender: 0.074218
Receiver: 0.074307
[668000, 1000]
[668000, 1000]
Sender: 0.074097
Receiver: 0.074825
[670000, 1000]
[670000, 1000]
Sender: 0.074457
Receiver: 0.074458
[672000, 1000]
[672000, 1000]
Sender: 0.073974
Receiver: 0.074665
[674000, 1000]
[674000, 1000]
Sender: 0.075013
Receiver: 0.074397
[676000, 1000]
[676000, 1000]
Sender: 0.075410
Receiver: 0.075357
[678000, 1000]
[678000, 1000]
Sender: 0.075336
Receiver: 0.075366
[680000, 1000]
[680000, 1000]
Sender: 0.075799
Receiver: 0.075129
[682000, 1000]
[682000, 1000]
Sender: 0.075770
Receiver: 0.075782
[684000, 1000]
[684000, 1000]
Sender: 0.083214
Receiver: 0.083903
[686000, 1000]
[686000, 1000]
Sender: 0.076976
Receiver: 0.076240
[688000, 1000]
[688000, 1000]
Sender: 0.076226
Receiver: 0.076262
[690000, 1000]
[690000, 1000]
Sender: 0.076696
Receiver: 0.076695
[692000, 1000]
[692000, 1000]
Sender: 0.076772
Receiver: 0.076788
[694000, 1000]
[694000, 1000]
Sender: 0.077055
Receiver: 0.076336
[696000, 1000]
[696000, 1000]
Sender: 0.077222
Receiver: 0.077235
[698000, 1000]
[698000, 1000]
Sender: 0.077170
Receiver: 0.077187
[700000, 1000]
[700000, 1000]
Sender: 0.077513
Receiver: 0.077464
[702000, 1000]
[702000, 1000]
Sender: 0.078019
Receiver: 0.078018
[704000, 1000]
[704000, 1000]
Sender: 0.078098
Receiver: 0.078118
[706000, 1000]
[706000, 1000]
Sender: 0.078344
Receiver: 0.078296
[708000, 1000]
[708000, 1000]
Sender: 0.078349
Receiver: 0.079014
[710000, 1000]
[710000, 1000]
Sender: 0.078277
Receiver: 0.077602
[712000, 1000]
[712000, 1000]
Sender: 0.078950
Receiver: 0.078997
[714000, 1000]
[714000, 1000]
Sender: 0.079142
Receiver: 0.079124
[716000, 1000]
[716000, 1000]
Sender: 0.079489
Receiver: 0.079504
[718000, 1000]
[718000, 1000]
Sender: 0.078872
Receiver: 0.078239
[720000, 1000]
[720000, 1000]
Sender: 0.079819
Receiver: 0.079812
[722000, 1000]
[722000, 1000]
Sender: 0.080224
Receiver: 0.080262
[724000, 1000]
[724000, 1000]
Sender: 0.079176
Receiver: 0.079799
[726000, 1000]
[726000, 1000]
Sender: 0.080654
Receiver: 0.080641
[728000, 1000]
[728000, 1000]
Sender: 0.080662
Receiver: 0.080652
[730000, 1000]
[730000, 1000]
Sender: 0.081261
Receiver: 0.080619
[732000, 1000]
[732000, 1000]
Sender: 0.081197
Receiver: 0.081207
[734000, 1000]
[734000, 1000]
Sender: 0.081255
Receiver: 0.081266
[736000, 1000]
[736000, 1000]
Sender: 0.081175
Receiver: 0.081147
[738000, 1000]
[738000, 1000]
Sender: 0.081602
Receiver: 0.081609
[740000, 1000]
[740000, 1000]
Sender: 0.081923
Receiver: 0.081954
[742000, 1000]
[742000, 1000]
Sender: 0.082108
Receiver: 0.082115
[744000, 1000]
[744000, 1000]
Sender: 0.082474
Receiver: 0.081863
[746000, 1000]
[746000, 1000]
Sender: 0.081487
Receiver: 0.082154
[748000, 1000]
[748000, 1000]
Sender: 0.082328
Receiver: 0.082334
[750000, 1000]
[750000, 1000]
Sender: 0.082350
Receiver: 0.082323
[752000, 1000]
[752000, 1000]
Sender: 0.082565
Receiver: 0.082561
[754000, 1000]
[754000, 1000]
Sender: 0.082271
Receiver: 0.082922
[756000, 1000]
[756000, 1000]
Sender: 0.082877
Receiver: 0.082259
[758000, 1000]
[758000, 1000]
Sender: 0.083316
Receiver: 0.083377
[760000, 1000]
[760000, 1000]
Sender: 0.084285
Receiver: 0.084352
[762000, 1000]
[762000, 1000]
Sender: 0.083671
Receiver: 0.083659
[764000, 1000]
[764000, 1000]
Sender: 0.083851
Receiver: 0.083213
[766000, 1000]
[766000, 1000]
Sender: 0.083966
Receiver: 0.083932
[768000, 1000]
[768000, 1000]
Sender: 0.084964
Receiver: 0.084967
[770000, 1000]
[770000, 1000]
Sender: 0.084924
Receiver: 0.084942
[772000, 1000]
[772000, 1000]
Sender: 0.084755
Receiver: 0.084197
[774000, 1000]
[774000, 1000]
Sender: 0.084238
Receiver: 0.084901
[776000, 1000]
[776000, 1000]
Sender: 0.085237
Receiver: 0.085246
[778000, 1000]
[778000, 1000]
Sender: 0.086006
Receiver: 0.086059
[780000, 1000]
[780000, 1000]
Sender: 0.085617
Receiver: 0.085643
[782000, 1000]
[782000, 1000]
Sender: 0.085716
Receiver: 0.085107
[784000, 1000]
[784000, 1000]
Sender: 0.086094
Receiver: 0.086080
[786000, 1000]
[786000, 1000]
Sender: 0.086154
Receiver: 0.085501
[788000, 1000]
[788000, 1000]
Sender: 0.086578
Receiver: 0.085907
[790000, 1000]
[790000, 1000]
Sender: 0.087053
Receiver: 0.086942
[792000, 1000]
[792000, 1000]
Sender: 0.086728
Receiver: 0.086744
[794000, 1000]
[794000, 1000]
Sender: 0.087769
Receiver: 0.087097
[796000, 1000]
[796000, 1000]
Sender: 0.086545
Receiver: 0.087196
[798000, 1000]
[798000, 1000]
Sender: 0.088124
Receiver: 0.088123
[800000, 1000]
[800000, 1000]
Sender: 0.088037
Receiver: 0.088115
[802000, 1000]
[802000, 1000]
Sender: 0.088062
Receiver: 0.087426
[804000, 1000]
[804000, 1000]
Sender: 0.088511
Receiver: 0.088529
[806000, 1000]
[806000, 1000]
Sender: 0.088222
Receiver: 0.088909
[808000, 1000]
[808000, 1000]
Sender: 0.088375
Receiver: 0.088379
[810000, 1000]
[810000, 1000]
Sender: 0.088436
Receiver: 0.087807
[812000, 1000]
[812000, 1000]
Sender: 0.088606
Receiver: 0.089250
[814000, 1000]
[814000, 1000]
Sender: 0.089773
Receiver: 0.089819
[816000, 1000]
[816000, 1000]
Sender: 0.088540
Receiver: 0.089220
[818000, 1000]
[818000, 1000]
Sender: 0.090405
Receiver: 0.089713
[820000, 1000]
[820000, 1000]
Sender: 0.090273
Receiver: 0.090288
[822000, 1000]
[822000, 1000]
Sender: 0.089851
Receiver: 0.089865
[824000, 1000]
[824000, 1000]
Sender: 0.090111
Receiver: 0.090789
[826000, 1000]
[826000, 1000]
Sender: 0.090521
Receiver: 0.090567
[828000, 1000]
[828000, 1000]
Sender: 0.090564
Receiver: 0.089882
[830000, 1000]
[830000, 1000]
Sender: 0.090178
Receiver: 0.090844
[832000, 1000]
[832000, 1000]
Sender: 0.091666
Receiver: 0.090961
[834000, 1000]
[834000, 1000]
Sender: 0.092850
Receiver: 0.092930
[836000, 1000]
[836000, 1000]
Sender: 0.090992
Receiver: 0.091645
[838000, 1000]
[838000, 1000]
Sender: 0.091741
Receiver: 0.091693
[840000, 1000]
[840000, 1000]
Sender: 0.092107
Receiver: 0.091577
[842000, 1000]
[842000, 1000]
Sender: 0.092255
Receiver: 0.092257
[844000, 1000]
[844000, 1000]
Sender: 0.092677
Receiver: 0.092005
[846000, 1000]
[846000, 1000]
Sender: 0.092919
Receiver: 0.092916
[848000, 1000]
[848000, 1000]
Sender: 0.092498
Receiver: 0.092489
[850000, 1000]
[850000, 1000]
Sender: 0.093024
Receiver: 0.093004
[852000, 1000]
[852000, 1000]
Sender: 0.092584
Receiver: 0.093269
[854000, 1000]
[854000, 1000]
Sender: 0.093287
Receiver: 0.092639
[856000, 1000]
[856000, 1000]
Sender: 0.093676
Receiver: 0.093047
[858000, 1000]
[858000, 1000]
Sender: 0.093473
Receiver: 0.094129
[860000, 1000]
[860000, 1000]
Sender: 0.093952
Receiver: 0.094005
[862000, 1000]
[862000, 1000]
Sender: 0.094800
Receiver: 0.094158
[864000, 1000]
[864000, 1000]
Sender: 0.093783
Receiver: 0.094461
[866000, 1000]
[866000, 1000]
Sender: 0.094377
Receiver: 0.095048
[868000, 1000]
[868000, 1000]
Sender: 0.095527
Receiver: 0.095578
[870000, 1000]
[870000, 1000]
Sender: 0.094421
Receiver: 0.095153
[872000, 1000]
[872000, 1000]
Sender: 0.094701
Receiver: 0.095313
[874000, 1000]
[874000, 1000]
Sender: 0.095268
Receiver: 0.094610
[876000, 1000]
[876000, 1000]
Sender: 0.095226
Receiver: 0.095212
[878000, 1000]
[878000, 1000]
Sender: 0.095054
Receiver: 0.095732
[880000, 1000]
[880000, 1000]
Sender: 0.095742
Receiver: 0.095714
[882000, 1000]
[882000, 1000]
Sender: 0.097034
Receiver: 0.096967
[884000, 1000]
[884000, 1000]
Sender: 0.096205
Receiver: 0.095656
[886000, 1000]
[886000, 1000]
Sender: 0.097206
Receiver: 0.097214
[888000, 1000]
[888000, 1000]
Sender: 0.096406
Receiver: 0.095798
[890000, 1000]
[890000, 1000]
Sender: 0.096326
Receiver: 0.097024
[892000, 1000]
[892000, 1000]
Sender: 0.097247
Receiver: 0.097949
[894000, 1000]
[894000, 1000]
Sender: 0.097657
Receiver: 0.097007
[896000, 1000]
[896000, 1000]
Sender: 0.098247
Receiver: 0.098233
[898000, 1000]
[898000, 1000]
Sender: 0.098122
Receiver: 0.098122
[900000, 1000]
[900000, 1000]
Sender: 0.098601
Receiver: 0.098619
[902000, 1000]
[902000, 1000]
Sender: 0.098400
Receiver: 0.098998
[904000, 1000]
[904000, 1000]
Sender: 0.098589
Receiver: 0.097926
[906000, 1000]
[906000, 1000]
Sender: 0.099230
Receiver: 0.099220
[908000, 1000]
[908000, 1000]
Sender: 0.099166
Receiver: 0.099187
[910000, 1000]
[910000, 1000]
Sender: 0.098705
Receiver: 0.098762
[912000, 1000]
[912000, 1000]
Sender: 0.099941
Receiver: 0.100003
[914000, 1000]
[914000, 1000]
Sender: 0.099965
Receiver: 0.099909
[916000, 1000]
[916000, 1000]
Sender: 0.100023
Receiver: 0.099385
[918000, 1000]
[918000, 1000]
Sender: 0.099867
Receiver: 0.099221
[920000, 1000]
[920000, 1000]
Sender: 0.100719
Receiver: 0.100786
[922000, 1000]
[922000, 1000]
Sender: 0.100858
Receiver: 0.100857
[924000, 1000]
[924000, 1000]
Sender: 0.101088
Receiver: 0.101091
[926000, 1000]
[926000, 1000]
Sender: 0.101104
Receiver: 0.101128
[928000, 1000]
[928000, 1000]
Sender: 0.100944
Receiver: 0.100975
[930000, 1000]
[930000, 1000]
Sender: 0.101483
Receiver: 0.101518
[932000, 1000]
[932000, 1000]
Sender: 0.100996
Receiver: 0.100388
[934000, 1000]
[934000, 1000]
Sender: 0.101938
Receiver: 0.101963
[936000, 1000]
[936000, 1000]
Sender: 0.102515
Receiver: 0.101824
[938000, 1000]
[938000, 1000]
Sender: 0.101257
Receiver: 0.101835
[940000, 1000]
[940000, 1000]
Sender: 0.102568
Receiver: 0.102570
[942000, 1000]
[942000, 1000]
Sender: 0.102349
Receiver: 0.101684
[944000, 1000]
[944000, 1000]
Sender: 0.103226
Receiver: 0.103266
[946000, 1000]
[946000, 1000]
Sender: 0.102855
Receiver: 0.102889
[948000, 1000]
[948000, 1000]
Sender: 0.102774
Receiver: 0.103451
[950000, 1000]
[950000, 1000]
Sender: 0.103873
Receiver: 0.103857
[952000, 1000]
[952000, 1000]
Sender: 0.102693
Receiver: 0.103340
[954000, 1000]
[954000, 1000]
Sender: 0.103836
Receiver: 0.103790
[956000, 1000]
[956000, 1000]
Sender: 0.104217
Receiver: 0.104246
[958000, 1000]
[958000, 1000]
Sender: 0.104809
Receiver: 0.104150
[960000, 1000]
[960000, 1000]
Sender: 0.104680
Receiver: 0.104588
[962000, 1000]
[962000, 1000]
Sender: 0.104939
Receiver: 0.104967
[964000, 1000]
[964000, 1000]
Sender: 0.105182
Receiver: 0.105202
[966000, 1000]
[966000, 1000]
Sender: 0.105069
Receiver: 0.105105
[968000, 1000]
[968000, 1000]
Sender: 0.104424
Receiver: 0.105259
[970000, 1000]
[970000, 1000]
Sender: 0.104712
Receiver: 0.104759
[972000, 1000]
[972000, 1000]
Sender: 0.106354
Receiver: 0.105677
[974000, 1000]
[974000, 1000]
Sender: 0.105371
Receiver: 0.105377
[976000, 1000]
[976000, 1000]
Sender: 0.106890
Receiver: 0.106898
[978000, 1000]
[978000, 1000]
Sender: 0.106525
Receiver: 0.106516
[980000, 1000]
[980000, 1000]
Sender: 0.105660
Receiver: 0.105551
[982000, 1000]
[982000, 1000]
Sender: 0.106850
Receiver: 0.106248
[984000, 1000]
[984000, 1000]
Sender: 0.106686
Receiver: 0.106670
[986000, 1000]
[986000, 1000]
Sender: 0.107056
Receiver: 0.107696
[988000, 1000]
[988000, 1000]
Sender: 0.107046
Receiver: 0.107759
[990000, 1000]
[990000, 1000]
Sender: 0.107595
Receiver: 0.107584
[992000, 1000]
[992000, 1000]
Sender: 0.106954
Receiver: 0.107026
[994000, 1000]
[994000, 1000]
Sender: 0.108339
Receiver: 0.108298
[996000, 1000]
[996000, 1000]
Sender: 0.108236
Receiver: 0.108225
[998000, 1000]
[998000, 1000]
Sender: 0.108970
Receiver: 0.108950
[1000000, 1000]
[1000000, 1000]
Sender: 0.108454
Receiver: 0.107796
[1002000, 1000]
[1002000, 1000]
Sender: 0.108479
Receiver: 0.108510
[1004000, 1000]
[1004000, 1000]
Sender: 0.109216
Receiver: 0.109203
[1006000, 1000]
[1006000, 1000]
Sender: 0.108848
Receiver: 0.109507
[1008000, 1000]
[1008000, 1000]
Sender: 0.108239
Receiver: 0.108912
[1010000, 1000]
[1010000, 1000]
Sender: 0.109881
Receiver: 0.109274
[1012000, 1000]
[1012000, 1000]
Sender: 0.109528
Receiver: 0.108817
[1014000, 1000]
[1014000, 1000]
Sender: 0.109480
Receiver: 0.109513
[1016000, 1000]
[1016000, 1000]
Sender: 0.110521
Receiver: 0.110513
[1018000, 1000]
[1018000, 1000]
Sender: 0.109541
Receiver: 0.109646
[1020000, 1000]
[1020000, 1000]
Sender: 0.111258
Receiver: 0.111270
[1022000, 1000]
[1022000, 1000]
Sender: 0.110803
Receiver: 0.111499
[1024000, 1000]
[1024000, 1000]
Sender: 0.111178
Receiver: 0.111230
[1026000, 1000]
[1026000, 1000]
Sender: 0.111820
Receiver: 0.111793
[1028000, 1000]
[1028000, 1000]
Sender: 0.111197
Receiver: 0.111232
[1030000, 1000]
[1030000, 1000]
Sender: 0.110806
Receiver: 0.111520
[1032000, 1000]
[1032000, 1000]
Sender: 0.112400
Receiver: 0.112379
[1034000, 1000]
[1034000, 1000]
Sender: 0.111358
Receiver: 0.111377
[1036000, 1000]
[1036000, 1000]
Sender: 0.111782
Receiver: 0.112506
[1038000, 1000]
[1038000, 1000]
Sender: 0.115241
Receiver: 0.115910
[1040000, 1000]
[1040000, 1000]
Sender: 0.113097
Receiver: 0.113113
[1042000, 1000]
[1042000, 1000]
Sender: 0.114086
Receiver: 0.113327
[1044000, 1000]
[1044000, 1000]
Sender: 0.113416
Receiver: 0.113486
[1046000, 1000]
[1046000, 1000]
Sender: 0.113370
Receiver: 0.113388
[1048000, 1000]
[1048000, 1000]
Sender: 0.113155
Receiver: 0.113165
[1050000, 1000]
[1050000, 1000]
Sender: 0.114306
Receiver: 0.113660
[1052000, 1000]
[1052000, 1000]
Sender: 0.114000
Receiver: 0.114029
[1054000, 1000]
[1054000, 1000]
Sender: 0.114986
Receiver: 0.115667
[1056000, 1000]
[1056000, 1000]
Sender: 0.119310
Receiver: 0.119329
[1058000, 1000]
[1058000, 1000]
Sender: 0.127825
Receiver: 0.127152
[1060000, 1000]
[1060000, 1000]
Sender: 0.115190
Receiver: 0.115895
[1062000, 1000]
[1062000, 1000]
Sender: 0.135523
Receiver: 0.134482
[1064000, 1000]
[1064000, 1000]
Sender: 0.117759
Receiver: 0.117089
[1066000, 1000]
[1066000, 1000]
Sender: 0.118203
Receiver: 0.117564
[1068000, 1000]
[1068000, 1000]
Sender: 0.126612
Receiver: 0.127009
[1070000, 1000]
[1070000, 1000]
Sender: 0.117195
Receiver: 0.117222
[1072000, 1000]
[1072000, 1000]
Sender: 0.122082
Receiver: 0.122888
[1074000, 1000]
[1074000, 1000]
Sender: 0.120159
Receiver: 0.120168
[1076000, 1000]
[1076000, 1000]
Sender: 0.122398
Receiver: 0.121686
[1078000, 1000]
[1078000, 1000]
Sender: 0.116236
Receiver: 0.116861
[1080000, 1000]
[1080000, 1000]
Sender: 0.116590
Receiver: 0.117342
[1082000, 1000]
[1082000, 1000]
Sender: 0.118824
Receiver: 0.118809
[1084000, 1000]
[1084000, 1000]
Sender: 0.117649
Receiver: 0.118391
[1086000, 1000]
[1086000, 1000]
Sender: 0.119998
Receiver: 0.119320
[1088000, 1000]
[1088000, 1000]
Sender: 0.119302
Receiver: 0.119337
[1090000, 1000]
[1090000, 1000]
Sender: 0.118737
Receiver: 0.118695
[1092000, 1000]
[1092000, 1000]
Sender: 0.123565
Receiver: 0.123443
[1094000, 1000]
[1094000, 1000]
Sender: 0.132161
Receiver: 0.132567
[1096000, 1000]
[1096000, 1000]
Sender: 0.124433
Receiver: 0.124440
[1098000, 1000]
[1098000, 1000]
Sender: 0.120291
Receiver: 0.121021
[1100000, 1000]
[1100000, 1000]
Sender: 0.131397
Receiver: 0.130757
[1102000, 1000]
[1102000, 1000]
Sender: 0.122388
Receiver: 0.123224
[1104000, 1000]
[1104000, 1000]
Sender: 0.122919
Receiver: 0.122741
[1106000, 1000]
[1106000, 1000]
Sender: 0.119342
Receiver: 0.119290
[1108000, 1000]
[1108000, 1000]
Sender: 0.120677
Receiver: 0.121507
[1110000, 1000]
[1110000, 1000]
Sender: 0.121374
Receiver: 0.121346
[1112000, 1000]
[1112000, 1000]
Sender: 0.121699
Receiver: 0.121723
[1114000, 1000]
[1114000, 1000]
Sender: 0.122077
Receiver: 0.122083
[1116000, 1000]
[1116000, 1000]
Sender: 0.122200
Receiver: 0.121551
[1118000, 1000]
[1118000, 1000]
Sender: 0.122869
Receiver: 0.123521
[1120000, 1000]
[1120000, 1000]
Sender: 0.126518
Receiver: 0.126415
[1122000, 1000]
[1122000, 1000]
Sender: 0.126766
Receiver: 0.126027
[1124000, 1000]
[1124000, 1000]
Receiver: 0.134019
Sender: 0.133655
[1126000, 1000]
[1126000, 1000]
Sender: 0.134244
Receiver: 0.134785
[1128000, 1000]
[1128000, 1000]
Sender: 0.129652
Receiver: 0.128812
[1130000, 1000]
[1130000, 1000]
Sender: 0.126232
Receiver: 0.126872
[1132000, 1000]
[1132000, 1000]
Sender: 0.123609
Receiver: 0.123526
[1134000, 1000]
[1134000, 1000]
Sender: 0.123602
Receiver: 0.123659
[1136000, 1000]
[1136000, 1000]
Sender: 0.123984
Receiver: 0.123250
[1138000, 1000]
[1138000, 1000]
Sender: 0.124821
Receiver: 0.124861
[1140000, 1000]
[1140000, 1000]
Sender: 0.123458
Receiver: 0.123487
[1142000, 1000]
[1142000, 1000]
Sender: 0.123427
Receiver: 0.124089
[1144000, 1000]
[1144000, 1000]
Sender: 0.124449
Receiver: 0.125151
[1146000, 1000]
[1146000, 1000]
Sender: 0.126376
Receiver: 0.126415
[1148000, 1000]
[1148000, 1000]
Sender: 0.144591
Receiver: 0.144519
[1150000, 1000]
[1150000, 1000]
Sender: 0.132000
Receiver: 0.131324
[1152000, 1000]
[1152000, 1000]
Sender: 0.145446
Receiver: 0.146103
[1154000, 1000]
[1154000, 1000]
Sender: 0.145735
Receiver: 0.145476
[1156000, 1000]
[1156000, 1000]
Sender: 0.131464
Receiver: 0.130810
[1158000, 1000]
[1158000, 1000]
Sender: 0.127185
Receiver: 0.127195
[1160000, 1000]
[1160000, 1000]
Sender: 0.125349
Receiver: 0.125353
[1162000, 1000]
[1162000, 1000]
Sender: 0.125189
Receiver: 0.125227
[1164000, 1000]
[1164000, 1000]
Sender: 0.125122
Receiver: 0.125216
[1166000, 1000]
[1166000, 1000]
Sender: 0.126521
Receiver: 0.127189
[1168000, 1000]
[1168000, 1000]
Sender: 0.125952
Receiver: 0.126651
[1170000, 1000]
[1170000, 1000]
Sender: 0.129093
Receiver: 0.129334
[1172000, 1000]
[1172000, 1000]
Sender: 0.130247
Receiver: 0.130303
[1174000, 1000]
[1174000, 1000]
Sender: 0.146204
Receiver: 0.146204
[1176000, 1000]
[1176000, 1000]
Sender: 0.131098
Receiver: 0.131099
[1178000, 1000]
[1178000, 1000]
Sender: 0.146393
Receiver: 0.146243
[1180000, 1000]
[1180000, 1000]
Sender: 0.130960
Receiver: 0.130960
[1182000, 1000]
[1182000, 1000]
Sender: 0.146753
Receiver: 0.146739
[1184000, 1000]
[1184000, 1000]
Sender: 0.127626
Receiver: 0.127645
[1186000, 1000]
[1186000, 1000]
Sender: 0.128177
Receiver: 0.128271
[1188000, 1000]
[1188000, 1000]
Sender: 0.129392
Receiver: 0.129456
[1190000, 1000]
[1190000, 1000]
Sender: 0.129480
Receiver: 0.129500
[1192000, 1000]
[1192000, 1000]
Sender: 0.130002
Receiver: 0.129978
[1194000, 1000]
[1194000, 1000]
Sender: 0.129484
Receiver: 0.130173
[1196000, 1000]
[1196000, 1000]
Sender: 0.130394
Receiver: 0.131196
[1198000, 1000]
[1198000, 1000]
Sender: 0.144169
Receiver: 0.144325
[1200000, 1000]
[1200000, 1000]
Sender: 0.132325
Receiver: 0.132389
[1202000, 1000]
[1202000, 1000]
Sender: 0.132157
Receiver: 0.131581
[1204000, 1000]
[1204000, 1000]
Sender: 0.136335
Receiver: 0.136245
[1206000, 1000]
[1206000, 1000]
Sender: 0.151090
Receiver: 0.151593
[1208000, 1000]
[1208000, 1000]
Sender: 0.134824
Receiver: 0.134151
[1210000, 1000]
[1210000, 1000]
Sender: 0.130382
Receiver: 0.130392
[1212000, 1000]
[1212000, 1000]
Sender: 0.131822
Receiver: 0.131154
[1214000, 1000]
[1214000, 1000]
Sender: 0.131135
Receiver: 0.130471
[1216000, 1000]
[1216000, 1000]
Sender: 0.131070
Receiver: 0.131131
[1218000, 1000]
[1218000, 1000]
Sender: 0.132607
Receiver: 0.132666
[1220000, 1000]
[1220000, 1000]
Sender: 0.131542
Receiver: 0.132159
[1222000, 1000]
[1222000, 1000]
Sender: 0.144483
Receiver: 0.143824
[1224000, 1000]
[1224000, 1000]
Sender: 0.151277
Receiver: 0.151943
[1226000, 1000]
[1226000, 1000]
Sender: 0.153306
Receiver: 0.153903
[1228000, 1000]
[1228000, 1000]
Sender: 0.139171
Receiver: 0.139118
[1230000, 1000]
[1230000, 1000]
Sender: 0.137752
Receiver: 0.138496
[1232000, 1000]
[1232000, 1000]
Sender: 0.135443
Receiver: 0.135478
[1234000, 1000]
[1234000, 1000]
Sender: 0.133171
Receiver: 0.133124
[1236000, 1000]
[1236000, 1000]
Sender: 0.134150
Receiver: 0.134186
[1238000, 1000]
[1238000, 1000]
Sender: 0.133864
Receiver: 0.133898
[1240000, 1000]
[1240000, 1000]
Sender: 0.133923
Receiver: 0.134593
[1242000, 1000]
[1242000, 1000]
Sender: 0.134843
Receiver: 0.134782
[1244000, 1000]
[1244000, 1000]
Sender: 0.134117
Receiver: 0.134760
[1246000, 1000]
[1246000, 1000]
Sender: 0.138107
Receiver: 0.138170
[1248000, 1000]
[1248000, 1000]
Sender: 0.157444
Receiver: 0.157183
[1250000, 1000]
[1250000, 1000]
Sender: 0.153374
Receiver: 0.153731
[1252000, 1000]
[1252000, 1000]
Sender: 0.151823
Receiver: 0.152045
[1254000, 1000]
[1254000, 1000]
Sender: 0.138530
Receiver: 0.138675
[1256000, 1000]
[1256000, 1000]
Sender: 0.156663
Receiver: 0.157379
[1258000, 1000]
[1258000, 1000]
Sender: 0.136283
Receiver: 0.136788
[1260000, 1000]
[1260000, 1000]
Sender: 0.137071
Receiver: 0.136348
[1262000, 1000]
[1262000, 1000]
Sender: 0.135838
Receiver: 0.136540
[1264000, 1000]
[1264000, 1000]
Sender: 0.136641
Receiver: 0.136687
[1266000, 1000]
[1266000, 1000]
Sender: 0.136746
Receiver: 0.137407
[1268000, 1000]
[1268000, 1000]
Sender: 0.137394
Receiver: 0.137416
[1270000, 1000]
[1270000, 1000]
Sender: 0.150248
Receiver: 0.150321
[1272000, 1000]
[1272000, 1000]
Sender: 0.150785
Receiver: 0.150887
[1274000, 1000]
[1274000, 1000]
Sender: 0.161329
Receiver: 0.161125
[1276000, 1000]
[1276000, 1000]
Sender: 0.151441
Receiver: 0.151107
[1278000, 1000]
[1278000, 1000]
Sender: 0.156936
Receiver: 0.156902
[1280000, 1000]
[1280000, 1000]
Sender: 0.142717
Receiver: 0.143435
[1282000, 1000]
[1282000, 1000]
Sender: 0.138099
Receiver: 0.138113
[1284000, 1000]
[1284000, 1000]
Sender: 0.141459
Receiver: 0.142188
[1286000, 1000]
[1286000, 1000]
Sender: 0.139331
Receiver: 0.140063
[1288000, 1000]
[1288000, 1000]
Sender: 0.141905
Receiver: 0.141195
[1290000, 1000]
[1290000, 1000]
Sender: 0.137853
Receiver: 0.138517
[1292000, 1000]
[1292000, 1000]
Sender: 0.138433
Receiver: 0.139186
[1294000, 1000]
[1294000, 1000]
Sender: 0.157636
Receiver: 0.157274
[1296000, 1000]
[1296000, 1000]
Sender: 0.151536
Receiver: 0.151163
[1298000, 1000]
[1298000, 1000]
Sender: 0.160045
Receiver: 0.160098
[1300000, 1000]
[1300000, 1000]
Sender: 0.163329
Receiver: 0.163199
[1302000, 1000]
[1302000, 1000]
Sender: 0.153620
Receiver: 0.153675
[1304000, 1000]
[1304000, 1000]
Sender: 0.145276
Receiver: 0.145907
[1306000, 1000]
[1306000, 1000]
Sender: 0.140645
Receiver: 0.139978
[1308000, 1000]
[1308000, 1000]
Sender: 0.140568
Receiver: 0.140590
[1310000, 1000]
[1310000, 1000]
Sender: 0.141070
Receiver: 0.141122
[1312000, 1000]
[1312000, 1000]
Sender: 0.142402
Receiver: 0.142217
[1314000, 1000]
[1314000, 1000]
Sender: 0.142901
Receiver: 0.142932
[1316000, 1000]
[1316000, 1000]
Sender: 0.154770
Receiver: 0.154798
[1318000, 1000]
[1318000, 1000]
Sender: 0.145704
Receiver: 0.145759
[1320000, 1000]
[1320000, 1000]
Sender: 0.148633
Receiver: 0.147933
[1322000, 1000]
[1322000, 1000]
Sender: 0.149049
Receiver: 0.149032
[1324000, 1000]
[1324000, 1000]
Sender: 0.147583
Receiver: 0.147650
[1326000, 1000]
[1326000, 1000]
Sender: 0.144836
Receiver: 0.144830
[1328000, 1000]
[1328000, 1000]
Sender: 0.143584
Receiver: 0.143007
[1330000, 1000]
[1330000, 1000]
Sender: 0.142482
Receiver: 0.143175
[1332000, 1000]
[1332000, 1000]
Sender: 0.143944
Receiver: 0.143925
[1334000, 1000]
[1334000, 1000]
Sender: 0.143719
Receiver: 0.143739
[1336000, 1000]
[1336000, 1000]
Sender: 0.144919
Receiver: 0.144983
[1338000, 1000]
[1338000, 1000]
Sender: 0.144624
Receiver: 0.145253
[1340000, 1000]
[1340000, 1000]
Sender: 0.163743
Receiver: 0.164394
[1342000, 1000]
[1342000, 1000]
Sender: 0.167778
Receiver: 0.168454
[1344000, 1000]
[1344000, 1000]
Sender: 0.150500
Receiver: 0.151269
[1346000, 1000]
[1346000, 1000]
Sender: 0.147620
Receiver: 0.147707
[1348000, 1000]
[1348000, 1000]
Sender: 0.151781
Receiver: 0.151714
[1350000, 1000]
[1350000, 1000]
Sender: 0.151833
Receiver: 0.151879
[1352000, 1000]
[1352000, 1000]
Sender: 0.144958
Receiver: 0.145002
[1354000, 1000]
[1354000, 1000]
Sender: 0.146108
Receiver: 0.146096
[1356000, 1000]
[1356000, 1000]
Sender: 0.145997
Receiver: 0.145392
[1358000, 1000]
[1358000, 1000]
Sender: 0.146791
Receiver: 0.146718
[1360000, 1000]
[1360000, 1000]
Sender: 0.146808
Receiver: 0.146126
[1362000, 1000]
[1362000, 1000]
Sender: 0.159175
Receiver: 0.158518
[1364000, 1000]
[1364000, 1000]
Sender: 0.150107
Receiver: 0.149455
[1366000, 1000]
[1366000, 1000]
Sender: 0.152511
Receiver: 0.153195
[1368000, 1000]
[1368000, 1000]
Sender: 0.163469
Receiver: 0.164035
[1370000, 1000]
[1370000, 1000]
Sender: 0.162141
Receiver: 0.162215
[1372000, 1000]
[1372000, 1000]
Sender: 0.168070
Receiver: 0.167810
[1374000, 1000]
[1374000, 1000]
Sender: 0.148381
Receiver: 0.148394
[1376000, 1000]
[1376000, 1000]
Sender: 0.149079
Receiver: 0.148989
[1378000, 1000]
[1378000, 1000]
Sender: 0.149834
Receiver: 0.149880
[1380000, 1000]
[1380000, 1000]
Sender: 0.149201
Receiver: 0.149203
[1382000, 1000]
[1382000, 1000]
Sender: 0.149200
Receiver: 0.149154
[1384000, 1000]
[1384000, 1000]
Sender: 0.159337
Receiver: 0.159466
[1386000, 1000]
[1386000, 1000]
Sender: 0.170410
Receiver: 0.169736
[1388000, 1000]
[1388000, 1000]
Sender: 0.152646
Receiver: 0.151969
[1390000, 1000]
[1390000, 1000]
Sender: 0.155511
Receiver: 0.156218
[1392000, 1000]
[1392000, 1000]
Sender: 0.156197
Receiver: 0.156189
[1394000, 1000]
[1394000, 1000]
Sender: 0.155483
Receiver: 0.156245
[1396000, 1000]
[1396000, 1000]
Sender: 0.149762
Receiver: 0.149039
[1398000, 1000]
[1398000, 1000]
Sender: 0.150022
Receiver: 0.150087
[1400000, 1000]
[1400000, 1000]
Sender: 0.150783
Receiver: 0.150719
[1402000, 1000]
[1402000, 1000]
Sender: 0.151677
Receiver: 0.151689
[1404000, 1000]
[1404000, 1000]
Sender: 0.152984
Receiver: 0.152327
[1406000, 1000]
[1406000, 1000]
Sender: 0.154905
Receiver: 0.155598
[1408000, 1000]
[1408000, 1000]
Sender: 0.154154
Receiver: 0.154881
[1410000, 1000]
[1410000, 1000]
Sender: 0.153309
Receiver: 0.154129
[1412000, 1000]
[1412000, 1000]
Sender: 0.158896
Receiver: 0.158865
[1414000, 1000]
[1414000, 1000]
Sender: 0.156212
Receiver: 0.155511
[1416000, 1000]
[1416000, 1000]
Sender: 0.159647
Receiver: 0.159667
[1418000, 1000]
[1418000, 1000]
Sender: 0.152761
Receiver: 0.152835
[1420000, 1000]
[1420000, 1000]
Sender: 0.152858
Receiver: 0.152979
[1422000, 1000]
[1422000, 1000]
Sender: 0.153277
Receiver: 0.152645
[1424000, 1000]
[1424000, 1000]
Sender: 0.153138
Receiver: 0.152503
[1426000, 1000]
[1426000, 1000]
Sender: 0.153374
Receiver: 0.153425
[1428000, 1000]
[1428000, 1000]
Sender: 0.156285
Receiver: 0.155613
[1430000, 1000]
[1430000, 1000]
Sender: 0.159087
Receiver: 0.159818
[1432000, 1000]
[1432000, 1000]
Sender: 0.159970
Receiver: 0.159918
[1434000, 1000]
[1434000, 1000]
Sender: 0.155869
Receiver: 0.156640
[1436000, 1000]
[1436000, 1000]
Sender: 0.162801
Receiver: 0.162775
[1438000, 1000]
[1438000, 1000]
Sender: 0.161419
Receiver: 0.161330
[1440000, 1000]
[1440000, 1000]
Sender: 0.154771
Receiver: 0.155588
[1442000, 1000]
[1442000, 1000]
Sender: 0.155822
Receiver: 0.155182
[1444000, 1000]
[1444000, 1000]
Sender: 0.155874
Receiver: 0.155926
[1446000, 1000]
[1446000, 1000]
Sender: 0.156292
Receiver: 0.156245
[1448000, 1000]
[1448000, 1000]
Sender: 0.164387
Receiver: 0.165166
[1450000, 1000]
[1450000, 1000]
Sender: 0.156543
Receiver: 0.155824
[1452000, 1000]
[1452000, 1000]
Sender: 0.159196
Receiver: 0.159232
[1454000, 1000]
[1454000, 1000]
Sender: 0.159323
Receiver: 0.159391
[1456000, 1000]
[1456000, 1000]
Sender: 0.175053
Receiver: 0.174369
[1458000, 1000]
[1458000, 1000]
Sender: 0.171834
Receiver: 0.172484
[1460000, 1000]
[1460000, 1000]
Sender: 0.165684
Receiver: 0.165040
[1462000, 1000]
[1462000, 1000]
Sender: 0.159721
Receiver: 0.159029
[1464000, 1000]
[1464000, 1000]
Sender: 0.156344
Receiver: 0.156326
[1466000, 1000]
[1466000, 1000]
Sender: 0.157387
Receiver: 0.158073
[1468000, 1000]
[1468000, 1000]
Sender: 0.157934
Receiver: 0.158572
[1470000, 1000]
[1470000, 1000]
Sender: 0.158379
Receiver: 0.157701
[1472000, 1000]
[1472000, 1000]
Sender: 0.162910
Receiver: 0.162898
[1474000, 1000]
[1474000, 1000]
Sender: 0.181810
Receiver: 0.181677
[1476000, 1000]
[1476000, 1000]
Sender: 0.181682
Receiver: 0.181220
[1478000, 1000]
[1478000, 1000]
Sender: 0.161136
Receiver: 0.160451
[1480000, 1000]
[1480000, 1000]
Sender: 0.183872
Receiver: 0.184972
[1482000, 1000]
[1482000, 1000]
Sender: 0.172063
Receiver: 0.173073
[1484000, 1000]
[1484000, 1000]
Sender: 0.160333
Receiver: 0.160978
[1486000, 1000]
[1486000, 1000]
Sender: 0.160681
Receiver: 0.160703
[1488000, 1000]
[1488000, 1000]
Sender: 0.159355
Receiver: 0.159386
[1490000, 1000]
[1490000, 1000]
Sender: 0.159575
Receiver: 0.159588
[1492000, 1000]
[1492000, 1000]
Sender: 0.159017
Receiver: 0.159811
[1494000, 1000]
[1494000, 1000]
Sender: 0.182360
Receiver: 0.182013
[1496000, 1000]
[1496000, 1000]
Sender: 0.182025
Receiver: 0.181726
[1498000, 1000]
[1498000, 1000]
Sender: 0.175607
Receiver: 0.175619
[1500000, 1000]
[1500000, 1000]
Sender: 0.186961
Receiver: 0.186645
[1502000, 1000]
[1502000, 1000]
Sender: 0.183813
Receiver: 0.184840
[1504000, 1000]
[1504000, 1000]
Sender: 0.161983
Receiver: 0.161978
[1506000, 1000]
[1506000, 1000]
Sender: 0.161041
Receiver: 0.161763
[1508000, 1000]
[1508000, 1000]
Sender: 0.163393
Receiver: 0.163410
[1510000, 1000]
[1510000, 1000]
Sender: 0.161474
Receiver: 0.160746
[1512000, 1000]
[1512000, 1000]
Sender: 0.160840
Receiver: 0.160863
[1514000, 1000]
[1514000, 1000]
Sender: 0.179057
Receiver: 0.178556
[1516000, 1000]
[1516000, 1000]
Sender: 0.186981
Receiver: 0.186748
[1518000, 1000]
[1518000, 1000]
Sender: 0.186913
Receiver: 0.186638
[1520000, 1000]
[1520000, 1000]
Sender: 0.187854
Receiver: 0.188122
[1522000, 1000]
[1522000, 1000]
Sender: 0.185292
Receiver: 0.185045
[1524000, 1000]
[1524000, 1000]
Sender: 0.162913
Receiver: 0.163596
[1526000, 1000]
[1526000, 1000]
Sender: 0.164716
Receiver: 0.164718
[1528000, 1000]
[1528000, 1000]
Sender: 0.163861
Receiver: 0.163234
[1530000, 1000]
[1530000, 1000]
Sender: 0.163416
Receiver: 0.164081
[1532000, 1000]
[1532000, 1000]
Sender: 0.164926
Receiver: 0.164193
[1534000, 1000]
[1534000, 1000]
Sender: 0.186045
Receiver: 0.186978
[1536000, 1000]
[1536000, 1000]
Sender: 0.188249
Receiver: 0.187985
[1538000, 1000]
[1538000, 1000]
Sender: 0.188074
Receiver: 0.186967
[1540000, 1000]
[1540000, 1000]
Sender: 0.180029
Receiver: 0.180247
[1542000, 1000]
[1542000, 1000]
Sender: 0.171520
Receiver: 0.172547
[1544000, 1000]
[1544000, 1000]
Sender: 0.165962
Receiver: 0.165272
[1546000, 1000]
[1546000, 1000]
Sender: 0.166447
Receiver: 0.166401
[1548000, 1000]
[1548000, 1000]
Sender: 0.165889
Receiver: 0.165241
[1550000, 1000]
[1550000, 1000]
Sender: 0.165985
Receiver: 0.166725
[1552000, 1000]
[1552000, 1000]
Sender: 0.172395
Receiver: 0.173010
[1554000, 1000]
[1554000, 1000]
Sender: 0.167827
Receiver: 0.168472
[1556000, 1000]
[1556000, 1000]
Sender: 0.174498
Receiver: 0.173362
[1558000, 1000]
[1558000, 1000]
Sender: 0.168884
Receiver: 0.169653
[1560000, 1000]
[1560000, 1000]
Sender: 0.173878
Receiver: 0.173168
[1562000, 1000]
[1562000, 1000]
Sender: 0.171931
Receiver: 0.172663
[1564000, 1000]
[1564000, 1000]
Sender: 0.166681
Receiver: 0.166703
[1566000, 1000]
[1566000, 1000]
Sender: 0.167485
Receiver: 0.167517
[1568000, 1000]
[1568000, 1000]
Sender: 0.166316
Receiver: 0.167030
[1570000, 1000]
[1570000, 1000]
Sender: 0.168300
Receiver: 0.168279
[1572000, 1000]
[1572000, 1000]
Sender: 0.168772
Receiver: 0.168799
[1574000, 1000]
[1574000, 1000]
Sender: 0.189634
Receiver: 0.189662
[1576000, 1000]
[1576000, 1000]
Sender: 0.204731
Receiver: 0.204764
[1578000, 1000]
[1578000, 1000]
Sender: 0.173886
Receiver: 0.174611
[1580000, 1000]
[1580000, 1000]
Sender: 0.184337
Receiver: 0.184563
[1582000, 1000]
[1582000, 1000]
Sender: 0.184995
Receiver: 0.184349
[1584000, 1000]
[1584000, 1000]
Sender: 0.168668
Receiver: 0.169325
[1586000, 1000]
[1586000, 1000]
Sender: 0.169447
Receiver: 0.168716
[1588000, 1000]
[1588000, 1000]
Sender: 0.171951
Receiver: 0.171997
[1590000, 1000]
[1590000, 1000]
Sender: 0.172463
Receiver: 0.172479
[1592000, 1000]
[1592000, 1000]
Sender: 0.171054
Receiver: 0.171092
[1594000, 1000]
[1594000, 1000]
Sender: 0.192996
Receiver: 0.193295
[1596000, 1000]
[1596000, 1000]
Sender: 0.187700
Receiver: 0.188112
[1598000, 1000]
[1598000, 1000]
Sender: 0.198702
Receiver: 0.197966
[1600000, 1000]
[1600000, 1000]
Sender: 0.196536
Receiver: 0.196891
[1602000, 1000]
[1602000, 1000]
Sender: 0.185635
Receiver: 0.185645
[1604000, 1000]
[1604000, 1000]
Sender: 0.171623
Receiver: 0.171621
[1606000, 1000]
[1606000, 1000]
Sender: 0.171605
Receiver: 0.171680
[1608000, 1000]
[1608000, 1000]
Sender: 0.172208
Receiver: 0.172224
[1610000, 1000]
[1610000, 1000]
Sender: 0.171567
Receiver: 0.170875
[1612000, 1000]
[1612000, 1000]
Sender: 0.171812
Receiver: 0.171206
[1614000, 1000]
[1614000, 1000]
Sender: 0.171021
Receiver: 0.171753
[1616000, 1000]
[1616000, 1000]
Sender: 0.171340
Receiver: 0.172100
[1618000, 1000]
[1618000, 1000]
Sender: 0.196149
Receiver: 0.195763
[1620000, 1000]
[1620000, 1000]
Sender: 0.199055
Receiver: 0.199050
[1622000, 1000]
[1622000, 1000]
Sender: 0.173940
Receiver: 0.173963
[1624000, 1000]
[1624000, 1000]
Sender: 0.173172
Receiver: 0.173214
[1626000, 1000]
[1626000, 1000]
Sender: 0.174440
Receiver: 0.174262
[1628000, 1000]
[1628000, 1000]
Sender: 0.173086
Receiver: 0.173080
[1630000, 1000]
[1630000, 1000]
Sender: 0.175571
Receiver: 0.174909
[1632000, 1000]
[1632000, 1000]
Sender: 0.197381
Receiver: 0.197311
[1634000, 1000]
[1634000, 1000]
Receiver: 0.192941
Sender: 0.192615
[1636000, 1000]
[1636000, 1000]
Sender: 0.199596
Receiver: 0.199415
[1638000, 1000]
[1638000, 1000]
Sender: 0.205718
Receiver: 0.205744
[1640000, 1000]
[1640000, 1000]
Sender: 0.193405
Receiver: 0.193446
[1642000, 1000]
[1642000, 1000]
Sender: 0.174776
Receiver: 0.174886
[1644000, 1000]
[1644000, 1000]
Sender: 0.175957
Receiver: 0.175969
[1646000, 1000]
[1646000, 1000]
Sender: 0.176487
Receiver: 0.177166
[1648000, 1000]
[1648000, 1000]
Sender: 0.175450
Receiver: 0.174803
[1650000, 1000]
[1650000, 1000]
Sender: 0.179852
Receiver: 0.179870
[1652000, 1000]
[1652000, 1000]
Sender: 0.205126
Receiver: 0.205831
[1654000, 1000]
[1654000, 1000]
Sender: 0.176334
Receiver: 0.175621
[1656000, 1000]
[1656000, 1000]
Sender: 0.192132
Receiver: 0.191875
[1658000, 1000]
[1658000, 1000]
Sender: 0.176053
Receiver: 0.176764
[1660000, 1000]
[1660000, 1000]
Sender: 0.182983
Receiver: 0.183400
[1662000, 1000]
[1662000, 1000]
Sender: 0.178065
Receiver: 0.178066
[1664000, 1000]
[1664000, 1000]
Sender: 0.176932
Receiver: 0.176991
[1666000, 1000]
[1666000, 1000]
Sender: 0.178369
Receiver: 0.178333
[1668000, 1000]
[1668000, 1000]
Sender: 0.177804
Receiver: 0.177864
[1670000, 1000]
[1670000, 1000]
Sender: 0.192714
Receiver: 0.192735
[1672000, 1000]
[1672000, 1000]
Sender: 0.193872
Receiver: 0.194094
[1674000, 1000]
[1674000, 1000]
Sender: 0.195388
Receiver: 0.195467
[1676000, 1000]
[1676000, 1000]
Sender: 0.205752
Receiver: 0.205228
[1678000, 1000]
[1678000, 1000]
Sender: 0.180198
Receiver: 0.179960
[1680000, 1000]
[1680000, 1000]
Sender: 0.178796
Receiver: 0.179552
[1682000, 1000]
[1682000, 1000]
Sender: 0.179171
Receiver: 0.179194
[1684000, 1000]
[1684000, 1000]
Sender: 0.179423
Receiver: 0.179470
[1686000, 1000]
[1686000, 1000]
Sender: 0.194919
Receiver: 0.194199
[1688000, 1000]
[1688000, 1000]
Sender: 0.198097
Receiver: 0.198059
[1690000, 1000]
[1690000, 1000]
Sender: 0.182159
Receiver: 0.182340
[1692000, 1000]
[1692000, 1000]
Sender: 0.195150
Receiver: 0.195314
[1694000, 1000]
[1694000, 1000]
Sender: 0.198209
Receiver: 0.199246
[1696000, 1000]
[1696000, 1000]
Sender: 0.192765
Receiver: 0.193235
[1698000, 1000]
[1698000, 1000]
Sender: 0.179767
Receiver: 0.180499
[1700000, 1000]
[1700000, 1000]
Sender: 0.183352
Receiver: 0.183378
[1702000, 1000]
[1702000, 1000]
Sender: 0.184297
Receiver: 0.184304
[1704000, 1000]
[1704000, 1000]
Sender: 0.181755
Receiver: 0.182451
[1706000, 1000]
[1706000, 1000]
Sender: 0.183867
Receiver: 0.183167
[1708000, 1000]
[1708000, 1000]
Sender: 0.193774
Receiver: 0.193762
[1710000, 1000]
[1710000, 1000]
Sender: 0.207920
Receiver: 0.208638
[1712000, 1000]
[1712000, 1000]
Sender: 0.197382
Receiver: 0.198147
[1714000, 1000]
[1714000, 1000]
Sender: 0.197526
Receiver: 0.197167
[1716000, 1000]
[1716000, 1000]
Sender: 0.197206
Receiver: 0.196795
[1718000, 1000]
[1718000, 1000]
Sender: 0.182836
Receiver: 0.182848
[1720000, 1000]
[1720000, 1000]
Sender: 0.182879
Receiver: 0.182919
[1722000, 1000]
[1722000, 1000]
Sender: 0.183169
Receiver: 0.182548
[1724000, 1000]
[1724000, 1000]
Sender: 0.183819
Receiver: 0.184540
[1726000, 1000]
[1726000, 1000]
Sender: 0.184268
Receiver: 0.183568
[1728000, 1000]
[1728000, 1000]
Sender: 0.185907
Receiver: 0.185120
[1730000, 1000]
[1730000, 1000]
Sender: 0.211821
Receiver: 0.210929
[1732000, 1000]
[1732000, 1000]
Sender: 0.184128
Receiver: 0.184880
[1734000, 1000]
[1734000, 1000]
Sender: 0.199045
Receiver: 0.199849
[1736000, 1000]
[1736000, 1000]
Sender: 0.185195
Receiver: 0.185231
[1738000, 1000]
[1738000, 1000]
Sender: 0.185481
Receiver: 0.186213
[1740000, 1000]
[1740000, 1000]
Sender: 0.184957
Receiver: 0.185680
[1742000, 1000]
[1742000, 1000]
Sender: 0.185848
Receiver: 0.185739
[1744000, 1000]
[1744000, 1000]
Sender: 0.195983
Receiver: 0.195982
[1746000, 1000]
[1746000, 1000]
Sender: 0.213624
Receiver: 0.213357
[1748000, 1000]
[1748000, 1000]
Sender: 0.214949
Receiver: 0.214756
[1750000, 1000]
[1750000, 1000]
Sender: 0.197475
Receiver: 0.197173
[1752000, 1000]
[1752000, 1000]
Sender: 0.207528
Receiver: 0.207289
[1754000, 1000]
[1754000, 1000]
Sender: 0.186769
Receiver: 0.186717
[1756000, 1000]
[1756000, 1000]
Sender: 0.187495
Receiver: 0.188224
[1758000, 1000]
[1758000, 1000]
Sender: 0.187346
Receiver: 0.186640
[1760000, 1000]
[1760000, 1000]
Sender: 0.188191
Receiver: 0.187451
[1762000, 1000]
[1762000, 1000]
Sender: 0.211438
Receiver: 0.211418
[1764000, 1000]
[1764000, 1000]
Sender: 0.206205
Receiver: 0.205806
[1766000, 1000]
[1766000, 1000]
Sender: 0.217020
Receiver: 0.215916
[1768000, 1000]
[1768000, 1000]
Sender: 0.189888
Receiver: 0.189996
[1770000, 1000]
[1770000, 1000]
Sender: 0.208399
Receiver: 0.208195
[1772000, 1000]
[1772000, 1000]
Sender: 0.191491
Receiver: 0.190864
[1774000, 1000]
[1774000, 1000]
Sender: 0.188120
Receiver: 0.188821
[1776000, 1000]
[1776000, 1000]
Sender: 0.189109
Receiver: 0.189117
[1778000, 1000]
[1778000, 1000]
Sender: 0.188415
Receiver: 0.188436
[1780000, 1000]
[1780000, 1000]
Sender: 0.187996
Receiver: 0.188722
[1782000, 1000]
[1782000, 1000]
Sender: 0.189871
Receiver: 0.190535
[1784000, 1000]
[1784000, 1000]
Sender: 0.188447
Receiver: 0.188663
[1786000, 1000]
[1786000, 1000]
Sender: 0.189565
Receiver: 0.189551
[1788000, 1000]
[1788000, 1000]
Sender: 0.189861
Receiver: 0.189126
[1790000, 1000]
[1790000, 1000]
Sender: 0.189164
Receiver: 0.189888
[1792000, 1000]
[1792000, 1000]
Sender: 0.190609
Receiver: 0.190602
[1794000, 1000]
[1794000, 1000]
Sender: 0.189408
Receiver: 0.189434
[1796000, 1000]
[1796000, 1000]
Sender: 0.190622
Receiver: 0.190605
[1798000, 1000]
[1798000, 1000]
Sender: 0.190028
Receiver: 0.189996
[1800000, 1000]
[1800000, 1000]
Sender: 0.190040
Receiver: 0.190094
[1802000, 1000]
[1802000, 1000]
Sender: 0.190382
Receiver: 0.189868
[1804000, 1000]
[1804000, 1000]
Sender: 0.191556
Receiver: 0.191597
[1806000, 1000]
[1806000, 1000]
Sender: 0.189856
Receiver: 0.189881
[1808000, 1000]
[1808000, 1000]
Sender: 0.191177
Receiver: 0.191173
[1810000, 1000]
[1810000, 1000]
Sender: 0.191888
Receiver: 0.191937
[1812000, 1000]
[1812000, 1000]
Sender: 0.192681
Receiver: 0.192661
[1814000, 1000]
[1814000, 1000]
Sender: 0.190853
Receiver: 0.190205
[1816000, 1000]
[1816000, 1000]
Sender: 0.197522
Receiver: 0.196877
[1818000, 1000]
[1818000, 1000]
Sender: 0.193445
Receiver: 0.193447
[1820000, 1000]
[1820000, 1000]
Sender: 0.192261
Receiver: 0.192299
[1822000, 1000]
[1822000, 1000]
Sender: 0.196022
Receiver: 0.196719
[1824000, 1000]
[1824000, 1000]
Sender: 0.193236
Receiver: 0.193946
[1826000, 1000]
[1826000, 1000]
Sender: 0.193334
Receiver: 0.194030
[1828000, 1000]
[1828000, 1000]
Sender: 0.195414
Receiver: 0.195380
[1830000, 1000]
[1830000, 1000]
Sender: 0.193344
Receiver: 0.193347
[1832000, 1000]
[1832000, 1000]
Sender: 0.193446
Receiver: 0.193434
[1834000, 1000]
[1834000, 1000]
Sender: 0.192705
Receiver: 0.193372
[1836000, 1000]
[1836000, 1000]
Sender: 0.194829
Receiver: 0.194171
[1838000, 1000]
[1838000, 1000]
Sender: 0.194246
Receiver: 0.194289
[1840000, 1000]
[1840000, 1000]
Sender: 0.194117
Receiver: 0.194145
[1842000, 1000]
[1842000, 1000]
Sender: 0.194113
Receiver: 0.194143
[1844000, 1000]
[1844000, 1000]
Sender: 0.196273
Receiver: 0.196984
[1846000, 1000]
[1846000, 1000]
Sender: 0.194118
Receiver: 0.194884
[1848000, 1000]
[1848000, 1000]
Sender: 0.194032
Receiver: 0.194736
[1850000, 1000]
[1850000, 1000]
Sender: 0.195375
Receiver: 0.195357
[1852000, 1000]
[1852000, 1000]
Sender: 0.196719
Receiver: 0.196760
[1854000, 1000]
[1854000, 1000]
Sender: 0.196811
Receiver: 0.196132
[1856000, 1000]
[1856000, 1000]
Sender: 0.195774
Receiver: 0.195154
[1858000, 1000]
[1858000, 1000]
Sender: 0.196199
Receiver: 0.196232
[1860000, 1000]
[1860000, 1000]
Sender: 0.195159
Receiver: 0.194468
[1862000, 1000]
[1862000, 1000]
Sender: 0.198104
Receiver: 0.198118
[1864000, 1000]
[1864000, 1000]
Sender: 0.199040
Receiver: 0.199052
[1866000, 1000]
[1866000, 1000]
Sender: 0.196848
Receiver: 0.196875
[1868000, 1000]
[1868000, 1000]
Sender: 0.197418
Receiver: 0.198115
[1870000, 1000]
[1870000, 1000]
Sender: 0.198397
Receiver: 0.197706
[1872000, 1000]
[1872000, 1000]
Sender: 0.197444
Receiver: 0.196794
[1874000, 1000]
[1874000, 1000]
Sender: 0.197826
Receiver: 0.197836
[1876000, 1000]
[1876000, 1000]
Sender: 0.197343
Receiver: 0.198016
[1878000, 1000]
[1878000, 1000]
Sender: 0.196793
Receiver: 0.196900
[1880000, 1000]
[1880000, 1000]
Sender: 0.198510
Receiver: 0.198566
[1882000, 1000]
[1882000, 1000]
Sender: 0.198769
Receiver: 0.198799
[1884000, 1000]
[1884000, 1000]
Sender: 0.199696
Receiver: 0.199084
[1886000, 1000]
[1886000, 1000]
Sender: 0.197331
Receiver: 0.198019
[1888000, 1000]
[1888000, 1000]
Sender: 0.199474
Receiver: 0.199489
[1890000, 1000]
[1890000, 1000]
Sender: 0.200647
Receiver: 0.200694
[1892000, 1000]
[1892000, 1000]
Sender: 0.198856
Receiver: 0.198868
[1894000, 1000]
[1894000, 1000]
Sender: 0.198958
Receiver: 0.199579
[1896000, 1000]
[1896000, 1000]
Sender: 0.201226
Receiver: 0.201255
[1898000, 1000]
[1898000, 1000]
Sender: 0.199717
Receiver: 0.199094
[1900000, 1000]
[1900000, 1000]
Sender: 0.200182
Receiver: 0.199557
[1902000, 1000]
[1902000, 1000]
Sender: 0.201025
Receiver: 0.201023
[1904000, 1000]
[1904000, 1000]
Sender: 0.200829
Receiver: 0.200850
[1906000, 1000]
[1906000, 1000]
Sender: 0.200633
Receiver: 0.199975
[1908000, 1000]
[1908000, 1000]
Sender: 0.203753
Receiver: 0.203748
[1910000, 1000]
[1910000, 1000]
Sender: 0.201231
Receiver: 0.200578
[1912000, 1000]
[1912000, 1000]
Sender: 0.202517
Receiver: 0.202488
[1914000, 1000]
[1914000, 1000]
Sender: 0.201919
Receiver: 0.201985
[1916000, 1000]
[1916000, 1000]
Sender: 0.202434
Receiver: 0.201798
[1918000, 1000]
[1918000, 1000]
Sender: 0.201151
Receiver: 0.201133
[1920000, 1000]
[1920000, 1000]
Sender: 0.202661
Receiver: 0.202712
[1922000, 1000]
[1922000, 1000]
Sender: 0.202172
Receiver: 0.202870
[1924000, 1000]
[1924000, 1000]
Sender: 0.201982
Receiver: 0.201955
[1926000, 1000]
[1926000, 1000]
Sender: 0.202775
Receiver: 0.202717
[1928000, 1000]
[1928000, 1000]
Sender: 0.202754
Receiver: 0.202784
[1930000, 1000]
[1930000, 1000]
Sender: 0.203010
Receiver: 0.203034
[1932000, 1000]
[1932000, 1000]
Sender: 0.203717
Receiver: 0.204390
[1934000, 1000]
[1934000, 1000]
Sender: 0.204140
Receiver: 0.204153
[1936000, 1000]
[1936000, 1000]
Sender: 0.205516
Receiver: 0.205431
[1938000, 1000]
[1938000, 1000]
Sender: 0.205236
Receiver: 0.205134
[1940000, 1000]
[1940000, 1000]
Sender: 0.204825
Receiver: 0.204824
[1942000, 1000]
[1942000, 1000]
Sender: 0.217424
Receiver: 0.217473
[1944000, 1000]
[1944000, 1000]
Sender: 0.206808
Receiver: 0.206161
[1946000, 1000]
[1946000, 1000]
Sender: 0.206394
Receiver: 0.205697
[1948000, 1000]
[1948000, 1000]
Sender: 0.208876
Receiver: 0.208901
[1950000, 1000]
[1950000, 1000]
Sender: 0.209725
Receiver: 0.209759
[1952000, 1000]
[1952000, 1000]
Sender: 0.205672
Receiver: 0.206383
[1954000, 1000]
[1954000, 1000]
Sender: 0.208117
Receiver: 0.207473
[1956000, 1000]
[1956000, 1000]
Sender: 0.238056
Receiver: 0.239041
[1958000, 1000]
[1958000, 1000]
Sender: 0.239601
Receiver: 0.238873
[1960000, 1000]
[1960000, 1000]
Sender: 0.239801
Receiver: 0.239767
[1962000, 1000]
[1962000, 1000]
Sender: 0.240836
Receiver: 0.240892
[1964000, 1000]
[1964000, 1000]
Sender: 0.240313
Receiver: 0.240354
[1966000, 1000]
[1966000, 1000]
Sender: 0.238837
Receiver: 0.239593
[1968000, 1000]
[1968000, 1000]
Sender: 0.240554
Receiver: 0.240620
[1970000, 1000]
[1970000, 1000]
Sender: 0.240397
Receiver: 0.240434
[1972000, 1000]
[1972000, 1000]
Sender: 0.239310
Receiver: 0.240134
[1974000, 1000]
[1974000, 1000]
Sender: 0.240738
Receiver: 0.240741
[1976000, 1000]
[1976000, 1000]
Sender: 0.241139
Receiver: 0.240412
[1978000, 1000]
[1978000, 1000]
Sender: 0.241201
Receiver: 0.241210
[1980000, 1000]
[1980000, 1000]
Sender: 0.241721
Receiver: 0.241740
[1982000, 1000]
[1982000, 1000]
Sender: 0.240443
Receiver: 0.241218
[1984000, 1000]
[1984000, 1000]
Sender: 0.240990
Receiver: 0.241778
[1986000, 1000]
[1986000, 1000]
Sender: 0.242272
Receiver: 0.243109
[1988000, 1000]
[1988000, 1000]
Sender: 0.243053
Receiver: 0.242359
[1990000, 1000]
[1990000, 1000]
Sender: 0.244359
Receiver: 0.243549
[1992000, 1000]
[1992000, 1000]
Sender: 0.244078
Receiver: 0.244919
[1994000, 1000]
[1994000, 1000]
Sender: 0.244995
Receiver: 0.245025
[1996000, 1000]
[1996000, 1000]
Sender: 0.243386
Receiver: 0.243466
[1998000, 1000]
[1998000, 1000]
Sender: 0.242471
Receiver: 0.241678
[2000000, 1000]
[2000000, 1000]
Sender: 0.243229
Receiver: 0.244007
