[2000, 1000]
[2000, 1000]
Sender: 0.011017
Receiver: 0.013655
[4000, 1000]
[4000, 1000]
Receiver: 0.021836
Sender: 0.018867
[6000, 1000]
[6000, 1000]
Sender: 0.021690
Receiver: 0.023681
[8000, 1000]
[8000, 1000]
Sender: 0.027012
Receiver: 0.027166
[10000, 1000]
[10000, 1000]
Sender: 0.020482
Receiver: 0.021510
[12000, 1000]
[12000, 1000]
Sender: 0.035154
Receiver: 0.034095
[14000, 1000]
[14000, 1000]
Sender: 0.022220
Receiver: 0.022160
[16000, 1000]
[16000, 1000]
Sender: 0.023795
Receiver: 0.024431
[18000, 1000]
[18000, 1000]
Sender: 0.023550
Receiver: 0.024934
[20000, 1000]
[20000, 1000]
Sender: 0.035481
Receiver: 0.035070
[22000, 1000]
[22000, 1000]
Sender: 0.026903
Receiver: 0.027507
[24000, 1000]
[24000, 1000]
Sender: 0.028408
Receiver: 0.029843
[26000, 1000]
[26000, 1000]
Sender: 0.032719
Receiver: 0.032388
[28000, 1000]
[28000, 1000]
Sender: 0.030704
Receiver: 0.030834
[30000, 1000]
[30000, 1000]
Sender: 0.028291
Receiver: 0.028733
[32000, 1000]
[32000, 1000]
Sender: 0.036144
Receiver: 0.036942
[34000, 1000]
[34000, 1000]
Sender: 0.034015
Receiver: 0.033751
[36000, 1000]
[36000, 1000]
Sender: 0.029307
Receiver: 0.029754
[38000, 1000]
[38000, 1000]
Sender: 0.033393
Receiver: 0.033624
[40000, 1000]
[40000, 1000]
Sender: 0.054636
Receiver: 0.055411
[42000, 1000]
[42000, 1000]
Sender: 0.049688
Receiver: 0.051023
[44000, 1000]
[44000, 1000]
Sender: 0.063932
Receiver: 0.064883
[46000, 1000]
[46000, 1000]
Sender: 0.043705
Receiver: 0.043439
[48000, 1000]
[48000, 1000]
Sender: 0.039062
Receiver: 0.039292
[50000, 1000]
[50000, 1000]
Sender: 0.056606
Receiver: 0.056497
[52000, 1000]
[52000, 1000]
Sender: 0.048605
Receiver: 0.049083
[54000, 1000]
[54000, 1000]
Sender: 0.063756
Receiver: 0.064219
[56000, 1000]
[56000, 1000]
Receiver: 0.046378
Sender: 0.045300
[58000, 1000]
[58000, 1000]
Sender: 0.052471
Receiver: 0.053565
[60000, 1000]
[60000, 1000]
Sender: 0.044325
Receiver: 0.044079
[62000, 1000]
[62000, 1000]
Sender: 0.073227
Receiver: 0.073834
[64000, 1000]
[64000, 1000]
Sender: 0.055038
Receiver: 0.055621
[66000, 1000]
[66000, 1000]
Sender: 0.054141
Receiver: 0.053755
[68000, 1000]
[68000, 1000]
Sender: 0.056704
Receiver: 0.057231
[70000, 1000]
[70000, 1000]
Sender: 0.049591
Receiver: 0.050149
[72000, 1000]
[72000, 1000]
Sender: 0.055173
Receiver: 0.053027
[74000, 1000]
[74000, 1000]
Sender: 0.076828
Receiver: 0.077295
[76000, 1000]
[76000, 1000]
Sender: 0.080350
Receiver: 0.080823
[78000, 1000]
[78000, 1000]
Sender: 0.063461
Receiver: 0.063189
[80000, 1000]
[80000, 1000]
Sender: 0.061929
Receiver: 0.059322
[82000, 1000]
[82000, 1000]
Sender: 0.067918
Receiver: 0.068325
[84000, 1000]
[84000, 1000]
Sender: 0.140430
Receiver: 0.140296
[86000, 1000]
[86000, 1000]
Sender: 0.079214
Receiver: 0.080223
[88000, 1000]
[88000, 1000]
Sender: 0.075061
Receiver: 0.075588
[90000, 1000]
[90000, 1000]
Sender: 0.091817
Receiver: 0.092386
[92000, 1000]
[92000, 1000]
Sender: 0.093570
Receiver: 0.093024
[94000, 1000]
[94000, 1000]
Sender: 0.165293
Receiver: 0.171543
[96000, 1000]
[96000, 1000]
Sender: 0.168204
Receiver: 0.168121
[98000, 1000]
[98000, 1000]
Sender: 0.094045
Receiver: 0.094476
[100000, 1000]
[100000, 1000]
Sender: 0.095515
Receiver: 0.095273
[102000, 1000]
[102000, 1000]
Sender: 0.076900
Receiver: 0.076690
[104000, 1000]
[104000, 1000]
Sender: 0.092278
Receiver: 0.092011
[106000, 1000]
[106000, 1000]
Receiver: 0.108992
Sender: 0.107786
[108000, 1000]
[108000, 1000]
Sender: 0.082402
Receiver: 0.082863
[110000, 1000]
[110000, 1000]
Sender: 0.186953
Receiver: 0.188527
[112000, 1000]
[112000, 1000]
Sender: 0.094929
Receiver: 0.094702
[114000, 1000]
[114000, 1000]
Receiver: 0.081811
Sender: 0.081304
[116000, 1000]
[116000, 1000]
Sender: 0.103035
Receiver: 0.103419
[118000, 1000]
[118000, 1000]
Receiver: 0.101074
Sender: 0.100523
[120000, 1000]
[120000, 1000]
Sender: 0.085983
Receiver: 0.086336
[122000, 1000]
[122000, 1000]
Sender: 0.529657
Receiver: 0.530250
[124000, 1000]
[124000, 1000]
Sender: 0.118354
Receiver: 0.119438
[126000, 1000]
[126000, 1000]
Receiver: 0.143533
Sender: 0.142896
[128000, 1000]
[128000, 1000]
Sender: 0.105848
Receiver: 0.106233
[130000, 1000]
[130000, 1000]
Sender: 0.895404
Receiver: 0.903526
[132000, 1000]
[132000, 1000]
Sender: 0.109486
Receiver: 0.109891
[134000, 1000]
[134000, 1000]
Sender: 0.127460
Receiver: 0.127875
[136000, 1000]
[136000, 1000]
Sender: 1.352724
Receiver: 1.348933
[138000, 1000]
[138000, 1000]
Sender: 0.112988
Receiver: 0.112653
[140000, 1000]
[140000, 1000]
Sender: 0.119166
Receiver: 0.119477
[142000, 1000]
[142000, 1000]
Sender: 0.821906
Receiver: 0.821596
[144000, 1000]
[144000, 1000]
Sender: 0.299668
Receiver: 0.297481
[146000, 1000]
[146000, 1000]
Sender: 0.637783
Receiver: 0.629673
[148000, 1000]
[148000, 1000]
Sender: 0.125468
Receiver: 0.125320
[150000, 1000]
[150000, 1000]
Sender: 0.207869
Receiver: 0.208369
[152000, 1000]
[152000, 1000]
Sender: 0.525188
Receiver: 0.528831
[154000, 1000]
[154000, 1000]
Sender: 0.110691
Receiver: 0.111386
[156000, 1000]
[156000, 1000]
Sender: 0.367868
Receiver: 0.376701
[158000, 1000]
[158000, 1000]
Sender: 1.151625
Receiver: 1.151943
[160000, 1000]
[160000, 1000]
Sender: 0.171198
Receiver: 0.171698
[162000, 1000]
[162000, 1000]
Sender: 0.769088
Receiver: 0.768852
[164000, 1000]
[164000, 1000]
Sender: 0.160458
Receiver: 0.160869
[166000, 1000]
[166000, 1000]
Sender: 0.816980
Receiver: 0.817994
[168000, 1000]
[168000, 1000]
Sender: 0.156536
Receiver: 0.157068
[170000, 1000]
[170000, 1000]
Sender: 0.182218
Receiver: 0.185536
[172000, 1000]
[172000, 1000]
Sender: 1.225565
Receiver: 1.223331
[174000, 1000]
[174000, 1000]
Sender: 0.159317
Receiver: 0.159686
[176000, 1000]
[176000, 1000]
Sender: 1.097286
Receiver: 1.097700
[178000, 1000]
[178000, 1000]
Sender: 0.139536
Receiver: 0.139931
[180000, 1000]
[180000, 1000]
Receiver: 0.165239
Sender: 0.167435
[182000, 1000]
[182000, 1000]
Receiver: 0.169858
Sender: 0.169329
[184000, 1000]
[184000, 1000]
Sender: 0.218500
Receiver: 0.222340
[186000, 1000]
[186000, 1000]
Sender: 0.184647
Receiver: 0.176911
[188000, 1000]
[188000, 1000]
Sender: 0.134706
Receiver: 0.135144
[190000, 1000]
[190000, 1000]
Sender: 0.358041
Receiver: 0.357833
[192000, 1000]
[192000, 1000]
Sender: 0.165366
Receiver: 0.162474
[194000, 1000]
[194000, 1000]
Sender: 0.177696
Receiver: 0.170563
[196000, 1000]
[196000, 1000]
Sender: 0.190941
Receiver: 0.181263
[198000, 1000]
[198000, 1000]
Sender: 1.265314
Receiver: 1.266454
[200000, 1000]
[200000, 1000]
Sender: 0.148434
Receiver: 0.148789
[202000, 1000]
[202000, 1000]
Sender: 0.222998
Receiver: 0.222702
[204000, 1000]
[204000, 1000]
Sender: 0.171150
Receiver: 0.169700
[206000, 1000]
[206000, 1000]
Sender: 0.924873
Receiver: 0.924427
[208000, 1000]
[208000, 1000]
Sender: 0.156119
Receiver: 0.157076
[210000, 1000]
[210000, 1000]
Sender: 0.178162
Receiver: 0.177746
[212000, 1000]
[212000, 1000]
Sender: 0.926362
Receiver: 0.926779
[214000, 1000]
[214000, 1000]
Sender: 0.192426
Receiver: 0.197630
[216000, 1000]
[216000, 1000]
Sender: 0.522450
Receiver: 0.522615
[218000, 1000]
[218000, 1000]
Sender: 0.394175
Receiver: 0.394628
[220000, 1000]
[220000, 1000]
Receiver: 0.236191
Sender: 0.235010
[222000, 1000]
[222000, 1000]
Receiver: 0.208063
Sender: 0.206824
[224000, 1000]
[224000, 1000]
Sender: 0.463943
Receiver: 0.464222
[226000, 1000]
[226000, 1000]
Sender: 1.308633
Receiver: 1.309111
[228000, 1000]
[228000, 1000]
Sender: 0.190674
Receiver: 0.191050
[230000, 1000]
[230000, 1000]
Sender: 0.147203
Receiver: 0.147574
[232000, 1000]
[232000, 1000]
Sender: 0.949905
Receiver: 0.951009
[234000, 1000]
[234000, 1000]
Sender: 0.185413
Receiver: 0.185901
[236000, 1000]
[236000, 1000]
Sender: 0.179620
Receiver: 0.179974
[238000, 1000]
[238000, 1000]
Sender: 0.743010
Receiver: 0.738756
[240000, 1000]
[240000, 1000]
Sender: 0.808619
Receiver: 0.809640
[242000, 1000]
[242000, 1000]
Sender: 0.155390
Receiver: 0.155753
[244000, 1000]
[244000, 1000]
Sender: 1.149254
Receiver: 1.149644
[246000, 1000]
[246000, 1000]
Sender: 1.346845
Receiver: 1.346637
[248000, 1000]
[248000, 1000]
Receiver: 0.185232
Sender: 0.185515
[250000, 1000]
[250000, 1000]
Sender: 0.371289
Receiver: 0.371772
[252000, 1000]
[252000, 1000]
Receiver: 0.233964
Sender: 0.239359
[254000, 1000]
[254000, 1000]
Sender: 0.263560
Receiver: 0.262036
[256000, 1000]
[256000, 1000]
Sender: 0.181598
Receiver: 0.181899
[258000, 1000]
[258000, 1000]
Sender: 1.162632
Receiver: 1.162175
[260000, 1000]
[260000, 1000]
Sender: 0.202434
Receiver: 0.202035
[262000, 1000]
[262000, 1000]
Sender: 0.658507
Receiver: 0.659660
[264000, 1000]
[264000, 1000]
Sender: 1.104428
Receiver: 1.105519
[266000, 1000]
[266000, 1000]
Sender: 1.246753
Receiver: 1.247801
[268000, 1000]
[268000, 1000]
Receiver: 0.226641
Sender: 0.226207
[270000, 1000]
[270000, 1000]
Sender: 0.197096
Receiver: 0.194731
[272000, 1000]
[272000, 1000]
Sender: 0.226988
Receiver: 0.228067
[274000, 1000]
[274000, 1000]
Sender: 0.282156
Receiver: 0.282565
[276000, 1000]
[276000, 1000]
Sender: 0.353482
Receiver: 0.353800
[278000, 1000]
[278000, 1000]
Sender: 0.258279
Receiver: 0.258875
[280000, 1000]
[280000, 1000]
Sender: 0.243502
Receiver: 0.241414
[282000, 1000]
[282000, 1000]
Sender: 0.382074
Receiver: 0.381795
[284000, 1000]
[284000, 1000]
Sender: 1.178020
Receiver: 1.179147
[286000, 1000]
[286000, 1000]
Sender: 0.186773
Receiver: 0.187202
[288000, 1000]
[288000, 1000]
Sender: 1.306141
Receiver: 1.304637
[290000, 1000]
[290000, 1000]
Sender: 0.236239
Receiver: 0.241211
[292000, 1000]
[292000, 1000]
Sender: 0.206556
Receiver: 0.201623
[294000, 1000]
[294000, 1000]
Sender: 0.264373
Receiver: 0.259807
[296000, 1000]
[296000, 1000]
Sender: 0.984662
Receiver: 0.985074
[298000, 1000]
[298000, 1000]
Sender: 0.638111
Receiver: 0.648220
[300000, 1000]
[300000, 1000]
Sender: 0.260003
Receiver: 0.261189
[302000, 1000]
[302000, 1000]
Sender: 2.878485
Receiver: 2.878942
[304000, 1000]
[304000, 1000]
Sender: 0.230800
Receiver: 0.231119
[306000, 1000]
[306000, 1000]
Sender: 0.809759
Receiver: 0.811728
[308000, 1000]
[308000, 1000]
Sender: 0.357592
Receiver: 0.357231
[310000, 1000]
[310000, 1000]
Sender: 0.601228
Receiver: 0.605291
[312000, 1000]
[312000, 1000]
Sender: 1.663647
Receiver: 1.665837
[314000, 1000]
[314000, 1000]
Sender: 0.354448
Receiver: 0.354975
[316000, 1000]
[316000, 1000]
Sender: 0.312662
Receiver: 0.310522
[318000, 1000]
[318000, 1000]
Sender: 0.213387
Receiver: 0.214499
[320000, 1000]
[320000, 1000]
Sender: 0.352322
Receiver: 0.350359
[322000, 1000]
[322000, 1000]
Sender: 0.956089
Receiver: 0.957177
[324000, 1000]
[324000, 1000]
Sender: 1.307334
Receiver: 1.307975
[326000, 1000]
[326000, 1000]
Sender: 0.206432
Receiver: 0.207462
[328000, 1000]
[328000, 1000]
Sender: 1.422767
Receiver: 1.411291
[330000, 1000]
[330000, 1000]
Sender: 0.252281
Receiver: 0.252748
[332000, 1000]
[332000, 1000]
Sender: 0.871548
Receiver: 0.871928
[334000, 1000]
[334000, 1000]
Sender: 0.664645
Receiver: 0.671614
[336000, 1000]
[336000, 1000]
Sender: 0.851403
Receiver: 0.851978
[338000, 1000]
[338000, 1000]
Sender: 1.188900
Receiver: 1.189844
[340000, 1000]
[340000, 1000]
Sender: 0.261801
Receiver: 0.262217
[342000, 1000]
[342000, 1000]
Sender: 0.607448
Receiver: 0.607909
[344000, 1000]
[344000, 1000]
Sender: 0.395161
Receiver: 0.395599
[346000, 1000]
[346000, 1000]
Sender: 0.474384
Receiver: 0.468075
[348000, 1000]
[348000, 1000]
Sender: 1.130117
Receiver: 1.130679
[350000, 1000]
[350000, 1000]
Sender: 0.923408
Receiver: 0.923992
[352000, 1000]
[352000, 1000]
Sender: 0.283578
Receiver: 0.283982
[354000, 1000]
[354000, 1000]
Sender: 1.147329
Receiver: 1.147841
[356000, 1000]
[356000, 1000]
Sender: 1.483078
Receiver: 1.483518
[358000, 1000]
[358000, 1000]
Sender: 1.299454
Receiver: 1.299873
[360000, 1000]
[360000, 1000]
Sender: 1.471901
Receiver: 1.473156
[362000, 1000]
[362000, 1000]
Sender: 1.119730
Receiver: 1.142599
[364000, 1000]
[364000, 1000]
Sender: 0.283880
Receiver: 0.284975
[366000, 1000]
[366000, 1000]
Sender: 1.122904
Receiver: 1.123590
[368000, 1000]
[368000, 1000]
Sender: 0.286818
Receiver: 0.287110
[370000, 1000]
[370000, 1000]
Sender: 0.278927
Receiver: 0.277278
[372000, 1000]
[372000, 1000]
Sender: 1.356308
Receiver: 1.347154
[374000, 1000]
[374000, 1000]
Sender: 0.527698
Receiver: 0.530421
[376000, 1000]
[376000, 1000]
Sender: 0.410161
Receiver: 0.406790
[378000, 1000]
[378000, 1000]
Sender: 2.702046
Receiver: 2.703112
[380000, 1000]
[380000, 1000]
Sender: 0.361688
Receiver: 0.362313
[382000, 1000]
[382000, 1000]
Sender: 1.529898
Receiver: 1.530259
[384000, 1000]
[384000, 1000]
Sender: 0.253248
Receiver: 0.252827
[386000, 1000]
[386000, 1000]
Sender: 0.968028
Receiver: 0.968505
[388000, 1000]
[388000, 1000]
Sender: 0.399496
Receiver: 0.404042
[390000, 1000]
[390000, 1000]
Sender: 0.421088
Receiver: 0.418994
[392000, 1000]
[392000, 1000]
Sender: 1.220287
Receiver: 1.213952
[394000, 1000]
[394000, 1000]
Sender: 1.448416
Receiver: 1.449523
[396000, 1000]
[396000, 1000]
Sender: 1.603732
Receiver: 1.610453
[398000, 1000]
[398000, 1000]
Sender: 0.348064
Receiver: 0.348440
[400000, 1000]
[400000, 1000]
Sender: 0.858957
Receiver: 0.859553
[402000, 1000]
[402000, 1000]
Sender: 0.685143
Receiver: 0.675760
[404000, 1000]
[404000, 1000]
Sender: 1.359324
Receiver: 1.359893
[406000, 1000]
[406000, 1000]
Sender: 1.263266
Receiver: 1.263622
[408000, 1000]
[408000, 1000]
Sender: 1.384846
Receiver: 1.384574
[410000, 1000]
[410000, 1000]
Sender: 1.166375
Receiver: 1.167543
[412000, 1000]
[412000, 1000]
Sender: 0.389114
Receiver: 0.389523
[414000, 1000]
[414000, 1000]
Sender: 1.782702
Receiver: 1.782351
[416000, 1000]
[416000, 1000]
Sender: 0.378040
Receiver: 0.377691
[418000, 1000]
[418000, 1000]
Sender: 0.398249
Receiver: 0.399289
[420000, 1000]
[420000, 1000]
Sender: 1.114532
Receiver: 1.115058
[422000, 1000]
[422000, 1000]
Sender: 0.646171
Receiver: 0.646826
[424000, 1000]
[424000, 1000]
Sender: 1.147920
Receiver: 1.144114
[426000, 1000]
[426000, 1000]
Sender: 0.327206
Receiver: 0.327368
[428000, 1000]
[428000, 1000]
Sender: 1.235784
Receiver: 1.236804
[430000, 1000]
[430000, 1000]
Sender: 1.397968
Receiver: 1.399027
[432000, 1000]
[432000, 1000]
Receiver: 2.018354
Sender: 2.018707
[434000, 1000]
[434000, 1000]
Sender: 1.335506
Receiver: 1.338536
[436000, 1000]
[436000, 1000]
Sender: 1.533996
Receiver: 1.534414
[438000, 1000]
[438000, 1000]
Sender: 0.779333
Receiver: 0.779774
[440000, 1000]
[440000, 1000]
Sender: 1.008788
Receiver: 1.009329
[442000, 1000]
[442000, 1000]
Sender: 2.981149
Receiver: 2.981596
[444000, 1000]
[444000, 1000]
Sender: 1.234229
Receiver: 1.233855
[446000, 1000]
[446000, 1000]
Sender: 1.494205
Receiver: 1.492460
[448000, 1000]
[448000, 1000]
Sender: 1.485793
Receiver: 1.485320
[450000, 1000]
[450000, 1000]
Sender: 1.364634
Receiver: 1.365034
[452000, 1000]
[452000, 1000]
Sender: 1.431705
Receiver: 1.432869
[454000, 1000]
[454000, 1000]
Sender: 1.467450
Receiver: 1.467767
[456000, 1000]
[456000, 1000]
Sender: 1.379591
Receiver: 1.379981
[458000, 1000]
[458000, 1000]
Sender: 1.347456
Receiver: 1.344792
[460000, 1000]
[460000, 1000]
Sender: 1.508749
Receiver: 1.509766
[462000, 1000]
[462000, 1000]
Sender: 1.469100
Receiver: 1.469539
[464000, 1000]
[464000, 1000]
Sender: 1.363797
Receiver: 1.364175
[466000, 1000]
[466000, 1000]
Sender: 1.428466
Receiver: 1.428190
[468000, 1000]
[468000, 1000]
Sender: 2.249585
Receiver: 2.249163
[470000, 1000]
[470000, 1000]
Sender: 1.435196
Receiver: 1.435427
[472000, 1000]
[472000, 1000]
Sender: 2.280142
Receiver: 2.281225
[474000, 1000]
[474000, 1000]
Sender: 0.335953
Receiver: 0.336558
[476000, 1000]
[476000, 1000]
Sender: 1.557001
Receiver: 1.559298
[478000, 1000]
[478000, 1000]
Sender: 1.368050
Receiver: 1.369152
[480000, 1000]
[480000, 1000]
Sender: 0.304628
Receiver: 0.305038
[482000, 1000]
[482000, 1000]
Sender: 1.347994
Receiver: 1.345711
[484000, 1000]
[484000, 1000]
Sender: 0.325952
Receiver: 0.326174
[486000, 1000]
[486000, 1000]
Sender: 1.407978
Receiver: 1.408512
[488000, 1000]
[488000, 1000]
Sender: 1.175199
Receiver: 1.175768
[490000, 1000]
[490000, 1000]
Sender: 1.332916
Receiver: 1.317581
[492000, 1000]
[492000, 1000]
Sender: 2.069981
Receiver: 2.070329
[494000, 1000]
[494000, 1000]
Sender: 1.450066
Receiver: 1.451154
[496000, 1000]
[496000, 1000]
Sender: 0.409427
Receiver: 0.409979
[498000, 1000]
[498000, 1000]
Sender: 1.338800
Receiver: 1.338634
[500000, 1000]
[500000, 1000]
Sender: 0.345307
Receiver: 0.345690
[502000, 1000]
[502000, 1000]
Sender: 1.249302
Receiver: 1.249651
[504000, 1000]
[504000, 1000]
Sender: 0.551996
Receiver: 0.552972
[506000, 1000]
[506000, 1000]
Sender: 1.435898
Receiver: 1.436456
[508000, 1000]
[508000, 1000]
Sender: 0.917439
Receiver: 0.910823
[510000, 1000]
[510000, 1000]
Sender: 1.226310
Receiver: 1.224811
[512000, 1000]
[512000, 1000]
Sender: 1.368184
Receiver: 1.369085
[514000, 1000]
[514000, 1000]
Sender: 1.333178
Receiver: 1.332859
[516000, 1000]
[516000, 1000]
Sender: 1.400450
Receiver: 1.400862
[518000, 1000]
[518000, 1000]
Sender: 1.548480
Receiver: 1.549369
[520000, 1000]
[520000, 1000]
Sender: 1.242440
Receiver: 1.242007
[522000, 1000]
[522000, 1000]
Sender: 0.829532
Receiver: 0.829854
[524000, 1000]
[524000, 1000]
Sender: 1.225164
Receiver: 1.220220
[526000, 1000]
[526000, 1000]
Sender: 1.087883
Receiver: 1.083787
[528000, 1000]
[528000, 1000]
Sender: 2.051645
Receiver: 2.049007
[530000, 1000]
[530000, 1000]
Sender: 0.367312
Receiver: 0.367892
[532000, 1000]
[532000, 1000]
Sender: 1.504821
Receiver: 1.505304
[534000, 1000]
[534000, 1000]
Sender: 0.839068
Receiver: 0.835742
[536000, 1000]
[536000, 1000]
Sender: 1.045799
Receiver: 1.040093
[538000, 1000]
[538000, 1000]
Sender: 1.262787
Receiver: 1.262517
[540000, 1000]
[540000, 1000]
Sender: 2.800921
Receiver: 2.797150
[542000, 1000]
[542000, 1000]
Sender: 1.538908
Receiver: 1.539389
[544000, 1000]
[544000, 1000]
Sender: 2.172881
Receiver: 2.173582
[546000, 1000]
[546000, 1000]
Sender: 0.648193
Receiver: 0.648802
[548000, 1000]
[548000, 1000]
Sender: 1.607430
Receiver: 1.608662
[550000, 1000]
[550000, 1000]
Sender: 0.384417
Receiver: 0.384803
[552000, 1000]
[552000, 1000]
Sender: 0.950365
Receiver: 0.945058
[554000, 1000]
[554000, 1000]
Sender: 3.223671
Receiver: 3.224142
[556000, 1000]
[556000, 1000]
Sender: 2.107310
Receiver: 2.107656
[558000, 1000]
[558000, 1000]
Sender: 1.666736
Receiver: 1.667072
[560000, 1000]
[560000, 1000]
Sender: 2.080468
Receiver: 2.081038
[562000, 1000]
[562000, 1000]
Sender: 1.622403
Receiver: 1.612395
[564000, 1000]
[564000, 1000]
Sender: 1.110890
Receiver: 1.110736
[566000, 1000]
[566000, 1000]
Sender: 2.910944
Receiver: 2.912062
[568000, 1000]
[568000, 1000]
Sender: 2.120205
Receiver: 2.120559
[570000, 1000]
[570000, 1000]
Sender: 1.698335
Receiver: 1.698507
[572000, 1000]
[572000, 1000]
Sender: 2.100286
Receiver: 2.100672
[574000, 1000]
[574000, 1000]
Sender: 2.186957
Receiver: 2.187475
[576000, 1000]
[576000, 1000]
Sender: 1.660655
Receiver: 1.660295
[578000, 1000]
[578000, 1000]
Sender: 0.713552
Receiver: 0.712558
[580000, 1000]
[580000, 1000]
Sender: 1.474088
Receiver: 1.472131
[582000, 1000]
[582000, 1000]
Sender: 2.203344
Receiver: 2.195729
[584000, 1000]
[584000, 1000]
Sender: 1.714948
Receiver: 1.716243
[586000, 1000]
[586000, 1000]
Sender: 0.399411
Receiver: 0.399862
[588000, 1000]
[588000, 1000]
Sender: 0.378192
Receiver: 0.378587
[590000, 1000]
[590000, 1000]
Sender: 1.204063
Receiver: 1.204351
[592000, 1000]
[592000, 1000]
Sender: 1.373288
Receiver: 1.369720
[594000, 1000]
[594000, 1000]
Sender: 1.230237
Receiver: 1.226583
[596000, 1000]
[596000, 1000]
Sender: 1.331236
Receiver: 1.332230
[598000, 1000]
[598000, 1000]
Sender: 1.338044
Receiver: 1.338515
[600000, 1000]
[600000, 1000]
Sender: 1.417954
Receiver: 1.418446
[602000, 1000]
[602000, 1000]
Sender: 2.010506
Receiver: 2.011598
[604000, 1000]
[604000, 1000]
Sender: 2.582936
Receiver: 2.582756
[606000, 1000]
[606000, 1000]
Sender: 1.326963
Receiver: 1.329763
[608000, 1000]
[608000, 1000]
Sender: 2.364091
Receiver: 2.362324
[610000, 1000]
[610000, 1000]
Sender: 1.784697
Receiver: 1.782943
[612000, 1000]
[612000, 1000]
Sender: 0.551664
Receiver: 0.553842
[614000, 1000]
[614000, 1000]
Sender: 1.138466
Receiver: 1.135690
[616000, 1000]
[616000, 1000]
Sender: 0.366067
Receiver: 0.366512
[618000, 1000]
[618000, 1000]
Sender: 1.374032
Receiver: 1.370233
[620000, 1000]
[620000, 1000]
Sender: 2.890875
Receiver: 2.885207
[622000, 1000]
[622000, 1000]
Sender: 2.173294
Receiver: 2.173010
[624000, 1000]
[624000, 1000]
Sender: 2.182421
Receiver: 2.182894
[626000, 1000]
[626000, 1000]
Sender: 1.768641
Receiver: 1.768342
[628000, 1000]
[628000, 1000]
Sender: 0.405083
Receiver: 0.405432
[630000, 1000]
[630000, 1000]
Sender: 1.331203
Receiver: 1.325880
[632000, 1000]
[632000, 1000]
Sender: 0.419100
Receiver: 0.419453
[634000, 1000]
[634000, 1000]
Sender: 0.427096
Receiver: 0.426665
[636000, 1000]
[636000, 1000]
Sender: 0.896844
Receiver: 0.897252
[638000, 1000]
[638000, 1000]
Sender: 0.479595
Receiver: 0.480076
[640000, 1000]
[640000, 1000]
Sender: 1.165256
Receiver: 1.165791
[642000, 1000]
[642000, 1000]
Sender: 1.322391
Receiver: 1.323399
[644000, 1000]
[644000, 1000]
Sender: 0.438211
Receiver: 0.434883
[646000, 1000]
[646000, 1000]
Sender: 1.141854
Receiver: 1.142342
[648000, 1000]
[648000, 1000]
Sender: 2.733048
Receiver: 2.734168
[650000, 1000]
[650000, 1000]
Sender: 1.598747
Receiver: 1.595992
[652000, 1000]
[652000, 1000]
Sender: 2.129712
Receiver: 2.130357
[654000, 1000]
[654000, 1000]
Sender: 0.926054
Receiver: 0.918669
[656000, 1000]
[656000, 1000]
Sender: 2.706070
Receiver: 2.706576
[658000, 1000]
[658000, 1000]
Sender: 1.609479
Receiver: 1.609157
[660000, 1000]
[660000, 1000]
Sender: 2.115276
Receiver: 2.115797
[662000, 1000]
[662000, 1000]
Sender: 2.412731
Receiver: 2.407774
[664000, 1000]
[664000, 1000]
Sender: 3.018327
Receiver: 3.018759
[666000, 1000]
[666000, 1000]
Sender: 1.729415
Receiver: 1.729008
[668000, 1000]
[668000, 1000]
Sender: 1.606120
Receiver: 1.607098
[670000, 1000]
[670000, 1000]
Sender: 2.081684
Receiver: 2.081329
[672000, 1000]
[672000, 1000]
Sender: 1.607335
Receiver: 1.607077
[674000, 1000]
[674000, 1000]
Receiver: 2.102602
Sender: 2.110678
[676000, 1000]
[676000, 1000]
Sender: 2.150399
Receiver: 2.150730
[678000, 1000]
[678000, 1000]
Sender: 1.838586
Receiver: 1.839029
[680000, 1000]
[680000, 1000]
Sender: 2.518990
Receiver: 2.518803
[682000, 1000]
[682000, 1000]
Sender: 0.523548
Receiver: 0.523971
[684000, 1000]
[684000, 1000]
Sender: 2.863677
Receiver: 2.863799
[686000, 1000]
[686000, 1000]
Sender: 1.690599
Receiver: 1.686708
[688000, 1000]
[688000, 1000]
Sender: 2.993056
Receiver: 2.993497
[690000, 1000]
[690000, 1000]
Sender: 3.325574
Receiver: 3.326002
[692000, 1000]
[692000, 1000]
Sender: 3.230881
Receiver: 3.230523
[694000, 1000]
[694000, 1000]
Sender: 1.873230
Receiver: 1.874350
[696000, 1000]
[696000, 1000]
Sender: 0.563704
Receiver: 0.564796
[698000, 1000]
[698000, 1000]
Sender: 2.633426
Receiver: 2.633915
[700000, 1000]
[700000, 1000]
Sender: 3.169062
Receiver: 3.168693
[702000, 1000]
[702000, 1000]
Sender: 1.856441
Receiver: 1.856231
[704000, 1000]
[704000, 1000]
Sender: 2.214843
Receiver: 2.214689
[706000, 1000]
[706000, 1000]
Sender: 2.174502
Receiver: 2.175520
[708000, 1000]
[708000, 1000]
Sender: 1.544560
Receiver: 1.541093
[710000, 1000]
[710000, 1000]
Sender: 2.226787
Receiver: 2.216666
[712000, 1000]
[712000, 1000]
Sender: 0.811306
Receiver: 0.812353
[714000, 1000]
[714000, 1000]
Sender: 1.005816
Receiver: 0.994319
[716000, 1000]
[716000, 1000]
Sender: 1.595705
Receiver: 1.596065
[718000, 1000]
[718000, 1000]
Sender: 2.714518
Receiver: 2.708956
[720000, 1000]
[720000, 1000]
Sender: 1.184417
Receiver: 1.185449
[722000, 1000]
[722000, 1000]
Sender: 1.059265
Receiver: 1.059670
[724000, 1000]
[724000, 1000]
Sender: 1.358939
Receiver: 1.349772
[726000, 1000]
[726000, 1000]
Sender: 1.485491
Receiver: 1.485942
[728000, 1000]
[728000, 1000]
Sender: 1.960262
Receiver: 1.960669
[730000, 1000]
[730000, 1000]
Sender: 2.741269
Receiver: 2.759468
[732000, 1000]
[732000, 1000]
Sender: 1.848444
Receiver: 1.848913
[734000, 1000]
[734000, 1000]
Sender: 2.235768
Receiver: 2.236783
[736000, 1000]
[736000, 1000]
Sender: 3.376701
Receiver: 3.377103
[738000, 1000]
[738000, 1000]
Sender: 1.542423
Receiver: 1.542902
[740000, 1000]
[740000, 1000]
Sender: 2.249150
Receiver: 2.247701
[742000, 1000]
[742000, 1000]
Sender: 2.234365
Receiver: 2.234189
[744000, 1000]
[744000, 1000]
Sender: 1.805885
Receiver: 1.806364
[746000, 1000]
[746000, 1000]
Sender: 0.614476
Receiver: 0.614916
[748000, 1000]
[748000, 1000]
Sender: 1.488430
Receiver: 1.488149
[750000, 1000]
[750000, 1000]
Sender: 1.501098
Receiver: 1.501388
[752000, 1000]
[752000, 1000]
Sender: 2.756625
Receiver: 2.744355
[754000, 1000]
[754000, 1000]
Sender: 2.299903
Receiver: 2.299479
[756000, 1000]
[756000, 1000]
Sender: 1.822171
Receiver: 1.823136
[758000, 1000]
[758000, 1000]
Sender: 0.631420
Receiver: 0.632623
[760000, 1000]
[760000, 1000]
Sender: 1.419580
Receiver: 1.419776
[762000, 1000]
[762000, 1000]
Sender: 1.554754
Receiver: 1.555122
[764000, 1000]
[764000, 1000]
Sender: 1.154101
Receiver: 1.154447
[766000, 1000]
[766000, 1000]
Sender: 0.543577
Receiver: 0.544659
[768000, 1000]
[768000, 1000]
Sender: 2.680486
Receiver: 2.681227
[770000, 1000]
[770000, 1000]
Sender: 3.259879
Receiver: 3.260433
[772000, 1000]
[772000, 1000]
Sender: 1.818426
Receiver: 1.818698
[774000, 1000]
[774000, 1000]
Sender: 0.551969
Receiver: 0.548919
[776000, 1000]
[776000, 1000]
Sender: 1.972413
Receiver: 1.973581
[778000, 1000]
[778000, 1000]
Sender: 2.291100
Receiver: 2.291475
[780000, 1000]
[780000, 1000]
Receiver: 0.887857
Sender: 0.891394
[782000, 1000]
[782000, 1000]
Sender: 1.460654
Receiver: 1.457029
[784000, 1000]
[784000, 1000]
Sender: 1.299428
Receiver: 1.300464
[786000, 1000]
[786000, 1000]
Sender: 1.334459
Receiver: 1.334261
[788000, 1000]
[788000, 1000]
Sender: 1.457803
Receiver: 1.458590
[790000, 1000]
[790000, 1000]
Sender: 1.307517
Receiver: 1.307258
[792000, 1000]
[792000, 1000]
Sender: 1.420659
Receiver: 1.420357
[794000, 1000]
[794000, 1000]
Sender: 2.605187
Receiver: 2.604883
[796000, 1000]
[796000, 1000]
Sender: 1.769355
Receiver: 1.769743
[798000, 1000]
[798000, 1000]
Sender: 2.256638
Receiver: 2.256369
[800000, 1000]
[800000, 1000]
Sender: 0.880391
Receiver: 0.880716
[802000, 1000]
[802000, 1000]
Sender: 1.409208
Receiver: 1.409001
[804000, 1000]
[804000, 1000]
Sender: 1.325747
Receiver: 1.326679
[806000, 1000]
[806000, 1000]
Sender: 2.840646
Receiver: 2.841301
[808000, 1000]
[808000, 1000]
Sender: 2.255565
Receiver: 2.255976
[810000, 1000]
[810000, 1000]
Sender: 2.553416
Receiver: 2.553991
[812000, 1000]
[812000, 1000]
Sender: 2.172889
Receiver: 2.173262
[814000, 1000]
[814000, 1000]
Sender: 2.400020
Receiver: 2.397847
[816000, 1000]
[816000, 1000]
Sender: 1.806141
Receiver: 1.806990
[818000, 1000]
[818000, 1000]
Sender: 0.699834
Receiver: 0.700229
[820000, 1000]
[820000, 1000]
Sender: 1.159535
Receiver: 1.158104
[822000, 1000]
[822000, 1000]
Sender: 1.457874
Receiver: 1.457636
[824000, 1000]
[824000, 1000]
Sender: 2.567260
Receiver: 2.565140
[826000, 1000]
[826000, 1000]
Sender: 2.385846
Receiver: 2.384982
[828000, 1000]
[828000, 1000]
Sender: 2.580882
Receiver: 2.581392
[830000, 1000]
[830000, 1000]
Sender: 2.208625
Receiver: 2.208992
[832000, 1000]
[832000, 1000]
Sender: 1.722960
Receiver: 1.720714
[834000, 1000]
[834000, 1000]
Sender: 2.197073
Receiver: 2.197331
[836000, 1000]
[836000, 1000]
Sender: 2.185898
Receiver: 2.186962
[838000, 1000]
[838000, 1000]
Receiver: 3.292875
Sender: 3.292442
[840000, 1000]
[840000, 1000]
Sender: 1.836334
Receiver: 1.837362
[842000, 1000]
[842000, 1000]
Sender: 2.948795
Receiver: 2.949229
[844000, 1000]
[844000, 1000]
Sender: 1.693137
Receiver: 1.693654
[846000, 1000]
[846000, 1000]
Sender: 0.713578
Receiver: 0.708173
[848000, 1000]
[848000, 1000]
Sender: 1.996984
Receiver: 1.996661
[850000, 1000]
[850000, 1000]
Sender: 2.224028
Receiver: 2.225075
[852000, 1000]
[852000, 1000]
Sender: 3.386300
Receiver: 3.386709
[854000, 1000]
[854000, 1000]
Sender: 3.289511
Receiver: 3.290563
[856000, 1000]
[856000, 1000]
Sender: 2.371638
Receiver: 2.372213
[858000, 1000]
[858000, 1000]
Sender: 2.225612
Receiver: 2.226668
[860000, 1000]
[860000, 1000]
Sender: 3.283927
Receiver: 3.284364
[862000, 1000]
[862000, 1000]
Sender: 1.992892
Receiver: 1.992488
[864000, 1000]
[864000, 1000]
Sender: 1.522583
Receiver: 1.522946
[866000, 1000]
[866000, 1000]
Sender: 1.840736
Receiver: 1.834441
[868000, 1000]
[868000, 1000]
Receiver: 2.263119
Sender: 2.263432
[870000, 1000]
[870000, 1000]
Sender: 3.277220
Receiver: 3.275625
[872000, 1000]
[872000, 1000]
Sender: 1.994624
Receiver: 1.995628
[874000, 1000]
[874000, 1000]
Sender: 2.181392
Receiver: 2.181967
[876000, 1000]
[876000, 1000]
Sender: 2.222488
Receiver: 2.223540
[878000, 1000]
[878000, 1000]
Sender: 2.316568
Receiver: 2.315084
[880000, 1000]
[880000, 1000]
Sender: 4.411006
Receiver: 4.423999
[882000, 1000]
[882000, 1000]
Sender: 2.347449
Receiver: 2.347072
[884000, 1000]
[884000, 1000]
Sender: 1.696989
Receiver: 1.698181
[886000, 1000]
[886000, 1000]
Sender: 0.626578
Receiver: 0.626122
[888000, 1000]
[888000, 1000]
Sender: 1.345535
Receiver: 1.342997
[890000, 1000]
[890000, 1000]
Sender: 2.630763
Receiver: 2.621337
[892000, 1000]
[892000, 1000]
Sender: 3.574414
Receiver: 3.571152
[894000, 1000]
[894000, 1000]
Sender: 2.248797
Receiver: 2.248508
[896000, 1000]
[896000, 1000]
Sender: 1.958343
Receiver: 1.956295
[898000, 1000]
[898000, 1000]
Sender: 2.802122
Receiver: 2.789549
[900000, 1000]
[900000, 1000]
Sender: 2.038543
Receiver: 2.038378
[902000, 1000]
[902000, 1000]
Sender: 2.728168
Receiver: 2.727930
[904000, 1000]
[904000, 1000]
Sender: 2.215586
Receiver: 2.216108
[906000, 1000]
[906000, 1000]
Sender: 2.674361
Receiver: 2.674768
[908000, 1000]
[908000, 1000]
Sender: 1.806543
Receiver: 1.807014
[910000, 1000]
[910000, 1000]
Sender: 3.006129
Receiver: 3.004713
[912000, 1000]
[912000, 1000]
Sender: 3.274506
Receiver: 3.275065
[914000, 1000]
[914000, 1000]
Sender: 2.678976
Receiver: 2.674624
[916000, 1000]
[916000, 1000]
Sender: 3.249700
Receiver: 3.247548
[918000, 1000]
[918000, 1000]
Sender: 1.895627
Receiver: 1.896145
[920000, 1000]
[920000, 1000]
Sender: 3.012425
Receiver: 3.012830
[922000, 1000]
[922000, 1000]
Sender: 3.745677
Receiver: 3.742449
[924000, 1000]
[924000, 1000]
Sender: 0.889732
Receiver: 0.890258
[926000, 1000]
[926000, 1000]
Sender: 2.852317
Receiver: 2.850696
[928000, 1000]
[928000, 1000]
Sender: 2.295017
Receiver: 2.294617
[930000, 1000]
[930000, 1000]
Sender: 4.131787
Receiver: 4.132264
[932000, 1000]
[932000, 1000]
Sender: 2.359841
Receiver: 2.360210
[934000, 1000]
[934000, 1000]
Sender: 1.902020
Receiver: 1.901782
[936000, 1000]
[936000, 1000]
Sender: 2.036466
Receiver: 2.036813
[938000, 1000]
[938000, 1000]
Sender: 2.241266
Receiver: 2.241647
[940000, 1000]
[940000, 1000]
Sender: 2.313865
Receiver: 2.314836
[942000, 1000]
[942000, 1000]
Sender: 3.246153
Receiver: 3.246431
[944000, 1000]
[944000, 1000]
Sender: 4.005323
Receiver: 4.013587
[946000, 1000]
[946000, 1000]
Sender: 4.453279
Receiver: 4.453422
[948000, 1000]
[948000, 1000]
Sender: 3.686803
Receiver: 3.686591
[950000, 1000]
[950000, 1000]
Sender: 2.371400
Receiver: 2.372611
[952000, 1000]
[952000, 1000]
Sender: 2.420468
Receiver: 2.421609
[954000, 1000]
[954000, 1000]
Sender: 3.026157
Receiver: 3.024770
[956000, 1000]
[956000, 1000]
Sender: 2.278635
Receiver: 2.279934
[958000, 1000]
[958000, 1000]
Sender: 4.208373
Receiver: 4.208935
[960000, 1000]
[960000, 1000]
Sender: 1.900383
Receiver: 1.900838
[962000, 1000]
[962000, 1000]
Sender: 2.261979
Receiver: 2.263056
[964000, 1000]
[964000, 1000]
Sender: 3.725701
Receiver: 3.731781
[966000, 1000]
[966000, 1000]
Sender: 2.190847
Receiver: 2.191324
[968000, 1000]
[968000, 1000]
Sender: 3.286788
Receiver: 3.285353
[970000, 1000]
[970000, 1000]
Sender: 2.002364
Receiver: 2.008154
[972000, 1000]
[972000, 1000]
Sender: 1.244450
Receiver: 1.244826
[974000, 1000]
[974000, 1000]
Sender: 2.158194
Receiver: 2.156403
[976000, 1000]
[976000, 1000]
Sender: 2.088740
Receiver: 2.086524
[978000, 1000]
[978000, 1000]
Sender: 3.991146
Receiver: 3.991750
[980000, 1000]
[980000, 1000]
Sender: 1.977579
Receiver: 1.977268
[982000, 1000]
[982000, 1000]
Sender: 2.207038
Receiver: 2.208038
[984000, 1000]
[984000, 1000]
Sender: 2.549400
Receiver: 2.549862
[986000, 1000]
[986000, 1000]
Sender: 2.299129
Receiver: 2.304590
[988000, 1000]
[988000, 1000]
Sender: 3.190020
Receiver: 3.179806
[990000, 1000]
[990000, 1000]
Sender: 2.425470
Receiver: 2.425839
[992000, 1000]
[992000, 1000]
Sender: 3.315043
Receiver: 3.316005
[994000, 1000]
[994000, 1000]
Sender: 1.931469
Receiver: 1.931753
[996000, 1000]
[996000, 1000]
Sender: 3.040179
Receiver: 3.036223
[998000, 1000]
[998000, 1000]
Sender: 4.011431
Receiver: 4.011949
[1000000, 1000]
[1000000, 1000]
Sender: 2.400928
Receiver: 2.400667
[1002000, 1000]
[1002000, 1000]
Sender: 1.331630
Receiver: 1.332075
[1004000, 1000]
[1004000, 1000]
Sender: 2.716641
Receiver: 2.711850
[1006000, 1000]
[1006000, 1000]
Sender: 2.226301
Receiver: 2.226709
[1008000, 1000]
[1008000, 1000]
Sender: 2.554267
Receiver: 2.554625
[1010000, 1000]
[1010000, 1000]
Sender: 0.805756
Receiver: 0.806140
[1012000, 1000]
[1012000, 1000]
Sender: 2.634092
Receiver: 2.628104
[1014000, 1000]
[1014000, 1000]
Sender: 2.263118
Receiver: 2.257568
[1016000, 1000]
[1016000, 1000]
Sender: 2.418248
Receiver: 2.409914
[1018000, 1000]
[1018000, 1000]
Sender: 4.102631
Receiver: 4.099419
[1020000, 1000]
[1020000, 1000]
Sender: 2.183447
Receiver: 2.183247
[1022000, 1000]
[1022000, 1000]
Sender: 2.202023
Receiver: 2.196112
[1024000, 1000]
[1024000, 1000]
Sender: 4.566353
Receiver: 4.576140
[1026000, 1000]
[1026000, 1000]
Sender: 2.223824
Receiver: 2.224873
[1028000, 1000]
[1028000, 1000]
Sender: 2.177918
Receiver: 2.178966
[1030000, 1000]
[1030000, 1000]
Sender: 2.267925
Receiver: 2.268296
[1032000, 1000]
[1032000, 1000]
Sender: 1.055298
Receiver: 1.056319
[1034000, 1000]
[1034000, 1000]
Sender: 3.238955
Receiver: 3.237231
[1036000, 1000]
[1036000, 1000]
Sender: 3.876441
Receiver: 3.890060
[1038000, 1000]
[1038000, 1000]
Sender: 4.031816
Receiver: 4.031488
[1040000, 1000]
[1040000, 1000]
Sender: 3.428070
Receiver: 3.427723
[1042000, 1000]
[1042000, 1000]
Sender: 3.753645
Receiver: 3.753969
[1044000, 1000]
[1044000, 1000]
Sender: 2.262533
Receiver: 2.262837
[1046000, 1000]
[1046000, 1000]
Sender: 2.219836
Receiver: 2.219380
[1048000, 1000]
[1048000, 1000]
Sender: 2.341804
Receiver: 2.342148
[1050000, 1000]
[1050000, 1000]
Sender: 2.009330
Receiver: 2.007085
[1052000, 1000]
[1052000, 1000]
Sender: 2.149024
Receiver: 2.141332
[1054000, 1000]
[1054000, 1000]
Sender: 1.672088
Receiver: 1.672453
[1056000, 1000]
[1056000, 1000]
Sender: 2.449039
Receiver: 2.443193
[1058000, 1000]
[1058000, 1000]
Sender: 3.623965
Receiver: 3.625694
[1060000, 1000]
[1060000, 1000]
Sender: 2.242220
Receiver: 2.241795
[1062000, 1000]
[1062000, 1000]
Sender: 3.163003
Receiver: 3.161366
[1064000, 1000]
[1064000, 1000]
Sender: 3.350611
Receiver: 3.350275
[1066000, 1000]
[1066000, 1000]
Sender: 2.354503
Receiver: 2.351124
[1068000, 1000]
[1068000, 1000]
Sender: 2.425755
Receiver: 2.426653
[1070000, 1000]
[1070000, 1000]
Sender: 2.214475
Receiver: 2.215552
[1072000, 1000]
[1072000, 1000]
Sender: 2.426031
Receiver: 2.423259
[1074000, 1000]
[1074000, 1000]
Sender: 2.614107
Receiver: 2.604790
[1076000, 1000]
[1076000, 1000]
Sender: 2.767428
Receiver: 2.767817
[1078000, 1000]
[1078000, 1000]
Sender: 3.323823
Receiver: 3.316144
[1080000, 1000]
[1080000, 1000]
Receiver: 3.245133
Sender: 3.244578
[1082000, 1000]
[1082000, 1000]
Receiver: 2.252393
Sender: 2.252041
[1084000, 1000]
[1084000, 1000]
Sender: 2.844916
Receiver: 2.834993
[1086000, 1000]
[1086000, 1000]
Sender: 4.124381
Receiver: 4.120879
[1088000, 1000]
[1088000, 1000]
Sender: 4.104254
Receiver: 4.100839
[1090000, 1000]
[1090000, 1000]
Sender: 2.432363
Receiver: 2.432750
[1092000, 1000]
[1092000, 1000]
Sender: 3.314724
Receiver: 3.307740
[1094000, 1000]
[1094000, 1000]
Sender: 2.250236
Receiver: 2.247944
[1096000, 1000]
[1096000, 1000]
Sender: 3.460230
Receiver: 3.466073
[1098000, 1000]
[1098000, 1000]
Sender: 2.472716
Receiver: 2.472348
[1100000, 1000]
[1100000, 1000]
Sender: 2.218807
Receiver: 2.219875
[1102000, 1000]
[1102000, 1000]
Sender: 2.838249
Receiver: 2.838538
[1104000, 1000]
[1104000, 1000]
Sender: 2.366968
Receiver: 2.367357
[1106000, 1000]
[1106000, 1000]
Receiver: 2.326844
Sender: 2.326391
[1108000, 1000]
[1108000, 1000]
Sender: 2.276851
Receiver: 2.277122
[1110000, 1000]
[1110000, 1000]
Sender: 3.136631
Receiver: 3.131056
[1112000, 1000]
[1112000, 1000]
Sender: 2.655383
Receiver: 2.665705
[1114000, 1000]
[1114000, 1000]
Sender: 2.224840
Receiver: 2.222438
[1116000, 1000]
[1116000, 1000]
Sender: 3.449771
Receiver: 3.449420
[1118000, 1000]
[1118000, 1000]
Sender: 2.288452
Receiver: 2.288168
[1120000, 1000]
[1120000, 1000]
Sender: 2.363257
Receiver: 2.363470
[1122000, 1000]
[1122000, 1000]
Sender: 3.328425
Receiver: 3.328077
[1124000, 1000]
[1124000, 1000]
Sender: 3.311648
Receiver: 3.309225
[1126000, 1000]
[1126000, 1000]
Sender: 3.648811
Receiver: 3.646717
[1128000, 1000]
[1128000, 1000]
Sender: 2.317639
Receiver: 2.317968
[1130000, 1000]
[1130000, 1000]
Sender: 3.412340
Receiver: 3.407948
[1132000, 1000]
[1132000, 1000]
Sender: 2.646194
Receiver: 2.645850
[1134000, 1000]
[1134000, 1000]
Sender: 2.213539
Receiver: 2.214015
[1136000, 1000]
[1136000, 1000]
Sender: 3.931570
Receiver: 3.931964
[1138000, 1000]
[1138000, 1000]
Receiver: 2.071925
Sender: 2.070874
[1140000, 1000]
[1140000, 1000]
Sender: 3.065091
Receiver: 3.066167
[1142000, 1000]
[1142000, 1000]
Sender: 2.515960
Receiver: 2.516249
[1144000, 1000]
[1144000, 1000]
Sender: 2.351790
Receiver: 2.352973
[1146000, 1000]
[1146000, 1000]
Sender: 3.366475
Receiver: 3.367464
[1148000, 1000]
[1148000, 1000]
Sender: 2.518152
Receiver: 2.512926
[1150000, 1000]
[1150000, 1000]
Sender: 4.094964
Receiver: 4.095317
[1152000, 1000]
[1152000, 1000]
Sender: 2.319519
Receiver: 2.319908
[1154000, 1000]
[1154000, 1000]
Receiver: 3.356577
Sender: 3.356921
[1156000, 1000]
[1156000, 1000]
Sender: 3.588037
Receiver: 3.589090
[1158000, 1000]
[1158000, 1000]
Sender: 2.326716
Receiver: 2.327630
[1160000, 1000]
[1160000, 1000]
Receiver: 3.467378
Sender: 3.471467
[1162000, 1000]
[1162000, 1000]
Sender: 3.378340
Receiver: 3.376236
[1164000, 1000]
[1164000, 1000]
Sender: 5.272762
Receiver: 5.272444
[1166000, 1000]
[1166000, 1000]
Sender: 2.127710
Receiver: 2.128165
[1168000, 1000]
[1168000, 1000]
Sender: 3.478743
Receiver: 3.478379
[1170000, 1000]
[1170000, 1000]
Sender: 4.551815
Receiver: 4.552081
[1172000, 1000]
[1172000, 1000]
Receiver: 2.235406
Sender: 2.234385
[1174000, 1000]
[1174000, 1000]
Sender: 2.295928
Receiver: 2.293653
[1176000, 1000]
[1176000, 1000]
Sender: 2.590748
Receiver: 2.591727
[1178000, 1000]
[1178000, 1000]
Receiver: 2.218360
Sender: 2.217999
[1180000, 1000]
[1180000, 1000]
Sender: 3.554476
Receiver: 3.566018
[1182000, 1000]
[1182000, 1000]
Sender: 2.769041
Receiver: 2.769520
[1184000, 1000]
[1184000, 1000]
Sender: 5.002350
Receiver: 5.002728
[1186000, 1000]
[1186000, 1000]
Receiver: 2.198409
Sender: 2.198708
[1188000, 1000]
[1188000, 1000]
Sender: 2.110538
Receiver: 2.110220
[1190000, 1000]
[1190000, 1000]
Sender: 4.051718
Receiver: 4.051978
[1192000, 1000]
[1192000, 1000]
Receiver: 2.195342
Sender: 2.195706
[1194000, 1000]
[1194000, 1000]
Sender: 2.151717
Receiver: 2.148296
[1196000, 1000]
[1196000, 1000]
Receiver: 2.770151
Sender: 2.770469
[1198000, 1000]
[1198000, 1000]
Receiver: 3.273055
Sender: 3.276435
[1200000, 1000]
[1200000, 1000]
Receiver: 3.020924
Sender: 3.028567
[1202000, 1000]
[1202000, 1000]
Sender: 2.404872
Receiver: 2.405862
[1204000, 1000]
[1204000, 1000]
Sender: 3.514857
Receiver: 3.515930
[1206000, 1000]
[1206000, 1000]
Sender: 3.529491
Receiver: 3.530620
[1208000, 1000]
[1208000, 1000]
Receiver: 3.187996
Sender: 3.187751
[1210000, 1000]
[1210000, 1000]
Sender: 2.521850
Receiver: 2.522230
[1212000, 1000]
[1212000, 1000]
Sender: 3.367833
Receiver: 3.368135
[1214000, 1000]
[1214000, 1000]
Sender: 3.889826
Receiver: 3.890751
[1216000, 1000]
[1216000, 1000]
Sender: 2.123781
Receiver: 2.124111
[1218000, 1000]
[1218000, 1000]
Sender: 3.063648
Receiver: 3.063228
[1220000, 1000]
[1220000, 1000]
Sender: 3.476375
Receiver: 3.476033
[1222000, 1000]
[1222000, 1000]
Sender: 3.328077
Receiver: 3.325918
[1224000, 1000]
[1224000, 1000]
Sender: 3.460882
Receiver: 3.461275
[1226000, 1000]
[1226000, 1000]
Receiver: 3.242405
Sender: 3.246037
[1228000, 1000]
[1228000, 1000]
Sender: 2.570704
Receiver: 2.565059
[1230000, 1000]
[1230000, 1000]
Sender: 5.094463
Receiver: 5.094798
[1232000, 1000]
[1232000, 1000]
Sender: 3.758612
Receiver: 3.759162
[1234000, 1000]
[1234000, 1000]
Sender: 2.299303
Receiver: 2.299687
[1236000, 1000]
[1236000, 1000]
Sender: 3.785780
Receiver: 3.786082
[1238000, 1000]
[1238000, 1000]
Receiver: 3.527771
Sender: 3.527270
[1240000, 1000]
[1240000, 1000]
Sender: 4.870458
Receiver: 4.852878
[1242000, 1000]
[1242000, 1000]
Sender: 2.632257
Receiver: 2.630429
[1244000, 1000]
[1244000, 1000]
Sender: 3.986594
Receiver: 3.983488
[1246000, 1000]
[1246000, 1000]
Sender: 3.683615
Receiver: 3.683180
[1248000, 1000]
[1248000, 1000]
Sender: 4.219325
Receiver: 4.219892
[1250000, 1000]
[1250000, 1000]
Sender: 2.424416
Receiver: 2.424812
[1252000, 1000]
[1252000, 1000]
Sender: 4.093653
Receiver: 4.092161
[1254000, 1000]
[1254000, 1000]
Sender: 3.877367
Receiver: 3.878400
[1256000, 1000]
[1256000, 1000]
Sender: 3.400328
Receiver: 3.400750
[1258000, 1000]
[1258000, 1000]
Sender: 2.421598
Receiver: 2.421860
[1260000, 1000]
[1260000, 1000]
Sender: 3.462361
Receiver: 3.460957
[1262000, 1000]
[1262000, 1000]
Sender: 2.507914
Receiver: 2.503025
[1264000, 1000]
[1264000, 1000]
Sender: 4.834662
Receiver: 4.834288
[1266000, 1000]
[1266000, 1000]
Sender: 2.321442
Receiver: 2.321922
[1268000, 1000]
[1268000, 1000]
Sender: 3.308578
Receiver: 3.309603
[1270000, 1000]
[1270000, 1000]
Sender: 2.638499
Receiver: 2.638090
[1272000, 1000]
[1272000, 1000]
Sender: 2.772361
Receiver: 2.771944
[1274000, 1000]
[1274000, 1000]
Receiver: 2.275345
Sender: 2.274881
[1276000, 1000]
[1276000, 1000]
Sender: 3.315144
Receiver: 3.315442
[1278000, 1000]
[1278000, 1000]
Sender: 3.000466
Receiver: 3.001477
[1280000, 1000]
[1280000, 1000]
Sender: 3.039977
Receiver: 3.037675
[1282000, 1000]
[1282000, 1000]
Sender: 4.502880
Receiver: 4.487525
[1284000, 1000]
[1284000, 1000]
Sender: 3.802557
Receiver: 3.812923
[1286000, 1000]
[1286000, 1000]
Sender: 2.215753
Receiver: 2.216112
[1288000, 1000]
[1288000, 1000]
Sender: 3.866393
Receiver: 3.866805
[1290000, 1000]
[1290000, 1000]
Sender: 2.476096
Receiver: 2.475783
[1292000, 1000]
[1292000, 1000]
Sender: 3.849595
Receiver: 3.849477
[1294000, 1000]
[1294000, 1000]
Sender: 4.009000
Receiver: 4.009567
[1296000, 1000]
[1296000, 1000]
Sender: 2.268200
Receiver: 2.268722
[1298000, 1000]
[1298000, 1000]
Sender: 3.469655
Receiver: 3.470161
[1300000, 1000]
[1300000, 1000]
Sender: 2.568872
Receiver: 2.559288
[1302000, 1000]
[1302000, 1000]
Sender: 4.788286
Receiver: 4.803295
[1304000, 1000]
[1304000, 1000]
Sender: 2.462875
Receiver: 2.462535
[1306000, 1000]
[1306000, 1000]
Sender: 3.280850
Receiver: 3.281291
[1308000, 1000]
[1308000, 1000]
Sender: 3.797476
Receiver: 3.797104
[1310000, 1000]
[1310000, 1000]
Sender: 2.336879
Receiver: 2.342537
[1312000, 1000]
[1312000, 1000]
Sender: 2.240130
Receiver: 2.229337
[1314000, 1000]
[1314000, 1000]
Sender: 2.559318
Receiver: 2.560688
[1316000, 1000]
[1316000, 1000]
Sender: 3.250742
Receiver: 3.251014
[1318000, 1000]
[1318000, 1000]
Sender: 4.643881
Receiver: 4.644322
[1320000, 1000]
[1320000, 1000]
Sender: 3.903651
Receiver: 3.904046
[1322000, 1000]
[1322000, 1000]
Sender: 3.425993
Receiver: 3.428670
[1324000, 1000]
[1324000, 1000]
Sender: 4.230551
Receiver: 4.226589
[1326000, 1000]
[1326000, 1000]
Sender: 4.279046
Receiver: 4.279405
[1328000, 1000]
[1328000, 1000]
Sender: 2.672788
Receiver: 2.672373
[1330000, 1000]
[1330000, 1000]
Sender: 3.276558
Receiver: 3.274029
[1332000, 1000]
[1332000, 1000]
Sender: 3.999506
Receiver: 4.000570
[1334000, 1000]
[1334000, 1000]
Sender: 2.857424
Receiver: 2.857646
[1336000, 1000]
[1336000, 1000]
Sender: 4.039862
Receiver: 4.040203
[1338000, 1000]
[1338000, 1000]
Sender: 4.258070
Receiver: 4.258373
[1340000, 1000]
[1340000, 1000]
Sender: 3.588560
Receiver: 3.589505
[1342000, 1000]
[1342000, 1000]
Sender: 4.067199
Receiver: 4.066610
[1344000, 1000]
[1344000, 1000]
Receiver: 4.012272
Sender: 4.011248
[1346000, 1000]
[1346000, 1000]
Sender: 2.557811
Receiver: 2.557382
[1348000, 1000]
[1348000, 1000]
Sender: 4.039802
Receiver: 4.042642
[1350000, 1000]
[1350000, 1000]
Sender: 2.542421
Receiver: 2.542747
[1352000, 1000]
[1352000, 1000]
Sender: 2.478341
Receiver: 2.478581
[1354000, 1000]
[1354000, 1000]
Sender: 3.229115
Receiver: 3.219226
[1356000, 1000]
[1356000, 1000]
Sender: 4.137365
Receiver: 4.138450
[1358000, 1000]
[1358000, 1000]
Sender: 2.444487
Receiver: 2.445538
[1360000, 1000]
[1360000, 1000]
Sender: 2.670516
Receiver: 2.667787
[1362000, 1000]
[1362000, 1000]
Sender: 3.903725
Receiver: 3.917804
[1364000, 1000]
[1364000, 1000]
Sender: 2.558131
Receiver: 2.557719
[1366000, 1000]
[1366000, 1000]
Sender: 2.321568
Receiver: 2.320374
[1368000, 1000]
[1368000, 1000]
Sender: 5.008065
Receiver: 5.008670
[1370000, 1000]
[1370000, 1000]
Sender: 2.442371
Receiver: 2.436466
[1372000, 1000]
[1372000, 1000]
Sender: 5.100436
Receiver: 5.100054
[1374000, 1000]
[1374000, 1000]
Receiver: 2.339437
Sender: 2.339159
[1376000, 1000]
[1376000, 1000]
Sender: 2.433560
Receiver: 2.425393
[1378000, 1000]
[1378000, 1000]
Sender: 3.126179
Receiver: 3.126477
[1380000, 1000]
[1380000, 1000]
Sender: 3.163272
Receiver: 3.164303
[1382000, 1000]
[1382000, 1000]
Sender: 4.108773
Receiver: 4.109622
[1384000, 1000]
[1384000, 1000]
Sender: 3.915687
Receiver: 3.916865
[1386000, 1000]
[1386000, 1000]
Sender: 3.923893
Receiver: 3.923446
[1388000, 1000]
[1388000, 1000]
Sender: 4.114540
Receiver: 4.114790
[1390000, 1000]
[1390000, 1000]
Sender: 3.390793
Receiver: 3.391107
[1392000, 1000]
[1392000, 1000]
Sender: 3.342668
Receiver: 3.342254
[1394000, 1000]
[1394000, 1000]
Sender: 4.197641
Receiver: 4.196370
[1396000, 1000]
[1396000, 1000]
Sender: 5.028445
Receiver: 5.022513
[1398000, 1000]
[1398000, 1000]
Sender: 4.163368
Receiver: 4.162969
[1400000, 1000]
[1400000, 1000]
Sender: 4.018492
Receiver: 4.019430
[1402000, 1000]
[1402000, 1000]
Sender: 4.369512
Receiver: 4.369950
[1404000, 1000]
[1404000, 1000]
Sender: 3.560285
Receiver: 3.552746
[1406000, 1000]
[1406000, 1000]
Sender: 3.539881
Receiver: 3.539419
[1408000, 1000]
[1408000, 1000]
Sender: 3.917762
Receiver: 3.918225
[1410000, 1000]
[1410000, 1000]
Sender: 4.042481
Receiver: 4.041984
[1412000, 1000]
[1412000, 1000]
Sender: 4.105872
Receiver: 4.106941
[1414000, 1000]
[1414000, 1000]
Sender: 2.759389
Receiver: 2.765574
[1416000, 1000]
[1416000, 1000]
Sender: 5.112501
Receiver: 5.140630
[1418000, 1000]
[1418000, 1000]
Sender: 2.569224
Receiver: 2.568810
[1420000, 1000]
[1420000, 1000]
Sender: 5.498170
Receiver: 5.498704
[1422000, 1000]
[1422000, 1000]
Sender: 2.464601
Receiver: 2.465590
[1424000, 1000]
[1424000, 1000]
Sender: 3.469350
Receiver: 3.468918
[1426000, 1000]
[1426000, 1000]
Receiver: 3.907666
Sender: 3.907439
[1428000, 1000]
[1428000, 1000]
Sender: 3.803677
Receiver: 3.804047
[1430000, 1000]
[1430000, 1000]
Sender: 4.091908
Receiver: 4.092410
[1432000, 1000]
[1432000, 1000]
Sender: 4.137423
Receiver: 4.138029
[1434000, 1000]
[1434000, 1000]
Sender: 4.499922
Receiver: 4.499736
[1436000, 1000]
[1436000, 1000]
Sender: 4.157229
Receiver: 4.157748
[1438000, 1000]
[1438000, 1000]
Sender: 4.034486
Receiver: 4.035590
[1440000, 1000]
[1440000, 1000]
Sender: 3.667622
Receiver: 3.667304
[1442000, 1000]
[1442000, 1000]
Sender: 4.724057
Receiver: 4.725093
[1444000, 1000]
[1444000, 1000]
Sender: 4.881091
Receiver: 4.882198
[1446000, 1000]
[1446000, 1000]
Sender: 4.143876
Receiver: 4.144859
[1448000, 1000]
[1448000, 1000]
Receiver: 3.896749
Sender: 3.896393
[1450000, 1000]
[1450000, 1000]
Sender: 2.716170
Receiver: 2.713825
[1452000, 1000]
[1452000, 1000]
Sender: 4.041845
Receiver: 4.042131
[1454000, 1000]
[1454000, 1000]
Sender: 3.960241
Receiver: 3.959905
[1456000, 1000]
[1456000, 1000]
Sender: 3.899386
Receiver: 3.899736
[1458000, 1000]
[1458000, 1000]
Sender: 3.965122
Receiver: 3.965405
[1460000, 1000]
[1460000, 1000]
Sender: 3.802713
Receiver: 3.803898
[1462000, 1000]
[1462000, 1000]
Sender: 4.016592
Receiver: 4.017127
[1464000, 1000]
[1464000, 1000]
Receiver: 3.933715
Sender: 3.933892
[1466000, 1000]
[1466000, 1000]
Sender: 4.009104
Receiver: 4.009495
[1468000, 1000]
[1468000, 1000]
Sender: 4.363634
Receiver: 4.364201
[1470000, 1000]
[1470000, 1000]
Sender: 2.987781
Receiver: 2.987412
[1472000, 1000]
[1472000, 1000]
Sender: 4.985334
Receiver: 4.986355
[1474000, 1000]
[1474000, 1000]
Sender: 4.066423
Receiver: 4.066762
[1476000, 1000]
[1476000, 1000]
Sender: 5.122725
Receiver: 5.121460
[1478000, 1000]
[1478000, 1000]
Sender: 4.135060
Receiver: 4.135543
[1480000, 1000]
[1480000, 1000]
Receiver: 4.130470
Sender: 4.130100
[1482000, 1000]
[1482000, 1000]
Sender: 4.023656
Receiver: 4.021324
[1484000, 1000]
[1484000, 1000]
Sender: 4.197739
Receiver: 4.198115
[1486000, 1000]
[1486000, 1000]
Sender: 2.637141
Receiver: 2.637456
[1488000, 1000]
[1488000, 1000]
Sender: 2.865139
Receiver: 2.865438
[1490000, 1000]
[1490000, 1000]
Sender: 4.910848
Receiver: 4.908669
[1492000, 1000]
[1492000, 1000]
Sender: 4.100224
Receiver: 4.101232
[1494000, 1000]
[1494000, 1000]
Sender: 3.644807
Receiver: 3.645138
[1496000, 1000]
[1496000, 1000]
Sender: 4.316354
Receiver: 4.315368
[1498000, 1000]
[1498000, 1000]
Sender: 4.077509
Receiver: 4.071944
[1500000, 1000]
[1500000, 1000]
Sender: 4.145940
Receiver: 4.144432
[1502000, 1000]
[1502000, 1000]
Sender: 5.206147
Receiver: 5.205595
[1504000, 1000]
[1504000, 1000]
Sender: 4.005380
Receiver: 4.005716
[1506000, 1000]
[1506000, 1000]
Sender: 4.165396
Receiver: 4.165863
[1508000, 1000]
[1508000, 1000]
Sender: 3.731267
Receiver: 3.731715
[1510000, 1000]
[1510000, 1000]
Sender: 3.397248
Receiver: 3.396899
[1512000, 1000]
[1512000, 1000]
Sender: 4.785868
Receiver: 4.786813
[1514000, 1000]
[1514000, 1000]
Sender: 4.225622
Receiver: 4.226722
[1516000, 1000]
[1516000, 1000]
Sender: 3.934434
Receiver: 3.935419
[1518000, 1000]
[1518000, 1000]
Sender: 4.191074
Receiver: 4.190542
[1520000, 1000]
[1520000, 1000]
Sender: 4.204830
Receiver: 4.202518
[1522000, 1000]
[1522000, 1000]
Sender: 2.386601
Receiver: 2.386866
[1524000, 1000]
[1524000, 1000]
Sender: 4.194496
Receiver: 4.194927
[1526000, 1000]
[1526000, 1000]
Sender: 3.882025
Receiver: 3.881542
[1528000, 1000]
[1528000, 1000]
Sender: 3.858938
Receiver: 3.859215
[1530000, 1000]
[1530000, 1000]
Sender: 4.097152
Receiver: 4.098213
[1532000, 1000]
[1532000, 1000]
Sender: 5.198474
Receiver: 5.198780
[1534000, 1000]
[1534000, 1000]
Sender: 4.197385
Receiver: 4.197930
[1536000, 1000]
[1536000, 1000]
Sender: 4.584322
Receiver: 4.584716
[1538000, 1000]
[1538000, 1000]
Sender: 4.262157
Receiver: 4.261966
[1540000, 1000]
[1540000, 1000]
Sender: 3.857435
Receiver: 3.857166
[1542000, 1000]
[1542000, 1000]
Sender: 3.740023
Receiver: 3.739675
[1544000, 1000]
[1544000, 1000]
Sender: 5.255990
Receiver: 5.256460
[1546000, 1000]
[1546000, 1000]
Sender: 5.185353
Receiver: 5.185880
[1548000, 1000]
[1548000, 1000]
Sender: 4.274390
Receiver: 4.274179
[1550000, 1000]
[1550000, 1000]
Sender: 4.564826
Receiver: 4.565496
[1552000, 1000]
[1552000, 1000]
Receiver: 4.286428
Sender: 4.285372
[1554000, 1000]
[1554000, 1000]
Sender: 3.543778
Receiver: 3.543464
[1556000, 1000]
[1556000, 1000]
Sender: 3.385690
Receiver: 3.385264
[1558000, 1000]
[1558000, 1000]
Sender: 5.467440
Receiver: 5.455118
[1560000, 1000]
[1560000, 1000]
Sender: 3.971590
Receiver: 3.971976
[1562000, 1000]
[1562000, 1000]
Receiver: 4.112512
Sender: 4.116335
[1564000, 1000]
[1564000, 1000]
Sender: 4.554178
Receiver: 4.553978
[1566000, 1000]
[1566000, 1000]
Sender: 4.015748
Receiver: 4.014249
[1568000, 1000]
[1568000, 1000]
Sender: 3.491368
Receiver: 3.489757
[1570000, 1000]
[1570000, 1000]
Sender: 5.916016
Receiver: 5.916466
[1572000, 1000]
[1572000, 1000]
Receiver: 4.264255
Sender: 4.264121
[1574000, 1000]
[1574000, 1000]
Sender: 3.976841
Receiver: 3.977065
[1576000, 1000]
[1576000, 1000]
Sender: 5.180839
Receiver: 5.182037
[1578000, 1000]
[1578000, 1000]
Sender: 4.266300
Receiver: 4.266514
[1580000, 1000]
[1580000, 1000]
Sender: 4.905859
Receiver: 4.904035
[1582000, 1000]
[1582000, 1000]
Sender: 4.095903
Receiver: 4.095756
[1584000, 1000]
[1584000, 1000]
Sender: 3.420593
Receiver: 3.418627
[1586000, 1000]
[1586000, 1000]
Sender: 3.268056
Receiver: 3.268311
[1588000, 1000]
[1588000, 1000]
Sender: 2.921058
Receiver: 2.921415
[1590000, 1000]
[1590000, 1000]
Sender: 4.550185
Receiver: 4.534494
[1592000, 1000]
[1592000, 1000]
Sender: 3.478455
Receiver: 3.478042
[1594000, 1000]
[1594000, 1000]
Sender: 4.280251
Receiver: 4.280596
[1596000, 1000]
[1596000, 1000]
Sender: 4.153390
Receiver: 4.148153
[1598000, 1000]
[1598000, 1000]
Sender: 4.083929
Receiver: 4.084345
[1600000, 1000]
[1600000, 1000]
Sender: 5.233874
Receiver: 5.233577
[1602000, 1000]
[1602000, 1000]
Sender: 5.216566
Receiver: 5.216957
[1604000, 1000]
[1604000, 1000]
Sender: 4.090309
Receiver: 4.090708
[1606000, 1000]
[1606000, 1000]
Receiver: 4.408361
Sender: 4.410125
[1608000, 1000]
[1608000, 1000]
Sender: 3.475443
Receiver: 3.479944
[1610000, 1000]
[1610000, 1000]
Sender: 2.949972
Receiver: 2.950241
[1612000, 1000]
[1612000, 1000]
Sender: 5.013912
Receiver: 5.007830
[1614000, 1000]
[1614000, 1000]
Sender: 3.922127
Receiver: 3.923113
[1616000, 1000]
[1616000, 1000]
Sender: 4.164636
Receiver: 4.165735
[1618000, 1000]
[1618000, 1000]
Sender: 4.266696
Receiver: 4.267667
[1620000, 1000]
[1620000, 1000]
Sender: 3.750133
Receiver: 3.745022
[1622000, 1000]
[1622000, 1000]
Sender: 5.123344
Receiver: 5.111032
[1624000, 1000]
[1624000, 1000]
Sender: 4.310897
Receiver: 4.308815
[1626000, 1000]
[1626000, 1000]
Sender: 5.067736
Receiver: 5.068089
[1628000, 1000]
[1628000, 1000]
Receiver: 4.229500
Sender: 4.229264
[1630000, 1000]
[1630000, 1000]
Sender: 2.476362
Receiver: 2.476678
[1632000, 1000]
[1632000, 1000]
Sender: 4.589753
Receiver: 4.580453
[1634000, 1000]
[1634000, 1000]
Sender: 5.358137
Receiver: 5.358608
[1636000, 1000]
[1636000, 1000]
Sender: 3.608705
Receiver: 3.609037
[1638000, 1000]
[1638000, 1000]
Sender: 5.358679
Receiver: 5.359230
[1640000, 1000]
[1640000, 1000]
Sender: 3.383384
Receiver: 3.383691
[1642000, 1000]
[1642000, 1000]
Sender: 4.955385
Receiver: 4.952791
[1644000, 1000]
[1644000, 1000]
Sender: 4.316019
Receiver: 4.316375
[1646000, 1000]
[1646000, 1000]
Sender: 4.055597
Receiver: 4.045448
[1648000, 1000]
[1648000, 1000]
Sender: 4.291072
Receiver: 4.289828
[1650000, 1000]
[1650000, 1000]
Sender: 3.504412
Receiver: 3.504607
[1652000, 1000]
[1652000, 1000]
Sender: 3.521545
Receiver: 3.521819
[1654000, 1000]
[1654000, 1000]
Receiver: 4.247604
Sender: 4.247954
[1656000, 1000]
[1656000, 1000]
Sender: 4.107795
Receiver: 4.108709
[1658000, 1000]
[1658000, 1000]
Sender: 5.285696
Receiver: 5.286020
[1660000, 1000]
[1660000, 1000]
Sender: 4.085212
Receiver: 4.085529
[1662000, 1000]
[1662000, 1000]
Sender: 4.506326
Receiver: 4.504123
[1664000, 1000]
[1664000, 1000]
Sender: 4.242429
Receiver: 4.242984
[1666000, 1000]
[1666000, 1000]
Sender: 5.191529
Receiver: 5.204657
[1668000, 1000]
[1668000, 1000]
Sender: 4.105070
Receiver: 4.105269
[1670000, 1000]
[1670000, 1000]
Sender: 4.304659
Receiver: 4.304320
[1672000, 1000]
[1672000, 1000]
Sender: 4.524621
Receiver: 4.517095
[1674000, 1000]
[1674000, 1000]
Sender: 2.958454
Receiver: 2.973803
[1676000, 1000]
[1676000, 1000]
Sender: 2.835697
Receiver: 2.835881
[1678000, 1000]
[1678000, 1000]
Sender: 4.968497
Receiver: 4.957199
[1680000, 1000]
[1680000, 1000]
Sender: 4.109076
Receiver: 4.108565
[1682000, 1000]
[1682000, 1000]
Sender: 4.264495
Receiver: 4.260707
[1684000, 1000]
[1684000, 1000]
Sender: 5.084159
Receiver: 5.080612
[1686000, 1000]
[1686000, 1000]
Sender: 4.107282
Receiver: 4.107716
[1688000, 1000]
[1688000, 1000]
Sender: 6.796849
Receiver: 6.797202
[1690000, 1000]
[1690000, 1000]
Sender: 4.274250
Receiver: 4.275255
[1692000, 1000]
[1692000, 1000]
Sender: 5.884362
Receiver: 5.884727
[1694000, 1000]
[1694000, 1000]
Sender: 2.654460
Receiver: 2.651924
[1696000, 1000]
[1696000, 1000]
Sender: 5.923995
Receiver: 5.924231
[1698000, 1000]
[1698000, 1000]
Sender: 4.139404
Receiver: 4.139627
[1700000, 1000]
[1700000, 1000]
Sender: 4.409955
Receiver: 4.409532
[1702000, 1000]
[1702000, 1000]
Sender: 4.220700
Receiver: 4.217296
[1704000, 1000]
[1704000, 1000]
Sender: 4.141422
Receiver: 4.141757
[1706000, 1000]
[1706000, 1000]
Sender: 4.228868
Receiver: 4.228371
[1708000, 1000]
[1708000, 1000]
Sender: 5.919093
Receiver: 5.918200
[1710000, 1000]
[1710000, 1000]
Sender: 4.121588
Receiver: 4.122013
[1712000, 1000]
[1712000, 1000]
Sender: 4.267949
Receiver: 4.268163
[1714000, 1000]
[1714000, 1000]
Sender: 4.149317
Receiver: 4.148593
[1716000, 1000]
[1716000, 1000]
Sender: 4.304700
Receiver: 4.305138
[1718000, 1000]
[1718000, 1000]
Sender: 6.543263
Receiver: 6.543609
[1720000, 1000]
[1720000, 1000]
Sender: 4.037047
Receiver: 4.037343
[1722000, 1000]
[1722000, 1000]
Sender: 5.094889
Receiver: 5.095240
[1724000, 1000]
[1724000, 1000]
Sender: 4.100126
Receiver: 4.087533
[1726000, 1000]
[1726000, 1000]
Sender: 4.551914
Receiver: 4.552325
[1728000, 1000]
[1728000, 1000]
Sender: 5.753268
Receiver: 5.762625
[1730000, 1000]
[1730000, 1000]
Sender: 2.582381
Receiver: 2.582702
[1732000, 1000]
[1732000, 1000]
Sender: 4.714450
Receiver: 4.704646
[1734000, 1000]
[1734000, 1000]
Sender: 5.617753
Receiver: 5.618792
[1736000, 1000]
[1736000, 1000]
Sender: 4.163161
Receiver: 4.164134
[1738000, 1000]
[1738000, 1000]
Sender: 5.149586
Receiver: 5.142013
[1740000, 1000]
[1740000, 1000]
Sender: 3.833182
Receiver: 3.832854
[1742000, 1000]
[1742000, 1000]
Sender: 3.710318
Receiver: 3.710705
[1744000, 1000]
[1744000, 1000]
Sender: 3.394429
Receiver: 3.389033
[1746000, 1000]
[1746000, 1000]
Sender: 4.809456
Receiver: 4.805769
[1748000, 1000]
[1748000, 1000]
Sender: 4.244322
Receiver: 4.244693
[1750000, 1000]
[1750000, 1000]
Sender: 5.105867
Receiver: 5.092334
[1752000, 1000]
[1752000, 1000]
Sender: 4.345112
Receiver: 4.346159
[1754000, 1000]
[1754000, 1000]
Sender: 6.020586
Receiver: 6.021552
[1756000, 1000]
[1756000, 1000]
Sender: 4.063210
Receiver: 4.062682
[1758000, 1000]
[1758000, 1000]
Sender: 6.092842
Receiver: 6.093259
[1760000, 1000]
[1760000, 1000]
Sender: 4.107850
Receiver: 4.108722
[1762000, 1000]
[1762000, 1000]
Sender: 4.329659
Receiver: 4.326660
[1764000, 1000]
[1764000, 1000]
Sender: 4.382778
Receiver: 4.380553
[1766000, 1000]
[1766000, 1000]
Sender: 3.954248
Receiver: 3.952073
[1768000, 1000]
[1768000, 1000]
Sender: 6.042513
Receiver: 6.042058
[1770000, 1000]
[1770000, 1000]
Receiver: 4.291074
Sender: 4.290522
[1772000, 1000]
[1772000, 1000]
Receiver: 5.092664
Sender: 5.094767
[1774000, 1000]
[1774000, 1000]
Sender: 5.721682
Receiver: 5.746719
[1776000, 1000]
[1776000, 1000]
Sender: 4.746498
Receiver: 4.746892
[1778000, 1000]
[1778000, 1000]
Receiver: 8.017023
Sender: 8.016790
[1780000, 1000]
[1780000, 1000]
Sender: 6.360712
Receiver: 6.361064
[1782000, 1000]
[1782000, 1000]
Sender: 3.984837
Receiver: 3.985850
[1784000, 1000]
[1784000, 1000]
Receiver: 5.501766
Sender: 5.505040
[1786000, 1000]
[1786000, 1000]
Sender: 4.249345
Receiver: 4.249760
[1788000, 1000]
[1788000, 1000]
Sender: 4.001749
Receiver: 4.002306
[1790000, 1000]
[1790000, 1000]
Sender: 4.196576
Receiver: 4.197071
[1792000, 1000]
[1792000, 1000]
Receiver: 5.511863
Sender: 5.521617
[1794000, 1000]
[1794000, 1000]
Sender: 4.272613
Receiver: 4.272878
[1796000, 1000]
[1796000, 1000]
Sender: 4.509275
Receiver: 4.506922
[1798000, 1000]
[1798000, 1000]
Sender: 5.281967
Receiver: 5.283139
[1800000, 1000]
[1800000, 1000]
Sender: 2.604276
Receiver: 2.605214
[1802000, 1000]
[1802000, 1000]
Sender: 4.305212
Receiver: 4.301579
[1804000, 1000]
[1804000, 1000]
Receiver: 4.014441
Sender: 4.014127
[1806000, 1000]
[1806000, 1000]
Receiver: 4.354466
Sender: 4.354865
[1808000, 1000]
[1808000, 1000]
Sender: 4.712416
Receiver: 4.725828
[1810000, 1000]
[1810000, 1000]
Sender: 4.504316
Receiver: 4.494504
[1812000, 1000]
[1812000, 1000]
Sender: 5.445298
Receiver: 5.445597
[1814000, 1000]
[1814000, 1000]
Receiver: 5.157756
Sender: 5.161432
[1816000, 1000]
[1816000, 1000]
Sender: 4.436275
Receiver: 4.437322
[1818000, 1000]
[1818000, 1000]
Sender: 6.312092
Receiver: 6.309540
[1820000, 1000]
[1820000, 1000]
Receiver: 5.848606
Sender: 5.848225
[1822000, 1000]
[1822000, 1000]
Sender: 4.720975
Receiver: 4.721373
[1824000, 1000]
[1824000, 1000]
Sender: 4.672806
Receiver: 4.669025
[1826000, 1000]
[1826000, 1000]
Sender: 5.413925
Receiver: 5.414278
[1828000, 1000]
[1828000, 1000]
Receiver: 5.225498
Sender: 5.229117
[1830000, 1000]
[1830000, 1000]
Sender: 4.847675
Receiver: 4.848038
[1832000, 1000]
[1832000, 1000]
Sender: 5.437281
Receiver: 5.437567
[1834000, 1000]
[1834000, 1000]
Sender: 5.264010
Receiver: 5.264342
[1836000, 1000]
[1836000, 1000]
Receiver: 4.485948
Sender: 4.490008
[1838000, 1000]
[1838000, 1000]
Sender: 4.447626
Receiver: 4.447921
[1840000, 1000]
[1840000, 1000]
Sender: 6.420283
Receiver: 6.415526
[1842000, 1000]
[1842000, 1000]
Sender: 5.266787
Receiver: 5.268054
[1844000, 1000]
[1844000, 1000]
Receiver: 4.101009
Sender: 4.100016
[1846000, 1000]
[1846000, 1000]
Sender: 5.281169
Receiver: 5.281385
[1848000, 1000]
[1848000, 1000]
Sender: 5.247491
Receiver: 5.247763
[1850000, 1000]
[1850000, 1000]
Receiver: 4.724943
Sender: 4.724641
[1852000, 1000]
[1852000, 1000]
Sender: 5.079792
Receiver: 5.077910
[1854000, 1000]
[1854000, 1000]
Sender: 4.380322
Receiver: 4.380589
[1856000, 1000]
[1856000, 1000]
Sender: 4.470353
Receiver: 4.456347
[1858000, 1000]
[1858000, 1000]
Sender: 6.642586
Receiver: 6.643045
[1860000, 1000]
[1860000, 1000]
Sender: 4.143191
Receiver: 4.143521
[1862000, 1000]
[1862000, 1000]
Sender: 4.020968
Receiver: 4.019409
[1864000, 1000]
[1864000, 1000]
Sender: 5.222191
Receiver: 5.221827
[1866000, 1000]
[1866000, 1000]
Sender: 6.275254
Receiver: 6.275565
[1868000, 1000]
[1868000, 1000]
Sender: 5.920994
Receiver: 5.921235
[1870000, 1000]
[1870000, 1000]
Sender: 4.073970
Receiver: 4.074274
[1872000, 1000]
[1872000, 1000]
Sender: 4.148259
Receiver: 4.145256
[1874000, 1000]
[1874000, 1000]
Sender: 4.133482
Receiver: 4.131122
[1876000, 1000]
[1876000, 1000]
Sender: 5.797984
Receiver: 5.798856
[1878000, 1000]
[1878000, 1000]
Sender: 4.181446
Receiver: 4.181650
[1880000, 1000]
[1880000, 1000]
Sender: 5.060264
Receiver: 5.050175
[1882000, 1000]
[1882000, 1000]
Sender: 4.423818
Receiver: 4.421486
[1884000, 1000]
[1884000, 1000]
Sender: 5.797462
Receiver: 5.792443
[1886000, 1000]
[1886000, 1000]
Sender: 5.547792
Receiver: 5.548119
[1888000, 1000]
[1888000, 1000]
Sender: 4.223413
Receiver: 4.222344
[1890000, 1000]
[1890000, 1000]
Sender: 4.137691
Receiver: 4.137865
[1892000, 1000]
[1892000, 1000]
Sender: 4.518868
Receiver: 4.520043
[1894000, 1000]
[1894000, 1000]
Sender: 4.054823
Receiver: 4.054389
[1896000, 1000]
[1896000, 1000]
Sender: 4.431484
Receiver: 4.432419
[1898000, 1000]
[1898000, 1000]
Sender: 4.271973
Receiver: 4.270611
[1900000, 1000]
[1900000, 1000]
Sender: 4.407192
Receiver: 4.402979
[1902000, 1000]
[1902000, 1000]
Sender: 6.497080
Receiver: 6.497443
[1904000, 1000]
[1904000, 1000]
Sender: 4.009124
Receiver: 4.010057
[1906000, 1000]
[1906000, 1000]
Sender: 8.068562
Receiver: 8.066822
[1908000, 1000]
[1908000, 1000]
Sender: 7.349319
Receiver: 7.345268
[1910000, 1000]
[1910000, 1000]
Sender: 6.098006
Receiver: 6.098452
[1912000, 1000]
[1912000, 1000]
Sender: 5.691206
Receiver: 5.691515
[1914000, 1000]
[1914000, 1000]
Sender: 5.533666
Receiver: 5.534104
[1916000, 1000]
[1916000, 1000]
Sender: 2.643641
Receiver: 2.644634
[1918000, 1000]
[1918000, 1000]
Sender: 4.416496
Receiver: 4.417695
[1920000, 1000]
[1920000, 1000]
Sender: 4.786593
Receiver: 4.787017
[1922000, 1000]
[1922000, 1000]
Sender: 5.933820
Receiver: 5.934816
[1924000, 1000]
[1924000, 1000]
Sender: 3.975949
Receiver: 3.976192
[1926000, 1000]
[1926000, 1000]
Sender: 5.937689
Receiver: 5.930261
[1928000, 1000]
[1928000, 1000]
Sender: 4.142579
Receiver: 4.142828
[1930000, 1000]
[1930000, 1000]
Sender: 6.593433
Receiver: 6.585831
[1932000, 1000]
[1932000, 1000]
Sender: 6.066905
Receiver: 6.068027
[1934000, 1000]
[1934000, 1000]
Sender: 4.383458
Receiver: 4.384099
[1936000, 1000]
[1936000, 1000]
Sender: 4.397103
Receiver: 4.389228
[1938000, 1000]
[1938000, 1000]
Sender: 5.091108
Receiver: 5.091703
[1940000, 1000]
[1940000, 1000]
Sender: 2.555399
Receiver: 2.552650
[1942000, 1000]
[1942000, 1000]
Sender: 5.102536
Receiver: 5.103000
[1944000, 1000]
[1944000, 1000]
Sender: 4.325101
Receiver: 4.326291
[1946000, 1000]
[1946000, 1000]
Sender: 6.904685
Receiver: 6.907002
[1948000, 1000]
[1948000, 1000]
Receiver: 4.738195
Sender: 4.738511
[1950000, 1000]
[1950000, 1000]
Receiver: 5.008031
Sender: 5.011374
[1952000, 1000]
[1952000, 1000]
Sender: 2.748357
Receiver: 2.748741
[1954000, 1000]
[1954000, 1000]
Receiver: 6.487410
Sender: 6.487192
[1956000, 1000]
[1956000, 1000]
Sender: 3.972727
Receiver: 3.972966
[1958000, 1000]
[1958000, 1000]
Sender: 6.802783
Receiver: 6.809257
[1960000, 1000]
[1960000, 1000]
Sender: 4.132969
Receiver: 4.132625
[1962000, 1000]
[1962000, 1000]
Sender: 4.166018
Receiver: 4.166342
[1964000, 1000]
[1964000, 1000]
Sender: 6.710135
Receiver: 6.706133
[1966000, 1000]
[1966000, 1000]
Sender: 6.326973
Receiver: 6.327385
[1968000, 1000]
[1968000, 1000]
Sender: 4.339146
Receiver: 4.339648
[1970000, 1000]
[1970000, 1000]
Sender: 4.164249
Receiver: 4.164682
[1972000, 1000]
[1972000, 1000]
Sender: 4.164758
Receiver: 4.165387
[1974000, 1000]
[1974000, 1000]
Sender: 4.580200
Receiver: 4.579858
[1976000, 1000]
[1976000, 1000]
Sender: 4.973649
Receiver: 4.963308
[1978000, 1000]
[1978000, 1000]
Sender: 6.710186
Receiver: 6.707896
[1980000, 1000]
[1980000, 1000]
Sender: 3.982749
Receiver: 3.983777
[1982000, 1000]
[1982000, 1000]
Receiver: 7.193688
Sender: 7.192953
[1984000, 1000]
[1984000, 1000]
Sender: 4.701756
Receiver: 4.702192
[1986000, 1000]
[1986000, 1000]
Sender: 3.620141
Receiver: 3.617923
[1988000, 1000]
[1988000, 1000]
Receiver: 5.190231
Sender: 5.191711
[1990000, 1000]
[1990000, 1000]
Sender: 4.314987
Receiver: 4.314475
[1992000, 1000]
[1992000, 1000]
Receiver: 4.378013
Sender: 4.377637
[1994000, 1000]
[1994000, 1000]
Sender: 6.133478
Receiver: 6.131182
[1996000, 1000]
[1996000, 1000]
Receiver: 6.411577
Sender: 6.410448
[1998000, 1000]
[1998000, 1000]
Sender: 4.484022
Receiver: 4.483735
[2000000, 1000]
[2000000, 1000]
Sender: 4.486159
Receiver: 4.486667
