[2000, 1000]
[2000, 1000]
Sender: 0.089737
Receiver: 0.092124
[4000, 1000]
[4000, 1000]
Sender: 0.012855
Receiver: 0.013979
[6000, 1000]
[6000, 1000]
Sender: 0.019094
Receiver: 0.021184
[8000, 1000]
[8000, 1000]
Sender: 0.020110
Receiver: 0.021383
[10000, 1000]
[10000, 1000]
Sender: 0.018446
Receiver: 0.019927
[12000, 1000]
[12000, 1000]
Sender: 0.020217
Receiver: 0.020910
[14000, 1000]
[14000, 1000]
Sender: 0.019453
Receiver: 0.020000
[16000, 1000]
[16000, 1000]
Sender: 0.020009
Receiver: 0.020891
[18000, 1000]
[18000, 1000]
Sender: 0.020737
Receiver: 0.022060
[20000, 1000]
[20000, 1000]
Sender: 0.021175
Receiver: 0.021801
[22000, 1000]
[22000, 1000]
Sender: 0.034722
Receiver: 0.035750
[24000, 1000]
[24000, 1000]
Sender: 0.023026
Receiver: 0.023534
[26000, 1000]
[26000, 1000]
Sender: 0.029995
Receiver: 0.030353
[28000, 1000]
[28000, 1000]
Sender: 0.030962
Receiver: 0.030999
[30000, 1000]
[30000, 1000]
Sender: 0.029365
Receiver: 0.029825
[32000, 1000]
[32000, 1000]
Sender: 0.034953
Receiver: 0.034455
[34000, 1000]
[34000, 1000]
Sender: 0.047845
Receiver: 0.048357
[36000, 1000]
[36000, 1000]
Sender: 0.032137
Receiver: 0.033297
[38000, 1000]
[38000, 1000]
Sender: 0.035984
Receiver: 0.036766
[40000, 1000]
[40000, 1000]
Sender: 0.053426
Receiver: 0.053286
[42000, 1000]
[42000, 1000]
Sender: 0.063278
Receiver: 0.064761
[44000, 1000]
[44000, 1000]
Sender: 0.040595
Receiver: 0.041004
[46000, 1000]
[46000, 1000]
Sender: 0.036442
Receiver: 0.037587
[48000, 1000]
[48000, 1000]
Sender: 0.040292
Receiver: 0.040646
[50000, 1000]
[50000, 1000]
Sender: 0.040289
Receiver: 0.041348
[52000, 1000]
[52000, 1000]
Sender: 0.058246
Receiver: 0.057954
[54000, 1000]
[54000, 1000]
Sender: 0.058636
Receiver: 0.059719
[56000, 1000]
[56000, 1000]
Sender: 0.061334
Receiver: 0.061050
[58000, 1000]
[58000, 1000]
Sender: 0.051545
Receiver: 0.052122
[60000, 1000]
[60000, 1000]
Sender: 0.051617
Receiver: 0.052677
[62000, 1000]
[62000, 1000]
Sender: 0.049237
Receiver: 0.049050
[64000, 1000]
[64000, 1000]
Sender: 0.057206
Receiver: 0.057580
[66000, 1000]
[66000, 1000]
Sender: 0.066063
Receiver: 0.067088
[68000, 1000]
[68000, 1000]
Sender: 0.053767
Receiver: 0.054301
[70000, 1000]
[70000, 1000]
Sender: 0.063147
Receiver: 0.062551
[72000, 1000]
[72000, 1000]
Sender: 0.059635
Receiver: 0.059939
[74000, 1000]
[74000, 1000]
Sender: 0.080382
Receiver: 0.080180
[76000, 1000]
[76000, 1000]
Sender: 0.070167
Receiver: 0.070846
[78000, 1000]
[78000, 1000]
Sender: 0.061934
Receiver: 0.062488
[80000, 1000]
[80000, 1000]
Receiver: 0.057174
Sender: 0.056165
[82000, 1000]
[82000, 1000]
Sender: 0.111361
Receiver: 0.111827
[84000, 1000]
[84000, 1000]
Sender: 0.081293
Receiver: 0.081857
[86000, 1000]
[86000, 1000]
Sender: 0.076927
Receiver: 0.076609
[88000, 1000]
[88000, 1000]
Receiver: 0.086797
Sender: 0.088465
[90000, 1000]
[90000, 1000]
Sender: 0.071871
Receiver: 0.071631
[92000, 1000]
[92000, 1000]
Receiver: 0.083955
Sender: 0.084054
[94000, 1000]
[94000, 1000]
Sender: 0.085927
Receiver: 0.085676
[96000, 1000]
[96000, 1000]
Sender: 0.132957
Receiver: 0.133597
[98000, 1000]
[98000, 1000]
Sender: 0.102638
Receiver: 0.103013
[100000, 1000]
[100000, 1000]
Sender: 0.116506
Receiver: 0.117490
[102000, 1000]
[102000, 1000]
Sender: 0.083239
Receiver: 0.084269
[104000, 1000]
[104000, 1000]
Sender: 0.107795
Receiver: 0.109010
[106000, 1000]
[106000, 1000]
Sender: 0.082528
Receiver: 0.082989
[108000, 1000]
[108000, 1000]
Sender: 0.076465
Receiver: 0.077031
[110000, 1000]
[110000, 1000]
Sender: 0.083898
Receiver: 0.084360
[112000, 1000]
[112000, 1000]
Sender: 0.100610
Receiver: 0.097431
[114000, 1000]
[114000, 1000]
Sender: 0.135090
Receiver: 0.135399
[116000, 1000]
[116000, 1000]
Sender: 0.080252
Receiver: 0.080518
[118000, 1000]
[118000, 1000]
Sender: 0.117476
Receiver: 0.118718
[120000, 1000]
[120000, 1000]
Sender: 0.094943
Receiver: 0.095273
[122000, 1000]
[122000, 1000]
Sender: 0.090404
Receiver: 0.090747
[124000, 1000]
[124000, 1000]
Sender: 0.604545
Receiver: 0.604906
[126000, 1000]
[126000, 1000]
Sender: 0.092246
Receiver: 0.092674
[128000, 1000]
[128000, 1000]
Sender: 0.093425
Receiver: 0.093903
[130000, 1000]
[130000, 1000]
Sender: 0.102150
Receiver: 0.102404
[132000, 1000]
[132000, 1000]
Sender: 0.131580
Receiver: 0.132006
[134000, 1000]
[134000, 1000]
Sender: 0.414340
Receiver: 0.418554
[136000, 1000]
[136000, 1000]
Sender: 0.150471
Receiver: 0.150033
[138000, 1000]
[138000, 1000]
Sender: 0.319875
Receiver: 0.317581
[140000, 1000]
[140000, 1000]
Sender: 0.117026
Receiver: 0.118109
[142000, 1000]
[142000, 1000]
Sender: 0.143827
Receiver: 0.143424
[144000, 1000]
[144000, 1000]
Sender: 0.117303
Receiver: 0.115784
[146000, 1000]
[146000, 1000]
Sender: 0.116245
Receiver: 0.116676
[148000, 1000]
[148000, 1000]
Sender: 1.190754
Receiver: 1.187239
[150000, 1000]
[150000, 1000]
Sender: 0.186991
Receiver: 0.186782
[152000, 1000]
[152000, 1000]
Sender: 0.285047
Receiver: 0.286171
[154000, 1000]
[154000, 1000]
Sender: 0.115839
Receiver: 0.116856
[156000, 1000]
[156000, 1000]
Sender: 0.131832
Receiver: 0.133123
[158000, 1000]
[158000, 1000]
Sender: 0.177939
Receiver: 0.177679
[160000, 1000]
[160000, 1000]
Sender: 0.501236
Receiver: 0.502110
[162000, 1000]
[162000, 1000]
Sender: 0.201800
Receiver: 0.205493
[164000, 1000]
[164000, 1000]
Sender: 0.233525
Receiver: 0.233310
[166000, 1000]
[166000, 1000]
Sender: 1.421435
Receiver: 1.415990
[168000, 1000]
[168000, 1000]
Sender: 0.144602
Receiver: 0.144243
[170000, 1000]
[170000, 1000]
Sender: 0.387543
Receiver: 0.386593
[172000, 1000]
[172000, 1000]
Sender: 0.368308
Receiver: 0.369626
[174000, 1000]
[174000, 1000]
Sender: 0.712599
Receiver: 0.712228
[176000, 1000]
[176000, 1000]
Sender: 1.085486
Receiver: 1.086467
[178000, 1000]
[178000, 1000]
Sender: 0.180464
Receiver: 0.181361
[180000, 1000]
[180000, 1000]
Sender: 0.195358
Receiver: 0.195910
[182000, 1000]
[182000, 1000]
Sender: 0.362921
Receiver: 0.363044
[184000, 1000]
[184000, 1000]
Sender: 0.858024
Receiver: 0.862107
[186000, 1000]
[186000, 1000]
Receiver: 0.197196
Sender: 0.196668
[188000, 1000]
[188000, 1000]
Sender: 0.206115
Receiver: 0.206454
[190000, 1000]
[190000, 1000]
Sender: 0.167150
Receiver: 0.165257
[192000, 1000]
[192000, 1000]
Sender: 0.343330
Receiver: 0.341137
[194000, 1000]
[194000, 1000]
Sender: 0.253478
Receiver: 0.250164
[196000, 1000]
[196000, 1000]
Sender: 0.478136
Receiver: 0.479103
[198000, 1000]
[198000, 1000]
Sender: 0.221479
Receiver: 0.221537
[200000, 1000]
[200000, 1000]
Sender: 0.337226
Receiver: 0.337998
[202000, 1000]
[202000, 1000]
Sender: 0.857234
Receiver: 0.855061
[204000, 1000]
[204000, 1000]
Sender: 0.171974
Receiver: 0.172633
[206000, 1000]
[206000, 1000]
Sender: 0.904967
Receiver: 0.902884
[208000, 1000]
[208000, 1000]
Sender: 0.635162
Receiver: 0.637525
[210000, 1000]
[210000, 1000]
Sender: 0.176306
Receiver: 0.176512
[212000, 1000]
[212000, 1000]
Sender: 0.497161
Receiver: 0.501277
[214000, 1000]
[214000, 1000]
Sender: 0.212077
Receiver: 0.213245
[216000, 1000]
[216000, 1000]
Sender: 0.203316
Receiver: 0.202616
[218000, 1000]
[218000, 1000]
Sender: 0.197706
Receiver: 0.198865
[220000, 1000]
[220000, 1000]
Sender: 0.217655
Receiver: 0.218573
[222000, 1000]
[222000, 1000]
Sender: 1.125183
Receiver: 1.125825
[224000, 1000]
[224000, 1000]
Receiver: 1.345399
Sender: 1.344476
[226000, 1000]
[226000, 1000]
Sender: 0.191245
Receiver: 0.191475
[228000, 1000]
[228000, 1000]
Sender: 0.184209
Receiver: 0.182736
[230000, 1000]
[230000, 1000]
Sender: 0.178740
Receiver: 0.178241
[232000, 1000]
[232000, 1000]
Sender: 0.397250
Receiver: 0.397406
[234000, 1000]
[234000, 1000]
Sender: 0.167953
Receiver: 0.167325
[236000, 1000]
[236000, 1000]
Sender: 0.438956
Receiver: 0.439264
[238000, 1000]
[238000, 1000]
Sender: 0.188504
Receiver: 0.188824
[240000, 1000]
[240000, 1000]
Sender: 0.205423
Receiver: 0.205747
[242000, 1000]
[242000, 1000]
Sender: 0.257816
Receiver: 0.257293
[244000, 1000]
[244000, 1000]
Sender: 0.896307
Receiver: 0.895872
[246000, 1000]
[246000, 1000]
Sender: 1.352645
Receiver: 1.352678
[248000, 1000]
[248000, 1000]
Sender: 0.170585
Receiver: 0.170888
[250000, 1000]
[250000, 1000]
Sender: 0.230769
Receiver: 0.231086
[252000, 1000]
[252000, 1000]
Sender: 0.186534
Receiver: 0.185352
[254000, 1000]
[254000, 1000]
Sender: 1.259509
Receiver: 1.259038
[256000, 1000]
[256000, 1000]
Sender: 0.189357
Receiver: 0.189591
[258000, 1000]
[258000, 1000]
Sender: 0.521525
Receiver: 0.521864
[260000, 1000]
[260000, 1000]
Sender: 0.173490
Receiver: 0.173752
[262000, 1000]
[262000, 1000]
Sender: 0.253975
Receiver: 0.257514
[264000, 1000]
[264000, 1000]
Sender: 1.252447
Receiver: 1.257834
[266000, 1000]
[266000, 1000]
Receiver: 0.215430
Sender: 0.214464
[268000, 1000]
[268000, 1000]
Sender: 0.518124
Receiver: 0.518271
[270000, 1000]
[270000, 1000]
Sender: 0.222068
Receiver: 0.219999
[272000, 1000]
[272000, 1000]
Sender: 1.658340
Receiver: 1.657842
[274000, 1000]
[274000, 1000]
Sender: 0.245940
Receiver: 0.245537
[276000, 1000]
[276000, 1000]
Receiver: 0.215154
Sender: 0.214940
[278000, 1000]
[278000, 1000]
Sender: 0.857285
Receiver: 0.854523
[280000, 1000]
[280000, 1000]
Sender: 1.359248
Receiver: 1.359614
[282000, 1000]
[282000, 1000]
Sender: 1.488304
Receiver: 1.488608
[284000, 1000]
[284000, 1000]
Sender: 0.274964
Receiver: 0.275268
[286000, 1000]
[286000, 1000]
Sender: 0.749665
Receiver: 0.751743
[288000, 1000]
[288000, 1000]
Sender: 0.340456
Receiver: 0.340864
[290000, 1000]
[290000, 1000]
Sender: 0.366745
Receiver: 0.354922
[292000, 1000]
[292000, 1000]
Sender: 1.185622
Receiver: 1.186020
[294000, 1000]
[294000, 1000]
Sender: 1.143792
Receiver: 1.144889
[296000, 1000]
[296000, 1000]
Sender: 0.262723
Receiver: 0.263137
[298000, 1000]
[298000, 1000]
Sender: 1.321919
Receiver: 1.316426
[300000, 1000]
[300000, 1000]
Sender: 1.330427
Receiver: 1.330852
[302000, 1000]
[302000, 1000]
Sender: 0.215350
Receiver: 0.214973
[304000, 1000]
[304000, 1000]
Sender: 0.224779
Receiver: 0.225172
[306000, 1000]
[306000, 1000]
Sender: 0.825573
Receiver: 0.826546
[308000, 1000]
[308000, 1000]
Sender: 0.478519
Receiver: 0.478149
[310000, 1000]
[310000, 1000]
Sender: 0.276927
Receiver: 0.273132
[312000, 1000]
[312000, 1000]
Sender: 1.427853
Receiver: 1.429515
[314000, 1000]
[314000, 1000]
Sender: 1.575871
Receiver: 1.584183
[316000, 1000]
[316000, 1000]
Sender: 0.504694
Receiver: 0.501793
[318000, 1000]
[318000, 1000]
Receiver: 1.257851
Sender: 1.257534
[320000, 1000]
[320000, 1000]
Sender: 0.322081
Receiver: 0.320494
[322000, 1000]
[322000, 1000]
Sender: 0.993630
Receiver: 0.993879
[324000, 1000]
[324000, 1000]
Sender: 0.672957
Receiver: 0.674839
[326000, 1000]
[326000, 1000]
Sender: 0.809936
Receiver: 0.806397
[328000, 1000]
[328000, 1000]
Sender: 0.405004
Receiver: 0.405636
[330000, 1000]
[330000, 1000]
Sender: 0.240726
Receiver: 0.241647
[332000, 1000]
[332000, 1000]
Sender: 2.046194
Receiver: 2.046498
[334000, 1000]
[334000, 1000]
Receiver: 0.269441
Sender: 0.269782
[336000, 1000]
[336000, 1000]
Sender: 1.292101
Receiver: 1.294759
[338000, 1000]
[338000, 1000]
Sender: 0.295966
Receiver: 0.290508
[340000, 1000]
[340000, 1000]
Sender: 0.352545
Receiver: 0.352828
[342000, 1000]
[342000, 1000]
Sender: 0.272472
Receiver: 0.269640
[344000, 1000]
[344000, 1000]
Sender: 0.986107
Receiver: 0.985577
[346000, 1000]
[346000, 1000]
Sender: 1.113926
Receiver: 1.111799
[348000, 1000]
[348000, 1000]
Sender: 1.318177
Receiver: 1.318175
[350000, 1000]
[350000, 1000]
Sender: 0.658129
Receiver: 0.659595
[352000, 1000]
[352000, 1000]
Sender: 1.694360
Receiver: 1.703681
[354000, 1000]
[354000, 1000]
Sender: 0.312923
Receiver: 0.310787
[356000, 1000]
[356000, 1000]
Sender: 0.664811
Receiver: 0.673933
[358000, 1000]
[358000, 1000]
Sender: 0.729993
Receiver: 0.730400
[360000, 1000]
[360000, 1000]
Sender: 0.391086
Receiver: 0.395886
[362000, 1000]
[362000, 1000]
Sender: 0.328030
Receiver: 0.328195
[364000, 1000]
[364000, 1000]
Sender: 1.064078
Receiver: 1.056428
[366000, 1000]
[366000, 1000]
Sender: 1.498034
Receiver: 1.498368
[368000, 1000]
[368000, 1000]
Sender: 0.441810
Receiver: 0.442709
[370000, 1000]
[370000, 1000]
Sender: 0.542587
Receiver: 0.543812
[372000, 1000]
[372000, 1000]
Sender: 0.870516
Receiver: 0.871660
[374000, 1000]
[374000, 1000]
Receiver: 0.922674
Sender: 0.922285
[376000, 1000]
[376000, 1000]
Sender: 0.326918
Receiver: 0.327426
[378000, 1000]
[378000, 1000]
Sender: 1.452006
Receiver: 1.446896
[380000, 1000]
[380000, 1000]
Sender: 1.385218
Receiver: 1.385512
[382000, 1000]
[382000, 1000]
Sender: 0.827705
Receiver: 0.829530
[384000, 1000]
[384000, 1000]
Sender: 0.603216
Receiver: 0.604440
[386000, 1000]
[386000, 1000]
Sender: 0.303175
Receiver: 0.302031
[388000, 1000]
[388000, 1000]
Sender: 1.699469
Receiver: 1.705624
[390000, 1000]
[390000, 1000]
Receiver: 0.292626
Sender: 0.294242
[392000, 1000]
[392000, 1000]
Sender: 1.543122
Receiver: 1.543642
[394000, 1000]
[394000, 1000]
Sender: 0.739303
Receiver: 0.739763
[396000, 1000]
[396000, 1000]
Sender: 0.370636
Receiver: 0.371159
[398000, 1000]
[398000, 1000]
Sender: 2.501116
Receiver: 2.502152
[400000, 1000]
[400000, 1000]
Sender: 0.349000
Receiver: 0.349328
[402000, 1000]
[402000, 1000]
Sender: 0.375482
Receiver: 0.375179
[404000, 1000]
[404000, 1000]
Sender: 1.552603
Receiver: 1.553238
[406000, 1000]
[406000, 1000]
Sender: 1.550300
Receiver: 1.549953
[408000, 1000]
[408000, 1000]
Sender: 1.366834
Receiver: 1.365134
[410000, 1000]
[410000, 1000]
Sender: 1.411415
Receiver: 1.413545
[412000, 1000]
[412000, 1000]
Sender: 1.496146
Receiver: 1.506310
[414000, 1000]
[414000, 1000]
Sender: 0.366750
Receiver: 0.367321
[416000, 1000]
[416000, 1000]
Sender: 1.294915
Receiver: 1.292079
[418000, 1000]
[418000, 1000]
Sender: 1.297442
Receiver: 1.297864
[420000, 1000]
[420000, 1000]
Sender: 1.944635
Receiver: 1.946105
[422000, 1000]
[422000, 1000]
Sender: 2.052440
Receiver: 2.053319
[424000, 1000]
[424000, 1000]
Sender: 1.467498
Receiver: 1.465461
[426000, 1000]
[426000, 1000]
Receiver: 1.353187
Sender: 1.352385
[428000, 1000]
[428000, 1000]
Sender: 2.104284
Receiver: 2.104753
[430000, 1000]
[430000, 1000]
Receiver: 0.451266
Sender: 0.450597
[432000, 1000]
[432000, 1000]
Receiver: 0.692782
Sender: 0.692004
[434000, 1000]
[434000, 1000]
Sender: 0.477051
Receiver: 0.474911
[436000, 1000]
[436000, 1000]
Sender: 1.135534
Receiver: 1.136070
[438000, 1000]
[438000, 1000]
Sender: 1.327832
Receiver: 1.318790
[440000, 1000]
[440000, 1000]
Sender: 0.274869
Receiver: 0.272631
[442000, 1000]
[442000, 1000]
Sender: 1.923036
Receiver: 1.919377
[444000, 1000]
[444000, 1000]
Sender: 2.112930
Receiver: 2.111571
[446000, 1000]
[446000, 1000]
Sender: 0.386192
Receiver: 0.386935
[448000, 1000]
[448000, 1000]
Sender: 2.400279
Receiver: 2.402034
[450000, 1000]
[450000, 1000]
Sender: 0.499597
Receiver: 0.510737
[452000, 1000]
[452000, 1000]
Sender: 1.381845
Receiver: 1.383106
[454000, 1000]
[454000, 1000]
Sender: 1.592694
Receiver: 1.593151
[456000, 1000]
[456000, 1000]
Sender: 0.400527
Receiver: 0.402325
[458000, 1000]
[458000, 1000]
Receiver: 1.315830
Sender: 1.314798
[460000, 1000]
[460000, 1000]
Sender: 1.330782
Receiver: 1.331389
[462000, 1000]
[462000, 1000]
Sender: 0.409900
Receiver: 0.410975
[464000, 1000]
[464000, 1000]
Sender: 2.065883
Receiver: 2.066404
[466000, 1000]
[466000, 1000]
Sender: 1.480009
Receiver: 1.481092
[468000, 1000]
[468000, 1000]
Receiver: 2.036209
Sender: 2.035037
[470000, 1000]
[470000, 1000]
Sender: 1.454069
Receiver: 1.482276
[472000, 1000]
[472000, 1000]
Sender: 1.438594
Receiver: 1.439869
[474000, 1000]
[474000, 1000]
Sender: 1.431137
Receiver: 1.432073
[476000, 1000]
[476000, 1000]
Sender: 2.040565
Receiver: 2.041434
[478000, 1000]
[478000, 1000]
Receiver: 1.601765
Sender: 1.601234
[480000, 1000]
[480000, 1000]
Sender: 1.469944
Receiver: 1.470738
[482000, 1000]
[482000, 1000]
Receiver: 1.375753
Sender: 1.375294
[484000, 1000]
[484000, 1000]
Sender: 0.420449
Receiver: 0.420233
[486000, 1000]
[486000, 1000]
Sender: 2.048451
Receiver: 2.048866
[488000, 1000]
[488000, 1000]
Sender: 1.541638
Receiver: 1.542177
[490000, 1000]
[490000, 1000]
Sender: 2.372774
Receiver: 2.388825
[492000, 1000]
[492000, 1000]
Receiver: 0.441124
Sender: 0.440426
[494000, 1000]
[494000, 1000]
Sender: 1.305776
Receiver: 1.298134
[496000, 1000]
[496000, 1000]
Sender: 2.746615
Receiver: 2.744499
[498000, 1000]
[498000, 1000]
Sender: 1.614259
Receiver: 1.613960
[500000, 1000]
[500000, 1000]
Sender: 1.442403
Receiver: 1.450360
[502000, 1000]
[502000, 1000]
Sender: 2.250337
Receiver: 2.247672
[504000, 1000]
[504000, 1000]
Sender: 0.358439
Receiver: 0.358712
[506000, 1000]
[506000, 1000]
Sender: 1.395846
Receiver: 1.396092
[508000, 1000]
[508000, 1000]
Sender: 1.444417
Receiver: 1.443996
[510000, 1000]
[510000, 1000]
Sender: 1.226612
Receiver: 1.211238
[512000, 1000]
[512000, 1000]
Receiver: 2.771780
Sender: 2.772105
[514000, 1000]
[514000, 1000]
Sender: 2.208530
Receiver: 2.208126
[516000, 1000]
[516000, 1000]
Sender: 2.395652
Receiver: 2.396026
[518000, 1000]
[518000, 1000]
Sender: 2.116175
Receiver: 2.116695
[520000, 1000]
[520000, 1000]
Receiver: 0.457862
Sender: 0.457861
[522000, 1000]
[522000, 1000]
Sender: 1.706740
Receiver: 1.707029
[524000, 1000]
[524000, 1000]
Receiver: 0.535874
Sender: 0.534288
[526000, 1000]
[526000, 1000]
Sender: 1.432385
Receiver: 1.407598
[528000, 1000]
[528000, 1000]
Sender: 1.005704
Receiver: 1.006188
[530000, 1000]
[530000, 1000]
Sender: 2.644742
Receiver: 2.645010
[532000, 1000]
[532000, 1000]
Sender: 0.370117
Receiver: 0.371043
[534000, 1000]
[534000, 1000]
Sender: 0.881179
Receiver: 0.880960
[536000, 1000]
[536000, 1000]
Sender: 2.939730
Receiver: 2.940562
[538000, 1000]
[538000, 1000]
Sender: 1.609203
Receiver: 1.610243
[540000, 1000]
[540000, 1000]
Sender: 1.429718
Receiver: 1.431235
[542000, 1000]
[542000, 1000]
Sender: 0.639401
Receiver: 0.636861
[544000, 1000]
[544000, 1000]
Sender: 2.994501
Receiver: 2.996045
[546000, 1000]
[546000, 1000]
Sender: 1.837064
Receiver: 1.837389
[548000, 1000]
[548000, 1000]
Sender: 0.719723
Receiver: 0.754526
[550000, 1000]
[550000, 1000]
Sender: 0.490067
Receiver: 0.490476
[552000, 1000]
[552000, 1000]
Sender: 1.165978
Receiver: 1.159189
[554000, 1000]
[554000, 1000]
Sender: 1.311551
Receiver: 1.310416
[556000, 1000]
[556000, 1000]
Sender: 1.483261
Receiver: 1.482805
[558000, 1000]
[558000, 1000]
Sender: 1.255575
Receiver: 1.256017
[560000, 1000]
[560000, 1000]
Sender: 1.136670
Receiver: 1.135159
[562000, 1000]
[562000, 1000]
Sender: 0.486819
Receiver: 0.483074
[564000, 1000]
[564000, 1000]
Sender: 2.535989
Receiver: 2.536952
[566000, 1000]
[566000, 1000]
Sender: 1.466473
Receiver: 1.464913
[568000, 1000]
[568000, 1000]
Sender: 2.073692
Receiver: 2.075427
[570000, 1000]
[570000, 1000]
Sender: 1.560251
Receiver: 1.561478
[572000, 1000]
[572000, 1000]
Sender: 0.778268
Receiver: 0.782457
[574000, 1000]
[574000, 1000]
Sender: 1.024934
Receiver: 1.022009
[576000, 1000]
[576000, 1000]
Sender: 1.182529
Receiver: 1.178700
[578000, 1000]
[578000, 1000]
Sender: 1.252388
Receiver: 1.252781
[580000, 1000]
[580000, 1000]
Receiver: 1.751983
Sender: 1.751466
[582000, 1000]
[582000, 1000]
Sender: 0.931252
Receiver: 0.925579
[584000, 1000]
[584000, 1000]
Sender: 0.425239
Receiver: 0.421261
[586000, 1000]
[586000, 1000]
Sender: 1.231828
Receiver: 1.231369
[588000, 1000]
[588000, 1000]
Receiver: 1.473279
Sender: 1.476756
[590000, 1000]
[590000, 1000]
Sender: 1.163016
Receiver: 1.163499
[592000, 1000]
[592000, 1000]
Sender: 1.406814
Receiver: 1.403464
[594000, 1000]
[594000, 1000]
Receiver: 1.548153
Sender: 1.553152
[596000, 1000]
[596000, 1000]
Sender: 1.186131
Receiver: 1.182445
[598000, 1000]
[598000, 1000]
Sender: 1.401856
Receiver: 1.401562
[600000, 1000]
[600000, 1000]
Sender: 0.970020
Receiver: 0.965214
[602000, 1000]
[602000, 1000]
Sender: 1.693432
Receiver: 1.692906
[604000, 1000]
[604000, 1000]
Sender: 1.698716
Receiver: 1.700354
[606000, 1000]
[606000, 1000]
Sender: 1.384320
Receiver: 1.384720
[608000, 1000]
[608000, 1000]
Sender: 1.404937
Receiver: 1.404496
[610000, 1000]
[610000, 1000]
Sender: 1.362028
Receiver: 1.363038
[612000, 1000]
[612000, 1000]
Sender: 0.427523
Receiver: 0.427920
[614000, 1000]
[614000, 1000]
Sender: 2.753967
Receiver: 2.754434
[616000, 1000]
[616000, 1000]
Receiver: 1.502394
Sender: 1.501184
[618000, 1000]
[618000, 1000]
Sender: 1.649785
Receiver: 1.650423
[620000, 1000]
[620000, 1000]
Sender: 0.419898
Receiver: 0.418429
[622000, 1000]
[622000, 1000]
Sender: 3.697529
Receiver: 3.694932
[624000, 1000]
[624000, 1000]
Receiver: 1.697836
Sender: 1.696883
[626000, 1000]
[626000, 1000]
Sender: 2.331311
Receiver: 2.327381
[628000, 1000]
[628000, 1000]
Receiver: 2.124830
Sender: 2.124360
[630000, 1000]
[630000, 1000]
Sender: 1.754259
Receiver: 1.755035
[632000, 1000]
[632000, 1000]
Sender: 0.740423
Receiver: 0.745934
[634000, 1000]
[634000, 1000]
Sender: 0.905969
Receiver: 0.904859
[636000, 1000]
[636000, 1000]
Sender: 1.315346
Receiver: 1.314951
[638000, 1000]
[638000, 1000]
Sender: 1.493511
Receiver: 1.498271
[640000, 1000]
[640000, 1000]
Sender: 2.579872
Receiver: 2.580307
[642000, 1000]
[642000, 1000]
Sender: 2.152401
Receiver: 2.155649
[644000, 1000]
[644000, 1000]
Sender: 1.553382
Receiver: 1.554513
[646000, 1000]
[646000, 1000]
Sender: 0.465106
Receiver: 0.464868
[648000, 1000]
[648000, 1000]
Sender: 0.564547
Receiver: 0.565767
[650000, 1000]
[650000, 1000]
Sender: 1.211534
Receiver: 1.211049
[652000, 1000]
[652000, 1000]
Sender: 2.777925
Receiver: 2.777964
[654000, 1000]
[654000, 1000]
Sender: 1.630692
Receiver: 1.631043
[656000, 1000]
[656000, 1000]
Sender: 1.610349
Receiver: 1.608159
[658000, 1000]
[658000, 1000]
Sender: 1.309789
Receiver: 1.305261
[660000, 1000]
[660000, 1000]
Sender: 1.340722
Receiver: 1.337003
[662000, 1000]
[662000, 1000]
Sender: 2.900567
Receiver: 2.900936
[664000, 1000]
[664000, 1000]
Sender: 1.571280
Receiver: 1.571165
[666000, 1000]
[666000, 1000]
Sender: 0.558350
Receiver: 0.558564
[668000, 1000]
[668000, 1000]
Sender: 1.723125
Receiver: 1.720702
[670000, 1000]
[670000, 1000]
Sender: 1.747103
Receiver: 1.746747
[672000, 1000]
[672000, 1000]
Sender: 1.985426
Receiver: 1.985791
[674000, 1000]
[674000, 1000]
Receiver: 0.566548
Sender: 0.566219
[676000, 1000]
[676000, 1000]
Sender: 3.095106
Receiver: 3.091475
[678000, 1000]
[678000, 1000]
Sender: 1.784691
Receiver: 1.786064
[680000, 1000]
[680000, 1000]
Sender: 1.282460
Receiver: 1.281998
[682000, 1000]
[682000, 1000]
Sender: 1.938943
Receiver: 1.937564
[684000, 1000]
[684000, 1000]
Sender: 1.637568
Receiver: 1.665683
[686000, 1000]
[686000, 1000]
Sender: 1.661621
Receiver: 1.662573
[688000, 1000]
[688000, 1000]
Sender: 2.344769
Receiver: 2.345753
[690000, 1000]
[690000, 1000]
Sender: 0.912154
Receiver: 0.915636
[692000, 1000]
[692000, 1000]
Sender: 1.169431
Receiver: 1.169797
[694000, 1000]
[694000, 1000]
Sender: 1.364855
Receiver: 1.365234
[696000, 1000]
[696000, 1000]
Sender: 1.205943
Receiver: 1.206903
[698000, 1000]
[698000, 1000]
Sender: 1.324154
Receiver: 1.317171
[700000, 1000]
[700000, 1000]
Sender: 1.478958
Receiver: 1.479947
[702000, 1000]
[702000, 1000]
Sender: 1.282949
Receiver: 1.283407
[704000, 1000]
[704000, 1000]
Sender: 1.533516
Receiver: 1.532292
[706000, 1000]
[706000, 1000]
Sender: 1.292155
Receiver: 1.288863
[708000, 1000]
[708000, 1000]
Sender: 1.407397
Receiver: 1.405137
[710000, 1000]
[710000, 1000]
Sender: 2.970804
Receiver: 2.972099
[712000, 1000]
[712000, 1000]
Sender: 3.154254
Receiver: 3.155803
[714000, 1000]
[714000, 1000]
Sender: 1.796068
Receiver: 1.796235
[716000, 1000]
[716000, 1000]
Sender: 1.508457
Receiver: 1.508075
[718000, 1000]
[718000, 1000]
Sender: 2.901797
Receiver: 2.901216
[720000, 1000]
[720000, 1000]
Sender: 2.318354
Receiver: 2.318462
[722000, 1000]
[722000, 1000]
Sender: 1.667145
Receiver: 1.667636
[724000, 1000]
[724000, 1000]
Sender: 0.515777
Receiver: 0.516166
[726000, 1000]
[726000, 1000]
Sender: 1.668948
Receiver: 1.665972
[728000, 1000]
[728000, 1000]
Sender: 1.696664
Receiver: 1.696967
[730000, 1000]
[730000, 1000]
Sender: 1.894400
Receiver: 1.894752
[732000, 1000]
[732000, 1000]
Sender: 1.279191
Receiver: 1.272842
[734000, 1000]
[734000, 1000]
Receiver: 1.241143
Sender: 1.240683
[736000, 1000]
[736000, 1000]
Sender: 1.475540
Receiver: 1.475718
[738000, 1000]
[738000, 1000]
Sender: 2.881221
Receiver: 2.876962
[740000, 1000]
[740000, 1000]
Sender: 0.651693
Receiver: 0.651972
[742000, 1000]
[742000, 1000]
Sender: 1.159962
Receiver: 1.154673
[744000, 1000]
[744000, 1000]
Sender: 1.450385
Receiver: 1.450436
[746000, 1000]
[746000, 1000]
Sender: 1.675328
Receiver: 1.675708
[748000, 1000]
[748000, 1000]
Sender: 1.034796
Receiver: 1.035120
[750000, 1000]
[750000, 1000]
Sender: 1.212207
Receiver: 1.213574
[752000, 1000]
[752000, 1000]
Sender: 0.996075
Receiver: 0.995812
[754000, 1000]
[754000, 1000]
Sender: 3.014992
Receiver: 3.016841
[756000, 1000]
[756000, 1000]
Sender: 0.696289
Receiver: 0.703093
[758000, 1000]
[758000, 1000]
Sender: 0.861130
Receiver: 0.858906
[760000, 1000]
[760000, 1000]
Sender: 1.440099
Receiver: 1.438539
[762000, 1000]
[762000, 1000]
Sender: 1.035440
Receiver: 1.034927
[764000, 1000]
[764000, 1000]
Sender: 1.233030
Receiver: 1.229034
[766000, 1000]
[766000, 1000]
Sender: 1.338251
Receiver: 1.338913
[768000, 1000]
[768000, 1000]
Sender: 2.007551
Receiver: 2.007077
[770000, 1000]
[770000, 1000]
Sender: 1.482856
Receiver: 1.483106
[772000, 1000]
[772000, 1000]
Sender: 2.829565
Receiver: 2.829530
[774000, 1000]
[774000, 1000]
Sender: 1.924538
Receiver: 1.924813
[776000, 1000]
[776000, 1000]
Sender: 3.274630
Receiver: 3.271462
[778000, 1000]
[778000, 1000]
Sender: 1.802967
Receiver: 1.804212
[780000, 1000]
[780000, 1000]
Sender: 2.335362
Receiver: 2.333818
[782000, 1000]
[782000, 1000]
Sender: 0.692341
Receiver: 0.693389
[784000, 1000]
[784000, 1000]
Sender: 1.342953
Receiver: 1.342797
[786000, 1000]
[786000, 1000]
Sender: 1.265210
Receiver: 1.263237
[788000, 1000]
[788000, 1000]
Sender: 1.422989
Receiver: 1.422434
[790000, 1000]
[790000, 1000]
Sender: 1.403636
Receiver: 1.403952
[792000, 1000]
[792000, 1000]
Sender: 2.161737
Receiver: 2.162265
[794000, 1000]
[794000, 1000]
Receiver: 1.352870
Sender: 1.352403
[796000, 1000]
[796000, 1000]
Receiver: 2.793459
Sender: 2.793084
[798000, 1000]
[798000, 1000]
Sender: 1.667021
Receiver: 1.667383
[800000, 1000]
[800000, 1000]
Sender: 1.531815
Receiver: 1.532711
[802000, 1000]
[802000, 1000]
Sender: 1.921909
Receiver: 1.918513
[804000, 1000]
[804000, 1000]
Sender: 1.670384
Receiver: 1.670985
[806000, 1000]
[806000, 1000]
Sender: 2.910691
Receiver: 2.910945
[808000, 1000]
[808000, 1000]
Sender: 2.755896
Receiver: 2.756892
[810000, 1000]
[810000, 1000]
Sender: 0.594951
Receiver: 0.594263
[812000, 1000]
[812000, 1000]
Sender: 2.657056
Receiver: 2.657473
[814000, 1000]
[814000, 1000]
Sender: 3.165531
Receiver: 3.165827
[816000, 1000]
[816000, 1000]
Sender: 1.781273
Receiver: 1.781768
[818000, 1000]
[818000, 1000]
Receiver: 1.647023
Sender: 1.649487
[820000, 1000]
[820000, 1000]
Sender: 1.240467
Receiver: 1.234498
[822000, 1000]
[822000, 1000]
Sender: 1.478254
Receiver: 1.475079
[824000, 1000]
[824000, 1000]
Sender: 1.253573
Receiver: 1.252702
[826000, 1000]
[826000, 1000]
Sender: 2.942619
Receiver: 2.938378
[828000, 1000]
[828000, 1000]
Sender: 3.253885
Receiver: 3.254202
[830000, 1000]
[830000, 1000]
Sender: 1.743237
Receiver: 1.743406
[832000, 1000]
[832000, 1000]
Sender: 1.346604
Receiver: 1.345300
[834000, 1000]
[834000, 1000]
Sender: 1.320935
Receiver: 1.321187
[836000, 1000]
[836000, 1000]
Sender: 1.480434
Receiver: 1.478791
[838000, 1000]
[838000, 1000]
Sender: 4.552864
Receiver: 4.553103
[840000, 1000]
[840000, 1000]
Sender: 1.627302
Receiver: 1.627571
[842000, 1000]
[842000, 1000]
Sender: 3.278141
Receiver: 3.278393
[844000, 1000]
[844000, 1000]
Sender: 1.672680
Receiver: 1.673005
[846000, 1000]
[846000, 1000]
Sender: 0.680834
Receiver: 0.673385
[848000, 1000]
[848000, 1000]
Sender: 2.683726
Receiver: 2.683242
[850000, 1000]
[850000, 1000]
Sender: 1.611640
Receiver: 1.612018
[852000, 1000]
[852000, 1000]
Sender: 4.474468
Receiver: 4.473957
[854000, 1000]
[854000, 1000]
Sender: 0.804566
Receiver: 0.837340
[856000, 1000]
[856000, 1000]
Sender: 2.302692
Receiver: 2.299253
[858000, 1000]
[858000, 1000]
Sender: 3.043697
Receiver: 3.058713
[860000, 1000]
[860000, 1000]
Sender: 1.715037
Receiver: 1.715360
[862000, 1000]
[862000, 1000]
Sender: 1.957813
Receiver: 1.958149
[864000, 1000]
[864000, 1000]
Sender: 1.020957
Receiver: 1.020725
[866000, 1000]
[866000, 1000]
Sender: 0.556976
Receiver: 0.557909
[868000, 1000]
[868000, 1000]
Sender: 1.233526
Receiver: 1.226515
[870000, 1000]
[870000, 1000]
Sender: 1.383639
Receiver: 1.383785
[872000, 1000]
[872000, 1000]
Sender: 1.228057
Receiver: 1.229021
[874000, 1000]
[874000, 1000]
Sender: 1.411974
Receiver: 1.409139
[876000, 1000]
[876000, 1000]
Sender: 1.367603
Receiver: 1.367831
[878000, 1000]
[878000, 1000]
Sender: 3.864529
Receiver: 3.860865
[880000, 1000]
[880000, 1000]
Sender: 1.699357
Receiver: 1.700419
[882000, 1000]
[882000, 1000]
Sender: 3.172402
Receiver: 3.172697
[884000, 1000]
[884000, 1000]
Sender: 1.734349
Receiver: 1.735274
[886000, 1000]
[886000, 1000]
Sender: 1.678033
Receiver: 1.675789
[888000, 1000]
[888000, 1000]
Sender: 2.865831
Receiver: 2.862296
[890000, 1000]
[890000, 1000]
Sender: 2.362417
Receiver: 2.362655
[892000, 1000]
[892000, 1000]
Sender: 1.693014
Receiver: 1.693916
[894000, 1000]
[894000, 1000]
Sender: 0.737598
Receiver: 0.737745
[896000, 1000]
[896000, 1000]
Sender: 1.308110
Receiver: 1.306533
[898000, 1000]
[898000, 1000]
Sender: 2.922447
Receiver: 2.923266
[900000, 1000]
[900000, 1000]
Sender: 1.673306
Receiver: 1.672807
[902000, 1000]
[902000, 1000]
Sender: 1.413366
Receiver: 1.405938
[904000, 1000]
[904000, 1000]
Sender: 1.320066
Receiver: 1.321107
[906000, 1000]
[906000, 1000]
Sender: 3.040534
Receiver: 3.037070
[908000, 1000]
[908000, 1000]
Sender: 1.829411
Receiver: 1.829722
[910000, 1000]
[910000, 1000]
Sender: 1.275593
Receiver: 1.276731
[912000, 1000]
[912000, 1000]
Sender: 1.555416
Receiver: 1.555058
[914000, 1000]
[914000, 1000]
Sender: 1.838187
Receiver: 1.837749
[916000, 1000]
[916000, 1000]
Sender: 1.694581
Receiver: 1.695618
[918000, 1000]
[918000, 1000]
Sender: 3.176238
Receiver: 3.176443
[920000, 1000]
[920000, 1000]
Sender: 1.724962
Receiver: 1.725303
[922000, 1000]
[922000, 1000]
Sender: 1.613477
Receiver: 1.613071
[924000, 1000]
[924000, 1000]
Sender: 1.005739
Receiver: 1.005963
[926000, 1000]
[926000, 1000]
Sender: 3.202578
Receiver: 3.202757
[928000, 1000]
[928000, 1000]
Sender: 1.652882
Receiver: 1.651014
[930000, 1000]
[930000, 1000]
Sender: 1.424355
Receiver: 1.423827
[932000, 1000]
[932000, 1000]
Sender: 1.259101
Receiver: 1.258679
[934000, 1000]
[934000, 1000]
Sender: 1.337559
Receiver: 1.327207
[936000, 1000]
[936000, 1000]
Sender: 1.506577
Receiver: 1.503067
[938000, 1000]
[938000, 1000]
Sender: 1.285845
Receiver: 1.286113
[940000, 1000]
[940000, 1000]
Sender: 0.578810
Receiver: 0.576112
[942000, 1000]
[942000, 1000]
Sender: 1.096894
Receiver: 1.093057
[944000, 1000]
[944000, 1000]
Sender: 1.319841
Receiver: 1.320161
[946000, 1000]
[946000, 1000]
Sender: 0.766099
Receiver: 0.763789
[948000, 1000]
[948000, 1000]
Sender: 1.470822
Receiver: 1.470024
[950000, 1000]
[950000, 1000]
Sender: 1.744484
Receiver: 1.744787
[952000, 1000]
[952000, 1000]
Sender: 1.697942
Receiver: 1.698049
[954000, 1000]
[954000, 1000]
Sender: 1.486851
Receiver: 1.487140
[956000, 1000]
[956000, 1000]
Sender: 1.474422
Receiver: 1.474731
[958000, 1000]
[958000, 1000]
Sender: 1.835995
Receiver: 1.834265
[960000, 1000]
[960000, 1000]
Sender: 1.763961
Receiver: 1.764374
[962000, 1000]
[962000, 1000]
Sender: 1.755670
Receiver: 1.755153
[964000, 1000]
[964000, 1000]
Sender: 1.222006
Receiver: 1.216324
[966000, 1000]
[966000, 1000]
Sender: 1.330866
Receiver: 1.331080
[968000, 1000]
[968000, 1000]
Sender: 0.625736
Receiver: 0.613532
[970000, 1000]
[970000, 1000]
Sender: 1.218745
Receiver: 1.218300
[972000, 1000]
[972000, 1000]
Sender: 1.214521
Receiver: 1.214079
[974000, 1000]
[974000, 1000]
Sender: 1.267543
Receiver: 1.261711
[976000, 1000]
[976000, 1000]
Sender: 1.222037
Receiver: 1.216913
[978000, 1000]
[978000, 1000]
Sender: 1.030689
Receiver: 1.050461
[980000, 1000]
[980000, 1000]
Sender: 1.000350
Receiver: 1.000671
[982000, 1000]
[982000, 1000]
Sender: 1.151227
Receiver: 1.151442
[984000, 1000]
[984000, 1000]
Sender: 1.205231
Receiver: 1.201320
[986000, 1000]
[986000, 1000]
Sender: 1.657545
Receiver: 1.647917
[988000, 1000]
[988000, 1000]
Sender: 1.154067
Receiver: 1.154395
[990000, 1000]
[990000, 1000]
Sender: 0.662978
Receiver: 0.663202
[992000, 1000]
[992000, 1000]
Sender: 1.186151
Receiver: 1.186417
[994000, 1000]
[994000, 1000]
Sender: 1.230656
Receiver: 1.226489
[996000, 1000]
[996000, 1000]
Sender: 1.287800
Receiver: 1.285998
[998000, 1000]
[998000, 1000]
Sender: 1.454446
Receiver: 1.448484
[1000000, 1000]
[1000000, 1000]
Sender: 1.222406
Receiver: 1.222658
[1002000, 1000]
[1002000, 1000]
Sender: 1.596124
Receiver: 1.596528
[1004000, 1000]
[1004000, 1000]
Sender: 1.209509
Receiver: 1.209043
[1006000, 1000]
[1006000, 1000]
Sender: 1.755295
Receiver: 1.750232
[1008000, 1000]
[1008000, 1000]
Sender: 1.706752
Receiver: 1.707120
[1010000, 1000]
[1010000, 1000]
Sender: 1.372225
Receiver: 1.369967
[1012000, 1000]
[1012000, 1000]
Sender: 1.726658
Receiver: 1.726161
[1014000, 1000]
[1014000, 1000]
Sender: 1.727014
Receiver: 1.727236
[1016000, 1000]
[1016000, 1000]
Sender: 1.632588
Receiver: 1.630304
[1018000, 1000]
[1018000, 1000]
Sender: 1.360198
Receiver: 1.359843
[1020000, 1000]
[1020000, 1000]
Sender: 1.386676
Receiver: 1.384078
[1022000, 1000]
[1022000, 1000]
Sender: 1.305815
Receiver: 1.300195
[1024000, 1000]
[1024000, 1000]
Sender: 1.314188
Receiver: 1.310513
[1026000, 1000]
[1026000, 1000]
Sender: 1.378242
Receiver: 1.374686
[1028000, 1000]
[1028000, 1000]
Sender: 1.497620
Receiver: 1.498597
[1030000, 1000]
[1030000, 1000]
Sender: 1.353024
Receiver: 1.353259
[1032000, 1000]
[1032000, 1000]
Sender: 1.353777
Receiver: 1.354076
[1034000, 1000]
[1034000, 1000]
Sender: 1.403131
Receiver: 1.397571
[1036000, 1000]
[1036000, 1000]
Sender: 1.497190
Receiver: 1.498240
[1038000, 1000]
[1038000, 1000]
Sender: 2.107166
Receiver: 2.108145
[1040000, 1000]
[1040000, 1000]
Sender: 1.649191
Receiver: 1.649411
[1042000, 1000]
[1042000, 1000]
Sender: 1.219431
Receiver: 1.219035
[1044000, 1000]
[1044000, 1000]
Sender: 1.749967
Receiver: 1.750949
[1046000, 1000]
[1046000, 1000]
Sender: 1.879584
Receiver: 1.880595
[1048000, 1000]
[1048000, 1000]
Sender: 1.257384
Receiver: 1.257679
[1050000, 1000]
[1050000, 1000]
Sender: 1.318387
Receiver: 1.317895
[1052000, 1000]
[1052000, 1000]
Sender: 1.468596
Receiver: 1.468494
[1054000, 1000]
[1054000, 1000]
Sender: 1.861837
Receiver: 1.860025
[1056000, 1000]
[1056000, 1000]
Sender: 4.235198
Receiver: 4.235455
[1058000, 1000]
[1058000, 1000]
Sender: 0.853802
Receiver: 0.854133
[1060000, 1000]
[1060000, 1000]
Sender: 1.335335
Receiver: 1.335672
[1062000, 1000]
[1062000, 1000]
Sender: 1.327705
Receiver: 1.328664
[1064000, 1000]
[1064000, 1000]
Sender: 1.088452
Receiver: 1.088766
[1066000, 1000]
[1066000, 1000]
Sender: 1.651342
Receiver: 1.651681
[1068000, 1000]
[1068000, 1000]
Sender: 1.231173
Receiver: 1.224816
[1070000, 1000]
[1070000, 1000]
Sender: 1.391171
Receiver: 1.388843
[1072000, 1000]
[1072000, 1000]
Sender: 1.759718
Receiver: 1.760014
[1074000, 1000]
[1074000, 1000]
Sender: 1.685122
Receiver: 1.685362
[1076000, 1000]
[1076000, 1000]
Sender: 1.810501
Receiver: 1.801759
[1078000, 1000]
[1078000, 1000]
Sender: 2.499704
Receiver: 2.500083
[1080000, 1000]
[1080000, 1000]
Sender: 1.724238
Receiver: 1.725235
[1082000, 1000]
[1082000, 1000]
Sender: 1.375411
Receiver: 1.376353
[1084000, 1000]
[1084000, 1000]
Sender: 1.493113
Receiver: 1.486393
[1086000, 1000]
[1086000, 1000]
Sender: 1.408227
Receiver: 1.403543
[1088000, 1000]
[1088000, 1000]
Sender: 1.351465
Receiver: 1.352476
[1090000, 1000]
[1090000, 1000]
Sender: 1.441710
Receiver: 1.441257
[1092000, 1000]
[1092000, 1000]
Sender: 1.400281
Receiver: 1.396237
[1094000, 1000]
[1094000, 1000]
Sender: 1.493553
Receiver: 1.492034
[1096000, 1000]
[1096000, 1000]
Sender: 1.323434
Receiver: 1.324284
[1098000, 1000]
[1098000, 1000]
Sender: 1.434412
Receiver: 1.435331
[1100000, 1000]
[1100000, 1000]
Sender: 1.334854
Receiver: 1.335120
[1102000, 1000]
[1102000, 1000]
Sender: 1.367939
Receiver: 1.366649
[1104000, 1000]
[1104000, 1000]
Sender: 1.876682
Receiver: 1.873093
[1106000, 1000]
[1106000, 1000]
Sender: 1.780145
Receiver: 1.780359
[1108000, 1000]
[1108000, 1000]
Sender: 1.823311
Receiver: 1.824311
[1110000, 1000]
[1110000, 1000]
Sender: 1.172615
Receiver: 1.163012
[1112000, 1000]
[1112000, 1000]
Sender: 1.464955
Receiver: 1.464014
[1114000, 1000]
[1114000, 1000]
Sender: 1.268643
Receiver: 1.269013
[1116000, 1000]
[1116000, 1000]
Sender: 1.815095
Receiver: 1.805936
[1118000, 1000]
[1118000, 1000]
Sender: 1.788948
Receiver: 1.789879
[1120000, 1000]
[1120000, 1000]
Sender: 1.258071
Receiver: 1.258269
[1122000, 1000]
[1122000, 1000]
Sender: 1.715539
Receiver: 1.711976
[1124000, 1000]
[1124000, 1000]
Sender: 1.298143
Receiver: 1.298308
[1126000, 1000]
[1126000, 1000]
Sender: 1.336705
Receiver: 1.332306
[1128000, 1000]
[1128000, 1000]
Sender: 1.348176
Receiver: 1.346931
[1130000, 1000]
[1130000, 1000]
Sender: 1.447043
Receiver: 1.447235
[1132000, 1000]
[1132000, 1000]
Sender: 1.452640
Receiver: 1.452135
[1134000, 1000]
[1134000, 1000]
Sender: 1.259245
Receiver: 1.259527
[1136000, 1000]
[1136000, 1000]
Sender: 1.431076
Receiver: 1.431255
[1138000, 1000]
[1138000, 1000]
Sender: 1.309584
Receiver: 1.310580
[1140000, 1000]
[1140000, 1000]
Sender: 1.805269
Receiver: 1.805553
[1142000, 1000]
[1142000, 1000]
Sender: 1.730569
Receiver: 1.730800
[1144000, 1000]
[1144000, 1000]
Sender: 1.791308
Receiver: 1.792367
[1146000, 1000]
[1146000, 1000]
Sender: 1.276371
Receiver: 1.276784
[1148000, 1000]
[1148000, 1000]
Sender: 1.533701
Receiver: 1.533900
[1150000, 1000]
[1150000, 1000]
Sender: 2.428228
Receiver: 2.428661
[1152000, 1000]
[1152000, 1000]
Sender: 1.866683
Receiver: 1.867610
[1154000, 1000]
[1154000, 1000]
Sender: 0.762426
Receiver: 0.763371
[1156000, 1000]
[1156000, 1000]
Sender: 1.220443
Receiver: 1.209767
[1158000, 1000]
[1158000, 1000]
Sender: 1.886712
Receiver: 1.886975
[1160000, 1000]
[1160000, 1000]
Sender: 1.842136
Receiver: 1.841704
[1162000, 1000]
[1162000, 1000]
Sender: 1.853459
Receiver: 1.846543
[1164000, 1000]
[1164000, 1000]
Sender: 1.017866
Receiver: 1.012372
[1166000, 1000]
[1166000, 1000]
Sender: 1.296803
Receiver: 1.291183
[1168000, 1000]
[1168000, 1000]
Sender: 1.308152
Receiver: 1.306271
[1170000, 1000]
[1170000, 1000]
Receiver: 2.615720
Sender: 2.615293
[1172000, 1000]
[1172000, 1000]
Sender: 1.776644
Receiver: 1.777125
[1174000, 1000]
[1174000, 1000]
Sender: 1.494710
Receiver: 1.494262
[1176000, 1000]
[1176000, 1000]
Sender: 2.037141
Receiver: 2.033790
[1178000, 1000]
[1178000, 1000]
Sender: 2.066793
Receiver: 2.066992
[1180000, 1000]
[1180000, 1000]
Sender: 1.822639
Receiver: 1.823064
[1182000, 1000]
[1182000, 1000]
Sender: 1.837793
Receiver: 1.876643
[1184000, 1000]
[1184000, 1000]
Sender: 0.921673
Receiver: 0.919923
[1186000, 1000]
[1186000, 1000]
Sender: 1.419587
Receiver: 1.419203
[1188000, 1000]
[1188000, 1000]
Sender: 2.525718
Receiver: 2.525619
[1190000, 1000]
[1190000, 1000]
Sender: 1.887093
Receiver: 1.887949
[1192000, 1000]
[1192000, 1000]
Sender: 1.830698
Receiver: 1.831599
[1194000, 1000]
[1194000, 1000]
Sender: 1.936958
Receiver: 1.937289
[1196000, 1000]
[1196000, 1000]
Sender: 1.363346
Receiver: 1.359929
[1198000, 1000]
[1198000, 1000]
Sender: 1.873167
Receiver: 1.866096
[1200000, 1000]
[1200000, 1000]
Sender: 1.677667
Receiver: 1.677973
[1202000, 1000]
[1202000, 1000]
Sender: 1.390318
Receiver: 1.390725
[1204000, 1000]
[1204000, 1000]
Sender: 1.479083
Receiver: 1.478939
[1206000, 1000]
[1206000, 1000]
Sender: 1.843465
Receiver: 1.840817
[1208000, 1000]
[1208000, 1000]
Sender: 1.943061
Receiver: 1.942490
[1210000, 1000]
[1210000, 1000]
Sender: 1.262220
Receiver: 1.261337
[1212000, 1000]
[1212000, 1000]
Sender: 1.247977
Receiver: 1.245659
[1214000, 1000]
[1214000, 1000]
Sender: 1.352737
Receiver: 1.353087
[1216000, 1000]
[1216000, 1000]
Sender: 1.456382
Receiver: 1.457524
[1218000, 1000]
[1218000, 1000]
Sender: 1.486965
Receiver: 1.484866
[1220000, 1000]
[1220000, 1000]
Sender: 1.280303
Receiver: 1.279100
[1222000, 1000]
[1222000, 1000]
Sender: 1.938381
Receiver: 1.938414
[1224000, 1000]
[1224000, 1000]
Sender: 1.919342
Receiver: 1.920469
[1226000, 1000]
[1226000, 1000]
Sender: 1.823349
Receiver: 1.824651
[1228000, 1000]
[1228000, 1000]
Sender: 1.737299
Receiver: 1.736599
[1230000, 1000]
[1230000, 1000]
Sender: 2.953762
Receiver: 2.951111
[1232000, 1000]
[1232000, 1000]
Sender: 2.090187
Receiver: 2.087155
[1234000, 1000]
[1234000, 1000]
Sender: 2.572719
Receiver: 2.572353
[1236000, 1000]
[1236000, 1000]
Sender: 2.756588
Receiver: 2.756869
[1238000, 1000]
[1238000, 1000]
Sender: 1.855163
Receiver: 1.854720
[1240000, 1000]
[1240000, 1000]
Sender: 1.593175
Receiver: 1.592763
[1242000, 1000]
[1242000, 1000]
Sender: 1.891156
Receiver: 1.888606
[1244000, 1000]
[1244000, 1000]
Sender: 2.299741
Receiver: 2.299254
[1246000, 1000]
[1246000, 1000]
Sender: 1.869425
Receiver: 1.869859
[1248000, 1000]
[1248000, 1000]
Sender: 1.354568
Receiver: 1.354906
[1250000, 1000]
[1250000, 1000]
Sender: 1.881801
Receiver: 1.882154
[1252000, 1000]
[1252000, 1000]
Sender: 1.806775
Receiver: 1.805105
[1254000, 1000]
[1254000, 1000]
Sender: 2.895322
Receiver: 2.895515
[1256000, 1000]
[1256000, 1000]
Sender: 1.496969
Receiver: 1.490562
[1258000, 1000]
[1258000, 1000]
Sender: 2.947631
Receiver: 2.945372
[1260000, 1000]
[1260000, 1000]
Sender: 0.817445
Receiver: 0.816929
[1262000, 1000]
[1262000, 1000]
Sender: 1.414810
Receiver: 1.404825
[1264000, 1000]
[1264000, 1000]
Sender: 2.559982
Receiver: 2.560382
[1266000, 1000]
[1266000, 1000]
Sender: 1.797428
Receiver: 1.797048
[1268000, 1000]
[1268000, 1000]
Sender: 1.673491
Receiver: 1.673868
[1270000, 1000]
[1270000, 1000]
Sender: 1.146404
Receiver: 1.146585
[1272000, 1000]
[1272000, 1000]
Sender: 1.470402
Receiver: 1.470704
[1274000, 1000]
[1274000, 1000]
Sender: 1.493439
Receiver: 1.494426
[1276000, 1000]
[1276000, 1000]
Sender: 1.382406
Receiver: 1.379535
[1278000, 1000]
[1278000, 1000]
Sender: 1.371646
Receiver: 1.371242
[1280000, 1000]
[1280000, 1000]
Sender: 1.877107
Receiver: 1.877445
[1282000, 1000]
[1282000, 1000]
Sender: 1.847770
Receiver: 1.848639
[1284000, 1000]
[1284000, 1000]
Sender: 1.344212
Receiver: 1.344529
[1286000, 1000]
[1286000, 1000]
Sender: 1.902208
Receiver: 1.895021
[1288000, 1000]
[1288000, 1000]
Sender: 2.032341
Receiver: 2.032789
[1290000, 1000]
[1290000, 1000]
Sender: 1.794636
Receiver: 1.794850
[1292000, 1000]
[1292000, 1000]
Sender: 1.351801
Receiver: 1.349008
[1294000, 1000]
[1294000, 1000]
Sender: 2.015353
Receiver: 2.010462
[1296000, 1000]
[1296000, 1000]
Sender: 1.893497
Receiver: 1.892568
[1298000, 1000]
[1298000, 1000]
Sender: 1.875169
Receiver: 1.876096
[1300000, 1000]
[1300000, 1000]
Sender: 1.373295
Receiver: 1.367507
[1302000, 1000]
[1302000, 1000]
Sender: 2.069161
Receiver: 2.069576
[1304000, 1000]
[1304000, 1000]
Sender: 1.532806
Receiver: 1.533812
[1306000, 1000]
[1306000, 1000]
Sender: 1.273094
Receiver: 1.273353
[1308000, 1000]
[1308000, 1000]
Sender: 2.619710
Receiver: 2.615253
[1310000, 1000]
[1310000, 1000]
Sender: 1.149656
Receiver: 1.153736
[1312000, 1000]
[1312000, 1000]
Sender: 2.290872
Receiver: 2.291388
[1314000, 1000]
[1314000, 1000]
Sender: 1.818337
Receiver: 1.819336
[1316000, 1000]
[1316000, 1000]
Sender: 1.915595
Receiver: 1.915854
[1318000, 1000]
[1318000, 1000]
Sender: 0.902841
Receiver: 0.903831
[1320000, 1000]
[1320000, 1000]
Sender: 1.460800
Receiver: 1.461078
[1322000, 1000]
[1322000, 1000]
Sender: 1.457741
Receiver: 1.451272
[1324000, 1000]
[1324000, 1000]
Sender: 1.227418
Receiver: 1.227002
[1326000, 1000]
[1326000, 1000]
Sender: 2.692843
Receiver: 2.693684
[1328000, 1000]
[1328000, 1000]
Sender: 1.835854
Receiver: 1.836220
[1330000, 1000]
[1330000, 1000]
Receiver: 1.480973
Sender: 1.486758
[1332000, 1000]
[1332000, 1000]
Sender: 1.184168
Receiver: 1.181819
[1334000, 1000]
[1334000, 1000]
Sender: 1.395332
Receiver: 1.396346
[1336000, 1000]
[1336000, 1000]
Sender: 2.626598
Receiver: 2.623754
[1338000, 1000]
[1338000, 1000]
Receiver: 0.912037
Sender: 0.911775
[1340000, 1000]
[1340000, 1000]
Sender: 1.388493
Receiver: 1.384713
[1342000, 1000]
[1342000, 1000]
Sender: 2.623813
Receiver: 2.620832
[1344000, 1000]
[1344000, 1000]
Sender: 0.919852
Receiver: 0.920349
[1346000, 1000]
[1346000, 1000]
Sender: 1.429044
Receiver: 1.429211
[1348000, 1000]
[1348000, 1000]
Sender: 1.459525
Receiver: 1.452620
[1350000, 1000]
[1350000, 1000]
Sender: 1.315060
Receiver: 1.315452
[1352000, 1000]
[1352000, 1000]
Sender: 3.107076
Receiver: 3.104450
[1354000, 1000]
[1354000, 1000]
Sender: 2.154937
Receiver: 2.152486
[1356000, 1000]
[1356000, 1000]
Sender: 1.668435
Receiver: 1.669104
[1358000, 1000]
[1358000, 1000]
Sender: 2.474101
Receiver: 2.474821
[1360000, 1000]
[1360000, 1000]
Sender: 1.875002
Receiver: 1.875475
[1362000, 1000]
[1362000, 1000]
Sender: 1.362638
Receiver: 1.359971
[1364000, 1000]
[1364000, 1000]
Sender: 1.350446
Receiver: 1.350633
[1366000, 1000]
[1366000, 1000]
Sender: 1.251197
Receiver: 1.247565
[1368000, 1000]
[1368000, 1000]
Sender: 1.341621
Receiver: 1.341949
[1370000, 1000]
[1370000, 1000]
Sender: 1.346797
Receiver: 1.342539
[1372000, 1000]
[1372000, 1000]
Sender: 2.037054
Receiver: 2.037349
[1374000, 1000]
[1374000, 1000]
Sender: 2.383636
Receiver: 2.384525
[1376000, 1000]
[1376000, 1000]
Sender: 1.617090
Receiver: 1.616586
[1378000, 1000]
[1378000, 1000]
Sender: 2.863061
Receiver: 2.862425
[1380000, 1000]
[1380000, 1000]
Sender: 3.070298
Receiver: 3.070553
[1382000, 1000]
[1382000, 1000]
Sender: 1.931795
Receiver: 1.931489
[1384000, 1000]
[1384000, 1000]
Sender: 3.606830
Receiver: 3.606431
[1386000, 1000]
[1386000, 1000]
Sender: 1.912344
Receiver: 1.912818
[1388000, 1000]
[1388000, 1000]
Sender: 1.626093
Receiver: 1.621227
[1390000, 1000]
[1390000, 1000]
Sender: 2.507340
Receiver: 2.507845
[1392000, 1000]
[1392000, 1000]
Sender: 3.078757
Receiver: 3.095521
[1394000, 1000]
[1394000, 1000]
Sender: 1.931035
Receiver: 1.931548
[1396000, 1000]
[1396000, 1000]
Sender: 2.895728
Receiver: 2.895339
[1398000, 1000]
[1398000, 1000]
Sender: 1.921920
Receiver: 1.922557
[1400000, 1000]
[1400000, 1000]
Sender: 2.163499
Receiver: 2.159801
[1402000, 1000]
[1402000, 1000]
Receiver: 3.080666
Sender: 3.085287
[1404000, 1000]
[1404000, 1000]
Sender: 1.980108
Receiver: 1.979664
[1406000, 1000]
[1406000, 1000]
Sender: 2.207629
Receiver: 2.207693
[1408000, 1000]
[1408000, 1000]
Receiver: 1.736449
Sender: 1.735621
[1410000, 1000]
[1410000, 1000]
Sender: 1.324183
Receiver: 1.324287
[1412000, 1000]
[1412000, 1000]
Sender: 1.358572
Receiver: 1.348194
[1414000, 1000]
[1414000, 1000]
Sender: 2.703414
Receiver: 2.703556
[1416000, 1000]
[1416000, 1000]
Sender: 1.955445
Receiver: 1.956274
[1418000, 1000]
[1418000, 1000]
Sender: 1.555962
Receiver: 1.556923
[1420000, 1000]
[1420000, 1000]
Sender: 1.311537
Receiver: 1.311870
[1422000, 1000]
[1422000, 1000]
Receiver: 1.410461
Sender: 1.409593
[1424000, 1000]
[1424000, 1000]
Sender: 1.458184
Receiver: 1.454719
[1426000, 1000]
[1426000, 1000]
Sender: 1.375787
Receiver: 1.376087
[1428000, 1000]
[1428000, 1000]
Receiver: 1.909792
Sender: 1.911276
[1430000, 1000]
[1430000, 1000]
Sender: 2.719016
Receiver: 2.719436
[1432000, 1000]
[1432000, 1000]
Sender: 1.351634
Receiver: 1.345304
[1434000, 1000]
[1434000, 1000]
Sender: 2.563182
Receiver: 2.560990
[1436000, 1000]
[1436000, 1000]
Sender: 1.926104
Receiver: 1.925772
[1438000, 1000]
[1438000, 1000]
Sender: 2.628143
Receiver: 2.629085
[1440000, 1000]
[1440000, 1000]
Sender: 1.950562
Receiver: 1.951472
[1442000, 1000]
[1442000, 1000]
Sender: 1.914263
Receiver: 1.912605
[1444000, 1000]
[1444000, 1000]
Sender: 2.530443
Receiver: 2.529993
[1446000, 1000]
[1446000, 1000]
Sender: 1.924542
Receiver: 1.922093
[1448000, 1000]
[1448000, 1000]
Sender: 1.166222
Receiver: 1.166974
[1450000, 1000]
[1450000, 1000]
Sender: 2.694544
Receiver: 2.695621
[1452000, 1000]
[1452000, 1000]
Receiver: 2.351521
Sender: 2.351048
[1454000, 1000]
[1454000, 1000]
Sender: 1.800256
Receiver: 1.794018
[1456000, 1000]
[1456000, 1000]
Sender: 2.482892
Receiver: 2.483294
[1458000, 1000]
[1458000, 1000]
Sender: 2.152127
Receiver: 2.152427
[1460000, 1000]
[1460000, 1000]
Sender: 2.268077
Receiver: 2.265437
[1462000, 1000]
[1462000, 1000]
Sender: 1.902285
Receiver: 1.902881
[1464000, 1000]
[1464000, 1000]
Sender: 1.523737
Receiver: 1.519985
[1466000, 1000]
[1466000, 1000]
Sender: 2.487427
Receiver: 2.484552
[1468000, 1000]
[1468000, 1000]
Sender: 3.195099
Receiver: 3.195384
[1470000, 1000]
[1470000, 1000]
Sender: 1.987381
Receiver: 1.988639
[1472000, 1000]
[1472000, 1000]
Receiver: 2.383501
Sender: 2.384336
[1474000, 1000]
[1474000, 1000]
Sender: 2.320611
Receiver: 2.316975
[1476000, 1000]
[1476000, 1000]
Sender: 2.886373
Receiver: 2.886074
[1478000, 1000]
[1478000, 1000]
Receiver: 2.021842
Sender: 2.020830
[1480000, 1000]
[1480000, 1000]
Sender: 2.861008
Receiver: 2.857694
[1482000, 1000]
[1482000, 1000]
Sender: 1.974065
Receiver: 1.974420
[1484000, 1000]
[1484000, 1000]
Receiver: 2.459309
Sender: 2.460830
[1486000, 1000]
[1486000, 1000]
Receiver: 2.039374
Sender: 2.038928
[1488000, 1000]
[1488000, 1000]
Sender: 3.913858
Receiver: 3.908517
[1490000, 1000]
[1490000, 1000]
Sender: 2.113373
Receiver: 2.113702
[1492000, 1000]
[1492000, 1000]
Sender: 3.277494
Receiver: 3.278153
[1494000, 1000]
[1494000, 1000]
Sender: 2.065175
Receiver: 2.064814
[1496000, 1000]
[1496000, 1000]
Receiver: 1.532170
Sender: 1.535754
[1498000, 1000]
[1498000, 1000]
Sender: 2.383737
Receiver: 2.380123
[1500000, 1000]
[1500000, 1000]
Sender: 2.012609
Receiver: 2.013376
[1502000, 1000]
[1502000, 1000]
Sender: 2.619184
Receiver: 2.614662
[1504000, 1000]
[1504000, 1000]
Sender: 2.046055
Receiver: 2.046386
[1506000, 1000]
[1506000, 1000]
Sender: 3.859800
Receiver: 3.859355
[1508000, 1000]
[1508000, 1000]
Sender: 1.730128
Receiver: 1.731115
[1510000, 1000]
[1510000, 1000]
Sender: 2.527348
Receiver: 2.525680
[1512000, 1000]
[1512000, 1000]
Sender: 3.231819
Receiver: 3.233143
[1514000, 1000]
[1514000, 1000]
Sender: 2.034712
Receiver: 2.033948
[1516000, 1000]
[1516000, 1000]
Sender: 2.853274
Receiver: 2.853200
[1518000, 1000]
[1518000, 1000]
Sender: 2.044867
Receiver: 2.046203
[1520000, 1000]
[1520000, 1000]
Receiver: 2.665663
Sender: 2.669382
[1522000, 1000]
[1522000, 1000]
Sender: 1.990875
Receiver: 1.991622
[1524000, 1000]
[1524000, 1000]
Sender: 2.717176
Receiver: 2.717603
[1526000, 1000]
[1526000, 1000]
Sender: 2.116636
Receiver: 2.116821
[1528000, 1000]
[1528000, 1000]
Receiver: 1.441056
Sender: 1.442806
[1530000, 1000]
[1530000, 1000]
Sender: 2.273389
Receiver: 2.274325
[1532000, 1000]
[1532000, 1000]
Sender: 2.339334
Receiver: 2.340826
[1534000, 1000]
[1534000, 1000]
Receiver: 2.509725
Sender: 2.508139
[1536000, 1000]
[1536000, 1000]
Sender: 2.777678
Receiver: 2.777290
[1538000, 1000]
[1538000, 1000]
Receiver: 2.976829
Sender: 2.981075
[1540000, 1000]
[1540000, 1000]
Sender: 2.068663
Receiver: 2.069637
[1542000, 1000]
[1542000, 1000]
Sender: 2.534866
Receiver: 2.527655
[1544000, 1000]
[1544000, 1000]
Sender: 2.821985
Receiver: 2.822173
[1546000, 1000]
[1546000, 1000]
Sender: 2.608793
Receiver: 2.604983
[1548000, 1000]
[1548000, 1000]
Receiver: 2.044479
Sender: 2.044962
[1550000, 1000]
[1550000, 1000]
Sender: 2.921173
Receiver: 2.921568
[1552000, 1000]
[1552000, 1000]
Sender: 3.192158
Receiver: 3.191849
[1554000, 1000]
[1554000, 1000]
Sender: 2.141694
Receiver: 2.142120
[1556000, 1000]
[1556000, 1000]
Receiver: 2.720694
Sender: 2.724204
[1558000, 1000]
[1558000, 1000]
Sender: 2.182219
Receiver: 2.182869
[1560000, 1000]
[1560000, 1000]
Sender: 2.490222
Receiver: 2.484780
[1562000, 1000]
[1562000, 1000]
Sender: 2.041414
Receiver: 2.041738
[1564000, 1000]
[1564000, 1000]
Sender: 2.675104
Receiver: 2.670687
[1566000, 1000]
[1566000, 1000]
Sender: 2.161416
Receiver: 2.161830
[1568000, 1000]
[1568000, 1000]
Sender: 2.920772
Receiver: 2.912796
[1570000, 1000]
[1570000, 1000]
Sender: 3.241163
Receiver: 3.241528
[1572000, 1000]
[1572000, 1000]
Sender: 2.212846
Receiver: 2.231261
[1574000, 1000]
[1574000, 1000]
Sender: 2.434565
Receiver: 2.434848
[1576000, 1000]
[1576000, 1000]
Sender: 1.040651
Receiver: 1.040559
[1578000, 1000]
[1578000, 1000]
Sender: 2.576672
Receiver: 2.573109
[1580000, 1000]
[1580000, 1000]
Receiver: 3.178491
Sender: 3.178650
[1582000, 1000]
[1582000, 1000]
Sender: 2.075092
Receiver: 2.075774
[1584000, 1000]
[1584000, 1000]
Sender: 3.292590
Receiver: 3.289908
[1586000, 1000]
[1586000, 1000]
Sender: 2.737306
Receiver: 2.737644
[1588000, 1000]
[1588000, 1000]
Sender: 2.183988
Receiver: 2.183990
[1590000, 1000]
[1590000, 1000]
Receiver: 2.540851
Sender: 2.540636
[1592000, 1000]
[1592000, 1000]
Sender: 2.058590
Receiver: 2.058652
[1594000, 1000]
[1594000, 1000]
Sender: 2.871459
Receiver: 2.871583
[1596000, 1000]
[1596000, 1000]
Sender: 2.219957
Receiver: 2.220211
[1598000, 1000]
[1598000, 1000]
Sender: 3.404122
Receiver: 3.404593
[1600000, 1000]
[1600000, 1000]
Sender: 2.400046
Receiver: 2.401101
[1602000, 1000]
[1602000, 1000]
Sender: 3.362240
Receiver: 3.359962
[1604000, 1000]
[1604000, 1000]
Sender: 2.025462
Receiver: 2.026432
[1606000, 1000]
[1606000, 1000]
Sender: 2.828876
Receiver: 2.829224
[1608000, 1000]
[1608000, 1000]
Sender: 2.097579
Receiver: 2.097728
[1610000, 1000]
[1610000, 1000]
Receiver: 2.996827
Sender: 2.997430
[1612000, 1000]
[1612000, 1000]
Sender: 3.274751
Receiver: 3.272177
[1614000, 1000]
[1614000, 1000]
Sender: 2.809282
Receiver: 2.808755
[1616000, 1000]
[1616000, 1000]
Receiver: 3.054599
Sender: 3.053595
[1618000, 1000]
[1618000, 1000]
Sender: 3.281119
Receiver: 3.281792
[1620000, 1000]
[1620000, 1000]
Sender: 3.707047
Receiver: 3.707641
[1622000, 1000]
[1622000, 1000]
Sender: 2.603076
Receiver: 2.599443
[1624000, 1000]
[1624000, 1000]
Sender: 2.917577
Receiver: 2.917336
[1626000, 1000]
[1626000, 1000]
Sender: 2.735881
Receiver: 2.733238
[1628000, 1000]
[1628000, 1000]
Sender: 2.365506
Receiver: 2.365947
[1630000, 1000]
[1630000, 1000]
Sender: 2.555893
Receiver: 2.553093
[1632000, 1000]
[1632000, 1000]
Sender: 2.145404
Receiver: 2.145607
[1634000, 1000]
[1634000, 1000]
Sender: 2.827150
Receiver: 2.822799
[1636000, 1000]
[1636000, 1000]
Sender: 3.130251
Receiver: 3.130768
[1638000, 1000]
[1638000, 1000]
Receiver: 2.105331
Sender: 2.104630
[1640000, 1000]
[1640000, 1000]
Sender: 2.503285
Receiver: 2.501504
[1642000, 1000]
[1642000, 1000]
Sender: 2.165115
Receiver: 2.165880
[1644000, 1000]
[1644000, 1000]
Sender: 2.290903
Receiver: 2.290453
[1646000, 1000]
[1646000, 1000]
Receiver: 2.698818
Sender: 2.699656
[1648000, 1000]
[1648000, 1000]
Receiver: 2.124774
Sender: 2.124172
[1650000, 1000]
[1650000, 1000]
Sender: 2.666219
Receiver: 2.661780
[1652000, 1000]
[1652000, 1000]
Sender: 3.391852
Receiver: 3.392750
[1654000, 1000]
[1654000, 1000]
Sender: 2.998055
Receiver: 2.998412
[1656000, 1000]
[1656000, 1000]
Sender: 2.261483
Receiver: 2.261952
[1658000, 1000]
[1658000, 1000]
Sender: 2.602606
Receiver: 2.603027
[1660000, 1000]
[1660000, 1000]
Sender: 3.168795
Receiver: 3.169079
[1662000, 1000]
[1662000, 1000]
Sender: 3.380306
Receiver: 3.380195
[1664000, 1000]
[1664000, 1000]
Sender: 2.085350
Receiver: 2.085504
[1666000, 1000]
[1666000, 1000]
Sender: 2.660612
Receiver: 2.659971
[1668000, 1000]
[1668000, 1000]
Receiver: 2.137861
Sender: 2.138741
[1670000, 1000]
[1670000, 1000]
Sender: 2.677707
Receiver: 2.674618
[1672000, 1000]
[1672000, 1000]
Sender: 2.761828
Receiver: 2.762770
[1674000, 1000]
[1674000, 1000]
Sender: 2.886905
Receiver: 2.886373
[1676000, 1000]
[1676000, 1000]
Sender: 3.240179
Receiver: 3.240995
[1678000, 1000]
[1678000, 1000]
Sender: 3.369714
Receiver: 3.369947
[1680000, 1000]
[1680000, 1000]
Receiver: 2.145807
Sender: 2.144955
[1682000, 1000]
[1682000, 1000]
Sender: 3.299700
Receiver: 3.299886
[1684000, 1000]
[1684000, 1000]
Sender: 2.714835
Receiver: 2.714425
[1686000, 1000]
[1686000, 1000]
Sender: 3.283227
Receiver: 3.283563
[1688000, 1000]
[1688000, 1000]
Sender: 3.344922
Receiver: 3.345256
[1690000, 1000]
[1690000, 1000]
Sender: 3.839939
Receiver: 3.840275
[1692000, 1000]
[1692000, 1000]
Sender: 3.291637
Receiver: 3.290379
[1694000, 1000]
[1694000, 1000]
Sender: 3.330638
Receiver: 3.330892
[1696000, 1000]
[1696000, 1000]
Sender: 3.041700
Receiver: 3.042114
[1698000, 1000]
[1698000, 1000]
Sender: 3.369382
Receiver: 3.370392
[1700000, 1000]
[1700000, 1000]
Sender: 2.129874
Receiver: 2.130551
[1702000, 1000]
[1702000, 1000]
Sender: 3.489241
Receiver: 3.485646
[1704000, 1000]
[1704000, 1000]
Sender: 2.212379
Receiver: 2.212164
[1706000, 1000]
[1706000, 1000]
Sender: 2.642612
Receiver: 2.642168
[1708000, 1000]
[1708000, 1000]
Sender: 2.220065
Receiver: 2.220380
[1710000, 1000]
[1710000, 1000]
Sender: 2.677733
Receiver: 2.675084
[1712000, 1000]
[1712000, 1000]
Sender: 3.181819
Receiver: 3.182364
[1714000, 1000]
[1714000, 1000]
Sender: 2.160920
Receiver: 2.161354
[1716000, 1000]
[1716000, 1000]
Sender: 2.802089
Receiver: 2.799814
[1718000, 1000]
[1718000, 1000]
Sender: 3.271352
Receiver: 3.272609
[1720000, 1000]
[1720000, 1000]
Sender: 2.208020
Receiver: 2.207397
[1722000, 1000]
[1722000, 1000]
Sender: 2.721095
Receiver: 2.720400
[1724000, 1000]
[1724000, 1000]
Sender: 3.447000
Receiver: 3.447300
[1726000, 1000]
[1726000, 1000]
Sender: 2.991146
Receiver: 2.992020
[1728000, 1000]
[1728000, 1000]
Sender: 2.154109
Receiver: 2.154535
[1730000, 1000]
[1730000, 1000]
Sender: 3.167246
Receiver: 3.167601
[1732000, 1000]
[1732000, 1000]
Sender: 2.314394
Receiver: 2.313342
[1734000, 1000]
[1734000, 1000]
Sender: 3.335211
Receiver: 3.331588
[1736000, 1000]
[1736000, 1000]
Sender: 4.732307
Receiver: 4.732767
[1738000, 1000]
[1738000, 1000]
Sender: 2.305072
Receiver: 2.302640
[1740000, 1000]
[1740000, 1000]
Sender: 4.711535
Receiver: 4.710026
[1742000, 1000]
[1742000, 1000]
Sender: 2.903598
Receiver: 2.903819
[1744000, 1000]
[1744000, 1000]
Sender: 3.340216
Receiver: 3.340705
[1746000, 1000]
[1746000, 1000]
Sender: 3.101954
Receiver: 3.103097
[1748000, 1000]
[1748000, 1000]
Sender: 2.171347
Receiver: 2.170724
[1750000, 1000]
[1750000, 1000]
Sender: 2.632138
Receiver: 2.628515
[1752000, 1000]
[1752000, 1000]
Sender: 2.438792
Receiver: 2.458680
[1754000, 1000]
[1754000, 1000]
Sender: 2.235431
Receiver: 2.231625
[1756000, 1000]
[1756000, 1000]
Sender: 2.110913
Receiver: 2.111825
[1758000, 1000]
[1758000, 1000]
Sender: 2.859983
Receiver: 2.857700
[1760000, 1000]
[1760000, 1000]
Sender: 3.125448
Receiver: 3.125829
[1762000, 1000]
[1762000, 1000]
Sender: 2.156584
Receiver: 2.156959
[1764000, 1000]
[1764000, 1000]
Receiver: 2.674035
Sender: 2.673684
[1766000, 1000]
[1766000, 1000]
Sender: 3.192000
Receiver: 3.192546
[1768000, 1000]
[1768000, 1000]
Receiver: 2.149817
Sender: 2.149404
[1770000, 1000]
[1770000, 1000]
Sender: 2.717180
Receiver: 2.717688
[1772000, 1000]
[1772000, 1000]
Sender: 2.238467
Receiver: 2.238972
[1774000, 1000]
[1774000, 1000]
Sender: 2.611474
Receiver: 2.611675
[1776000, 1000]
[1776000, 1000]
Sender: 2.206438
Receiver: 2.207351
[1778000, 1000]
[1778000, 1000]
Sender: 2.584970
Receiver: 2.584167
[1780000, 1000]
[1780000, 1000]
Sender: 3.425936
Receiver: 3.426430
[1782000, 1000]
[1782000, 1000]
Sender: 3.456175
Receiver: 3.455590
[1784000, 1000]
[1784000, 1000]
Sender: 2.187936
Receiver: 2.188396
[1786000, 1000]
[1786000, 1000]
Sender: 2.595262
Receiver: 2.595486
[1788000, 1000]
[1788000, 1000]
Receiver: 3.212789
Sender: 3.211213
[1790000, 1000]
[1790000, 1000]
Sender: 3.303575
Receiver: 3.304857
[1792000, 1000]
[1792000, 1000]
Sender: 2.267913
Receiver: 2.268377
[1794000, 1000]
[1794000, 1000]
Sender: 2.888181
Receiver: 2.884479
[1796000, 1000]
[1796000, 1000]
Sender: 3.191218
Receiver: 3.191260
[1798000, 1000]
[1798000, 1000]
Sender: 3.011665
Receiver: 3.030593
[1800000, 1000]
[1800000, 1000]
Sender: 2.194821
Receiver: 2.195062
[1802000, 1000]
[1802000, 1000]
Sender: 2.561493
Receiver: 2.559824
[1804000, 1000]
[1804000, 1000]
Sender: 2.948786
Receiver: 2.946290
[1806000, 1000]
[1806000, 1000]
Sender: 2.278083
Receiver: 2.275588
[1808000, 1000]
[1808000, 1000]
Sender: 2.155904
Receiver: 2.156492
[1810000, 1000]
[1810000, 1000]
Sender: 3.160247
Receiver: 3.159869
[1812000, 1000]
[1812000, 1000]
Sender: 2.225426
Receiver: 2.225817
[1814000, 1000]
[1814000, 1000]
Sender: 2.485388
Receiver: 2.483214
[1816000, 1000]
[1816000, 1000]
Sender: 2.225571
Receiver: 2.225024
[1818000, 1000]
[1818000, 1000]
Sender: 2.752190
Receiver: 2.750573
[1820000, 1000]
[1820000, 1000]
Sender: 2.247584
Receiver: 2.247952
[1822000, 1000]
[1822000, 1000]
Sender: 2.673970
Receiver: 2.673597
[1824000, 1000]
[1824000, 1000]
Sender: 3.198214
Receiver: 3.198454
[1826000, 1000]
[1826000, 1000]
Sender: 2.208985
Receiver: 2.209349
[1828000, 1000]
[1828000, 1000]
Sender: 2.855394
Receiver: 2.855548
[1830000, 1000]
[1830000, 1000]
Sender: 3.478720
Receiver: 3.478699
[1832000, 1000]
[1832000, 1000]
Sender: 3.398652
Receiver: 3.395553
[1834000, 1000]
[1834000, 1000]
Sender: 2.162585
Receiver: 2.159722
[1836000, 1000]
[1836000, 1000]
Receiver: 2.628948
Sender: 2.627874
[1838000, 1000]
[1838000, 1000]
Sender: 3.467992
Receiver: 3.468351
[1840000, 1000]
[1840000, 1000]
Sender: 3.251174
Receiver: 3.248580
[1842000, 1000]
[1842000, 1000]
Sender: 3.921931
Receiver: 3.922036
[1844000, 1000]
[1844000, 1000]
Sender: 2.529539
Receiver: 2.530454
[1846000, 1000]
[1846000, 1000]
Receiver: 2.999270
Sender: 2.998907
[1848000, 1000]
[1848000, 1000]
Receiver: 3.014395
Sender: 3.014219
[1850000, 1000]
[1850000, 1000]
Sender: 3.254858
Receiver: 3.254291
[1852000, 1000]
[1852000, 1000]
Sender: 3.529027
Receiver: 3.530210
[1854000, 1000]
[1854000, 1000]
Sender: 3.939815
Receiver: 3.940916
[1856000, 1000]
[1856000, 1000]
Sender: 2.617957
Receiver: 2.619015
[1858000, 1000]
[1858000, 1000]
Sender: 3.259443
Receiver: 3.259730
[1860000, 1000]
[1860000, 1000]
Sender: 2.315866
Receiver: 2.316037
[1862000, 1000]
[1862000, 1000]
Sender: 2.982797
Receiver: 2.982452
[1864000, 1000]
[1864000, 1000]
Sender: 3.159323
Receiver: 3.156002
[1866000, 1000]
[1866000, 1000]
Sender: 3.926521
Receiver: 3.927536
[1868000, 1000]
[1868000, 1000]
Sender: 2.286486
Receiver: 2.286018
[1870000, 1000]
[1870000, 1000]
Sender: 3.557938
Receiver: 3.554741
[1872000, 1000]
[1872000, 1000]
Sender: 3.090184
Receiver: 3.089633
[1874000, 1000]
[1874000, 1000]
Sender: 2.696687
Receiver: 2.695880
[1876000, 1000]
[1876000, 1000]
Sender: 2.337164
Receiver: 2.336868
[1878000, 1000]
[1878000, 1000]
Sender: 2.967235
Receiver: 2.966716
[1880000, 1000]
[1880000, 1000]
Sender: 2.868164
Receiver: 2.868461
[1882000, 1000]
[1882000, 1000]
Sender: 2.924756
Receiver: 2.925681
[1884000, 1000]
[1884000, 1000]
Sender: 3.264272
Receiver: 3.264353
[1886000, 1000]
[1886000, 1000]
Sender: 3.335016
Receiver: 3.336358
[1888000, 1000]
[1888000, 1000]
Sender: 3.249279
Receiver: 3.249352
[1890000, 1000]
[1890000, 1000]
Sender: 2.278068
Receiver: 2.279322
[1892000, 1000]
[1892000, 1000]
Sender: 2.856010
Receiver: 2.856323
[1894000, 1000]
[1894000, 1000]
Sender: 2.537323
Receiver: 2.537583
[1896000, 1000]
[1896000, 1000]
Sender: 3.178308
Receiver: 3.176015
[1898000, 1000]
[1898000, 1000]
Receiver: 3.544303
Sender: 3.545972
[1900000, 1000]
[1900000, 1000]
Sender: 4.668918
Receiver: 4.667271
[1902000, 1000]
[1902000, 1000]
Sender: 2.818510
Receiver: 2.816923
[1904000, 1000]
[1904000, 1000]
Sender: 3.397390
Receiver: 3.398223
[1906000, 1000]
[1906000, 1000]
Sender: 3.387021
Receiver: 3.387302
[1908000, 1000]
[1908000, 1000]
Sender: 3.386771
Receiver: 3.387870
[1910000, 1000]
[1910000, 1000]
Sender: 3.242688
Receiver: 3.242877
[1912000, 1000]
[1912000, 1000]
Sender: 3.398295
Receiver: 3.398400
[1914000, 1000]
[1914000, 1000]
Sender: 3.582947
Receiver: 3.583289
[1916000, 1000]
[1916000, 1000]
Sender: 3.569950
Receiver: 3.571276
[1918000, 1000]
[1918000, 1000]
Sender: 3.597828
Receiver: 3.595371
[1920000, 1000]
[1920000, 1000]
Sender: 2.376668
Receiver: 2.377760
[1922000, 1000]
[1922000, 1000]
Sender: 2.292628
Receiver: 2.293595
[1924000, 1000]
[1924000, 1000]
Sender: 3.227297
Receiver: 3.227579
[1926000, 1000]
[1926000, 1000]
Sender: 3.389708
Receiver: 3.390334
[1928000, 1000]
[1928000, 1000]
Sender: 4.162435
Receiver: 4.162168
[1930000, 1000]
[1930000, 1000]
Sender: 2.433459
Receiver: 2.433306
[1932000, 1000]
[1932000, 1000]
Receiver: 3.553307
Sender: 3.551702
[1934000, 1000]
[1934000, 1000]
Sender: 3.245576
Receiver: 3.238299
[1936000, 1000]
[1936000, 1000]
Receiver: 3.440635
Sender: 3.439738
[1938000, 1000]
[1938000, 1000]
Sender: 3.389829
Receiver: 3.390252
[1940000, 1000]
[1940000, 1000]
Sender: 3.680847
Receiver: 3.681154
[1942000, 1000]
[1942000, 1000]
Sender: 3.237630
Receiver: 3.236974
[1944000, 1000]
[1944000, 1000]
Sender: 3.265352
Receiver: 3.266399
[1946000, 1000]
[1946000, 1000]
Sender: 3.490673
Receiver: 3.491311
[1948000, 1000]
[1948000, 1000]
Sender: 2.848027
Receiver: 2.848221
[1950000, 1000]
[1950000, 1000]
Sender: 3.271069
Receiver: 3.272105
[1952000, 1000]
[1952000, 1000]
Sender: 3.190401
Receiver: 3.190368
[1954000, 1000]
[1954000, 1000]
Sender: 2.461592
Receiver: 2.459969
[1956000, 1000]
[1956000, 1000]
Sender: 3.410316
Receiver: 3.410785
[1958000, 1000]
[1958000, 1000]
Sender: 3.302411
Receiver: 3.300037
[1960000, 1000]
[1960000, 1000]
Sender: 3.433069
Receiver: 3.433530
[1962000, 1000]
[1962000, 1000]
Sender: 3.645467
Receiver: 3.645851
[1964000, 1000]
[1964000, 1000]
Sender: 3.399578
Receiver: 3.398572
[1966000, 1000]
[1966000, 1000]
Receiver: 5.010104
Sender: 5.009792
[1968000, 1000]
[1968000, 1000]
Sender: 3.588028
Receiver: 3.588345
[1970000, 1000]
[1970000, 1000]
Sender: 3.415346
Receiver: 3.416349
[1972000, 1000]
[1972000, 1000]
Sender: 3.404366
Receiver: 3.404554
[1974000, 1000]
[1974000, 1000]
Sender: 3.348269
Receiver: 3.346692
[1976000, 1000]
[1976000, 1000]
Sender: 3.292618
Receiver: 3.289973
[1978000, 1000]
[1978000, 1000]
Sender: 3.381265
Receiver: 3.381618
[1980000, 1000]
[1980000, 1000]
Sender: 3.376478
Receiver: 3.376579
[1982000, 1000]
[1982000, 1000]
Sender: 3.517884
Receiver: 3.518043
[1984000, 1000]
[1984000, 1000]
Sender: 3.248733
Receiver: 3.248278
[1986000, 1000]
[1986000, 1000]
Sender: 3.594735
Receiver: 3.595198
[1988000, 1000]
[1988000, 1000]
Sender: 3.581254
Receiver: 3.581447
[1990000, 1000]
[1990000, 1000]
Sender: 3.671371
Receiver: 3.672313
[1992000, 1000]
[1992000, 1000]
Sender: 3.813351
Receiver: 3.813777
[1994000, 1000]
[1994000, 1000]
Sender: 2.877734
Receiver: 2.878632
[1996000, 1000]
[1996000, 1000]
Sender: 3.289755
Receiver: 3.290061
[1998000, 1000]
[1998000, 1000]
Sender: 3.332843
Receiver: 3.331233
[2000000, 1000]
[2000000, 1000]
Sender: 3.274368
Receiver: 3.275289
