[2000, 1000]
[2000, 1000]
Sender: 0.000542
Receiver: 0.001395
[4000, 1000]
[4000, 1000]
Sender: 0.001670
Receiver: 0.000819
[6000, 1000]
[6000, 1000]
Sender: 0.000869
Receiver: 0.000937
[8000, 1000]
[8000, 1000]
Sender: 0.001157
Receiver: 0.001138
[10000, 1000]
[10000, 1000]
Sender: 0.001255
Receiver: 0.001383
[12000, 1000]
[12000, 1000]
Sender: 0.001431
Receiver: 0.001431
[14000, 1000]
[14000, 1000]
Sender: 0.002409
Receiver: 0.001682
[16000, 1000]
[16000, 1000]
Sender: 0.001867
Receiver: 0.001946
[18000, 1000]
[18000, 1000]
Sender: 0.002228
Receiver: 0.003070
[20000, 1000]
[20000, 1000]
Sender: 0.002371
Receiver: 0.003166
[22000, 1000]
[22000, 1000]
Sender: 0.002642
Receiver: 0.002706
[24000, 1000]
[24000, 1000]
Sender: 0.003305
Receiver: 0.002673
[26000, 1000]
[26000, 1000]
Sender: 0.003630
Receiver: 0.002943
[28000, 1000]
[28000, 1000]
Sender: 0.003297
Receiver: 0.003244
[30000, 1000]
[30000, 1000]
Sender: 0.003924
Receiver: 0.003339
[32000, 1000]
[32000, 1000]
Sender: 0.004146
Receiver: 0.003563
[34000, 1000]
[34000, 1000]
Sender: 0.004134
Receiver: 0.004330
[36000, 1000]
[36000, 1000]
Sender: 0.004276
Receiver: 0.005094
[38000, 1000]
[38000, 1000]
Sender: 0.004664
Receiver: 0.004884
[40000, 1000]
[40000, 1000]
Sender: 0.004767
Receiver: 0.004958
[42000, 1000]
[42000, 1000]
Sender: 0.005164
Receiver: 0.005424
[44000, 1000]
[44000, 1000]
Sender: 0.005196
Receiver: 0.005430
[46000, 1000]
[46000, 1000]
Sender: 0.005508
Receiver: 0.005754
[48000, 1000]
[48000, 1000]
Sender: 0.005592
Receiver: 0.005862
[50000, 1000]
[50000, 1000]
Sender: 0.006061
Receiver: 0.007000
[52000, 1000]
[52000, 1000]
Sender: 0.006124
Receiver: 0.006320
[54000, 1000]
[54000, 1000]
Sender: 0.006456
Receiver: 0.007412
[56000, 1000]
[56000, 1000]
Sender: 0.006591
Receiver: 0.006800
[58000, 1000]
[58000, 1000]
Sender: 0.006874
Receiver: 0.006477
[60000, 1000]
[60000, 1000]
Sender: 0.006988
Receiver: 0.008059
[62000, 1000]
[62000, 1000]
Sender: 0.007452
Receiver: 0.007699
[64000, 1000]
[64000, 1000]
Sender: 0.007600
Receiver: 0.007882
[66000, 1000]
[66000, 1000]
Sender: 0.010689
Receiver: 0.010709
[68000, 1000]
[68000, 1000]
Sender: 0.010868
Receiver: 0.010859
[70000, 1000]
[70000, 1000]
Sender: 0.011106
Receiver: 0.011793
[72000, 1000]
[72000, 1000]
Sender: 0.012211
Receiver: 0.011439
[74000, 1000]
[74000, 1000]
Sender: 0.011566
Receiver: 0.011551
[76000, 1000]
[76000, 1000]
Sender: 0.012469
Receiver: 0.011761
[78000, 1000]
[78000, 1000]
Sender: 0.011984
Receiver: 0.012781
[80000, 1000]
[80000, 1000]
Sender: 0.012174
Receiver: 0.012210
[82000, 1000]
[82000, 1000]
Sender: 0.012640
Receiver: 0.012674
[84000, 1000]
[84000, 1000]
Sender: 0.012950
Receiver: 0.012949
[86000, 1000]
[86000, 1000]
Sender: 0.013824
Receiver: 0.013112
[88000, 1000]
[88000, 1000]
Sender: 0.013514
Receiver: 0.013448
[90000, 1000]
[90000, 1000]
Sender: 0.014321
Receiver: 0.013602
[92000, 1000]
[92000, 1000]
Sender: 0.014679
Receiver: 0.013977
[94000, 1000]
[94000, 1000]
Sender: 0.014130
Receiver: 0.014156
[96000, 1000]
[96000, 1000]
Sender: 0.014288
Receiver: 0.014324
[98000, 1000]
[98000, 1000]
Sender: 0.014631
Receiver: 0.014595
[100000, 1000]
[100000, 1000]
Sender: 0.014947
Receiver: 0.014923
[102000, 1000]
[102000, 1000]
Sender: 0.015164
Receiver: 0.015141
[104000, 1000]
[104000, 1000]
Sender: 0.015317
Receiver: 0.015306
[106000, 1000]
[106000, 1000]
Sender: 0.015634
Receiver: 0.015613
[108000, 1000]
[108000, 1000]
Sender: 0.015898
Receiver: 0.015869
[110000, 1000]
[110000, 1000]
Sender: 0.016026
Receiver: 0.016723
[112000, 1000]
[112000, 1000]
Sender: 0.016372
Receiver: 0.017154
[114000, 1000]
[114000, 1000]
Sender: 0.016694
Receiver: 0.016695
[116000, 1000]
[116000, 1000]
Sender: 0.017090
Receiver: 0.017152
[118000, 1000]
[118000, 1000]
Sender: 0.017323
Receiver: 0.017273
[120000, 1000]
[120000, 1000]
Sender: 0.017423
Receiver: 0.017522
[122000, 1000]
[122000, 1000]
Sender: 0.018239
Receiver: 0.017562
[124000, 1000]
[124000, 1000]
Sender: 0.018019
Receiver: 0.018783
[126000, 1000]
[126000, 1000]
Sender: 0.018620
Receiver: 0.017874
[128000, 1000]
[128000, 1000]
Sender: 0.018394
Receiver: 0.018355
[130000, 1000]
[130000, 1000]
Sender: 0.018551
Receiver: 0.018571
[132000, 1000]
[132000, 1000]
Sender: 0.019832
Receiver: 0.019083
[134000, 1000]
[134000, 1000]
Sender: 0.019890
Receiver: 0.019879
[136000, 1000]
[136000, 1000]
Sender: 0.020249
Receiver: 0.020281
[138000, 1000]
[138000, 1000]
Sender: 0.019715
Receiver: 0.020395
[140000, 1000]
[140000, 1000]
Sender: 0.020261
Receiver: 0.020282
[142000, 1000]
[142000, 1000]
Sender: 0.020562
Receiver: 0.020573
[144000, 1000]
[144000, 1000]
Sender: 0.021099
Receiver: 0.021132
[146000, 1000]
[146000, 1000]
Sender: 0.021974
Receiver: 0.021193
[148000, 1000]
[148000, 1000]
Sender: 0.021293
Receiver: 0.021283
[150000, 1000]
[150000, 1000]
Sender: 0.021849
Receiver: 0.021852
[152000, 1000]
[152000, 1000]
Sender: 0.021608
Receiver: 0.021655
[154000, 1000]
[154000, 1000]
Sender: 0.022303
Receiver: 0.022255
[156000, 1000]
[156000, 1000]
Sender: 0.022202
Receiver: 0.022276
[158000, 1000]
[158000, 1000]
Sender: 0.023631
Receiver: 0.022938
[160000, 1000]
[160000, 1000]
Sender: 0.022902
Receiver: 0.022898
[162000, 1000]
[162000, 1000]
Sender: 0.022909
Receiver: 0.023000
[164000, 1000]
[164000, 1000]
Sender: 0.023641
Receiver: 0.023704
[166000, 1000]
[166000, 1000]
Sender: 0.024263
Receiver: 0.023585
[168000, 1000]
[168000, 1000]
Sender: 0.023799
Receiver: 0.023748
[170000, 1000]
[170000, 1000]
Sender: 0.024117
Receiver: 0.024189
[172000, 1000]
[172000, 1000]
Sender: 0.025612
Receiver: 0.024889
[174000, 1000]
[174000, 1000]
Sender: 0.024798
Receiver: 0.025533
[176000, 1000]
[176000, 1000]
Sender: 0.025114
Receiver: 0.025056
[178000, 1000]
[178000, 1000]
Sender: 0.025045
Receiver: 0.025057
[180000, 1000]
[180000, 1000]
Sender: 0.025363
Receiver: 0.025357
[182000, 1000]
[182000, 1000]
Sender: 0.025578
Receiver: 0.025645
[184000, 1000]
[184000, 1000]
Sender: 0.026623
Receiver: 0.026630
[186000, 1000]
[186000, 1000]
Sender: 0.026296
Receiver: 0.026234
[188000, 1000]
[188000, 1000]
Sender: 0.026357
Receiver: 0.026386
[190000, 1000]
[190000, 1000]
Sender: 0.026672
Receiver: 0.027372
[192000, 1000]
[192000, 1000]
Sender: 0.029029
Receiver: 0.028995
[194000, 1000]
[194000, 1000]
Sender: 0.027083
Receiver: 0.027820
[196000, 1000]
[196000, 1000]
Sender: 0.027586
Receiver: 0.027584
[198000, 1000]
[198000, 1000]
Sender: 0.028163
Receiver: 0.028988
[200000, 1000]
[200000, 1000]
Sender: 0.028410
Receiver: 0.029022
[202000, 1000]
[202000, 1000]
Sender: 0.029473
Receiver: 0.029458
[204000, 1000]
[204000, 1000]
Sender: 0.028986
Receiver: 0.028955
[206000, 1000]
[206000, 1000]
Sender: 0.029922
Receiver: 0.029192
[208000, 1000]
[208000, 1000]
Sender: 0.029314
Receiver: 0.029288
[210000, 1000]
[210000, 1000]
Sender: 0.029765
Receiver: 0.029723
[212000, 1000]
[212000, 1000]
Sender: 0.029673
Receiver: 0.029697
[214000, 1000]
[214000, 1000]
Sender: 0.030212
Receiver: 0.030191
[216000, 1000]
[216000, 1000]
Sender: 0.031027
Receiver: 0.030334
[218000, 1000]
[218000, 1000]
Sender: 0.030344
Receiver: 0.030303
[220000, 1000]
[220000, 1000]
Sender: 0.030568
Receiver: 0.031324
[222000, 1000]
[222000, 1000]
Sender: 0.030962
Receiver: 0.030961
[224000, 1000]
[224000, 1000]
Sender: 0.031367
Receiver: 0.031303
[226000, 1000]
[226000, 1000]
Sender: 0.032104
Receiver: 0.032004
[228000, 1000]
[228000, 1000]
Sender: 0.032263
Receiver: 0.032241
[230000, 1000]
[230000, 1000]
Sender: 0.032283
Receiver: 0.032333
[232000, 1000]
[232000, 1000]
Sender: 0.032378
Receiver: 0.032357
[234000, 1000]
[234000, 1000]
Sender: 0.032992
Receiver: 0.032987
[236000, 1000]
[236000, 1000]
Sender: 0.032858
Receiver: 0.032914
[238000, 1000]
[238000, 1000]
Sender: 0.032895
Receiver: 0.032833
[240000, 1000]
[240000, 1000]
Sender: 0.033780
Receiver: 0.033791
[242000, 1000]
[242000, 1000]
Sender: 0.034118
Receiver: 0.034122
[244000, 1000]
[244000, 1000]
Sender: 0.033884
Receiver: 0.033873
[246000, 1000]
[246000, 1000]
Sender: 0.034189
Receiver: 0.034244
[248000, 1000]
[248000, 1000]
Sender: 0.034543
Receiver: 0.034524
[250000, 1000]
[250000, 1000]
Sender: 0.034646
Receiver: 0.034613
[252000, 1000]
[252000, 1000]
Sender: 0.034877
Receiver: 0.034884
[254000, 1000]
[254000, 1000]
Sender: 0.035869
Receiver: 0.035107
[256000, 1000]
[256000, 1000]
Sender: 0.035640
Receiver: 0.036406
[258000, 1000]
[258000, 1000]
Sender: 0.036675
Receiver: 0.035962
[260000, 1000]
[260000, 1000]
Sender: 0.036071
Receiver: 0.036078
[262000, 1000]
[262000, 1000]
Sender: 0.036714
Receiver: 0.037403
[264000, 1000]
[264000, 1000]
Sender: 0.037167
Receiver: 0.037902
[266000, 1000]
[266000, 1000]
Sender: 0.037091
Receiver: 0.037102
[268000, 1000]
[268000, 1000]
Sender: 0.036895
Receiver: 0.037643
[270000, 1000]
[270000, 1000]
Sender: 0.037079
Receiver: 0.037054
[272000, 1000]
[272000, 1000]
Sender: 0.038211
Receiver: 0.037457
[274000, 1000]
[274000, 1000]
Sender: 0.038394
Receiver: 0.038323
[276000, 1000]
[276000, 1000]
Sender: 0.038140
Receiver: 0.038156
[278000, 1000]
[278000, 1000]
Sender: 0.038430
Receiver: 0.038458
[280000, 1000]
[280000, 1000]
Sender: 0.039254
Receiver: 0.040003
[282000, 1000]
[282000, 1000]
Sender: 0.038610
Receiver: 0.038601
[284000, 1000]
[284000, 1000]
Sender: 0.039241
Receiver: 0.039201
[286000, 1000]
[286000, 1000]
Sender: 0.039477
Receiver: 0.039494
[288000, 1000]
[288000, 1000]
Sender: 0.040329
Receiver: 0.039638
[290000, 1000]
[290000, 1000]
Sender: 0.039997
Receiver: 0.040710
[292000, 1000]
[292000, 1000]
Sender: 0.039862
Receiver: 0.039833
[294000, 1000]
[294000, 1000]
Sender: 0.040448
Receiver: 0.040416
[296000, 1000]
[296000, 1000]
Sender: 0.040538
Receiver: 0.041220
[298000, 1000]
[298000, 1000]
Sender: 0.040970
Receiver: 0.040953
[300000, 1000]
[300000, 1000]
Sender: 0.041188
Receiver: 0.041183
[302000, 1000]
[302000, 1000]
Sender: 0.044181
Receiver: 0.043414
[304000, 1000]
[304000, 1000]
Sender: 0.042124
Receiver: 0.042117
[306000, 1000]
[306000, 1000]
Sender: 0.042270
Receiver: 0.041580
[308000, 1000]
[308000, 1000]
Sender: 0.042406
Receiver: 0.043195
[310000, 1000]
[310000, 1000]
Sender: 0.042664
Receiver: 0.042770
[312000, 1000]
[312000, 1000]
Sender: 0.043366
Receiver: 0.042678
[314000, 1000]
[314000, 1000]
Sender: 0.043514
Receiver: 0.042733
[316000, 1000]
[316000, 1000]
Sender: 0.043306
Receiver: 0.043299
[318000, 1000]
[318000, 1000]
Sender: 0.043198
Receiver: 0.043225
[320000, 1000]
[320000, 1000]
Sender: 0.043119
Receiver: 0.043128
[322000, 1000]
[322000, 1000]
Sender: 0.043658
Receiver: 0.043670
[324000, 1000]
[324000, 1000]
Sender: 0.043680
Receiver: 0.044463
[326000, 1000]
[326000, 1000]
Sender: 0.044244
Receiver: 0.044271
[328000, 1000]
[328000, 1000]
Sender: 0.044724
Receiver: 0.044693
[330000, 1000]
[330000, 1000]
Sender: 0.044965
Receiver: 0.044955
[332000, 1000]
[332000, 1000]
Sender: 0.045118
Receiver: 0.045167
[334000, 1000]
[334000, 1000]
Sender: 0.045980
Receiver: 0.045339
[336000, 1000]
[336000, 1000]
Sender: 0.039603
Receiver: 0.039572
[338000, 1000]
[338000, 1000]
Sender: 0.039823
Receiver: 0.039874
[340000, 1000]
[340000, 1000]
Sender: 0.039722
Receiver: 0.040329
[342000, 1000]
[342000, 1000]
Sender: 0.040298
Receiver: 0.040328
[344000, 1000]
[344000, 1000]
Sender: 0.041138
Receiver: 0.040521
[346000, 1000]
[346000, 1000]
Sender: 0.040619
Receiver: 0.040636
[348000, 1000]
[348000, 1000]
Sender: 0.040806
Receiver: 0.040818
[350000, 1000]
[350000, 1000]
Sender: 0.041353
Receiver: 0.040787
[352000, 1000]
[352000, 1000]
Sender: 0.040985
Receiver: 0.041643
[354000, 1000]
[354000, 1000]
Sender: 0.041440
Receiver: 0.041446
[356000, 1000]
[356000, 1000]
Sender: 0.041470
Receiver: 0.041500
[358000, 1000]
[358000, 1000]
Sender: 0.041578
Receiver: 0.042287
[360000, 1000]
[360000, 1000]
Sender: 0.042148
Receiver: 0.042164
[362000, 1000]
[362000, 1000]
Sender: 0.042276
Receiver: 0.042285
[364000, 1000]
[364000, 1000]
Sender: 0.043381
Receiver: 0.042764
[366000, 1000]
[366000, 1000]
Sender: 0.043231
Receiver: 0.042625
[368000, 1000]
[368000, 1000]
Sender: 0.043272
Receiver: 0.043321
[370000, 1000]
[370000, 1000]
Sender: 0.043672
Receiver: 0.043068
[372000, 1000]
[372000, 1000]
Sender: 0.043288
Receiver: 0.043340
[374000, 1000]
[374000, 1000]
Sender: 0.043613
Receiver: 0.043622
[376000, 1000]
[376000, 1000]
Sender: 0.044392
Receiver: 0.043753
[378000, 1000]
[378000, 1000]
Sender: 0.044913
Receiver: 0.044289
[380000, 1000]
[380000, 1000]
Sender: 0.044143
Receiver: 0.044168
[382000, 1000]
[382000, 1000]
Sender: 0.044570
Receiver: 0.044578
[384000, 1000]
[384000, 1000]
Sender: 0.044519
Receiver: 0.044514
[386000, 1000]
[386000, 1000]
Sender: 0.044370
Receiver: 0.044958
[388000, 1000]
[388000, 1000]
Sender: 0.045130
Receiver: 0.045111
[390000, 1000]
[390000, 1000]
Sender: 0.045005
Receiver: 0.045650
[392000, 1000]
[392000, 1000]
Sender: 0.045120
Receiver: 0.045139
[394000, 1000]
[394000, 1000]
Sender: 0.046578
Receiver: 0.045927
[396000, 1000]
[396000, 1000]
Sender: 0.046679
Receiver: 0.046086
[398000, 1000]
[398000, 1000]
Sender: 0.046128
Receiver: 0.046143
[400000, 1000]
[400000, 1000]
Sender: 0.046185
Receiver: 0.046770
[402000, 1000]
[402000, 1000]
Sender: 0.046293
Receiver: 0.046330
[404000, 1000]
[404000, 1000]
Sender: 0.047355
Receiver: 0.046785
[406000, 1000]
[406000, 1000]
Sender: 0.046756
Receiver: 0.047405
[408000, 1000]
[408000, 1000]
Sender: 0.047487
Receiver: 0.046902
[410000, 1000]
[410000, 1000]
Sender: 0.047161
Receiver: 0.047192
[412000, 1000]
[412000, 1000]
Sender: 0.047474
Receiver: 0.048051
[414000, 1000]
[414000, 1000]
Sender: 0.047571
Receiver: 0.047584
[416000, 1000]
[416000, 1000]
Sender: 0.047911
Receiver: 0.047947
[418000, 1000]
[418000, 1000]
Sender: 0.048116
Receiver: 0.048114
[420000, 1000]
[420000, 1000]
Sender: 0.048064
Receiver: 0.048039
[422000, 1000]
[422000, 1000]
Sender: 0.048250
Receiver: 0.048208
[424000, 1000]
[424000, 1000]
Sender: 0.048568
Receiver: 0.048586
[426000, 1000]
[426000, 1000]
Sender: 0.049571
Receiver: 0.048964
[428000, 1000]
[428000, 1000]
Sender: 0.049044
Receiver: 0.049094
[430000, 1000]
[430000, 1000]
Sender: 0.049258
Receiver: 0.049195
[432000, 1000]
[432000, 1000]
Sender: 0.049345
Receiver: 0.049350
[434000, 1000]
[434000, 1000]
Sender: 0.051171
Receiver: 0.050571
[436000, 1000]
[436000, 1000]
Sender: 0.049850
Receiver: 0.049891
[438000, 1000]
[438000, 1000]
Sender: 0.049665
Receiver: 0.049695
[440000, 1000]
[440000, 1000]
Sender: 0.050336
Receiver: 0.050299
[442000, 1000]
[442000, 1000]
Sender: 0.050176
Receiver: 0.050800
[444000, 1000]
[444000, 1000]
Sender: 0.050435
Receiver: 0.051113
[446000, 1000]
[446000, 1000]
Sender: 0.050875
Receiver: 0.050882
[448000, 1000]
[448000, 1000]
Sender: 0.051099
Receiver: 0.051066
[450000, 1000]
[450000, 1000]
Sender: 0.051204
Receiver: 0.051776
[452000, 1000]
[452000, 1000]
Sender: 0.051660
Receiver: 0.051659
[454000, 1000]
[454000, 1000]
Sender: 0.051581
Receiver: 0.051578
[456000, 1000]
[456000, 1000]
Sender: 0.052411
Receiver: 0.051793
[458000, 1000]
[458000, 1000]
Sender: 0.052458
Receiver: 0.051811
[460000, 1000]
[460000, 1000]
Sender: 0.052014
Receiver: 0.052663
[462000, 1000]
[462000, 1000]
Sender: 0.052433
Receiver: 0.052484
[464000, 1000]
[464000, 1000]
Sender: 0.053196
Receiver: 0.052594
[466000, 1000]
[466000, 1000]
Sender: 0.052895
Receiver: 0.052830
[468000, 1000]
[468000, 1000]
Sender: 0.052854
Receiver: 0.052830
[470000, 1000]
[470000, 1000]
Sender: 0.053240
Receiver: 0.053303
[472000, 1000]
[472000, 1000]
Sender: 0.053612
Receiver: 0.053596
[474000, 1000]
[474000, 1000]
Sender: 0.053789
Receiver: 0.053793
[476000, 1000]
[476000, 1000]
Sender: 0.053795
Receiver: 0.053788
[478000, 1000]
[478000, 1000]
Sender: 0.055392
Receiver: 0.055360
[480000, 1000]
[480000, 1000]
Sender: 0.054340
Receiver: 0.054961
[482000, 1000]
[482000, 1000]
Sender: 0.054569
Receiver: 0.054564
[484000, 1000]
[484000, 1000]
Sender: 0.054623
Receiver: 0.054626
[486000, 1000]
[486000, 1000]
Sender: 0.054518
Receiver: 0.055163
[488000, 1000]
[488000, 1000]
Sender: 0.055345
Receiver: 0.055951
[490000, 1000]
[490000, 1000]
Sender: 0.055372
Receiver: 0.056010
[492000, 1000]
[492000, 1000]
Sender: 0.055490
Receiver: 0.055493
[494000, 1000]
[494000, 1000]
Sender: 0.055549
Receiver: 0.056218
[496000, 1000]
[496000, 1000]
Sender: 0.055924
Receiver: 0.056571
[498000, 1000]
[498000, 1000]
Sender: 0.056316
Receiver: 0.056309
[500000, 1000]
[500000, 1000]
Sender: 0.056753
Receiver: 0.056771
[502000, 1000]
[502000, 1000]
Sender: 0.056659
Receiver: 0.057277
[504000, 1000]
[504000, 1000]
Sender: 0.057044
Receiver: 0.057016
[506000, 1000]
[506000, 1000]
Sender: 0.057593
Receiver: 0.056964
[508000, 1000]
[508000, 1000]
Sender: 0.057553
Receiver: 0.056956
[510000, 1000]
[510000, 1000]
Sender: 0.057313
Receiver: 0.058019
[512000, 1000]
[512000, 1000]
Sender: 0.057429
Receiver: 0.057378
[514000, 1000]
[514000, 1000]
Sender: 0.058523
Receiver: 0.059067
[516000, 1000]
[516000, 1000]
Sender: 0.058002
Receiver: 0.057991
[518000, 1000]
[518000, 1000]
Sender: 0.058161
Receiver: 0.058724
[520000, 1000]
[520000, 1000]
Sender: 0.058973
Receiver: 0.058349
[522000, 1000]
[522000, 1000]
Sender: 0.058947
Receiver: 0.058369
[524000, 1000]
[524000, 1000]
Sender: 0.058695
Receiver: 0.058721
[526000, 1000]
[526000, 1000]
Sender: 0.060519
Receiver: 0.059893
[528000, 1000]
[528000, 1000]
Sender: 0.059143
Receiver: 0.059718
[530000, 1000]
[530000, 1000]
Sender: 0.060236
Receiver: 0.059726
[532000, 1000]
[532000, 1000]
Sender: 0.059806
Receiver: 0.060433
[534000, 1000]
[534000, 1000]
Sender: 0.060203
Receiver: 0.060214
[536000, 1000]
[536000, 1000]
Sender: 0.060219
Receiver: 0.060195
[538000, 1000]
[538000, 1000]
Sender: 0.060580
Receiver: 0.060603
[540000, 1000]
[540000, 1000]
Sender: 0.060464
Receiver: 0.060470
[542000, 1000]
[542000, 1000]
Sender: 0.062289
Receiver: 0.061694
[544000, 1000]
[544000, 1000]
Sender: 0.060956
Receiver: 0.060973
[546000, 1000]
[546000, 1000]
Sender: 0.061536
Receiver: 0.061545
[548000, 1000]
[548000, 1000]
Sender: 0.061345
Receiver: 0.061592
[550000, 1000]
[550000, 1000]
Sender: 0.061755
Receiver: 0.061827
[552000, 1000]
[552000, 1000]
Sender: 0.068320
Receiver: 0.068548
[554000, 1000]
[554000, 1000]
Sender: 0.062067
Receiver: 0.062053
[556000, 1000]
[556000, 1000]
Sender: 0.062444
Receiver: 0.063025
[558000, 1000]
[558000, 1000]
Sender: 0.062633
Receiver: 0.062591
[560000, 1000]
[560000, 1000]
Sender: 0.063043
Receiver: 0.063715
[562000, 1000]
[562000, 1000]
Sender: 0.063757
Receiver: 0.063787
[564000, 1000]
[564000, 1000]
Sender: 0.064225
Receiver: 0.063622
[566000, 1000]
[566000, 1000]
Sender: 0.063653
Receiver: 0.063060
[568000, 1000]
[568000, 1000]
Sender: 0.069580
Receiver: 0.069601
[570000, 1000]
[570000, 1000]
Sender: 0.063890
Receiver: 0.063902
[572000, 1000]
[572000, 1000]
Sender: 0.064742
Receiver: 0.064142
[574000, 1000]
[574000, 1000]
Sender: 0.067970
Receiver: 0.067938
[576000, 1000]
[576000, 1000]
Sender: 0.065493
Receiver: 0.065249
[578000, 1000]
[578000, 1000]
Sender: 0.064616
Receiver: 0.064666
[580000, 1000]
[580000, 1000]
Sender: 0.066113
Receiver: 0.065529
[582000, 1000]
[582000, 1000]
Sender: 0.065146
Receiver: 0.065136
[584000, 1000]
[584000, 1000]
Sender: 0.065922
Receiver: 0.065339
[586000, 1000]
[586000, 1000]
Sender: 0.065859
Receiver: 0.065864
[588000, 1000]
[588000, 1000]
Sender: 0.065777
Receiver: 0.066383
[590000, 1000]
[590000, 1000]
Sender: 0.065796
Receiver: 0.065790
[592000, 1000]
[592000, 1000]
Sender: 0.065914
Receiver: 0.065943
[594000, 1000]
[594000, 1000]
Sender: 0.066908
Receiver: 0.066306
[596000, 1000]
[596000, 1000]
Sender: 0.066373
Receiver: 0.066402
[598000, 1000]
[598000, 1000]
Sender: 0.066660
Receiver: 0.066681
[600000, 1000]
[600000, 1000]
Sender: 0.066864
Receiver: 0.066908
[602000, 1000]
[602000, 1000]
Sender: 0.067620
Receiver: 0.067074
[604000, 1000]
[604000, 1000]
Sender: 0.067380
Receiver: 0.067413
[606000, 1000]
[606000, 1000]
Sender: 0.068383
Receiver: 0.067750
[608000, 1000]
[608000, 1000]
Sender: 0.073100
Receiver: 0.072470
[610000, 1000]
[610000, 1000]
Sender: 0.068207
Receiver: 0.068896
[612000, 1000]
[612000, 1000]
Sender: 0.069217
Receiver: 0.068588
[614000, 1000]
[614000, 1000]
Sender: 0.068898
Receiver: 0.068912
[616000, 1000]
[616000, 1000]
Sender: 0.068640
Receiver: 0.068638
[618000, 1000]
[618000, 1000]
Sender: 0.069079
Receiver: 0.069666
[620000, 1000]
[620000, 1000]
Sender: 0.070137
Receiver: 0.069475
[622000, 1000]
[622000, 1000]
Sender: 0.068830
Receiver: 0.068810
[624000, 1000]
[624000, 1000]
Sender: 0.069519
Receiver: 0.070151
[626000, 1000]
[626000, 1000]
Sender: 0.070806
Receiver: 0.070203
[628000, 1000]
[628000, 1000]
Sender: 0.069502
Receiver: 0.070171
[630000, 1000]
[630000, 1000]
Sender: 0.070551
Receiver: 0.071256
[632000, 1000]
[632000, 1000]
Sender: 0.072608
Receiver: 0.072573
[634000, 1000]
[634000, 1000]
Sender: 0.075123
Receiver: 0.075207
[636000, 1000]
[636000, 1000]
Sender: 0.073007
Receiver: 0.072989
[638000, 1000]
[638000, 1000]
Sender: 0.082697
Receiver: 0.082340
[640000, 1000]
[640000, 1000]
Sender: 0.077451
Receiver: 0.077411
[642000, 1000]
[642000, 1000]
Sender: 0.073626
Receiver: 0.072888
[644000, 1000]
[644000, 1000]
Sender: 0.079845
Receiver: 0.079811
[646000, 1000]
[646000, 1000]
Sender: 0.073252
Receiver: 0.073338
[648000, 1000]
[648000, 1000]
Sender: 0.082952
Receiver: 0.083567
[650000, 1000]
[650000, 1000]
Sender: 0.081892
Receiver: 0.082261
[652000, 1000]
[652000, 1000]
Sender: 0.082551
Receiver: 0.082552
[654000, 1000]
[654000, 1000]
Sender: 0.087075
Receiver: 0.087779
[656000, 1000]
[656000, 1000]
Sender: 0.085602
Receiver: 0.085895
[658000, 1000]
[658000, 1000]
Sender: 0.075457
Receiver: 0.075461
[660000, 1000]
[660000, 1000]
Sender: 0.079246
Receiver: 0.079167
[662000, 1000]
[662000, 1000]
Sender: 0.085534
Receiver: 0.086172
[664000, 1000]
[664000, 1000]
Sender: 0.074823
Receiver: 0.074751
[666000, 1000]
[666000, 1000]
Sender: 0.074569
Receiver: 0.074644
[668000, 1000]
[668000, 1000]
Sender: 0.075294
Receiver: 0.075313
[670000, 1000]
[670000, 1000]
Sender: 0.075198
Receiver: 0.075700
[672000, 1000]
[672000, 1000]
Sender: 0.076142
Receiver: 0.075491
[674000, 1000]
[674000, 1000]
Sender: 0.075723
Receiver: 0.075669
[676000, 1000]
[676000, 1000]
Sender: 0.079300
Receiver: 0.079211
[678000, 1000]
[678000, 1000]
Sender: 0.076657
Receiver: 0.075981
[680000, 1000]
[680000, 1000]
Sender: 0.076705
Receiver: 0.076628
[682000, 1000]
[682000, 1000]
Sender: 0.086226
Receiver: 0.085859
[684000, 1000]
[684000, 1000]
Sender: 0.089453
Receiver: 0.089542
[686000, 1000]
[686000, 1000]
Sender: 0.084284
Receiver: 0.083920
[688000, 1000]
[688000, 1000]
Sender: 0.097222
Receiver: 0.097792
[690000, 1000]
[690000, 1000]
Sender: 0.091026
Receiver: 0.090758
[692000, 1000]
[692000, 1000]
Sender: 0.087291
Receiver: 0.087899
[694000, 1000]
[694000, 1000]
Sender: 0.089997
Receiver: 0.089862
[696000, 1000]
[696000, 1000]
Sender: 0.086772
Receiver: 0.087056
[698000, 1000]
[698000, 1000]
Sender: 0.095153
Receiver: 0.095889
[700000, 1000]
[700000, 1000]
Sender: 0.078855
Receiver: 0.078949
[702000, 1000]
[702000, 1000]
Sender: 0.077844
Receiver: 0.077837
[704000, 1000]
[704000, 1000]
Sender: 0.078268
Receiver: 0.078320
[706000, 1000]
[706000, 1000]
Sender: 0.078741
Receiver: 0.078755
[708000, 1000]
[708000, 1000]
Sender: 0.078048
Receiver: 0.078048
[710000, 1000]
[710000, 1000]
Sender: 0.079202
Receiver: 0.079163
[712000, 1000]
[712000, 1000]
Sender: 0.079484
Receiver: 0.079509
[714000, 1000]
[714000, 1000]
Sender: 0.079664
Receiver: 0.079595
[716000, 1000]
[716000, 1000]
Sender: 0.079831
Receiver: 0.079242
[718000, 1000]
[718000, 1000]
Sender: 0.080866
Receiver: 0.080848
[720000, 1000]
[720000, 1000]
Sender: 0.096193
Receiver: 0.095970
[722000, 1000]
[722000, 1000]
Sender: 0.092163
Receiver: 0.092536
[724000, 1000]
[724000, 1000]
Sender: 0.096406
Receiver: 0.096422
[726000, 1000]
[726000, 1000]
Sender: 0.089641
Receiver: 0.089883
[728000, 1000]
[728000, 1000]
Sender: 0.093476
Receiver: 0.093379
[730000, 1000]
[730000, 1000]
Sender: 0.091187
Receiver: 0.090730
[732000, 1000]
[732000, 1000]
Sender: 0.108050
Receiver: 0.108116
[734000, 1000]
[734000, 1000]
Sender: 0.093081
Receiver: 0.092170
[736000, 1000]
[736000, 1000]
Sender: 0.090114
Receiver: 0.090795
[738000, 1000]
[738000, 1000]
Sender: 0.082107
Receiver: 0.082128
[740000, 1000]
[740000, 1000]
Sender: 0.082091
Receiver: 0.081567
[742000, 1000]
[742000, 1000]
Sender: 0.082938
Receiver: 0.083620
[744000, 1000]
[744000, 1000]
Sender: 0.084330
Receiver: 0.085045
[746000, 1000]
[746000, 1000]
Sender: 0.083990
Receiver: 0.084555
[748000, 1000]
[748000, 1000]
Sender: 0.083682
Receiver: 0.083045
[750000, 1000]
[750000, 1000]
Sender: 0.083829
Receiver: 0.083128
[752000, 1000]
[752000, 1000]
Sender: 0.088194
Receiver: 0.088193
[754000, 1000]
[754000, 1000]
Sender: 0.093413
Receiver: 0.094236
[756000, 1000]
[756000, 1000]
Sender: 0.090149
Receiver: 0.090679
[758000, 1000]
[758000, 1000]
Sender: 0.087523
Receiver: 0.087531
[760000, 1000]
[760000, 1000]
Sender: 0.097625
Receiver: 0.097647
[762000, 1000]
[762000, 1000]
Sender: 0.095122
Receiver: 0.095366
[764000, 1000]
[764000, 1000]
Sender: 0.090598
Receiver: 0.090622
[766000, 1000]
[766000, 1000]
Sender: 0.105798
Receiver: 0.105875
[768000, 1000]
[768000, 1000]
Sender: 0.100371
Receiver: 0.100383
[770000, 1000]
[770000, 1000]
Sender: 0.096059
Receiver: 0.096640
[772000, 1000]
[772000, 1000]
Sender: 0.086118
Receiver: 0.085468
[774000, 1000]
[774000, 1000]
Sender: 0.086845
Receiver: 0.086759
[776000, 1000]
[776000, 1000]
Sender: 0.085806
Receiver: 0.085793
[778000, 1000]
[778000, 1000]
Sender: 0.086187
Receiver: 0.086232
[780000, 1000]
[780000, 1000]
Sender: 0.086759
Receiver: 0.086717
[782000, 1000]
[782000, 1000]
Sender: 0.093953
Receiver: 0.093946
[784000, 1000]
[784000, 1000]
Sender: 0.086720
Receiver: 0.086720
[786000, 1000]
[786000, 1000]
Sender: 0.092205
Receiver: 0.092213
[788000, 1000]
[788000, 1000]
Sender: 0.103577
Receiver: 0.103506
[790000, 1000]
[790000, 1000]
Sender: 0.102844
Receiver: 0.102802
[792000, 1000]
[792000, 1000]
Sender: 0.090400
Receiver: 0.090413
[794000, 1000]
[794000, 1000]
Sender: 0.103937
Receiver: 0.103030
[796000, 1000]
[796000, 1000]
Sender: 0.099034
Receiver: 0.099234
[798000, 1000]
[798000, 1000]
Sender: 0.101952
Receiver: 0.101658
[800000, 1000]
[800000, 1000]
Sender: 0.108938
Receiver: 0.108629
[802000, 1000]
[802000, 1000]
Sender: 0.102735
Receiver: 0.102314
[804000, 1000]
[804000, 1000]
Sender: 0.088925
Receiver: 0.088267
[806000, 1000]
[806000, 1000]
Sender: 0.089102
Receiver: 0.089103
[808000, 1000]
[808000, 1000]
Sender: 0.088469
Receiver: 0.088476
[810000, 1000]
[810000, 1000]
Sender: 0.090299
Receiver: 0.090319
[812000, 1000]
[812000, 1000]
Sender: 0.089343
Receiver: 0.089399
[814000, 1000]
[814000, 1000]
Sender: 0.090482
Receiver: 0.090411
[816000, 1000]
[816000, 1000]
Sender: 0.091304
Receiver: 0.090683
[818000, 1000]
[818000, 1000]
Sender: 0.091159
Receiver: 0.091325
[820000, 1000]
[820000, 1000]
Sender: 0.102612
Receiver: 0.102782
[822000, 1000]
[822000, 1000]
Sender: 0.105775
Receiver: 0.105058
[824000, 1000]
[824000, 1000]
Sender: 0.105626
Receiver: 0.104633
[826000, 1000]
[826000, 1000]
Sender: 0.102941
Receiver: 0.102511
[828000, 1000]
[828000, 1000]
Sender: 0.115538
Receiver: 0.115205
[830000, 1000]
[830000, 1000]
Sender: 0.106646
Receiver: 0.107382
[832000, 1000]
[832000, 1000]
Sender: 0.098063
Receiver: 0.098435
[834000, 1000]
[834000, 1000]
Sender: 0.095863
Receiver: 0.095836
[836000, 1000]
[836000, 1000]
Sender: 0.092307
Receiver: 0.091697
[838000, 1000]
[838000, 1000]
Sender: 0.092414
Receiver: 0.091774
[840000, 1000]
[840000, 1000]
Sender: 0.095946
Receiver: 0.095921
[842000, 1000]
[842000, 1000]
Sender: 0.101860
Receiver: 0.101942
[844000, 1000]
[844000, 1000]
Sender: 0.093887
Receiver: 0.093225
[846000, 1000]
[846000, 1000]
Sender: 0.093470
Receiver: 0.093458
[848000, 1000]
[848000, 1000]
Sender: 0.093338
Receiver: 0.093373
[850000, 1000]
[850000, 1000]
Sender: 0.093107
Receiver: 0.093695
[852000, 1000]
[852000, 1000]
Sender: 0.113080
Receiver: 0.112794
[854000, 1000]
[854000, 1000]
Sender: 0.109496
Receiver: 0.110013
[856000, 1000]
[856000, 1000]
Sender: 0.097840
Receiver: 0.097868
[858000, 1000]
[858000, 1000]
Sender: 0.098864
Receiver: 0.098223
[860000, 1000]
[860000, 1000]
Sender: 0.098731
Receiver: 0.098804
[862000, 1000]
[862000, 1000]
Sender: 0.103592
Receiver: 0.103642
[864000, 1000]
[864000, 1000]
Sender: 0.106296
Receiver: 0.106522
[866000, 1000]
[866000, 1000]
Sender: 0.109979
Receiver: 0.110650
[868000, 1000]
[868000, 1000]
Sender: 0.095398
Receiver: 0.096079
[870000, 1000]
[870000, 1000]
Sender: 0.096477
Receiver: 0.096523
[872000, 1000]
[872000, 1000]
Sender: 0.095787
Receiver: 0.095824
[874000, 1000]
[874000, 1000]
Sender: 0.097824
Receiver: 0.097258
[876000, 1000]
[876000, 1000]
Sender: 0.096892
Receiver: 0.096277
[878000, 1000]
[878000, 1000]
Sender: 0.097189
Receiver: 0.097831
[880000, 1000]
[880000, 1000]
Sender: 0.096711
Receiver: 0.097406
[882000, 1000]
[882000, 1000]
Sender: 0.097845
Receiver: 0.098536
[884000, 1000]
[884000, 1000]
Sender: 0.100333
Receiver: 0.100999
[886000, 1000]
[886000, 1000]
Sender: 0.100643
Receiver: 0.099984
[888000, 1000]
[888000, 1000]
Sender: 0.100369
Receiver: 0.100396
[890000, 1000]
[890000, 1000]
Sender: 0.103969
Receiver: 0.104110
[892000, 1000]
[892000, 1000]
Sender: 0.108639
Receiver: 0.108690
[894000, 1000]
[894000, 1000]
Sender: 0.129229
Receiver: 0.128993
[896000, 1000]
[896000, 1000]
Receiver: 0.112821
Sender: 0.112644
[898000, 1000]
[898000, 1000]
Sender: 0.110772
Receiver: 0.110265
[900000, 1000]
[900000, 1000]
Sender: 0.099060
Receiver: 0.099056
[902000, 1000]
[902000, 1000]
Sender: 0.099246
Receiver: 0.099229
[904000, 1000]
[904000, 1000]
Sender: 0.111958
Receiver: 0.111322
[906000, 1000]
[906000, 1000]
Sender: 0.100313
Receiver: 0.100344
[908000, 1000]
[908000, 1000]
Sender: 0.099977
Receiver: 0.100731
[910000, 1000]
[910000, 1000]
Sender: 0.105292
Receiver: 0.105327
[912000, 1000]
[912000, 1000]
Sender: 0.099743
Receiver: 0.100447
[914000, 1000]
[914000, 1000]
Sender: 0.106211
Receiver: 0.106989
[916000, 1000]
[916000, 1000]
Sender: 0.112236
Receiver: 0.112279
[918000, 1000]
[918000, 1000]
Sender: 0.109930
Receiver: 0.109856
[920000, 1000]
[920000, 1000]
Sender: 0.104476
Receiver: 0.105109
[922000, 1000]
[922000, 1000]
Sender: 0.121970
Receiver: 0.121172
[924000, 1000]
[924000, 1000]
Sender: 0.117341
Receiver: 0.117367
[926000, 1000]
[926000, 1000]
Sender: 0.105457
Receiver: 0.105508
[928000, 1000]
[928000, 1000]
Sender: 0.103765
Receiver: 0.103758
[930000, 1000]
[930000, 1000]
Sender: 0.104816
Receiver: 0.104804
[932000, 1000]
[932000, 1000]
Sender: 0.101856
Receiver: 0.101869
[934000, 1000]
[934000, 1000]
Sender: 0.111491
Receiver: 0.110835
[936000, 1000]
[936000, 1000]
Sender: 0.111329
Receiver: 0.111315
[938000, 1000]
[938000, 1000]
Sender: 0.103550
Receiver: 0.103533
[940000, 1000]
[940000, 1000]
Sender: 0.104531
Receiver: 0.103817
[942000, 1000]
[942000, 1000]
Sender: 0.102404
Receiver: 0.102447
[944000, 1000]
[944000, 1000]
Sender: 0.119465
Receiver: 0.118944
[946000, 1000]
[946000, 1000]
Sender: 0.117620
Receiver: 0.116921
[948000, 1000]
[948000, 1000]
Sender: 0.114644
Receiver: 0.114020
[950000, 1000]
[950000, 1000]
Sender: 0.122935
Receiver: 0.122587
[952000, 1000]
[952000, 1000]
Sender: 0.108153
Receiver: 0.108174
[954000, 1000]
[954000, 1000]
Sender: 0.105734
Receiver: 0.105759
[956000, 1000]
[956000, 1000]
Sender: 0.124058
Receiver: 0.124594
[958000, 1000]
[958000, 1000]
Sender: 0.106980
Receiver: 0.106330
[960000, 1000]
[960000, 1000]
Sender: 0.105716
Receiver: 0.105752
[962000, 1000]
[962000, 1000]
Sender: 0.107108
Receiver: 0.107208
[964000, 1000]
[964000, 1000]
Sender: 0.105999
Receiver: 0.105974
[966000, 1000]
[966000, 1000]
Sender: 0.105590
Receiver: 0.106330
[968000, 1000]
[968000, 1000]
Sender: 0.109589
Receiver: 0.110244
[970000, 1000]
[970000, 1000]
Sender: 0.106996
Receiver: 0.107012
[972000, 1000]
[972000, 1000]
Sender: 0.115424
Receiver: 0.116133
[974000, 1000]
[974000, 1000]
Sender: 0.125309
Receiver: 0.125332
[976000, 1000]
[976000, 1000]
Sender: 0.124145
Receiver: 0.124154
[978000, 1000]
[978000, 1000]
Sender: 0.123898
Receiver: 0.123883
[980000, 1000]
[980000, 1000]
Sender: 0.113426
Receiver: 0.113505
[982000, 1000]
[982000, 1000]
Sender: 0.111248
Receiver: 0.111847
[984000, 1000]
[984000, 1000]
Sender: 0.111664
Receiver: 0.111603
[986000, 1000]
[986000, 1000]
Sender: 0.113911
Receiver: 0.113555
[988000, 1000]
[988000, 1000]
Sender: 0.107290
Receiver: 0.107949
[990000, 1000]
[990000, 1000]
Sender: 0.109399
Receiver: 0.109374
[992000, 1000]
[992000, 1000]
Sender: 0.108259
Receiver: 0.108254
[994000, 1000]
[994000, 1000]
Sender: 0.108730
Receiver: 0.108789
[996000, 1000]
[996000, 1000]
Sender: 0.108550
Receiver: 0.109257
[998000, 1000]
[998000, 1000]
Sender: 0.108678
Receiver: 0.109418
[1000000, 1000]
[1000000, 1000]
Sender: 0.113364
Receiver: 0.112645
[1002000, 1000]
[1002000, 1000]
Sender: 0.130042
Receiver: 0.129978
[1004000, 1000]
[1004000, 1000]
Sender: 0.113352
Receiver: 0.113334
[1006000, 1000]
[1006000, 1000]
Sender: 0.112978
Receiver: 0.112489
[1008000, 1000]
[1008000, 1000]
Sender: 0.114414
Receiver: 0.115049
[1010000, 1000]
[1010000, 1000]
Sender: 0.111903
Receiver: 0.111904
[1012000, 1000]
[1012000, 1000]
Sender: 0.112854
Receiver: 0.112804
[1014000, 1000]
[1014000, 1000]
Sender: 0.113349
Receiver: 0.113338
[1016000, 1000]
[1016000, 1000]
Sender: 0.111092
Receiver: 0.111205
[1018000, 1000]
[1018000, 1000]
Sender: 0.111421
Receiver: 0.111450
[1020000, 1000]
[1020000, 1000]
Sender: 0.111307
Receiver: 0.112046
[1022000, 1000]
[1022000, 1000]
Sender: 0.111034
Receiver: 0.111746
[1024000, 1000]
[1024000, 1000]
Sender: 0.111381
Receiver: 0.111365
[1026000, 1000]
[1026000, 1000]
Sender: 0.112754
Receiver: 0.112757
[1028000, 1000]
[1028000, 1000]
Sender: 0.111726
Receiver: 0.111756
[1030000, 1000]
[1030000, 1000]
Sender: 0.120196
Receiver: 0.119449
[1032000, 1000]
[1032000, 1000]
Sender: 0.120379
Receiver: 0.119931
[1034000, 1000]
[1034000, 1000]
Sender: 0.116897
Receiver: 0.117499
[1036000, 1000]
[1036000, 1000]
Sender: 0.134742
Receiver: 0.134748
[1038000, 1000]
[1038000, 1000]
Sender: 0.132511
Receiver: 0.131484
[1040000, 1000]
[1040000, 1000]
Sender: 0.130630
Receiver: 0.131324
[1042000, 1000]
[1042000, 1000]
Sender: 0.132323
Receiver: 0.132793
[1044000, 1000]
[1044000, 1000]
Sender: 0.124115
Receiver: 0.124814
[1046000, 1000]
[1046000, 1000]
Sender: 0.113537
Receiver: 0.114225
[1048000, 1000]
[1048000, 1000]
Sender: 0.113539
Receiver: 0.113552
[1050000, 1000]
[1050000, 1000]
Sender: 0.113349
Receiver: 0.113373
[1052000, 1000]
[1052000, 1000]
Sender: 0.114104
Receiver: 0.114093
[1054000, 1000]
[1054000, 1000]
Sender: 0.118477
Receiver: 0.117732
[1056000, 1000]
[1056000, 1000]
Sender: 0.115966
Receiver: 0.116704
[1058000, 1000]
[1058000, 1000]
Sender: 0.118462
Receiver: 0.117793
[1060000, 1000]
[1060000, 1000]
Receiver: 0.139679
Sender: 0.139658
[1062000, 1000]
[1062000, 1000]
Sender: 0.121782
Receiver: 0.121060
[1064000, 1000]
[1064000, 1000]
Sender: 0.129600
Receiver: 0.128982
[1066000, 1000]
[1066000, 1000]
Sender: 0.134995
Receiver: 0.134810
[1068000, 1000]
[1068000, 1000]
Sender: 0.121245
Receiver: 0.121199
[1070000, 1000]
[1070000, 1000]
Sender: 0.120972
Receiver: 0.121616
[1072000, 1000]
[1072000, 1000]
Sender: 0.128661
Receiver: 0.127893
[1074000, 1000]
[1074000, 1000]
Sender: 0.117123
Receiver: 0.117139
[1076000, 1000]
[1076000, 1000]
Sender: 0.117297
Receiver: 0.117284
[1078000, 1000]
[1078000, 1000]
Sender: 0.128020
Receiver: 0.127409
[1080000, 1000]
[1080000, 1000]
Sender: 0.117737
Receiver: 0.117724
[1082000, 1000]
[1082000, 1000]
Sender: 0.117398
Receiver: 0.118051
[1084000, 1000]
[1084000, 1000]
Sender: 0.121277
Receiver: 0.120614
[1086000, 1000]
[1086000, 1000]
Sender: 0.131312
Receiver: 0.131294
[1088000, 1000]
[1088000, 1000]
Sender: 0.138128
Receiver: 0.138191
[1090000, 1000]
[1090000, 1000]
Sender: 0.148522
Receiver: 0.147556
[1092000, 1000]
[1092000, 1000]
Sender: 0.121712
Receiver: 0.121824
[1094000, 1000]
[1094000, 1000]
Sender: 0.122385
Receiver: 0.122411
[1096000, 1000]
[1096000, 1000]
Sender: 0.130610
Receiver: 0.129969
[1098000, 1000]
[1098000, 1000]
Sender: 0.138143
Receiver: 0.137504
[1100000, 1000]
[1100000, 1000]
Sender: 0.119371
Receiver: 0.119325
[1102000, 1000]
[1102000, 1000]
Sender: 0.120504
Receiver: 0.119874
[1104000, 1000]
[1104000, 1000]
Sender: 0.130404
Receiver: 0.130336
[1106000, 1000]
[1106000, 1000]
Sender: 0.120226
Receiver: 0.120234
[1108000, 1000]
[1108000, 1000]
Sender: 0.121410
Receiver: 0.121301
[1110000, 1000]
[1110000, 1000]
Sender: 0.120939
Receiver: 0.120982
[1112000, 1000]
[1112000, 1000]
Sender: 0.131158
Receiver: 0.131164
[1114000, 1000]
[1114000, 1000]
Sender: 0.126074
Receiver: 0.126115
[1116000, 1000]
[1116000, 1000]
Sender: 0.127762
Receiver: 0.127095
[1118000, 1000]
[1118000, 1000]
Sender: 0.125560
Receiver: 0.125623
[1120000, 1000]
[1120000, 1000]
Sender: 0.123486
Receiver: 0.123495
[1122000, 1000]
[1122000, 1000]
Sender: 0.151562
Receiver: 0.151526
[1124000, 1000]
[1124000, 1000]
Sender: 0.145524
Receiver: 0.145100
[1126000, 1000]
[1126000, 1000]
Sender: 0.122122
Receiver: 0.122034
[1128000, 1000]
[1128000, 1000]
Sender: 0.131985
Receiver: 0.131988
[1130000, 1000]
[1130000, 1000]
Sender: 0.123401
Receiver: 0.123430
[1132000, 1000]
[1132000, 1000]
Sender: 0.122632
Receiver: 0.123265
[1134000, 1000]
[1134000, 1000]
Sender: 0.122981
Receiver: 0.122965
[1136000, 1000]
[1136000, 1000]
Sender: 0.127917
Receiver: 0.127897
[1138000, 1000]
[1138000, 1000]
Sender: 0.142049
Receiver: 0.141411
[1140000, 1000]
[1140000, 1000]
Sender: 0.129460
Receiver: 0.129503
[1142000, 1000]
[1142000, 1000]
Sender: 0.127893
Receiver: 0.127216
[1144000, 1000]
[1144000, 1000]
Sender: 0.126693
Receiver: 0.126717
[1146000, 1000]
[1146000, 1000]
Sender: 0.132217
Receiver: 0.132221
[1148000, 1000]
[1148000, 1000]
Sender: 0.124581
Receiver: 0.124633
[1150000, 1000]
[1150000, 1000]
Sender: 0.130588
Receiver: 0.131204
[1152000, 1000]
[1152000, 1000]
Sender: 0.123694
Receiver: 0.123727
[1154000, 1000]
[1154000, 1000]
Sender: 0.125997
Receiver: 0.125371
[1156000, 1000]
[1156000, 1000]
Sender: 0.125033
Receiver: 0.125019
[1158000, 1000]
[1158000, 1000]
Sender: 0.139658
Receiver: 0.139906
[1160000, 1000]
[1160000, 1000]
Sender: 0.137285
Receiver: 0.137273
[1162000, 1000]
[1162000, 1000]
Sender: 0.125054
Receiver: 0.125754
[1164000, 1000]
[1164000, 1000]
Sender: 0.132335
Receiver: 0.132349
[1166000, 1000]
[1166000, 1000]
Sender: 0.129218
Receiver: 0.129276
[1168000, 1000]
[1168000, 1000]
Sender: 0.125526
Receiver: 0.126182
[1170000, 1000]
[1170000, 1000]
Sender: 0.138640
Receiver: 0.138533
[1172000, 1000]
[1172000, 1000]
Sender: 0.126690
Receiver: 0.126089
[1174000, 1000]
[1174000, 1000]
Sender: 0.127671
Receiver: 0.127005
[1176000, 1000]
[1176000, 1000]
Sender: 0.127604
Receiver: 0.126944
[1178000, 1000]
[1178000, 1000]
Sender: 0.126540
Receiver: 0.126496
[1180000, 1000]
[1180000, 1000]
Sender: 0.126898
Receiver: 0.126237
[1182000, 1000]
[1182000, 1000]
Sender: 0.134474
Receiver: 0.135209
[1184000, 1000]
[1184000, 1000]
Sender: 0.134748
Receiver: 0.134761
[1186000, 1000]
[1186000, 1000]
Sender: 0.127460
Receiver: 0.127496
[1188000, 1000]
[1188000, 1000]
Sender: 0.127678
Receiver: 0.128311
[1190000, 1000]
[1190000, 1000]
Sender: 0.128870
Receiver: 0.128172
[1192000, 1000]
[1192000, 1000]
Sender: 0.129251
Receiver: 0.129252
[1194000, 1000]
[1194000, 1000]
Sender: 0.128578
Receiver: 0.129234
[1196000, 1000]
[1196000, 1000]
Sender: 0.129547
Receiver: 0.128919
[1198000, 1000]
[1198000, 1000]
Sender: 0.134552
Receiver: 0.134571
[1200000, 1000]
[1200000, 1000]
Sender: 0.129014
Receiver: 0.129033
[1202000, 1000]
[1202000, 1000]
Sender: 0.131380
Receiver: 0.130649
[1204000, 1000]
[1204000, 1000]
Sender: 0.136685
Receiver: 0.136721
[1206000, 1000]
[1206000, 1000]
Sender: 0.129704
Receiver: 0.129742
[1208000, 1000]
[1208000, 1000]
Sender: 0.129805
Receiver: 0.129822
[1210000, 1000]
[1210000, 1000]
Sender: 0.130465
Receiver: 0.129753
[1212000, 1000]
[1212000, 1000]
Sender: 0.130013
Receiver: 0.129309
[1214000, 1000]
[1214000, 1000]
Sender: 0.136568
Receiver: 0.136565
[1216000, 1000]
[1216000, 1000]
Sender: 0.130635
Receiver: 0.131352
[1218000, 1000]
[1218000, 1000]
Sender: 0.139575
Receiver: 0.140290
[1220000, 1000]
[1220000, 1000]
Sender: 0.135427
Receiver: 0.135426
[1222000, 1000]
[1222000, 1000]
Sender: 0.131660
Receiver: 0.130934
[1224000, 1000]
[1224000, 1000]
Sender: 0.144382
Receiver: 0.144403
[1226000, 1000]
[1226000, 1000]
Sender: 0.131853
Receiver: 0.131896
[1228000, 1000]
[1228000, 1000]
Sender: 0.132161
Receiver: 0.132174
[1230000, 1000]
[1230000, 1000]
Sender: 0.132367
Receiver: 0.132392
[1232000, 1000]
[1232000, 1000]
Sender: 0.133116
Receiver: 0.132384
[1234000, 1000]
[1234000, 1000]
Sender: 0.132014
Receiver: 0.131993
[1236000, 1000]
[1236000, 1000]
Sender: 0.135873
Receiver: 0.135850
[1238000, 1000]
[1238000, 1000]
Sender: 0.140086
Receiver: 0.140105
[1240000, 1000]
[1240000, 1000]
Sender: 0.133033
Receiver: 0.132431
[1242000, 1000]
[1242000, 1000]
Sender: 0.133552
Receiver: 0.133491
[1244000, 1000]
[1244000, 1000]
Sender: 0.133928
Receiver: 0.133199
[1246000, 1000]
[1246000, 1000]
Sender: 0.138519
Receiver: 0.138500
[1248000, 1000]
[1248000, 1000]
Sender: 0.133213
Receiver: 0.133220
[1250000, 1000]
[1250000, 1000]
Sender: 0.133755
Receiver: 0.133766
[1252000, 1000]
[1252000, 1000]
Sender: 0.133912
Receiver: 0.133946
[1254000, 1000]
[1254000, 1000]
Sender: 0.140341
Receiver: 0.140321
[1256000, 1000]
[1256000, 1000]
Sender: 0.139742
Receiver: 0.139727
[1258000, 1000]
[1258000, 1000]
Sender: 0.134453
Receiver: 0.134410
[1260000, 1000]
[1260000, 1000]
Sender: 0.150728
Receiver: 0.151422
[1262000, 1000]
[1262000, 1000]
Sender: 0.140814
Receiver: 0.140797
[1264000, 1000]
[1264000, 1000]
Sender: 0.135119
Receiver: 0.135035
[1266000, 1000]
[1266000, 1000]
Sender: 0.135232
Receiver: 0.135246
[1268000, 1000]
[1268000, 1000]
Sender: 0.135330
Receiver: 0.135356
[1270000, 1000]
[1270000, 1000]
Sender: 0.135847
Receiver: 0.136604
[1272000, 1000]
[1272000, 1000]
Sender: 0.144580
Receiver: 0.145221
[1274000, 1000]
[1274000, 1000]
Sender: 0.136846
Receiver: 0.136863
[1276000, 1000]
[1276000, 1000]
Sender: 0.151104
Receiver: 0.151745
[1278000, 1000]
[1278000, 1000]
Sender: 0.149845
Receiver: 0.149846
[1280000, 1000]
[1280000, 1000]
Sender: 0.136704
Receiver: 0.137367
[1282000, 1000]
[1282000, 1000]
Sender: 0.136958
Receiver: 0.137025
[1284000, 1000]
[1284000, 1000]
Sender: 0.137911
Receiver: 0.137197
[1286000, 1000]
[1286000, 1000]
Sender: 0.148721
Receiver: 0.148764
[1288000, 1000]
[1288000, 1000]
Sender: 0.137344
Receiver: 0.137312
[1290000, 1000]
[1290000, 1000]
Sender: 0.142007
Receiver: 0.142789
[1292000, 1000]
[1292000, 1000]
Sender: 0.137420
Receiver: 0.137405
[1294000, 1000]
[1294000, 1000]
Sender: 0.148880
Receiver: 0.149637
[1296000, 1000]
[1296000, 1000]
Sender: 0.139131
Receiver: 0.139131
[1298000, 1000]
[1298000, 1000]
Sender: 0.154401
Receiver: 0.155102
[1300000, 1000]
[1300000, 1000]
Sender: 0.140698
Receiver: 0.139986
[1302000, 1000]
[1302000, 1000]
Sender: 0.139185
Receiver: 0.139151
[1304000, 1000]
[1304000, 1000]
Sender: 0.153958
Receiver: 0.153943
[1306000, 1000]
[1306000, 1000]
Sender: 0.138663
Receiver: 0.138706
[1308000, 1000]
[1308000, 1000]
Sender: 0.140462
Receiver: 0.140479
[1310000, 1000]
[1310000, 1000]
Sender: 0.140482
Receiver: 0.139900
[1312000, 1000]
[1312000, 1000]
Sender: 0.152705
Receiver: 0.152711
[1314000, 1000]
[1314000, 1000]
Sender: 0.148716
Receiver: 0.148721
[1316000, 1000]
[1316000, 1000]
Sender: 0.141266
Receiver: 0.140598
[1318000, 1000]
[1318000, 1000]
Sender: 0.148512
Receiver: 0.148542
[1320000, 1000]
[1320000, 1000]
Sender: 0.143078
Receiver: 0.143029
[1322000, 1000]
[1322000, 1000]
Sender: 0.142629
Receiver: 0.142655
[1324000, 1000]
[1324000, 1000]
Sender: 0.141253
Receiver: 0.140595
[1326000, 1000]
[1326000, 1000]
Sender: 0.141976
Receiver: 0.141890
[1328000, 1000]
[1328000, 1000]
Sender: 0.141651
Receiver: 0.141645
[1330000, 1000]
[1330000, 1000]
Sender: 0.142563
Receiver: 0.141954
[1332000, 1000]
[1332000, 1000]
Sender: 0.142299
Receiver: 0.142355
[1334000, 1000]
[1334000, 1000]
Sender: 0.157465
Receiver: 0.158152
[1336000, 1000]
[1336000, 1000]
Sender: 0.144059
Receiver: 0.144719
[1338000, 1000]
[1338000, 1000]
Sender: 0.152904
Receiver: 0.152872
[1340000, 1000]
[1340000, 1000]
Sender: 0.143785
Receiver: 0.143090
[1342000, 1000]
[1342000, 1000]
Sender: 0.147809
Receiver: 0.148454
[1344000, 1000]
[1344000, 1000]
Sender: 0.157034
Receiver: 0.157005
[1346000, 1000]
[1346000, 1000]
Sender: 0.144078
Receiver: 0.143413
[1348000, 1000]
[1348000, 1000]
Sender: 0.144471
Receiver: 0.144465
[1350000, 1000]
[1350000, 1000]
Sender: 0.143926
Receiver: 0.143253
[1352000, 1000]
[1352000, 1000]
Sender: 0.144514
Receiver: 0.143872
[1354000, 1000]
[1354000, 1000]
Sender: 0.158793
Receiver: 0.158792
[1356000, 1000]
[1356000, 1000]
Sender: 0.146063
Receiver: 0.146119
[1358000, 1000]
[1358000, 1000]
Sender: 0.161289
Receiver: 0.161310
[1360000, 1000]
[1360000, 1000]
Sender: 0.145776
Receiver: 0.145085
[1362000, 1000]
[1362000, 1000]
Sender: 0.144812
Receiver: 0.144804
[1364000, 1000]
[1364000, 1000]
Sender: 0.160328
Receiver: 0.160374
[1366000, 1000]
[1366000, 1000]
Sender: 0.161625
Receiver: 0.161627
[1368000, 1000]
[1368000, 1000]
Sender: 0.146695
Receiver: 0.146107
[1370000, 1000]
[1370000, 1000]
Sender: 0.146748
Receiver: 0.146032
[1372000, 1000]
[1372000, 1000]
Sender: 0.154243
Receiver: 0.154215
[1374000, 1000]
[1374000, 1000]
Sender: 0.146217
Receiver: 0.147010
[1376000, 1000]
[1376000, 1000]
Sender: 0.146564
Receiver: 0.146600
[1378000, 1000]
[1378000, 1000]
Sender: 0.147609
Receiver: 0.146926
[1380000, 1000]
[1380000, 1000]
Sender: 0.147130
Receiver: 0.146514
[1382000, 1000]
[1382000, 1000]
Sender: 0.149057
Receiver: 0.149719
[1384000, 1000]
[1384000, 1000]
Sender: 0.148447
Receiver: 0.148504
[1386000, 1000]
[1386000, 1000]
Sender: 0.147680
Receiver: 0.147647
[1388000, 1000]
[1388000, 1000]
Sender: 0.148374
Receiver: 0.147714
[1390000, 1000]
[1390000, 1000]
Sender: 0.148804
Receiver: 0.148134
[1392000, 1000]
[1392000, 1000]
Sender: 0.152690
Receiver: 0.152700
[1394000, 1000]
[1394000, 1000]
Sender: 0.176051
Receiver: 0.175411
[1396000, 1000]
[1396000, 1000]
Sender: 0.150049
Receiver: 0.149417
[1398000, 1000]
[1398000, 1000]
Sender: 0.150429
Receiver: 0.150389
[1400000, 1000]
[1400000, 1000]
Sender: 0.150865
Receiver: 0.150877
[1402000, 1000]
[1402000, 1000]
Sender: 0.151289
Receiver: 0.151325
[1404000, 1000]
[1404000, 1000]
Sender: 0.151102
Receiver: 0.150421
[1406000, 1000]
[1406000, 1000]
Sender: 0.151299
Receiver: 0.150416
[1408000, 1000]
[1408000, 1000]
Sender: 0.153049
Receiver: 0.153068
[1410000, 1000]
[1410000, 1000]
Sender: 0.150900
Receiver: 0.151597
[1412000, 1000]
[1412000, 1000]
Sender: 0.153976
Receiver: 0.154674
[1414000, 1000]
[1414000, 1000]
Sender: 0.151510
Receiver: 0.150828
[1416000, 1000]
[1416000, 1000]
Sender: 0.163406
Receiver: 0.163335
[1418000, 1000]
[1418000, 1000]
Sender: 0.162271
Receiver: 0.162262
[1420000, 1000]
[1420000, 1000]
Sender: 0.151716
Receiver: 0.151096
[1422000, 1000]
[1422000, 1000]
Sender: 0.154370
Receiver: 0.155058
[1424000, 1000]
[1424000, 1000]
Sender: 0.151615
Receiver: 0.151636
[1426000, 1000]
[1426000, 1000]
Sender: 0.151713
Receiver: 0.151734
[1428000, 1000]
[1428000, 1000]
Sender: 0.153060
Receiver: 0.153068
[1430000, 1000]
[1430000, 1000]
Sender: 0.167637
Receiver: 0.167657
[1432000, 1000]
[1432000, 1000]
Sender: 0.165166
Receiver: 0.165190
[1434000, 1000]
[1434000, 1000]
Sender: 0.156312
Receiver: 0.156320
[1436000, 1000]
[1436000, 1000]
Sender: 0.152750
Receiver: 0.152694
[1438000, 1000]
[1438000, 1000]
Sender: 0.153865
Receiver: 0.153137
[1440000, 1000]
[1440000, 1000]
Sender: 0.170534
Receiver: 0.170528
[1442000, 1000]
[1442000, 1000]
Sender: 0.154659
Receiver: 0.154623
[1444000, 1000]
[1444000, 1000]
Sender: 0.154563
Receiver: 0.154614
[1446000, 1000]
[1446000, 1000]
Sender: 0.153549
Receiver: 0.154271
[1448000, 1000]
[1448000, 1000]
Sender: 0.158718
Receiver: 0.158705
[1450000, 1000]
[1450000, 1000]
Sender: 0.154817
Receiver: 0.154857
[1452000, 1000]
[1452000, 1000]
Sender: 0.155088
Receiver: 0.155098
[1454000, 1000]
[1454000, 1000]
Sender: 0.155495
Receiver: 0.154832
[1456000, 1000]
[1456000, 1000]
Sender: 0.154997
Receiver: 0.155029
[1458000, 1000]
[1458000, 1000]
Sender: 0.168585
Receiver: 0.169230
[1460000, 1000]
[1460000, 1000]
Sender: 0.166840
Receiver: 0.166855
[1462000, 1000]
[1462000, 1000]
Sender: 0.155511
Receiver: 0.156215
[1464000, 1000]
[1464000, 1000]
Sender: 0.173223
Receiver: 0.172518
[1466000, 1000]
[1466000, 1000]
Sender: 0.156604
Receiver: 0.156632
[1468000, 1000]
[1468000, 1000]
Sender: 0.156806
Receiver: 0.156131
[1470000, 1000]
[1470000, 1000]
Sender: 0.167496
Receiver: 0.167535
[1472000, 1000]
[1472000, 1000]
Sender: 0.156436
Receiver: 0.156493
[1474000, 1000]
[1474000, 1000]
Sender: 0.162727
Receiver: 0.162690
[1476000, 1000]
[1476000, 1000]
Sender: 0.156361
Receiver: 0.156378
[1478000, 1000]
[1478000, 1000]
Sender: 0.157977
Receiver: 0.158023
[1480000, 1000]
[1480000, 1000]
Sender: 0.169752
Receiver: 0.168976
[1482000, 1000]
[1482000, 1000]
Sender: 0.158998
Receiver: 0.158979
[1484000, 1000]
[1484000, 1000]
Sender: 0.157868
Receiver: 0.158560
[1486000, 1000]
[1486000, 1000]
Sender: 0.157728
Receiver: 0.157754
[1488000, 1000]
[1488000, 1000]
Sender: 0.159085
Receiver: 0.159109
[1490000, 1000]
[1490000, 1000]
Sender: 0.157981
Receiver: 0.157977
[1492000, 1000]
[1492000, 1000]
Sender: 0.164292
Receiver: 0.164211
[1494000, 1000]
[1494000, 1000]
Sender: 0.163487
Receiver: 0.163522
[1496000, 1000]
[1496000, 1000]
Sender: 0.159177
Receiver: 0.159207
[1498000, 1000]
[1498000, 1000]
Sender: 0.173558
Receiver: 0.173497
[1500000, 1000]
[1500000, 1000]
Sender: 0.165560
Receiver: 0.165606
[1502000, 1000]
[1502000, 1000]
Sender: 0.159585
Receiver: 0.159609
[1504000, 1000]
[1504000, 1000]
Sender: 0.159586
Receiver: 0.160207
[1506000, 1000]
[1506000, 1000]
Sender: 0.160713
Receiver: 0.160701
[1508000, 1000]
[1508000, 1000]
Sender: 0.164256
Receiver: 0.164228
[1510000, 1000]
[1510000, 1000]
Sender: 0.161310
Receiver: 0.160690
[1512000, 1000]
[1512000, 1000]
Sender: 0.163774
Receiver: 0.163751
[1514000, 1000]
[1514000, 1000]
Sender: 0.160753
Receiver: 0.160775
[1516000, 1000]
[1516000, 1000]
Sender: 0.172887
Receiver: 0.172208
[1518000, 1000]
[1518000, 1000]
Sender: 0.161641
Receiver: 0.162351
[1520000, 1000]
[1520000, 1000]
Sender: 0.161764
Receiver: 0.161814
[1522000, 1000]
[1522000, 1000]
Sender: 0.163726
Receiver: 0.163686
[1524000, 1000]
[1524000, 1000]
Sender: 0.161469
Receiver: 0.162105
[1526000, 1000]
[1526000, 1000]
Sender: 0.176574
Receiver: 0.175859
[1528000, 1000]
[1528000, 1000]
Sender: 0.162074
Receiver: 0.162721
[1530000, 1000]
[1530000, 1000]
Sender: 0.161945
Receiver: 0.161290
[1532000, 1000]
[1532000, 1000]
Sender: 0.162423
Receiver: 0.163075
[1534000, 1000]
[1534000, 1000]
Sender: 0.178265
Receiver: 0.177640
[1536000, 1000]
[1536000, 1000]
Sender: 0.165344
Receiver: 0.166011
[1538000, 1000]
[1538000, 1000]
Sender: 0.163755
Receiver: 0.163782
[1540000, 1000]
[1540000, 1000]
Sender: 0.163689
Receiver: 0.163724
[1542000, 1000]
[1542000, 1000]
Sender: 0.164155
Receiver: 0.164144
[1544000, 1000]
[1544000, 1000]
Sender: 0.165252
Receiver: 0.165932
[1546000, 1000]
[1546000, 1000]
Sender: 0.184269
Receiver: 0.183617
[1548000, 1000]
[1548000, 1000]
Sender: 0.163400
Receiver: 0.164093
[1550000, 1000]
[1550000, 1000]
Sender: 0.164269
Receiver: 0.164300
[1552000, 1000]
[1552000, 1000]
Sender: 0.181473
Receiver: 0.180721
[1554000, 1000]
[1554000, 1000]
Sender: 0.165184
Receiver: 0.165201
[1556000, 1000]
[1556000, 1000]
Sender: 0.164180
Receiver: 0.164181
[1558000, 1000]
[1558000, 1000]
Sender: 0.178390
Receiver: 0.177729
[1560000, 1000]
[1560000, 1000]
Sender: 0.164687
Receiver: 0.165378
[1562000, 1000]
[1562000, 1000]
Sender: 0.179146
Receiver: 0.178432
[1564000, 1000]
[1564000, 1000]
Sender: 0.166865
Receiver: 0.167524
[1566000, 1000]
[1566000, 1000]
Sender: 0.168373
Receiver: 0.169102
[1568000, 1000]
[1568000, 1000]
Sender: 0.167765
Receiver: 0.167830
[1570000, 1000]
[1570000, 1000]
Sender: 0.166340
Receiver: 0.167099
[1572000, 1000]
[1572000, 1000]
Sender: 0.166851
Receiver: 0.166829
[1574000, 1000]
[1574000, 1000]
Sender: 0.167399
Receiver: 0.167399
[1576000, 1000]
[1576000, 1000]
Sender: 0.167458
Receiver: 0.167474
[1578000, 1000]
[1578000, 1000]
Sender: 0.167417
Receiver: 0.168128
[1580000, 1000]
[1580000, 1000]
Sender: 0.166644
Receiver: 0.166679
[1582000, 1000]
[1582000, 1000]
Sender: 0.167762
Receiver: 0.168425
[1584000, 1000]
[1584000, 1000]
Sender: 0.166225
Receiver: 0.166265
[1586000, 1000]
[1586000, 1000]
Sender: 0.179254
Receiver: 0.178545
[1588000, 1000]
[1588000, 1000]
Sender: 0.168222
Receiver: 0.168947
[1590000, 1000]
[1590000, 1000]
Sender: 0.167969
Receiver: 0.168025
[1592000, 1000]
[1592000, 1000]
Sender: 0.168379
Receiver: 0.169046
[1594000, 1000]
[1594000, 1000]
Sender: 0.169795
Receiver: 0.170508
[1596000, 1000]
[1596000, 1000]
Sender: 0.169461
Receiver: 0.169376
[1598000, 1000]
[1598000, 1000]
Sender: 0.178405
Receiver: 0.178416
[1600000, 1000]
[1600000, 1000]
Sender: 0.170773
Receiver: 0.171423
[1602000, 1000]
[1602000, 1000]
Sender: 0.169472
Receiver: 0.170153
[1604000, 1000]
[1604000, 1000]
Sender: 0.178941
Receiver: 0.178229
[1606000, 1000]
[1606000, 1000]
Sender: 0.170589
Receiver: 0.170578
[1608000, 1000]
[1608000, 1000]
Sender: 0.170198
Receiver: 0.170976
[1610000, 1000]
[1610000, 1000]
Sender: 0.182995
Receiver: 0.182301
[1612000, 1000]
[1612000, 1000]
Sender: 0.190690
Receiver: 0.190677
[1614000, 1000]
[1614000, 1000]
Sender: 0.170728
Receiver: 0.171371
[1616000, 1000]
[1616000, 1000]
Sender: 0.187993
Receiver: 0.188006
[1618000, 1000]
[1618000, 1000]
Sender: 0.180449
Receiver: 0.180473
[1620000, 1000]
[1620000, 1000]
Sender: 0.170918
Receiver: 0.171605
[1622000, 1000]
[1622000, 1000]
Sender: 0.172199
Receiver: 0.172224
[1624000, 1000]
[1624000, 1000]
Sender: 0.172094
Receiver: 0.172817
[1626000, 1000]
[1626000, 1000]
Sender: 0.172496
Receiver: 0.172558
[1628000, 1000]
[1628000, 1000]
Sender: 0.186028
Receiver: 0.185971
[1630000, 1000]
[1630000, 1000]
Sender: 0.172802
Receiver: 0.172824
[1632000, 1000]
[1632000, 1000]
Sender: 0.172944
Receiver: 0.172957
[1634000, 1000]
[1634000, 1000]
Sender: 0.176019
Receiver: 0.176024
[1636000, 1000]
[1636000, 1000]
Sender: 0.191305
Receiver: 0.191957
[1638000, 1000]
[1638000, 1000]
Sender: 0.179734
Receiver: 0.179034
[1640000, 1000]
[1640000, 1000]
Sender: 0.178410
Receiver: 0.178409
[1642000, 1000]
[1642000, 1000]
Sender: 0.176630
Receiver: 0.176665
[1644000, 1000]
[1644000, 1000]
Sender: 0.174231
Receiver: 0.174242
[1646000, 1000]
[1646000, 1000]
Sender: 0.174434
Receiver: 0.174438
[1648000, 1000]
[1648000, 1000]
Sender: 0.174298
Receiver: 0.175037
[1650000, 1000]
[1650000, 1000]
Sender: 0.176696
Receiver: 0.176060
[1652000, 1000]
[1652000, 1000]
Sender: 0.174982
Receiver: 0.175000
[1654000, 1000]
[1654000, 1000]
Sender: 0.174742
Receiver: 0.174751
[1656000, 1000]
[1656000, 1000]
Sender: 0.175302
Receiver: 0.175322
[1658000, 1000]
[1658000, 1000]
Sender: 0.185691
Receiver: 0.185016
[1660000, 1000]
[1660000, 1000]
Sender: 0.179709
Receiver: 0.179047
[1662000, 1000]
[1662000, 1000]
Sender: 0.180845
Receiver: 0.180900
[1664000, 1000]
[1664000, 1000]
Sender: 0.175449
Receiver: 0.175482
[1666000, 1000]
[1666000, 1000]
Sender: 0.178566
Receiver: 0.178638
[1668000, 1000]
[1668000, 1000]
Sender: 0.177340
Receiver: 0.177345
[1670000, 1000]
[1670000, 1000]
Sender: 0.188826
Receiver: 0.188848
[1672000, 1000]
[1672000, 1000]
Sender: 0.178092
Receiver: 0.178100
[1674000, 1000]
[1674000, 1000]
Sender: 0.177577
Receiver: 0.177578
[1676000, 1000]
[1676000, 1000]
Sender: 0.192106
Receiver: 0.192109
[1678000, 1000]
[1678000, 1000]
Sender: 0.176488
Receiver: 0.177178
[1680000, 1000]
[1680000, 1000]
Sender: 0.178453
Receiver: 0.179144
[1682000, 1000]
[1682000, 1000]
Sender: 0.194408
Receiver: 0.194449
[1684000, 1000]
[1684000, 1000]
Sender: 0.178973
Receiver: 0.179644
[1686000, 1000]
[1686000, 1000]
Sender: 0.180114
Receiver: 0.179467
[1688000, 1000]
[1688000, 1000]
Sender: 0.185920
Receiver: 0.185262
[1690000, 1000]
[1690000, 1000]
Sender: 0.179184
Receiver: 0.179120
[1692000, 1000]
[1692000, 1000]
Sender: 0.179569
Receiver: 0.180320
[1694000, 1000]
[1694000, 1000]
Sender: 0.180464
Receiver: 0.180523
[1696000, 1000]
[1696000, 1000]
Sender: 0.178175
Receiver: 0.178217
[1698000, 1000]
[1698000, 1000]
Sender: 0.180218
Receiver: 0.180206
[1700000, 1000]
[1700000, 1000]
Sender: 0.200993
Receiver: 0.201030
[1702000, 1000]
[1702000, 1000]
Sender: 0.181167
Receiver: 0.181185
[1704000, 1000]
[1704000, 1000]
Sender: 0.182223
Receiver: 0.181590
[1706000, 1000]
[1706000, 1000]
Sender: 0.180608
Receiver: 0.180605
[1708000, 1000]
[1708000, 1000]
Sender: 0.181098
Receiver: 0.180379
[1710000, 1000]
[1710000, 1000]
Sender: 0.184730
Receiver: 0.184777
[1712000, 1000]
[1712000, 1000]
Sender: 0.180094
Receiver: 0.180845
[1714000, 1000]
[1714000, 1000]
Sender: 0.181511
Receiver: 0.181307
[1716000, 1000]
[1716000, 1000]
Sender: 0.182961
Receiver: 0.182980
[1718000, 1000]
[1718000, 1000]
Sender: 0.192042
Receiver: 0.192780
[1720000, 1000]
[1720000, 1000]
Sender: 0.189447
Receiver: 0.188789
[1722000, 1000]
[1722000, 1000]
Sender: 0.183195
Receiver: 0.183197
[1724000, 1000]
[1724000, 1000]
Sender: 0.181639
Receiver: 0.182373
[1726000, 1000]
[1726000, 1000]
Sender: 0.183310
Receiver: 0.184027
[1728000, 1000]
[1728000, 1000]
Sender: 0.202059
Receiver: 0.202117
[1730000, 1000]
[1730000, 1000]
Sender: 0.182876
Receiver: 0.182184
[1732000, 1000]
[1732000, 1000]
Sender: 0.197509
Receiver: 0.198263
[1734000, 1000]
[1734000, 1000]
Sender: 0.184389
Receiver: 0.183684
[1736000, 1000]
[1736000, 1000]
Sender: 0.193125
Receiver: 0.193165
[1738000, 1000]
[1738000, 1000]
Sender: 0.184560
Receiver: 0.184549
[1740000, 1000]
[1740000, 1000]
Sender: 0.197612
Receiver: 0.198250
[1742000, 1000]
[1742000, 1000]
Sender: 0.193061
Receiver: 0.193053
[1744000, 1000]
[1744000, 1000]
Sender: 0.183553
Receiver: 0.183565
[1746000, 1000]
[1746000, 1000]
Sender: 0.204855
Receiver: 0.204831
[1748000, 1000]
[1748000, 1000]
Sender: 0.182906
Receiver: 0.183658
[1750000, 1000]
[1750000, 1000]
Sender: 0.188827
Receiver: 0.188781
[1752000, 1000]
[1752000, 1000]
Sender: 0.184274
Receiver: 0.184253
[1754000, 1000]
[1754000, 1000]
Sender: 0.197570
Receiver: 0.197657
[1756000, 1000]
[1756000, 1000]
Sender: 0.187779
Receiver: 0.187164
[1758000, 1000]
[1758000, 1000]
Sender: 0.188120
Receiver: 0.187475
[1760000, 1000]
[1760000, 1000]
Sender: 0.185113
Receiver: 0.185758
[1762000, 1000]
[1762000, 1000]
Sender: 0.196538
Receiver: 0.196543
[1764000, 1000]
[1764000, 1000]
Sender: 0.187336
Receiver: 0.187498
[1766000, 1000]
[1766000, 1000]
Sender: 0.186695
Receiver: 0.186050
[1768000, 1000]
[1768000, 1000]
Sender: 0.186912
Receiver: 0.187613
[1770000, 1000]
[1770000, 1000]
Sender: 0.187619
Receiver: 0.187675
[1772000, 1000]
[1772000, 1000]
Sender: 0.198048
Receiver: 0.198761
[1774000, 1000]
[1774000, 1000]
Sender: 0.195825
Receiver: 0.195688
[1776000, 1000]
[1776000, 1000]
Sender: 0.204516
Receiver: 0.203898
[1778000, 1000]
[1778000, 1000]
Sender: 0.216333
Receiver: 0.215369
[1780000, 1000]
[1780000, 1000]
Sender: 0.195835
Receiver: 0.195167
[1782000, 1000]
[1782000, 1000]
Sender: 0.211182
Receiver: 0.211590
[1784000, 1000]
[1784000, 1000]
Sender: 0.228762
Receiver: 0.228480
[1786000, 1000]
[1786000, 1000]
Sender: 0.199543
Receiver: 0.199486
[1788000, 1000]
[1788000, 1000]
Sender: 0.202046
Receiver: 0.202070
[1790000, 1000]
[1790000, 1000]
Sender: 0.209962
Receiver: 0.209975
[1792000, 1000]
[1792000, 1000]
Sender: 0.188287
Receiver: 0.189027
[1794000, 1000]
[1794000, 1000]
Sender: 0.187879
Receiver: 0.187937
[1796000, 1000]
[1796000, 1000]
Sender: 0.201102
Receiver: 0.201796
[1798000, 1000]
[1798000, 1000]
Sender: 0.210482
Receiver: 0.211216
[1800000, 1000]
[1800000, 1000]
Sender: 0.208912
Receiver: 0.209655
[1802000, 1000]
[1802000, 1000]
Sender: 0.200873
Receiver: 0.200849
[1804000, 1000]
[1804000, 1000]
Sender: 0.201143
Receiver: 0.201803
[1806000, 1000]
[1806000, 1000]
Sender: 0.192477
Receiver: 0.192496
[1808000, 1000]
[1808000, 1000]
Sender: 0.190833
Receiver: 0.190154
[1810000, 1000]
[1810000, 1000]
Sender: 0.192752
Receiver: 0.192078
[1812000, 1000]
[1812000, 1000]
Sender: 0.193894
Receiver: 0.194613
[1814000, 1000]
[1814000, 1000]
Sender: 0.191709
Receiver: 0.191725
[1816000, 1000]
[1816000, 1000]
Sender: 0.192086
Receiver: 0.192086
[1818000, 1000]
[1818000, 1000]
Sender: 0.192147
Receiver: 0.192914
[1820000, 1000]
[1820000, 1000]
Sender: 0.210213
Receiver: 0.210205
[1822000, 1000]
[1822000, 1000]
Sender: 0.201087
Receiver: 0.201745
[1824000, 1000]
[1824000, 1000]
Sender: 0.208111
Receiver: 0.208791
[1826000, 1000]
[1826000, 1000]
Sender: 0.193554
Receiver: 0.193576
[1828000, 1000]
[1828000, 1000]
Sender: 0.204158
Receiver: 0.204067
[1830000, 1000]
[1830000, 1000]
Sender: 0.197421
Receiver: 0.198199
[1832000, 1000]
[1832000, 1000]
Sender: 0.193082
Receiver: 0.193107
[1834000, 1000]
[1834000, 1000]
Sender: 0.202606
Receiver: 0.202629
[1836000, 1000]
[1836000, 1000]
Sender: 0.194480
Receiver: 0.195220
[1838000, 1000]
[1838000, 1000]
Sender: 0.194984
Receiver: 0.195046
[1840000, 1000]
[1840000, 1000]
Sender: 0.194139
Receiver: 0.194873
[1842000, 1000]
[1842000, 1000]
Sender: 0.194645
Receiver: 0.194676
[1844000, 1000]
[1844000, 1000]
Sender: 0.195032
Receiver: 0.195706
[1846000, 1000]
[1846000, 1000]
Sender: 0.196282
Receiver: 0.195579
[1848000, 1000]
[1848000, 1000]
Sender: 0.196412
Receiver: 0.197094
[1850000, 1000]
[1850000, 1000]
Sender: 0.195217
Receiver: 0.195931
[1852000, 1000]
[1852000, 1000]
Sender: 0.196741
Receiver: 0.196084
[1854000, 1000]
[1854000, 1000]
Sender: 0.195858
Receiver: 0.195861
[1856000, 1000]
[1856000, 1000]
Sender: 0.197077
Receiver: 0.196390
[1858000, 1000]
[1858000, 1000]
Sender: 0.212259
Receiver: 0.212279
[1860000, 1000]
[1860000, 1000]
Sender: 0.199982
Receiver: 0.199955
[1862000, 1000]
[1862000, 1000]
Sender: 0.196388
Receiver: 0.196421
[1864000, 1000]
[1864000, 1000]
Sender: 0.197586
Receiver: 0.196907
[1866000, 1000]
[1866000, 1000]
Sender: 0.197499
Receiver: 0.197529
[1868000, 1000]
[1868000, 1000]
Sender: 0.201572
Receiver: 0.201671
[1870000, 1000]
[1870000, 1000]
Sender: 0.198192
Receiver: 0.197548
[1872000, 1000]
[1872000, 1000]
Sender: 0.196583
Receiver: 0.196641
[1874000, 1000]
[1874000, 1000]
Sender: 0.199340
Receiver: 0.198708
[1876000, 1000]
[1876000, 1000]
Sender: 0.199568
Receiver: 0.199610
[1878000, 1000]
[1878000, 1000]
Sender: 0.202925
Receiver: 0.202826
[1880000, 1000]
[1880000, 1000]
Sender: 0.200066
Receiver: 0.200754
[1882000, 1000]
[1882000, 1000]
Sender: 0.212055
Receiver: 0.212727
[1884000, 1000]
[1884000, 1000]
Sender: 0.198776
Receiver: 0.198112
[1886000, 1000]
[1886000, 1000]
Sender: 0.218694
Receiver: 0.219396
[1888000, 1000]
[1888000, 1000]
Sender: 0.219257
Receiver: 0.219959
[1890000, 1000]
[1890000, 1000]
Sender: 0.199357
Receiver: 0.199348
[1892000, 1000]
[1892000, 1000]
Sender: 0.213690
Receiver: 0.214356
[1894000, 1000]
[1894000, 1000]
Sender: 0.201889
Receiver: 0.202601
[1896000, 1000]
[1896000, 1000]
Sender: 0.199785
Receiver: 0.199094
[1898000, 1000]
[1898000, 1000]
Sender: 0.198727
Receiver: 0.199456
[1900000, 1000]
[1900000, 1000]
Sender: 0.199978
Receiver: 0.199323
[1902000, 1000]
[1902000, 1000]
Sender: 0.202199
Receiver: 0.202259
[1904000, 1000]
[1904000, 1000]
Sender: 0.201329
Receiver: 0.202088
[1906000, 1000]
[1906000, 1000]
Sender: 0.199965
Receiver: 0.199316
[1908000, 1000]
[1908000, 1000]
Sender: 0.207551
Receiver: 0.207534
[1910000, 1000]
[1910000, 1000]
Sender: 0.210508
Receiver: 0.210461
[1912000, 1000]
[1912000, 1000]
Sender: 0.202148
Receiver: 0.202103
[1914000, 1000]
[1914000, 1000]
Sender: 0.216319
Receiver: 0.217066
[1916000, 1000]
[1916000, 1000]
Sender: 0.203071
Receiver: 0.203778
[1918000, 1000]
[1918000, 1000]
Sender: 0.204701
Receiver: 0.205385
[1920000, 1000]
[1920000, 1000]
Sender: 0.202387
Receiver: 0.201734
[1922000, 1000]
[1922000, 1000]
Sender: 0.202123
Receiver: 0.202104
[1924000, 1000]
[1924000, 1000]
Sender: 0.203080
Receiver: 0.202381
[1926000, 1000]
[1926000, 1000]
Sender: 0.213502
Receiver: 0.213588
[1928000, 1000]
[1928000, 1000]
Sender: 0.226879
Receiver: 0.226884
[1930000, 1000]
[1930000, 1000]
Sender: 0.222471
Receiver: 0.223239
[1932000, 1000]
[1932000, 1000]
Sender: 0.204344
Receiver: 0.203707
[1934000, 1000]
[1934000, 1000]
Sender: 0.204177
Receiver: 0.204178
[1936000, 1000]
[1936000, 1000]
Sender: 0.213527
Receiver: 0.213495
[1938000, 1000]
[1938000, 1000]
Sender: 0.215491
Receiver: 0.216183
[1940000, 1000]
[1940000, 1000]
Sender: 0.206194
Receiver: 0.206246
[1942000, 1000]
[1942000, 1000]
Sender: 0.216940
Receiver: 0.216979
[1944000, 1000]
[1944000, 1000]
Sender: 0.205232
Receiver: 0.205218
[1946000, 1000]
[1946000, 1000]
Sender: 0.205632
Receiver: 0.205606
[1948000, 1000]
[1948000, 1000]
Sender: 0.216009
Receiver: 0.216735
[1950000, 1000]
[1950000, 1000]
Sender: 0.206030
Receiver: 0.206793
[1952000, 1000]
[1952000, 1000]
Sender: 0.226465
Receiver: 0.227240
[1954000, 1000]
[1954000, 1000]
Sender: 0.206206
Receiver: 0.205509
[1956000, 1000]
[1956000, 1000]
Sender: 0.212212
Receiver: 0.212169
[1958000, 1000]
[1958000, 1000]
Sender: 0.206815
Receiver: 0.206184
[1960000, 1000]
[1960000, 1000]
Sender: 0.224263
Receiver: 0.224255
[1962000, 1000]
[1962000, 1000]
Sender: 0.219836
Receiver: 0.219823
[1964000, 1000]
[1964000, 1000]
Sender: 0.207842
Receiver: 0.208514
[1966000, 1000]
[1966000, 1000]
Sender: 0.206663
Receiver: 0.205988
[1968000, 1000]
[1968000, 1000]
Sender: 0.224424
Receiver: 0.224441
[1970000, 1000]
[1970000, 1000]
Sender: 0.229233
Receiver: 0.228574
[1972000, 1000]
[1972000, 1000]
Sender: 0.217574
Receiver: 0.217607
[1974000, 1000]
[1974000, 1000]
Sender: 0.206951
Receiver: 0.206945
[1976000, 1000]
[1976000, 1000]
Sender: 0.221067
Receiver: 0.221781
[1978000, 1000]
[1978000, 1000]
Sender: 0.208818
Receiver: 0.208833
[1980000, 1000]
[1980000, 1000]
Sender: 0.216655
Receiver: 0.217330
[1982000, 1000]
[1982000, 1000]
Sender: 0.217238
Receiver: 0.217209
[1984000, 1000]
[1984000, 1000]
Sender: 0.209559
Receiver: 0.208894
[1986000, 1000]
[1986000, 1000]
Sender: 0.209634
Receiver: 0.209594
[1988000, 1000]
[1988000, 1000]
Sender: 0.216983
Receiver: 0.216938
[1990000, 1000]
[1990000, 1000]
Sender: 0.210353
Receiver: 0.209634
[1992000, 1000]
[1992000, 1000]
Sender: 0.208065
Receiver: 0.207983
[1994000, 1000]
[1994000, 1000]
Sender: 0.212453
Receiver: 0.213181
[1996000, 1000]
[1996000, 1000]
Sender: 0.210680
Receiver: 0.210705
[1998000, 1000]
[1998000, 1000]
Sender: 0.214227
Receiver: 0.214977
[2000000, 1000]
[2000000, 1000]
Sender: 0.210562
Receiver: 0.210572
