[2000, 1000]
[2000, 1000]
Sender: 0.002022
Receiver: 0.001213
[4000, 1000]
[4000, 1000]
Sender: 0.001435
Receiver: 0.001494
[6000, 1000]
[6000, 1000]
Sender: 0.001522
Receiver: 0.002259
[8000, 1000]
[8000, 1000]
Sender: 0.001834
Receiver: 0.002600
[10000, 1000]
[10000, 1000]
Sender: 0.002709
Receiver: 0.001969
[12000, 1000]
[12000, 1000]
Sender: 0.002115
Receiver: 0.002116
[14000, 1000]
[14000, 1000]
Sender: 0.002432
Receiver: 0.003243
[16000, 1000]
[16000, 1000]
Sender: 0.002591
Receiver: 0.002618
[18000, 1000]
[18000, 1000]
Sender: 0.002911
Receiver: 0.002892
[20000, 1000]
[20000, 1000]
Sender: 0.003001
Receiver: 0.003026
[22000, 1000]
[22000, 1000]
Sender: 0.003363
Receiver: 0.003424
[24000, 1000]
[24000, 1000]
Sender: 0.003464
Receiver: 0.004182
[26000, 1000]
[26000, 1000]
Sender: 0.004365
Receiver: 0.003645
[28000, 1000]
[28000, 1000]
Sender: 0.003992
Receiver: 0.003997
[30000, 1000]
[30000, 1000]
Sender: 0.004291
Receiver: 0.005075
[32000, 1000]
[32000, 1000]
Sender: 0.004437
Receiver: 0.005266
[34000, 1000]
[34000, 1000]
Sender: 0.004776
Receiver: 0.004763
[36000, 1000]
[36000, 1000]
Sender: 0.004896
Receiver: 0.004913
[38000, 1000]
[38000, 1000]
Sender: 0.005608
Receiver: 0.004865
[40000, 1000]
[40000, 1000]
Sender: 0.005361
Receiver: 0.005296
[42000, 1000]
[42000, 1000]
Sender: 0.005645
Receiver: 0.005644
[44000, 1000]
[44000, 1000]
Sender: 0.005965
Receiver: 0.005347
[46000, 1000]
[46000, 1000]
Sender: 0.006180
Receiver: 0.006202
[48000, 1000]
[48000, 1000]
Sender: 0.006266
Receiver: 0.007032
[50000, 1000]
[50000, 1000]
Sender: 0.006550
Receiver: 0.006563
[52000, 1000]
[52000, 1000]
Sender: 0.006695
Receiver: 0.006681
[54000, 1000]
[54000, 1000]
Sender: 0.007086
Receiver: 0.007848
[56000, 1000]
[56000, 1000]
Sender: 0.007190
Receiver: 0.007121
[58000, 1000]
[58000, 1000]
Sender: 0.007570
Receiver: 0.008331
[60000, 1000]
[60000, 1000]
Sender: 0.007701
Receiver: 0.006947
[62000, 1000]
[62000, 1000]
Sender: 0.008031
Receiver: 0.007990
[64000, 1000]
[64000, 1000]
Sender: 0.008242
Receiver: 0.007471
[66000, 1000]
[66000, 1000]
Sender: 0.011117
Receiver: 0.010300
[68000, 1000]
[68000, 1000]
Sender: 0.011286
Receiver: 0.011258
[70000, 1000]
[70000, 1000]
Sender: 0.011438
Receiver: 0.010707
[72000, 1000]
[72000, 1000]
Sender: 0.011526
Receiver: 0.012219
[74000, 1000]
[74000, 1000]
Sender: 0.011871
Receiver: 0.011063
[76000, 1000]
[76000, 1000]
Sender: 0.012260
Receiver: 0.012277
[78000, 1000]
[78000, 1000]
Sender: 0.012241
Receiver: 0.012199
[80000, 1000]
[80000, 1000]
Sender: 0.012459
Receiver: 0.012403
[82000, 1000]
[82000, 1000]
Sender: 0.012425
Receiver: 0.013204
[84000, 1000]
[84000, 1000]
Sender: 0.012684
Receiver: 0.013455
[86000, 1000]
[86000, 1000]
Sender: 0.012970
Receiver: 0.013682
[88000, 1000]
[88000, 1000]
Sender: 0.013424
Receiver: 0.013370
[90000, 1000]
[90000, 1000]
Sender: 0.013741
Receiver: 0.013744
[92000, 1000]
[92000, 1000]
Sender: 0.013840
Receiver: 0.013068
[94000, 1000]
[94000, 1000]
Sender: 0.014041
Receiver: 0.014052
[96000, 1000]
[96000, 1000]
Sender: 0.014473
Receiver: 0.014467
[98000, 1000]
[98000, 1000]
Sender: 0.014837
Receiver: 0.014825
[100000, 1000]
[100000, 1000]
Sender: 0.014253
Receiver: 0.015032
[102000, 1000]
[102000, 1000]
Sender: 0.014844
Receiver: 0.014066
[104000, 1000]
[104000, 1000]
Sender: 0.015304
Receiver: 0.015301
[106000, 1000]
[106000, 1000]
Sender: 0.015431
Receiver: 0.015447
[108000, 1000]
[108000, 1000]
Sender: 0.015754
Receiver: 0.015766
[110000, 1000]
[110000, 1000]
Sender: 0.015913
Receiver: 0.015112
[112000, 1000]
[112000, 1000]
Sender: 0.016073
Receiver: 0.015305
[114000, 1000]
[114000, 1000]
Sender: 0.016443
Receiver: 0.016428
[116000, 1000]
[116000, 1000]
Sender: 0.016588
Receiver: 0.016613
[118000, 1000]
[118000, 1000]
Sender: 0.016396
Receiver: 0.017116
[120000, 1000]
[120000, 1000]
Sender: 0.016916
Receiver: 0.016891
[122000, 1000]
[122000, 1000]
Sender: 0.016919
Receiver: 0.016925
[124000, 1000]
[124000, 1000]
Sender: 0.016848
Receiver: 0.017611
[126000, 1000]
[126000, 1000]
Sender: 0.017644
Receiver: 0.017615
[128000, 1000]
[128000, 1000]
Sender: 0.017934
Receiver: 0.017986
[130000, 1000]
[130000, 1000]
Sender: 0.018193
Receiver: 0.018172
[132000, 1000]
[132000, 1000]
Sender: 0.020211
Receiver: 0.021002
[134000, 1000]
[134000, 1000]
Sender: 0.020825
Receiver: 0.020826
[136000, 1000]
[136000, 1000]
Sender: 0.020355
Receiver: 0.021161
[138000, 1000]
[138000, 1000]
Sender: 0.020845
Receiver: 0.020853
[140000, 1000]
[140000, 1000]
Sender: 0.022194
Receiver: 0.022164
[142000, 1000]
[142000, 1000]
Sender: 0.021999
Receiver: 0.021344
[144000, 1000]
[144000, 1000]
Sender: 0.021609
Receiver: 0.022345
[146000, 1000]
[146000, 1000]
Sender: 0.021832
Receiver: 0.021799
[148000, 1000]
[148000, 1000]
Sender: 0.022153
Receiver: 0.021411
[150000, 1000]
[150000, 1000]
Sender: 0.022174
Receiver: 0.022121
[152000, 1000]
[152000, 1000]
Sender: 0.022631
Receiver: 0.022555
[154000, 1000]
[154000, 1000]
Sender: 0.023029
Receiver: 0.022328
[156000, 1000]
[156000, 1000]
Sender: 0.023077
Receiver: 0.023043
[158000, 1000]
[158000, 1000]
Sender: 0.023082
Receiver: 0.023098
[160000, 1000]
[160000, 1000]
Sender: 0.023543
Receiver: 0.023438
[162000, 1000]
[162000, 1000]
Sender: 0.023576
Receiver: 0.023554
[164000, 1000]
[164000, 1000]
Sender: 0.025331
Receiver: 0.024670
[166000, 1000]
[166000, 1000]
Sender: 0.024628
Receiver: 0.023902
[168000, 1000]
[168000, 1000]
Sender: 0.025243
Receiver: 0.025185
[170000, 1000]
[170000, 1000]
Sender: 0.024997
Receiver: 0.025815
[172000, 1000]
[172000, 1000]
Sender: 0.025062
Receiver: 0.024279
[174000, 1000]
[174000, 1000]
Sender: 0.025399
Receiver: 0.025404
[176000, 1000]
[176000, 1000]
Sender: 0.025391
Receiver: 0.025346
[178000, 1000]
[178000, 1000]
Sender: 0.025951
Receiver: 0.025198
[180000, 1000]
[180000, 1000]
Sender: 0.025833
Receiver: 0.025774
[182000, 1000]
[182000, 1000]
Sender: 0.026202
Receiver: 0.026255
[184000, 1000]
[184000, 1000]
Sender: 0.026525
Receiver: 0.026575
[186000, 1000]
[186000, 1000]
Sender: 0.026697
Receiver: 0.026698
[188000, 1000]
[188000, 1000]
Sender: 0.027182
Receiver: 0.027229
[190000, 1000]
[190000, 1000]
Sender: 0.027430
Receiver: 0.027413
[192000, 1000]
[192000, 1000]
Sender: 0.027741
Receiver: 0.027760
[194000, 1000]
[194000, 1000]
Sender: 0.028209
Receiver: 0.028244
[196000, 1000]
[196000, 1000]
Sender: 0.027878
Receiver: 0.027866
[198000, 1000]
[198000, 1000]
Sender: 0.028573
Receiver: 0.027810
[200000, 1000]
[200000, 1000]
Sender: 0.028806
Receiver: 0.027999
[202000, 1000]
[202000, 1000]
Sender: 0.029201
Receiver: 0.029186
[204000, 1000]
[204000, 1000]
Sender: 0.029418
Receiver: 0.029424
[206000, 1000]
[206000, 1000]
Sender: 0.028750
Receiver: 0.029529
[208000, 1000]
[208000, 1000]
Sender: 0.030117
Receiver: 0.030142
[210000, 1000]
[210000, 1000]
Sender: 0.030031
Receiver: 0.030004
[212000, 1000]
[212000, 1000]
Sender: 0.030492
Receiver: 0.029654
[214000, 1000]
[214000, 1000]
Sender: 0.030717
Receiver: 0.030698
[216000, 1000]
[216000, 1000]
Sender: 0.030818
Receiver: 0.030788
[218000, 1000]
[218000, 1000]
Sender: 0.030807
Receiver: 0.030026
[220000, 1000]
[220000, 1000]
Sender: 0.031590
Receiver: 0.030831
[222000, 1000]
[222000, 1000]
Sender: 0.031585
Receiver: 0.032259
[224000, 1000]
[224000, 1000]
Sender: 0.032084
Receiver: 0.032104
[226000, 1000]
[226000, 1000]
Sender: 0.032189
Receiver: 0.031453
[228000, 1000]
[228000, 1000]
Sender: 0.032439
Receiver: 0.032445
[230000, 1000]
[230000, 1000]
Sender: 0.033045
Receiver: 0.033051
[232000, 1000]
[232000, 1000]
Sender: 0.033084
Receiver: 0.033074
[234000, 1000]
[234000, 1000]
Sender: 0.033462
Receiver: 0.033442
[236000, 1000]
[236000, 1000]
Sender: 0.033768
Receiver: 0.033769
[238000, 1000]
[238000, 1000]
Sender: 0.033936
Receiver: 0.033206
[240000, 1000]
[240000, 1000]
Sender: 0.034336
Receiver: 0.034399
[242000, 1000]
[242000, 1000]
Sender: 0.034321
Receiver: 0.034359
[244000, 1000]
[244000, 1000]
Sender: 0.034937
Receiver: 0.034965
[246000, 1000]
[246000, 1000]
Sender: 0.034361
Receiver: 0.035072
[248000, 1000]
[248000, 1000]
Sender: 0.034751
Receiver: 0.034705
[250000, 1000]
[250000, 1000]
Sender: 0.034731
Receiver: 0.035509
[252000, 1000]
[252000, 1000]
Sender: 0.035903
Receiver: 0.035965
[254000, 1000]
[254000, 1000]
Sender: 0.035493
Receiver: 0.034720
[256000, 1000]
[256000, 1000]
Sender: 0.036365
Receiver: 0.036380
[258000, 1000]
[258000, 1000]
Sender: 0.035998
Receiver: 0.035231
[260000, 1000]
[260000, 1000]
Sender: 0.036760
Receiver: 0.036759
[262000, 1000]
[262000, 1000]
Sender: 0.035995
Receiver: 0.036743
[264000, 1000]
[264000, 1000]
Sender: 0.036855
Receiver: 0.037638
[266000, 1000]
[266000, 1000]
Sender: 0.037207
Receiver: 0.036431
[268000, 1000]
[268000, 1000]
Sender: 0.037169
Receiver: 0.036371
[270000, 1000]
[270000, 1000]
Sender: 0.045672
Receiver: 0.045760
[272000, 1000]
[272000, 1000]
Sender: 0.037504
Receiver: 0.038258
[274000, 1000]
[274000, 1000]
Sender: 0.037827
Receiver: 0.037845
[276000, 1000]
[276000, 1000]
Sender: 0.039592
Receiver: 0.040396
[278000, 1000]
[278000, 1000]
Sender: 0.039299
Receiver: 0.039393
[280000, 1000]
[280000, 1000]
Sender: 0.038899
Receiver: 0.039588
[282000, 1000]
[282000, 1000]
Sender: 0.039587
Receiver: 0.039623
[284000, 1000]
[284000, 1000]
Sender: 0.040269
Receiver: 0.039493
[286000, 1000]
[286000, 1000]
Sender: 0.039475
Receiver: 0.040266
[288000, 1000]
[288000, 1000]
Sender: 0.040329
Receiver: 0.039571
[290000, 1000]
[290000, 1000]
Sender: 0.040414
Receiver: 0.040448
[292000, 1000]
[292000, 1000]
Sender: 0.040904
Receiver: 0.040922
[294000, 1000]
[294000, 1000]
Sender: 0.040904
Receiver: 0.040908
[296000, 1000]
[296000, 1000]
Sender: 0.041317
Receiver: 0.041283
[298000, 1000]
[298000, 1000]
Sender: 0.040961
Receiver: 0.041734
[300000, 1000]
[300000, 1000]
Sender: 0.041825
Receiver: 0.041041
[302000, 1000]
[302000, 1000]
Sender: 0.041675
Receiver: 0.041666
[304000, 1000]
[304000, 1000]
Sender: 0.042361
Receiver: 0.042372
[306000, 1000]
[306000, 1000]
Sender: 0.043812
Receiver: 0.043835
[308000, 1000]
[308000, 1000]
Sender: 0.042531
Receiver: 0.042512
[310000, 1000]
[310000, 1000]
Sender: 0.045248
Receiver: 0.044480
[312000, 1000]
[312000, 1000]
Sender: 0.044416
Receiver: 0.044527
[314000, 1000]
[314000, 1000]
Sender: 0.043411
Receiver: 0.043410
[316000, 1000]
[316000, 1000]
Sender: 0.043467
Receiver: 0.043470
[318000, 1000]
[318000, 1000]
Sender: 0.043931
Receiver: 0.043941
[320000, 1000]
[320000, 1000]
Sender: 0.044149
Receiver: 0.043330
[322000, 1000]
[322000, 1000]
Sender: 0.044230
Receiver: 0.043455
[324000, 1000]
[324000, 1000]
Sender: 0.044692
Receiver: 0.045421
[326000, 1000]
[326000, 1000]
Sender: 0.046153
Receiver: 0.046131
[328000, 1000]
[328000, 1000]
Sender: 0.045207
Receiver: 0.045213
[330000, 1000]
[330000, 1000]
Sender: 0.045742
Receiver: 0.045788
[332000, 1000]
[332000, 1000]
Sender: 0.045279
Receiver: 0.045294
[334000, 1000]
[334000, 1000]
Sender: 0.045639
Receiver: 0.045588
[336000, 1000]
[336000, 1000]
Sender: 0.045675
Receiver: 0.045708
[338000, 1000]
[338000, 1000]
Sender: 0.046803
Receiver: 0.045847
[340000, 1000]
[340000, 1000]
Sender: 0.046827
Receiver: 0.046143
[342000, 1000]
[342000, 1000]
Sender: 0.046591
Receiver: 0.046591
[344000, 1000]
[344000, 1000]
Sender: 0.046938
Receiver: 0.046944
[346000, 1000]
[346000, 1000]
Sender: 0.049070
Receiver: 0.049090
[348000, 1000]
[348000, 1000]
Sender: 0.047594
Receiver: 0.047600
[350000, 1000]
[350000, 1000]
Sender: 0.047213
Receiver: 0.047941
[352000, 1000]
[352000, 1000]
Sender: 0.047909
Receiver: 0.047167
[354000, 1000]
[354000, 1000]
Sender: 0.047935
Receiver: 0.047921
[356000, 1000]
[356000, 1000]
Sender: 0.048627
Receiver: 0.048576
[358000, 1000]
[358000, 1000]
Sender: 0.048757
Receiver: 0.048011
[360000, 1000]
[360000, 1000]
Sender: 0.049032
Receiver: 0.048259
[362000, 1000]
[362000, 1000]
Sender: 0.048829
Receiver: 0.049598
[364000, 1000]
[364000, 1000]
Sender: 0.049604
Receiver: 0.049635
[366000, 1000]
[366000, 1000]
Sender: 0.049383
Receiver: 0.050141
[368000, 1000]
[368000, 1000]
Sender: 0.050255
Receiver: 0.049497
[370000, 1000]
[370000, 1000]
Sender: 0.049710
Receiver: 0.050418
[372000, 1000]
[372000, 1000]
Sender: 0.050148
Receiver: 0.050894
[374000, 1000]
[374000, 1000]
Sender: 0.050254
Receiver: 0.051037
[376000, 1000]
[376000, 1000]
Sender: 0.051001
Receiver: 0.050298
[378000, 1000]
[378000, 1000]
Sender: 0.051200
Receiver: 0.051182
[380000, 1000]
[380000, 1000]
Sender: 0.050822
Receiver: 0.051566
[382000, 1000]
[382000, 1000]
Sender: 0.052246
Receiver: 0.052219
[384000, 1000]
[384000, 1000]
Sender: 0.051755
Receiver: 0.051811
[386000, 1000]
[386000, 1000]
Sender: 0.052313
Receiver: 0.052297
[388000, 1000]
[388000, 1000]
Sender: 0.051795
Receiver: 0.051015
[390000, 1000]
[390000, 1000]
Sender: 0.052484
Receiver: 0.051692
[392000, 1000]
[392000, 1000]
Sender: 0.053356
Receiver: 0.053377
[394000, 1000]
[394000, 1000]
Sender: 0.053260
Receiver: 0.052508
[396000, 1000]
[396000, 1000]
Sender: 0.053394
Receiver: 0.053440
[398000, 1000]
[398000, 1000]
Sender: 0.053088
Receiver: 0.053850
[400000, 1000]
[400000, 1000]
Sender: 0.053744
Receiver: 0.053744
[402000, 1000]
[402000, 1000]
Sender: 0.054052
Receiver: 0.054050
[404000, 1000]
[404000, 1000]
Sender: 0.054302
Receiver: 0.054302
[406000, 1000]
[406000, 1000]
Sender: 0.054456
Receiver: 0.053717
[408000, 1000]
[408000, 1000]
Sender: 0.054617
Receiver: 0.053910
[410000, 1000]
[410000, 1000]
Sender: 0.055049
Receiver: 0.055101
[412000, 1000]
[412000, 1000]
Sender: 0.055288
Receiver: 0.054490
[414000, 1000]
[414000, 1000]
Sender: 0.055411
Receiver: 0.055448
[416000, 1000]
[416000, 1000]
Sender: 0.055845
Receiver: 0.055852
[418000, 1000]
[418000, 1000]
Sender: 0.056014
Receiver: 0.055218
[420000, 1000]
[420000, 1000]
Sender: 0.056188
Receiver: 0.056185
[422000, 1000]
[422000, 1000]
Sender: 0.055791
Receiver: 0.056544
[424000, 1000]
[424000, 1000]
Sender: 0.055659
Receiver: 0.056447
[426000, 1000]
[426000, 1000]
Sender: 0.057061
Receiver: 0.056254
[428000, 1000]
[428000, 1000]
Sender: 0.057344
Receiver: 0.057311
[430000, 1000]
[430000, 1000]
Sender: 0.057441
Receiver: 0.057434
[432000, 1000]
[432000, 1000]
Sender: 0.057665
Receiver: 0.057666
[434000, 1000]
[434000, 1000]
Sender: 0.057438
Receiver: 0.057474
[436000, 1000]
[436000, 1000]
Sender: 0.058237
Receiver: 0.058267
[438000, 1000]
[438000, 1000]
Sender: 0.058492
Receiver: 0.058514
[440000, 1000]
[440000, 1000]
Sender: 0.058046
Receiver: 0.058050
[442000, 1000]
[442000, 1000]
Sender: 0.058856
Receiver: 0.058847
[444000, 1000]
[444000, 1000]
Sender: 0.057883
Receiver: 0.058637
[446000, 1000]
[446000, 1000]
Sender: 0.058827
Receiver: 0.058850
[448000, 1000]
[448000, 1000]
Sender: 0.059656
Receiver: 0.059669
[450000, 1000]
[450000, 1000]
Sender: 0.058712
Receiver: 0.059452
[452000, 1000]
[452000, 1000]
Sender: 0.060117
Receiver: 0.060143
[454000, 1000]
[454000, 1000]
Sender: 0.060283
Receiver: 0.059544
[456000, 1000]
[456000, 1000]
Sender: 0.060493
Receiver: 0.059766
[458000, 1000]
[458000, 1000]
Sender: 0.060182
Receiver: 0.060204
[460000, 1000]
[460000, 1000]
Sender: 0.060978
Receiver: 0.060975
[462000, 1000]
[462000, 1000]
Sender: 0.060418
Receiver: 0.061156
[464000, 1000]
[464000, 1000]
Sender: 0.061357
Receiver: 0.060593
[466000, 1000]
[466000, 1000]
Sender: 0.061083
Receiver: 0.061871
[468000, 1000]
[468000, 1000]
Sender: 0.062122
Receiver: 0.061310
[470000, 1000]
[470000, 1000]
Sender: 0.061966
Receiver: 0.062065
[472000, 1000]
[472000, 1000]
Sender: 0.062213
Receiver: 0.061473
[474000, 1000]
[474000, 1000]
Sender: 0.061640
Receiver: 0.062363
[476000, 1000]
[476000, 1000]
Sender: 0.062091
Receiver: 0.062859
[478000, 1000]
[478000, 1000]
Sender: 0.063075
Receiver: 0.063103
[480000, 1000]
[480000, 1000]
Sender: 0.062487
Receiver: 0.063279
[482000, 1000]
[482000, 1000]
Sender: 0.063440
Receiver: 0.063426
[484000, 1000]
[484000, 1000]
Sender: 0.063561
Receiver: 0.063588
[486000, 1000]
[486000, 1000]
Sender: 0.063647
Receiver: 0.063627
[488000, 1000]
[488000, 1000]
Sender: 0.064197
Receiver: 0.064146
[490000, 1000]
[490000, 1000]
Sender: 0.064387
Receiver: 0.064372
[492000, 1000]
[492000, 1000]
Sender: 0.064533
Receiver: 0.064477
[494000, 1000]
[494000, 1000]
Sender: 0.065339
Receiver: 0.066069
[496000, 1000]
[496000, 1000]
Sender: 0.064460
Receiver: 0.065202
[498000, 1000]
[498000, 1000]
Sender: 0.065170
Receiver: 0.065154
[500000, 1000]
[500000, 1000]
Sender: 0.064986
Receiver: 0.065827
[502000, 1000]
[502000, 1000]
Sender: 0.065860
Receiver: 0.065842
[504000, 1000]
[504000, 1000]
Sender: 0.065199
Receiver: 0.065995
[506000, 1000]
[506000, 1000]
Sender: 0.065843
Receiver: 0.066612
[508000, 1000]
[508000, 1000]
Sender: 0.066437
Receiver: 0.066437
[510000, 1000]
[510000, 1000]
Sender: 0.065915
Receiver: 0.066612
[512000, 1000]
[512000, 1000]
Sender: 0.066634
Receiver: 0.065867
[514000, 1000]
[514000, 1000]
Sender: 0.067172
Receiver: 0.067175
[516000, 1000]
[516000, 1000]
Sender: 0.067354
Receiver: 0.066658
[518000, 1000]
[518000, 1000]
Sender: 0.067619
Receiver: 0.067618
[520000, 1000]
[520000, 1000]
Sender: 0.067777
Receiver: 0.067805
[522000, 1000]
[522000, 1000]
Sender: 0.067791
Receiver: 0.067801
[524000, 1000]
[524000, 1000]
Sender: 0.068159
Receiver: 0.068235
[526000, 1000]
[526000, 1000]
Sender: 0.070358
Receiver: 0.069633
[528000, 1000]
[528000, 1000]
Sender: 0.068776
Receiver: 0.068782
[530000, 1000]
[530000, 1000]
Sender: 0.068431
Receiver: 0.069214
[532000, 1000]
[532000, 1000]
Sender: 0.069385
Receiver: 0.069364
[534000, 1000]
[534000, 1000]
Sender: 0.069249
Receiver: 0.068529
[536000, 1000]
[536000, 1000]
Sender: 0.069960
Receiver: 0.070004
[538000, 1000]
[538000, 1000]
Sender: 0.069951
Receiver: 0.069950
[540000, 1000]
[540000, 1000]
Sender: 0.069530
Receiver: 0.070329
[542000, 1000]
[542000, 1000]
Sender: 0.070252
Receiver: 0.069492
[544000, 1000]
[544000, 1000]
Sender: 0.070296
Receiver: 0.071091
[546000, 1000]
[546000, 1000]
Sender: 0.071160
Receiver: 0.070354
[548000, 1000]
[548000, 1000]
Sender: 0.071791
Receiver: 0.071001
[550000, 1000]
[550000, 1000]
Sender: 0.071422
Receiver: 0.071440
[552000, 1000]
[552000, 1000]
Sender: 0.071951
Receiver: 0.071259
[554000, 1000]
[554000, 1000]
Sender: 0.072062
Receiver: 0.072093
[556000, 1000]
[556000, 1000]
Sender: 0.072137
Receiver: 0.071390
[558000, 1000]
[558000, 1000]
Sender: 0.072676
Receiver: 0.072668
[560000, 1000]
[560000, 1000]
Sender: 0.073031
Receiver: 0.072990
[562000, 1000]
[562000, 1000]
Sender: 0.073176
Receiver: 0.072432
[564000, 1000]
[564000, 1000]
Sender: 0.073674
Receiver: 0.072961
[566000, 1000]
[566000, 1000]
Sender: 0.073066
Receiver: 0.073834
[568000, 1000]
[568000, 1000]
Sender: 0.073206
Receiver: 0.073906
[570000, 1000]
[570000, 1000]
Sender: 0.073786
Receiver: 0.073779
[572000, 1000]
[572000, 1000]
Sender: 0.073545
Receiver: 0.074315
[574000, 1000]
[574000, 1000]
Sender: 0.074543
Receiver: 0.074560
[576000, 1000]
[576000, 1000]
Sender: 0.074886
Receiver: 0.074162
[578000, 1000]
[578000, 1000]
Sender: 0.074716
Receiver: 0.074724
[580000, 1000]
[580000, 1000]
Sender: 0.088596
Receiver: 0.087914
[582000, 1000]
[582000, 1000]
Sender: 0.076175
Receiver: 0.076188
[584000, 1000]
[584000, 1000]
Sender: 0.075251
Receiver: 0.076116
[586000, 1000]
[586000, 1000]
Sender: 0.077630
Receiver: 0.078402
[588000, 1000]
[588000, 1000]
Sender: 0.078934
Receiver: 0.078149
[590000, 1000]
[590000, 1000]
Sender: 0.076425
Receiver: 0.077243
[592000, 1000]
[592000, 1000]
Sender: 0.076617
Receiver: 0.077422
[594000, 1000]
[594000, 1000]
Sender: 0.077424
Receiver: 0.076645
[596000, 1000]
[596000, 1000]
Sender: 0.078372
Receiver: 0.077507
[598000, 1000]
[598000, 1000]
Sender: 0.077584
Receiver: 0.077627
[600000, 1000]
[600000, 1000]
Sender: 0.081714
Receiver: 0.082515
[602000, 1000]
[602000, 1000]
Sender: 0.078578
Receiver: 0.077900
[604000, 1000]
[604000, 1000]
Sender: 0.078176
Receiver: 0.077461
[606000, 1000]
[606000, 1000]
Sender: 0.078569
Receiver: 0.078704
[608000, 1000]
[608000, 1000]
Sender: 0.079878
Receiver: 0.080662
[610000, 1000]
[610000, 1000]
Sender: 0.078631
Receiver: 0.078677
[612000, 1000]
[612000, 1000]
Sender: 0.079326
Receiver: 0.079386
[614000, 1000]
[614000, 1000]
Sender: 0.079062
Receiver: 0.078309
[616000, 1000]
[616000, 1000]
Sender: 0.079726
Receiver: 0.079763
[618000, 1000]
[618000, 1000]
Sender: 0.079252
Receiver: 0.080030
[620000, 1000]
[620000, 1000]
Sender: 0.079398
Receiver: 0.080160
[622000, 1000]
[622000, 1000]
Sender: 0.079945
Receiver: 0.079978
[624000, 1000]
[624000, 1000]
Sender: 0.079634
Receiver: 0.080434
[626000, 1000]
[626000, 1000]
Sender: 0.080471
Receiver: 0.080482
[628000, 1000]
[628000, 1000]
Sender: 0.080487
Receiver: 0.081179
[630000, 1000]
[630000, 1000]
Sender: 0.080401
Receiver: 0.081138
[632000, 1000]
[632000, 1000]
Sender: 0.081664
Receiver: 0.081682
[634000, 1000]
[634000, 1000]
Sender: 0.081431
Receiver: 0.081457
[636000, 1000]
[636000, 1000]
Sender: 0.081922
Receiver: 0.081964
[638000, 1000]
[638000, 1000]
Sender: 0.082244
Receiver: 0.082233
[640000, 1000]
[640000, 1000]
Sender: 0.082264
Receiver: 0.081595
[642000, 1000]
[642000, 1000]
Sender: 0.082423
Receiver: 0.082412
[644000, 1000]
[644000, 1000]
Sender: 0.083666
Receiver: 0.082966
[646000, 1000]
[646000, 1000]
Sender: 0.082899
Receiver: 0.082174
[648000, 1000]
[648000, 1000]
Sender: 0.083549
Receiver: 0.082750
[650000, 1000]
[650000, 1000]
Sender: 0.083668
Receiver: 0.082901
[652000, 1000]
[652000, 1000]
Sender: 0.083588
Receiver: 0.083599
[654000, 1000]
[654000, 1000]
Sender: 0.083777
Receiver: 0.083875
[656000, 1000]
[656000, 1000]
Sender: 0.084450
Receiver: 0.083682
[658000, 1000]
[658000, 1000]
Sender: 0.083850
Receiver: 0.084536
[660000, 1000]
[660000, 1000]
Sender: 0.085893
Receiver: 0.085162
[662000, 1000]
[662000, 1000]
Sender: 0.084206
Receiver: 0.084913
[664000, 1000]
[664000, 1000]
Sender: 0.084891
Receiver: 0.084900
[666000, 1000]
[666000, 1000]
Sender: 0.085404
Receiver: 0.084745
[668000, 1000]
[668000, 1000]
Sender: 0.085515
Receiver: 0.085507
[670000, 1000]
[670000, 1000]
Sender: 0.085058
Receiver: 0.085840
[672000, 1000]
[672000, 1000]
Sender: 0.085593
Receiver: 0.085592
[674000, 1000]
[674000, 1000]
Sender: 0.086500
Receiver: 0.086512
[676000, 1000]
[676000, 1000]
Sender: 0.086057
Receiver: 0.086831
[678000, 1000]
[678000, 1000]
Sender: 0.086802
Receiver: 0.086111
[680000, 1000]
[680000, 1000]
Sender: 0.086944
Receiver: 0.086926
[682000, 1000]
[682000, 1000]
Sender: 0.087171
Receiver: 0.087200
[684000, 1000]
[684000, 1000]
Sender: 0.087164
Receiver: 0.087179
[686000, 1000]
[686000, 1000]
Sender: 0.086925
Receiver: 0.087695
[688000, 1000]
[688000, 1000]
Sender: 0.087770
Receiver: 0.087823
[690000, 1000]
[690000, 1000]
Sender: 0.088554
Receiver: 0.088629
[692000, 1000]
[692000, 1000]
Sender: 0.088406
Receiver: 0.087645
[694000, 1000]
[694000, 1000]
Sender: 0.088652
Receiver: 0.088624
[696000, 1000]
[696000, 1000]
Sender: 0.089114
Receiver: 0.089078
[698000, 1000]
[698000, 1000]
Sender: 0.089203
Receiver: 0.089280
[700000, 1000]
[700000, 1000]
Sender: 0.089171
Receiver: 0.089172
[702000, 1000]
[702000, 1000]
Sender: 0.089931
Receiver: 0.089888
[704000, 1000]
[704000, 1000]
Sender: 0.090183
Receiver: 0.089465
[706000, 1000]
[706000, 1000]
Sender: 0.089803
Receiver: 0.089831
[708000, 1000]
[708000, 1000]
Sender: 0.090218
Receiver: 0.090207
[710000, 1000]
[710000, 1000]
Sender: 0.090400
Receiver: 0.089685
[712000, 1000]
[712000, 1000]
Sender: 0.091500
Receiver: 0.090748
[714000, 1000]
[714000, 1000]
Sender: 0.090436
Receiver: 0.091233
[716000, 1000]
[716000, 1000]
Sender: 0.091053
Receiver: 0.091051
[718000, 1000]
[718000, 1000]
Sender: 0.095330
Receiver: 0.094475
[720000, 1000]
[720000, 1000]
Sender: 0.092123
Receiver: 0.091268
[722000, 1000]
[722000, 1000]
Sender: 0.092076
Receiver: 0.092061
[724000, 1000]
[724000, 1000]
Sender: 0.092558
Receiver: 0.091770
[726000, 1000]
[726000, 1000]
Sender: 0.092756
Receiver: 0.092763
[728000, 1000]
[728000, 1000]
Sender: 0.092858
Receiver: 0.092880
[730000, 1000]
[730000, 1000]
Sender: 0.092592
Receiver: 0.093399
[732000, 1000]
[732000, 1000]
Sender: 0.093114
Receiver: 0.093102
[734000, 1000]
[734000, 1000]
Sender: 0.093133
Receiver: 0.092475
[736000, 1000]
[736000, 1000]
Sender: 0.092996
Receiver: 0.092307
[738000, 1000]
[738000, 1000]
Sender: 0.093021
Receiver: 0.093127
[740000, 1000]
[740000, 1000]
Sender: 0.093870
Receiver: 0.093857
[742000, 1000]
[742000, 1000]
Sender: 0.094293
Receiver: 0.093556
[744000, 1000]
[744000, 1000]
Sender: 0.094504
Receiver: 0.094559
[746000, 1000]
[746000, 1000]
Sender: 0.095108
Receiver: 0.095097
[748000, 1000]
[748000, 1000]
Sender: 0.094673
Receiver: 0.093963
[750000, 1000]
[750000, 1000]
Sender: 0.095175
Receiver: 0.095217
[752000, 1000]
[752000, 1000]
Sender: 0.095210
Receiver: 0.094458
[754000, 1000]
[754000, 1000]
Sender: 0.095109
Receiver: 0.095971
[756000, 1000]
[756000, 1000]
Sender: 0.096319
Receiver: 0.096350
[758000, 1000]
[758000, 1000]
Sender: 0.095887
Receiver: 0.095919
[760000, 1000]
[760000, 1000]
Sender: 0.096629
Receiver: 0.095876
[762000, 1000]
[762000, 1000]
Sender: 0.096754
Receiver: 0.096779
[764000, 1000]
[764000, 1000]
Sender: 0.096990
Receiver: 0.097023
[766000, 1000]
[766000, 1000]
Sender: 0.096671
Receiver: 0.095845
[768000, 1000]
[768000, 1000]
Sender: 0.097877
Receiver: 0.097893
[770000, 1000]
[770000, 1000]
Sender: 0.097970
Receiver: 0.097984
[772000, 1000]
[772000, 1000]
Sender: 0.097883
Receiver: 0.097904
[774000, 1000]
[774000, 1000]
Sender: 0.097996
Receiver: 0.098036
[776000, 1000]
[776000, 1000]
Sender: 0.097651
Receiver: 0.098423
[778000, 1000]
[778000, 1000]
Sender: 0.098418
Receiver: 0.098439
[780000, 1000]
[780000, 1000]
Sender: 0.098239
Receiver: 0.097531
[782000, 1000]
[782000, 1000]
Sender: 0.099203
Receiver: 0.098448
[784000, 1000]
[784000, 1000]
Sender: 0.098544
Receiver: 0.099303
[786000, 1000]
[786000, 1000]
Sender: 0.098416
Receiver: 0.099218
[788000, 1000]
[788000, 1000]
Sender: 0.100043
Receiver: 0.100019
[790000, 1000]
[790000, 1000]
Sender: 0.099418
Receiver: 0.100189
[792000, 1000]
[792000, 1000]
Sender: 0.099891
Receiver: 0.099910
[794000, 1000]
[794000, 1000]
Sender: 0.099905
Receiver: 0.099170
[796000, 1000]
[796000, 1000]
Sender: 0.100245
Receiver: 0.099533
[798000, 1000]
[798000, 1000]
Sender: 0.100212
Receiver: 0.100995
[800000, 1000]
[800000, 1000]
Sender: 0.101277
Receiver: 0.102103
[802000, 1000]
[802000, 1000]
Sender: 0.100861
Receiver: 0.101754
[804000, 1000]
[804000, 1000]
Sender: 0.100671
Receiver: 0.101500
[806000, 1000]
[806000, 1000]
Sender: 0.101796
Receiver: 0.101747
[808000, 1000]
[808000, 1000]
Sender: 0.102276
Receiver: 0.102265
[810000, 1000]
[810000, 1000]
Sender: 0.101804
Receiver: 0.102543
[812000, 1000]
[812000, 1000]
Sender: 0.102180
Receiver: 0.102210
[814000, 1000]
[814000, 1000]
Sender: 0.103105
Receiver: 0.103076
[816000, 1000]
[816000, 1000]
Sender: 0.102941
Receiver: 0.102946
[818000, 1000]
[818000, 1000]
Sender: 0.103811
Receiver: 0.103072
[820000, 1000]
[820000, 1000]
Sender: 0.103476
Receiver: 0.103427
[822000, 1000]
[822000, 1000]
Sender: 0.104186
Receiver: 0.104214
[824000, 1000]
[824000, 1000]
Sender: 0.104287
Receiver: 0.104261
[826000, 1000]
[826000, 1000]
Sender: 0.104826
Receiver: 0.104882
[828000, 1000]
[828000, 1000]
Sender: 0.104150
Receiver: 0.104929
[830000, 1000]
[830000, 1000]
Sender: 0.104354
Receiver: 0.105190
[832000, 1000]
[832000, 1000]
Sender: 0.104440
Receiver: 0.104438
[834000, 1000]
[834000, 1000]
Sender: 0.106152
Receiver: 0.106806
[836000, 1000]
[836000, 1000]
Sender: 0.105603
Receiver: 0.105607
[838000, 1000]
[838000, 1000]
Sender: 0.105817
Receiver: 0.105100
[840000, 1000]
[840000, 1000]
Sender: 0.106614
Receiver: 0.106633
[842000, 1000]
[842000, 1000]
Sender: 0.106423
Receiver: 0.106430
[844000, 1000]
[844000, 1000]
Sender: 0.105895
Receiver: 0.105153
[846000, 1000]
[846000, 1000]
Sender: 0.106853
Receiver: 0.106839
[848000, 1000]
[848000, 1000]
Sender: 0.106924
Receiver: 0.106146
[850000, 1000]
[850000, 1000]
Sender: 0.107546
Receiver: 0.107504
[852000, 1000]
[852000, 1000]
Sender: 0.107166
Receiver: 0.107191
[854000, 1000]
[854000, 1000]
Sender: 0.107221
Receiver: 0.108039
[856000, 1000]
[856000, 1000]
Sender: 0.108321
Receiver: 0.108391
[858000, 1000]
[858000, 1000]
Sender: 0.108289
Receiver: 0.107548
[860000, 1000]
[860000, 1000]
Sender: 0.108489
Receiver: 0.107703
[862000, 1000]
[862000, 1000]
Sender: 0.107667
Receiver: 0.108498
[864000, 1000]
[864000, 1000]
Sender: 0.109230
Receiver: 0.108489
[866000, 1000]
[866000, 1000]
Sender: 0.108801
Receiver: 0.108026
[868000, 1000]
[868000, 1000]
Sender: 0.109666
Receiver: 0.109653
[870000, 1000]
[870000, 1000]
Sender: 0.109905
Receiver: 0.109937
[872000, 1000]
[872000, 1000]
Sender: 0.110030
Receiver: 0.109999
[874000, 1000]
[874000, 1000]
Sender: 0.110030
Receiver: 0.110072
[876000, 1000]
[876000, 1000]
Sender: 0.110418
Receiver: 0.110439
[878000, 1000]
[878000, 1000]
Sender: 0.110016
Receiver: 0.110037
[880000, 1000]
[880000, 1000]
Sender: 0.110561
Receiver: 0.110619
[882000, 1000]
[882000, 1000]
Sender: 0.111040
Receiver: 0.111104
[884000, 1000]
[884000, 1000]
Sender: 0.111016
Receiver: 0.111064
[886000, 1000]
[886000, 1000]
Sender: 0.111330
Receiver: 0.111312
[888000, 1000]
[888000, 1000]
Sender: 0.111196
Receiver: 0.112015
[890000, 1000]
[890000, 1000]
Sender: 0.111469
Receiver: 0.111475
[892000, 1000]
[892000, 1000]
Sender: 0.111856
Receiver: 0.111930
[894000, 1000]
[894000, 1000]
Sender: 0.112098
Receiver: 0.111387
[896000, 1000]
[896000, 1000]
Sender: 0.112778
Receiver: 0.112021
[898000, 1000]
[898000, 1000]
Sender: 0.112486
Receiver: 0.112515
[900000, 1000]
[900000, 1000]
Sender: 0.113326
Receiver: 0.113275
[902000, 1000]
[902000, 1000]
Sender: 0.113816
Receiver: 0.113827
[904000, 1000]
[904000, 1000]
Sender: 0.113267
Receiver: 0.113234
[906000, 1000]
[906000, 1000]
Sender: 0.113316
Receiver: 0.114052
[908000, 1000]
[908000, 1000]
Sender: 0.114345
Receiver: 0.114393
[910000, 1000]
[910000, 1000]
Sender: 0.114371
Receiver: 0.113559
[912000, 1000]
[912000, 1000]
Sender: 0.113764
Receiver: 0.114602
[914000, 1000]
[914000, 1000]
Sender: 0.115448
Receiver: 0.115472
[916000, 1000]
[916000, 1000]
Sender: 0.115247
Receiver: 0.115269
[918000, 1000]
[918000, 1000]
Sender: 0.115047
Receiver: 0.115038
[920000, 1000]
[920000, 1000]
Sender: 0.114955
Receiver: 0.115040
[922000, 1000]
[922000, 1000]
Sender: 0.115931
Receiver: 0.115958
[924000, 1000]
[924000, 1000]
Sender: 0.115748
Receiver: 0.115763
[926000, 1000]
[926000, 1000]
Sender: 0.116745
Receiver: 0.115894
[928000, 1000]
[928000, 1000]
Sender: 0.116190
Receiver: 0.116171
[930000, 1000]
[930000, 1000]
Sender: 0.115583
Receiver: 0.116379
[932000, 1000]
[932000, 1000]
Sender: 0.116467
Receiver: 0.116536
[934000, 1000]
[934000, 1000]
Sender: 0.117401
Receiver: 0.117384
[936000, 1000]
[936000, 1000]
Sender: 0.117260
Receiver: 0.117323
[938000, 1000]
[938000, 1000]
Sender: 0.116600
Receiver: 0.117386
[940000, 1000]
[940000, 1000]
Sender: 0.117866
Receiver: 0.117838
[942000, 1000]
[942000, 1000]
Sender: 0.117895
Receiver: 0.118716
[944000, 1000]
[944000, 1000]
Sender: 0.117975
Receiver: 0.117975
[946000, 1000]
[946000, 1000]
Sender: 0.118865
Receiver: 0.118150
[948000, 1000]
[948000, 1000]
Sender: 0.119167
Receiver: 0.119143
[950000, 1000]
[950000, 1000]
Sender: 0.118645
Receiver: 0.117926
[952000, 1000]
[952000, 1000]
Sender: 0.118340
Receiver: 0.119168
[954000, 1000]
[954000, 1000]
Sender: 0.119207
Receiver: 0.119991
[956000, 1000]
[956000, 1000]
Sender: 0.118836
Receiver: 0.119630
[958000, 1000]
[958000, 1000]
Sender: 0.120119
Receiver: 0.120104
[960000, 1000]
[960000, 1000]
Sender: 0.119284
Receiver: 0.120060
[962000, 1000]
[962000, 1000]
Sender: 0.119673
Receiver: 0.120461
[964000, 1000]
[964000, 1000]
Sender: 0.120494
Receiver: 0.120515
[966000, 1000]
[966000, 1000]
Sender: 0.120928
Receiver: 0.120188
[968000, 1000]
[968000, 1000]
Sender: 0.121253
Receiver: 0.121298
[970000, 1000]
[970000, 1000]
Sender: 0.121707
Receiver: 0.121710
[972000, 1000]
[972000, 1000]
Sender: 0.121378
Receiver: 0.121405
[974000, 1000]
[974000, 1000]
Sender: 0.122012
Receiver: 0.122034
[976000, 1000]
[976000, 1000]
Sender: 0.121807
Receiver: 0.121824
[978000, 1000]
[978000, 1000]
Sender: 0.122233
Receiver: 0.122313
[980000, 1000]
[980000, 1000]
Sender: 0.122549
Receiver: 0.121781
[982000, 1000]
[982000, 1000]
Sender: 0.122501
Receiver: 0.121797
[984000, 1000]
[984000, 1000]
Sender: 0.121804
Receiver: 0.122594
[986000, 1000]
[986000, 1000]
Sender: 0.123187
Receiver: 0.123194
[988000, 1000]
[988000, 1000]
Sender: 0.122934
Receiver: 0.122243
[990000, 1000]
[990000, 1000]
Sender: 0.123233
Receiver: 0.122535
[992000, 1000]
[992000, 1000]
Sender: 0.123998
Receiver: 0.123992
[994000, 1000]
[994000, 1000]
Sender: 0.123051
Receiver: 0.123835
[996000, 1000]
[996000, 1000]
Sender: 0.124863
Receiver: 0.124825
[998000, 1000]
[998000, 1000]
Sender: 0.124652
Receiver: 0.124659
[1000000, 1000]
[1000000, 1000]
Sender: 0.124027
Receiver: 0.124851
[1002000, 1000]
[1002000, 1000]
Sender: 0.125294
Receiver: 0.125377
[1004000, 1000]
[1004000, 1000]
Sender: 0.125416
Receiver: 0.125411
[1006000, 1000]
[1006000, 1000]
Sender: 0.125441
Receiver: 0.124712
[1008000, 1000]
[1008000, 1000]
Sender: 0.125562
Receiver: 0.125590
[1010000, 1000]
[1010000, 1000]
Sender: 0.125219
Receiver: 0.125983
[1012000, 1000]
[1012000, 1000]
Sender: 0.126003
Receiver: 0.126847
[1014000, 1000]
[1014000, 1000]
Sender: 0.126496
Receiver: 0.125752
[1016000, 1000]
[1016000, 1000]
Sender: 0.126664
Receiver: 0.126701
[1018000, 1000]
[1018000, 1000]
Sender: 0.126185
Receiver: 0.126933
[1020000, 1000]
[1020000, 1000]
Sender: 0.126965
Receiver: 0.126981
[1022000, 1000]
[1022000, 1000]
Sender: 0.128017
Receiver: 0.127994
[1024000, 1000]
[1024000, 1000]
Sender: 0.127459
Receiver: 0.127463
[1026000, 1000]
[1026000, 1000]
Sender: 0.128177
Receiver: 0.128987
[1028000, 1000]
[1028000, 1000]
Sender: 0.129258
Receiver: 0.129305
[1030000, 1000]
[1030000, 1000]
Sender: 0.128622
Receiver: 0.127872
[1032000, 1000]
[1032000, 1000]
Sender: 0.128422
Receiver: 0.128448
[1034000, 1000]
[1034000, 1000]
Sender: 0.128999
Receiver: 0.129053
[1036000, 1000]
[1036000, 1000]
Sender: 0.127972
Receiver: 0.128798
[1038000, 1000]
[1038000, 1000]
Sender: 0.128687
Receiver: 0.129491
[1040000, 1000]
[1040000, 1000]
Sender: 0.129523
Receiver: 0.128793
[1042000, 1000]
[1042000, 1000]
Sender: 0.128987
Receiver: 0.129794
[1044000, 1000]
[1044000, 1000]
Sender: 0.130000
Receiver: 0.130049
[1046000, 1000]
[1046000, 1000]
Sender: 0.130051
Receiver: 0.129998
[1048000, 1000]
[1048000, 1000]
Sender: 0.129178
Receiver: 0.130018
[1050000, 1000]
[1050000, 1000]
Sender: 0.130337
Receiver: 0.130388
[1052000, 1000]
[1052000, 1000]
Sender: 0.131682
Receiver: 0.131741
[1054000, 1000]
[1054000, 1000]
Sender: 0.131322
Receiver: 0.131341
[1056000, 1000]
[1056000, 1000]
Sender: 0.131063
Receiver: 0.131117
[1058000, 1000]
[1058000, 1000]
Sender: 0.131227
Receiver: 0.131252
[1060000, 1000]
[1060000, 1000]
Sender: 0.131276
Receiver: 0.132007
[1062000, 1000]
[1062000, 1000]
Sender: 0.132351
Receiver: 0.132412
[1064000, 1000]
[1064000, 1000]
Sender: 0.132729
Receiver: 0.131981
[1066000, 1000]
[1066000, 1000]
Sender: 0.132874
Receiver: 0.132124
[1068000, 1000]
[1068000, 1000]
Sender: 0.133172
Receiver: 0.132361
[1070000, 1000]
[1070000, 1000]
Sender: 0.133066
Receiver: 0.132270
[1072000, 1000]
[1072000, 1000]
Sender: 0.133706
Receiver: 0.133728
[1074000, 1000]
[1074000, 1000]
Sender: 0.133714
Receiver: 0.133807
[1076000, 1000]
[1076000, 1000]
Sender: 0.133479
Receiver: 0.134289
[1078000, 1000]
[1078000, 1000]
Sender: 0.133299
Receiver: 0.134068
[1080000, 1000]
[1080000, 1000]
Sender: 0.133536
Receiver: 0.134300
[1082000, 1000]
[1082000, 1000]
Sender: 0.135409
Receiver: 0.135492
[1084000, 1000]
[1084000, 1000]
Sender: 0.134732
Receiver: 0.133996
[1086000, 1000]
[1086000, 1000]
Sender: 0.134870
Receiver: 0.134151
[1088000, 1000]
[1088000, 1000]
Sender: 0.134886
Receiver: 0.134923
[1090000, 1000]
[1090000, 1000]
Sender: 0.136329
Receiver: 0.135567
[1092000, 1000]
[1092000, 1000]
Sender: 0.135636
Receiver: 0.135688
[1094000, 1000]
[1094000, 1000]
Sender: 0.136194
Receiver: 0.136909
[1096000, 1000]
[1096000, 1000]
Sender: 0.136647
Receiver: 0.136668
[1098000, 1000]
[1098000, 1000]
Sender: 0.137022
Receiver: 0.137016
[1100000, 1000]
[1100000, 1000]
Sender: 0.136976
Receiver: 0.136983
[1102000, 1000]
[1102000, 1000]
Sender: 0.136764
Receiver: 0.136768
[1104000, 1000]
[1104000, 1000]
Sender: 0.137566
Receiver: 0.136849
[1106000, 1000]
[1106000, 1000]
Sender: 0.138062
Receiver: 0.138124
[1108000, 1000]
[1108000, 1000]
Sender: 0.137640
Receiver: 0.137615
[1110000, 1000]
[1110000, 1000]
Sender: 0.137927
Receiver: 0.137991
[1112000, 1000]
[1112000, 1000]
Sender: 0.137946
Receiver: 0.138062
[1114000, 1000]
[1114000, 1000]
Sender: 0.138337
Receiver: 0.138341
[1116000, 1000]
[1116000, 1000]
Sender: 0.138040
Receiver: 0.138834
[1118000, 1000]
[1118000, 1000]
Sender: 0.139477
Receiver: 0.138735
[1120000, 1000]
[1120000, 1000]
Sender: 0.139057
Receiver: 0.139125
[1122000, 1000]
[1122000, 1000]
Sender: 0.138998
Receiver: 0.139084
[1124000, 1000]
[1124000, 1000]
Sender: 0.140082
Receiver: 0.139367
[1126000, 1000]
[1126000, 1000]
Sender: 0.139045
Receiver: 0.139107
[1128000, 1000]
[1128000, 1000]
Sender: 0.139672
Receiver: 0.138912
[1130000, 1000]
[1130000, 1000]
Sender: 0.140015
Receiver: 0.139301
[1132000, 1000]
[1132000, 1000]
Sender: 0.140707
Receiver: 0.140712
[1134000, 1000]
[1134000, 1000]
Sender: 0.139662
Receiver: 0.140439
[1136000, 1000]
[1136000, 1000]
Sender: 0.141262
Receiver: 0.141266
[1138000, 1000]
[1138000, 1000]
Sender: 0.141315
Receiver: 0.141328
[1140000, 1000]
[1140000, 1000]
Sender: 0.141335
Receiver: 0.140612
[1142000, 1000]
[1142000, 1000]
Sender: 0.140861
Receiver: 0.140923
[1144000, 1000]
[1144000, 1000]
Sender: 0.141331
Receiver: 0.142147
[1146000, 1000]
[1146000, 1000]
Sender: 0.141775
Receiver: 0.141819
[1148000, 1000]
[1148000, 1000]
Sender: 0.142591
Receiver: 0.142624
[1150000, 1000]
[1150000, 1000]
Sender: 0.142584
Receiver: 0.142611
[1152000, 1000]
[1152000, 1000]
Sender: 0.143137
Receiver: 0.143186
[1154000, 1000]
[1154000, 1000]
Sender: 0.143378
Receiver: 0.143401
[1156000, 1000]
[1156000, 1000]
Sender: 0.143264
Receiver: 0.143211
[1158000, 1000]
[1158000, 1000]
Sender: 0.144210
Receiver: 0.143368
[1160000, 1000]
[1160000, 1000]
Sender: 0.144002
Receiver: 0.143232
[1162000, 1000]
[1162000, 1000]
Sender: 0.143506
Receiver: 0.143699
[1164000, 1000]
[1164000, 1000]
Sender: 0.145306
Receiver: 0.146126
[1166000, 1000]
[1166000, 1000]
Sender: 0.145868
Receiver: 0.145925
[1168000, 1000]
[1168000, 1000]
Sender: 0.143455
Receiver: 0.144213
[1170000, 1000]
[1170000, 1000]
Sender: 0.145068
Receiver: 0.144341
[1172000, 1000]
[1172000, 1000]
Sender: 0.145296
Receiver: 0.145284
[1174000, 1000]
[1174000, 1000]
Sender: 0.145235
Receiver: 0.146047
[1176000, 1000]
[1176000, 1000]
Sender: 0.146128
Receiver: 0.146178
[1178000, 1000]
[1178000, 1000]
Sender: 0.146032
Receiver: 0.146063
[1180000, 1000]
[1180000, 1000]
Sender: 0.146560
Receiver: 0.146541
[1182000, 1000]
[1182000, 1000]
Sender: 0.146776
Receiver: 0.145981
[1184000, 1000]
[1184000, 1000]
Sender: 0.146472
Receiver: 0.146485
[1186000, 1000]
[1186000, 1000]
Sender: 0.147136
Receiver: 0.146382
[1188000, 1000]
[1188000, 1000]
Sender: 0.147455
Receiver: 0.146694
[1190000, 1000]
[1190000, 1000]
Sender: 0.146858
Receiver: 0.147685
[1192000, 1000]
[1192000, 1000]
Sender: 0.146981
Receiver: 0.147794
[1194000, 1000]
[1194000, 1000]
Sender: 0.147948
Receiver: 0.147924
[1196000, 1000]
[1196000, 1000]
Sender: 0.148458
Receiver: 0.147718
[1198000, 1000]
[1198000, 1000]
Sender: 0.147953
Receiver: 0.147979
[1200000, 1000]
[1200000, 1000]
Sender: 0.148892
Receiver: 0.148920
[1202000, 1000]
[1202000, 1000]
Sender: 0.148835
Receiver: 0.148831
[1204000, 1000]
[1204000, 1000]
Sender: 0.161745
Receiver: 0.160957
[1206000, 1000]
[1206000, 1000]
Sender: 0.151300
Receiver: 0.151590
[1208000, 1000]
[1208000, 1000]
Sender: 0.162591
Receiver: 0.162065
[1210000, 1000]
[1210000, 1000]
Sender: 0.173382
Receiver: 0.173862
[1212000, 1000]
[1212000, 1000]
Sender: 0.171397
Receiver: 0.171339
[1214000, 1000]
[1214000, 1000]
Sender: 0.173833
Receiver: 0.173653
[1216000, 1000]
[1216000, 1000]
Sender: 0.158064
Receiver: 0.157343
[1218000, 1000]
[1218000, 1000]
Sender: 0.158072
Receiver: 0.158868
[1220000, 1000]
[1220000, 1000]
Sender: 0.160424
Receiver: 0.159562
[1222000, 1000]
[1222000, 1000]
Sender: 0.157994
Receiver: 0.158835
[1224000, 1000]
[1224000, 1000]
Sender: 0.152861
Receiver: 0.152897
[1226000, 1000]
[1226000, 1000]
Sender: 0.151590
Receiver: 0.152410
[1228000, 1000]
[1228000, 1000]
Sender: 0.152990
Receiver: 0.153039
[1230000, 1000]
[1230000, 1000]
Sender: 0.152563
Receiver: 0.152525
[1232000, 1000]
[1232000, 1000]
Sender: 0.151223
Receiver: 0.151969
[1234000, 1000]
[1234000, 1000]
Sender: 0.162443
Receiver: 0.163230
[1236000, 1000]
[1236000, 1000]
Sender: 0.154224
Receiver: 0.155121
[1238000, 1000]
[1238000, 1000]
Sender: 0.154900
Receiver: 0.155000
[1240000, 1000]
[1240000, 1000]
Sender: 0.179480
Receiver: 0.178776
[1242000, 1000]
[1242000, 1000]
Sender: 0.167393
Receiver: 0.167505
[1244000, 1000]
[1244000, 1000]
Sender: 0.160369
Receiver: 0.161633
[1246000, 1000]
[1246000, 1000]
Sender: 0.155022
Receiver: 0.155021
[1248000, 1000]
[1248000, 1000]
Sender: 0.155715
Receiver: 0.155467
[1250000, 1000]
[1250000, 1000]
Sender: 0.155397
Receiver: 0.155447
[1252000, 1000]
[1252000, 1000]
Sender: 0.154897
Receiver: 0.154896
[1254000, 1000]
[1254000, 1000]
Sender: 0.156363
Receiver: 0.156267
[1256000, 1000]
[1256000, 1000]
Sender: 0.155119
Receiver: 0.155901
[1258000, 1000]
[1258000, 1000]
Sender: 0.167350
Receiver: 0.166456
[1260000, 1000]
[1260000, 1000]
Sender: 0.175708
Receiver: 0.175372
[1262000, 1000]
[1262000, 1000]
Sender: 0.177338
Receiver: 0.176614
[1264000, 1000]
[1264000, 1000]
Sender: 0.162297
Receiver: 0.161839
[1266000, 1000]
[1266000, 1000]
Sender: 0.176947
Receiver: 0.176209
[1268000, 1000]
[1268000, 1000]
Sender: 0.157160
Receiver: 0.156442
[1270000, 1000]
[1270000, 1000]
Sender: 0.159075
Receiver: 0.159130
[1272000, 1000]
[1272000, 1000]
Sender: 0.157773
Receiver: 0.157066
[1274000, 1000]
[1274000, 1000]
Sender: 0.157160
Receiver: 0.157977
[1276000, 1000]
[1276000, 1000]
Sender: 0.157716
Receiver: 0.157014
[1278000, 1000]
[1278000, 1000]
Sender: 0.158460
Receiver: 0.159297
[1280000, 1000]
[1280000, 1000]
Sender: 0.181545
Receiver: 0.182038
[1282000, 1000]
[1282000, 1000]
Sender: 0.188192
Receiver: 0.187715
[1284000, 1000]
[1284000, 1000]
Sender: 0.189246
Receiver: 0.188609
[1286000, 1000]
[1286000, 1000]
Sender: 0.167866
Receiver: 0.166883
[1288000, 1000]
[1288000, 1000]
Sender: 0.154027
Receiver: 0.153662
[1290000, 1000]
[1290000, 1000]
Sender: 0.140700
Receiver: 0.140711
[1292000, 1000]
[1292000, 1000]
Sender: 0.139570
Receiver: 0.139544
[1294000, 1000]
[1294000, 1000]
Sender: 0.139372
Receiver: 0.139410
[1296000, 1000]
[1296000, 1000]
Sender: 0.139561
Receiver: 0.138545
[1298000, 1000]
[1298000, 1000]
Sender: 0.138416
Receiver: 0.139178
[1300000, 1000]
[1300000, 1000]
Sender: 0.139786
Receiver: 0.139155
[1302000, 1000]
[1302000, 1000]
Sender: 0.146888
Receiver: 0.146254
[1304000, 1000]
[1304000, 1000]
Sender: 0.143985
Receiver: 0.144632
[1306000, 1000]
[1306000, 1000]
Sender: 0.145624
Receiver: 0.145534
[1308000, 1000]
[1308000, 1000]
Sender: 0.139157
Receiver: 0.139864
[1310000, 1000]
[1310000, 1000]
Sender: 0.151303
Receiver: 0.150191
[1312000, 1000]
[1312000, 1000]
Sender: 0.141149
Receiver: 0.141237
[1314000, 1000]
[1314000, 1000]
Sender: 0.142253
Receiver: 0.141318
[1316000, 1000]
[1316000, 1000]
Sender: 0.141559
Receiver: 0.141597
[1318000, 1000]
[1318000, 1000]
Sender: 0.143423
Receiver: 0.143414
[1320000, 1000]
[1320000, 1000]
Sender: 0.141054
Receiver: 0.141818
[1322000, 1000]
[1322000, 1000]
Sender: 0.142670
Receiver: 0.143365
[1324000, 1000]
[1324000, 1000]
Sender: 0.140890
Receiver: 0.141591
[1326000, 1000]
[1326000, 1000]
Sender: 0.145270
Receiver: 0.145252
[1328000, 1000]
[1328000, 1000]
Sender: 0.143546
Receiver: 0.143558
[1330000, 1000]
[1330000, 1000]
Sender: 0.148770
Receiver: 0.149457
[1332000, 1000]
[1332000, 1000]
Sender: 0.142998
Receiver: 0.143031
[1334000, 1000]
[1334000, 1000]
Sender: 0.163450
Receiver: 0.162660
[1336000, 1000]
[1336000, 1000]
Sender: 0.167110
Receiver: 0.166547
[1338000, 1000]
[1338000, 1000]
Sender: 0.144533
Receiver: 0.144755
[1340000, 1000]
[1340000, 1000]
Sender: 0.143141
Receiver: 0.143188
[1342000, 1000]
[1342000, 1000]
Sender: 0.143865
Receiver: 0.143901
[1344000, 1000]
[1344000, 1000]
Sender: 0.145458
Receiver: 0.145488
[1346000, 1000]
[1346000, 1000]
Sender: 0.143744
Receiver: 0.143868
[1348000, 1000]
[1348000, 1000]
Sender: 0.145175
Receiver: 0.145197
[1350000, 1000]
[1350000, 1000]
Sender: 0.158006
Receiver: 0.158048
[1352000, 1000]
[1352000, 1000]
Sender: 0.151688
Receiver: 0.150820
[1354000, 1000]
[1354000, 1000]
Sender: 0.156194
Receiver: 0.156305
[1356000, 1000]
[1356000, 1000]
Sender: 0.146592
Receiver: 0.146712
[1358000, 1000]
[1358000, 1000]
Sender: 0.159993
Receiver: 0.160336
[1360000, 1000]
[1360000, 1000]
Sender: 0.150213
Receiver: 0.149643
[1362000, 1000]
[1362000, 1000]
Sender: 0.147300
Receiver: 0.147440
[1364000, 1000]
[1364000, 1000]
Sender: 0.145936
Receiver: 0.146761
[1366000, 1000]
[1366000, 1000]
Sender: 0.148053
Receiver: 0.147966
[1368000, 1000]
[1368000, 1000]
Sender: 0.148388
Receiver: 0.148426
[1370000, 1000]
[1370000, 1000]
Sender: 0.148257
Receiver: 0.148267
[1372000, 1000]
[1372000, 1000]
Sender: 0.146450
Receiver: 0.146481
[1374000, 1000]
[1374000, 1000]
Sender: 0.165675
Receiver: 0.165665
[1376000, 1000]
[1376000, 1000]
Sender: 0.149369
Receiver: 0.150098
[1378000, 1000]
[1378000, 1000]
Sender: 0.155684
Receiver: 0.155703
[1380000, 1000]
[1380000, 1000]
Sender: 0.163631
Receiver: 0.163771
[1382000, 1000]
[1382000, 1000]
Sender: 0.149923
Receiver: 0.149295
[1384000, 1000]
[1384000, 1000]
Sender: 0.168338
Receiver: 0.168247
[1386000, 1000]
[1386000, 1000]
Sender: 0.149753
Receiver: 0.149725
[1388000, 1000]
[1388000, 1000]
Sender: 0.150018
Receiver: 0.149445
[1390000, 1000]
[1390000, 1000]
Sender: 0.148335
Receiver: 0.148588
[1392000, 1000]
[1392000, 1000]
Sender: 0.150126
Receiver: 0.149486
[1394000, 1000]
[1394000, 1000]
Sender: 0.150425
Receiver: 0.149626
[1396000, 1000]
[1396000, 1000]
Sender: 0.149708
Receiver: 0.150374
[1398000, 1000]
[1398000, 1000]
Sender: 0.150596
Receiver: 0.150759
[1400000, 1000]
[1400000, 1000]
Sender: 0.166171
Receiver: 0.166961
[1402000, 1000]
[1402000, 1000]
Sender: 0.156590
Receiver: 0.156882
[1404000, 1000]
[1404000, 1000]
Sender: 0.150495
Receiver: 0.149795
[1406000, 1000]
[1406000, 1000]
Sender: 0.161003
Receiver: 0.161042
[1408000, 1000]
[1408000, 1000]
Sender: 0.169556
Receiver: 0.169346
[1410000, 1000]
[1410000, 1000]
Sender: 0.150720
Receiver: 0.151527
[1412000, 1000]
[1412000, 1000]
Sender: 0.150711
Receiver: 0.150942
[1414000, 1000]
[1414000, 1000]
Sender: 0.151234
Receiver: 0.150650
[1416000, 1000]
[1416000, 1000]
Sender: 0.151750
Receiver: 0.151091
[1418000, 1000]
[1418000, 1000]
Sender: 0.152664
Receiver: 0.152585
[1420000, 1000]
[1420000, 1000]
Sender: 0.151404
Receiver: 0.151413
[1422000, 1000]
[1422000, 1000]
Sender: 0.151687
Receiver: 0.151131
[1424000, 1000]
[1424000, 1000]
Sender: 0.152230
Receiver: 0.151520
[1426000, 1000]
[1426000, 1000]
Sender: 0.168785
Receiver: 0.169127
[1428000, 1000]
[1428000, 1000]
Sender: 0.169398
Receiver: 0.169733
[1430000, 1000]
[1430000, 1000]
Sender: 0.159704
Receiver: 0.160219
[1432000, 1000]
[1432000, 1000]
Sender: 0.158104
Receiver: 0.158051
[1434000, 1000]
[1434000, 1000]
Sender: 0.154125
Receiver: 0.154854
[1436000, 1000]
[1436000, 1000]
Sender: 0.154391
Receiver: 0.155082
[1438000, 1000]
[1438000, 1000]
Sender: 0.154798
Receiver: 0.155486
[1440000, 1000]
[1440000, 1000]
Sender: 0.153779
Receiver: 0.153736
[1442000, 1000]
[1442000, 1000]
Sender: 0.153980
Receiver: 0.153378
[1444000, 1000]
[1444000, 1000]
Sender: 0.159331
Receiver: 0.160058
[1446000, 1000]
[1446000, 1000]
Sender: 0.169068
Receiver: 0.169324
[1448000, 1000]
[1448000, 1000]
Sender: 0.154538
Receiver: 0.154540
[1450000, 1000]
[1450000, 1000]
Sender: 0.154844
Receiver: 0.154164
[1452000, 1000]
[1452000, 1000]
Sender: 0.162726
Receiver: 0.163355
[1454000, 1000]
[1454000, 1000]
Sender: 0.165034
Receiver: 0.164390
[1456000, 1000]
[1456000, 1000]
Sender: 0.154005
Receiver: 0.154685
[1458000, 1000]
[1458000, 1000]
Sender: 0.155884
Receiver: 0.155982
[1460000, 1000]
[1460000, 1000]
Sender: 0.156297
Receiver: 0.156311
[1462000, 1000]
[1462000, 1000]
Sender: 0.156662
Receiver: 0.156653
[1464000, 1000]
[1464000, 1000]
Sender: 0.157850
Receiver: 0.157202
[1466000, 1000]
[1466000, 1000]
Sender: 0.155755
Receiver: 0.156451
[1468000, 1000]
[1468000, 1000]
Sender: 0.172120
Receiver: 0.172493
[1470000, 1000]
[1470000, 1000]
Sender: 0.168727
Receiver: 0.168417
[1472000, 1000]
[1472000, 1000]
Sender: 0.160017
Receiver: 0.158940
[1474000, 1000]
[1474000, 1000]
Sender: 0.173645
Receiver: 0.173984
[1476000, 1000]
[1476000, 1000]
Sender: 0.158667
Receiver: 0.158248
[1478000, 1000]
[1478000, 1000]
Sender: 0.158183
Receiver: 0.158289
[1480000, 1000]
[1480000, 1000]
Sender: 0.159217
Receiver: 0.159130
[1482000, 1000]
[1482000, 1000]
Sender: 0.159142
Receiver: 0.159919
[1484000, 1000]
[1484000, 1000]
Sender: 0.158380
Receiver: 0.159108
[1486000, 1000]
[1486000, 1000]
Sender: 0.159546
Receiver: 0.158903
[1488000, 1000]
[1488000, 1000]
Sender: 0.158747
Receiver: 0.158112
[1490000, 1000]
[1490000, 1000]
Sender: 0.169335
Receiver: 0.168947
[1492000, 1000]
[1492000, 1000]
Sender: 0.169943
Receiver: 0.170429
[1494000, 1000]
[1494000, 1000]
Sender: 0.158591
Receiver: 0.159275
[1496000, 1000]
[1496000, 1000]
Sender: 0.159866
Receiver: 0.159170
[1498000, 1000]
[1498000, 1000]
Sender: 0.159234
Receiver: 0.159287
[1500000, 1000]
[1500000, 1000]
Sender: 0.164012
Receiver: 0.164550
[1502000, 1000]
[1502000, 1000]
Sender: 0.160335
Receiver: 0.159620
[1504000, 1000]
[1504000, 1000]
Sender: 0.161017
Receiver: 0.161093
[1506000, 1000]
[1506000, 1000]
Sender: 0.162233
Receiver: 0.162309
[1508000, 1000]
[1508000, 1000]
Sender: 0.160836
Receiver: 0.160867
[1510000, 1000]
[1510000, 1000]
Sender: 0.160356
Receiver: 0.159718
[1512000, 1000]
[1512000, 1000]
Sender: 0.170085
Receiver: 0.170000
[1514000, 1000]
[1514000, 1000]
Sender: 0.167111
Receiver: 0.167529
[1516000, 1000]
[1516000, 1000]
Sender: 0.177762
Receiver: 0.178219
[1518000, 1000]
[1518000, 1000]
Sender: 0.168956
Receiver: 0.169509
[1520000, 1000]
[1520000, 1000]
Sender: 0.172572
Receiver: 0.173235
[1522000, 1000]
[1522000, 1000]
Sender: 0.165015
Receiver: 0.164995
[1524000, 1000]
[1524000, 1000]
Sender: 0.164509
Receiver: 0.164551
[1526000, 1000]
[1526000, 1000]
Sender: 0.162320
Receiver: 0.162360
[1528000, 1000]
[1528000, 1000]
Sender: 0.162868
Receiver: 0.162216
[1530000, 1000]
[1530000, 1000]
Sender: 0.163517
Receiver: 0.164237
[1532000, 1000]
[1532000, 1000]
Sender: 0.166603
Receiver: 0.165990
[1534000, 1000]
[1534000, 1000]
Sender: 0.177941
Receiver: 0.178299
[1536000, 1000]
[1536000, 1000]
Sender: 0.167205
Receiver: 0.167208
[1538000, 1000]
[1538000, 1000]
Sender: 0.174883
Receiver: 0.174846
[1540000, 1000]
[1540000, 1000]
Sender: 0.174157
Receiver: 0.173591
[1542000, 1000]
[1542000, 1000]
Sender: 0.178720
Receiver: 0.179000
[1544000, 1000]
[1544000, 1000]
Sender: 0.164728
Receiver: 0.164753
[1546000, 1000]
[1546000, 1000]
Sender: 0.164918
Receiver: 0.164969
[1548000, 1000]
[1548000, 1000]
Sender: 0.166339
Receiver: 0.166462
[1550000, 1000]
[1550000, 1000]
Sender: 0.164745
Receiver: 0.164113
[1552000, 1000]
[1552000, 1000]
Sender: 0.166758
Receiver: 0.166719
[1554000, 1000]
[1554000, 1000]
Sender: 0.170555
Receiver: 0.171212
[1556000, 1000]
[1556000, 1000]
Sender: 0.182712
Receiver: 0.182917
[1558000, 1000]
[1558000, 1000]
Sender: 0.177369
Receiver: 0.176735
[1560000, 1000]
[1560000, 1000]
Sender: 0.171986
Receiver: 0.171510
[1562000, 1000]
[1562000, 1000]
Sender: 0.168522
Receiver: 0.169341
[1564000, 1000]
[1564000, 1000]
Sender: 0.175652
Receiver: 0.175382
[1566000, 1000]
[1566000, 1000]
Sender: 0.167128
Receiver: 0.166945
[1568000, 1000]
[1568000, 1000]
Sender: 0.168210
Receiver: 0.167543
[1570000, 1000]
[1570000, 1000]
Sender: 0.167455
Receiver: 0.167450
[1572000, 1000]
[1572000, 1000]
Sender: 0.168069
Receiver: 0.168043
[1574000, 1000]
[1574000, 1000]
Sender: 0.174973
Receiver: 0.175673
[1576000, 1000]
[1576000, 1000]
Sender: 0.172179
Receiver: 0.171537
[1578000, 1000]
[1578000, 1000]
Sender: 0.176851
Receiver: 0.176962
[1580000, 1000]
[1580000, 1000]
Sender: 0.186246
Receiver: 0.186760
[1582000, 1000]
[1582000, 1000]
Sender: 0.170597
Receiver: 0.170624
[1584000, 1000]
[1584000, 1000]
Sender: 0.178218
Receiver: 0.178245
[1586000, 1000]
[1586000, 1000]
Sender: 0.168785
Receiver: 0.169468
[1588000, 1000]
[1588000, 1000]
Sender: 0.169206
Receiver: 0.169233
[1590000, 1000]
[1590000, 1000]
Sender: 0.169441
Receiver: 0.169515
[1592000, 1000]
[1592000, 1000]
Sender: 0.168948
Receiver: 0.169659
[1594000, 1000]
[1594000, 1000]
Sender: 0.170994
Receiver: 0.170313
[1596000, 1000]
[1596000, 1000]
Sender: 0.183093
Receiver: 0.182395
[1598000, 1000]
[1598000, 1000]
Sender: 0.172695
Receiver: 0.172053
[1600000, 1000]
[1600000, 1000]
Sender: 0.197410
Receiver: 0.196455
[1602000, 1000]
[1602000, 1000]
Sender: 0.175339
Receiver: 0.175676
[1604000, 1000]
[1604000, 1000]
Sender: 0.183530
Receiver: 0.182912
[1606000, 1000]
[1606000, 1000]
Sender: 0.171683
Receiver: 0.171692
[1608000, 1000]
[1608000, 1000]
Sender: 0.171543
Receiver: 0.171990
[1610000, 1000]
[1610000, 1000]
Sender: 0.172001
Receiver: 0.172047
[1612000, 1000]
[1612000, 1000]
Sender: 0.171743
Receiver: 0.172394
[1614000, 1000]
[1614000, 1000]
Sender: 0.173040
Receiver: 0.173061
[1616000, 1000]
[1616000, 1000]
Sender: 0.174129
Receiver: 0.174860
[1618000, 1000]
[1618000, 1000]
Sender: 0.189893
Receiver: 0.189573
[1620000, 1000]
[1620000, 1000]
Sender: 0.179988
Receiver: 0.179505
[1622000, 1000]
[1622000, 1000]
Sender: 0.173137
Receiver: 0.173150
[1624000, 1000]
[1624000, 1000]
Sender: 0.177912
Receiver: 0.176755
[1626000, 1000]
[1626000, 1000]
Sender: 0.183794
Receiver: 0.183857
[1628000, 1000]
[1628000, 1000]
Sender: 0.174855
Receiver: 0.175424
[1630000, 1000]
[1630000, 1000]
Sender: 0.172776
Receiver: 0.173459
[1632000, 1000]
[1632000, 1000]
Sender: 0.175093
Receiver: 0.175136
[1634000, 1000]
[1634000, 1000]
Sender: 0.174477
Receiver: 0.175236
[1636000, 1000]
[1636000, 1000]
Sender: 0.175810
Receiver: 0.175860
[1638000, 1000]
[1638000, 1000]
Sender: 0.196151
Receiver: 0.195891
[1640000, 1000]
[1640000, 1000]
Sender: 0.175130
Receiver: 0.175156
[1642000, 1000]
[1642000, 1000]
Sender: 0.182425
Receiver: 0.182711
[1644000, 1000]
[1644000, 1000]
Sender: 0.181836
Receiver: 0.181427
[1646000, 1000]
[1646000, 1000]
Sender: 0.185859
Receiver: 0.185715
[1648000, 1000]
[1648000, 1000]
Sender: 0.177003
Receiver: 0.176322
[1650000, 1000]
[1650000, 1000]
Sender: 0.175542
Receiver: 0.176277
[1652000, 1000]
[1652000, 1000]
Sender: 0.176607
Receiver: 0.175949
[1654000, 1000]
[1654000, 1000]
Sender: 0.177005
Receiver: 0.176341
[1656000, 1000]
[1656000, 1000]
Sender: 0.177667
Receiver: 0.178358
[1658000, 1000]
[1658000, 1000]
Sender: 0.177857
Receiver: 0.176682
[1660000, 1000]
[1660000, 1000]
Sender: 0.193339
Receiver: 0.193590
[1662000, 1000]
[1662000, 1000]
Sender: 0.187800
Receiver: 0.186669
[1664000, 1000]
[1664000, 1000]
Sender: 0.201491
Receiver: 0.201181
[1666000, 1000]
[1666000, 1000]
Sender: 0.176943
Receiver: 0.176275
[1668000, 1000]
[1668000, 1000]
Sender: 0.176182
Receiver: 0.176314
[1670000, 1000]
[1670000, 1000]
Sender: 0.177553
Receiver: 0.177682
[1672000, 1000]
[1672000, 1000]
Sender: 0.177297
Receiver: 0.178051
[1674000, 1000]
[1674000, 1000]
Sender: 0.177425
Receiver: 0.177611
[1676000, 1000]
[1676000, 1000]
Sender: 0.181604
Receiver: 0.181613
[1678000, 1000]
[1678000, 1000]
Sender: 0.204378
Receiver: 0.205194
[1680000, 1000]
[1680000, 1000]
Sender: 0.199999
Receiver: 0.200773
[1682000, 1000]
[1682000, 1000]
Sender: 0.178946
Receiver: 0.178968
[1684000, 1000]
[1684000, 1000]
Sender: 0.195987
Receiver: 0.196517
[1686000, 1000]
[1686000, 1000]
Sender: 0.185379
Receiver: 0.185547
[1688000, 1000]
[1688000, 1000]
Sender: 0.181742
Receiver: 0.181784
[1690000, 1000]
[1690000, 1000]
Sender: 0.178583
Receiver: 0.179327
[1692000, 1000]
[1692000, 1000]
Sender: 0.179809
Receiver: 0.179847
[1694000, 1000]
[1694000, 1000]
Sender: 0.181781
Receiver: 0.181115
[1696000, 1000]
[1696000, 1000]
Sender: 0.179396
Receiver: 0.179425
[1698000, 1000]
[1698000, 1000]
Sender: 0.190197
Receiver: 0.189462
[1700000, 1000]
[1700000, 1000]
Sender: 0.190172
Receiver: 0.190073
[1702000, 1000]
[1702000, 1000]
Sender: 0.198354
Receiver: 0.199351
[1704000, 1000]
[1704000, 1000]
Sender: 0.200803
Receiver: 0.200754
[1706000, 1000]
[1706000, 1000]
Sender: 0.182303
Receiver: 0.181732
[1708000, 1000]
[1708000, 1000]
Sender: 0.181703
Receiver: 0.181719
[1710000, 1000]
[1710000, 1000]
Sender: 0.180419
Receiver: 0.181090
[1712000, 1000]
[1712000, 1000]
Sender: 0.183663
Receiver: 0.182817
[1714000, 1000]
[1714000, 1000]
Sender: 0.184016
Receiver: 0.184050
[1716000, 1000]
[1716000, 1000]
Sender: 0.193437
Receiver: 0.192750
[1718000, 1000]
[1718000, 1000]
Sender: 0.183074
Receiver: 0.182716
[1720000, 1000]
[1720000, 1000]
Sender: 0.189037
Receiver: 0.188788
[1722000, 1000]
[1722000, 1000]
Sender: 0.181154
Receiver: 0.181849
[1724000, 1000]
[1724000, 1000]
Sender: 0.212607
Receiver: 0.212399
[1726000, 1000]
[1726000, 1000]
Sender: 0.185003
Receiver: 0.184256
[1728000, 1000]
[1728000, 1000]
Sender: 0.184692
Receiver: 0.183861
[1730000, 1000]
[1730000, 1000]
Sender: 0.183733
Receiver: 0.183752
[1732000, 1000]
[1732000, 1000]
Sender: 0.183024
Receiver: 0.183068
[1734000, 1000]
[1734000, 1000]
Sender: 0.186011
Receiver: 0.186069
[1736000, 1000]
[1736000, 1000]
Sender: 0.195939
Receiver: 0.195833
[1738000, 1000]
[1738000, 1000]
Sender: 0.197322
Receiver: 0.197302
[1740000, 1000]
[1740000, 1000]
Sender: 0.214797
Receiver: 0.213814
[1742000, 1000]
[1742000, 1000]
Sender: 0.205843
Receiver: 0.206792
[1744000, 1000]
[1744000, 1000]
Sender: 0.190860
Receiver: 0.190896
[1746000, 1000]
[1746000, 1000]
Sender: 0.187547
Receiver: 0.187539
[1748000, 1000]
[1748000, 1000]
Sender: 0.187061
Receiver: 0.187793
[1750000, 1000]
[1750000, 1000]
Sender: 0.187180
Receiver: 0.187199
[1752000, 1000]
[1752000, 1000]
Sender: 0.186711
Receiver: 0.186682
[1754000, 1000]
[1754000, 1000]
Sender: 0.205294
Receiver: 0.205366
[1756000, 1000]
[1756000, 1000]
Sender: 0.196819
Receiver: 0.196876
[1758000, 1000]
[1758000, 1000]
Sender: 0.189123
Receiver: 0.188583
[1760000, 1000]
[1760000, 1000]
Sender: 0.188245
Receiver: 0.189058
[1762000, 1000]
[1762000, 1000]
Sender: 0.213418
Receiver: 0.213455
[1764000, 1000]
[1764000, 1000]
Sender: 0.189017
Receiver: 0.188322
[1766000, 1000]
[1766000, 1000]
Sender: 0.188722
Receiver: 0.188743
[1768000, 1000]
[1768000, 1000]
Sender: 0.190545
Receiver: 0.190578
[1770000, 1000]
[1770000, 1000]
Sender: 0.187060
Receiver: 0.187083
[1772000, 1000]
[1772000, 1000]
Sender: 0.187464
Receiver: 0.188078
[1774000, 1000]
[1774000, 1000]
Sender: 0.207397
Receiver: 0.207673
[1776000, 1000]
[1776000, 1000]
Sender: 0.218414
Receiver: 0.217936
[1778000, 1000]
[1778000, 1000]
Sender: 0.199693
Receiver: 0.198860
[1780000, 1000]
[1780000, 1000]
Sender: 0.207989
Receiver: 0.208934
[1782000, 1000]
[1782000, 1000]
Sender: 0.189111
Receiver: 0.189114
[1784000, 1000]
[1784000, 1000]
Sender: 0.188065
Receiver: 0.188766
[1786000, 1000]
[1786000, 1000]
Sender: 0.188756
Receiver: 0.188726
[1788000, 1000]
[1788000, 1000]
Sender: 0.190897
Receiver: 0.190953
[1790000, 1000]
[1790000, 1000]
Sender: 0.188746
Receiver: 0.189500
[1792000, 1000]
[1792000, 1000]
Sender: 0.219723
Receiver: 0.219002
[1794000, 1000]
[1794000, 1000]
Sender: 0.218032
Receiver: 0.217918
[1796000, 1000]
[1796000, 1000]
Receiver: 0.200814
Sender: 0.200871
[1798000, 1000]
[1798000, 1000]
Sender: 0.199747
Receiver: 0.199676
[1800000, 1000]
[1800000, 1000]
Sender: 0.206920
Receiver: 0.206574
[1802000, 1000]
[1802000, 1000]
Sender: 0.191220
Receiver: 0.191105
[1804000, 1000]
[1804000, 1000]
Sender: 0.193407
Receiver: 0.193425
[1806000, 1000]
[1806000, 1000]
Sender: 0.191164
Receiver: 0.191042
[1808000, 1000]
[1808000, 1000]
Sender: 0.194726
Receiver: 0.194159
[1810000, 1000]
[1810000, 1000]
Sender: 0.214322
Receiver: 0.214340
[1812000, 1000]
[1812000, 1000]
Sender: 0.191125
Receiver: 0.191117
[1814000, 1000]
[1814000, 1000]
Sender: 0.196795
Receiver: 0.196276
[1816000, 1000]
[1816000, 1000]
Sender: 0.194381
Receiver: 0.194525
[1818000, 1000]
[1818000, 1000]
Sender: 0.207945
Receiver: 0.207431
[1820000, 1000]
[1820000, 1000]
Sender: 0.193147
Receiver: 0.193187
[1822000, 1000]
[1822000, 1000]
Sender: 0.193578
Receiver: 0.192946
[1824000, 1000]
[1824000, 1000]
Sender: 0.195068
Receiver: 0.195054
[1826000, 1000]
[1826000, 1000]
Sender: 0.194598
Receiver: 0.194632
[1828000, 1000]
[1828000, 1000]
Sender: 0.201127
Receiver: 0.201145
[1830000, 1000]
[1830000, 1000]
Sender: 0.206525
Receiver: 0.205742
[1832000, 1000]
[1832000, 1000]
Sender: 0.206560
Receiver: 0.206521
[1834000, 1000]
[1834000, 1000]
Sender: 0.196891
Receiver: 0.197039
[1836000, 1000]
[1836000, 1000]
Sender: 0.197132
Receiver: 0.198128
[1838000, 1000]
[1838000, 1000]
Sender: 0.195367
Receiver: 0.195462
[1840000, 1000]
[1840000, 1000]
Sender: 0.196881
Receiver: 0.196177
[1842000, 1000]
[1842000, 1000]
Sender: 0.196612
Receiver: 0.197412
[1844000, 1000]
[1844000, 1000]
Sender: 0.198439
Receiver: 0.198528
[1846000, 1000]
[1846000, 1000]
Sender: 0.195152
Receiver: 0.195663
[1848000, 1000]
[1848000, 1000]
Sender: 0.196788
Receiver: 0.197937
[1850000, 1000]
[1850000, 1000]
Sender: 0.215617
Receiver: 0.215885
[1852000, 1000]
[1852000, 1000]
Sender: 0.195514
Receiver: 0.196237
[1854000, 1000]
[1854000, 1000]
Sender: 0.199005
Receiver: 0.199318
[1856000, 1000]
[1856000, 1000]
Sender: 0.201533
Receiver: 0.202727
[1858000, 1000]
[1858000, 1000]
Sender: 0.197958
Receiver: 0.197279
[1860000, 1000]
[1860000, 1000]
Sender: 0.197049
Receiver: 0.197149
[1862000, 1000]
[1862000, 1000]
Sender: 0.197130
Receiver: 0.197205
[1864000, 1000]
[1864000, 1000]
Sender: 0.198935
Receiver: 0.198894
[1866000, 1000]
[1866000, 1000]
Sender: 0.197213
Receiver: 0.197239
[1868000, 1000]
[1868000, 1000]
Sender: 0.202238
Receiver: 0.202970
[1870000, 1000]
[1870000, 1000]
Sender: 0.223386
Receiver: 0.223130
[1872000, 1000]
[1872000, 1000]
Sender: 0.198622
Receiver: 0.198667
[1874000, 1000]
[1874000, 1000]
Sender: 0.204143
Receiver: 0.204206
[1876000, 1000]
[1876000, 1000]
Sender: 0.198146
Receiver: 0.198161
[1878000, 1000]
[1878000, 1000]
Sender: 0.199919
Receiver: 0.199908
[1880000, 1000]
[1880000, 1000]
Sender: 0.199060
Receiver: 0.199084
[1882000, 1000]
[1882000, 1000]
Sender: 0.201343
Receiver: 0.200333
[1884000, 1000]
[1884000, 1000]
Sender: 0.205711
Receiver: 0.205153
[1886000, 1000]
[1886000, 1000]
Sender: 0.212081
Receiver: 0.211246
[1888000, 1000]
[1888000, 1000]
Sender: 0.220510
Receiver: 0.220853
[1890000, 1000]
[1890000, 1000]
Sender: 0.213260
Receiver: 0.213571
[1892000, 1000]
[1892000, 1000]
Sender: 0.199683
Receiver: 0.199716
[1894000, 1000]
[1894000, 1000]
Sender: 0.202795
Receiver: 0.202184
[1896000, 1000]
[1896000, 1000]
Sender: 0.201793
Receiver: 0.201114
[1898000, 1000]
[1898000, 1000]
Sender: 0.201289
Receiver: 0.201347
[1900000, 1000]
[1900000, 1000]
Sender: 0.201404
Receiver: 0.201421
[1902000, 1000]
[1902000, 1000]
Sender: 0.209426
Receiver: 0.208873
[1904000, 1000]
[1904000, 1000]
Sender: 0.201100
Receiver: 0.201169
[1906000, 1000]
[1906000, 1000]
Sender: 0.219522
Receiver: 0.219491
[1908000, 1000]
[1908000, 1000]
Sender: 0.235122
Receiver: 0.234776
[1910000, 1000]
[1910000, 1000]
Sender: 0.203516
Receiver: 0.204315
[1912000, 1000]
[1912000, 1000]
Sender: 0.200707
Receiver: 0.201423
[1914000, 1000]
[1914000, 1000]
Sender: 0.203115
Receiver: 0.203156
[1916000, 1000]
[1916000, 1000]
Sender: 0.202103
Receiver: 0.202122
[1918000, 1000]
[1918000, 1000]
Sender: 0.202290
Receiver: 0.202250
[1920000, 1000]
[1920000, 1000]
Sender: 0.203132
Receiver: 0.203120
[1922000, 1000]
[1922000, 1000]
Sender: 0.201533
Receiver: 0.202221
[1924000, 1000]
[1924000, 1000]
Sender: 0.203485
Receiver: 0.203495
[1926000, 1000]
[1926000, 1000]
Sender: 0.203628
Receiver: 0.202950
[1928000, 1000]
[1928000, 1000]
Sender: 0.203913
Receiver: 0.203178
[1930000, 1000]
[1930000, 1000]
Sender: 0.202602
Receiver: 0.202655
[1932000, 1000]
[1932000, 1000]
Sender: 0.203778
Receiver: 0.203809
[1934000, 1000]
[1934000, 1000]
Sender: 0.204212
Receiver: 0.204216
[1936000, 1000]
[1936000, 1000]
Sender: 0.204984
Receiver: 0.205013
[1938000, 1000]
[1938000, 1000]
Sender: 0.205307
Receiver: 0.205361
[1940000, 1000]
[1940000, 1000]
Sender: 0.205001
Receiver: 0.204950
[1942000, 1000]
[1942000, 1000]
Sender: 0.204570
Receiver: 0.205252
[1944000, 1000]
[1944000, 1000]
Sender: 0.205664
Receiver: 0.205673
[1946000, 1000]
[1946000, 1000]
Sender: 0.204993
Receiver: 0.204322
[1948000, 1000]
[1948000, 1000]
Sender: 0.205074
Receiver: 0.205009
[1950000, 1000]
[1950000, 1000]
Sender: 0.204871
Receiver: 0.205530
[1952000, 1000]
[1952000, 1000]
Sender: 0.207086
Receiver: 0.206488
[1954000, 1000]
[1954000, 1000]
Sender: 0.206497
Receiver: 0.207225
[1956000, 1000]
[1956000, 1000]
Sender: 0.216865
Receiver: 0.216944
[1958000, 1000]
[1958000, 1000]
Sender: 0.237394
Receiver: 0.236665
[1960000, 1000]
[1960000, 1000]
Sender: 0.237124
Receiver: 0.237180
[1962000, 1000]
[1962000, 1000]
Sender: 0.238010
Receiver: 0.238039
[1964000, 1000]
[1964000, 1000]
Sender: 0.238147
Receiver: 0.237342
[1966000, 1000]
[1966000, 1000]
Sender: 0.239594
Receiver: 0.239578
[1968000, 1000]
[1968000, 1000]
Sender: 0.238167
Receiver: 0.238982
[1970000, 1000]
[1970000, 1000]
Sender: 0.239813
Receiver: 0.239873
[1972000, 1000]
[1972000, 1000]
Sender: 0.239866
Receiver: 0.239910
[1974000, 1000]
[1974000, 1000]
Sender: 0.238724
Receiver: 0.239470
[1976000, 1000]
[1976000, 1000]
Sender: 0.238725
Receiver: 0.238721
[1978000, 1000]
[1978000, 1000]
Sender: 0.238532
Receiver: 0.239494
[1980000, 1000]
[1980000, 1000]
Sender: 0.239708
Receiver: 0.240573
[1982000, 1000]
[1982000, 1000]
Sender: 0.240327
Receiver: 0.241151
[1984000, 1000]
[1984000, 1000]
Sender: 0.241099
Receiver: 0.241124
[1986000, 1000]
[1986000, 1000]
Sender: 0.241259
Receiver: 0.240513
[1988000, 1000]
[1988000, 1000]
Sender: 0.241955
Receiver: 0.242023
[1990000, 1000]
[1990000, 1000]
Sender: 0.241500
Receiver: 0.240720
[1992000, 1000]
[1992000, 1000]
Sender: 0.242342
Receiver: 0.242382
[1994000, 1000]
[1994000, 1000]
Sender: 0.240365
Receiver: 0.241144
[1996000, 1000]
[1996000, 1000]
Sender: 0.242727
Receiver: 0.242718
[1998000, 1000]
[1998000, 1000]
Sender: 0.242967
Receiver: 0.243000
[2000000, 1000]
[2000000, 1000]
Sender: 0.243475
Receiver: 0.243426
