[660000, 1000]
[660000, 1000]
Receiver: 0.000661
Sender: 0.001696
[661000, 1000]
[661000, 1000]
Receiver: 0.000662
Sender: 0.001568
[662000, 1000]
[662000, 1000]
Receiver: 0.000671
Sender: 0.001705
[663000, 1000]
[663000, 1000]
Receiver: 0.000832
Sender: 0.001571
[664000, 1000]
[664000, 1000]
Receiver: 0.000660
Sender: 0.001550
[665000, 1000]
[665000, 1000]
Receiver: 0.000676
Sender: 0.001592
[666000, 1000]
[666000, 1000]
Receiver: 0.000654
Sender: 0.001617
[667000, 1000]
[667000, 1000]
Receiver: 0.000824
Sender: 0.001575
[668000, 1000]
[668000, 1000]
Sender: 0.001518
Receiver: 0.000650
[669000, 1000]
[669000, 1000]
Receiver: 0.000727
Sender: 0.001529
[670000, 1000]
[670000, 1000]
Sender: 0.001450
Receiver: 0.000643
[671000, 1000]
[671000, 1000]
Receiver: 0.000689
Sender: 0.001725
[672000, 1000]
[672000, 1000]
Sender: 0.001697
Receiver: 0.000868
[673000, 1000]
[673000, 1000]
Sender: 0.001629
Receiver: 0.000701
[674000, 1000]
[674000, 1000]
Receiver: 0.000689
Sender: 0.001683
[675000, 1000]
[675000, 1000]
Receiver: 0.000696
Sender: 0.001819
[676000, 1000]
[676000, 1000]
Sender: 0.001727
Receiver: 0.000690
[677000, 1000]
[677000, 1000]
Receiver: 0.000729
Sender: 0.001897
[678000, 1000]
[678000, 1000]
Receiver: 0.000676
Sender: 0.001727
[679000, 1000]
[679000, 1000]
Receiver: 0.000684
Sender: 0.001757
[680000, 1000]
[680000, 1000]
Receiver: 0.000708
Sender: 0.001722
[681000, 1000]
[681000, 1000]
Receiver: 0.000679
Sender: 0.001624
[682000, 1000]
[682000, 1000]
Receiver: 0.000715
Sender: 0.001859
[683000, 1000]
[683000, 1000]
Receiver: 0.000744
Sender: 0.001794
[684000, 1000]
[684000, 1000]
Receiver: 0.000676
Sender: 0.001806
[685000, 1000]
[685000, 1000]
Receiver: 0.000668
Sender: 0.001667
[686000, 1000]
[686000, 1000]
Sender: 0.001780
Receiver: 0.000680
[687000, 1000]
[687000, 1000]
Receiver: 0.000667
Sender: 0.001551
[688000, 1000]
[688000, 1000]
Receiver: 0.000626
Sender: 0.001655
[689000, 1000]
[689000, 1000]
Receiver: 0.000677
Sender: 0.001585
[690000, 1000]
[690000, 1000]
Sender: 0.001806
Receiver: 0.000685
[691000, 1000]
[691000, 1000]
Receiver: 0.000662
Sender: 0.001649
[692000, 1000]
[692000, 1000]
Receiver: 0.000635
Sender: 0.001764
[693000, 1000]
[693000, 1000]
Receiver: 0.000693
Sender: 0.001736
[694000, 1000]
[694000, 1000]
Sender: 0.001587
Receiver: 0.000692
[695000, 1000]
[695000, 1000]
Receiver: 0.000828
Sender: 0.001633
[696000, 1000]
[696000, 1000]
Receiver: 0.000642
Sender: 0.001869
[697000, 1000]
[697000, 1000]
Sender: 0.001659
Receiver: 0.000693
[698000, 1000]
[698000, 1000]
Receiver: 0.000650
Sender: 0.001899
[699000, 1000]
[699000, 1000]
Sender: 0.001579
Receiver: 0.000654
[700000, 1000]
[700000, 1000]
Receiver: 0.000700
Sender: 0.001488
[701000, 1000]
[701000, 1000]
Receiver: 0.000648
Sender: 0.001582
[702000, 1000]
[702000, 1000]
Sender: 0.001731
Receiver: 0.000810
[703000, 1000]
[703000, 1000]
Receiver: 0.000596
Sender: 0.001674
[704000, 1000]
[704000, 1000]
Receiver: 0.000677
Sender: 0.001575
[705000, 1000]
[705000, 1000]
Sender: 0.001681
Receiver: 0.000710
[706000, 1000]
[706000, 1000]
Receiver: 0.000839
Sender: 0.001642
[707000, 1000]
[707000, 1000]
Sender: 0.001582
Receiver: 0.000653
[708000, 1000]
[708000, 1000]
Receiver: 0.000654
Sender: 0.001805
[709000, 1000]
[709000, 1000]
Receiver: 0.000726
Sender: 0.001579
[710000, 1000]
[710000, 1000]
Sender: 0.001720
Receiver: 0.000715
[711000, 1000]
[711000, 1000]
Receiver: 0.000628
Sender: 0.001731
[712000, 1000]
[712000, 1000]
Sender: 0.001683
Receiver: 0.000695
[713000, 1000]
[713000, 1000]
Receiver: 0.000633
Sender: 0.001760
[714000, 1000]
[714000, 1000]
Receiver: 0.000710
Sender: 0.001709
[715000, 1000]
[715000, 1000]
Sender: 0.001541
Receiver: 0.000707
[716000, 1000]
[716000, 1000]
Receiver: 0.000650
Sender: 0.001859
[717000, 1000]
[717000, 1000]
Receiver: 0.000673
Sender: 0.001713
[718000, 1000]
[718000, 1000]
Receiver: 0.000684
Sender: 0.002093
[719000, 1000]
[719000, 1000]
Sender: 0.002025
Receiver: 0.000695
[720000, 1000]
[720000, 1000]
Receiver: 0.000707
Sender: 0.001751
[721000, 1000]
[721000, 1000]
Sender: 0.001763
Receiver: 0.000687
[722000, 1000]
[722000, 1000]
Receiver: 0.000698
Sender: 0.001595
[723000, 1000]
[723000, 1000]
Receiver: 0.000699
Sender: 0.001647
[724000, 1000]
[724000, 1000]
Receiver: 0.000623
Sender: 0.001607
[725000, 1000]
[725000, 1000]
Receiver: 0.000666
Sender: 0.001635
[726000, 1000]
[726000, 1000]
Receiver: 0.000647
Sender: 0.001601
[727000, 1000]
[727000, 1000]
Receiver: 0.000656
Sender: 0.001662
[728000, 1000]
[728000, 1000]
Receiver: 0.000748
Sender: 0.001544
[729000, 1000]
[729000, 1000]
Receiver: 0.000686
Sender: 0.001604
[730000, 1000]
[730000, 1000]
Sender: 0.001475
Receiver: 0.000769
[731000, 1000]
[731000, 1000]
Receiver: 0.000788
Sender: 0.001602
[732000, 1000]
[732000, 1000]
Sender: 0.001734
Receiver: 0.000652
[733000, 1000]
[733000, 1000]
Sender: 0.001546
Receiver: 0.000750
[734000, 1000]
[734000, 1000]
Receiver: 0.000692
Sender: 0.001768
[735000, 1000]
[735000, 1000]
Sender: 0.001768
Receiver: 0.000680
[736000, 1000]
[736000, 1000]
Receiver: 0.000638
Sender: 0.001562
[737000, 1000]
[737000, 1000]
Sender: 0.001650
Receiver: 0.000679
[738000, 1000]
[738000, 1000]
Sender: 0.001846
Receiver: 0.000665
[739000, 1000]
[739000, 1000]
Receiver: 0.000639
Sender: 0.001754
[740000, 1000]
[740000, 1000]
Receiver: 0.000654
Sender: 0.001675
[741000, 1000]
[741000, 1000]
Receiver: 0.000685
Sender: 0.001649
[742000, 1000]
[742000, 1000]
Sender: 0.001476
Receiver: 0.000864
[743000, 1000]
[743000, 1000]
Receiver: 0.000698
Sender: 0.001699
[744000, 1000]
[744000, 1000]
Sender: 0.001759
Receiver: 0.000664
[745000, 1000]
[745000, 1000]
Receiver: 0.000857
Sender: 0.001566
[746000, 1000]
[746000, 1000]
Sender: 0.001655
Receiver: 0.000665
[747000, 1000]
[747000, 1000]
Receiver: 0.000729
Sender: 0.001676
[748000, 1000]
[748000, 1000]
Receiver: 0.000659
Sender: 0.001759
[749000, 1000]
[749000, 1000]
Sender: 0.001655
Receiver: 0.000669
[750000, 1000]
[750000, 1000]
Receiver: 0.000780
Sender: 0.001696
[751000, 1000]
[751000, 1000]
Receiver: 0.000825
Sender: 0.001987
[752000, 1000]
[752000, 1000]
Sender: 0.001884
Receiver: 0.000650
[753000, 1000]
[753000, 1000]
Receiver: 0.000840
Sender: 0.001666
[754000, 1000]
[754000, 1000]
Sender: 0.001686
Receiver: 0.000658
[755000, 1000]
[755000, 1000]
Sender: 0.001624
Receiver: 0.000693
[756000, 1000]
[756000, 1000]
Sender: 0.001715
Receiver: 0.000804
[757000, 1000]
[757000, 1000]
Receiver: 0.000623
Sender: 0.001616
[758000, 1000]
[758000, 1000]
Sender: 0.001691
Receiver: 0.000862
[759000, 1000]
[759000, 1000]
Receiver: 0.000669
Sender: 0.001682
[760000, 1000]
[760000, 1000]
Receiver: 0.000699
Sender: 0.001613
[761000, 1000]
[761000, 1000]
Sender: 0.001715
Receiver: 0.000729
[762000, 1000]
[762000, 1000]
Receiver: 0.000664
Sender: 0.002117
[763000, 1000]
[763000, 1000]
Sender: 0.001496
Receiver: 0.000749
[764000, 1000]
[764000, 1000]
Receiver: 0.000648
Sender: 0.001526
[765000, 1000]
[765000, 1000]
Receiver: 0.000623
Sender: 0.001590
[766000, 1000]
[766000, 1000]
Receiver: 0.000632
Sender: 0.001844
[767000, 1000]
[767000, 1000]
Receiver: 0.000629
Sender: 0.001677
[768000, 1000]
[768000, 1000]
Sender: 0.001566
Receiver: 0.000719
[769000, 1000]
[769000, 1000]
Receiver: 0.000659
Sender: 0.001613
[770000, 1000]
[770000, 1000]
Sender: 0.001806
Receiver: 0.000709
[771000, 1000]
[771000, 1000]
Sender: 0.001640
Receiver: 0.000836
[772000, 1000]
[772000, 1000]
Receiver: 0.000826
Sender: 0.001686
[773000, 1000]
[773000, 1000]
Sender: 0.001710
Receiver: 0.000652
[774000, 1000]
[774000, 1000]
Receiver: 0.000674
Sender: 0.001698
[775000, 1000]
[775000, 1000]
Sender: 0.001771
Receiver: 0.000659
[776000, 1000]
[776000, 1000]
Receiver: 0.000669
Sender: 0.001548
[777000, 1000]
[777000, 1000]
Receiver: 0.000651
Sender: 0.001657
[778000, 1000]
[778000, 1000]
Sender: 0.001643
Receiver: 0.000691
[779000, 1000]
[779000, 1000]
Receiver: 0.000649
Sender: 0.001562
[780000, 1000]
[780000, 1000]
Sender: 0.001662
Receiver: 0.000698
[781000, 1000]
[781000, 1000]
Sender: 0.001728
Receiver: 0.000681
[782000, 1000]
[782000, 1000]
Receiver: 0.000634
Sender: 0.001599
[783000, 1000]
[783000, 1000]
Sender: 0.001730
Receiver: 0.000686
[784000, 1000]
[784000, 1000]
Receiver: 0.000837
Sender: 0.001726
[785000, 1000]
[785000, 1000]
Receiver: 0.000620
Sender: 0.001736
[786000, 1000]
[786000, 1000]
Receiver: 0.000662
Sender: 0.001753
[787000, 1000]
[787000, 1000]
Sender: 0.001908
Receiver: 0.000663
[788000, 1000]
[788000, 1000]
Receiver: 0.000662
Sender: 0.001529
[789000, 1000]
[789000, 1000]
Receiver: 0.000665
Sender: 0.001779
[790000, 1000]
[790000, 1000]
Receiver: 0.000804
Sender: 0.001583
[791000, 1000]
[791000, 1000]
Sender: 0.001717
Receiver: 0.000642
[792000, 1000]
[792000, 1000]
Sender: 0.001613
Receiver: 0.000666
[793000, 1000]
[793000, 1000]
Receiver: 0.000711
Sender: 0.001652
[794000, 1000]
[794000, 1000]
Receiver: 0.000655
Sender: 0.001516
[795000, 1000]
[795000, 1000]
Sender: 0.001559
Receiver: 0.000623
[796000, 1000]
[796000, 1000]
Receiver: 0.000665
Sender: 0.001544
[797000, 1000]
[797000, 1000]
Receiver: 0.000685
Sender: 0.001702
[798000, 1000]
[798000, 1000]
Receiver: 0.000667
Sender: 0.001621
[799000, 1000]
[799000, 1000]
Sender: 0.001564
Receiver: 0.000682
[800000, 1000]
[800000, 1000]
Sender: 0.001596
Receiver: 0.000662
[801000, 1000]
[801000, 1000]
Receiver: 0.000648
Sender: 0.001903
[802000, 1000]
[802000, 1000]
Sender: 0.001640
Receiver: 0.000822
[803000, 1000]
[803000, 1000]
Receiver: 0.000786
Sender: 0.001899
[804000, 1000]
[804000, 1000]
Sender: 0.001532
Receiver: 0.000782
[805000, 1000]
[805000, 1000]
Receiver: 0.000631
Sender: 0.001815
[806000, 1000]
[806000, 1000]
Receiver: 0.000643
Sender: 0.001527
[807000, 1000]
[807000, 1000]
Sender: 0.001644
Receiver: 0.000632
[808000, 1000]
[808000, 1000]
Sender: 0.001660
Receiver: 0.000666
[809000, 1000]
[809000, 1000]
Sender: 0.001687
Receiver: 0.000654
[810000, 1000]
[810000, 1000]
Receiver: 0.000686
Sender: 0.001758
[811000, 1000]
[811000, 1000]
Receiver: 0.000637
Sender: 0.001580
[812000, 1000]
[812000, 1000]
Receiver: 0.000704
Sender: 0.001690
[813000, 1000]
[813000, 1000]
Sender: 0.001812
Receiver: 0.000808
[814000, 1000]
[814000, 1000]
Receiver: 0.000605
Sender: 0.002054
[815000, 1000]
[815000, 1000]
Receiver: 0.000665
Sender: 0.001754
[816000, 1000]
[816000, 1000]
Receiver: 0.000656
Sender: 0.001548
[817000, 1000]
[817000, 1000]
Sender: 0.001555
Receiver: 0.000802
[818000, 1000]
[818000, 1000]
Receiver: 0.000688
Sender: 0.001694
[819000, 1000]
[819000, 1000]
Sender: 0.001770
Receiver: 0.000684
[820000, 1000]
[820000, 1000]
Receiver: 0.000680
Sender: 0.001641
[821000, 1000]
[821000, 1000]
Sender: 0.001805
Receiver: 0.000694
[822000, 1000]
[822000, 1000]
Receiver: 0.000680
Sender: 0.001723
[823000, 1000]
[823000, 1000]
Sender: 0.001563
Receiver: 0.000738
[824000, 1000]
[824000, 1000]
Receiver: 0.000711
Sender: 0.002017
[825000, 1000]
[825000, 1000]
Receiver: 0.000814
Sender: 0.001867
[826000, 1000]
[826000, 1000]
Receiver: 0.000747
Sender: 0.001645
[827000, 1000]
[827000, 1000]
Receiver: 0.000627
Sender: 0.001523
[828000, 1000]
[828000, 1000]
Receiver: 0.000858
Sender: 0.001899
[829000, 1000]
[829000, 1000]
Receiver: 0.000648
Sender: 0.001706
[830000, 1000]
[830000, 1000]
Sender: 0.001772
Receiver: 0.000678
[831000, 1000]
[831000, 1000]
Receiver: 0.000652
Sender: 0.001633
[832000, 1000]
[832000, 1000]
Receiver: 0.000684
Sender: 0.001660
[833000, 1000]
[833000, 1000]
Sender: 0.001750
Receiver: 0.000807
[834000, 1000]
[834000, 1000]
Receiver: 0.000681
Sender: 0.002115
[835000, 1000]
[835000, 1000]
Receiver: 0.000619
Sender: 0.001701
[836000, 1000]
[836000, 1000]
Receiver: 0.000711
Sender: 0.001877
[837000, 1000]
[837000, 1000]
Receiver: 0.000648
Sender: 0.001590
[838000, 1000]
[838000, 1000]
Sender: 0.001812
Receiver: 0.000685
[839000, 1000]
[839000, 1000]
Receiver: 0.000685
Sender: 0.001725
[840000, 1000]
[840000, 1000]
Receiver: 0.000631
Sender: 0.001535
[841000, 1000]
[841000, 1000]
Receiver: 0.000638
Sender: 0.001551
[842000, 1000]
[842000, 1000]
Receiver: 0.000644
Sender: 0.001623
[843000, 1000]
[843000, 1000]
Receiver: 0.000683
Sender: 0.001804
[844000, 1000]
[844000, 1000]
Receiver: 0.000665
Sender: 0.001814
[845000, 1000]
[845000, 1000]
Receiver: 0.000668
Sender: 0.001527
[846000, 1000]
[846000, 1000]
Receiver: 0.000645
Sender: 0.001727
[847000, 1000]
[847000, 1000]
Sender: 0.001673
Receiver: 0.000666
[848000, 1000]
[848000, 1000]
Receiver: 0.000664
Sender: 0.001803
[849000, 1000]
[849000, 1000]
Receiver: 0.000618
Sender: 0.001667
[850000, 1000]
[850000, 1000]
Receiver: 0.000643
Sender: 0.001738
[851000, 1000]
[851000, 1000]
Receiver: 0.000724
Sender: 0.001588
[852000, 1000]
[852000, 1000]
Sender: 0.001697
Receiver: 0.000668
[853000, 1000]
[853000, 1000]
Sender: 0.001665
Receiver: 0.000766
[854000, 1000]
[854000, 1000]
Receiver: 0.000671
Sender: 0.001591
[855000, 1000]
[855000, 1000]
Receiver: 0.000806
Sender: 0.001687
[856000, 1000]
[856000, 1000]
Receiver: 0.000624
Sender: 0.001853
[857000, 1000]
[857000, 1000]
Receiver: 0.000765
Sender: 0.001740
[858000, 1000]
[858000, 1000]
Sender: 0.001766
Receiver: 0.000673
[859000, 1000]
[859000, 1000]
Sender: 0.001548
Receiver: 0.000676
[860000, 1000]
[860000, 1000]
Sender: 0.001630
Receiver: 0.000696
[861000, 1000]
[861000, 1000]
Receiver: 0.000667
Sender: 0.001924
[862000, 1000]
[862000, 1000]
Sender: 0.001620
Receiver: 0.000659
[863000, 1000]
[863000, 1000]
Receiver: 0.000632
Sender: 0.001600
[864000, 1000]
[864000, 1000]
Sender: 0.001550
Receiver: 0.000657
[865000, 1000]
[865000, 1000]
Sender: 0.001614
Receiver: 0.000766
[866000, 1000]
[866000, 1000]
Sender: 0.001713
Receiver: 0.000671
[867000, 1000]
[867000, 1000]
Sender: 0.001734
Receiver: 0.000710
[868000, 1000]
[868000, 1000]
Receiver: 0.000638
Sender: 0.001616
[869000, 1000]
[869000, 1000]
Receiver: 0.000869
Sender: 0.001845
[870000, 1000]
[870000, 1000]
Receiver: 0.000682
Sender: 0.001694
[871000, 1000]
[871000, 1000]
Sender: 0.001576
Receiver: 0.000675
[872000, 1000]
[872000, 1000]
Receiver: 0.000685
Sender: 0.001691
[873000, 1000]
[873000, 1000]
Receiver: 0.000664
Sender: 0.001642
[874000, 1000]
[874000, 1000]
Sender: 0.001501
Receiver: 0.000648
[875000, 1000]
[875000, 1000]
Receiver: 0.000644
Sender: 0.001763
[876000, 1000]
[876000, 1000]
Receiver: 0.000674
Sender: 0.001659
[877000, 1000]
[877000, 1000]
Sender: 0.001504
Receiver: 0.000689
[878000, 1000]
[878000, 1000]
Sender: 0.001523
Receiver: 0.000645
[879000, 1000]
[879000, 1000]
Receiver: 0.000682
Sender: 0.001648
[880000, 1000]
[880000, 1000]
Receiver: 0.000705
Sender: 0.001808
[881000, 1000]
[881000, 1000]
Receiver: 0.000648
Sender: 0.001714
[882000, 1000]
[882000, 1000]
Sender: 0.001865
Receiver: 0.000633
[883000, 1000]
[883000, 1000]
Sender: 0.001571
Receiver: 0.000627
[884000, 1000]
[884000, 1000]
Sender: 0.001708
Receiver: 0.000688
[885000, 1000]
[885000, 1000]
Receiver: 0.000669
Sender: 0.001775
[886000, 1000]
[886000, 1000]
Sender: 0.001689
Receiver: 0.000695
[887000, 1000]
[887000, 1000]
Sender: 0.001617
Receiver: 0.000854
[888000, 1000]
[888000, 1000]
Receiver: 0.000672
Sender: 0.001705
[889000, 1000]
[889000, 1000]
Sender: 0.001664
Receiver: 0.000905
[890000, 1000]
[890000, 1000]
Receiver: 0.000627
Sender: 0.001783
[891000, 1000]
[891000, 1000]
Sender: 0.001740
Receiver: 0.000640
[892000, 1000]
[892000, 1000]
Receiver: 0.000678
Sender: 0.001627
[893000, 1000]
[893000, 1000]
Receiver: 0.000688
Sender: 0.001703
[894000, 1000]
[894000, 1000]
Sender: 0.001478
Receiver: 0.000660
[895000, 1000]
[895000, 1000]
Receiver: 0.000743
Sender: 0.001642
[896000, 1000]
[896000, 1000]
Receiver: 0.000744
Sender: 0.001729
[897000, 1000]
[897000, 1000]
Sender: 0.001534
Receiver: 0.000699
[898000, 1000]
[898000, 1000]
Receiver: 0.000685
Sender: 0.001962
[899000, 1000]
[899000, 1000]
Receiver: 0.000618
Sender: 0.001608
[900000, 1000]
[900000, 1000]
Receiver: 0.000746
Sender: 0.001659
[901000, 1000]
[901000, 1000]
Receiver: 0.000697
Sender: 0.001691
[902000, 1000]
[902000, 1000]
Receiver: 0.000814
Sender: 0.001989
[903000, 1000]
[903000, 1000]
Receiver: 0.000688
Sender: 0.001628
[904000, 1000]
[904000, 1000]
Receiver: 0.000675
Sender: 0.001934
[905000, 1000]
[905000, 1000]
Receiver: 0.000652
Sender: 0.001561
[906000, 1000]
[906000, 1000]
Receiver: 0.000767
Sender: 0.001659
[907000, 1000]
[907000, 1000]
Receiver: 0.000667
Sender: 0.001613
[908000, 1000]
[908000, 1000]
Receiver: 0.000805
Sender: 0.001834
[909000, 1000]
[909000, 1000]
Receiver: 0.000619
Sender: 0.001732
[910000, 1000]
[910000, 1000]
Receiver: 0.000843
Sender: 0.001716
[911000, 1000]
[911000, 1000]
Receiver: 0.000679
Sender: 0.001781
[912000, 1000]
[912000, 1000]
Sender: 0.001612
Receiver: 0.000810
[913000, 1000]
[913000, 1000]
Receiver: 0.000659
Sender: 0.001493
[914000, 1000]
[914000, 1000]
Receiver: 0.000641
Sender: 0.003856
[915000, 1000]
[915000, 1000]
Sender: 0.001604
Receiver: 0.000627
[916000, 1000]
[916000, 1000]
Sender: 0.001685
Receiver: 0.000651
[917000, 1000]
[917000, 1000]
Receiver: 0.000660
Sender: 0.001657
[918000, 1000]
[918000, 1000]
Sender: 0.001672
Receiver: 0.000683
[919000, 1000]
[919000, 1000]
Receiver: 0.000701
Sender: 0.001645
[920000, 1000]
[920000, 1000]
Receiver: 0.000710
Sender: 0.001727
[921000, 1000]
[921000, 1000]
Receiver: 0.000685
Sender: 0.001723
[922000, 1000]
[922000, 1000]
Sender: 0.001779
Receiver: 0.000658
[923000, 1000]
[923000, 1000]
Receiver: 0.000672
Sender: 0.001825
[924000, 1000]
[924000, 1000]
Receiver: 0.000644
Sender: 0.001559
[925000, 1000]
[925000, 1000]
Receiver: 0.000691
Sender: 0.001616
[926000, 1000]
[926000, 1000]
Receiver: 0.000756
Sender: 0.001516
[927000, 1000]
[927000, 1000]
Sender: 0.001645
Receiver: 0.000656
[928000, 1000]
[928000, 1000]
Sender: 0.001906
Receiver: 0.000788
[929000, 1000]
[929000, 1000]
Receiver: 0.000800
Sender: 0.001569
[930000, 1000]
[930000, 1000]
Sender: 0.001767
Receiver: 0.000789
[931000, 1000]
[931000, 1000]
Sender: 0.001660
Receiver: 0.000741
[932000, 1000]
[932000, 1000]
Receiver: 0.000764
Sender: 0.001709
[933000, 1000]
[933000, 1000]
Receiver: 0.000688
Sender: 0.001797
[934000, 1000]
[934000, 1000]
Receiver: 0.000644
Sender: 0.001891
[935000, 1000]
[935000, 1000]
Sender: 0.001778
Receiver: 0.000663
[936000, 1000]
[936000, 1000]
Receiver: 0.000668
Sender: 0.001732
[937000, 1000]
[937000, 1000]
Sender: 0.001582
Receiver: 0.000678
[938000, 1000]
[938000, 1000]
Sender: 0.001743
Receiver: 0.000800
[939000, 1000]
[939000, 1000]
Receiver: 0.000710
Sender: 0.001642
[940000, 1000]
[940000, 1000]
Receiver: 0.000670
Sender: 0.001601
[941000, 1000]
[941000, 1000]
Receiver: 0.000664
Sender: 0.001569
[942000, 1000]
[942000, 1000]
Sender: 0.001627
Receiver: 0.000659
[943000, 1000]
[943000, 1000]
Receiver: 0.000646
Sender: 0.001772
[944000, 1000]
[944000, 1000]
Sender: 0.001880
Receiver: 0.000833
[945000, 1000]
[945000, 1000]
Receiver: 0.000651
Sender: 0.001651
[946000, 1000]
[946000, 1000]
Receiver: 0.000669
Sender: 0.001604
[947000, 1000]
[947000, 1000]
Receiver: 0.000689
Sender: 0.001651
[948000, 1000]
[948000, 1000]
Receiver: 0.000817
Sender: 0.001658
[949000, 1000]
[949000, 1000]
Receiver: 0.000659
Sender: 0.001606
[950000, 1000]
[950000, 1000]
Receiver: 0.000664
Sender: 0.001559
[951000, 1000]
[951000, 1000]
Receiver: 0.000678
Sender: 0.002071
[952000, 1000]
[952000, 1000]
Receiver: 0.000629
Sender: 0.001763
[953000, 1000]
[953000, 1000]
Receiver: 0.000740
Sender: 0.001694
[954000, 1000]
[954000, 1000]
Sender: 0.001708
Receiver: 0.000822
[955000, 1000]
[955000, 1000]
Sender: 0.001633
Receiver: 0.000681
[956000, 1000]
[956000, 1000]
Sender: 0.001708
Receiver: 0.000797
[957000, 1000]
[957000, 1000]
Sender: 0.001603
Receiver: 0.000792
[958000, 1000]
[958000, 1000]
Receiver: 0.000654
Sender: 0.001813
[959000, 1000]
[959000, 1000]
Sender: 0.001655
Receiver: 0.000659
[960000, 1000]
[960000, 1000]
Receiver: 0.000695
Sender: 0.001837
[961000, 1000]
[961000, 1000]
Receiver: 0.000796
Sender: 0.001673
[962000, 1000]
[962000, 1000]
Receiver: 0.000788
Sender: 0.001666
[963000, 1000]
[963000, 1000]
Receiver: 0.000675
Sender: 0.001751
[964000, 1000]
[964000, 1000]
Sender: 0.001714
Receiver: 0.000845
[965000, 1000]
[965000, 1000]
Receiver: 0.000768
Sender: 0.001678
[966000, 1000]
[966000, 1000]
Receiver: 0.000739
Sender: 0.001652
[967000, 1000]
[967000, 1000]
Receiver: 0.000629
Sender: 0.001621
[968000, 1000]
[968000, 1000]
Sender: 0.001793
Receiver: 0.000634
[969000, 1000]
[969000, 1000]
Receiver: 0.000663
Sender: 0.001546
[970000, 1000]
[970000, 1000]
Receiver: 0.000651
Sender: 0.001566
[971000, 1000]
[971000, 1000]
Receiver: 0.000656
Sender: 0.001735
[972000, 1000]
[972000, 1000]
Receiver: 0.000648
Sender: 0.001901
[973000, 1000]
[973000, 1000]
Sender: 0.001640
Receiver: 0.000674
[974000, 1000]
[974000, 1000]
Receiver: 0.000777
Sender: 0.001680
[975000, 1000]
[975000, 1000]
Sender: 0.001798
Receiver: 0.000698
[976000, 1000]
[976000, 1000]
Receiver: 0.000677
Sender: 0.001801
[977000, 1000]
[977000, 1000]
Receiver: 0.000807
Sender: 0.001714
[978000, 1000]
[978000, 1000]
Receiver: 0.000653
Sender: 0.001759
[979000, 1000]
[979000, 1000]
Receiver: 0.000598
Sender: 0.001502
[980000, 1000]
[980000, 1000]
Receiver: 0.000674
Sender: 0.001755
[981000, 1000]
[981000, 1000]
Receiver: 0.000667
Sender: 0.001786
[982000, 1000]
[982000, 1000]
Sender: 0.001583
Receiver: 0.000676
[983000, 1000]
[983000, 1000]
Receiver: 0.000656
Sender: 0.001707
[984000, 1000]
[984000, 1000]
Receiver: 0.000596
Sender: 0.001603
[985000, 1000]
[985000, 1000]
Receiver: 0.000805
Sender: 0.001696
[986000, 1000]
[986000, 1000]
Receiver: 0.000689
Sender: 0.001647
[987000, 1000]
[987000, 1000]
Receiver: 0.000643
Sender: 0.001829
[988000, 1000]
[988000, 1000]
Receiver: 0.000629
Sender: 0.001677
[989000, 1000]
[989000, 1000]
Receiver: 0.000738
Sender: 0.001634
[990000, 1000]
[990000, 1000]
Receiver: 0.000620
Sender: 0.001480
[991000, 1000]
[991000, 1000]
Receiver: 0.000652
Sender: 0.001496
[992000, 1000]
[992000, 1000]
Receiver: 0.000640
Sender: 0.001555
[993000, 1000]
[993000, 1000]
Receiver: 0.000659
Sender: 0.001876
[994000, 1000]
[994000, 1000]
Sender: 0.001509
Receiver: 0.000641
[995000, 1000]
[995000, 1000]
Receiver: 0.000634
Sender: 0.001914
[996000, 1000]
[996000, 1000]
Receiver: 0.000619
Sender: 0.001599
[997000, 1000]
[997000, 1000]
Receiver: 0.000684
Sender: 0.001786
[998000, 1000]
[998000, 1000]
Sender: 0.001590
Receiver: 0.000710
[999000, 1000]
[999000, 1000]
Sender: 0.001637
Receiver: 0.000659
[1000000, 1000]
[1000000, 1000]
Receiver: 0.000629
Sender: 0.001494
[1001000, 1000]
[1001000, 1000]
Receiver: 0.000816
Sender: 0.001675
[1002000, 1000]
[1002000, 1000]
Receiver: 0.000670
Sender: 0.001597
[1003000, 1000]
[1003000, 1000]
Receiver: 0.000678
Sender: 0.001856
[1004000, 1000]
[1004000, 1000]
Receiver: 0.000813
Sender: 0.001914
[1005000, 1000]
[1005000, 1000]
Receiver: 0.000624
Sender: 0.001577
[1006000, 1000]
[1006000, 1000]
Receiver: 0.000645
Sender: 0.001575
[1007000, 1000]
[1007000, 1000]
Receiver: 0.000620
Sender: 0.001768
[1008000, 1000]
[1008000, 1000]
Receiver: 0.000665
Sender: 0.001882
[1009000, 1000]
[1009000, 1000]
Sender: 0.001686
Receiver: 0.000771
[1010000, 1000]
[1010000, 1000]
Receiver: 0.000688
Sender: 0.001818
[1011000, 1000]
[1011000, 1000]
Receiver: 0.000686
Sender: 0.001792
[1012000, 1000]
[1012000, 1000]
Sender: 0.001491
Receiver: 0.000643
[1013000, 1000]
[1013000, 1000]
Receiver: 0.000629
Sender: 0.001553
[1014000, 1000]
[1014000, 1000]
Sender: 0.001616
Receiver: 0.000655
[1015000, 1000]
[1015000, 1000]
Receiver: 0.000659
Sender: 0.001909
[1016000, 1000]
[1016000, 1000]
Receiver: 0.000783
Sender: 0.001531
[1017000, 1000]
[1017000, 1000]
Receiver: 0.000810
Sender: 0.001823
[1018000, 1000]
[1018000, 1000]
Receiver: 0.000660
Sender: 0.001723
[1019000, 1000]
[1019000, 1000]
Receiver: 0.000672
Sender: 0.001516
[1020000, 1000]
[1020000, 1000]
Sender: 0.001764
Receiver: 0.000844
[1021000, 1000]
[1021000, 1000]
Receiver: 0.000659
Sender: 0.001654
[1022000, 1000]
[1022000, 1000]
Receiver: 0.000647
Sender: 0.001647
[1023000, 1000]
[1023000, 1000]
Sender: 0.001678
Receiver: 0.000646
[1024000, 1000]
[1024000, 1000]
Receiver: 0.000776
Sender: 0.001527
[1025000, 1000]
[1025000, 1000]
Sender: 0.001648
Receiver: 0.000648
[1026000, 1000]
[1026000, 1000]
Sender: 0.001555
Receiver: 0.000758
[1027000, 1000]
[1027000, 1000]
Receiver: 0.000628
Sender: 0.001754
[1028000, 1000]
[1028000, 1000]
Receiver: 0.000683
Sender: 0.001707
[1029000, 1000]
[1029000, 1000]
Sender: 0.001575
Receiver: 0.000774
[1030000, 1000]
[1030000, 1000]
Sender: 0.001830
Receiver: 0.000750
[1031000, 1000]
[1031000, 1000]
Receiver: 0.000681
Sender: 0.001683
[1032000, 1000]
[1032000, 1000]
Receiver: 0.000687
Sender: 0.001880
[1033000, 1000]
[1033000, 1000]
Sender: 0.001598
Receiver: 0.000641
[1034000, 1000]
[1034000, 1000]
Sender: 0.001715
Receiver: 0.000671
[1035000, 1000]
[1035000, 1000]
Receiver: 0.000685
Sender: 0.001612
[1036000, 1000]
[1036000, 1000]
Receiver: 0.000657
Sender: 0.001727
[1037000, 1000]
[1037000, 1000]
Sender: 0.001602
Receiver: 0.000671
[1038000, 1000]
[1038000, 1000]
Receiver: 0.000627
Sender: 0.001651
[1039000, 1000]
[1039000, 1000]
Receiver: 0.000671
Sender: 0.001820
[1040000, 1000]
[1040000, 1000]
Sender: 0.001776
Receiver: 0.000781
[1041000, 1000]
[1041000, 1000]
Sender: 0.001725
Receiver: 0.000646
[1042000, 1000]
[1042000, 1000]
Receiver: 0.000666
Sender: 0.001660
[1043000, 1000]
[1043000, 1000]
Receiver: 0.000759
Sender: 0.001523
[1044000, 1000]
[1044000, 1000]
Receiver: 0.000756
Sender: 0.001600
[1045000, 1000]
[1045000, 1000]
Sender: 0.001579
Receiver: 0.000701
[1046000, 1000]
[1046000, 1000]
Receiver: 0.000679
Sender: 0.001834
[1047000, 1000]
[1047000, 1000]
Receiver: 0.000661
Sender: 0.001782
[1048000, 1000]
[1048000, 1000]
Receiver: 0.000622
Sender: 0.001596
[1049000, 1000]
[1049000, 1000]
Receiver: 0.000688
Sender: 0.001622
[1050000, 1000]
[1050000, 1000]
Sender: 0.001505
Receiver: 0.000629
[1051000, 1000]
[1051000, 1000]
Receiver: 0.000615
Sender: 0.002068
[1052000, 1000]
[1052000, 1000]
Sender: 0.001766
Receiver: 0.000750
[1053000, 1000]
[1053000, 1000]
Receiver: 0.000663
Sender: 0.001580
[1054000, 1000]
[1054000, 1000]
Sender: 0.001902
Receiver: 0.000708
[1055000, 1000]
[1055000, 1000]
Receiver: 0.000801
Sender: 0.001613
[1056000, 1000]
[1056000, 1000]
Receiver: 0.000667
Sender: 0.001613
[1057000, 1000]
[1057000, 1000]
Sender: 0.001509
Receiver: 0.000901
[1058000, 1000]
[1058000, 1000]
Receiver: 0.000640
Sender: 0.001726
[1059000, 1000]
[1059000, 1000]
Receiver: 0.000643
Sender: 0.001621
[1060000, 1000]
[1060000, 1000]
Sender: 0.001673
Receiver: 0.000714
[1061000, 1000]
[1061000, 1000]
Receiver: 0.000640
Sender: 0.001515
[1062000, 1000]
[1062000, 1000]
Receiver: 0.000649
Sender: 0.001832
[1063000, 1000]
[1063000, 1000]
Sender: 0.001729
Receiver: 0.000766
[1064000, 1000]
[1064000, 1000]
Receiver: 0.000632
Sender: 0.001724
[1065000, 1000]
[1065000, 1000]
Sender: 0.001707
Receiver: 0.000791
[1066000, 1000]
[1066000, 1000]
Receiver: 0.000673
Sender: 0.001633
[1067000, 1000]
[1067000, 1000]
Receiver: 0.000688
Sender: 0.001587
[1068000, 1000]
[1068000, 1000]
Receiver: 0.000644
Sender: 0.001601
[1069000, 1000]
[1069000, 1000]
Sender: 0.001560
Receiver: 0.000667
[1070000, 1000]
[1070000, 1000]
Sender: 0.001586
Receiver: 0.000718
[1071000, 1000]
[1071000, 1000]
Receiver: 0.000646
Sender: 0.001626
[1072000, 1000]
[1072000, 1000]
Receiver: 0.000672
Sender: 0.001874
[1073000, 1000]
[1073000, 1000]
Sender: 0.001858
Receiver: 0.000640
[1074000, 1000]
[1074000, 1000]
Receiver: 0.000664
Sender: 0.001742
[1075000, 1000]
[1075000, 1000]
Receiver: 0.000696
Sender: 0.001558
[1076000, 1000]
[1076000, 1000]
Receiver: 0.000630
Sender: 0.001559
[1077000, 1000]
[1077000, 1000]
Receiver: 0.000647
Sender: 0.001878
[1078000, 1000]
[1078000, 1000]
Sender: 0.001549
Receiver: 0.000644
[1079000, 1000]
[1079000, 1000]
Receiver: 0.000682
Sender: 0.001832
[1080000, 1000]
[1080000, 1000]
Sender: 0.001644
Receiver: 0.000649
[1081000, 1000]
[1081000, 1000]
Receiver: 0.000644
Sender: 0.001548
[1082000, 1000]
[1082000, 1000]
Receiver: 0.000658
Sender: 0.001688
[1083000, 1000]
[1083000, 1000]
Receiver: 0.000626
Sender: 0.002033
[1084000, 1000]
[1084000, 1000]
Receiver: 0.000614
Sender: 0.001714
[1085000, 1000]
[1085000, 1000]
Receiver: 0.000683
Sender: 0.001741
[1086000, 1000]
[1086000, 1000]
Receiver: 0.000642
Sender: 0.001602
[1087000, 1000]
[1087000, 1000]
Receiver: 0.000668
Sender: 0.001645
[1088000, 1000]
[1088000, 1000]
Sender: 0.001500
Receiver: 0.000618
[1089000, 1000]
[1089000, 1000]
Receiver: 0.000662
Sender: 0.001589
[1090000, 1000]
[1090000, 1000]
Receiver: 0.000642
Sender: 0.001584
[1091000, 1000]
[1091000, 1000]
Sender: 0.001651
Receiver: 0.000759
[1092000, 1000]
[1092000, 1000]
Receiver: 0.000673
Sender: 0.001743
[1093000, 1000]
[1093000, 1000]
Receiver: 0.000647
Sender: 0.001677
[1094000, 1000]
[1094000, 1000]
Receiver: 0.000719
Sender: 0.002009
[1095000, 1000]
[1095000, 1000]
Receiver: 0.000793
Sender: 0.001554
[1096000, 1000]
[1096000, 1000]
Sender: 0.001810
Receiver: 0.000699
[1097000, 1000]
[1097000, 1000]
Sender: 0.001643
Receiver: 0.000669
[1098000, 1000]
[1098000, 1000]
Receiver: 0.000683
Sender: 0.001783
[1099000, 1000]
[1099000, 1000]
Sender: 0.001526
Receiver: 0.000632
[1100000, 1000]
[1100000, 1000]
Receiver: 0.000715
Sender: 0.001541
[1101000, 1000]
[1101000, 1000]
Sender: 0.001621
Receiver: 0.000662
[1102000, 1000]
[1102000, 1000]
Receiver: 0.000703
Sender: 0.001580
[1103000, 1000]
[1103000, 1000]
Receiver: 0.000639
Sender: 0.001590
[1104000, 1000]
[1104000, 1000]
Sender: 0.001574
Receiver: 0.000810
[1105000, 1000]
[1105000, 1000]
Receiver: 0.000658
Sender: 0.002800
[1106000, 1000]
[1106000, 1000]
Receiver: 0.000653
Sender: 0.001835
[1107000, 1000]
[1107000, 1000]
Receiver: 0.000776
Sender: 0.001718
[1108000, 1000]
[1108000, 1000]
Receiver: 0.000825
Sender: 0.001818
[1109000, 1000]
[1109000, 1000]
Receiver: 0.000663
Sender: 0.001953
[1110000, 1000]
[1110000, 1000]
Sender: 0.001580
Receiver: 0.000671
[1111000, 1000]
[1111000, 1000]
Receiver: 0.000633
Sender: 0.001689
[1112000, 1000]
[1112000, 1000]
Receiver: 0.000648
Sender: 0.001779
[1113000, 1000]
[1113000, 1000]
Receiver: 0.000709
Sender: 0.001645
[1114000, 1000]
[1114000, 1000]
Sender: 0.001575
Receiver: 0.000757
[1115000, 1000]
[1115000, 1000]
Receiver: 0.000612
Sender: 0.001827
[1116000, 1000]
[1116000, 1000]
Receiver: 0.000659
Sender: 0.001636
[1117000, 1000]
[1117000, 1000]
Sender: 0.001539
Receiver: 0.000719
[1118000, 1000]
[1118000, 1000]
Sender: 0.001700
Receiver: 0.000647
[1119000, 1000]
[1119000, 1000]
Receiver: 0.000653
Sender: 0.001819
[1120000, 1000]
[1120000, 1000]
Receiver: 0.000615
Sender: 0.001636
[1121000, 1000]
[1121000, 1000]
Receiver: 0.000646
Sender: 0.001848
[1122000, 1000]
[1122000, 1000]
Sender: 0.001725
Receiver: 0.000681
[1123000, 1000]
[1123000, 1000]
Receiver: 0.000647
Sender: 0.001604
[1124000, 1000]
[1124000, 1000]
Receiver: 0.000767
Sender: 0.001552
[1125000, 1000]
[1125000, 1000]
Receiver: 0.000762
Sender: 0.001702
[1126000, 1000]
[1126000, 1000]
Receiver: 0.000678
Sender: 0.002000
[1127000, 1000]
[1127000, 1000]
Sender: 0.001840
Receiver: 0.000686
[1128000, 1000]
[1128000, 1000]
Sender: 0.001610
Receiver: 0.000702
[1129000, 1000]
[1129000, 1000]
Receiver: 0.000674
Sender: 0.001545
[1130000, 1000]
[1130000, 1000]
Receiver: 0.000647
Sender: 0.001648
[1131000, 1000]
[1131000, 1000]
Receiver: 0.000765
Sender: 0.001850
[1132000, 1000]
[1132000, 1000]
Receiver: 0.000662
Sender: 0.001802
[1133000, 1000]
[1133000, 1000]
Receiver: 0.000653
Sender: 0.001867
[1134000, 1000]
[1134000, 1000]
Receiver: 0.000649
Sender: 0.001849
[1135000, 1000]
[1135000, 1000]
Receiver: 0.000684
Sender: 0.001643
[1136000, 1000]
[1136000, 1000]
Sender: 0.001718
Receiver: 0.000744
[1137000, 1000]
[1137000, 1000]
Receiver: 0.000610
Sender: 0.001563
[1138000, 1000]
[1138000, 1000]
Receiver: 0.000662
Sender: 0.001738
[1139000, 1000]
[1139000, 1000]
Sender: 0.001783
Receiver: 0.000655
[1140000, 1000]
[1140000, 1000]
Receiver: 0.000696
Sender: 0.001630
[1141000, 1000]
[1141000, 1000]
Receiver: 0.000697
Sender: 0.001809
[1142000, 1000]
[1142000, 1000]
Receiver: 0.000628
Sender: 0.001762
[1143000, 1000]
[1143000, 1000]
Receiver: 0.000689
Sender: 0.001743
[1144000, 1000]
[1144000, 1000]
Receiver: 0.000664
Sender: 0.001699
[1145000, 1000]
[1145000, 1000]
Sender: 0.001602
Receiver: 0.000641
[1146000, 1000]
[1146000, 1000]
Sender: 0.001514
Receiver: 0.000619
[1147000, 1000]
[1147000, 1000]
Sender: 0.001684
Receiver: 0.000659
[1148000, 1000]
[1148000, 1000]
Sender: 0.001570
Receiver: 0.000703
[1149000, 1000]
[1149000, 1000]
Receiver: 0.000767
Sender: 0.001478
[1150000, 1000]
[1150000, 1000]
Receiver: 0.000674
Sender: 0.001533
[1151000, 1000]
[1151000, 1000]
Receiver: 0.000616
Sender: 0.001699
[1152000, 1000]
[1152000, 1000]
Receiver: 0.000719
Sender: 0.001864
[1153000, 1000]
[1153000, 1000]
Sender: 0.001639
Receiver: 0.000782
[1154000, 1000]
[1154000, 1000]
Receiver: 0.000675
Sender: 0.001951
[1155000, 1000]
[1155000, 1000]
Sender: 0.001718
Receiver: 0.000629
[1156000, 1000]
[1156000, 1000]
Sender: 0.001662
Receiver: 0.000650
[1157000, 1000]
[1157000, 1000]
Receiver: 0.000698
Sender: 0.001901
[1158000, 1000]
[1158000, 1000]
Receiver: 0.000730
Sender: 0.001665
[1159000, 1000]
[1159000, 1000]
Receiver: 0.000671
Sender: 0.001620
[1160000, 1000]
[1160000, 1000]
Sender: 0.001642
Receiver: 0.000648
[1161000, 1000]
[1161000, 1000]
Receiver: 0.000675
Sender: 0.001661
[1162000, 1000]
[1162000, 1000]
Sender: 0.001675
Receiver: 0.000682
[1163000, 1000]
[1163000, 1000]
Receiver: 0.000614
Sender: 0.001525
[1164000, 1000]
[1164000, 1000]
Sender: 0.002008
Receiver: 0.000915
[1165000, 1000]
[1165000, 1000]
Sender: 0.001655
Receiver: 0.000660
[1166000, 1000]
[1166000, 1000]
Receiver: 0.000639
Sender: 0.001735
[1167000, 1000]
[1167000, 1000]
Sender: 0.001595
Receiver: 0.000654
[1168000, 1000]
[1168000, 1000]
Sender: 0.001710
Receiver: 0.000663
[1169000, 1000]
[1169000, 1000]
Receiver: 0.000664
Sender: 0.001728
[1170000, 1000]
[1170000, 1000]
Receiver: 0.000614
Sender: 0.002718
[1171000, 1000]
[1171000, 1000]
Receiver: 0.000644
Sender: 0.001669
[1172000, 1000]
[1172000, 1000]
Receiver: 0.000631
Sender: 0.001627
[1173000, 1000]
[1173000, 1000]
Sender: 0.001612
Receiver: 0.000652
[1174000, 1000]
[1174000, 1000]
Receiver: 0.000633
Sender: 0.001557
[1175000, 1000]
[1175000, 1000]
Receiver: 0.000648
Sender: 0.001677
[1176000, 1000]
[1176000, 1000]
Receiver: 0.000820
Sender: 0.001667
[1177000, 1000]
[1177000, 1000]
Sender: 0.001786
Receiver: 0.000654
[1178000, 1000]
[1178000, 1000]
Sender: 0.001834
Receiver: 0.000661
[1179000, 1000]
[1179000, 1000]
Sender: 0.001773
Receiver: 0.000645
[1180000, 1000]
[1180000, 1000]
Receiver: 0.000671
Sender: 0.001797
[1181000, 1000]
[1181000, 1000]
Sender: 0.001748
Receiver: 0.000695
[1182000, 1000]
[1182000, 1000]
Receiver: 0.000659
Sender: 0.001714
[1183000, 1000]
[1183000, 1000]
Sender: 0.001694
Receiver: 0.000696
[1184000, 1000]
[1184000, 1000]
Receiver: 0.000681
Sender: 0.001801
[1185000, 1000]
[1185000, 1000]
Sender: 0.001480
Receiver: 0.001201
[1186000, 1000]
[1186000, 1000]
Receiver: 0.000633
Sender: 0.001514
[1187000, 1000]
[1187000, 1000]
Receiver: 0.000600
Sender: 0.001617
[1188000, 1000]
[1188000, 1000]
Receiver: 0.000612
Sender: 0.001557
[1189000, 1000]
[1189000, 1000]
Receiver: 0.000648
Sender: 0.001912
[1190000, 1000]
[1190000, 1000]
Receiver: 0.000725
Sender: 0.001570
[1191000, 1000]
[1191000, 1000]
Receiver: 0.000663
Sender: 0.001668
[1192000, 1000]
[1192000, 1000]
Sender: 0.001815
Receiver: 0.000794
[1193000, 1000]
[1193000, 1000]
Sender: 0.001794
Receiver: 0.000734
[1194000, 1000]
[1194000, 1000]
Sender: 0.001823
Receiver: 0.000680
[1195000, 1000]
[1195000, 1000]
Receiver: 0.000654
Sender: 0.001713
[1196000, 1000]
[1196000, 1000]
Sender: 0.001684
Receiver: 0.000641
[1197000, 1000]
[1197000, 1000]
Sender: 0.001607
Receiver: 0.000663
[1198000, 1000]
[1198000, 1000]
Sender: 0.001679
Receiver: 0.000634
[1199000, 1000]
[1199000, 1000]
Sender: 0.001926
Receiver: 0.000681
[1200000, 1000]
[1200000, 1000]
Receiver: 0.000664
Sender: 0.001661
[1201000, 1000]
[1201000, 1000]
Receiver: 0.000622
Sender: 0.002005
[1202000, 1000]
[1202000, 1000]
Receiver: 0.000645
Sender: 0.001760
[1203000, 1000]
[1203000, 1000]
Receiver: 0.000655
Sender: 0.001744
[1204000, 1000]
[1204000, 1000]
Receiver: 0.000684
Sender: 0.001635
[1205000, 1000]
[1205000, 1000]
Sender: 0.001702
Receiver: 0.000653
[1206000, 1000]
[1206000, 1000]
Sender: 0.001685
Receiver: 0.000670
[1207000, 1000]
[1207000, 1000]
Sender: 0.001678
Receiver: 0.000643
[1208000, 1000]
[1208000, 1000]
Receiver: 0.000648
Sender: 0.001488
[1209000, 1000]
[1209000, 1000]
Receiver: 0.000710
Sender: 0.001684
[1210000, 1000]
[1210000, 1000]
Receiver: 0.000653
Sender: 0.001508
[1211000, 1000]
[1211000, 1000]
Receiver: 0.000671
Sender: 0.001648
[1212000, 1000]
[1212000, 1000]
Receiver: 0.000821
Sender: 0.001763
[1213000, 1000]
[1213000, 1000]
Sender: 0.001799
Receiver: 0.000686
[1214000, 1000]
[1214000, 1000]
Sender: 0.001689
Receiver: 0.000767
[1215000, 1000]
[1215000, 1000]
Receiver: 0.000641
Sender: 0.001632
[1216000, 1000]
[1216000, 1000]
Sender: 0.001763
Receiver: 0.000675
[1217000, 1000]
[1217000, 1000]
Receiver: 0.000732
Sender: 0.001942
[1218000, 1000]
[1218000, 1000]
Receiver: 0.000764
Sender: 0.001543
[1219000, 1000]
[1219000, 1000]
Sender: 0.001694
Receiver: 0.000661
[1220000, 1000]
[1220000, 1000]
Sender: 0.001734
Receiver: 0.000751
[1221000, 1000]
[1221000, 1000]
Receiver: 0.000635
Sender: 0.001914
[1222000, 1000]
[1222000, 1000]
Receiver: 0.000779
Sender: 0.001697
[1223000, 1000]
[1223000, 1000]
Receiver: 0.000765
Sender: 0.001764
[1224000, 1000]
[1224000, 1000]
Sender: 0.001858
Receiver: 0.000653
[1225000, 1000]
[1225000, 1000]
Receiver: 0.000654
Sender: 0.001652
[1226000, 1000]
[1226000, 1000]
Sender: 0.001548
Receiver: 0.000582
[1227000, 1000]
[1227000, 1000]
Receiver: 0.000677
Sender: 0.001548
[1228000, 1000]
[1228000, 1000]
Receiver: 0.000687
Sender: 0.001744
[1229000, 1000]
[1229000, 1000]
Receiver: 0.000678
Sender: 0.001825
[1230000, 1000]
[1230000, 1000]
Receiver: 0.000695
Sender: 0.001956
[1231000, 1000]
[1231000, 1000]
Receiver: 0.000659
Sender: 0.001935
[1232000, 1000]
[1232000, 1000]
Receiver: 0.000643
Sender: 0.001849
[1233000, 1000]
[1233000, 1000]
Receiver: 0.000661
Sender: 0.001673
[1234000, 1000]
[1234000, 1000]
Receiver: 0.000660
Sender: 0.001771
[1235000, 1000]
[1235000, 1000]
Sender: 0.001757
Receiver: 0.000648
[1236000, 1000]
[1236000, 1000]
Receiver: 0.000635
Sender: 0.001662
[1237000, 1000]
[1237000, 1000]
Receiver: 0.000619
Sender: 0.001735
[1238000, 1000]
[1238000, 1000]
Receiver: 0.000629
Sender: 0.001847
[1239000, 1000]
[1239000, 1000]
Receiver: 0.000647
Sender: 0.002063
[1240000, 1000]
[1240000, 1000]
Receiver: 0.000663
Sender: 0.001606
[1241000, 1000]
[1241000, 1000]
Sender: 0.001758
Receiver: 0.000743
[1242000, 1000]
[1242000, 1000]
Receiver: 0.000644
Sender: 0.001744
[1243000, 1000]
[1243000, 1000]
Receiver: 0.000670
Sender: 0.001629
[1244000, 1000]
[1244000, 1000]
Receiver: 0.000644
Sender: 0.001833
[1245000, 1000]
[1245000, 1000]
Receiver: 0.000623
Sender: 0.001770
[1246000, 1000]
[1246000, 1000]
Receiver: 0.000637
Sender: 0.001551
[1247000, 1000]
[1247000, 1000]
Receiver: 0.000681
Sender: 0.001513
[1248000, 1000]
[1248000, 1000]
Receiver: 0.000621
Sender: 0.001786
[1249000, 1000]
[1249000, 1000]
Sender: 0.001573
Receiver: 0.000809
[1250000, 1000]
[1250000, 1000]
Receiver: 0.000722
Sender: 0.001460
[1251000, 1000]
[1251000, 1000]
Receiver: 0.000613
Sender: 0.001767
[1252000, 1000]
[1252000, 1000]
Receiver: 0.000636
Sender: 0.001666
[1253000, 1000]
[1253000, 1000]
Receiver: 0.000661
Sender: 0.001758
[1254000, 1000]
[1254000, 1000]
Receiver: 0.000625
Sender: 0.001740
[1255000, 1000]
[1255000, 1000]
Receiver: 0.000642
Sender: 0.001628
[1256000, 1000]
[1256000, 1000]
Receiver: 0.000647
Sender: 0.001606
[1257000, 1000]
[1257000, 1000]
Receiver: 0.000679
Sender: 0.001913
[1258000, 1000]
[1258000, 1000]
Receiver: 0.000635
Sender: 0.001652
[1259000, 1000]
[1259000, 1000]
Sender: 0.001683
Receiver: 0.000672
[1260000, 1000]
[1260000, 1000]
Sender: 0.001791
Receiver: 0.000682
[1261000, 1000]
[1261000, 1000]
Receiver: 0.000619
Sender: 0.001940
[1262000, 1000]
[1262000, 1000]
Sender: 0.001724
Receiver: 0.000797
[1263000, 1000]
[1263000, 1000]
Receiver: 0.000664
Sender: 0.001674
[1264000, 1000]
[1264000, 1000]
Sender: 0.001736
Receiver: 0.000764
[1265000, 1000]
[1265000, 1000]
Receiver: 0.000751
Sender: 0.001678
[1266000, 1000]
[1266000, 1000]
Receiver: 0.000620
Sender: 0.001729
[1267000, 1000]
[1267000, 1000]
Receiver: 0.000640
Sender: 0.001877
[1268000, 1000]
[1268000, 1000]
Receiver: 0.000676
Sender: 0.001822
[1269000, 1000]
[1269000, 1000]
Sender: 0.001716
Receiver: 0.000645
[1270000, 1000]
[1270000, 1000]
Receiver: 0.000674
Sender: 0.001649
[1271000, 1000]
[1271000, 1000]
Receiver: 0.000632
Sender: 0.001791
[1272000, 1000]
[1272000, 1000]
Receiver: 0.000649
Sender: 0.001956
[1273000, 1000]
[1273000, 1000]
Receiver: 0.000637
Sender: 0.001679
[1274000, 1000]
[1274000, 1000]
Receiver: 0.000605
Sender: 0.002293
[1275000, 1000]
[1275000, 1000]
Receiver: 0.000641
Sender: 0.001604
[1276000, 1000]
[1276000, 1000]
Receiver: 0.000654
Sender: 0.001848
[1277000, 1000]
[1277000, 1000]
Receiver: 0.000656
Sender: 0.001599
[1278000, 1000]
[1278000, 1000]
Receiver: 0.000765
Sender: 0.001962
[1279000, 1000]
[1279000, 1000]
Receiver: 0.000771
Sender: 0.001694
[1280000, 1000]
[1280000, 1000]
Receiver: 0.000711
Sender: 0.001675
[1281000, 1000]
[1281000, 1000]
Receiver: 0.000633
Sender: 0.001679
[1282000, 1000]
[1282000, 1000]
Sender: 0.001642
Receiver: 0.000644
[1283000, 1000]
[1283000, 1000]
Receiver: 0.000655
Sender: 0.001813
[1284000, 1000]
[1284000, 1000]
Receiver: 0.000642
Sender: 0.001787
[1285000, 1000]
[1285000, 1000]
Sender: 0.001857
Receiver: 0.000655
[1286000, 1000]
[1286000, 1000]
Receiver: 0.000636
Sender: 0.001796
[1287000, 1000]
[1287000, 1000]
Receiver: 0.000657
Sender: 0.001718
[1288000, 1000]
[1288000, 1000]
Sender: 0.001610
Receiver: 0.000649
[1289000, 1000]
[1289000, 1000]
Receiver: 0.000774
Sender: 0.001661
[1290000, 1000]
[1290000, 1000]
Receiver: 0.000668
Sender: 0.001953
[1291000, 1000]
[1291000, 1000]
Sender: 0.001736
Receiver: 0.000649
[1292000, 1000]
[1292000, 1000]
Receiver: 0.000658
Sender: 0.001904
[1293000, 1000]
[1293000, 1000]
Receiver: 0.000699
Sender: 0.001686
[1294000, 1000]
[1294000, 1000]
Receiver: 0.000645
Sender: 0.001672
[1295000, 1000]
[1295000, 1000]
Sender: 0.001783
Receiver: 0.000683
[1296000, 1000]
[1296000, 1000]
Receiver: 0.000685
Sender: 0.001662
[1297000, 1000]
[1297000, 1000]
Sender: 0.001721
Receiver: 0.000666
[1298000, 1000]
[1298000, 1000]
Receiver: 0.000752
Sender: 0.001514
[1299000, 1000]
[1299000, 1000]
Sender: 0.001648
Receiver: 0.000720
[1300000, 1000]
[1300000, 1000]
Receiver: 0.000674
Sender: 0.001690
[1301000, 1000]
[1301000, 1000]
Sender: 0.001434
Receiver: 0.000568
[1302000, 1000]
[1302000, 1000]
Receiver: 0.000648
Sender: 0.001471
[1303000, 1000]
[1303000, 1000]
Receiver: 0.000557
Sender: 0.001600
[1304000, 1000]
[1304000, 1000]
Receiver: 0.000595
Sender: 0.001475
[1305000, 1000]
[1305000, 1000]
Receiver: 0.000607
Sender: 0.001658
[1306000, 1000]
[1306000, 1000]
Receiver: 0.000578
Sender: 0.001457
[1307000, 1000]
[1307000, 1000]
Receiver: 0.000628
Sender: 0.001653
[1308000, 1000]
[1308000, 1000]
Receiver: 0.000573
Sender: 0.001372
[1309000, 1000]
[1309000, 1000]
Receiver: 0.000547
Sender: 0.001438
[1310000, 1000]
[1310000, 1000]
Receiver: 0.000638
Sender: 0.001615
[1311000, 1000]
[1311000, 1000]
Receiver: 0.000544
Sender: 0.001292
[1312000, 1000]
[1312000, 1000]
Sender: 0.001538
Receiver: 0.000561
[1313000, 1000]
[1313000, 1000]
Receiver: 0.000582
Sender: 0.001720
[1314000, 1000]
[1314000, 1000]
Sender: 0.001801
Receiver: 0.000800
[1315000, 1000]
[1315000, 1000]
Sender: 0.001531
Receiver: 0.000656
[1316000, 1000]
[1316000, 1000]
Receiver: 0.000651
Sender: 0.001626
[1317000, 1000]
[1317000, 1000]
Receiver: 0.000810
Sender: 0.001729
[1318000, 1000]
[1318000, 1000]
Sender: 0.001589
Receiver: 0.000651
[1319000, 1000]
[1319000, 1000]
Receiver: 0.000671
Sender: 0.001763
[1320000, 1000]
[1320000, 1000]
Receiver: 0.000647
Sender: 0.001951
[1321000, 1000]
[1321000, 1000]
Receiver: 0.000653
Sender: 0.001699
[1322000, 1000]
[1322000, 1000]
Receiver: 0.000630
Sender: 0.001742
[1323000, 1000]
[1323000, 1000]
Receiver: 0.000649
Sender: 0.001651
[1324000, 1000]
[1324000, 1000]
Receiver: 0.000621
Sender: 0.001606
[1325000, 1000]
[1325000, 1000]
Receiver: 0.000677
Sender: 0.001694
[1326000, 1000]
[1326000, 1000]
Receiver: 0.000913
Sender: 0.002137
[1327000, 1000]
[1327000, 1000]
Receiver: 0.000659
Sender: 0.001593
[1328000, 1000]
[1328000, 1000]
Receiver: 0.000808
Sender: 0.001689
[1329000, 1000]
[1329000, 1000]
Sender: 0.001669
Receiver: 0.000691
[1330000, 1000]
[1330000, 1000]
Receiver: 0.000722
Sender: 0.001712
[1331000, 1000]
[1331000, 1000]
Receiver: 0.000658
Sender: 0.001749
[1332000, 1000]
[1332000, 1000]
Receiver: 0.000724
Sender: 0.001642
[1333000, 1000]
[1333000, 1000]
Sender: 0.001713
Receiver: 0.000638
[1334000, 1000]
[1334000, 1000]
Receiver: 0.000613
Sender: 0.001751
[1335000, 1000]
[1335000, 1000]
Sender: 0.001783
Receiver: 0.000884
[1336000, 1000]
[1336000, 1000]
Sender: 0.001777
Receiver: 0.000653
[1337000, 1000]
[1337000, 1000]
Sender: 0.001648
Receiver: 0.000641
[1338000, 1000]
[1338000, 1000]
Receiver: 0.000635
Sender: 0.001794
[1339000, 1000]
[1339000, 1000]
Receiver: 0.000664
Sender: 0.001558
[1340000, 1000]
[1340000, 1000]
Sender: 0.001377
Receiver: 0.000545
[1341000, 1000]
[1341000, 1000]
Sender: 0.001275
Receiver: 0.000540
[1342000, 1000]
[1342000, 1000]
Sender: 0.001363
Receiver: 0.000553
[1343000, 1000]
[1343000, 1000]
Sender: 0.001538
Receiver: 0.000554
[1344000, 1000]
[1344000, 1000]
Sender: 0.001394
Receiver: 0.000550
[1345000, 1000]
[1345000, 1000]
Sender: 0.001633
Receiver: 0.000655
[1346000, 1000]
[1346000, 1000]
Receiver: 0.000664
Sender: 0.001720
[1347000, 1000]
[1347000, 1000]
Receiver: 0.000651
Sender: 0.001788
[1348000, 1000]
[1348000, 1000]
Receiver: 0.000649
Sender: 0.001545
[1349000, 1000]
[1349000, 1000]
Receiver: 0.000643
Sender: 0.001715
[1350000, 1000]
[1350000, 1000]
Receiver: 0.000673
Sender: 0.001852
[1351000, 1000]
[1351000, 1000]
Sender: 0.001615
Receiver: 0.000660
[1352000, 1000]
[1352000, 1000]
Receiver: 0.000679
Sender: 0.001730
[1353000, 1000]
[1353000, 1000]
Sender: 0.001777
Receiver: 0.000781
[1354000, 1000]
[1354000, 1000]
Receiver: 0.000653
Sender: 0.001938
[1355000, 1000]
[1355000, 1000]
Receiver: 0.000625
Sender: 0.001762
[1356000, 1000]
[1356000, 1000]
Receiver: 0.000645
Sender: 0.001710
[1357000, 1000]
[1357000, 1000]
Sender: 0.001706
Receiver: 0.000676
[1358000, 1000]
[1358000, 1000]
Sender: 0.001768
Receiver: 0.000775
[1359000, 1000]
[1359000, 1000]
Receiver: 0.000728
Sender: 0.001556
[1360000, 1000]
[1360000, 1000]
Receiver: 0.000674
Sender: 0.001782
[1361000, 1000]
[1361000, 1000]
Sender: 0.001356
Receiver: 0.000644
[1362000, 1000]
[1362000, 1000]
Sender: 0.001383
Receiver: 0.000573
[1363000, 1000]
[1363000, 1000]
Sender: 0.001325
Receiver: 0.000562
[1364000, 1000]
[1364000, 1000]
Sender: 0.001333
Receiver: 0.000541
[1365000, 1000]
[1365000, 1000]
Sender: 0.001278
Receiver: 0.000547
[1366000, 1000]
[1366000, 1000]
Sender: 0.004359
Receiver: 0.000490
[1367000, 1000]
[1367000, 1000]
Sender: 0.001273
Receiver: 0.000556
[1368000, 1000]
[1368000, 1000]
Sender: 0.002487
Receiver: 0.000534
[1369000, 1000]
[1369000, 1000]
Receiver: 0.000545
Sender: 0.001451
[1370000, 1000]
[1370000, 1000]
Sender: 0.004000
Receiver: 0.000632
[1371000, 1000]
[1371000, 1000]
Receiver: 0.000551
Sender: 0.001433
[1372000, 1000]
[1372000, 1000]
Sender: 0.001312
Receiver: 0.000547
[1373000, 1000]
[1373000, 1000]
Sender: 0.001282
Receiver: 0.000549
[1374000, 1000]
[1374000, 1000]
Sender: 0.001304
Receiver: 0.000552
[1375000, 1000]
[1375000, 1000]
Sender: 0.001292
Receiver: 0.000537
[1376000, 1000]
[1376000, 1000]
Receiver: 0.000532
Sender: 0.002829
[1377000, 1000]
[1377000, 1000]
Receiver: 0.000538
Sender: 0.011087
[1378000, 1000]
[1378000, 1000]
Sender: 0.001320
Receiver: 0.000544
[1379000, 1000]
[1379000, 1000]
Sender: 0.001311
Receiver: 0.000548
[1380000, 1000]
[1380000, 1000]
Sender: 0.001346
Receiver: 0.000557
[1381000, 1000]
[1381000, 1000]
Sender: 0.001281
Receiver: 0.000546
[1382000, 1000]
[1382000, 1000]
Sender: 0.001364
Receiver: 0.000547
[1383000, 1000]
[1383000, 1000]
Sender: 0.001350
Receiver: 0.000557
[1384000, 1000]
[1384000, 1000]
Sender: 0.001382
Receiver: 0.000558
[1385000, 1000]
[1385000, 1000]
Sender: 0.001379
Receiver: 0.000553
[1386000, 1000]
[1386000, 1000]
Sender: 0.001383
Receiver: 0.000551
[1387000, 1000]
[1387000, 1000]
Receiver: 0.000557
Sender: 0.001415
[1388000, 1000]
[1388000, 1000]
Receiver: 0.000478
Sender: 0.001441
[1389000, 1000]
[1389000, 1000]
Sender: 0.001408
Receiver: 0.000530
[1390000, 1000]
[1390000, 1000]
Receiver: 0.000543
Sender: 0.020102
[1391000, 1000]
[1391000, 1000]
Sender: 0.001312
Receiver: 0.000557
[1392000, 1000]
[1392000, 1000]
Receiver: 0.000535
Sender: 0.002425
[1393000, 1000]
[1393000, 1000]
Sender: 0.010540
Receiver: 0.000538
[1394000, 1000]
[1394000, 1000]
Receiver: 0.000521
Sender: 0.010822
[1395000, 1000]
[1395000, 1000]
Sender: 0.001313
Receiver: 0.000553
[1396000, 1000]
[1396000, 1000]
Sender: 0.001333
Receiver: 0.000557
[1397000, 1000]
[1397000, 1000]
Sender: 0.001404
Receiver: 0.000546
[1398000, 1000]
[1398000, 1000]
Sender: 0.001333
Receiver: 0.000540
[1399000, 1000]
[1399000, 1000]
Sender: 0.001406
Receiver: 0.000532
[1400000, 1000]
[1400000, 1000]
Receiver: 0.000533
Sender: 0.001436
[1401000, 1000]
[1401000, 1000]
Receiver: 0.000532
Sender: 0.002242
[1402000, 1000]
[1402000, 1000]
Sender: 0.001298
Receiver: 0.000545
[1403000, 1000]
[1403000, 1000]
Sender: 0.001296
Receiver: 0.000519
[1404000, 1000]
[1404000, 1000]
Sender: 0.001336
Receiver: 0.000541
[1405000, 1000]
[1405000, 1000]
Sender: 0.001309
Receiver: 0.000535
[1406000, 1000]
[1406000, 1000]
Sender: 0.001348
Receiver: 0.000556
[1407000, 1000]
[1407000, 1000]
Sender: 0.001318
Receiver: 0.000559
[1408000, 1000]
[1408000, 1000]
Receiver: 0.000527
Sender: 0.001362
[1409000, 1000]
[1409000, 1000]
Sender: 0.001337
Receiver: 0.000517
[1410000, 1000]
[1410000, 1000]
Sender: 0.001285
Receiver: 0.000581
[1411000, 1000]
[1411000, 1000]
Sender: 0.001311
Receiver: 0.000543
[1412000, 1000]
[1412000, 1000]
Sender: 0.001393
Receiver: 0.000534
[1413000, 1000]
[1413000, 1000]
Sender: 0.001268
Receiver: 0.000608
[1414000, 1000]
[1414000, 1000]
Sender: 0.001419
Receiver: 0.000543
[1415000, 1000]
[1415000, 1000]
Sender: 0.001327
Receiver: 0.000564
[1416000, 1000]
[1416000, 1000]
Receiver: 0.000520
Sender: 0.002700
[1417000, 1000]
[1417000, 1000]
Sender: 0.001324
Receiver: 0.000543
[1418000, 1000]
[1418000, 1000]
Sender: 0.001427
Receiver: 0.000535
[1419000, 1000]
[1419000, 1000]
Receiver: 0.000551
Sender: 0.007929
[1420000, 1000]
[1420000, 1000]
Sender: 0.001214
Receiver: 0.000540
[1421000, 1000]
[1421000, 1000]
Sender: 0.001321
Receiver: 0.000540
[1422000, 1000]
[1422000, 1000]
Sender: 0.001312
Receiver: 0.000538
[1423000, 1000]
[1423000, 1000]
Receiver: 0.000555
Sender: 0.002433
[1424000, 1000]
[1424000, 1000]
Sender: 0.001302
Receiver: 0.000527
[1425000, 1000]
[1425000, 1000]
Receiver: 0.000558
Sender: 0.001555
[1426000, 1000]
[1426000, 1000]
Sender: 0.001341
Receiver: 0.000537
[1427000, 1000]
[1427000, 1000]
Sender: 0.009995
Receiver: 0.000592
[1428000, 1000]
[1428000, 1000]
Sender: 0.001288
Receiver: 0.000566
[1429000, 1000]
[1429000, 1000]
Sender: 0.001331
Receiver: 0.000554
[1430000, 1000]
[1430000, 1000]
Sender: 0.002416
Receiver: 0.000573
[1431000, 1000]
[1431000, 1000]
Sender: 0.001293
Receiver: 0.000545
[1432000, 1000]
[1432000, 1000]
Sender: 0.001354
Receiver: 0.000634
[1433000, 1000]
[1433000, 1000]
Sender: 0.001277
Receiver: 0.000549
[1434000, 1000]
[1434000, 1000]
Sender: 0.001339
Receiver: 0.000560
[1435000, 1000]
[1435000, 1000]
Sender: 0.001321
Receiver: 0.000544
[1436000, 1000]
[1436000, 1000]
Receiver: 0.000550
Sender: 0.001369
[1437000, 1000]
[1437000, 1000]
Sender: 0.001383
Receiver: 0.000476
[1438000, 1000]
[1438000, 1000]
Sender: 0.001358
Receiver: 0.000567
[1439000, 1000]
[1439000, 1000]
Sender: 0.001327
Receiver: 0.000564
[1440000, 1000]
[1440000, 1000]
Receiver: 0.000512
Sender: 0.012145
[1441000, 1000]
[1441000, 1000]
Sender: 0.001313
Receiver: 0.000547
[1442000, 1000]
[1442000, 1000]
Sender: 0.001312
Receiver: 0.000555
[1443000, 1000]
[1443000, 1000]
Receiver: 0.000551
Sender: 0.001327
[1444000, 1000]
[1444000, 1000]
Sender: 0.001317
Receiver: 0.000581
[1445000, 1000]
[1445000, 1000]
Receiver: 0.000574
Sender: 0.001502
[1446000, 1000]
[1446000, 1000]
Sender: 0.001364
Receiver: 0.000559
[1447000, 1000]
[1447000, 1000]
Receiver: 0.000556
Sender: 0.002463
[1448000, 1000]
[1448000, 1000]
Sender: 0.001439
Receiver: 0.000568
[1449000, 1000]
[1449000, 1000]
Receiver: 0.000570
Sender: 0.001354
[1450000, 1000]
[1450000, 1000]
Receiver: 0.000563
Sender: 0.001352
[1451000, 1000]
[1451000, 1000]
Sender: 0.001437
Receiver: 0.000542
[1452000, 1000]
[1452000, 1000]
Sender: 0.001303
Receiver: 0.000562
[1453000, 1000]
[1453000, 1000]
Sender: 0.001352
Receiver: 0.000548
[1454000, 1000]
[1454000, 1000]
Sender: 0.001277
Receiver: 0.000554
[1455000, 1000]
[1455000, 1000]
Sender: 0.001300
Receiver: 0.000544
[1456000, 1000]
[1456000, 1000]
Sender: 0.001376
Receiver: 0.000560
[1457000, 1000]
[1457000, 1000]
Receiver: 0.000552
Sender: 0.001481
[1458000, 1000]
[1458000, 1000]
Receiver: 0.000545
Sender: 0.009980
[1459000, 1000]
[1459000, 1000]
Sender: 0.001296
Receiver: 0.000575
[1460000, 1000]
[1460000, 1000]
Sender: 0.001500
Receiver: 0.000552
[1461000, 1000]
[1461000, 1000]
Sender: 0.001394
Receiver: 0.000578
[1462000, 1000]
[1462000, 1000]
Sender: 0.001403
Receiver: 0.000568
[1463000, 1000]
[1463000, 1000]
Sender: 0.001304
Receiver: 0.000535
[1464000, 1000]
[1464000, 1000]
Sender: 0.001288
Receiver: 0.000556
[1465000, 1000]
[1465000, 1000]
Sender: 0.003547
Receiver: 0.000572
[1466000, 1000]
[1466000, 1000]
Sender: 0.001293
Receiver: 0.000534
[1467000, 1000]
[1467000, 1000]
Receiver: 0.000564
Sender: 0.011472
[1468000, 1000]
[1468000, 1000]
Sender: 0.001312
Receiver: 0.000535
[1469000, 1000]
[1469000, 1000]
Sender: 0.001391
Receiver: 0.000658
[1470000, 1000]
[1470000, 1000]
Receiver: 0.000575
Sender: 0.001515
[1471000, 1000]
[1471000, 1000]
Sender: 0.001330
Receiver: 0.000669
[1472000, 1000]
[1472000, 1000]
Sender: 0.001302
Receiver: 0.000557
[1473000, 1000]
[1473000, 1000]
Sender: 0.002686
Receiver: 0.000562
[1474000, 1000]
[1474000, 1000]
Sender: 0.001394
Receiver: 0.000570
[1475000, 1000]
[1475000, 1000]
Sender: 0.001386
Receiver: 0.000589
[1476000, 1000]
[1476000, 1000]
Sender: 0.001325
Receiver: 0.000582
[1477000, 1000]
[1477000, 1000]
Receiver: 0.000556
Sender: 0.001358
[1478000, 1000]
[1478000, 1000]
Sender: 0.001380
Receiver: 0.000548
[1479000, 1000]
[1479000, 1000]
Sender: 0.001311
Receiver: 0.000535
[1480000, 1000]
[1480000, 1000]
Sender: 0.001309
Receiver: 0.000551
[1481000, 1000]
[1481000, 1000]
Sender: 0.001326
Receiver: 0.000572
[1482000, 1000]
[1482000, 1000]
Receiver: 0.000558
Sender: 0.010717
[1483000, 1000]
[1483000, 1000]
Sender: 0.001322
Receiver: 0.000552
[1484000, 1000]
[1484000, 1000]
Sender: 0.001376
Receiver: 0.000581
[1485000, 1000]
[1485000, 1000]
Sender: 0.001325
Receiver: 0.000594
[1486000, 1000]
[1486000, 1000]
Sender: 0.001343
Receiver: 0.000556
[1487000, 1000]
[1487000, 1000]
Sender: 0.001377
Receiver: 0.000565
[1488000, 1000]
[1488000, 1000]
Sender: 0.001284
Receiver: 0.000559
[1489000, 1000]
[1489000, 1000]
Receiver: 0.000575
Sender: 0.001529
[1490000, 1000]
[1490000, 1000]
Sender: 0.001369
Receiver: 0.000582
[1491000, 1000]
[1491000, 1000]
Sender: 0.001335
Receiver: 0.000548
[1492000, 1000]
[1492000, 1000]
Sender: 0.001365
Receiver: 0.000554
[1493000, 1000]
[1493000, 1000]
Receiver: 0.000574
Sender: 0.001620
[1494000, 1000]
[1494000, 1000]
Sender: 0.001317
Receiver: 0.000545
[1495000, 1000]
[1495000, 1000]
Sender: 0.001404
Receiver: 0.000579
[1496000, 1000]
[1496000, 1000]
Sender: 0.001350
Receiver: 0.000556
[1497000, 1000]
[1497000, 1000]
Sender: 0.001460
Receiver: 0.000566
[1498000, 1000]
[1498000, 1000]
Sender: 0.001326
Receiver: 0.000546
[1499000, 1000]
[1499000, 1000]
Sender: 0.001397
Receiver: 0.000561
[1500000, 1000]
[1500000, 1000]
Receiver: 0.000556
Sender: 0.012039
[1501000, 1000]
[1501000, 1000]
Sender: 0.001398
Receiver: 0.000551
[1502000, 1000]
[1502000, 1000]
Sender: 0.001348
Receiver: 0.000594
[1503000, 1000]
[1503000, 1000]
Sender: 0.001340
Receiver: 0.000553
[1504000, 1000]
[1504000, 1000]
Sender: 0.001383
Receiver: 0.000567
[1505000, 1000]
[1505000, 1000]
Sender: 0.001393
Receiver: 0.000561
[1506000, 1000]
[1506000, 1000]
Sender: 0.001337
Receiver: 0.000571
[1507000, 1000]
[1507000, 1000]
Sender: 0.001299
Receiver: 0.000568
[1508000, 1000]
[1508000, 1000]
Sender: 0.001378
Receiver: 0.000554
[1509000, 1000]
[1509000, 1000]
Sender: 0.001341
Receiver: 0.000561
[1510000, 1000]
[1510000, 1000]
Receiver: 0.000962
Sender: 0.002254
[1511000, 1000]
[1511000, 1000]
Receiver: 0.000806
Sender: 0.002197
[1512000, 1000]
[1512000, 1000]
Receiver: 0.000652
Sender: 0.001647
[1513000, 1000]
[1513000, 1000]
Receiver: 0.001180
Sender: 0.003045
[1514000, 1000]
[1514000, 1000]
Receiver: 0.000653
Sender: 0.001633
[1515000, 1000]
[1515000, 1000]
Receiver: 0.000762
Sender: 0.001598
[1516000, 1000]
[1516000, 1000]
Receiver: 0.000671
Sender: 0.001637
[1517000, 1000]
[1517000, 1000]
Receiver: 0.000644
Sender: 0.001623
[1518000, 1000]
[1518000, 1000]
Receiver: 0.000809
Sender: 0.001710
[1519000, 1000]
[1519000, 1000]
Receiver: 0.000685
Sender: 0.001782
[1520000, 1000]
[1520000, 1000]
Receiver: 0.000670
Sender: 0.001635
[1521000, 1000]
[1521000, 1000]
Receiver: 0.000659
Sender: 0.001738
[1522000, 1000]
[1522000, 1000]
Receiver: 0.000662
Sender: 0.001758
[1523000, 1000]
[1523000, 1000]
Receiver: 0.000763
Sender: 0.001575
[1524000, 1000]
[1524000, 1000]
Receiver: 0.000774
Sender: 0.001611
[1525000, 1000]
[1525000, 1000]
Receiver: 0.000658
Sender: 0.001796
[1526000, 1000]
[1526000, 1000]
Receiver: 0.000665
Sender: 0.001596
[1527000, 1000]
[1527000, 1000]
Receiver: 0.000751
Sender: 0.001701
[1528000, 1000]
[1528000, 1000]
Receiver: 0.000646
Sender: 0.001645
[1529000, 1000]
[1529000, 1000]
Receiver: 0.000831
Sender: 0.001745
[1530000, 1000]
[1530000, 1000]
Receiver: 0.000780
Sender: 0.001656
[1531000, 1000]
[1531000, 1000]
Receiver: 0.000652
Sender: 0.001619
[1532000, 1000]
[1532000, 1000]
Receiver: 0.000658
Sender: 0.001796
[1533000, 1000]
[1533000, 1000]
Receiver: 0.000656
Sender: 0.001695
[1534000, 1000]
[1534000, 1000]
Receiver: 0.000667
Sender: 0.001638
[1535000, 1000]
[1535000, 1000]
Receiver: 0.000681
Sender: 0.001642
[1536000, 1000]
[1536000, 1000]
Receiver: 0.000680
Sender: 0.001839
[1537000, 1000]
[1537000, 1000]
Sender: 0.001916
Receiver: 0.000791
[1538000, 1000]
[1538000, 1000]
Receiver: 0.000680
Sender: 0.001714
[1539000, 1000]
[1539000, 1000]
Receiver: 0.000676
Sender: 0.001703
[1540000, 1000]
[1540000, 1000]
Receiver: 0.000653
Sender: 0.001661
[1541000, 1000]
[1541000, 1000]
Receiver: 0.000660
Sender: 0.001672
[1542000, 1000]
[1542000, 1000]
Sender: 0.001866
Receiver: 0.000791
[1543000, 1000]
[1543000, 1000]
Receiver: 0.000674
Sender: 0.001767
[1544000, 1000]
[1544000, 1000]
Receiver: 0.000631
Sender: 0.001657
[1545000, 1000]
[1545000, 1000]
Receiver: 0.000654
Sender: 0.001653
[1546000, 1000]
[1546000, 1000]
Receiver: 0.000650
Sender: 0.001637
[1547000, 1000]
[1547000, 1000]
Receiver: 0.000676
Sender: 0.001572
[1548000, 1000]
[1548000, 1000]
Receiver: 0.000668
Sender: 0.001696
[1549000, 1000]
[1549000, 1000]
Receiver: 0.000679
Sender: 0.001578
[1550000, 1000]
[1550000, 1000]
Receiver: 0.000784
Sender: 0.001726
[1551000, 1000]
[1551000, 1000]
Receiver: 0.000653
Sender: 0.001823
[1552000, 1000]
[1552000, 1000]
Receiver: 0.000661
Sender: 0.001711
[1553000, 1000]
[1553000, 1000]
Receiver: 0.000660
Sender: 0.001759
[1554000, 1000]
[1554000, 1000]
Receiver: 0.000689
Sender: 0.001599
[1555000, 1000]
[1555000, 1000]
Sender: 0.001581
Receiver: 0.000631
[1556000, 1000]
[1556000, 1000]
Receiver: 0.000659
Sender: 0.001824
[1557000, 1000]
[1557000, 1000]
Sender: 0.001694
Receiver: 0.000696
[1558000, 1000]
[1558000, 1000]
Receiver: 0.000766
Sender: 0.001718
[1559000, 1000]
[1559000, 1000]
Receiver: 0.000795
Sender: 0.001727
[1560000, 1000]
[1560000, 1000]
Sender: 0.001377
Receiver: 0.000547
[1561000, 1000]
[1561000, 1000]
Sender: 0.001297
Receiver: 0.000537
[1562000, 1000]
[1562000, 1000]
Sender: 0.001292
Receiver: 0.000552
[1563000, 1000]
[1563000, 1000]
Receiver: 0.000610
Sender: 0.001377
[1564000, 1000]
[1564000, 1000]
Sender: 0.001412
Receiver: 0.000540
[1565000, 1000]
[1565000, 1000]
Sender: 0.001301
Receiver: 0.000535
[1566000, 1000]
[1566000, 1000]
Receiver: 0.000555
Sender: 0.001320
[1567000, 1000]
[1567000, 1000]
Sender: 0.001343
Receiver: 0.000557
[1568000, 1000]
[1568000, 1000]
Sender: 0.001377
Receiver: 0.000555
[1569000, 1000]
[1569000, 1000]
Sender: 0.001342
Receiver: 0.000552
[1570000, 1000]
[1570000, 1000]
Sender: 0.001357
Receiver: 0.000544
[1571000, 1000]
[1571000, 1000]
Receiver: 0.000575
Sender: 0.001551
[1572000, 1000]
[1572000, 1000]
Receiver: 0.000661
Sender: 0.001595
[1573000, 1000]
[1573000, 1000]
Receiver: 0.000792
Sender: 0.001623
[1574000, 1000]
[1574000, 1000]
Receiver: 0.000654
Sender: 0.001586
[1575000, 1000]
[1575000, 1000]
Sender: 0.001574
Receiver: 0.000687
[1576000, 1000]
[1576000, 1000]
Receiver: 0.000696
Sender: 0.001710
[1577000, 1000]
[1577000, 1000]
Receiver: 0.000705
Sender: 0.001564
[1578000, 1000]
[1578000, 1000]
Receiver: 0.000669
Sender: 0.001640
[1579000, 1000]
[1579000, 1000]
Receiver: 0.000661
Sender: 0.001665
[1580000, 1000]
[1580000, 1000]
Receiver: 0.000648
Sender: 0.001747
[1581000, 1000]
[1581000, 1000]
Receiver: 0.000659
Sender: 0.001684
[1582000, 1000]
[1582000, 1000]
Receiver: 0.000639
Sender: 0.001692
[1583000, 1000]
[1583000, 1000]
Receiver: 0.000683
Sender: 0.001554
[1584000, 1000]
[1584000, 1000]
Receiver: 0.000656
Sender: 0.001679
[1585000, 1000]
[1585000, 1000]
Receiver: 0.000663
Sender: 0.001662
[1586000, 1000]
[1586000, 1000]
Receiver: 0.000659
Sender: 0.001663
[1587000, 1000]
[1587000, 1000]
Receiver: 0.000778
Sender: 0.001606
[1588000, 1000]
[1588000, 1000]
Receiver: 0.000676
Sender: 0.001527
[1589000, 1000]
[1589000, 1000]
Receiver: 0.000629
Sender: 0.001709
[1590000, 1000]
[1590000, 1000]
Receiver: 0.000691
Sender: 0.001559
[1591000, 1000]
[1591000, 1000]
Receiver: 0.000666
Sender: 0.001601
[1592000, 1000]
[1592000, 1000]
Receiver: 0.000655
Sender: 0.001666
[1593000, 1000]
[1593000, 1000]
Receiver: 0.000625
Sender: 0.001636
[1594000, 1000]
[1594000, 1000]
Receiver: 0.000773
Sender: 0.001759
[1595000, 1000]
[1595000, 1000]
Receiver: 0.000645
Sender: 0.001601
[1596000, 1000]
[1596000, 1000]
Receiver: 0.000675
Sender: 0.001611
[1597000, 1000]
[1597000, 1000]
Receiver: 0.000638
Sender: 0.001562
[1598000, 1000]
[1598000, 1000]
Receiver: 0.000793
Sender: 0.001575
[1599000, 1000]
[1599000, 1000]
Receiver: 0.000666
Sender: 0.001616
[1600000, 1000]
[1600000, 1000]
Receiver: 0.000660
Sender: 0.001761
[1601000, 1000]
[1601000, 1000]
Receiver: 0.000687
Sender: 0.001768
[1602000, 1000]
[1602000, 1000]
Sender: 0.003071
Receiver: 0.000655
[1603000, 1000]
[1603000, 1000]
Sender: 0.001575
Receiver: 0.000657
[1604000, 1000]
[1604000, 1000]
Sender: 0.001570
Receiver: 0.000634
[1605000, 1000]
[1605000, 1000]
Receiver: 0.000658
Sender: 0.001716
[1606000, 1000]
[1606000, 1000]
Receiver: 0.000664
Sender: 0.001697
[1607000, 1000]
[1607000, 1000]
Receiver: 0.000669
Sender: 0.001758
[1608000, 1000]
[1608000, 1000]
Receiver: 0.000752
Sender: 0.001698
[1609000, 1000]
[1609000, 1000]
Receiver: 0.000797
Sender: 0.001566
[1610000, 1000]
[1610000, 1000]
Receiver: 0.000622
Sender: 0.001619
[1611000, 1000]
[1611000, 1000]
Receiver: 0.000659
Sender: 0.001703
[1612000, 1000]
[1612000, 1000]
Receiver: 0.000660
Sender: 0.001651
[1613000, 1000]
[1613000, 1000]
Sender: 0.001504
Receiver: 0.000778
[1614000, 1000]
[1614000, 1000]
Receiver: 0.000648
Sender: 0.001697
[1615000, 1000]
[1615000, 1000]
Receiver: 0.000664
Sender: 0.001639
[1616000, 1000]
[1616000, 1000]
Receiver: 0.000660
Sender: 0.001628
[1617000, 1000]
[1617000, 1000]
Receiver: 0.000634
Sender: 0.001653
[1618000, 1000]
[1618000, 1000]
Sender: 0.001487
Receiver: 0.000653
[1619000, 1000]
[1619000, 1000]
Receiver: 0.000653
Sender: 0.001512
[1620000, 1000]
[1620000, 1000]
Receiver: 0.000682
Sender: 0.001766
[1621000, 1000]
[1621000, 1000]
Receiver: 0.000714
Sender: 0.001777
[1622000, 1000]
[1622000, 1000]
Receiver: 0.000643
Sender: 0.001513
[1623000, 1000]
[1623000, 1000]
Receiver: 0.000662
Sender: 0.001962
[1624000, 1000]
[1624000, 1000]
Receiver: 0.000643
Sender: 0.001707
[1625000, 1000]
[1625000, 1000]
Receiver: 0.000652
Sender: 0.001605
[1626000, 1000]
[1626000, 1000]
Receiver: 0.000630
Sender: 0.001756
[1627000, 1000]
[1627000, 1000]
Sender: 0.001573
Receiver: 0.000649
[1628000, 1000]
[1628000, 1000]
Sender: 0.001466
Receiver: 0.000645
[1629000, 1000]
[1629000, 1000]
Sender: 0.001482
Receiver: 0.000672
[1630000, 1000]
[1630000, 1000]
Sender: 0.002687
Receiver: 0.000618
[1631000, 1000]
[1631000, 1000]
Sender: 0.001586
Receiver: 0.000644
[1632000, 1000]
[1632000, 1000]
Receiver: 0.000646
Sender: 0.001552
[1633000, 1000]
[1633000, 1000]
Receiver: 0.000665
Sender: 0.001648
[1634000, 1000]
[1634000, 1000]
Receiver: 0.000705
Sender: 0.001776
[1635000, 1000]
[1635000, 1000]
Receiver: 0.000643
Sender: 0.001755
[1636000, 1000]
[1636000, 1000]
Receiver: 0.000650
Sender: 0.001668
[1637000, 1000]
[1637000, 1000]
Receiver: 0.000633
Sender: 0.001698
[1638000, 1000]
[1638000, 1000]
Receiver: 0.000653
Sender: 0.001721
[1639000, 1000]
[1639000, 1000]
Receiver: 0.000654
Sender: 0.001618
[1640000, 1000]
[1640000, 1000]
Receiver: 0.000644
Sender: 0.001729
[1641000, 1000]
[1641000, 1000]
Sender: 0.001319
Receiver: 0.000624
[1642000, 1000]
[1642000, 1000]
Sender: 0.001354
Receiver: 0.000542
[1643000, 1000]
[1643000, 1000]
Sender: 0.001274
Receiver: 0.000539
[1644000, 1000]
[1644000, 1000]
Sender: 0.001306
Receiver: 0.000546
[1645000, 1000]
[1645000, 1000]
Sender: 0.001353
Receiver: 0.000532
[1646000, 1000]
[1646000, 1000]
Sender: 0.001277
Receiver: 0.000543
[1647000, 1000]
[1647000, 1000]
Receiver: 0.000537
Sender: 0.002475
[1648000, 1000]
[1648000, 1000]
Sender: 0.001247
Receiver: 0.000550
[1649000, 1000]
[1649000, 1000]
Sender: 0.001324
Receiver: 0.000544
[1650000, 1000]
[1650000, 1000]
Sender: 0.001314
Receiver: 0.000537
[1651000, 1000]
[1651000, 1000]
Receiver: 0.000545
Sender: 0.002659
[1652000, 1000]
[1652000, 1000]
Sender: 0.001287
Receiver: 0.000529
[1653000, 1000]
[1653000, 1000]
Sender: 0.001278
Receiver: 0.000541
[1654000, 1000]
[1654000, 1000]
Receiver: 0.000567
Sender: 0.001404
[1655000, 1000]
[1655000, 1000]
Sender: 0.001283
Receiver: 0.000535
[1656000, 1000]
[1656000, 1000]
Receiver: 0.000538
Sender: 0.001328
[1657000, 1000]
[1657000, 1000]
Sender: 0.001323
Receiver: 0.000533
[1658000, 1000]
[1658000, 1000]
Sender: 0.008227
Receiver: 0.000559
[1659000, 1000]
[1659000, 1000]
Sender: 0.001280
Receiver: 0.000546
[1660000, 1000]
[1660000, 1000]
Receiver: 0.000530
Sender: 0.001719
[1661000, 1000]
[1661000, 1000]
Sender: 0.001305
Receiver: 0.000548
[1662000, 1000]
[1662000, 1000]
Sender: 0.001395
Receiver: 0.000535
[1663000, 1000]
[1663000, 1000]
Receiver: 0.000548
Sender: 0.001371
[1664000, 1000]
[1664000, 1000]
Sender: 0.001305
Receiver: 0.000547
[1665000, 1000]
[1665000, 1000]
Sender: 0.001327
Receiver: 0.000536
[1666000, 1000]
[1666000, 1000]
Sender: 0.001315
Receiver: 0.000537
[1667000, 1000]
[1667000, 1000]
Receiver: 0.000544
Sender: 0.001306
[1668000, 1000]
[1668000, 1000]
Sender: 0.001369
Receiver: 0.000565
[1669000, 1000]
[1669000, 1000]
Sender: 0.001286
Receiver: 0.000546
[1670000, 1000]
[1670000, 1000]
Sender: 0.001282
Receiver: 0.000540
[1671000, 1000]
[1671000, 1000]
Sender: 0.001292
Receiver: 0.000541
[1672000, 1000]
[1672000, 1000]
Sender: 0.001427
Receiver: 0.000547
[1673000, 1000]
[1673000, 1000]
Sender: 0.011724
Receiver: 0.000548
[1674000, 1000]
[1674000, 1000]
Sender: 0.001259
Receiver: 0.000540
[1675000, 1000]
[1675000, 1000]
Sender: 0.001316
Receiver: 0.000532
[1676000, 1000]
[1676000, 1000]
Sender: 0.001384
Receiver: 0.000558
[1677000, 1000]
[1677000, 1000]
Sender: 0.001291
Receiver: 0.000542
[1678000, 1000]
[1678000, 1000]
Receiver: 0.000537
Sender: 0.002645
[1679000, 1000]
[1679000, 1000]
Sender: 0.001320
Receiver: 0.000532
[1680000, 1000]
[1680000, 1000]
Receiver: 0.000554
Sender: 0.001485
[1681000, 1000]
[1681000, 1000]
Sender: 0.001339
Receiver: 0.000569
[1682000, 1000]
[1682000, 1000]
Sender: 0.001324
Receiver: 0.000538
[1683000, 1000]
[1683000, 1000]
Sender: 0.001349
Receiver: 0.000543
[1684000, 1000]
[1684000, 1000]
Receiver: 0.000535
Sender: 0.001396
[1685000, 1000]
[1685000, 1000]
Sender: 0.001266
Receiver: 0.000574
[1686000, 1000]
[1686000, 1000]
Sender: 0.001292
Receiver: 0.000554
[1687000, 1000]
[1687000, 1000]
Sender: 0.001334
Receiver: 0.000545
[1688000, 1000]
[1688000, 1000]
Sender: 0.001380
Receiver: 0.000557
[1689000, 1000]
[1689000, 1000]
Sender: 0.001296
Receiver: 0.000543
[1690000, 1000]
[1690000, 1000]
Sender: 0.001299
Receiver: 0.000534
[1691000, 1000]
[1691000, 1000]
Sender: 0.001295
Receiver: 0.000545
[1692000, 1000]
[1692000, 1000]
Sender: 0.001345
Receiver: 0.000544
[1693000, 1000]
[1693000, 1000]
Sender: 0.001333
Receiver: 0.000538
[1694000, 1000]
[1694000, 1000]
Receiver: 0.000535
Sender: 0.010605
[1695000, 1000]
[1695000, 1000]
Sender: 0.012161
Receiver: 0.000540
[1696000, 1000]
[1696000, 1000]
Sender: 0.001380
Receiver: 0.000539
[1697000, 1000]
[1697000, 1000]
Sender: 0.001319
Receiver: 0.000543
[1698000, 1000]
[1698000, 1000]
Sender: 0.001339
Receiver: 0.000552
[1699000, 1000]
[1699000, 1000]
Sender: 0.001255
Receiver: 0.000534
[1700000, 1000]
[1700000, 1000]
Sender: 0.001346
Receiver: 0.000559
[1701000, 1000]
[1701000, 1000]
Receiver: 0.000550
Sender: 0.011148
[1702000, 1000]
[1702000, 1000]
Sender: 0.010828
Receiver: 0.000557
[1703000, 1000]
[1703000, 1000]
Sender: 0.001308
Receiver: 0.000534
[1704000, 1000]
[1704000, 1000]
Sender: 0.001337
Receiver: 0.000544
[1705000, 1000]
[1705000, 1000]
Sender: 0.001276
Receiver: 0.000540
[1706000, 1000]
[1706000, 1000]
Sender: 0.001331
Receiver: 0.000537
[1707000, 1000]
[1707000, 1000]
Sender: 0.001331
Receiver: 0.000550
[1708000, 1000]
[1708000, 1000]
Sender: 0.001326
Receiver: 0.000535
[1709000, 1000]
[1709000, 1000]
Sender: 0.001302
Receiver: 0.000563
[1710000, 1000]
[1710000, 1000]
Sender: 0.001319
Receiver: 0.000549
[1711000, 1000]
[1711000, 1000]
Sender: 0.001300
Receiver: 0.000549
[1712000, 1000]
[1712000, 1000]
Sender: 0.001275
Receiver: 0.000556
[1713000, 1000]
[1713000, 1000]
Sender: 0.001313
Receiver: 0.000578
[1714000, 1000]
[1714000, 1000]
Sender: 0.001304
Receiver: 0.000547
[1715000, 1000]
[1715000, 1000]
Sender: 0.001282
Receiver: 0.000541
[1716000, 1000]
[1716000, 1000]
Sender: 0.001305
Receiver: 0.000543
[1717000, 1000]
[1717000, 1000]
Sender: 0.001324
Receiver: 0.000544
[1718000, 1000]
[1718000, 1000]
Sender: 0.001357
Receiver: 0.000533
[1719000, 1000]
[1719000, 1000]
Sender: 0.001337
Receiver: 0.000561
[1720000, 1000]
[1720000, 1000]
Sender: 0.001384
Receiver: 0.000547
[1721000, 1000]
[1721000, 1000]
Receiver: 0.000551
Sender: 0.001496
[1722000, 1000]
[1722000, 1000]
Sender: 0.001375
Receiver: 0.000551
[1723000, 1000]
[1723000, 1000]
Sender: 0.001315
Receiver: 0.000549
[1724000, 1000]
[1724000, 1000]
Sender: 0.001291
Receiver: 0.000557
[1725000, 1000]
[1725000, 1000]
Sender: 0.001295
Receiver: 0.000532
[1726000, 1000]
[1726000, 1000]
Sender: 0.011130
Receiver: 0.000535
[1727000, 1000]
[1727000, 1000]
Sender: 0.001295
Receiver: 0.000541
[1728000, 1000]
[1728000, 1000]
Sender: 0.001281
Receiver: 0.000557
[1729000, 1000]
[1729000, 1000]
Sender: 0.001255
Receiver: 0.000539
[1730000, 1000]
[1730000, 1000]
Sender: 0.001307
Receiver: 0.000537
[1731000, 1000]
[1731000, 1000]
Sender: 0.001299
Receiver: 0.000538
[1732000, 1000]
[1732000, 1000]
Sender: 0.001302
Receiver: 0.000543
[1733000, 1000]
[1733000, 1000]
Sender: 0.001330
Receiver: 0.000533
[1734000, 1000]
[1734000, 1000]
Sender: 0.001276
Receiver: 0.000546
[1735000, 1000]
[1735000, 1000]
Receiver: 0.000557
Sender: 0.008550
[1736000, 1000]
[1736000, 1000]
Sender: 0.001318
Receiver: 0.000544
[1737000, 1000]
[1737000, 1000]
Sender: 0.001326
Receiver: 0.000530
[1738000, 1000]
[1738000, 1000]
Sender: 0.001313
Receiver: 0.000558
[1739000, 1000]
[1739000, 1000]
Sender: 0.001315
Receiver: 0.000538
[1740000, 1000]
[1740000, 1000]
Sender: 0.001271
Receiver: 0.000537
[1741000, 1000]
[1741000, 1000]
Sender: 0.001287
Receiver: 0.000534
[1742000, 1000]
[1742000, 1000]
Receiver: 0.000551
Sender: 0.009413
[1743000, 1000]
[1743000, 1000]
Sender: 0.011150
Receiver: 0.000530
[1744000, 1000]
[1744000, 1000]
Sender: 0.001274
Receiver: 0.000536
[1745000, 1000]
[1745000, 1000]
Sender: 0.001359
Receiver: 0.000544
[1746000, 1000]
[1746000, 1000]
Sender: 0.001342
Receiver: 0.000527
[1747000, 1000]
[1747000, 1000]
Sender: 0.001291
Receiver: 0.000547
[1748000, 1000]
[1748000, 1000]
Sender: 0.002152
Receiver: 0.000549
[1749000, 1000]
[1749000, 1000]
Sender: 0.011085
Receiver: 0.000535
[1750000, 1000]
[1750000, 1000]
Sender: 0.001310
Receiver: 0.000543
[1751000, 1000]
[1751000, 1000]
Sender: 0.001257
Receiver: 0.000540
[1752000, 1000]
[1752000, 1000]
Sender: 0.001290
Receiver: 0.000543
[1753000, 1000]
[1753000, 1000]
Sender: 0.001283
Receiver: 0.000534
[1754000, 1000]
[1754000, 1000]
Sender: 0.001306
Receiver: 0.000553
[1755000, 1000]
[1755000, 1000]
Sender: 0.001234
Receiver: 0.000555
[1756000, 1000]
[1756000, 1000]
Receiver: 0.000541
Sender: 0.001448
[1757000, 1000]
[1757000, 1000]
Sender: 0.001269
Receiver: 0.000549
[1758000, 1000]
[1758000, 1000]
Sender: 0.001283
Receiver: 0.000580
[1759000, 1000]
[1759000, 1000]
Sender: 0.001315
Receiver: 0.000540
[1760000, 1000]
[1760000, 1000]
Sender: 0.001256
Receiver: 0.000533
[1761000, 1000]
[1761000, 1000]
Sender: 0.004847
Receiver: 0.000539
[1762000, 1000]
[1762000, 1000]
Sender: 0.001226
Receiver: 0.000540
[1763000, 1000]
[1763000, 1000]
Sender: 0.001368
Receiver: 0.000703
[1764000, 1000]
[1764000, 1000]
Receiver: 0.000547
Sender: 0.001364
[1765000, 1000]
[1765000, 1000]
Receiver: 0.000538
Sender: 0.001329
[1766000, 1000]
[1766000, 1000]
Receiver: 0.000540
Sender: 0.011742
[1767000, 1000]
[1767000, 1000]
Sender: 0.001239
Receiver: 0.000538
[1768000, 1000]
[1768000, 1000]
Sender: 0.001269
Receiver: 0.000529
[1769000, 1000]
[1769000, 1000]
Sender: 0.001341
Receiver: 0.000532
[1770000, 1000]
[1770000, 1000]
Sender: 0.001280
Receiver: 0.000548
[1771000, 1000]
[1771000, 1000]
Receiver: 0.000554
Sender: 0.001394
[1772000, 1000]
[1772000, 1000]
Receiver: 0.000539
Sender: 0.001318
[1773000, 1000]
[1773000, 1000]
Sender: 0.001250
Receiver: 0.000546
[1774000, 1000]
[1774000, 1000]
Sender: 0.001833
Receiver: 0.000542
[1775000, 1000]
[1775000, 1000]
Sender: 0.001354
Receiver: 0.000584
[1776000, 1000]
[1776000, 1000]
Sender: 0.001386
Receiver: 0.000551
[1777000, 1000]
[1777000, 1000]
Sender: 0.001318
Receiver: 0.000551
[1778000, 1000]
[1778000, 1000]
Sender: 0.001287
Receiver: 0.000537
[1779000, 1000]
[1779000, 1000]
Sender: 0.001302
Receiver: 0.000536
[1780000, 1000]
[1780000, 1000]
Sender: 0.001271
Receiver: 0.000544
[1781000, 1000]
[1781000, 1000]
Sender: 0.001308
Receiver: 0.000536
[1782000, 1000]
[1782000, 1000]
Sender: 0.001317
Receiver: 0.000562
[1783000, 1000]
[1783000, 1000]
Sender: 0.002400
Receiver: 0.000535
[1784000, 1000]
[1784000, 1000]
Sender: 0.001397
Receiver: 0.000539
[1785000, 1000]
[1785000, 1000]
Receiver: 0.000539
Sender: 0.011888
[1786000, 1000]
[1786000, 1000]
Sender: 0.001272
Receiver: 0.000542
[1787000, 1000]
[1787000, 1000]
Sender: 0.001692
Receiver: 0.000550
[1788000, 1000]
[1788000, 1000]
Sender: 0.001334
Receiver: 0.000558
[1789000, 1000]
[1789000, 1000]
Sender: 0.001405
Receiver: 0.000554
[1790000, 1000]
[1790000, 1000]
Sender: 0.001355
Receiver: 0.000544
[1791000, 1000]
[1791000, 1000]
Receiver: 0.000547
Sender: 0.010874
[1792000, 1000]
[1792000, 1000]
Sender: 0.001357
Receiver: 0.000587
[1793000, 1000]
[1793000, 1000]
Sender: 0.001310
Receiver: 0.000537
[1794000, 1000]
[1794000, 1000]
Sender: 0.001351
Receiver: 0.000542
[1795000, 1000]
[1795000, 1000]
Sender: 0.001326
Receiver: 0.000558
[1796000, 1000]
[1796000, 1000]
Sender: 0.001250
Receiver: 0.000554
[1797000, 1000]
[1797000, 1000]
Receiver: 0.000773
Sender: 0.001604
[1798000, 1000]
[1798000, 1000]
Receiver: 0.000673
Sender: 0.001602
[1799000, 1000]
[1799000, 1000]
Receiver: 0.000633
Sender: 0.001791
[1800000, 1000]
[1800000, 1000]
Receiver: 0.000653
Sender: 0.001556
[1801000, 1000]
[1801000, 1000]
Receiver: 0.000770
Sender: 0.001693
[1802000, 1000]
[1802000, 1000]
Receiver: 0.000680
Sender: 0.001549
[1803000, 1000]
[1803000, 1000]
Receiver: 0.000645
Sender: 0.001724
[1804000, 1000]
[1804000, 1000]
Receiver: 0.000654
Sender: 0.001732
[1805000, 1000]
[1805000, 1000]
Receiver: 0.000657
Sender: 0.001611
[1806000, 1000]
[1806000, 1000]
Receiver: 0.000644
Sender: 0.001716
[1807000, 1000]
[1807000, 1000]
Sender: 0.001626
Receiver: 0.000633
[1808000, 1000]
[1808000, 1000]
Sender: 0.001581
Receiver: 0.000631
[1809000, 1000]
[1809000, 1000]
Receiver: 0.000650
Sender: 0.001679
[1810000, 1000]
[1810000, 1000]
Receiver: 0.000657
Sender: 0.001754
[1811000, 1000]
[1811000, 1000]
Receiver: 0.000624
Sender: 0.001720
[1812000, 1000]
[1812000, 1000]
Receiver: 0.000800
Sender: 0.001549
[1813000, 1000]
[1813000, 1000]
Receiver: 0.000632
Sender: 0.001588
[1814000, 1000]
[1814000, 1000]
Receiver: 0.000666
Sender: 0.001685
[1815000, 1000]
[1815000, 1000]
Receiver: 0.000658
Sender: 0.001631
[1816000, 1000]
[1816000, 1000]
Receiver: 0.000676
Sender: 0.001682
[1817000, 1000]
[1817000, 1000]
Receiver: 0.000652
Sender: 0.001626
[1818000, 1000]
[1818000, 1000]
Sender: 0.001729
Receiver: 0.000658
[1819000, 1000]
[1819000, 1000]
Receiver: 0.000650
Sender: 0.001587
[1820000, 1000]
[1820000, 1000]
Receiver: 0.000676
Sender: 0.001576
[1821000, 1000]
[1821000, 1000]
Receiver: 0.000640
Sender: 0.001766
[1822000, 1000]
[1822000, 1000]
Receiver: 0.000629
Sender: 0.001602
[1823000, 1000]
[1823000, 1000]
Receiver: 0.000643
Sender: 0.001685
[1824000, 1000]
[1824000, 1000]
Receiver: 0.000667
Sender: 0.001788
[1825000, 1000]
[1825000, 1000]
Receiver: 0.000652
Sender: 0.001716
[1826000, 1000]
[1826000, 1000]
Receiver: 0.000764
Sender: 0.001604
[1827000, 1000]
[1827000, 1000]
Receiver: 0.000644
Sender: 0.001621
[1828000, 1000]
[1828000, 1000]
Receiver: 0.000632
Sender: 0.001592
[1829000, 1000]
[1829000, 1000]
Receiver: 0.000680
Sender: 0.001772
[1830000, 1000]
[1830000, 1000]
Receiver: 0.000638
Sender: 0.001645
[1831000, 1000]
[1831000, 1000]
Receiver: 0.000642
Sender: 0.001652
[1832000, 1000]
[1832000, 1000]
Receiver: 0.000665
Sender: 0.001693
[1833000, 1000]
[1833000, 1000]
Receiver: 0.000658
Sender: 0.001635
[1834000, 1000]
[1834000, 1000]
Receiver: 0.000777
Sender: 0.001626
[1835000, 1000]
[1835000, 1000]
Receiver: 0.000706
Sender: 0.001606
[1836000, 1000]
[1836000, 1000]
Receiver: 0.000657
Sender: 0.001723
[1837000, 1000]
[1837000, 1000]
Receiver: 0.000648
Sender: 0.001636
[1838000, 1000]
[1838000, 1000]
Receiver: 0.000651
Sender: 0.001819
[1839000, 1000]
[1839000, 1000]
Receiver: 0.000648
Sender: 0.001633
[1840000, 1000]
[1840000, 1000]
Receiver: 0.000746
Sender: 0.001625
[1841000, 1000]
[1841000, 1000]
Receiver: 0.000654
Sender: 0.001595
[1842000, 1000]
[1842000, 1000]
Receiver: 0.000621
Sender: 0.001717
[1843000, 1000]
[1843000, 1000]
Receiver: 0.000631
Sender: 0.001664
[1844000, 1000]
[1844000, 1000]
Receiver: 0.000677
Sender: 0.001663
[1845000, 1000]
[1845000, 1000]
Receiver: 0.000670
Sender: 0.001575
[1846000, 1000]
[1846000, 1000]
Receiver: 0.000660
Sender: 0.001750
[1847000, 1000]
[1847000, 1000]
Receiver: 0.000651
Sender: 0.001705
[1848000, 1000]
[1848000, 1000]
Receiver: 0.000772
Sender: 0.001758
[1849000, 1000]
[1849000, 1000]
Receiver: 0.000638
Sender: 0.001757
[1850000, 1000]
[1850000, 1000]
Receiver: 0.000687
Sender: 0.001601
[1851000, 1000]
[1851000, 1000]
Receiver: 0.000677
Sender: 0.001645
[1852000, 1000]
[1852000, 1000]
Receiver: 0.000644
Sender: 0.001698
[1853000, 1000]
[1853000, 1000]
Sender: 0.001606
Receiver: 0.000623
[1854000, 1000]
[1854000, 1000]
Receiver: 0.000655
Sender: 0.001670
[1855000, 1000]
[1855000, 1000]
Receiver: 0.000647
Sender: 0.001636
[1856000, 1000]
[1856000, 1000]
Receiver: 0.000659
Sender: 0.001775
[1857000, 1000]
[1857000, 1000]
Receiver: 0.000648
Sender: 0.001557
[1858000, 1000]
[1858000, 1000]
Receiver: 0.000646
Sender: 0.001547
[1859000, 1000]
[1859000, 1000]
Receiver: 0.000651
Sender: 0.001578
[1860000, 1000]
[1860000, 1000]
Receiver: 0.000772
Sender: 0.001583
[1861000, 1000]
[1861000, 1000]
Sender: 0.001572
Receiver: 0.000655
[1862000, 1000]
[1862000, 1000]
Receiver: 0.000750
Sender: 0.001622
[1863000, 1000]
[1863000, 1000]
Receiver: 0.000697
Sender: 0.001723
[1864000, 1000]
[1864000, 1000]
Receiver: 0.000653
Sender: 0.001548
[1865000, 1000]
[1865000, 1000]
Receiver: 0.000663
Sender: 0.001717
[1866000, 1000]
[1866000, 1000]
Receiver: 0.000652
Sender: 0.001727
[1867000, 1000]
[1867000, 1000]
Receiver: 0.000649
Sender: 0.001709
[1868000, 1000]
[1868000, 1000]
Receiver: 0.000623
Sender: 0.001502
[1869000, 1000]
[1869000, 1000]
Receiver: 0.000629
Sender: 0.001603
[1870000, 1000]
[1870000, 1000]
Receiver: 0.000638
Sender: 0.001704
[1871000, 1000]
[1871000, 1000]
Receiver: 0.000636
Sender: 0.001700
[1872000, 1000]
[1872000, 1000]
Receiver: 0.000665
Sender: 0.001583
[1873000, 1000]
[1873000, 1000]
Sender: 0.001593
Receiver: 0.000634
[1874000, 1000]
[1874000, 1000]
Receiver: 0.000634
Sender: 0.001664
[1875000, 1000]
[1875000, 1000]
Receiver: 0.000647
Sender: 0.001796
[1876000, 1000]
[1876000, 1000]
Sender: 0.001495
Receiver: 0.000666
[1877000, 1000]
[1877000, 1000]
Receiver: 0.000625
Sender: 0.001631
[1878000, 1000]
[1878000, 1000]
Receiver: 0.000635
Sender: 0.001699
[1879000, 1000]
[1879000, 1000]
Receiver: 0.000660
Sender: 0.001610
[1880000, 1000]
[1880000, 1000]
Receiver: 0.000652
Sender: 0.001600
[1881000, 1000]
[1881000, 1000]
Receiver: 0.000632
Sender: 0.001836
[1882000, 1000]
[1882000, 1000]
Receiver: 0.000652
Sender: 0.001625
[1883000, 1000]
[1883000, 1000]
Receiver: 0.000650
Sender: 0.001614
[1884000, 1000]
[1884000, 1000]
Receiver: 0.000658
Sender: 0.001604
[1885000, 1000]
[1885000, 1000]
Receiver: 0.000657
Sender: 0.001624
[1886000, 1000]
[1886000, 1000]
Receiver: 0.000763
Sender: 0.001591
[1887000, 1000]
[1887000, 1000]
Receiver: 0.000765
Sender: 0.001744
[1888000, 1000]
[1888000, 1000]
Receiver: 0.000650
Sender: 0.001699
[1889000, 1000]
[1889000, 1000]
Receiver: 0.000655
Sender: 0.001561
[1890000, 1000]
[1890000, 1000]
Receiver: 0.000644
Sender: 0.001658
[1891000, 1000]
[1891000, 1000]
Receiver: 0.000654
Sender: 0.001744
[1892000, 1000]
[1892000, 1000]
Receiver: 0.000746
Sender: 0.001754
[1893000, 1000]
[1893000, 1000]
Receiver: 0.000644
Sender: 0.001703
[1894000, 1000]
[1894000, 1000]
Receiver: 0.000652
Sender: 0.001575
[1895000, 1000]
[1895000, 1000]
Receiver: 0.000638
Sender: 0.001826
[1896000, 1000]
[1896000, 1000]
Receiver: 0.000773
Sender: 0.001857
[1897000, 1000]
[1897000, 1000]
Receiver: 0.000649
Sender: 0.001739
[1898000, 1000]
[1898000, 1000]
Receiver: 0.000644
Sender: 0.001677
[1899000, 1000]
[1899000, 1000]
Receiver: 0.000665
Sender: 0.001616
[1900000, 1000]
[1900000, 1000]
Receiver: 0.000658
Sender: 0.001671
[1901000, 1000]
[1901000, 1000]
Receiver: 0.000754
Sender: 0.001771
[1902000, 1000]
[1902000, 1000]
Receiver: 0.000658
Sender: 0.001629
[1903000, 1000]
[1903000, 1000]
Receiver: 0.000659
Sender: 0.001645
[1904000, 1000]
[1904000, 1000]
Receiver: 0.000650
Sender: 0.001824
[1905000, 1000]
[1905000, 1000]
Receiver: 0.000764
Sender: 0.001636
[1906000, 1000]
[1906000, 1000]
Receiver: 0.000633
Sender: 0.001735
[1907000, 1000]
[1907000, 1000]
Receiver: 0.000646
Sender: 0.001691
[1908000, 1000]
[1908000, 1000]
Receiver: 0.000635
Sender: 0.001649
[1909000, 1000]
[1909000, 1000]
Receiver: 0.000743
Sender: 0.001766
[1910000, 1000]
[1910000, 1000]
Receiver: 0.000648
Sender: 0.001706
[1911000, 1000]
[1911000, 1000]
Receiver: 0.000646
Sender: 0.001675
[1912000, 1000]
[1912000, 1000]
Receiver: 0.000643
Sender: 0.001747
[1913000, 1000]
[1913000, 1000]
Receiver: 0.000668
Sender: 0.001672
[1914000, 1000]
[1914000, 1000]
Receiver: 0.000657
Sender: 0.001745
[1915000, 1000]
[1915000, 1000]
Receiver: 0.000638
Sender: 0.001620
[1916000, 1000]
[1916000, 1000]
Receiver: 0.000651
Sender: 0.001784
[1917000, 1000]
[1917000, 1000]
Receiver: 0.000641
Sender: 0.001725
[1918000, 1000]
[1918000, 1000]
Receiver: 0.000737
Sender: 0.001913
[1919000, 1000]
[1919000, 1000]
Receiver: 0.000749
Sender: 0.001782
[1920000, 1000]
[1920000, 1000]
Receiver: 0.000676
Sender: 0.001629
[1921000, 1000]
[1921000, 1000]
Receiver: 0.000694
Sender: 0.001776
[1922000, 1000]
[1922000, 1000]
Receiver: 0.000651
Sender: 0.001652
[1923000, 1000]
[1923000, 1000]
Receiver: 0.000653
Sender: 0.001602
[1924000, 1000]
[1924000, 1000]
Receiver: 0.000658
Sender: 0.001762
[1925000, 1000]
[1925000, 1000]
Receiver: 0.000629
Sender: 0.001744
[1926000, 1000]
[1926000, 1000]
Receiver: 0.000763
Sender: 0.001763
[1927000, 1000]
[1927000, 1000]
Receiver: 0.000642
Sender: 0.001699
[1928000, 1000]
[1928000, 1000]
Receiver: 0.000640
Sender: 0.001615
[1929000, 1000]
[1929000, 1000]
Receiver: 0.000660
Sender: 0.001746
[1930000, 1000]
[1930000, 1000]
Receiver: 0.000668
Sender: 0.001650
[1931000, 1000]
[1931000, 1000]
Receiver: 0.000650
Sender: 0.001600
[1932000, 1000]
[1932000, 1000]
Receiver: 0.000656
Sender: 0.001763
[1933000, 1000]
[1933000, 1000]
Receiver: 0.000714
Sender: 0.001693
[1934000, 1000]
[1934000, 1000]
Receiver: 0.000652
Sender: 0.001731
[1935000, 1000]
[1935000, 1000]
Receiver: 0.000762
Sender: 0.001950
[1936000, 1000]
[1936000, 1000]
Receiver: 0.000620
Sender: 0.001715
[1937000, 1000]
[1937000, 1000]
Receiver: 0.000624
Sender: 0.001553
[1938000, 1000]
[1938000, 1000]
Receiver: 0.000647
Sender: 0.001751
[1939000, 1000]
[1939000, 1000]
Receiver: 0.000659
Sender: 0.001685
[1940000, 1000]
[1940000, 1000]
Receiver: 0.000641
Sender: 0.001668
[1941000, 1000]
[1941000, 1000]
Receiver: 0.000646
Sender: 0.001709
[1942000, 1000]
[1942000, 1000]
Receiver: 0.000658
Sender: 0.001686
[1943000, 1000]
[1943000, 1000]
Receiver: 0.000657
Sender: 0.001601
[1944000, 1000]
[1944000, 1000]
Receiver: 0.000660
Sender: 0.001648
[1945000, 1000]
[1945000, 1000]
Receiver: 0.000751
Sender: 0.001632
[1946000, 1000]
[1946000, 1000]
Receiver: 0.000659
Sender: 0.001605
[1947000, 1000]
[1947000, 1000]
Receiver: 0.000667
Sender: 0.001750
[1948000, 1000]
[1948000, 1000]
Receiver: 0.000642
Sender: 0.001593
[1949000, 1000]
[1949000, 1000]
Receiver: 0.000647
Sender: 0.001736
[1950000, 1000]
[1950000, 1000]
Receiver: 0.000649
Sender: 0.001693
[1951000, 1000]
[1951000, 1000]
Receiver: 0.000650
Sender: 0.001707
[1952000, 1000]
[1952000, 1000]
Receiver: 0.000652
Sender: 0.001636
[1953000, 1000]
[1953000, 1000]
Receiver: 0.000619
Sender: 0.001632
[1954000, 1000]
[1954000, 1000]
Receiver: 0.000625
Sender: 0.001657
[1955000, 1000]
[1955000, 1000]
Receiver: 0.000676
Sender: 0.001627
[1956000, 1000]
[1956000, 1000]
Receiver: 0.000660
Sender: 0.001892
[1957000, 1000]
[1957000, 1000]
Receiver: 0.000623
Sender: 0.001663
[1958000, 1000]
[1958000, 1000]
Receiver: 0.000634
Sender: 0.001538
[1959000, 1000]
[1959000, 1000]
Receiver: 0.000631
Sender: 0.001667
[1960000, 1000]
[1960000, 1000]
Receiver: 0.000688
Sender: 0.001743
[1961000, 1000]
[1961000, 1000]
Receiver: 0.000655
Sender: 0.001847
[1962000, 1000]
[1962000, 1000]
Receiver: 0.000622
Sender: 0.001783
[1963000, 1000]
[1963000, 1000]
Receiver: 0.000704
Sender: 0.001614
[1964000, 1000]
[1964000, 1000]
Receiver: 0.000658
Sender: 0.001667
[1965000, 1000]
[1965000, 1000]
Receiver: 0.000669
Sender: 0.001759
[1966000, 1000]
[1966000, 1000]
Receiver: 0.000670
Sender: 0.001640
[1967000, 1000]
[1967000, 1000]
Receiver: 0.000663
Sender: 0.001625
[1968000, 1000]
[1968000, 1000]
Receiver: 0.000626
Sender: 0.001729
[1969000, 1000]
[1969000, 1000]
Receiver: 0.000656
Sender: 0.001677
[1970000, 1000]
[1970000, 1000]
Receiver: 0.000645
Sender: 0.001699
[1971000, 1000]
[1971000, 1000]
Receiver: 0.000644
Sender: 0.001662
[1972000, 1000]
[1972000, 1000]
Receiver: 0.000656
Sender: 0.001677
[1973000, 1000]
[1973000, 1000]
Receiver: 0.000654
Sender: 0.001776
[1974000, 1000]
[1974000, 1000]
Receiver: 0.000647
Sender: 0.001721
[1975000, 1000]
[1975000, 1000]
Receiver: 0.000663
Sender: 0.001686
[1976000, 1000]
[1976000, 1000]
Receiver: 0.000648
Sender: 0.001637
[1977000, 1000]
[1977000, 1000]
Receiver: 0.000639
Sender: 0.001705
[1978000, 1000]
[1978000, 1000]
Receiver: 0.000645
Sender: 0.001646
[1979000, 1000]
[1979000, 1000]
Receiver: 0.000655
Sender: 0.001609
[1980000, 1000]
[1980000, 1000]
Receiver: 0.000628
Sender: 0.001754
[1981000, 1000]
[1981000, 1000]
Receiver: 0.000663
Sender: 0.001597
[1982000, 1000]
[1982000, 1000]
Receiver: 0.000652
Sender: 0.001679
[1983000, 1000]
[1983000, 1000]
Receiver: 0.000628
Sender: 0.001639
[1984000, 1000]
[1984000, 1000]
Receiver: 0.000552
Sender: 0.012064
[1985000, 1000]
[1985000, 1000]
Sender: 0.001359
Receiver: 0.000536
[1986000, 1000]
[1986000, 1000]
Sender: 0.001317
Receiver: 0.000535
[1987000, 1000]
[1987000, 1000]
Sender: 0.001405
Receiver: 0.000549
[1988000, 1000]
[1988000, 1000]
Sender: 0.001324
Receiver: 0.000538
[1989000, 1000]
[1989000, 1000]
Sender: 0.001309
Receiver: 0.000537
[1990000, 1000]
[1990000, 1000]
Receiver: 0.000646
Sender: 0.001644
[1991000, 1000]
[1991000, 1000]
Receiver: 0.000656
Sender: 0.001610
[1992000, 1000]
[1992000, 1000]
Receiver: 0.000663
Sender: 0.001627
[1993000, 1000]
[1993000, 1000]
Receiver: 0.000674
Sender: 0.001757
[1994000, 1000]
[1994000, 1000]
Sender: 0.001655
Receiver: 0.000662
[1995000, 1000]
[1995000, 1000]
Sender: 0.001620
Receiver: 0.000647
[1996000, 1000]
[1996000, 1000]
Receiver: 0.000628
Sender: 0.001594
[1997000, 1000]
[1997000, 1000]
Receiver: 0.000637
Sender: 0.001614
[1998000, 1000]
[1998000, 1000]
Receiver: 0.000646
Sender: 0.001625
[1999000, 1000]
[1999000, 1000]
Receiver: 0.000755
Sender: 0.001518
[2000000, 1000]
[2000000, 1000]
Receiver: 0.000653
Sender: 0.001645
