[2000, 1000]
[2000, 1000]
Sender: 0.013289
Receiver: 0.017369
[4000, 1000]
[4000, 1000]
Sender: 0.016227
Receiver: 0.018106
[6000, 1000]
[6000, 1000]
Sender: 0.026358
Receiver: 0.028259
[8000, 1000]
[8000, 1000]
Sender: 0.028295
Receiver: 0.029860
[10000, 1000]
[10000, 1000]
Sender: 0.020331
Receiver: 0.021965
[12000, 1000]
[12000, 1000]
Sender: 0.033603
Receiver: 0.034148
[14000, 1000]
[14000, 1000]
Sender: 0.034110
Receiver: 0.034747
[16000, 1000]
[16000, 1000]
Sender: 0.023538
Receiver: 0.024138
[18000, 1000]
[18000, 1000]
Sender: 0.023038
Receiver: 0.023766
[20000, 1000]
[20000, 1000]
Sender: 0.025998
Receiver: 0.026929
[22000, 1000]
[22000, 1000]
Sender: 0.025982
Receiver: 0.026546
[24000, 1000]
[24000, 1000]
Sender: 0.048246
Receiver: 0.049136
[26000, 1000]
[26000, 1000]
Sender: 0.032613
Receiver: 0.033144
[28000, 1000]
[28000, 1000]
Sender: 0.030643
Receiver: 0.031118
[30000, 1000]
[30000, 1000]
Sender: 0.060193
Receiver: 0.061062
[32000, 1000]
[32000, 1000]
Sender: 0.033877
Receiver: 0.033512
[34000, 1000]
[34000, 1000]
Sender: 0.035438
Receiver: 0.035917
[36000, 1000]
[36000, 1000]
Sender: 0.040882
Receiver: 0.040938
[38000, 1000]
[38000, 1000]
Sender: 0.038840
Receiver: 0.040217
[40000, 1000]
[40000, 1000]
Sender: 0.058049
Receiver: 0.058550
[42000, 1000]
[42000, 1000]
Sender: 0.049356
Receiver: 0.050031
[44000, 1000]
[44000, 1000]
Sender: 0.042546
Receiver: 0.043009
[46000, 1000]
[46000, 1000]
Sender: 0.064300
Receiver: 0.063919
[48000, 1000]
[48000, 1000]
Sender: 0.052646
Receiver: 0.053807
[50000, 1000]
[50000, 1000]
Sender: 0.049119
Receiver: 0.048784
[52000, 1000]
[52000, 1000]
Sender: 0.050176
Receiver: 0.050444
[54000, 1000]
[54000, 1000]
Sender: 0.051455
Receiver: 0.051913
[56000, 1000]
[56000, 1000]
Sender: 0.052784
Receiver: 0.053285
[58000, 1000]
[58000, 1000]
Sender: 0.057152
Receiver: 0.059248
[60000, 1000]
[60000, 1000]
Sender: 0.075889
Receiver: 0.077249
[62000, 1000]
[62000, 1000]
Sender: 0.050143
Receiver: 0.050519
[64000, 1000]
[64000, 1000]
Sender: 0.072920
Receiver: 0.073331
[66000, 1000]
[66000, 1000]
Sender: 0.054974
Receiver: 0.056009
[68000, 1000]
[68000, 1000]
Sender: 0.074808
Receiver: 0.074417
[70000, 1000]
[70000, 1000]
Sender: 0.055065
Receiver: 0.055583
[72000, 1000]
[72000, 1000]
Sender: 0.056477
Receiver: 0.056701
[74000, 1000]
[74000, 1000]
Sender: 0.063979
Receiver: 0.064304
[76000, 1000]
[76000, 1000]
Sender: 0.061159
Receiver: 0.060714
[78000, 1000]
[78000, 1000]
Sender: 0.071966
Receiver: 0.072289
[80000, 1000]
[80000, 1000]
Sender: 0.082082
Receiver: 0.082501
[82000, 1000]
[82000, 1000]
Sender: 0.079226
Receiver: 0.079706
[84000, 1000]
[84000, 1000]
Sender: 0.066932
Receiver: 0.063288
[86000, 1000]
[86000, 1000]
Sender: 0.081190
Receiver: 0.082232
[88000, 1000]
[88000, 1000]
Sender: 0.090198
Receiver: 0.095458
[90000, 1000]
[90000, 1000]
Sender: 0.069579
Receiver: 0.070004
[92000, 1000]
[92000, 1000]
Sender: 0.095610
Receiver: 0.096010
[94000, 1000]
[94000, 1000]
Sender: 0.073657
Receiver: 0.073971
[96000, 1000]
[96000, 1000]
Sender: 0.074250
Receiver: 0.074699
[98000, 1000]
[98000, 1000]
Sender: 0.076382
Receiver: 0.076656
[100000, 1000]
[100000, 1000]
Sender: 0.078204
Receiver: 0.077808
[102000, 1000]
[102000, 1000]
Sender: 0.096091
Receiver: 0.097053
[104000, 1000]
[104000, 1000]
Sender: 0.080990
Receiver: 0.081442
[106000, 1000]
[106000, 1000]
Sender: 0.083967
Receiver: 0.084131
[108000, 1000]
[108000, 1000]
Sender: 0.083452
Receiver: 0.083871
[110000, 1000]
[110000, 1000]
Sender: 0.081581
Receiver: 0.082006
[112000, 1000]
[112000, 1000]
Sender: 0.129628
Receiver: 0.130724
[114000, 1000]
[114000, 1000]
Sender: 0.090838
Receiver: 0.091011
[116000, 1000]
[116000, 1000]
Sender: 0.163123
Receiver: 0.163460
[118000, 1000]
[118000, 1000]
Sender: 0.090677
Receiver: 0.091058
[120000, 1000]
[120000, 1000]
Sender: 0.529597
Receiver: 0.529191
[122000, 1000]
[122000, 1000]
Sender: 0.094385
Receiver: 0.093963
[124000, 1000]
[124000, 1000]
Sender: 0.096804
Receiver: 0.097151
[126000, 1000]
[126000, 1000]
Sender: 0.120983
Receiver: 0.121328
[128000, 1000]
[128000, 1000]
Sender: 0.096734
Receiver: 0.096353
[130000, 1000]
[130000, 1000]
Sender: 0.493896
Receiver: 0.494683
[132000, 1000]
[132000, 1000]
Sender: 0.161860
Receiver: 0.162696
[134000, 1000]
[134000, 1000]
Sender: 0.300080
Receiver: 0.299600
[136000, 1000]
[136000, 1000]
Sender: 0.617706
Receiver: 0.615447
[138000, 1000]
[138000, 1000]
Sender: 0.338126
Receiver: 0.334146
[140000, 1000]
[140000, 1000]
Sender: 0.505643
Receiver: 0.505898
[142000, 1000]
[142000, 1000]
Sender: 1.218431
Receiver: 1.216715
[144000, 1000]
[144000, 1000]
Sender: 0.202357
Receiver: 0.201823
[146000, 1000]
[146000, 1000]
Sender: 0.360101
Receiver: 0.358439
[148000, 1000]
[148000, 1000]
Sender: 0.929878
Receiver: 0.928559
[150000, 1000]
[150000, 1000]
Sender: 1.197827
Receiver: 1.198024
[152000, 1000]
[152000, 1000]
Sender: 0.215351
Receiver: 0.215598
[154000, 1000]
[154000, 1000]
Sender: 0.692248
Receiver: 0.693139
[156000, 1000]
[156000, 1000]
Sender: 0.232617
Receiver: 0.233046
[158000, 1000]
[158000, 1000]
Sender: 1.491949
Receiver: 1.492187
[160000, 1000]
[160000, 1000]
Sender: 0.212766
Receiver: 0.212839
[162000, 1000]
[162000, 1000]
Sender: 1.047913
Receiver: 1.048783
[164000, 1000]
[164000, 1000]
Sender: 0.220346
Receiver: 0.220589
[166000, 1000]
[166000, 1000]
Sender: 0.351997
Receiver: 0.351397
[168000, 1000]
[168000, 1000]
Sender: 0.305911
Receiver: 0.306903
[170000, 1000]
[170000, 1000]
Sender: 0.452481
Receiver: 0.453495
[172000, 1000]
[172000, 1000]
Sender: 0.221305
Receiver: 0.221534
[174000, 1000]
[174000, 1000]
Sender: 0.888660
Receiver: 0.889476
[176000, 1000]
[176000, 1000]
Sender: 1.038098
Receiver: 1.038350
[178000, 1000]
[178000, 1000]
Sender: 0.338178
Receiver: 0.337718
[180000, 1000]
[180000, 1000]
Sender: 0.218986
Receiver: 0.218560
[182000, 1000]
[182000, 1000]
Sender: 0.953062
Receiver: 0.953370
[184000, 1000]
[184000, 1000]
Sender: 1.265909
Receiver: 1.266060
[186000, 1000]
[186000, 1000]
Sender: 0.223889
Receiver: 0.224149
[188000, 1000]
[188000, 1000]
Sender: 0.885119
Receiver: 0.886155
[190000, 1000]
[190000, 1000]
Sender: 0.214826
Receiver: 0.215054
[192000, 1000]
[192000, 1000]
Sender: 0.830248
Receiver: 0.835126
[194000, 1000]
[194000, 1000]
Sender: 0.417267
Receiver: 0.418170
[196000, 1000]
[196000, 1000]
Sender: 0.612645
Receiver: 0.612214
[198000, 1000]
[198000, 1000]
Sender: 1.406002
Receiver: 1.406247
[200000, 1000]
[200000, 1000]
Sender: 0.744873
Receiver: 0.743183
[202000, 1000]
[202000, 1000]
Sender: 0.255937
Receiver: 0.256983
[204000, 1000]
[204000, 1000]
Sender: 1.168200
Receiver: 1.168432
[206000, 1000]
[206000, 1000]
Sender: 0.868966
Receiver: 0.869270
[208000, 1000]
[208000, 1000]
Sender: 1.243960
Receiver: 1.244167
[210000, 1000]
[210000, 1000]
Sender: 0.256894
Receiver: 0.257316
[212000, 1000]
[212000, 1000]
Sender: 0.421275
Receiver: 0.432672
[214000, 1000]
[214000, 1000]
Sender: 1.158525
Receiver: 1.158952
[216000, 1000]
[216000, 1000]
Sender: 0.219826
Receiver: 0.220068
[218000, 1000]
[218000, 1000]
Sender: 1.128128
Receiver: 1.128260
[220000, 1000]
[220000, 1000]
Sender: 0.223072
Receiver: 0.223205
[222000, 1000]
[222000, 1000]
Sender: 0.297516
Receiver: 0.291762
[224000, 1000]
[224000, 1000]
Sender: 0.527249
Receiver: 0.526846
[226000, 1000]
[226000, 1000]
Sender: 0.672176
Receiver: 0.669040
[228000, 1000]
[228000, 1000]
Sender: 1.004148
Receiver: 1.004409
[230000, 1000]
[230000, 1000]
Sender: 0.228170
Receiver: 0.225875
[232000, 1000]
[232000, 1000]
Sender: 0.701261
Receiver: 0.701506
[234000, 1000]
[234000, 1000]
Sender: 0.467766
Receiver: 0.465456
[236000, 1000]
[236000, 1000]
Sender: 1.004261
Receiver: 1.004570
[238000, 1000]
[238000, 1000]
Sender: 1.311250
Receiver: 1.312135
[240000, 1000]
[240000, 1000]
Sender: 0.241755
Receiver: 0.242651
[242000, 1000]
[242000, 1000]
Sender: 0.597426
Receiver: 0.597071
[244000, 1000]
[244000, 1000]
Sender: 0.275182
Receiver: 0.272913
[246000, 1000]
[246000, 1000]
Sender: 0.892097
Receiver: 0.889696
[248000, 1000]
[248000, 1000]
Sender: 1.344584
Receiver: 1.345474
[250000, 1000]
[250000, 1000]
Sender: 0.243808
Receiver: 0.244118
[252000, 1000]
[252000, 1000]
Sender: 1.239141
Receiver: 1.240018
[254000, 1000]
[254000, 1000]
Sender: 1.207364
Receiver: 1.208334
[256000, 1000]
[256000, 1000]
Sender: 0.244442
Receiver: 0.244717
[258000, 1000]
[258000, 1000]
Sender: 1.033991
Receiver: 1.034344
[260000, 1000]
[260000, 1000]
Sender: 1.102363
Receiver: 1.103347
[262000, 1000]
[262000, 1000]
Sender: 1.142288
Receiver: 1.148290
[264000, 1000]
[264000, 1000]
Sender: 0.272143
Receiver: 0.272381
[266000, 1000]
[266000, 1000]
Sender: 0.954113
Receiver: 0.954436
[268000, 1000]
[268000, 1000]
Sender: 0.673333
Receiver: 0.680307
[270000, 1000]
[270000, 1000]
Sender: 1.284556
Receiver: 1.290110
[272000, 1000]
[272000, 1000]
Sender: 0.303095
Receiver: 0.303390
[274000, 1000]
[274000, 1000]
Sender: 0.621778
Receiver: 0.622770
[276000, 1000]
[276000, 1000]
Sender: 2.045687
Receiver: 2.045940
[278000, 1000]
[278000, 1000]
Sender: 0.304166
Receiver: 0.304575
[280000, 1000]
[280000, 1000]
Sender: 0.762271
Receiver: 0.759774
[282000, 1000]
[282000, 1000]
Sender: 0.587365
Receiver: 0.588255
[284000, 1000]
[284000, 1000]
Sender: 0.284007
Receiver: 0.283636
[286000, 1000]
[286000, 1000]
Sender: 0.505565
Receiver: 0.503147
[288000, 1000]
[288000, 1000]
Sender: 0.737081
Receiver: 0.737331
[290000, 1000]
[290000, 1000]
Sender: 1.256202
Receiver: 1.254032
[292000, 1000]
[292000, 1000]
Sender: 0.303280
Receiver: 0.303470
[294000, 1000]
[294000, 1000]
Sender: 0.908864
Receiver: 0.909212
[296000, 1000]
[296000, 1000]
Sender: 1.129304
Receiver: 1.130225
[298000, 1000]
[298000, 1000]
Sender: 1.906964
Receiver: 1.907916
[300000, 1000]
[300000, 1000]
Sender: 1.515775
Receiver: 1.516073
[302000, 1000]
[302000, 1000]
Sender: 0.339221
Receiver: 0.339583
[304000, 1000]
[304000, 1000]
Sender: 0.290769
Receiver: 0.288364
[306000, 1000]
[306000, 1000]
Sender: 0.458132
Receiver: 0.458642
[308000, 1000]
[308000, 1000]
Sender: 0.524136
Receiver: 0.524395
[310000, 1000]
[310000, 1000]
Sender: 1.293850
Receiver: 1.294109
[312000, 1000]
[312000, 1000]
Sender: 1.761545
Receiver: 1.762035
[314000, 1000]
[314000, 1000]
Sender: 0.309260
Receiver: 0.310295
[316000, 1000]
[316000, 1000]
Sender: 1.030116
Receiver: 1.027912
[318000, 1000]
[318000, 1000]
Sender: 1.049583
Receiver: 1.050461
[320000, 1000]
[320000, 1000]
Sender: 1.535498
Receiver: 1.536574
[322000, 1000]
[322000, 1000]
Sender: 0.961837
Receiver: 0.963897
[324000, 1000]
[324000, 1000]
Sender: 1.325008
Receiver: 1.332197
[326000, 1000]
[326000, 1000]
Sender: 0.324333
Receiver: 0.324732
[328000, 1000]
[328000, 1000]
Sender: 0.383538
Receiver: 0.383878
[330000, 1000]
[330000, 1000]
Sender: 1.025047
Receiver: 1.018900
[332000, 1000]
[332000, 1000]
Sender: 1.452311
Receiver: 1.457876
[334000, 1000]
[334000, 1000]
Sender: 1.703839
Receiver: 1.704785
[336000, 1000]
[336000, 1000]
Sender: 0.363598
Receiver: 0.363078
[338000, 1000]
[338000, 1000]
Sender: 1.173818
Receiver: 1.172289
[340000, 1000]
[340000, 1000]
Sender: 0.326155
Receiver: 0.326605
[342000, 1000]
[342000, 1000]
Sender: 1.858593
Receiver: 1.859033
[344000, 1000]
[344000, 1000]
Receiver: 1.609985
Sender: 1.610637
[346000, 1000]
[346000, 1000]
Sender: 1.420736
Receiver: 1.421943
[348000, 1000]
[348000, 1000]
Sender: 1.273799
Receiver: 1.274355
[350000, 1000]
[350000, 1000]
Sender: 0.431163
Receiver: 0.439159
[352000, 1000]
[352000, 1000]
Sender: 0.379678
Receiver: 0.380697
[354000, 1000]
[354000, 1000]
Receiver: 1.635571
Sender: 1.634526
[356000, 1000]
[356000, 1000]
Sender: 1.917061
Receiver: 1.917033
[358000, 1000]
[358000, 1000]
Sender: 0.948501
Receiver: 0.948833
[360000, 1000]
[360000, 1000]
Sender: 1.208598
Receiver: 1.209617
[362000, 1000]
[362000, 1000]
Sender: 1.779397
Receiver: 1.779745
[364000, 1000]
[364000, 1000]
Sender: 0.353100
Receiver: 0.353412
[366000, 1000]
[366000, 1000]
Sender: 0.970562
Receiver: 0.971604
[368000, 1000]
[368000, 1000]
Sender: 1.278001
Receiver: 1.278761
[370000, 1000]
[370000, 1000]
Sender: 1.919202
Receiver: 1.919420
[372000, 1000]
[372000, 1000]
Sender: 1.607819
Receiver: 1.606174
[374000, 1000]
[374000, 1000]
Sender: 0.351313
Receiver: 0.352403
[376000, 1000]
[376000, 1000]
Sender: 1.354554
Receiver: 1.354844
[378000, 1000]
[378000, 1000]
Sender: 0.789534
Receiver: 0.789910
[380000, 1000]
[380000, 1000]
Sender: 1.001365
Receiver: 1.009717
[382000, 1000]
[382000, 1000]
Sender: 0.606656
Receiver: 0.607071
[384000, 1000]
[384000, 1000]
Sender: 1.330579
Receiver: 1.330663
[386000, 1000]
[386000, 1000]
Receiver: 1.337425
Sender: 1.336390
[388000, 1000]
[388000, 1000]
Sender: 0.686619
Receiver: 0.688035
[390000, 1000]
[390000, 1000]
Sender: 0.382193
Receiver: 0.381531
[392000, 1000]
[392000, 1000]
Sender: 1.148905
Receiver: 1.143175
[394000, 1000]
[394000, 1000]
Sender: 1.937767
Receiver: 1.937904
[396000, 1000]
[396000, 1000]
Sender: 1.752841
Receiver: 1.753322
[398000, 1000]
[398000, 1000]
Receiver: 0.385460
Sender: 0.386863
[400000, 1000]
[400000, 1000]
Sender: 1.253556
Receiver: 1.253404
[402000, 1000]
[402000, 1000]
Sender: 1.352438
Receiver: 1.352918
[404000, 1000]
[404000, 1000]
Sender: 1.383502
Receiver: 1.383764
[406000, 1000]
[406000, 1000]
Sender: 0.422648
Receiver: 0.423031
[408000, 1000]
[408000, 1000]
Sender: 1.469680
Receiver: 1.470076
[410000, 1000]
[410000, 1000]
Sender: 1.256952
Receiver: 1.254702
[412000, 1000]
[412000, 1000]
Sender: 1.303339
Receiver: 1.303850
[414000, 1000]
[414000, 1000]
Sender: 0.360721
Receiver: 0.360976
[416000, 1000]
[416000, 1000]
Sender: 2.003100
Receiver: 2.004755
[418000, 1000]
[418000, 1000]
Sender: 1.541843
Receiver: 1.543134
[420000, 1000]
[420000, 1000]
Sender: 0.928292
Receiver: 0.927979
[422000, 1000]
[422000, 1000]
Sender: 1.384451
Receiver: 1.385307
[424000, 1000]
[424000, 1000]
Sender: 0.978647
Receiver: 0.979089
[426000, 1000]
[426000, 1000]
Sender: 2.513421
Receiver: 2.521722
[428000, 1000]
[428000, 1000]
Sender: 0.447172
Receiver: 0.446936
[430000, 1000]
[430000, 1000]
Sender: 1.169145
Receiver: 1.168971
[432000, 1000]
[432000, 1000]
Sender: 1.390382
Receiver: 1.387265
[434000, 1000]
[434000, 1000]
Sender: 2.299592
Receiver: 2.300922
[436000, 1000]
[436000, 1000]
Sender: 0.415527
Receiver: 0.415881
[438000, 1000]
[438000, 1000]
Sender: 1.234134
Receiver: 1.231976
[440000, 1000]
[440000, 1000]
Sender: 2.042544
Receiver: 2.042986
[442000, 1000]
[442000, 1000]
Sender: 0.553261
Receiver: 0.553843
[444000, 1000]
[444000, 1000]
Sender: 0.399196
Receiver: 0.399556
[446000, 1000]
[446000, 1000]
Sender: 1.702403
Receiver: 1.710658
[448000, 1000]
[448000, 1000]
Sender: 0.819895
Receiver: 0.824522
[450000, 1000]
[450000, 1000]
Sender: 0.424926
Receiver: 0.424436
[452000, 1000]
[452000, 1000]
Sender: 1.678989
Receiver: 1.679663
[454000, 1000]
[454000, 1000]
Sender: 0.578615
Receiver: 0.581545
[456000, 1000]
[456000, 1000]
Sender: 0.618712
Receiver: 0.618443
[458000, 1000]
[458000, 1000]
Sender: 1.485497
Receiver: 1.485801
[460000, 1000]
[460000, 1000]
Sender: 1.603748
Receiver: 1.604179
[462000, 1000]
[462000, 1000]
Sender: 1.676995
Receiver: 1.677924
[464000, 1000]
[464000, 1000]
Sender: 1.622627
Receiver: 1.623402
[466000, 1000]
[466000, 1000]
Sender: 2.030637
Receiver: 2.030090
[468000, 1000]
[468000, 1000]
Sender: 1.620936
Receiver: 1.621368
[470000, 1000]
[470000, 1000]
Sender: 1.957118
Receiver: 1.957548
[472000, 1000]
[472000, 1000]
Sender: 1.691711
Receiver: 1.692065
[474000, 1000]
[474000, 1000]
Sender: 2.241251
Receiver: 2.241444
[476000, 1000]
[476000, 1000]
Sender: 0.877931
Receiver: 0.876322
[478000, 1000]
[478000, 1000]
Sender: 2.509305
Receiver: 2.500749
[480000, 1000]
[480000, 1000]
Sender: 1.683252
Receiver: 1.684193
[482000, 1000]
[482000, 1000]
Receiver: 1.374180
Sender: 1.373935
[484000, 1000]
[484000, 1000]
Sender: 2.005188
Receiver: 2.004938
[486000, 1000]
[486000, 1000]
Sender: 1.070971
Receiver: 1.070817
[488000, 1000]
[488000, 1000]
Sender: 1.411176
Receiver: 1.412065
[490000, 1000]
[490000, 1000]
Sender: 1.353182
Receiver: 1.352948
[492000, 1000]
[492000, 1000]
Sender: 2.751580
Receiver: 2.751788
[494000, 1000]
[494000, 1000]
Receiver: 1.884390
Sender: 1.885781
[496000, 1000]
[496000, 1000]
Sender: 1.744950
Receiver: 1.745225
[498000, 1000]
[498000, 1000]
Sender: 0.440380
Receiver: 0.438015
[500000, 1000]
[500000, 1000]
Sender: 1.172849
Receiver: 1.172326
[502000, 1000]
[502000, 1000]
Sender: 0.459435
Receiver: 0.460510
[504000, 1000]
[504000, 1000]
Sender: 0.592497
Receiver: 0.585182
[506000, 1000]
[506000, 1000]
Sender: 1.674921
Receiver: 1.674474
[508000, 1000]
[508000, 1000]
Sender: 2.087334
Receiver: 2.087874
[510000, 1000]
[510000, 1000]
Sender: 1.632322
Receiver: 1.633137
[512000, 1000]
[512000, 1000]
Sender: 2.772407
Receiver: 2.770312
[514000, 1000]
[514000, 1000]
Sender: 2.542607
Receiver: 2.542833
[516000, 1000]
[516000, 1000]
Sender: 1.804558
Receiver: 1.802737
[518000, 1000]
[518000, 1000]
Sender: 2.026943
Receiver: 2.024636
[520000, 1000]
[520000, 1000]
Sender: 1.759477
Receiver: 1.759112
[522000, 1000]
[522000, 1000]
Sender: 2.772723
Receiver: 2.773105
[524000, 1000]
[524000, 1000]
Sender: 1.749045
Receiver: 1.749447
[526000, 1000]
[526000, 1000]
Sender: 1.979606
Receiver: 1.982072
[528000, 1000]
[528000, 1000]
Sender: 1.857618
Receiver: 1.858228
[530000, 1000]
[530000, 1000]
Sender: 3.099381
Receiver: 3.099720
[532000, 1000]
[532000, 1000]
Sender: 2.088344
Receiver: 2.089208
[534000, 1000]
[534000, 1000]
Sender: 1.754676
Receiver: 1.755664
[536000, 1000]
[536000, 1000]
Sender: 2.101252
Receiver: 2.100852
[538000, 1000]
[538000, 1000]
Sender: 2.048361
Receiver: 2.052113
[540000, 1000]
[540000, 1000]
Sender: 0.467629
Receiver: 0.467331
[542000, 1000]
[542000, 1000]
Sender: 2.496917
Receiver: 2.494678
[544000, 1000]
[544000, 1000]
Sender: 1.762424
Receiver: 1.762671
[546000, 1000]
[546000, 1000]
Sender: 2.106099
Receiver: 2.106381
[548000, 1000]
[548000, 1000]
Sender: 2.081532
Receiver: 2.088138
[550000, 1000]
[550000, 1000]
Sender: 1.761693
Receiver: 1.761793
[552000, 1000]
[552000, 1000]
Sender: 1.993750
Receiver: 1.994684
[554000, 1000]
[554000, 1000]
Sender: 1.765352
Receiver: 1.765751
[556000, 1000]
[556000, 1000]
Sender: 2.096600
Receiver: 2.097033
[558000, 1000]
[558000, 1000]
Sender: 1.759597
Receiver: 1.760057
[560000, 1000]
[560000, 1000]
Sender: 1.973757
Receiver: 1.974182
[562000, 1000]
[562000, 1000]
Sender: 1.062670
Receiver: 1.067343
[564000, 1000]
[564000, 1000]
Sender: 2.338198
Receiver: 2.339022
[566000, 1000]
[566000, 1000]
Sender: 1.631424
Receiver: 1.631804
[568000, 1000]
[568000, 1000]
Sender: 0.455431
Receiver: 0.456307
[570000, 1000]
[570000, 1000]
Sender: 1.397679
Receiver: 1.398022
[572000, 1000]
[572000, 1000]
Sender: 2.582236
Receiver: 2.581670
[574000, 1000]
[574000, 1000]
Sender: 1.720534
Receiver: 1.720879
[576000, 1000]
[576000, 1000]
Sender: 4.159262
Receiver: 4.160242
[578000, 1000]
[578000, 1000]
Sender: 1.976864
Receiver: 1.977185
[580000, 1000]
[580000, 1000]
Sender: 1.773782
Receiver: 1.779819
[582000, 1000]
[582000, 1000]
Sender: 2.723543
Receiver: 2.723867
[584000, 1000]
[584000, 1000]
Sender: 1.788207
Receiver: 1.788548
[586000, 1000]
[586000, 1000]
Sender: 0.547108
Receiver: 0.547505
[588000, 1000]
[588000, 1000]
Sender: 2.779656
Receiver: 2.779439
[590000, 1000]
[590000, 1000]
Sender: 1.734206
Receiver: 1.734611
[592000, 1000]
[592000, 1000]
Sender: 2.117512
Receiver: 2.118572
[594000, 1000]
[594000, 1000]
Sender: 2.128547
Receiver: 2.128828
[596000, 1000]
[596000, 1000]
Sender: 1.716159
Receiver: 1.717236
[598000, 1000]
[598000, 1000]
Sender: 2.148988
Receiver: 2.149422
[600000, 1000]
[600000, 1000]
Sender: 2.032733
Receiver: 2.033129
[602000, 1000]
[602000, 1000]
Sender: 1.871286
Receiver: 1.869179
[604000, 1000]
[604000, 1000]
Sender: 2.786601
Receiver: 2.786956
[606000, 1000]
[606000, 1000]
Sender: 1.748057
Receiver: 1.749056
[608000, 1000]
[608000, 1000]
Sender: 0.498910
Receiver: 0.499062
[610000, 1000]
[610000, 1000]
Sender: 2.866218
Receiver: 2.866466
[612000, 1000]
[612000, 1000]
Sender: 1.822826
Receiver: 1.823131
[614000, 1000]
[614000, 1000]
Sender: 2.153790
Receiver: 2.154248
[616000, 1000]
[616000, 1000]
Sender: 1.826497
Receiver: 1.826789
[618000, 1000]
[618000, 1000]
Sender: 2.812172
Receiver: 2.811742
[620000, 1000]
[620000, 1000]
Receiver: 1.836531
Sender: 1.836175
[622000, 1000]
[622000, 1000]
Sender: 2.126710
Receiver: 2.127731
[624000, 1000]
[624000, 1000]
Sender: 1.761952
Receiver: 1.762286
[626000, 1000]
[626000, 1000]
Sender: 1.441061
Receiver: 1.441313
[628000, 1000]
[628000, 1000]
Sender: 1.494746
Receiver: 1.485453
[630000, 1000]
[630000, 1000]
Sender: 2.586544
Receiver: 2.586102
[632000, 1000]
[632000, 1000]
Sender: 1.867892
Receiver: 1.868361
[634000, 1000]
[634000, 1000]
Sender: 2.073478
Receiver: 2.074596
[636000, 1000]
[636000, 1000]
Sender: 1.969397
Receiver: 1.970507
[638000, 1000]
[638000, 1000]
Sender: 0.466852
Receiver: 0.467143
[640000, 1000]
[640000, 1000]
Sender: 1.961937
Receiver: 1.956833
[642000, 1000]
[642000, 1000]
Sender: 2.016414
Receiver: 2.017425
[644000, 1000]
[644000, 1000]
Sender: 1.815217
Receiver: 1.816227
[646000, 1000]
[646000, 1000]
Sender: 2.175028
Receiver: 2.174501
[648000, 1000]
[648000, 1000]
Sender: 2.218607
Receiver: 2.218916
[650000, 1000]
[650000, 1000]
Sender: 0.767136
Receiver: 0.767460
[652000, 1000]
[652000, 1000]
Receiver: 2.651348
Sender: 2.658952
[654000, 1000]
[654000, 1000]
Sender: 2.790743
Receiver: 2.810608
[656000, 1000]
[656000, 1000]
Sender: 0.602034
Receiver: 0.602351
[658000, 1000]
[658000, 1000]
Sender: 2.502988
Receiver: 2.503200
[660000, 1000]
[660000, 1000]
Sender: 1.813113
Receiver: 1.813352
[662000, 1000]
[662000, 1000]
Sender: 1.691149
Receiver: 1.691318
[664000, 1000]
[664000, 1000]
Sender: 2.577787
Receiver: 2.577288
[666000, 1000]
[666000, 1000]
Sender: 1.866055
Receiver: 1.866331
[668000, 1000]
[668000, 1000]
Sender: 1.139318
Receiver: 1.141879
[670000, 1000]
[670000, 1000]
Sender: 3.065643
Receiver: 3.057747
[672000, 1000]
[672000, 1000]
Sender: 1.773204
Receiver: 1.774205
[674000, 1000]
[674000, 1000]
Sender: 1.709431
Receiver: 1.710405
[676000, 1000]
[676000, 1000]
Sender: 2.356533
Receiver: 2.349548
[678000, 1000]
[678000, 1000]
Sender: 1.966660
Receiver: 1.966999
[680000, 1000]
[680000, 1000]
Sender: 0.638692
Receiver: 0.638966
[682000, 1000]
[682000, 1000]
Sender: 2.573177
Receiver: 2.574932
[684000, 1000]
[684000, 1000]
Sender: 0.950854
Receiver: 0.947586
[686000, 1000]
[686000, 1000]
Sender: 2.602439
Receiver: 2.602029
[688000, 1000]
[688000, 1000]
Sender: 3.178740
Receiver: 3.179077
[690000, 1000]
[690000, 1000]
Sender: 1.963331
Receiver: 1.963732
[692000, 1000]
[692000, 1000]
Sender: 3.128218
Receiver: 3.129604
[694000, 1000]
[694000, 1000]
Sender: 2.116639
Receiver: 2.116864
[696000, 1000]
[696000, 1000]
Receiver: 1.964536
Sender: 1.963570
[698000, 1000]
[698000, 1000]
Sender: 1.561484
Receiver: 1.561855
[700000, 1000]
[700000, 1000]
Sender: 2.495111
Receiver: 2.496130
[702000, 1000]
[702000, 1000]
Sender: 2.775631
Receiver: 2.774850
[704000, 1000]
[704000, 1000]
Sender: 4.106426
Receiver: 4.106060
[706000, 1000]
[706000, 1000]
Sender: 2.197628
Receiver: 2.198076
[708000, 1000]
[708000, 1000]
Sender: 2.644140
Receiver: 2.642611
[710000, 1000]
[710000, 1000]
Sender: 4.802600
Receiver: 4.804383
[712000, 1000]
[712000, 1000]
Sender: 1.933139
Receiver: 1.933277
[714000, 1000]
[714000, 1000]
Sender: 2.286329
Receiver: 2.286489
[716000, 1000]
[716000, 1000]
Sender: 2.173782
Receiver: 2.174604
[718000, 1000]
[718000, 1000]
Sender: 2.193344
Receiver: 2.194130
[720000, 1000]
[720000, 1000]
Sender: 2.471630
Receiver: 2.471985
[722000, 1000]
[722000, 1000]
Sender: 2.096053
Receiver: 2.096230
[724000, 1000]
[724000, 1000]
Sender: 1.912709
Receiver: 1.912963
[726000, 1000]
[726000, 1000]
Sender: 2.249730
Receiver: 2.250001
[728000, 1000]
[728000, 1000]
Sender: 1.657803
Receiver: 1.658603
[730000, 1000]
[730000, 1000]
Sender: 1.968186
Receiver: 1.965885
[732000, 1000]
[732000, 1000]
Sender: 2.061409
Receiver: 2.053632
[734000, 1000]
[734000, 1000]
Sender: 2.177778
Receiver: 2.177397
[736000, 1000]
[736000, 1000]
Sender: 1.864516
Receiver: 1.864894
[738000, 1000]
[738000, 1000]
Sender: 2.324622
Receiver: 2.324980
[740000, 1000]
[740000, 1000]
Sender: 1.976710
Receiver: 1.977582
[742000, 1000]
[742000, 1000]
Sender: 2.161796
Receiver: 2.162832
[744000, 1000]
[744000, 1000]
Sender: 3.000123
Receiver: 2.996661
[746000, 1000]
[746000, 1000]
Sender: 1.929414
Receiver: 1.929790
[748000, 1000]
[748000, 1000]
Sender: 4.955019
Receiver: 4.954636
[750000, 1000]
[750000, 1000]
Sender: 2.063071
Receiver: 2.063448
[752000, 1000]
[752000, 1000]
Sender: 1.882621
Receiver: 1.882827
[754000, 1000]
[754000, 1000]
Sender: 2.717030
Receiver: 2.717323
[756000, 1000]
[756000, 1000]
Sender: 1.965164
Receiver: 1.966142
[758000, 1000]
[758000, 1000]
Sender: 3.086692
Receiver: 3.087116
[760000, 1000]
[760000, 1000]
Sender: 2.139024
Receiver: 2.139285
[762000, 1000]
[762000, 1000]
Receiver: 3.265023
Sender: 3.266922
[764000, 1000]
[764000, 1000]
Sender: 1.889563
Receiver: 1.888433
[766000, 1000]
[766000, 1000]
Sender: 2.188740
Receiver: 2.189094
[768000, 1000]
[768000, 1000]
Sender: 2.328895
Receiver: 2.328751
[770000, 1000]
[770000, 1000]
Sender: 2.251701
Receiver: 2.251985
[772000, 1000]
[772000, 1000]
Sender: 3.147105
Receiver: 3.147521
[774000, 1000]
[774000, 1000]
Sender: 2.262577
Receiver: 2.260383
[776000, 1000]
[776000, 1000]
Sender: 2.615145
Receiver: 2.611028
[778000, 1000]
[778000, 1000]
Sender: 2.237799
Receiver: 2.238061
[780000, 1000]
[780000, 1000]
Sender: 2.376503
Receiver: 2.376864
[782000, 1000]
[782000, 1000]
Sender: 2.288769
Receiver: 2.289721
[784000, 1000]
[784000, 1000]
Sender: 2.461658
Receiver: 2.459218
[786000, 1000]
[786000, 1000]
Sender: 2.359222
Receiver: 2.358889
[788000, 1000]
[788000, 1000]
Sender: 2.144930
Receiver: 2.144599
[790000, 1000]
[790000, 1000]
Sender: 2.126140
Receiver: 2.126545
[792000, 1000]
[792000, 1000]
Sender: 2.621629
Receiver: 2.616634
[794000, 1000]
[794000, 1000]
Sender: 2.704196
Receiver: 2.702630
[796000, 1000]
[796000, 1000]
Sender: 3.127583
Receiver: 3.123682
[798000, 1000]
[798000, 1000]
Sender: 1.996286
Receiver: 1.997493
[800000, 1000]
[800000, 1000]
Sender: 2.888150
Receiver: 2.886323
[802000, 1000]
[802000, 1000]
Sender: 2.197289
Receiver: 2.196920
[804000, 1000]
[804000, 1000]
Sender: 3.016918
Receiver: 3.014838
[806000, 1000]
[806000, 1000]
Sender: 2.079065
Receiver: 2.079514
[808000, 1000]
[808000, 1000]
Receiver: 2.286959
Sender: 2.286087
[810000, 1000]
[810000, 1000]
Sender: 2.307842
Receiver: 2.306381
[812000, 1000]
[812000, 1000]
Sender: 2.327844
Receiver: 2.318173
[814000, 1000]
[814000, 1000]
Sender: 2.004390
Receiver: 2.003890
[816000, 1000]
[816000, 1000]
Sender: 3.147333
Receiver: 3.145943
[818000, 1000]
[818000, 1000]
Sender: 2.078343
Receiver: 2.078800
[820000, 1000]
[820000, 1000]
Sender: 2.014620
Receiver: 2.014975
[822000, 1000]
[822000, 1000]
Receiver: 2.008058
Sender: 2.012305
[824000, 1000]
[824000, 1000]
Sender: 2.228464
Receiver: 2.228795
[826000, 1000]
[826000, 1000]
Sender: 2.213711
Receiver: 2.207386
[828000, 1000]
[828000, 1000]
Sender: 1.948664
Receiver: 1.949222
[830000, 1000]
[830000, 1000]
Sender: 3.110880
Receiver: 3.111960
[832000, 1000]
[832000, 1000]
Sender: 2.169647
Receiver: 2.169206
[834000, 1000]
[834000, 1000]
Sender: 2.068198
Receiver: 2.069758
[836000, 1000]
[836000, 1000]
Sender: 0.616451
Receiver: 0.616778
[838000, 1000]
[838000, 1000]
Sender: 2.648055
Receiver: 2.639819
[840000, 1000]
[840000, 1000]
Sender: 2.952837
Receiver: 2.952466
[842000, 1000]
[842000, 1000]
Sender: 2.133097
Receiver: 2.133412
[844000, 1000]
[844000, 1000]
Sender: 2.595369
Receiver: 2.593086
[846000, 1000]
[846000, 1000]
Sender: 2.186849
Receiver: 2.187108
[848000, 1000]
[848000, 1000]
Sender: 2.767419
Receiver: 2.767948
[850000, 1000]
[850000, 1000]
Sender: 2.148993
Receiver: 2.147006
[852000, 1000]
[852000, 1000]
Sender: 3.216029
Receiver: 3.216319
[854000, 1000]
[854000, 1000]
Sender: 2.148695
Receiver: 2.149678
[856000, 1000]
[856000, 1000]
Sender: 2.075363
Receiver: 2.063548
[858000, 1000]
[858000, 1000]
Sender: 2.422054
Receiver: 2.423028
[860000, 1000]
[860000, 1000]
Sender: 3.371524
Receiver: 3.371278
[862000, 1000]
[862000, 1000]
Sender: 1.749250
Receiver: 1.749633
[864000, 1000]
[864000, 1000]
Sender: 2.710209
Receiver: 2.710421
[866000, 1000]
[866000, 1000]
Sender: 2.270140
Receiver: 2.268408
[868000, 1000]
[868000, 1000]
Sender: 3.310088
Receiver: 3.314549
[870000, 1000]
[870000, 1000]
Sender: 2.153763
Receiver: 2.154706
[872000, 1000]
[872000, 1000]
Sender: 3.077415
Receiver: 3.076331
[874000, 1000]
[874000, 1000]
Sender: 2.340359
Receiver: 2.339916
[876000, 1000]
[876000, 1000]
Sender: 2.628394
Receiver: 2.628659
[878000, 1000]
[878000, 1000]
Sender: 3.311666
Receiver: 3.317763
[880000, 1000]
[880000, 1000]
Sender: 2.368840
Receiver: 2.369366
[882000, 1000]
[882000, 1000]
Sender: 2.193139
Receiver: 2.193473
[884000, 1000]
[884000, 1000]
Sender: 3.296114
Receiver: 3.295605
[886000, 1000]
[886000, 1000]
Receiver: 2.442706
Sender: 2.441786
[888000, 1000]
[888000, 1000]
Sender: 2.980883
Receiver: 2.981143
[890000, 1000]
[890000, 1000]
Sender: 2.161184
Receiver: 2.157735
[892000, 1000]
[892000, 1000]
Receiver: 2.172858
Sender: 2.172456
[894000, 1000]
[894000, 1000]
Sender: 2.723069
Receiver: 2.724087
[896000, 1000]
[896000, 1000]
Sender: 2.916198
Receiver: 2.917523
[898000, 1000]
[898000, 1000]
Sender: 3.599342
Receiver: 3.595880
[900000, 1000]
[900000, 1000]
Sender: 3.394378
Receiver: 3.395294
[902000, 1000]
[902000, 1000]
Receiver: 2.718765
Sender: 2.718238
[904000, 1000]
[904000, 1000]
Sender: 3.746048
Receiver: 3.746344
[906000, 1000]
[906000, 1000]
Receiver: 3.651807
Sender: 3.651437
[908000, 1000]
[908000, 1000]
Sender: 1.903854
Receiver: 1.904890
[910000, 1000]
[910000, 1000]
Sender: 3.088881
Receiver: 3.087352
[912000, 1000]
[912000, 1000]
Sender: 1.671006
Receiver: 1.685655
[914000, 1000]
[914000, 1000]
Sender: 2.213885
Receiver: 2.214628
[916000, 1000]
[916000, 1000]
Sender: 3.074478
Receiver: 3.073903
[918000, 1000]
[918000, 1000]
Sender: 2.363086
Receiver: 2.360919
[920000, 1000]
[920000, 1000]
Sender: 2.000969
Receiver: 2.000518
[922000, 1000]
[922000, 1000]
Sender: 2.354762
Receiver: 2.355660
[924000, 1000]
[924000, 1000]
Sender: 2.654720
Receiver: 2.655125
[926000, 1000]
[926000, 1000]
Sender: 3.525130
Receiver: 3.527979
[928000, 1000]
[928000, 1000]
Sender: 2.227932
Receiver: 2.228286
[930000, 1000]
[930000, 1000]
Sender: 3.999165
Receiver: 3.999276
[932000, 1000]
[932000, 1000]
Receiver: 2.654487
Sender: 2.654172
[934000, 1000]
[934000, 1000]
Sender: 3.217233
Receiver: 3.216880
[936000, 1000]
[936000, 1000]
Sender: 2.721614
Receiver: 2.720952
[938000, 1000]
[938000, 1000]
Sender: 2.088146
Receiver: 2.089903
[940000, 1000]
[940000, 1000]
Sender: 2.160124
Receiver: 2.159777
[942000, 1000]
[942000, 1000]
Sender: 2.462436
Receiver: 2.462039
[944000, 1000]
[944000, 1000]
Sender: 2.182111
Receiver: 2.180827
[946000, 1000]
[946000, 1000]
Sender: 2.562104
Receiver: 2.562325
[948000, 1000]
[948000, 1000]
Sender: 1.994355
Receiver: 1.990561
[950000, 1000]
[950000, 1000]
Sender: 2.999869
Receiver: 3.028580
[952000, 1000]
[952000, 1000]
Sender: 2.371980
Receiver: 2.371796
[954000, 1000]
[954000, 1000]
Sender: 2.793832
Receiver: 2.791654
[956000, 1000]
[956000, 1000]
Sender: 3.968328
Receiver: 3.968625
[958000, 1000]
[958000, 1000]
Receiver: 0.863290
Sender: 0.862828
[960000, 1000]
[960000, 1000]
Sender: 2.793657
Receiver: 2.792165
[962000, 1000]
[962000, 1000]
Sender: 5.284065
Receiver: 5.285022
[964000, 1000]
[964000, 1000]
Sender: 3.932978
Receiver: 3.933358
[966000, 1000]
[966000, 1000]
Sender: 3.201333
Receiver: 3.202531
[968000, 1000]
[968000, 1000]
Sender: 2.611120
Receiver: 2.610757
[970000, 1000]
[970000, 1000]
Sender: 2.736348
Receiver: 2.731538
[972000, 1000]
[972000, 1000]
Receiver: 2.925089
Sender: 2.924627
[974000, 1000]
[974000, 1000]
Sender: 3.931672
Receiver: 3.935983
[976000, 1000]
[976000, 1000]
Sender: 2.030211
Receiver: 2.029901
[978000, 1000]
[978000, 1000]
Receiver: 1.758756
Sender: 1.757726
[980000, 1000]
[980000, 1000]
Sender: 3.217685
Receiver: 3.208241
[982000, 1000]
[982000, 1000]
Sender: 2.825591
Receiver: 2.825917
[984000, 1000]
[984000, 1000]
Receiver: 2.335509
Sender: 2.337695
[986000, 1000]
[986000, 1000]
Sender: 2.457199
Receiver: 2.467831
[988000, 1000]
[988000, 1000]
Sender: 4.772027
Receiver: 4.772267
[990000, 1000]
[990000, 1000]
Sender: 2.095357
Receiver: 2.095586
[992000, 1000]
[992000, 1000]
Sender: 0.708776
Receiver: 0.709630
[994000, 1000]
[994000, 1000]
Sender: 1.168698
Receiver: 1.168971
[996000, 1000]
[996000, 1000]
Sender: 2.044553
Receiver: 2.042247
[998000, 1000]
[998000, 1000]
Sender: 2.073874
Receiver: 2.060507
[1000000, 1000]
[1000000, 1000]
Sender: 2.543788
Receiver: 2.548639
[1002000, 1000]
[1002000, 1000]
Sender: 2.160684
Receiver: 2.161703
[1004000, 1000]
[1004000, 1000]
Sender: 2.802828
Receiver: 2.802684
[1006000, 1000]
[1006000, 1000]
Sender: 2.077586
Receiver: 2.077997
[1008000, 1000]
[1008000, 1000]
Sender: 3.355320
Receiver: 3.355691
[1010000, 1000]
[1010000, 1000]
Sender: 2.335815
Receiver: 2.335339
[1012000, 1000]
[1012000, 1000]
Sender: 2.401787
Receiver: 2.400220
[1014000, 1000]
[1014000, 1000]
Sender: 2.401081
Receiver: 2.401364
[1016000, 1000]
[1016000, 1000]
Sender: 1.031375
Receiver: 1.031836
[1018000, 1000]
[1018000, 1000]
Sender: 2.090120
Receiver: 2.078835
[1020000, 1000]
[1020000, 1000]
Sender: 1.546966
Receiver: 1.544225
[1022000, 1000]
[1022000, 1000]
Sender: 2.217083
Receiver: 2.218092
[1024000, 1000]
[1024000, 1000]
Sender: 2.817023
Receiver: 2.816555
[1026000, 1000]
[1026000, 1000]
Sender: 2.498884
Receiver: 2.499820
[1028000, 1000]
[1028000, 1000]
Receiver: 2.775671
Sender: 2.775354
[1030000, 1000]
[1030000, 1000]
Sender: 2.235247
Receiver: 2.235643
[1032000, 1000]
[1032000, 1000]
Sender: 2.883874
Receiver: 2.884870
[1034000, 1000]
[1034000, 1000]
Receiver: 2.461461
Sender: 2.461098
[1036000, 1000]
[1036000, 1000]
Sender: 2.299560
Receiver: 2.299764
[1038000, 1000]
[1038000, 1000]
Sender: 3.308083
Receiver: 3.308318
[1040000, 1000]
[1040000, 1000]
Sender: 4.156615
Receiver: 4.157054
[1042000, 1000]
[1042000, 1000]
Sender: 2.407077
Receiver: 2.407384
[1044000, 1000]
[1044000, 1000]
Sender: 2.591484
Receiver: 2.586586
[1046000, 1000]
[1046000, 1000]
Sender: 3.595086
Receiver: 3.607195
[1048000, 1000]
[1048000, 1000]
Sender: 0.758841
Receiver: 0.759312
[1050000, 1000]
[1050000, 1000]
Sender: 2.819180
Receiver: 2.808461
[1052000, 1000]
[1052000, 1000]
Sender: 3.456736
Receiver: 3.457069
[1054000, 1000]
[1054000, 1000]
Sender: 4.078889
Receiver: 4.079327
[1056000, 1000]
[1056000, 1000]
Sender: 4.121485
Receiver: 4.122036
[1058000, 1000]
[1058000, 1000]
Sender: 3.660076
Receiver: 3.660949
[1060000, 1000]
[1060000, 1000]
Sender: 2.508332
Receiver: 2.507775
[1062000, 1000]
[1062000, 1000]
Sender: 3.087800
Receiver: 3.097806
[1064000, 1000]
[1064000, 1000]
Sender: 3.994772
Receiver: 3.995108
[1066000, 1000]
[1066000, 1000]
Sender: 2.097926
Receiver: 2.097459
[1068000, 1000]
[1068000, 1000]
Sender: 3.100483
Receiver: 3.092991
[1070000, 1000]
[1070000, 1000]
Sender: 2.448524
Receiver: 2.448084
[1072000, 1000]
[1072000, 1000]
Receiver: 2.252183
Sender: 2.254883
[1074000, 1000]
[1074000, 1000]
Sender: 4.594549
Receiver: 4.594927
[1076000, 1000]
[1076000, 1000]
Sender: 3.391280
Receiver: 3.390866
[1078000, 1000]
[1078000, 1000]
Sender: 4.680267
Receiver: 4.676338
[1080000, 1000]
[1080000, 1000]
Sender: 2.267935
Receiver: 2.268309
[1082000, 1000]
[1082000, 1000]
Sender: 2.943620
Receiver: 2.942185
[1084000, 1000]
[1084000, 1000]
Sender: 2.905557
Receiver: 2.903200
[1086000, 1000]
[1086000, 1000]
Sender: 3.530703
Receiver: 3.530812
[1088000, 1000]
[1088000, 1000]
Sender: 1.715588
Receiver: 1.715666
[1090000, 1000]
[1090000, 1000]
Sender: 2.904193
Receiver: 2.902253
[1092000, 1000]
[1092000, 1000]
Sender: 4.119248
Receiver: 4.119282
[1094000, 1000]
[1094000, 1000]
Sender: 3.646966
Receiver: 3.647193
[1096000, 1000]
[1096000, 1000]
Sender: 4.189019
Receiver: 4.188618
[1098000, 1000]
[1098000, 1000]
Sender: 3.545453
Receiver: 3.545052
[1100000, 1000]
[1100000, 1000]
Sender: 3.546334
Receiver: 3.557598
[1102000, 1000]
[1102000, 1000]
Sender: 4.165408
Receiver: 4.165015
[1104000, 1000]
[1104000, 1000]
Sender: 4.157688
Receiver: 4.157951
[1106000, 1000]
[1106000, 1000]
Sender: 2.350749
Receiver: 2.351796
[1108000, 1000]
[1108000, 1000]
Receiver: 4.143159
Sender: 4.142320
[1110000, 1000]
[1110000, 1000]
Receiver: 2.870787
Sender: 2.872731
[1112000, 1000]
[1112000, 1000]
Sender: 4.674895
Receiver: 4.674375
[1114000, 1000]
[1114000, 1000]
Sender: 2.800992
Receiver: 2.801086
[1116000, 1000]
[1116000, 1000]
Sender: 0.751242
Receiver: 0.751259
[1118000, 1000]
[1118000, 1000]
Sender: 4.181098
Receiver: 4.180440
[1120000, 1000]
[1120000, 1000]
Sender: 2.496817
Receiver: 2.497082
[1122000, 1000]
[1122000, 1000]
Sender: 6.732710
Receiver: 6.733006
[1124000, 1000]
[1124000, 1000]
Sender: 2.092097
Receiver: 2.091588
[1126000, 1000]
[1126000, 1000]
Sender: 4.139299
Receiver: 4.140209
[1128000, 1000]
[1128000, 1000]
Sender: 2.660526
Receiver: 2.656065
[1130000, 1000]
[1130000, 1000]
Sender: 3.351537
Receiver: 3.351884
[1132000, 1000]
[1132000, 1000]
Sender: 4.592854
Receiver: 4.592974
[1134000, 1000]
[1134000, 1000]
Sender: 2.477210
Receiver: 2.478066
[1136000, 1000]
[1136000, 1000]
Sender: 3.731402
Receiver: 3.732343
[1138000, 1000]
[1138000, 1000]
Sender: 2.229607
Receiver: 2.229882
[1140000, 1000]
[1140000, 1000]
Receiver: 4.096481
Sender: 4.102386
[1142000, 1000]
[1142000, 1000]
Sender: 2.179225
Receiver: 2.179381
[1144000, 1000]
[1144000, 1000]
Sender: 3.141645
Receiver: 3.134720
[1146000, 1000]
[1146000, 1000]
Sender: 2.720917
Receiver: 2.718677
[1148000, 1000]
[1148000, 1000]
Sender: 4.490156
Receiver: 4.490208
[1150000, 1000]
[1150000, 1000]
Receiver: 2.120717
Sender: 2.120598
[1152000, 1000]
[1152000, 1000]
Receiver: 3.115275
Sender: 3.114898
[1154000, 1000]
[1154000, 1000]
Sender: 3.380187
Receiver: 3.380520
[1156000, 1000]
[1156000, 1000]
Sender: 3.670000
Receiver: 3.670351
[1158000, 1000]
[1158000, 1000]
Sender: 2.279917
Receiver: 2.280895
[1160000, 1000]
[1160000, 1000]
Sender: 2.218721
Receiver: 2.211112
[1162000, 1000]
[1162000, 1000]
Sender: 3.940280
Receiver: 3.940750
[1164000, 1000]
[1164000, 1000]
Sender: 3.650817
Receiver: 3.651894
[1166000, 1000]
[1166000, 1000]
Sender: 4.148061
Receiver: 4.148544
[1168000, 1000]
[1168000, 1000]
Sender: 2.327719
Receiver: 2.325996
[1170000, 1000]
[1170000, 1000]
Sender: 3.429583
Receiver: 3.427239
[1172000, 1000]
[1172000, 1000]
Sender: 3.319139
Receiver: 3.318720
[1174000, 1000]
[1174000, 1000]
Sender: 3.724486
Receiver: 3.728841
[1176000, 1000]
[1176000, 1000]
Sender: 3.883326
Receiver: 3.883743
[1178000, 1000]
[1178000, 1000]
Sender: 4.111580
Receiver: 4.111994
[1180000, 1000]
[1180000, 1000]
Sender: 2.267031
Receiver: 2.267825
[1182000, 1000]
[1182000, 1000]
Sender: 2.211271
Receiver: 2.210806
[1184000, 1000]
[1184000, 1000]
Sender: 4.545146
Receiver: 4.553858
[1186000, 1000]
[1186000, 1000]
Receiver: 2.195226
Sender: 2.194939
[1188000, 1000]
[1188000, 1000]
Sender: 3.345165
Receiver: 3.345607
[1190000, 1000]
[1190000, 1000]
Sender: 2.378739
Receiver: 2.378966
[1192000, 1000]
[1192000, 1000]
Sender: 3.035560
Receiver: 3.034137
[1194000, 1000]
[1194000, 1000]
Sender: 2.632591
Receiver: 2.627844
[1196000, 1000]
[1196000, 1000]
Sender: 2.282918
Receiver: 2.283210
[1198000, 1000]
[1198000, 1000]
Sender: 3.513229
Receiver: 3.525311
[1200000, 1000]
[1200000, 1000]
Sender: 4.261891
Receiver: 4.262946
[1202000, 1000]
[1202000, 1000]
Sender: 2.563282
Receiver: 2.563747
[1204000, 1000]
[1204000, 1000]
Sender: 3.491631
Receiver: 3.496087
[1206000, 1000]
[1206000, 1000]
Sender: 2.244546
Receiver: 2.238132
[1208000, 1000]
[1208000, 1000]
Sender: 4.001573
Receiver: 4.001141
[1210000, 1000]
[1210000, 1000]
Sender: 3.760409
Receiver: 3.757985
[1212000, 1000]
[1212000, 1000]
Sender: 3.362405
Receiver: 3.362766
[1214000, 1000]
[1214000, 1000]
Sender: 4.216236
Receiver: 4.216921
[1216000, 1000]
[1216000, 1000]
Sender: 3.168977
Receiver: 3.174957
[1218000, 1000]
[1218000, 1000]
Sender: 4.352535
Receiver: 4.352999
[1220000, 1000]
[1220000, 1000]
Sender: 4.213325
Receiver: 4.213585
[1222000, 1000]
[1222000, 1000]
Sender: 2.692134
Receiver: 2.693149
[1224000, 1000]
[1224000, 1000]
Sender: 3.572377
Receiver: 3.572622
[1226000, 1000]
[1226000, 1000]
Sender: 3.362594
Receiver: 3.359453
[1228000, 1000]
[1228000, 1000]
Sender: 3.255529
Receiver: 3.255782
[1230000, 1000]
[1230000, 1000]
Sender: 3.262385
Receiver: 3.262580
[1232000, 1000]
[1232000, 1000]
Sender: 3.117765
Receiver: 3.115254
[1234000, 1000]
[1234000, 1000]
Sender: 4.796359
Receiver: 4.796767
[1236000, 1000]
[1236000, 1000]
Sender: 4.202138
Receiver: 4.202893
[1238000, 1000]
[1238000, 1000]
Sender: 2.283514
Receiver: 2.283742
[1240000, 1000]
[1240000, 1000]
Sender: 2.325332
Receiver: 2.326182
[1242000, 1000]
[1242000, 1000]
Sender: 3.280617
Receiver: 3.277709
[1244000, 1000]
[1244000, 1000]
Sender: 3.330916
Receiver: 3.329014
[1246000, 1000]
[1246000, 1000]
Sender: 3.345113
Receiver: 3.344576
[1248000, 1000]
[1248000, 1000]
Sender: 2.312493
Receiver: 2.306942
[1250000, 1000]
[1250000, 1000]
Sender: 3.304564
Receiver: 3.296923
[1252000, 1000]
[1252000, 1000]
Sender: 2.368146
Receiver: 2.363851
[1254000, 1000]
[1254000, 1000]
Sender: 3.267136
Receiver: 3.268068
[1256000, 1000]
[1256000, 1000]
Sender: 5.332188
Receiver: 5.332537
[1258000, 1000]
[1258000, 1000]
Sender: 3.597198
Receiver: 3.597462
[1260000, 1000]
[1260000, 1000]
Sender: 3.883692
Receiver: 3.888584
[1262000, 1000]
[1262000, 1000]
Sender: 2.561927
Receiver: 2.561387
[1264000, 1000]
[1264000, 1000]
Sender: 2.316411
Receiver: 2.314215
[1266000, 1000]
[1266000, 1000]
Sender: 2.370202
Receiver: 2.371102
[1268000, 1000]
[1268000, 1000]
Sender: 2.318477
Receiver: 2.319399
[1270000, 1000]
[1270000, 1000]
Sender: 3.710572
Receiver: 3.724885
[1272000, 1000]
[1272000, 1000]
Sender: 4.150218
Receiver: 4.149665
[1274000, 1000]
[1274000, 1000]
Sender: 4.424334
Receiver: 4.423785
[1276000, 1000]
[1276000, 1000]
Sender: 4.151017
Receiver: 4.151202
[1278000, 1000]
[1278000, 1000]
Sender: 3.487179
Receiver: 3.484543
[1280000, 1000]
[1280000, 1000]
Sender: 5.064819
Receiver: 5.064867
[1282000, 1000]
[1282000, 1000]
Sender: 3.118970
Receiver: 3.119113
[1284000, 1000]
[1284000, 1000]
Sender: 3.488433
Receiver: 3.488805
[1286000, 1000]
[1286000, 1000]
Receiver: 4.786626
Sender: 4.790934
[1288000, 1000]
[1288000, 1000]
Sender: 2.445096
Receiver: 2.445284
[1290000, 1000]
[1290000, 1000]
Receiver: 3.660842
Sender: 3.660995
[1292000, 1000]
[1292000, 1000]
Receiver: 2.911285
Sender: 2.913214
[1294000, 1000]
[1294000, 1000]
Sender: 3.013320
Receiver: 3.010622
[1296000, 1000]
[1296000, 1000]
Sender: 4.801162
Receiver: 4.801788
[1298000, 1000]
[1298000, 1000]
Sender: 2.726448
Receiver: 2.727313
[1300000, 1000]
[1300000, 1000]
Sender: 5.204591
Receiver: 5.204240
[1302000, 1000]
[1302000, 1000]
Sender: 4.084907
Receiver: 4.085107
[1304000, 1000]
[1304000, 1000]
Receiver: 4.180852
Sender: 4.181621
[1306000, 1000]
[1306000, 1000]
Sender: 4.238281
Receiver: 4.239125
[1308000, 1000]
[1308000, 1000]
Sender: 3.866868
Receiver: 3.866679
[1310000, 1000]
[1310000, 1000]
Sender: 3.918841
Receiver: 3.919262
[1312000, 1000]
[1312000, 1000]
Sender: 3.522516
Receiver: 3.522763
[1314000, 1000]
[1314000, 1000]
Sender: 3.575583
Receiver: 3.575048
[1316000, 1000]
[1316000, 1000]
Sender: 5.030805
Receiver: 5.028434
[1318000, 1000]
[1318000, 1000]
Sender: 3.847720
Receiver: 3.851708
[1320000, 1000]
[1320000, 1000]
Sender: 3.667102
Receiver: 3.667474
[1322000, 1000]
[1322000, 1000]
Sender: 3.322562
Receiver: 3.322741
[1324000, 1000]
[1324000, 1000]
Sender: 5.550683
Receiver: 5.551390
[1326000, 1000]
[1326000, 1000]
Sender: 2.503740
Receiver: 2.522854
[1328000, 1000]
[1328000, 1000]
Receiver: 2.738286
Sender: 2.738795
[1330000, 1000]
[1330000, 1000]
Sender: 3.968875
Receiver: 3.969169
[1332000, 1000]
[1332000, 1000]
Sender: 3.966809
Receiver: 3.967063
[1334000, 1000]
[1334000, 1000]
Sender: 4.649253
Receiver: 4.649063
[1336000, 1000]
[1336000, 1000]
Sender: 3.842048
Receiver: 3.842586
[1338000, 1000]
[1338000, 1000]
Sender: 4.074255
Receiver: 4.073778
[1340000, 1000]
[1340000, 1000]
Sender: 3.899141
Receiver: 3.900054
[1342000, 1000]
[1342000, 1000]
Sender: 4.663935
Receiver: 4.662289
[1344000, 1000]
[1344000, 1000]
Receiver: 4.004772
Sender: 4.003240
[1346000, 1000]
[1346000, 1000]
Receiver: 4.700574
Sender: 4.703038
[1348000, 1000]
[1348000, 1000]
Sender: 4.913785
Receiver: 4.911403
[1350000, 1000]
[1350000, 1000]
Sender: 4.160440
Receiver: 4.160695
[1352000, 1000]
[1352000, 1000]
Sender: 5.031577
Receiver: 5.031074
[1354000, 1000]
[1354000, 1000]
Sender: 2.824971
Receiver: 2.834383
[1356000, 1000]
[1356000, 1000]
Sender: 2.763926
Receiver: 2.764087
[1358000, 1000]
[1358000, 1000]
Sender: 4.539847
Receiver: 4.538963
[1360000, 1000]
[1360000, 1000]
Sender: 3.829458
Receiver: 3.830377
[1362000, 1000]
[1362000, 1000]
Sender: 4.021137
Receiver: 4.021484
[1364000, 1000]
[1364000, 1000]
Sender: 3.809005
Receiver: 3.809167
[1366000, 1000]
[1366000, 1000]
Sender: 4.006238
Receiver: 4.006560
[1368000, 1000]
[1368000, 1000]
Sender: 4.067724
Receiver: 4.068047
[1370000, 1000]
[1370000, 1000]
Sender: 2.457963
Receiver: 2.457685
[1372000, 1000]
[1372000, 1000]
Sender: 4.527725
Receiver: 4.526791
[1374000, 1000]
[1374000, 1000]
Sender: 3.920423
Receiver: 3.920904
[1376000, 1000]
[1376000, 1000]
Sender: 3.883065
Receiver: 3.883496
[1378000, 1000]
[1378000, 1000]
Sender: 4.794495
Receiver: 4.795213
[1380000, 1000]
[1380000, 1000]
Sender: 3.924743
Receiver: 3.925703
[1382000, 1000]
[1382000, 1000]
Sender: 3.878930
Receiver: 3.878565
[1384000, 1000]
[1384000, 1000]
Sender: 3.972407
Receiver: 3.971887
[1386000, 1000]
[1386000, 1000]
Sender: 3.975559
Receiver: 3.975960
[1388000, 1000]
[1388000, 1000]
Sender: 2.480018
Receiver: 2.480398
[1390000, 1000]
[1390000, 1000]
Sender: 4.029266
Receiver: 4.029713
[1392000, 1000]
[1392000, 1000]
Sender: 3.801712
Receiver: 3.802175
[1394000, 1000]
[1394000, 1000]
Sender: 4.030209
Receiver: 4.030474
[1396000, 1000]
[1396000, 1000]
Sender: 5.246574
Receiver: 5.244312
[1398000, 1000]
[1398000, 1000]
Sender: 5.163001
Receiver: 5.163453
[1400000, 1000]
[1400000, 1000]
Sender: 3.913936
Receiver: 3.914576
[1402000, 1000]
[1402000, 1000]
Sender: 2.487411
Receiver: 2.487042
[1404000, 1000]
[1404000, 1000]
Sender: 4.978775
Receiver: 4.972363
[1406000, 1000]
[1406000, 1000]
Sender: 5.348216
Receiver: 5.348663
[1408000, 1000]
[1408000, 1000]
Sender: 3.895568
Receiver: 3.895193
[1410000, 1000]
[1410000, 1000]
Sender: 4.072943
Receiver: 4.074015
[1412000, 1000]
[1412000, 1000]
Sender: 4.101790
Receiver: 4.102274
[1414000, 1000]
[1414000, 1000]
Sender: 4.634849
Receiver: 4.651093
[1416000, 1000]
[1416000, 1000]
Sender: 4.363891
Receiver: 4.364382
[1418000, 1000]
[1418000, 1000]
Sender: 4.062998
Receiver: 4.064192
[1420000, 1000]
[1420000, 1000]
Sender: 5.143130
Receiver: 5.137923
[1422000, 1000]
[1422000, 1000]
Sender: 3.968338
Receiver: 3.969531
[1424000, 1000]
[1424000, 1000]
Sender: 4.147747
Receiver: 4.148938
[1426000, 1000]
[1426000, 1000]
Sender: 4.843949
Receiver: 4.844508
[1428000, 1000]
[1428000, 1000]
Sender: 4.236988
Receiver: 4.238024
[1430000, 1000]
[1430000, 1000]
Sender: 4.901668
Receiver: 4.917966
[1432000, 1000]
[1432000, 1000]
Sender: 2.862359
Receiver: 2.860680
[1434000, 1000]
[1434000, 1000]
Sender: 4.084898
Receiver: 4.085344
[1436000, 1000]
[1436000, 1000]
Sender: 9.862922
Receiver: 9.863504
[1438000, 1000]
[1438000, 1000]
Sender: 2.588440
Receiver: 2.589001
[1440000, 1000]
[1440000, 1000]
Sender: 3.860260
Receiver: 3.870142
[1442000, 1000]
[1442000, 1000]
Sender: 4.531518
Receiver: 4.532998
[1444000, 1000]
[1444000, 1000]
Sender: 2.983087
Receiver: 2.983105
[1446000, 1000]
[1446000, 1000]
Sender: 5.199168
Receiver: 5.199755
[1448000, 1000]
[1448000, 1000]
Sender: 8.549889
Receiver: 8.550444
[1450000, 1000]
[1450000, 1000]
Sender: 3.483493
Receiver: 3.492925
[1452000, 1000]
[1452000, 1000]
Sender: 3.929086
Receiver: 3.928844
[1454000, 1000]
[1454000, 1000]
Sender: 4.450754
Receiver: 4.441112
[1456000, 1000]
[1456000, 1000]
Sender: 2.696270
Receiver: 2.697397
[1458000, 1000]
[1458000, 1000]
Sender: 5.182870
Receiver: 5.183457
[1460000, 1000]
[1460000, 1000]
Sender: 4.218485
Receiver: 4.218937
[1462000, 1000]
[1462000, 1000]
Sender: 3.664495
Receiver: 3.664897
[1464000, 1000]
[1464000, 1000]
Sender: 3.493489
Receiver: 3.494468
[1466000, 1000]
[1466000, 1000]
Sender: 3.121843
Receiver: 3.121547
[1468000, 1000]
[1468000, 1000]
Sender: 3.601962
Receiver: 3.596318
[1470000, 1000]
[1470000, 1000]
Sender: 3.219047
Receiver: 3.218517
[1472000, 1000]
[1472000, 1000]
Sender: 4.090955
Receiver: 4.091433
[1474000, 1000]
[1474000, 1000]
Sender: 2.474021
Receiver: 2.466457
[1476000, 1000]
[1476000, 1000]
Sender: 3.242622
Receiver: 3.230668
[1478000, 1000]
[1478000, 1000]
Sender: 3.320029
Receiver: 3.320398
[1480000, 1000]
[1480000, 1000]
Sender: 3.415477
Receiver: 3.403963
[1482000, 1000]
[1482000, 1000]
Sender: 3.190814
Receiver: 3.191221
[1484000, 1000]
[1484000, 1000]
Sender: 3.339811
Receiver: 3.336927
[1486000, 1000]
[1486000, 1000]
Sender: 4.009022
Receiver: 4.010121
[1488000, 1000]
[1488000, 1000]
Sender: 6.542505
Receiver: 6.539653
[1490000, 1000]
[1490000, 1000]
Sender: 3.931104
Receiver: 3.932078
[1492000, 1000]
[1492000, 1000]
Sender: 4.105704
Receiver: 4.106675
[1494000, 1000]
[1494000, 1000]
Sender: 5.434554
Receiver: 5.435119
[1496000, 1000]
[1496000, 1000]
Sender: 3.326445
Receiver: 3.345973
[1498000, 1000]
[1498000, 1000]
Sender: 4.103992
Receiver: 4.104450
[1500000, 1000]
[1500000, 1000]
Sender: 3.957713
Receiver: 3.957358
[1502000, 1000]
[1502000, 1000]
Sender: 4.069901
Receiver: 4.070280
[1504000, 1000]
[1504000, 1000]
Sender: 3.076570
Receiver: 3.074833
[1506000, 1000]
[1506000, 1000]
Sender: 2.802196
Receiver: 2.796872
[1508000, 1000]
[1508000, 1000]
Sender: 3.206901
Receiver: 3.202589
[1510000, 1000]
[1510000, 1000]
Sender: 5.080919
Receiver: 5.082000
[1512000, 1000]
[1512000, 1000]
Sender: 4.003017
Receiver: 4.002640
[1514000, 1000]
[1514000, 1000]
Sender: 5.372375
Receiver: 5.372646
[1516000, 1000]
[1516000, 1000]
Sender: 4.087121
Receiver: 4.087483
[1518000, 1000]
[1518000, 1000]
Sender: 3.819237
Receiver: 3.838746
[1520000, 1000]
[1520000, 1000]
Sender: 3.987750
Receiver: 4.001077
[1522000, 1000]
[1522000, 1000]
Sender: 4.278025
Receiver: 4.278540
[1524000, 1000]
[1524000, 1000]
Sender: 5.010918
Receiver: 5.008715
[1526000, 1000]
[1526000, 1000]
Sender: 3.511764
Receiver: 3.534741
[1528000, 1000]
[1528000, 1000]
Sender: 4.165821
Receiver: 4.166095
[1530000, 1000]
[1530000, 1000]
Sender: 4.281122
Receiver: 4.280851
[1532000, 1000]
[1532000, 1000]
Sender: 4.674024
Receiver: 4.673667
[1534000, 1000]
[1534000, 1000]
Sender: 3.917339
Receiver: 3.917661
[1536000, 1000]
[1536000, 1000]
Sender: 4.242308
Receiver: 4.241972
[1538000, 1000]
[1538000, 1000]
Sender: 5.816953
Receiver: 5.817289
[1540000, 1000]
[1540000, 1000]
Sender: 5.485724
Receiver: 5.486190
[1542000, 1000]
[1542000, 1000]
Sender: 3.950400
Receiver: 3.950123
[1544000, 1000]
[1544000, 1000]
Sender: 5.336557
Receiver: 5.337692
[1546000, 1000]
[1546000, 1000]
Sender: 4.086937
Receiver: 4.087965
[1548000, 1000]
[1548000, 1000]
Sender: 4.192646
Receiver: 4.192213
[1550000, 1000]
[1550000, 1000]
Sender: 2.712654
Receiver: 2.709967
[1552000, 1000]
[1552000, 1000]
Sender: 3.370688
Receiver: 3.370493
[1554000, 1000]
[1554000, 1000]
Sender: 3.359549
Receiver: 3.359924
[1556000, 1000]
[1556000, 1000]
Sender: 3.441878
Receiver: 3.430356
[1558000, 1000]
[1558000, 1000]
Sender: 4.839766
Receiver: 4.840192
[1560000, 1000]
[1560000, 1000]
Sender: 4.134566
Receiver: 4.135696
[1562000, 1000]
[1562000, 1000]
Sender: 5.608629
Receiver: 5.609772
[1564000, 1000]
[1564000, 1000]
Sender: 4.498517
Receiver: 4.499612
[1566000, 1000]
[1566000, 1000]
Sender: 7.057288
Receiver: 7.057726
[1568000, 1000]
[1568000, 1000]
Sender: 4.539582
Receiver: 4.537335
[1570000, 1000]
[1570000, 1000]
Sender: 5.839112
Receiver: 5.851099
[1572000, 1000]
[1572000, 1000]
Sender: 4.420644
Receiver: 4.420400
[1574000, 1000]
[1574000, 1000]
Sender: 6.752298
Receiver: 6.752535
[1576000, 1000]
[1576000, 1000]
Sender: 2.433326
Receiver: 2.442777
[1578000, 1000]
[1578000, 1000]
Receiver: 3.475340
Sender: 3.483083
[1580000, 1000]
[1580000, 1000]
Sender: 3.109293
Receiver: 3.102675
[1582000, 1000]
[1582000, 1000]
Receiver: 3.390566
Sender: 3.392237
[1584000, 1000]
[1584000, 1000]
Receiver: 3.245335
Sender: 3.248274
[1586000, 1000]
[1586000, 1000]
Sender: 4.188522
Receiver: 4.188757
[1588000, 1000]
[1588000, 1000]
Sender: 4.203277
Receiver: 4.204524
[1590000, 1000]
[1590000, 1000]
Sender: 6.586732
Receiver: 6.587913
[1592000, 1000]
[1592000, 1000]
Sender: 7.473540
Receiver: 7.473491
[1594000, 1000]
[1594000, 1000]
Sender: 4.206341
Receiver: 4.206055
[1596000, 1000]
[1596000, 1000]
Sender: 5.035484
Receiver: 5.035853
[1598000, 1000]
[1598000, 1000]
Sender: 4.488617
Receiver: 4.486425
[1600000, 1000]
[1600000, 1000]
Receiver: 4.969071
Sender: 4.968512
[1602000, 1000]
[1602000, 1000]
Receiver: 4.594039
Sender: 4.593293
[1604000, 1000]
[1604000, 1000]
Receiver: 3.785807
Sender: 3.784946
[1606000, 1000]
[1606000, 1000]
Sender: 3.062988
Receiver: 3.063106
[1608000, 1000]
[1608000, 1000]
Sender: 4.442075
Receiver: 4.434564
[1610000, 1000]
[1610000, 1000]
Sender: 5.634679
Receiver: 5.636065
[1612000, 1000]
[1612000, 1000]
Sender: 4.969419
Receiver: 4.984059
[1614000, 1000]
[1614000, 1000]
Sender: 4.141472
Receiver: 4.141142
[1616000, 1000]
[1616000, 1000]
Receiver: 3.838905
Sender: 3.839642
[1618000, 1000]
[1618000, 1000]
Receiver: 4.466594
Sender: 4.465625
[1620000, 1000]
[1620000, 1000]
Sender: 5.332402
Receiver: 5.328204
[1622000, 1000]
[1622000, 1000]
Sender: 5.399602
Receiver: 5.400337
[1624000, 1000]
[1624000, 1000]
Sender: 5.496353
Receiver: 5.496389
[1626000, 1000]
[1626000, 1000]
Sender: 6.909389
Receiver: 6.909642
[1628000, 1000]
[1628000, 1000]
Sender: 4.006671
Receiver: 4.007254
[1630000, 1000]
[1630000, 1000]
Sender: 4.369639
Receiver: 4.388048
[1632000, 1000]
[1632000, 1000]
Sender: 5.202799
Receiver: 5.203676
[1634000, 1000]
[1634000, 1000]
Sender: 2.503793
Receiver: 2.504273
[1636000, 1000]
[1636000, 1000]
Sender: 6.524427
Receiver: 6.525373
[1638000, 1000]
[1638000, 1000]
Sender: 3.935653
Receiver: 3.936510
[1640000, 1000]
[1640000, 1000]
Sender: 4.035156
Receiver: 4.035632
[1642000, 1000]
[1642000, 1000]
Sender: 2.405273
Receiver: 2.406269
[1644000, 1000]
[1644000, 1000]
Sender: 2.482809
Receiver: 2.482804
[1646000, 1000]
[1646000, 1000]
Sender: 4.403983
Receiver: 4.430001
[1648000, 1000]
[1648000, 1000]
Sender: 6.561307
Receiver: 6.562487
[1650000, 1000]
[1650000, 1000]
Sender: 5.445078
Receiver: 5.446050
[1652000, 1000]
[1652000, 1000]
Sender: 2.440068
Receiver: 2.441485
[1654000, 1000]
[1654000, 1000]
Receiver: 6.698305
Sender: 6.700192
[1656000, 1000]
[1656000, 1000]
Sender: 5.727036
Receiver: 5.727532
[1658000, 1000]
[1658000, 1000]
Sender: 4.430530
Receiver: 4.431078
[1660000, 1000]
[1660000, 1000]
Receiver: 4.126606
Sender: 4.126195
[1662000, 1000]
[1662000, 1000]
Sender: 6.809336
Receiver: 6.808989
[1664000, 1000]
[1664000, 1000]
Sender: 3.795612
Receiver: 3.796394
[1666000, 1000]
[1666000, 1000]
Sender: 6.799550
Receiver: 6.797435
[1668000, 1000]
[1668000, 1000]
Receiver: 4.151583
Sender: 4.150789
[1670000, 1000]
[1670000, 1000]
Receiver: 6.360281
Sender: 6.367560
[1672000, 1000]
[1672000, 1000]
Sender: 3.903717
Receiver: 3.903782
[1674000, 1000]
[1674000, 1000]
Sender: 4.353361
Receiver: 4.349746
[1676000, 1000]
[1676000, 1000]
Receiver: 3.138964
Sender: 3.138079
[1678000, 1000]
[1678000, 1000]
Sender: 2.779196
Receiver: 2.779621
[1680000, 1000]
[1680000, 1000]
Sender: 6.917998
Receiver: 6.926819
[1682000, 1000]
[1682000, 1000]
Receiver: 5.313534
Sender: 5.313007
[1684000, 1000]
[1684000, 1000]
Sender: 3.534731
Receiver: 3.531048
[1686000, 1000]
[1686000, 1000]
Sender: 3.336744
Receiver: 3.334370
[1688000, 1000]
[1688000, 1000]
Sender: 3.204701
Receiver: 3.205930
[1690000, 1000]
[1690000, 1000]
Receiver: 6.921884
Sender: 6.920870
[1692000, 1000]
[1692000, 1000]
Receiver: 4.096831
Sender: 4.097309
[1694000, 1000]
[1694000, 1000]
Sender: 3.359725
Receiver: 3.360802
[1696000, 1000]
[1696000, 1000]
Sender: 2.709684
Receiver: 2.709904
[1698000, 1000]
[1698000, 1000]
Sender: 3.239426
Receiver: 3.234054
[1700000, 1000]
[1700000, 1000]
Sender: 4.941958
Receiver: 4.934699
[1702000, 1000]
[1702000, 1000]
Sender: 3.903417
Receiver: 3.904913
[1704000, 1000]
[1704000, 1000]
Sender: 6.005988
Receiver: 6.009104
[1706000, 1000]
[1706000, 1000]
Sender: 2.713593
Receiver: 2.714164
[1708000, 1000]
[1708000, 1000]
Sender: 6.250241
Receiver: 6.251393
[1710000, 1000]
[1710000, 1000]
Sender: 2.749964
Receiver: 2.751000
[1712000, 1000]
[1712000, 1000]
Sender: 4.663090
Receiver: 4.659075
[1714000, 1000]
[1714000, 1000]
Sender: 6.094125
Receiver: 6.093172
[1716000, 1000]
[1716000, 1000]
Sender: 3.812423
Receiver: 3.813604
[1718000, 1000]
[1718000, 1000]
Sender: 4.660571
Receiver: 4.659160
[1720000, 1000]
[1720000, 1000]
Receiver: 3.765369
Sender: 3.769416
[1722000, 1000]
[1722000, 1000]
Sender: 5.667344
Receiver: 5.668174
[1724000, 1000]
[1724000, 1000]
Sender: 4.477557
Receiver: 4.477987
[1726000, 1000]
[1726000, 1000]
Sender: 2.372405
Receiver: 2.366206
[1728000, 1000]
[1728000, 1000]
Sender: 3.431251
Receiver: 3.431265
[1730000, 1000]
[1730000, 1000]
Receiver: 4.026984
Sender: 4.025576
[1732000, 1000]
[1732000, 1000]
Sender: 3.513667
Receiver: 3.539786
[1734000, 1000]
[1734000, 1000]
Sender: 3.750805
Receiver: 3.750444
[1736000, 1000]
[1736000, 1000]
Sender: 3.747103
Receiver: 3.745493
[1738000, 1000]
[1738000, 1000]
Sender: 2.975826
Receiver: 2.976272
[1740000, 1000]
[1740000, 1000]
Receiver: 3.970343
Sender: 3.969301
[1742000, 1000]
[1742000, 1000]
Sender: 4.432079
Receiver: 4.432040
[1744000, 1000]
[1744000, 1000]
Sender: 2.685827
Receiver: 2.685316
[1746000, 1000]
[1746000, 1000]
Sender: 3.851975
Receiver: 3.840472
[1748000, 1000]
[1748000, 1000]
Sender: 4.793027
Receiver: 4.792025
[1750000, 1000]
[1750000, 1000]
Sender: 4.327557
Receiver: 4.327998
[1752000, 1000]
[1752000, 1000]
Sender: 3.124522
Receiver: 3.124297
[1754000, 1000]
[1754000, 1000]
Sender: 7.147612
Receiver: 7.142612
[1756000, 1000]
[1756000, 1000]
Sender: 4.237272
Receiver: 4.238366
[1758000, 1000]
[1758000, 1000]
Sender: 4.280937
Receiver: 4.280330
[1760000, 1000]
[1760000, 1000]
Sender: 4.285954
Receiver: 4.286479
[1762000, 1000]
[1762000, 1000]
Sender: 2.552709
Receiver: 2.553584
[1764000, 1000]
[1764000, 1000]
Sender: 2.673038
Receiver: 2.664076
[1766000, 1000]
[1766000, 1000]
Sender: 3.162861
Receiver: 3.163407
[1768000, 1000]
[1768000, 1000]
Sender: 3.423559
Receiver: 3.424668
[1770000, 1000]
[1770000, 1000]
Sender: 3.255699
Receiver: 3.254171
[1772000, 1000]
[1772000, 1000]
Sender: 3.105486
Receiver: 3.098572
[1774000, 1000]
[1774000, 1000]
Sender: 4.617866
Receiver: 4.620977
[1776000, 1000]
[1776000, 1000]
Receiver: 3.889233
Sender: 3.888605
[1778000, 1000]
[1778000, 1000]
Sender: 3.079671
Receiver: 3.074359
[1780000, 1000]
[1780000, 1000]
Sender: 2.701324
Receiver: 2.701802
[1782000, 1000]
[1782000, 1000]
Sender: 4.130397
Receiver: 4.130188
[1784000, 1000]
[1784000, 1000]
Sender: 2.377773
Receiver: 2.375598
[1786000, 1000]
[1786000, 1000]
Receiver: 5.313194
Sender: 5.312657
[1788000, 1000]
[1788000, 1000]
Sender: 3.235014
Receiver: 3.234871
[1790000, 1000]
[1790000, 1000]
Sender: 4.744618
Receiver: 4.744165
[1792000, 1000]
[1792000, 1000]
Sender: 4.470500
Receiver: 4.470947
[1794000, 1000]
[1794000, 1000]
Sender: 5.108431
Receiver: 5.108910
[1796000, 1000]
[1796000, 1000]
Sender: 3.908977
Receiver: 3.908949
[1798000, 1000]
[1798000, 1000]
Sender: 3.437614
Receiver: 3.433933
[1800000, 1000]
[1800000, 1000]
Receiver: 5.142437
Sender: 5.142397
[1802000, 1000]
[1802000, 1000]
Sender: 5.056381
Receiver: 5.056553
[1804000, 1000]
[1804000, 1000]
Sender: 4.379972
Receiver: 4.380189
[1806000, 1000]
[1806000, 1000]
Sender: 4.211784
Receiver: 4.211389
[1808000, 1000]
[1808000, 1000]
Sender: 4.004639
Receiver: 4.004603
[1810000, 1000]
[1810000, 1000]
Sender: 4.658162
Receiver: 4.659177
[1812000, 1000]
[1812000, 1000]
Sender: 4.817269
Receiver: 4.817562
[1814000, 1000]
[1814000, 1000]
Sender: 3.977287
Receiver: 3.977371
[1816000, 1000]
[1816000, 1000]
Sender: 4.821417
Receiver: 4.820712
[1818000, 1000]
[1818000, 1000]
Sender: 5.379829
Receiver: 5.380010
[1820000, 1000]
[1820000, 1000]
Sender: 5.540902
Receiver: 5.541173
[1822000, 1000]
[1822000, 1000]
Sender: 4.922225
Receiver: 4.913298
[1824000, 1000]
[1824000, 1000]
Sender: 4.329734
Receiver: 4.330291
[1826000, 1000]
[1826000, 1000]
Sender: 6.975503
Receiver: 6.978100
[1828000, 1000]
[1828000, 1000]
Sender: 3.668498
Receiver: 3.666232
[1830000, 1000]
[1830000, 1000]
Sender: 3.005511
Receiver: 3.005881
[1832000, 1000]
[1832000, 1000]
Sender: 3.908249
Receiver: 3.908507
[1834000, 1000]
[1834000, 1000]
Sender: 4.843244
Receiver: 4.841378
[1836000, 1000]
[1836000, 1000]
Sender: 4.711575
Receiver: 4.712268
[1838000, 1000]
[1838000, 1000]
Sender: 4.496691
Receiver: 4.496371
[1840000, 1000]
[1840000, 1000]
Sender: 4.193165
Receiver: 4.193510
[1842000, 1000]
[1842000, 1000]
Sender: 3.967073
Receiver: 3.965681
[1844000, 1000]
[1844000, 1000]
Sender: 3.289783
Receiver: 3.286930
[1846000, 1000]
[1846000, 1000]
Sender: 4.073234
Receiver: 4.067127
[1848000, 1000]
[1848000, 1000]
Sender: 2.455860
Receiver: 2.455427
[1850000, 1000]
[1850000, 1000]
Receiver: 3.976422
Sender: 3.980058
[1852000, 1000]
[1852000, 1000]
Sender: 3.801511
Receiver: 3.801748
[1854000, 1000]
[1854000, 1000]
Sender: 4.555107
Receiver: 4.554907
[1856000, 1000]
[1856000, 1000]
Sender: 8.061350
Receiver: 8.068105
[1858000, 1000]
[1858000, 1000]
Sender: 4.270012
Receiver: 4.269467
[1860000, 1000]
[1860000, 1000]
Sender: 6.707974
Receiver: 6.708237
[1862000, 1000]
[1862000, 1000]
Sender: 4.467402
Receiver: 4.468390
[1864000, 1000]
[1864000, 1000]
Sender: 2.615469
Receiver: 2.613996
[1866000, 1000]
[1866000, 1000]
Sender: 3.324351
Receiver: 3.314816
[1868000, 1000]
[1868000, 1000]
Sender: 3.329349
Receiver: 3.332486
[1870000, 1000]
[1870000, 1000]
Sender: 3.373869
Receiver: 3.372818
[1872000, 1000]
[1872000, 1000]
Sender: 3.053740
Receiver: 3.052719
[1874000, 1000]
[1874000, 1000]
Receiver: 3.347201
Sender: 3.349450
[1876000, 1000]
[1876000, 1000]
Sender: 4.745881
Receiver: 4.737698
[1878000, 1000]
[1878000, 1000]
Sender: 3.879255
Receiver: 3.879516
[1880000, 1000]
[1880000, 1000]
Sender: 3.307580
Receiver: 3.307912
[1882000, 1000]
[1882000, 1000]
Sender: 3.306041
Receiver: 3.302545
[1884000, 1000]
[1884000, 1000]
Sender: 3.583736
Receiver: 3.575096
[1886000, 1000]
[1886000, 1000]
Sender: 3.351004
Receiver: 3.349655
[1888000, 1000]
[1888000, 1000]
Sender: 3.948615
Receiver: 3.947035
[1890000, 1000]
[1890000, 1000]
Sender: 5.485024
Receiver: 5.484684
[1892000, 1000]
[1892000, 1000]
Receiver: 6.101091
Sender: 6.100849
[1894000, 1000]
[1894000, 1000]
Sender: 3.941420
Receiver: 3.941413
[1896000, 1000]
[1896000, 1000]
Sender: 3.730502
Receiver: 3.728304
[1898000, 1000]
[1898000, 1000]
Receiver: 5.426168
Sender: 5.428163
[1900000, 1000]
[1900000, 1000]
Sender: 6.181067
Receiver: 6.180954
[1902000, 1000]
[1902000, 1000]
Sender: 4.413619
Receiver: 4.412390
[1904000, 1000]
[1904000, 1000]
Sender: 4.120037
Receiver: 4.117766
[1906000, 1000]
[1906000, 1000]
Sender: 4.507596
Receiver: 4.507915
[1908000, 1000]
[1908000, 1000]
Receiver: 4.381787
Sender: 4.384254
[1910000, 1000]
[1910000, 1000]
Sender: 3.553672
Receiver: 3.552136
[1912000, 1000]
[1912000, 1000]
Sender: 3.312856
Receiver: 3.304850
[1914000, 1000]
[1914000, 1000]
Sender: 3.213450
Receiver: 3.213826
[1916000, 1000]
[1916000, 1000]
Sender: 3.527724
Receiver: 3.526737
[1918000, 1000]
[1918000, 1000]
Receiver: 4.712871
Sender: 4.711773
[1920000, 1000]
[1920000, 1000]
Sender: 3.955693
Receiver: 3.956141
[1922000, 1000]
[1922000, 1000]
Sender: 3.949139
Receiver: 3.947495
[1924000, 1000]
[1924000, 1000]
Sender: 3.468731
Receiver: 3.463429
[1926000, 1000]
[1926000, 1000]
Sender: 3.254814
Receiver: 3.247134
[1928000, 1000]
[1928000, 1000]
Sender: 5.062993
Receiver: 5.064719
[1930000, 1000]
[1930000, 1000]
Sender: 2.602558
Receiver: 2.603037
[1932000, 1000]
[1932000, 1000]
Sender: 4.037383
Receiver: 4.038549
[1934000, 1000]
[1934000, 1000]
Receiver: 2.751375
Sender: 2.751402
[1936000, 1000]
[1936000, 1000]
Sender: 3.294967
Receiver: 3.286883
[1938000, 1000]
[1938000, 1000]
Sender: 3.354220
Receiver: 3.349933
[1940000, 1000]
[1940000, 1000]
Sender: 3.321342
Receiver: 3.322326
[1942000, 1000]
[1942000, 1000]
Sender: 3.374352
Receiver: 3.371226
[1944000, 1000]
[1944000, 1000]
Receiver: 4.884934
Sender: 4.886479
[1946000, 1000]
[1946000, 1000]
Sender: 2.817090
Receiver: 2.815556
[1948000, 1000]
[1948000, 1000]
Sender: 3.954081
Receiver: 3.954719
[1950000, 1000]
[1950000, 1000]
Sender: 5.624606
Receiver: 5.622729
[1952000, 1000]
[1952000, 1000]
Sender: 4.844789
Receiver: 4.833211
[1954000, 1000]
[1954000, 1000]
Sender: 7.724782
Receiver: 7.726031
[1956000, 1000]
[1956000, 1000]
Sender: 2.402550
Receiver: 2.402921
[1958000, 1000]
[1958000, 1000]
Sender: 4.924737
Receiver: 4.925311
[1960000, 1000]
[1960000, 1000]
Sender: 4.052220
Receiver: 4.052487
[1962000, 1000]
[1962000, 1000]
Sender: 3.043849
Receiver: 3.034580
[1964000, 1000]
[1964000, 1000]
Sender: 4.502896
Receiver: 4.522847
[1966000, 1000]
[1966000, 1000]
Sender: 3.729180
Receiver: 3.728838
[1968000, 1000]
[1968000, 1000]
Sender: 3.912500
Receiver: 3.913523
[1970000, 1000]
[1970000, 1000]
Sender: 4.416187
Receiver: 4.412944
[1972000, 1000]
[1972000, 1000]
Receiver: 3.863487
Sender: 3.862446
[1974000, 1000]
[1974000, 1000]
Sender: 2.604286
Receiver: 2.604758
[1976000, 1000]
[1976000, 1000]
Sender: 3.403799
Receiver: 3.404278
[1978000, 1000]
[1978000, 1000]
Sender: 4.074878
Receiver: 4.074490
[1980000, 1000]
[1980000, 1000]
Sender: 2.818311
Receiver: 2.818687
[1982000, 1000]
[1982000, 1000]
Sender: 5.675454
Receiver: 5.671882
[1984000, 1000]
[1984000, 1000]
Sender: 4.319159
Receiver: 4.319412
[1986000, 1000]
[1986000, 1000]
Sender: 3.647308
Receiver: 3.647676
[1988000, 1000]
[1988000, 1000]
Sender: 5.512202
Receiver: 5.512573
[1990000, 1000]
[1990000, 1000]
Sender: 3.684583
Receiver: 3.685611
[1992000, 1000]
[1992000, 1000]
Sender: 4.749449
Receiver: 4.749913
[1994000, 1000]
[1994000, 1000]
Sender: 2.862927
Receiver: 2.863774
[1996000, 1000]
[1996000, 1000]
Receiver: 3.893798
Sender: 3.893410
[1998000, 1000]
[1998000, 1000]
Sender: 3.729451
Receiver: 3.729639
[2000000, 1000]
[2000000, 1000]
Sender: 3.405236
Receiver: 3.397485
