[2000, 1000]
[2000, 1000]
Sender: 0.101834
Receiver: 0.113028
[4000, 1000]
[4000, 1000]
Sender: 0.175627
Receiver: 0.188225
[6000, 1000]
[6000, 1000]
Sender: 0.014245
Receiver: 0.014802
[8000, 1000]
[8000, 1000]
Sender: 0.017696
Receiver: 0.018502
[10000, 1000]
[10000, 1000]
Sender: 0.029999
Receiver: 0.028465
[12000, 1000]
[12000, 1000]
Sender: 0.018037
Receiver: 0.018393
[14000, 1000]
[14000, 1000]
Sender: 0.017694
Receiver: 0.018986
[16000, 1000]
[16000, 1000]
Sender: 0.019220
Receiver: 0.020335
[18000, 1000]
[18000, 1000]
Sender: 0.021957
Receiver: 0.020414
[20000, 1000]
[20000, 1000]
Sender: 0.027382
Receiver: 0.028719
[22000, 1000]
[22000, 1000]
Sender: 0.025409
Receiver: 0.025755
[24000, 1000]
[24000, 1000]
Sender: 0.026328
Receiver: 0.024721
[26000, 1000]
[26000, 1000]
Sender: 0.042375
Receiver: 0.042423
[28000, 1000]
[28000, 1000]
Sender: 0.025737
Receiver: 0.026749
[30000, 1000]
[30000, 1000]
Sender: 0.039841
Receiver: 0.039561
[32000, 1000]
[32000, 1000]
Sender: 0.027998
Receiver: 0.027577
[34000, 1000]
[34000, 1000]
Sender: 0.062206
Receiver: 0.062898
[36000, 1000]
[36000, 1000]
Sender: 0.052171
Receiver: 0.051641
[38000, 1000]
[38000, 1000]
Sender: 0.033831
Receiver: 0.033556
[40000, 1000]
[40000, 1000]
Sender: 0.037199
Receiver: 0.038172
[42000, 1000]
[42000, 1000]
Sender: 0.064169
Receiver: 0.063936
[44000, 1000]
[44000, 1000]
Sender: 0.054184
Receiver: 0.053802
[46000, 1000]
[46000, 1000]
Sender: 0.036961
Receiver: 0.037040
[48000, 1000]
[48000, 1000]
Sender: 0.078361
Receiver: 0.078767
[50000, 1000]
[50000, 1000]
Receiver: 0.084211
Sender: 0.085224
[52000, 1000]
[52000, 1000]
Sender: 0.046064
Receiver: 0.046124
[54000, 1000]
[54000, 1000]
Sender: 0.044628
Receiver: 0.044298
[56000, 1000]
[56000, 1000]
Sender: 0.068726
Receiver: 0.069897
[58000, 1000]
[58000, 1000]
Sender: 0.105935
Receiver: 0.106271
[60000, 1000]
[60000, 1000]
Sender: 0.049334
Receiver: 0.048707
[62000, 1000]
[62000, 1000]
Sender: 0.073890
Receiver: 0.074237
[64000, 1000]
[64000, 1000]
Sender: 0.083810
Receiver: 0.084261
[66000, 1000]
[66000, 1000]
Sender: 0.052442
Receiver: 0.052840
[68000, 1000]
[68000, 1000]
Sender: 0.068478
Receiver: 0.068774
[70000, 1000]
[70000, 1000]
Sender: 0.342094
Receiver: 0.347225
[72000, 1000]
[72000, 1000]
Sender: 0.054658
Receiver: 0.054955
[74000, 1000]
[74000, 1000]
Sender: 0.070456
Receiver: 0.071479
[76000, 1000]
[76000, 1000]
Sender: 0.082429
Receiver: 0.081993
[78000, 1000]
[78000, 1000]
Sender: 0.188984
Receiver: 0.189223
[80000, 1000]
[80000, 1000]
Sender: 0.081175
Receiver: 0.081069
[82000, 1000]
[82000, 1000]
Sender: 0.089579
Receiver: 0.090051
[84000, 1000]
[84000, 1000]
Sender: 0.065132
Receiver: 0.063654
[86000, 1000]
[86000, 1000]
Sender: 0.063652
Receiver: 0.063887
[88000, 1000]
[88000, 1000]
Sender: 0.081033
Receiver: 0.081458
[90000, 1000]
[90000, 1000]
Sender: 0.067122
Receiver: 0.067621
[92000, 1000]
[92000, 1000]
Sender: 0.093408
Receiver: 0.093648
[94000, 1000]
[94000, 1000]
Sender: 0.076228
Receiver: 0.076831
[96000, 1000]
[96000, 1000]
Sender: 0.887279
Receiver: 0.886950
[98000, 1000]
[98000, 1000]
Sender: 0.076108
Receiver: 0.075564
[100000, 1000]
[100000, 1000]
Sender: 0.071983
Receiver: 0.071655
[102000, 1000]
[102000, 1000]
Sender: 0.074111
Receiver: 0.073757
[104000, 1000]
[104000, 1000]
Sender: 0.077298
Receiver: 0.077540
[106000, 1000]
[106000, 1000]
Sender: 0.083523
Receiver: 0.083700
[108000, 1000]
[108000, 1000]
Sender: 0.081381
Receiver: 0.082320
[110000, 1000]
[110000, 1000]
Sender: 0.103721
Receiver: 0.104756
[112000, 1000]
[112000, 1000]
Sender: 0.114359
Receiver: 0.114931
[114000, 1000]
[114000, 1000]
Sender: 0.134043
Receiver: 0.131705
[116000, 1000]
[116000, 1000]
Sender: 0.190484
Receiver: 0.191353
[118000, 1000]
[118000, 1000]
Sender: 0.088574
Receiver: 0.089276
[120000, 1000]
[120000, 1000]
Sender: 0.552296
Receiver: 0.552664
[122000, 1000]
[122000, 1000]
Sender: 0.117617
Receiver: 0.117275
[124000, 1000]
[124000, 1000]
Sender: 0.116706
Receiver: 0.117096
[126000, 1000]
[126000, 1000]
Sender: 0.692871
Receiver: 0.693476
[128000, 1000]
[128000, 1000]
Sender: 0.118077
Receiver: 0.117629
[130000, 1000]
[130000, 1000]
Sender: 0.116771
Receiver: 0.117004
[132000, 1000]
[132000, 1000]
Sender: 1.147085
Receiver: 1.147965
[134000, 1000]
[134000, 1000]
Sender: 0.199809
Receiver: 0.199982
[136000, 1000]
[136000, 1000]
Sender: 0.672683
Receiver: 0.670196
[138000, 1000]
[138000, 1000]
Sender: 1.177938
Receiver: 1.178063
[140000, 1000]
[140000, 1000]
Sender: 0.226443
Receiver: 0.227731
[142000, 1000]
[142000, 1000]
Sender: 0.811700
Receiver: 0.810194
[144000, 1000]
[144000, 1000]
Sender: 0.306354
Receiver: 0.307681
[146000, 1000]
[146000, 1000]
Sender: 0.629566
Receiver: 0.629794
[148000, 1000]
[148000, 1000]
Sender: 0.431015
Receiver: 0.430481
[150000, 1000]
[150000, 1000]
Sender: 0.486755
Receiver: 0.486908
[152000, 1000]
[152000, 1000]
Sender: 0.223270
Receiver: 0.223530
[154000, 1000]
[154000, 1000]
Sender: 0.602935
Receiver: 0.603719
[156000, 1000]
[156000, 1000]
Sender: 0.243913
Receiver: 0.241565
[158000, 1000]
[158000, 1000]
Sender: 0.971971
Receiver: 0.972074
[160000, 1000]
[160000, 1000]
Sender: 0.943534
Receiver: 0.951502
[162000, 1000]
[162000, 1000]
Sender: 0.236598
Receiver: 0.237394
[164000, 1000]
[164000, 1000]
Sender: 1.713299
Receiver: 1.711638
[166000, 1000]
[166000, 1000]
Sender: 0.243981
Receiver: 0.244002
[168000, 1000]
[168000, 1000]
Sender: 0.425520
Receiver: 0.425817
[170000, 1000]
[170000, 1000]
Sender: 0.358121
Receiver: 0.353260
[172000, 1000]
[172000, 1000]
Sender: 0.694516
Receiver: 0.692685
[174000, 1000]
[174000, 1000]
Sender: 0.564210
Receiver: 0.568196
[176000, 1000]
[176000, 1000]
Sender: 0.224784
Receiver: 0.224904
[178000, 1000]
[178000, 1000]
Sender: 1.334157
Receiver: 1.334424
[180000, 1000]
[180000, 1000]
Sender: 0.399168
Receiver: 0.400325
[182000, 1000]
[182000, 1000]
Receiver: 0.410964
Sender: 0.411355
[184000, 1000]
[184000, 1000]
Sender: 0.786156
Receiver: 0.783668
[186000, 1000]
[186000, 1000]
Sender: 1.464689
Receiver: 1.462353
[188000, 1000]
[188000, 1000]
Sender: 1.244292
Receiver: 1.244480
[190000, 1000]
[190000, 1000]
Sender: 0.264289
Receiver: 0.264835
[192000, 1000]
[192000, 1000]
Sender: 0.222593
Receiver: 0.221734
[194000, 1000]
[194000, 1000]
Sender: 0.287155
Receiver: 0.286640
[196000, 1000]
[196000, 1000]
Sender: 0.219810
Receiver: 0.219969
[198000, 1000]
[198000, 1000]
Sender: 0.229362
Receiver: 0.226959
[200000, 1000]
[200000, 1000]
Sender: 0.221351
Receiver: 0.222076
[202000, 1000]
[202000, 1000]
Sender: 1.132391
Receiver: 1.132596
[204000, 1000]
[204000, 1000]
Sender: 0.967707
Receiver: 0.967849
[206000, 1000]
[206000, 1000]
Sender: 0.231785
Receiver: 0.231100
[208000, 1000]
[208000, 1000]
Sender: 0.985513
Receiver: 0.985675
[210000, 1000]
[210000, 1000]
Sender: 0.224481
Receiver: 0.224737
[212000, 1000]
[212000, 1000]
Sender: 0.552329
Receiver: 0.552991
[214000, 1000]
[214000, 1000]
Sender: 1.418667
Receiver: 1.419514
[216000, 1000]
[216000, 1000]
Sender: 0.599060
Receiver: 0.600186
[218000, 1000]
[218000, 1000]
Sender: 0.223238
Receiver: 0.223368
[220000, 1000]
[220000, 1000]
Sender: 1.233903
Receiver: 1.233372
[222000, 1000]
[222000, 1000]
Sender: 1.318981
Receiver: 1.318646
[224000, 1000]
[224000, 1000]
Sender: 0.249711
Receiver: 0.249410
[226000, 1000]
[226000, 1000]
Sender: 0.741009
Receiver: 0.744729
[228000, 1000]
[228000, 1000]
Sender: 0.258576
Receiver: 0.259215
[230000, 1000]
[230000, 1000]
Sender: 1.247611
Receiver: 1.247140
[232000, 1000]
[232000, 1000]
Sender: 1.220319
Receiver: 1.219931
[234000, 1000]
[234000, 1000]
Sender: 0.796335
Receiver: 0.797827
[236000, 1000]
[236000, 1000]
Sender: 0.224627
Receiver: 0.224197
[238000, 1000]
[238000, 1000]
Sender: 0.362303
Receiver: 0.361859
[240000, 1000]
[240000, 1000]
Sender: 0.544677
Receiver: 0.545589
[242000, 1000]
[242000, 1000]
Sender: 0.988433
Receiver: 0.988456
[244000, 1000]
[244000, 1000]
Sender: 0.537232
Receiver: 0.538262
[246000, 1000]
[246000, 1000]
Sender: 0.405781
Receiver: 0.405157
[248000, 1000]
[248000, 1000]
Sender: 0.267005
Receiver: 0.267088
[250000, 1000]
[250000, 1000]
Sender: 0.866157
Receiver: 0.866033
[252000, 1000]
[252000, 1000]
Sender: 1.261536
Receiver: 1.261884
[254000, 1000]
[254000, 1000]
Sender: 0.283463
Receiver: 0.283574
[256000, 1000]
[256000, 1000]
Sender: 0.465268
Receiver: 0.465383
[258000, 1000]
[258000, 1000]
Sender: 1.286832
Receiver: 1.285838
[260000, 1000]
[260000, 1000]
Sender: 1.365061
Receiver: 1.365533
[262000, 1000]
[262000, 1000]
Sender: 1.240570
Receiver: 1.240746
[264000, 1000]
[264000, 1000]
Sender: 0.292750
Receiver: 0.293089
[266000, 1000]
[266000, 1000]
Sender: 0.857660
Receiver: 0.857932
[268000, 1000]
[268000, 1000]
Sender: 0.313927
Receiver: 0.308465
[270000, 1000]
[270000, 1000]
Sender: 0.294636
Receiver: 0.295511
[272000, 1000]
[272000, 1000]
Sender: 0.331825
Receiver: 0.331378
[274000, 1000]
[274000, 1000]
Sender: 0.751441
Receiver: 0.751613
[276000, 1000]
[276000, 1000]
Sender: 0.313152
Receiver: 0.313740
[278000, 1000]
[278000, 1000]
Sender: 0.773764
Receiver: 0.774048
[280000, 1000]
[280000, 1000]
Sender: 1.095272
Receiver: 1.095233
[282000, 1000]
[282000, 1000]
Sender: 1.158402
Receiver: 1.158506
[284000, 1000]
[284000, 1000]
Sender: 0.288800
Receiver: 0.289036
[286000, 1000]
[286000, 1000]
Sender: 1.195641
Receiver: 1.195849
[288000, 1000]
[288000, 1000]
Sender: 1.322942
Receiver: 1.323726
[290000, 1000]
[290000, 1000]
Sender: 0.449635
Receiver: 0.449865
[292000, 1000]
[292000, 1000]
Sender: 0.300051
Receiver: 0.300299
[294000, 1000]
[294000, 1000]
Sender: 2.400420
Receiver: 2.400692
[296000, 1000]
[296000, 1000]
Sender: 0.304414
Receiver: 0.305092
[298000, 1000]
[298000, 1000]
Sender: 1.109890
Receiver: 1.106216
[300000, 1000]
[300000, 1000]
Sender: 1.172975
Receiver: 1.173650
[302000, 1000]
[302000, 1000]
Sender: 0.319353
Receiver: 0.320281
[304000, 1000]
[304000, 1000]
Sender: 0.765454
Receiver: 0.766450
[306000, 1000]
[306000, 1000]
Sender: 2.549570
Receiver: 2.549136
[308000, 1000]
[308000, 1000]
Sender: 0.577354
Receiver: 0.577686
[310000, 1000]
[310000, 1000]
Sender: 1.802316
Receiver: 1.803350
[312000, 1000]
[312000, 1000]
Sender: 0.596515
Receiver: 0.596159
[314000, 1000]
[314000, 1000]
Sender: 1.282756
Receiver: 1.282971
[316000, 1000]
[316000, 1000]
Sender: 2.207688
Receiver: 2.207975
[318000, 1000]
[318000, 1000]
Sender: 1.332700
Receiver: 1.333088
[320000, 1000]
[320000, 1000]
Sender: 1.414597
Receiver: 1.415038
[322000, 1000]
[322000, 1000]
Sender: 1.149537
Receiver: 1.150397
[324000, 1000]
[324000, 1000]
Sender: 0.400971
Receiver: 0.401140
[326000, 1000]
[326000, 1000]
Sender: 0.354310
Receiver: 0.354568
[328000, 1000]
[328000, 1000]
Sender: 1.314658
Receiver: 1.314922
[330000, 1000]
[330000, 1000]
Sender: 1.357765
Receiver: 1.358820
[332000, 1000]
[332000, 1000]
Sender: 1.222468
Receiver: 1.222806
[334000, 1000]
[334000, 1000]
Sender: 0.341311
Receiver: 0.340883
[336000, 1000]
[336000, 1000]
Sender: 1.287131
Receiver: 1.287681
[338000, 1000]
[338000, 1000]
Sender: 0.346278
Receiver: 0.347285
[340000, 1000]
[340000, 1000]
Sender: 1.433252
Receiver: 1.433590
[342000, 1000]
[342000, 1000]
Sender: 1.384448
Receiver: 1.385453
[344000, 1000]
[344000, 1000]
Sender: 0.414719
Receiver: 0.424621
[346000, 1000]
[346000, 1000]
Sender: 0.684663
Receiver: 0.682249
[348000, 1000]
[348000, 1000]
Sender: 1.272413
Receiver: 1.273478
[350000, 1000]
[350000, 1000]
Sender: 1.266962
Receiver: 1.267477
[352000, 1000]
[352000, 1000]
Sender: 0.779651
Receiver: 0.778177
[354000, 1000]
[354000, 1000]
Sender: 1.248283
Receiver: 1.248723
[356000, 1000]
[356000, 1000]
Sender: 1.517594
Receiver: 1.517877
[358000, 1000]
[358000, 1000]
Sender: 0.332225
Receiver: 0.332620
[360000, 1000]
[360000, 1000]
Sender: 1.245433
Receiver: 1.245876
[362000, 1000]
[362000, 1000]
Sender: 2.116921
Receiver: 2.117952
[364000, 1000]
[364000, 1000]
Sender: 0.364855
Receiver: 0.365990
[366000, 1000]
[366000, 1000]
Sender: 0.752496
Receiver: 0.750917
[368000, 1000]
[368000, 1000]
Sender: 0.342452
Receiver: 0.342752
[370000, 1000]
[370000, 1000]
Sender: 1.190048
Receiver: 1.190477
[372000, 1000]
[372000, 1000]
Sender: 0.382074
Receiver: 0.382514
[374000, 1000]
[374000, 1000]
Sender: 2.545858
Receiver: 2.549411
[376000, 1000]
[376000, 1000]
Sender: 0.347705
Receiver: 0.347354
[378000, 1000]
[378000, 1000]
Sender: 1.290013
Receiver: 1.291041
[380000, 1000]
[380000, 1000]
Sender: 1.502670
Receiver: 1.503249
[382000, 1000]
[382000, 1000]
Receiver: 1.387461
Sender: 1.386443
[384000, 1000]
[384000, 1000]
Sender: 1.451708
Receiver: 1.452183
[386000, 1000]
[386000, 1000]
Sender: 0.409474
Receiver: 0.410652
[388000, 1000]
[388000, 1000]
Sender: 1.509915
Receiver: 1.511364
[390000, 1000]
[390000, 1000]
Sender: 1.255509
Receiver: 1.256850
[392000, 1000]
[392000, 1000]
Sender: 1.318990
Receiver: 1.311809
[394000, 1000]
[394000, 1000]
Sender: 0.404738
Receiver: 0.405489
[396000, 1000]
[396000, 1000]
Sender: 2.027460
Receiver: 2.025456
[398000, 1000]
[398000, 1000]
Sender: 0.453820
Receiver: 0.455020
[400000, 1000]
[400000, 1000]
Sender: 0.371610
Receiver: 0.372139
[402000, 1000]
[402000, 1000]
Sender: 2.097448
Receiver: 2.098511
[404000, 1000]
[404000, 1000]
Sender: 0.345601
Receiver: 0.346006
[406000, 1000]
[406000, 1000]
Sender: 1.089463
Receiver: 1.088980
[408000, 1000]
[408000, 1000]
Sender: 1.389031
Receiver: 1.390182
[410000, 1000]
[410000, 1000]
Sender: 0.384962
Receiver: 0.384623
[412000, 1000]
[412000, 1000]
Sender: 1.503142
Receiver: 1.503564
[414000, 1000]
[414000, 1000]
Sender: 0.419924
Receiver: 0.420399
[416000, 1000]
[416000, 1000]
Sender: 1.452976
Receiver: 1.454084
[418000, 1000]
[418000, 1000]
Sender: 1.239281
Receiver: 1.237050
[420000, 1000]
[420000, 1000]
Sender: 1.974954
Receiver: 1.974670
[422000, 1000]
[422000, 1000]
Sender: 1.356056
Receiver: 1.356608
[424000, 1000]
[424000, 1000]
Sender: 1.388846
Receiver: 1.389458
[426000, 1000]
[426000, 1000]
Sender: 1.407337
Receiver: 1.408473
[428000, 1000]
[428000, 1000]
Sender: 1.362536
Receiver: 1.362175
[430000, 1000]
[430000, 1000]
Sender: 1.402608
Receiver: 1.402358
[432000, 1000]
[432000, 1000]
Sender: 1.387308
Receiver: 1.387654
[434000, 1000]
[434000, 1000]
Sender: 1.405854
Receiver: 1.406292
[436000, 1000]
[436000, 1000]
Sender: 1.394667
Receiver: 1.395120
[438000, 1000]
[438000, 1000]
Sender: 1.488926
Receiver: 1.489346
[440000, 1000]
[440000, 1000]
Sender: 1.407703
Receiver: 1.408207
[442000, 1000]
[442000, 1000]
Sender: 1.458885
Receiver: 1.459313
[444000, 1000]
[444000, 1000]
Sender: 0.370353
Receiver: 0.370821
[446000, 1000]
[446000, 1000]
Sender: 0.430219
Receiver: 0.430735
[448000, 1000]
[448000, 1000]
Sender: 0.819686
Receiver: 0.820146
[450000, 1000]
[450000, 1000]
Sender: 1.439911
Receiver: 1.440263
[452000, 1000]
[452000, 1000]
Sender: 1.449681
Receiver: 1.445958
[454000, 1000]
[454000, 1000]
Sender: 1.233577
Receiver: 1.231316
[456000, 1000]
[456000, 1000]
Sender: 1.449958
Receiver: 1.450444
[458000, 1000]
[458000, 1000]
Sender: 1.661846
Receiver: 1.652240
[460000, 1000]
[460000, 1000]
Sender: 2.172267
Receiver: 2.171982
[462000, 1000]
[462000, 1000]
Sender: 1.484466
Receiver: 1.484890
[464000, 1000]
[464000, 1000]
Sender: 1.403913
Receiver: 1.404153
[466000, 1000]
[466000, 1000]
Sender: 1.436823
Receiver: 1.437184
[468000, 1000]
[468000, 1000]
Receiver: 1.457060
Sender: 1.456661
[470000, 1000]
[470000, 1000]
Sender: 0.486406
Receiver: 0.486856
[472000, 1000]
[472000, 1000]
Sender: 1.375424
Receiver: 1.375689
[474000, 1000]
[474000, 1000]
Sender: 1.256273
Receiver: 1.255864
[476000, 1000]
[476000, 1000]
Sender: 1.172997
Receiver: 1.163545
[478000, 1000]
[478000, 1000]
Receiver: 1.467611
Sender: 1.466809
[480000, 1000]
[480000, 1000]
Sender: 2.162035
Receiver: 2.162986
[482000, 1000]
[482000, 1000]
Sender: 1.461883
Receiver: 1.462963
[484000, 1000]
[484000, 1000]
Sender: 0.422641
Receiver: 0.422867
[486000, 1000]
[486000, 1000]
Sender: 1.890273
Receiver: 1.883860
[488000, 1000]
[488000, 1000]
Sender: 1.402107
Receiver: 1.401638
[490000, 1000]
[490000, 1000]
Sender: 2.048006
Receiver: 2.048412
[492000, 1000]
[492000, 1000]
Sender: 0.746819
Receiver: 0.747001
[494000, 1000]
[494000, 1000]
Sender: 1.388121
Receiver: 1.388555
[496000, 1000]
[496000, 1000]
Receiver: 1.471570
Sender: 1.471890
[498000, 1000]
[498000, 1000]
Sender: 0.404183
Receiver: 0.404665
[500000, 1000]
[500000, 1000]
Sender: 2.882107
Receiver: 2.883805
[502000, 1000]
[502000, 1000]
Sender: 1.520824
Receiver: 1.521188
[504000, 1000]
[504000, 1000]
Sender: 1.076820
Receiver: 1.077907
[506000, 1000]
[506000, 1000]
Sender: 0.849368
Receiver: 0.850370
[508000, 1000]
[508000, 1000]
Sender: 1.450595
Receiver: 1.451179
[510000, 1000]
[510000, 1000]
Sender: 1.564008
Receiver: 1.562368
[512000, 1000]
[512000, 1000]
Sender: 0.466846
Receiver: 0.467139
[514000, 1000]
[514000, 1000]
Sender: 0.511708
Receiver: 0.522613
[516000, 1000]
[516000, 1000]
Receiver: 0.890578
Sender: 0.891756
[518000, 1000]
[518000, 1000]
Sender: 1.458078
Receiver: 1.453226
[520000, 1000]
[520000, 1000]
Sender: 3.220688
Receiver: 3.220695
[522000, 1000]
[522000, 1000]
Sender: 0.437950
Receiver: 0.439040
[524000, 1000]
[524000, 1000]
Sender: 3.846818
Receiver: 3.847462
[526000, 1000]
[526000, 1000]
Sender: 1.444576
Receiver: 1.445467
[528000, 1000]
[528000, 1000]
Receiver: 1.551941
Sender: 1.552066
[530000, 1000]
[530000, 1000]
Receiver: 1.445367
Sender: 1.444246
[532000, 1000]
[532000, 1000]
Sender: 1.506829
Receiver: 1.506509
[534000, 1000]
[534000, 1000]
Sender: 2.301798
Receiver: 2.302760
[536000, 1000]
[536000, 1000]
Sender: 0.481282
Receiver: 0.482912
[538000, 1000]
[538000, 1000]
Sender: 2.088649
Receiver: 2.082251
[540000, 1000]
[540000, 1000]
Sender: 1.461247
Receiver: 1.461896
[542000, 1000]
[542000, 1000]
Sender: 3.120316
Receiver: 3.121815
[544000, 1000]
[544000, 1000]
Sender: 1.474661
Receiver: 1.474502
[546000, 1000]
[546000, 1000]
Receiver: 1.464982
Sender: 1.464208
[548000, 1000]
[548000, 1000]
Sender: 1.489473
Receiver: 1.489116
[550000, 1000]
[550000, 1000]
Sender: 1.583883
Receiver: 1.584246
[552000, 1000]
[552000, 1000]
Sender: 1.547530
Receiver: 1.545371
[554000, 1000]
[554000, 1000]
Sender: 1.253684
Receiver: 1.254735
[556000, 1000]
[556000, 1000]
Sender: 1.529537
Receiver: 1.529395
[558000, 1000]
[558000, 1000]
Sender: 0.448960
Receiver: 0.448572
[560000, 1000]
[560000, 1000]
Sender: 2.806615
Receiver: 2.807392
[562000, 1000]
[562000, 1000]
Sender: 1.460360
Receiver: 1.461082
[564000, 1000]
[564000, 1000]
Sender: 1.527665
Receiver: 1.529226
[566000, 1000]
[566000, 1000]
Sender: 1.461267
Receiver: 1.462132
[568000, 1000]
[568000, 1000]
Sender: 3.056862
Receiver: 3.056888
[570000, 1000]
[570000, 1000]
Sender: 1.570788
Receiver: 1.570410
[572000, 1000]
[572000, 1000]
Sender: 1.426484
Receiver: 1.426815
[574000, 1000]
[574000, 1000]
Sender: 2.431419
Receiver: 2.431041
[576000, 1000]
[576000, 1000]
Sender: 0.460413
Receiver: 0.460035
[578000, 1000]
[578000, 1000]
Sender: 1.351715
Receiver: 1.352861
[580000, 1000]
[580000, 1000]
Sender: 0.562645
Receiver: 0.562770
[582000, 1000]
[582000, 1000]
Sender: 2.879688
Receiver: 2.878444
[584000, 1000]
[584000, 1000]
Sender: 1.569129
Receiver: 1.569582
[586000, 1000]
[586000, 1000]
Sender: 1.382512
Receiver: 1.382794
[588000, 1000]
[588000, 1000]
Sender: 1.457783
Receiver: 1.452275
[590000, 1000]
[590000, 1000]
Sender: 3.177410
Receiver: 3.177817
[592000, 1000]
[592000, 1000]
Sender: 1.542646
Receiver: 1.542257
[594000, 1000]
[594000, 1000]
Sender: 1.449911
Receiver: 1.450345
[596000, 1000]
[596000, 1000]
Sender: 1.475937
Receiver: 1.477055
[598000, 1000]
[598000, 1000]
Sender: 1.501948
Receiver: 1.502353
[600000, 1000]
[600000, 1000]
Sender: 0.526906
Receiver: 0.527374
[602000, 1000]
[602000, 1000]
Sender: 1.399157
Receiver: 1.399647
[604000, 1000]
[604000, 1000]
Sender: 1.285573
Receiver: 1.285214
[606000, 1000]
[606000, 1000]
Sender: 1.324410
Receiver: 1.324126
[608000, 1000]
[608000, 1000]
Sender: 1.421086
Receiver: 1.421319
[610000, 1000]
[610000, 1000]
Sender: 3.137068
Receiver: 3.138057
[612000, 1000]
[612000, 1000]
Sender: 1.501406
Receiver: 1.502417
[614000, 1000]
[614000, 1000]
Sender: 1.511054
Receiver: 1.510743
[616000, 1000]
[616000, 1000]
Sender: 0.514565
Receiver: 0.514890
[618000, 1000]
[618000, 1000]
Sender: 1.297613
Receiver: 1.295383
[620000, 1000]
[620000, 1000]
Receiver: 1.413064
Sender: 1.413465
[622000, 1000]
[622000, 1000]
Sender: 1.241358
Receiver: 1.238907
[624000, 1000]
[624000, 1000]
Sender: 1.493649
Receiver: 1.494027
[626000, 1000]
[626000, 1000]
Sender: 1.318535
Receiver: 1.314755
[628000, 1000]
[628000, 1000]
Sender: 1.308005
Receiver: 1.305804
[630000, 1000]
[630000, 1000]
Sender: 1.541058
Receiver: 1.540833
[632000, 1000]
[632000, 1000]
Sender: 2.150697
Receiver: 2.145912
[634000, 1000]
[634000, 1000]
Sender: 0.731915
Receiver: 0.728608
[636000, 1000]
[636000, 1000]
Sender: 2.252693
Receiver: 2.253976
[638000, 1000]
[638000, 1000]
Sender: 0.912933
Receiver: 0.937214
[640000, 1000]
[640000, 1000]
Receiver: 0.634033
Sender: 0.633934
[642000, 1000]
[642000, 1000]
Receiver: 1.530020
Sender: 1.532822
[644000, 1000]
[644000, 1000]
Sender: 1.009863
Receiver: 1.007586
[646000, 1000]
[646000, 1000]
Sender: 1.454712
Receiver: 1.447110
[648000, 1000]
[648000, 1000]
Sender: 1.277462
Receiver: 1.273066
[650000, 1000]
[650000, 1000]
Receiver: 1.091122
Sender: 1.090864
[652000, 1000]
[652000, 1000]
Sender: 1.671884
Receiver: 1.671527
[654000, 1000]
[654000, 1000]
Receiver: 1.444971
Sender: 1.443889
[656000, 1000]
[656000, 1000]
Sender: 1.343502
Receiver: 1.342071
[658000, 1000]
[658000, 1000]
Sender: 1.441922
Receiver: 1.442267
[660000, 1000]
[660000, 1000]
Sender: 1.263159
Receiver: 1.253571
[662000, 1000]
[662000, 1000]
Sender: 1.235439
Receiver: 1.233076
[664000, 1000]
[664000, 1000]
Sender: 0.548140
Receiver: 0.547724
[666000, 1000]
[666000, 1000]
Sender: 3.078582
Receiver: 3.075939
[668000, 1000]
[668000, 1000]
Sender: 1.638732
Receiver: 1.639222
[670000, 1000]
[670000, 1000]
Sender: 1.014646
Receiver: 1.012075
[672000, 1000]
[672000, 1000]
Sender: 1.359890
Receiver: 1.359574
[674000, 1000]
[674000, 1000]
Sender: 1.371817
Receiver: 1.365172
[676000, 1000]
[676000, 1000]
Receiver: 1.229045
Sender: 1.236879
[678000, 1000]
[678000, 1000]
Sender: 1.521574
Receiver: 1.521924
[680000, 1000]
[680000, 1000]
Sender: 2.270087
Receiver: 2.261844
[682000, 1000]
[682000, 1000]
Sender: 0.496014
Receiver: 0.489331
[684000, 1000]
[684000, 1000]
Sender: 1.219049
Receiver: 1.213413
[686000, 1000]
[686000, 1000]
Sender: 1.264827
Receiver: 1.265301
[688000, 1000]
[688000, 1000]
Sender: 1.303361
Receiver: 1.303597
[690000, 1000]
[690000, 1000]
Sender: 2.611021
Receiver: 2.607494
[692000, 1000]
[692000, 1000]
Sender: 1.652233
Receiver: 1.653276
[694000, 1000]
[694000, 1000]
Sender: 1.683794
Receiver: 1.684618
[696000, 1000]
[696000, 1000]
Sender: 2.376901
Receiver: 2.376635
[698000, 1000]
[698000, 1000]
Sender: 1.701914
Receiver: 1.702236
[700000, 1000]
[700000, 1000]
Sender: 1.365209
Receiver: 1.365608
[702000, 1000]
[702000, 1000]
Sender: 2.004050
Receiver: 2.001413
[704000, 1000]
[704000, 1000]
Sender: 1.569808
Receiver: 1.567586
[706000, 1000]
[706000, 1000]
Sender: 0.726719
Receiver: 0.727250
[708000, 1000]
[708000, 1000]
Sender: 0.985721
Receiver: 0.982754
[710000, 1000]
[710000, 1000]
Sender: 1.405779
Receiver: 1.400192
[712000, 1000]
[712000, 1000]
Sender: 2.100086
Receiver: 2.099619
[714000, 1000]
[714000, 1000]
Sender: 1.556391
Receiver: 1.557313
[716000, 1000]
[716000, 1000]
Sender: 0.510559
Receiver: 0.503465
[718000, 1000]
[718000, 1000]
Sender: 1.189856
Receiver: 1.189389
[720000, 1000]
[720000, 1000]
Sender: 0.594144
Receiver: 0.593683
[722000, 1000]
[722000, 1000]
Sender: 1.728898
Receiver: 1.719996
[724000, 1000]
[724000, 1000]
Sender: 1.657727
Receiver: 1.655484
[726000, 1000]
[726000, 1000]
Sender: 1.491703
Receiver: 1.491340
[728000, 1000]
[728000, 1000]
Sender: 1.563655
Receiver: 1.563939
[730000, 1000]
[730000, 1000]
Sender: 1.468491
Receiver: 1.461033
[732000, 1000]
[732000, 1000]
Sender: 0.616547
Receiver: 0.616918
[734000, 1000]
[734000, 1000]
Sender: 1.089868
Receiver: 1.090683
[736000, 1000]
[736000, 1000]
Sender: 1.249445
Receiver: 1.249428
[738000, 1000]
[738000, 1000]
Sender: 1.165029
Receiver: 1.162338
[740000, 1000]
[740000, 1000]
Sender: 1.331868
Receiver: 1.332257
[742000, 1000]
[742000, 1000]
Sender: 1.549890
Receiver: 1.549445
[744000, 1000]
[744000, 1000]
Sender: 1.248170
Receiver: 1.247813
[746000, 1000]
[746000, 1000]
Sender: 0.591579
Receiver: 0.589302
[748000, 1000]
[748000, 1000]
Sender: 1.202642
Receiver: 1.203158
[750000, 1000]
[750000, 1000]
Sender: 0.564963
Receiver: 0.560930
[752000, 1000]
[752000, 1000]
Sender: 1.749463
Receiver: 1.746156
[754000, 1000]
[754000, 1000]
Receiver: 2.508996
Sender: 2.508081
[756000, 1000]
[756000, 1000]
Sender: 0.662086
Receiver: 0.663446
[758000, 1000]
[758000, 1000]
Sender: 1.097280
Receiver: 1.097803
[760000, 1000]
[760000, 1000]
Sender: 1.416147
Receiver: 1.416622
[762000, 1000]
[762000, 1000]
Sender: 1.907724
Receiver: 1.907396
[764000, 1000]
[764000, 1000]
Sender: 1.587096
Receiver: 1.587458
[766000, 1000]
[766000, 1000]
Sender: 1.428305
Receiver: 1.427899
[768000, 1000]
[768000, 1000]
Sender: 1.700845
Receiver: 1.700460
[770000, 1000]
[770000, 1000]
Sender: 1.100303
Receiver: 1.100554
[772000, 1000]
[772000, 1000]
Sender: 1.342167
Receiver: 1.339481
[774000, 1000]
[774000, 1000]
Sender: 1.355401
Receiver: 1.355406
[776000, 1000]
[776000, 1000]
Sender: 1.526044
Receiver: 1.525537
[778000, 1000]
[778000, 1000]
Receiver: 3.096594
Sender: 3.096164
[780000, 1000]
[780000, 1000]
Sender: 2.917448
Receiver: 2.917409
[782000, 1000]
[782000, 1000]
Sender: 1.706566
Receiver: 1.708032
[784000, 1000]
[784000, 1000]
Sender: 0.562192
Receiver: 0.563381
[786000, 1000]
[786000, 1000]
Sender: 3.270089
Receiver: 3.267482
[788000, 1000]
[788000, 1000]
Sender: 0.593146
Receiver: 0.591759
[790000, 1000]
[790000, 1000]
Sender: 1.170057
Receiver: 1.166742
[792000, 1000]
[792000, 1000]
Sender: 1.409224
Receiver: 1.406847
[794000, 1000]
[794000, 1000]
Sender: 1.100222
Receiver: 1.096828
[796000, 1000]
[796000, 1000]
Sender: 3.993664
Receiver: 3.993883
[798000, 1000]
[798000, 1000]
Sender: 1.801955
Receiver: 1.802995
[800000, 1000]
[800000, 1000]
Sender: 4.116496
Receiver: 4.112953
[802000, 1000]
[802000, 1000]
Sender: 0.766418
Receiver: 0.766231
[804000, 1000]
[804000, 1000]
Sender: 2.239573
Receiver: 2.236727
[806000, 1000]
[806000, 1000]
Sender: 1.975328
Receiver: 1.975796
[808000, 1000]
[808000, 1000]
Receiver: 1.682410
Sender: 1.681877
[810000, 1000]
[810000, 1000]
Sender: 2.567584
Receiver: 2.562410
[812000, 1000]
[812000, 1000]
Sender: 2.810946
Receiver: 2.811970
[814000, 1000]
[814000, 1000]
Sender: 3.581460
Receiver: 3.582844
[816000, 1000]
[816000, 1000]
Sender: 0.707592
Receiver: 0.708170
[818000, 1000]
[818000, 1000]
Sender: 1.375164
Receiver: 1.376107
[820000, 1000]
[820000, 1000]
Sender: 2.648496
Receiver: 2.648548
[822000, 1000]
[822000, 1000]
Sender: 1.119276
Receiver: 1.117551
[824000, 1000]
[824000, 1000]
Sender: 1.244890
Receiver: 1.245373
[826000, 1000]
[826000, 1000]
Sender: 1.502666
Receiver: 1.503285
[828000, 1000]
[828000, 1000]
Sender: 1.326471
Receiver: 1.326258
[830000, 1000]
[830000, 1000]
Sender: 1.582882
Receiver: 1.572776
[832000, 1000]
[832000, 1000]
Sender: 3.012741
Receiver: 3.013248
[834000, 1000]
[834000, 1000]
Sender: 1.585157
Receiver: 1.584633
[836000, 1000]
[836000, 1000]
Sender: 2.590726
Receiver: 2.583683
[838000, 1000]
[838000, 1000]
Sender: 3.966023
Receiver: 3.962561
[840000, 1000]
[840000, 1000]
Sender: 0.842325
Receiver: 0.842525
[842000, 1000]
[842000, 1000]
Sender: 1.573407
Receiver: 1.570799
[844000, 1000]
[844000, 1000]
Sender: 1.202329
Receiver: 1.202034
[846000, 1000]
[846000, 1000]
Sender: 1.439967
Receiver: 1.436611
[848000, 1000]
[848000, 1000]
Sender: 1.172686
Receiver: 1.165032
[850000, 1000]
[850000, 1000]
Sender: 1.564661
Receiver: 1.561062
[852000, 1000]
[852000, 1000]
Sender: 1.250162
Receiver: 1.244701
[854000, 1000]
[854000, 1000]
Sender: 1.354029
Receiver: 1.347311
[856000, 1000]
[856000, 1000]
Sender: 1.372021
Receiver: 1.369363
[858000, 1000]
[858000, 1000]
Sender: 1.850634
Receiver: 1.849389
[860000, 1000]
[860000, 1000]
Receiver: 2.442190
Sender: 2.442016
[862000, 1000]
[862000, 1000]
Sender: 1.809636
Receiver: 1.809524
[864000, 1000]
[864000, 1000]
Sender: 2.383905
Receiver: 2.383107
[866000, 1000]
[866000, 1000]
Sender: 1.900019
Receiver: 1.901345
[868000, 1000]
[868000, 1000]
Sender: 0.605648
Receiver: 0.606062
[870000, 1000]
[870000, 1000]
Sender: 1.676118
Receiver: 1.668877
[872000, 1000]
[872000, 1000]
Sender: 1.111276
Receiver: 1.111958
[874000, 1000]
[874000, 1000]
Sender: 4.620535
Receiver: 4.615852
[876000, 1000]
[876000, 1000]
Sender: 1.693255
Receiver: 1.691035
[878000, 1000]
[878000, 1000]
Sender: 1.713631
Receiver: 1.714128
[880000, 1000]
[880000, 1000]
Sender: 3.004452
Receiver: 3.003768
[882000, 1000]
[882000, 1000]
Receiver: 2.542022
Sender: 2.542410
[884000, 1000]
[884000, 1000]
Sender: 1.469064
Receiver: 1.469007
[886000, 1000]
[886000, 1000]
Sender: 1.236276
Receiver: 1.235627
[888000, 1000]
[888000, 1000]
Sender: 1.459092
Receiver: 1.457755
[890000, 1000]
[890000, 1000]
Sender: 1.292812
Receiver: 1.288303
[892000, 1000]
[892000, 1000]
Sender: 0.632822
Receiver: 0.632469
[894000, 1000]
[894000, 1000]
Sender: 1.243356
Receiver: 1.243638
[896000, 1000]
[896000, 1000]
Sender: 1.238821
Receiver: 1.238449
[898000, 1000]
[898000, 1000]
Sender: 1.343745
Receiver: 1.339435
[900000, 1000]
[900000, 1000]
Sender: 1.243386
Receiver: 1.243035
[902000, 1000]
[902000, 1000]
Sender: 2.982363
Receiver: 2.981580
[904000, 1000]
[904000, 1000]
Sender: 1.755186
Receiver: 1.754833
[906000, 1000]
[906000, 1000]
Sender: 1.483162
Receiver: 1.482721
[908000, 1000]
[908000, 1000]
Sender: 1.432962
Receiver: 1.433374
[910000, 1000]
[910000, 1000]
Sender: 1.822446
Receiver: 1.821140
[912000, 1000]
[912000, 1000]
Sender: 1.904723
Receiver: 1.905112
[914000, 1000]
[914000, 1000]
Sender: 1.505381
Receiver: 1.504989
[916000, 1000]
[916000, 1000]
Sender: 0.942410
Receiver: 0.942739
[918000, 1000]
[918000, 1000]
Sender: 1.857177
Receiver: 1.858369
[920000, 1000]
[920000, 1000]
Sender: 1.755774
Receiver: 1.756195
[922000, 1000]
[922000, 1000]
Sender: 1.913382
Receiver: 1.913718
[924000, 1000]
[924000, 1000]
Sender: 1.717263
Receiver: 1.716885
[926000, 1000]
[926000, 1000]
Sender: 1.991058
Receiver: 1.992003
[928000, 1000]
[928000, 1000]
Sender: 1.778126
Receiver: 1.778554
[930000, 1000]
[930000, 1000]
Sender: 1.141150
Receiver: 1.139495
[932000, 1000]
[932000, 1000]
Sender: 1.184410
Receiver: 1.177752
[934000, 1000]
[934000, 1000]
Sender: 1.662879
Receiver: 1.658867
[936000, 1000]
[936000, 1000]
Sender: 1.159098
Receiver: 1.153787
[938000, 1000]
[938000, 1000]
Sender: 1.867842
Receiver: 1.860249
[940000, 1000]
[940000, 1000]
Sender: 1.776389
Receiver: 1.776724
[942000, 1000]
[942000, 1000]
Receiver: 2.656545
Sender: 2.656099
[944000, 1000]
[944000, 1000]
Sender: 2.012329
Receiver: 2.002946
[946000, 1000]
[946000, 1000]
Sender: 1.868302
Receiver: 1.867734
[948000, 1000]
[948000, 1000]
Sender: 1.897699
Receiver: 1.894624
[950000, 1000]
[950000, 1000]
Sender: 1.677685
Receiver: 1.678023
[952000, 1000]
[952000, 1000]
Receiver: 1.541659
Sender: 1.541986
[954000, 1000]
[954000, 1000]
Sender: 1.513860
Receiver: 1.512126
[956000, 1000]
[956000, 1000]
Sender: 1.549186
Receiver: 1.545945
[958000, 1000]
[958000, 1000]
Sender: 1.299389
Receiver: 1.299111
[960000, 1000]
[960000, 1000]
Sender: 1.752647
Receiver: 1.737138
[962000, 1000]
[962000, 1000]
Sender: 2.391250
Receiver: 2.392315
[964000, 1000]
[964000, 1000]
Sender: 1.813282
Receiver: 1.814296
[966000, 1000]
[966000, 1000]
Sender: 1.816259
Receiver: 1.805405
[968000, 1000]
[968000, 1000]
Receiver: 1.682255
Sender: 1.681837
[970000, 1000]
[970000, 1000]
Sender: 1.481237
Receiver: 1.478307
[972000, 1000]
[972000, 1000]
Sender: 1.381078
Receiver: 1.377674
[974000, 1000]
[974000, 1000]
Sender: 1.446372
Receiver: 1.440209
[976000, 1000]
[976000, 1000]
Sender: 1.525074
Receiver: 1.519873
[978000, 1000]
[978000, 1000]
Sender: 1.132853
Receiver: 1.128673
[980000, 1000]
[980000, 1000]
Sender: 1.943828
Receiver: 1.933650
[982000, 1000]
[982000, 1000]
Sender: 0.878486
Receiver: 0.878942
[984000, 1000]
[984000, 1000]
Sender: 1.414691
Receiver: 1.412037
[986000, 1000]
[986000, 1000]
Sender: 1.424378
Receiver: 1.420480
[988000, 1000]
[988000, 1000]
Sender: 1.049161
Receiver: 1.047605
[990000, 1000]
[990000, 1000]
Sender: 1.489571
Receiver: 1.490636
[992000, 1000]
[992000, 1000]
Sender: 1.457980
Receiver: 1.455048
[994000, 1000]
[994000, 1000]
Sender: 1.386514
Receiver: 1.386136
[996000, 1000]
[996000, 1000]
Sender: 1.471730
Receiver: 1.472173
[998000, 1000]
[998000, 1000]
Sender: 1.521024
Receiver: 1.521008
[1000000, 1000]
[1000000, 1000]
Sender: 1.164489
Receiver: 1.158631
[1002000, 1000]
[1002000, 1000]
Sender: 1.508691
Receiver: 1.508308
[1004000, 1000]
[1004000, 1000]
Receiver: 2.182732
Sender: 2.182226
[1006000, 1000]
[1006000, 1000]
Sender: 4.072779
Receiver: 4.092338
[1008000, 1000]
[1008000, 1000]
Sender: 1.909192
Receiver: 1.909495
[1010000, 1000]
[1010000, 1000]
Sender: 2.754389
Receiver: 2.755457
[1012000, 1000]
[1012000, 1000]
Sender: 1.308280
Receiver: 1.309538
[1014000, 1000]
[1014000, 1000]
Sender: 2.631449
Receiver: 2.629268
[1016000, 1000]
[1016000, 1000]
Sender: 1.787983
Receiver: 1.788403
[1018000, 1000]
[1018000, 1000]
Sender: 0.835787
Receiver: 0.832330
[1020000, 1000]
[1020000, 1000]
Sender: 1.037964
Receiver: 1.038257
[1022000, 1000]
[1022000, 1000]
Sender: 2.919209
Receiver: 2.919488
[1024000, 1000]
[1024000, 1000]
Sender: 2.446179
Receiver: 2.447409
[1026000, 1000]
[1026000, 1000]
Sender: 1.755803
Receiver: 1.755438
[1028000, 1000]
[1028000, 1000]
Sender: 4.057995
Receiver: 4.056187
[1030000, 1000]
[1030000, 1000]
Receiver: 3.300187
Sender: 3.298947
[1032000, 1000]
[1032000, 1000]
Receiver: 0.765526
Sender: 0.766608
[1034000, 1000]
[1034000, 1000]
Sender: 1.169755
Receiver: 1.168432
[1036000, 1000]
[1036000, 1000]
Sender: 1.410321
Receiver: 1.411248
[1038000, 1000]
[1038000, 1000]
Sender: 2.758462
Receiver: 2.757010
[1040000, 1000]
[1040000, 1000]
Sender: 2.613973
Receiver: 2.614490
[1042000, 1000]
[1042000, 1000]
Sender: 1.819597
Receiver: 1.819957
[1044000, 1000]
[1044000, 1000]
Sender: 2.924175
Receiver: 2.923384
[1046000, 1000]
[1046000, 1000]
Sender: 0.750332
Receiver: 0.748282
[1048000, 1000]
[1048000, 1000]
Sender: 1.147030
Receiver: 1.147332
[1050000, 1000]
[1050000, 1000]
Sender: 1.206763
Receiver: 1.198541
[1052000, 1000]
[1052000, 1000]
Sender: 1.416490
Receiver: 1.407730
[1054000, 1000]
[1054000, 1000]
Sender: 2.860644
Receiver: 2.861143
[1056000, 1000]
[1056000, 1000]
Sender: 1.805476
Receiver: 1.805958
[1058000, 1000]
[1058000, 1000]
Sender: 1.925821
Receiver: 1.926178
[1060000, 1000]
[1060000, 1000]
Sender: 0.895524
Receiver: 0.893287
[1062000, 1000]
[1062000, 1000]
Sender: 1.383930
Receiver: 1.384414
[1064000, 1000]
[1064000, 1000]
Sender: 1.298499
Receiver: 1.293890
[1066000, 1000]
[1066000, 1000]
Sender: 1.567752
Receiver: 1.567271
[1068000, 1000]
[1068000, 1000]
Sender: 2.661627
Receiver: 2.658112
[1070000, 1000]
[1070000, 1000]
Receiver: 1.912585
Sender: 1.911393
[1072000, 1000]
[1072000, 1000]
Sender: 1.682434
Receiver: 1.683343
[1074000, 1000]
[1074000, 1000]
Sender: 2.468112
Receiver: 2.468012
[1076000, 1000]
[1076000, 1000]
Sender: 1.924089
Receiver: 1.924483
[1078000, 1000]
[1078000, 1000]
Sender: 2.860948
Receiver: 2.854158
[1080000, 1000]
[1080000, 1000]
Sender: 1.975164
Receiver: 1.975916
[1082000, 1000]
[1082000, 1000]
Sender: 1.527740
Receiver: 1.528037
[1084000, 1000]
[1084000, 1000]
Sender: 1.173446
Receiver: 1.167119
[1086000, 1000]
[1086000, 1000]
Sender: 2.546695
Receiver: 2.539738
[1088000, 1000]
[1088000, 1000]
Sender: 2.554249
Receiver: 2.555323
[1090000, 1000]
[1090000, 1000]
Sender: 3.407597
Receiver: 3.408613
[1092000, 1000]
[1092000, 1000]
Sender: 2.086563
Receiver: 2.088162
[1094000, 1000]
[1094000, 1000]
Sender: 1.989261
Receiver: 1.989135
[1096000, 1000]
[1096000, 1000]
Sender: 2.892382
Receiver: 2.885407
[1098000, 1000]
[1098000, 1000]
Sender: 3.199986
Receiver: 3.199657
[1100000, 1000]
[1100000, 1000]
Sender: 2.652942
Receiver: 2.653080
[1102000, 1000]
[1102000, 1000]
Receiver: 1.661485
Sender: 1.663709
[1104000, 1000]
[1104000, 1000]
Sender: 2.728980
Receiver: 2.713483
[1106000, 1000]
[1106000, 1000]
Sender: 1.906413
Receiver: 1.907199
[1108000, 1000]
[1108000, 1000]
Sender: 2.530391
Receiver: 2.530629
[1110000, 1000]
[1110000, 1000]
Sender: 1.906641
Receiver: 1.907326
[1112000, 1000]
[1112000, 1000]
Sender: 1.876288
Receiver: 1.872842
[1114000, 1000]
[1114000, 1000]
Sender: 2.472840
Receiver: 2.472413
[1116000, 1000]
[1116000, 1000]
Sender: 2.467766
Receiver: 2.468261
[1118000, 1000]
[1118000, 1000]
Sender: 3.602836
Receiver: 3.603887
[1120000, 1000]
[1120000, 1000]
Sender: 1.844625
Receiver: 1.845709
[1122000, 1000]
[1122000, 1000]
Sender: 1.402570
Receiver: 1.403513
[1124000, 1000]
[1124000, 1000]
Sender: 1.219674
Receiver: 1.216941
[1126000, 1000]
[1126000, 1000]
Sender: 1.344825
Receiver: 1.340456
[1128000, 1000]
[1128000, 1000]
Sender: 2.590014
Receiver: 2.590370
[1130000, 1000]
[1130000, 1000]
Sender: 2.592828
Receiver: 2.593834
[1132000, 1000]
[1132000, 1000]
Sender: 3.720283
Receiver: 3.720089
[1134000, 1000]
[1134000, 1000]
Sender: 1.383148
Receiver: 1.383444
[1136000, 1000]
[1136000, 1000]
Sender: 1.467011
Receiver: 1.466578
[1138000, 1000]
[1138000, 1000]
Sender: 1.205809
Receiver: 1.206208
[1140000, 1000]
[1140000, 1000]
Sender: 2.074926
Receiver: 2.074312
[1142000, 1000]
[1142000, 1000]
Sender: 2.702245
Receiver: 2.702613
[1144000, 1000]
[1144000, 1000]
Sender: 2.452998
Receiver: 2.453461
[1146000, 1000]
[1146000, 1000]
Sender: 2.686245
Receiver: 2.687252
[1148000, 1000]
[1148000, 1000]
Sender: 1.887058
Receiver: 1.888295
[1150000, 1000]
[1150000, 1000]
Sender: 2.467270
Receiver: 2.466105
[1152000, 1000]
[1152000, 1000]
Sender: 1.863708
Receiver: 1.864338
[1154000, 1000]
[1154000, 1000]
Sender: 2.875411
Receiver: 2.874145
[1156000, 1000]
[1156000, 1000]
Receiver: 2.878986
Sender: 2.878251
[1158000, 1000]
[1158000, 1000]
Sender: 2.813007
Receiver: 2.813252
[1160000, 1000]
[1160000, 1000]
Sender: 2.833139
Receiver: 2.834285
[1162000, 1000]
[1162000, 1000]
Receiver: 2.319677
Sender: 2.322617
[1164000, 1000]
[1164000, 1000]
Sender: 1.939908
Receiver: 1.964872
[1166000, 1000]
[1166000, 1000]
Sender: 2.191484
Receiver: 2.191749
[1168000, 1000]
[1168000, 1000]
Sender: 2.070130
Receiver: 2.070613
[1170000, 1000]
[1170000, 1000]
Sender: 2.526900
Receiver: 2.527171
[1172000, 1000]
[1172000, 1000]
Receiver: 2.077330
Sender: 2.077537
[1174000, 1000]
[1174000, 1000]
Receiver: 1.525379
Sender: 1.526177
[1176000, 1000]
[1176000, 1000]
Sender: 2.517835
Receiver: 2.518910
[1178000, 1000]
[1178000, 1000]
Sender: 1.976986
Receiver: 1.977358
[1180000, 1000]
[1180000, 1000]
Sender: 3.337246
Receiver: 3.336986
[1182000, 1000]
[1182000, 1000]
Sender: 3.066719
Receiver: 3.067055
[1184000, 1000]
[1184000, 1000]
Sender: 0.834198
Receiver: 0.835282
[1186000, 1000]
[1186000, 1000]
Receiver: 3.694567
Sender: 3.694695
[1188000, 1000]
[1188000, 1000]
Sender: 2.531797
Receiver: 2.531450
[1190000, 1000]
[1190000, 1000]
Sender: 0.858913
Receiver: 0.859995
[1192000, 1000]
[1192000, 1000]
Sender: 2.062352
Receiver: 2.061642
[1194000, 1000]
[1194000, 1000]
Receiver: 2.900073
Sender: 2.900651
[1196000, 1000]
[1196000, 1000]
Sender: 2.140300
Receiver: 2.141720
[1198000, 1000]
[1198000, 1000]
Sender: 2.728452
Receiver: 2.726709
[1200000, 1000]
[1200000, 1000]
Sender: 4.443876
Receiver: 4.450683
[1202000, 1000]
[1202000, 1000]
Sender: 2.151920
Receiver: 2.152375
[1204000, 1000]
[1204000, 1000]
Receiver: 3.328507
Sender: 3.328293
[1206000, 1000]
[1206000, 1000]
Sender: 1.943378
Receiver: 1.943838
[1208000, 1000]
[1208000, 1000]
Sender: 1.587884
Receiver: 1.582396
[1210000, 1000]
[1210000, 1000]
Sender: 1.453844
Receiver: 1.451842
[1212000, 1000]
[1212000, 1000]
Sender: 2.525613
Receiver: 2.525952
[1214000, 1000]
[1214000, 1000]
Receiver: 1.883857
Sender: 1.883444
[1216000, 1000]
[1216000, 1000]
Receiver: 3.318453
Sender: 3.318306
[1218000, 1000]
[1218000, 1000]
Sender: 2.433816
Receiver: 2.430589
[1220000, 1000]
[1220000, 1000]
Sender: 2.886918
Receiver: 2.886586
[1222000, 1000]
[1222000, 1000]
Sender: 2.049213
Receiver: 2.049934
[1224000, 1000]
[1224000, 1000]
Sender: 2.770554
Receiver: 2.770934
[1226000, 1000]
[1226000, 1000]
Receiver: 2.487112
Sender: 2.486738
[1228000, 1000]
[1228000, 1000]
Sender: 2.721531
Receiver: 2.721985
[1230000, 1000]
[1230000, 1000]
Sender: 3.437216
Receiver: 3.438185
[1232000, 1000]
[1232000, 1000]
Sender: 2.808301
Receiver: 2.807951
[1234000, 1000]
[1234000, 1000]
Receiver: 2.551853
Sender: 2.550352
[1236000, 1000]
[1236000, 1000]
Sender: 3.289847
Receiver: 3.286777
[1238000, 1000]
[1238000, 1000]
Sender: 1.856058
Receiver: 1.857280
[1240000, 1000]
[1240000, 1000]
Sender: 2.645543
Receiver: 2.645242
[1242000, 1000]
[1242000, 1000]
Sender: 3.559723
Receiver: 3.560437
[1244000, 1000]
[1244000, 1000]
Sender: 2.325864
Receiver: 2.327235
[1246000, 1000]
[1246000, 1000]
Sender: 4.425435
Receiver: 4.424905
[1248000, 1000]
[1248000, 1000]
Sender: 2.691084
Receiver: 2.687455
[1250000, 1000]
[1250000, 1000]
Sender: 1.474122
Receiver: 1.470816
[1252000, 1000]
[1252000, 1000]
Sender: 2.551460
Receiver: 2.548501
[1254000, 1000]
[1254000, 1000]
Sender: 2.694645
Receiver: 2.695305
[1256000, 1000]
[1256000, 1000]
Receiver: 2.933667
Sender: 2.932647
[1258000, 1000]
[1258000, 1000]
Sender: 1.940249
Receiver: 1.940799
[1260000, 1000]
[1260000, 1000]
Sender: 2.935843
Receiver: 2.932254
[1262000, 1000]
[1262000, 1000]
Sender: 2.035774
Receiver: 2.036064
[1264000, 1000]
[1264000, 1000]
Sender: 1.441132
Receiver: 1.438564
[1266000, 1000]
[1266000, 1000]
Sender: 2.628989
Receiver: 2.623409
[1268000, 1000]
[1268000, 1000]
Sender: 3.402811
Receiver: 3.403140
[1270000, 1000]
[1270000, 1000]
Receiver: 3.264587
Sender: 3.264132
[1272000, 1000]
[1272000, 1000]
Sender: 3.415654
Receiver: 3.416066
[1274000, 1000]
[1274000, 1000]
Sender: 8.499987
Receiver: 8.492632
[1276000, 1000]
[1276000, 1000]
Sender: 2.195611
Receiver: 2.196025
[1278000, 1000]
[1278000, 1000]
Sender: 3.111468
Receiver: 3.108865
[1280000, 1000]
[1280000, 1000]
Receiver: 1.997497
Sender: 1.997312
[1282000, 1000]
[1282000, 1000]
Sender: 2.840008
Receiver: 2.840547
[1284000, 1000]
[1284000, 1000]
Sender: 2.138944
Receiver: 2.139782
[1286000, 1000]
[1286000, 1000]
Sender: 2.173828
Receiver: 2.172538
[1288000, 1000]
[1288000, 1000]
Sender: 1.651646
Receiver: 1.647035
[1290000, 1000]
[1290000, 1000]
Receiver: 2.446861
Sender: 2.449278
[1292000, 1000]
[1292000, 1000]
Sender: 3.611067
Receiver: 3.610873
[1294000, 1000]
[1294000, 1000]
Sender: 4.355682
Receiver: 4.356537
[1296000, 1000]
[1296000, 1000]
Sender: 3.534375
Receiver: 3.534934
[1298000, 1000]
[1298000, 1000]
Sender: 2.896180
Receiver: 2.885616
[1300000, 1000]
[1300000, 1000]
Sender: 6.126436
Receiver: 6.126828
[1302000, 1000]
[1302000, 1000]
Sender: 2.119272
Receiver: 2.120234
[1304000, 1000]
[1304000, 1000]
Sender: 4.250944
Receiver: 4.251817
[1306000, 1000]
[1306000, 1000]
Sender: 2.952903
Receiver: 2.953005
[1308000, 1000]
[1308000, 1000]
Sender: 1.999460
Receiver: 1.999702
[1310000, 1000]
[1310000, 1000]
Sender: 2.786379
Receiver: 2.786779
[1312000, 1000]
[1312000, 1000]
Sender: 2.783058
Receiver: 2.783944
[1314000, 1000]
[1314000, 1000]
Receiver: 3.248826
Sender: 3.249561
[1316000, 1000]
[1316000, 1000]
Sender: 3.119906
Receiver: 3.120826
[1318000, 1000]
[1318000, 1000]
Sender: 3.452855
Receiver: 3.453262
[1320000, 1000]
[1320000, 1000]
Sender: 3.393456
Receiver: 3.393148
[1322000, 1000]
[1322000, 1000]
Sender: 3.247594
Receiver: 3.247995
[1324000, 1000]
[1324000, 1000]
Sender: 2.060816
Receiver: 2.060208
[1326000, 1000]
[1326000, 1000]
Sender: 2.616741
Receiver: 2.614532
[1328000, 1000]
[1328000, 1000]
Sender: 2.025638
Receiver: 2.026225
[1330000, 1000]
[1330000, 1000]
Sender: 2.970735
Receiver: 2.968899
[1332000, 1000]
[1332000, 1000]
Receiver: 3.695867
Sender: 3.695470
[1334000, 1000]
[1334000, 1000]
Sender: 2.840866
Receiver: 2.840902
[1336000, 1000]
[1336000, 1000]
Receiver: 3.697963
Sender: 3.696933
[1338000, 1000]
[1338000, 1000]
Sender: 2.082540
Receiver: 2.080627
[1340000, 1000]
[1340000, 1000]
Sender: 3.385294
Receiver: 3.382981
[1342000, 1000]
[1342000, 1000]
Receiver: 2.300807
Sender: 2.300545
[1344000, 1000]
[1344000, 1000]
Sender: 3.705735
Receiver: 3.706095
[1346000, 1000]
[1346000, 1000]
Sender: 2.989929
Receiver: 2.989954
[1348000, 1000]
[1348000, 1000]
Sender: 3.703426
Receiver: 3.703636
[1350000, 1000]
[1350000, 1000]
Sender: 3.024200
Receiver: 3.024632
[1352000, 1000]
[1352000, 1000]
Sender: 2.075341
Receiver: 2.076497
[1354000, 1000]
[1354000, 1000]
Sender: 2.771794
Receiver: 2.768764
[1356000, 1000]
[1356000, 1000]
Sender: 2.121807
Receiver: 2.121107
[1358000, 1000]
[1358000, 1000]
Sender: 3.178090
Receiver: 3.179073
[1360000, 1000]
[1360000, 1000]
Sender: 2.377028
Receiver: 2.374687
[1362000, 1000]
[1362000, 1000]
Sender: 3.239376
Receiver: 3.239753
[1364000, 1000]
[1364000, 1000]
Sender: 3.015466
Receiver: 3.015017
[1366000, 1000]
[1366000, 1000]
Sender: 5.275089
Receiver: 5.274589
[1368000, 1000]
[1368000, 1000]
Sender: 4.380297
Receiver: 4.379806
[1370000, 1000]
[1370000, 1000]
Sender: 3.080090
Receiver: 3.080914
[1372000, 1000]
[1372000, 1000]
Sender: 3.408271
Receiver: 3.408924
[1374000, 1000]
[1374000, 1000]
Sender: 0.971200
Receiver: 0.970655
[1376000, 1000]
[1376000, 1000]
Receiver: 2.659537
Sender: 2.661287
[1378000, 1000]
[1378000, 1000]
Sender: 2.134254
Receiver: 2.134661
[1380000, 1000]
[1380000, 1000]
Sender: 4.594524
Receiver: 4.594069
[1382000, 1000]
[1382000, 1000]
Sender: 2.714051
Receiver: 2.713949
[1384000, 1000]
[1384000, 1000]
Sender: 2.310556
Receiver: 2.308294
[1386000, 1000]
[1386000, 1000]
Sender: 2.237708
Receiver: 2.237852
[1388000, 1000]
[1388000, 1000]
Sender: 4.282177
Receiver: 4.282945
[1390000, 1000]
[1390000, 1000]
Sender: 7.677012
Receiver: 7.677398
[1392000, 1000]
[1392000, 1000]
Sender: 2.105832
Receiver: 2.103609
[1394000, 1000]
[1394000, 1000]
Sender: 2.927135
Receiver: 2.928214
[1396000, 1000]
[1396000, 1000]
Sender: 2.274827
Receiver: 2.274997
[1398000, 1000]
[1398000, 1000]
Sender: 2.521679
Receiver: 2.522646
[1400000, 1000]
[1400000, 1000]
Sender: 3.024165
Receiver: 3.023440
[1402000, 1000]
[1402000, 1000]
Sender: 2.133188
Receiver: 2.132879
[1404000, 1000]
[1404000, 1000]
Sender: 2.179353
Receiver: 2.179458
[1406000, 1000]
[1406000, 1000]
Sender: 4.529182
Receiver: 4.527136
[1408000, 1000]
[1408000, 1000]
Sender: 2.137492
Receiver: 2.135717
[1410000, 1000]
[1410000, 1000]
Sender: 2.226676
Receiver: 2.224416
[1412000, 1000]
[1412000, 1000]
Sender: 3.397237
Receiver: 3.398121
[1414000, 1000]
[1414000, 1000]
Receiver: 2.598824
Sender: 2.598502
[1416000, 1000]
[1416000, 1000]
Sender: 2.916341
Receiver: 2.915143
[1418000, 1000]
[1418000, 1000]
Sender: 5.370394
Receiver: 5.370039
[1420000, 1000]
[1420000, 1000]
