[1420000, 1000]
[1420000, 1000]
Sender: 3.870567
Receiver: 3.870955
[1422000, 1000]
[1422000, 1000]
Sender: 4.274687
Receiver: 4.274359
[1424000, 1000]
[1424000, 1000]
Sender: 4.400689
Receiver: 4.407166
[1426000, 1000]
[1426000, 1000]
Sender: 2.467239
Receiver: 2.467538
[1428000, 1000]
[1428000, 1000]
Receiver: 3.557283
Sender: 3.557594
[1430000, 1000]
[1430000, 1000]
Sender: 2.878002
Receiver: 2.876869
[1432000, 1000]
[1432000, 1000]
Sender: 3.900955
Receiver: 3.894392
[1434000, 1000]
[1434000, 1000]
Sender: 3.690089
Receiver: 3.687739
[1436000, 1000]
[1436000, 1000]
Sender: 3.267108
Receiver: 3.266203
[1438000, 1000]
[1438000, 1000]
Sender: 2.544616
Receiver: 2.542952
[1440000, 1000]
[1440000, 1000]
Sender: 3.318527
Receiver: 3.307113
[1442000, 1000]
[1442000, 1000]
Sender: 6.038614
Receiver: 6.038210
[1444000, 1000]
[1444000, 1000]
Sender: 5.616807
Receiver: 5.624968
[1446000, 1000]
[1446000, 1000]
Sender: 2.222256
Receiver: 2.222612
[1448000, 1000]
[1448000, 1000]
Sender: 3.859636
Receiver: 3.860108
[1450000, 1000]
[1450000, 1000]
Sender: 3.885026
Receiver: 3.875511
[1452000, 1000]
[1452000, 1000]
Sender: 4.538046
Receiver: 4.535702
[1454000, 1000]
[1454000, 1000]
Sender: 4.833511
Receiver: 4.833962
[1456000, 1000]
[1456000, 1000]
Sender: 4.204599
Receiver: 4.204269
[1458000, 1000]
[1458000, 1000]
Sender: 2.987309
Receiver: 2.988278
[1460000, 1000]
[1460000, 1000]
Sender: 3.805076
Receiver: 3.804771
[1462000, 1000]
[1462000, 1000]
Sender: 3.701495
Receiver: 3.701880
[1464000, 1000]
[1464000, 1000]
Sender: 3.521631
Receiver: 3.522792
[1466000, 1000]
[1466000, 1000]
Sender: 3.854521
Receiver: 3.854786
[1468000, 1000]
[1468000, 1000]
Sender: 3.554537
Receiver: 3.554886
[1470000, 1000]
[1470000, 1000]
Sender: 4.396518
Receiver: 4.397004
[1472000, 1000]
[1472000, 1000]
Sender: 6.735904
Receiver: 6.735657
[1474000, 1000]
[1474000, 1000]
Sender: 3.738705
Receiver: 3.739662
[1476000, 1000]
[1476000, 1000]
Sender: 6.218974
Receiver: 6.219371
[1478000, 1000]
[1478000, 1000]
Sender: 3.524021
Receiver: 3.524353
[1480000, 1000]
[1480000, 1000]
Sender: 4.612027
Receiver: 4.612499
[1482000, 1000]
[1482000, 1000]
Sender: 2.631174
Receiver: 2.631695
[1484000, 1000]
[1484000, 1000]
Sender: 3.184858
Receiver: 3.184313
[1486000, 1000]
[1486000, 1000]
Sender: 2.559128
Receiver: 2.560197
[1488000, 1000]
[1488000, 1000]
Sender: 2.420001
Receiver: 2.420398
[1490000, 1000]
[1490000, 1000]
Sender: 3.260820
Receiver: 3.255006
[1492000, 1000]
[1492000, 1000]
Sender: 2.407304
Receiver: 2.406962
[1494000, 1000]
[1494000, 1000]
Sender: 2.412049
Receiver: 2.410524
[1496000, 1000]
[1496000, 1000]
Sender: 2.494061
Receiver: 2.494967
[1498000, 1000]
[1498000, 1000]
Sender: 3.196314
Receiver: 3.183557
[1500000, 1000]
[1500000, 1000]
Sender: 2.519397
Receiver: 2.519897
[1502000, 1000]
[1502000, 1000]
Sender: 2.832478
Receiver: 2.840165
[1504000, 1000]
[1504000, 1000]
Receiver: 2.831353
Sender: 2.830423
[1506000, 1000]
[1506000, 1000]
Sender: 2.419507
Receiver: 2.419952
[1508000, 1000]
[1508000, 1000]
Sender: 3.848036
Receiver: 3.845949
[1510000, 1000]
[1510000, 1000]
Sender: 2.299347
Receiver: 2.299590
[1512000, 1000]
[1512000, 1000]
Sender: 2.841248
Receiver: 2.841707
[1514000, 1000]
[1514000, 1000]
Sender: 2.996841
Receiver: 2.997199
[1516000, 1000]
[1516000, 1000]
Receiver: 2.308864
Sender: 2.308411
[1518000, 1000]
[1518000, 1000]
Sender: 4.509850
Receiver: 4.510281
[1520000, 1000]
[1520000, 1000]
Sender: 6.803232
Receiver: 6.802717
[1522000, 1000]
[1522000, 1000]
Sender: 3.635225
Receiver: 3.636234
[1524000, 1000]
[1524000, 1000]
Sender: 4.288119
Receiver: 4.288463
[1526000, 1000]
[1526000, 1000]
Sender: 4.286536
Receiver: 4.286934
[1528000, 1000]
[1528000, 1000]
Sender: 4.341100
Receiver: 4.342079
[1530000, 1000]
[1530000, 1000]
Sender: 2.838916
Receiver: 2.839411
[1532000, 1000]
[1532000, 1000]
Sender: 2.945890
Receiver: 2.941579
[1534000, 1000]
[1534000, 1000]
Sender: 2.476593
Receiver: 2.476856
[1536000, 1000]
[1536000, 1000]
Sender: 2.363837
Receiver: 2.363565
[1538000, 1000]
[1538000, 1000]
Sender: 3.162823
Receiver: 3.162472
[1540000, 1000]
[1540000, 1000]
Sender: 3.324800
Receiver: 3.325815
[1542000, 1000]
[1542000, 1000]
Sender: 3.546964
Receiver: 3.544578
[1544000, 1000]
[1544000, 1000]
Sender: 6.143586
Receiver: 6.144082
[1546000, 1000]
[1546000, 1000]
Sender: 2.781719
Receiver: 2.782119
[1548000, 1000]
[1548000, 1000]
Sender: 3.301710
Receiver: 3.301398
[1550000, 1000]
[1550000, 1000]
Sender: 3.265709
Receiver: 3.266028
[1552000, 1000]
[1552000, 1000]
Sender: 5.856227
Receiver: 5.857315
[1554000, 1000]
[1554000, 1000]
Sender: 3.871675
Receiver: 3.872758
[1556000, 1000]
[1556000, 1000]
Sender: 4.472483
Receiver: 4.469105
[1558000, 1000]
[1558000, 1000]
Sender: 3.257593
Receiver: 3.250213
[1560000, 1000]
[1560000, 1000]
Sender: 3.486606
Receiver: 3.487724
[1562000, 1000]
[1562000, 1000]
Sender: 3.209861
Receiver: 3.208258
[1564000, 1000]
[1564000, 1000]
Sender: 4.929899
Receiver: 4.926161
[1566000, 1000]
[1566000, 1000]
Sender: 2.919646
Receiver: 2.915696
[1568000, 1000]
[1568000, 1000]
Sender: 2.405273
Receiver: 2.405805
[1570000, 1000]
[1570000, 1000]
Sender: 3.260455
Receiver: 3.253540
[1572000, 1000]
[1572000, 1000]
Sender: 3.565562
Receiver: 3.558361
[1574000, 1000]
[1574000, 1000]
Sender: 4.190233
Receiver: 4.187392
[1576000, 1000]
[1576000, 1000]
Sender: 4.107548
Receiver: 4.099957
[1578000, 1000]
[1578000, 1000]
Sender: 3.261256
Receiver: 3.256157
[1580000, 1000]
[1580000, 1000]
Sender: 3.276800
Receiver: 3.274618
[1582000, 1000]
[1582000, 1000]
Sender: 3.789390
Receiver: 3.787198
[1584000, 1000]
[1584000, 1000]
Sender: 3.184614
Receiver: 3.184198
[1586000, 1000]
[1586000, 1000]
Sender: 4.796125
Receiver: 4.793043
[1588000, 1000]
[1588000, 1000]
Sender: 3.716405
Receiver: 3.716115
[1590000, 1000]
[1590000, 1000]
Sender: 3.351704
Receiver: 3.349467
[1592000, 1000]
[1592000, 1000]
Sender: 5.156044
Receiver: 5.157028
[1594000, 1000]
[1594000, 1000]
Sender: 3.800219
Receiver: 3.799929
[1596000, 1000]
[1596000, 1000]
Sender: 3.204154
Receiver: 3.200420
[1598000, 1000]
[1598000, 1000]
Sender: 3.464442
Receiver: 3.460361
[1600000, 1000]
[1600000, 1000]
Sender: 4.747261
Receiver: 4.748290
[1602000, 1000]
[1602000, 1000]
Sender: 2.895771
Receiver: 2.896786
[1604000, 1000]
[1604000, 1000]
Sender: 3.326770
Receiver: 3.321693
[1606000, 1000]
[1606000, 1000]
Sender: 3.361243
Receiver: 3.361480
[1608000, 1000]
[1608000, 1000]
Sender: 3.876737
Receiver: 3.877169
[1610000, 1000]
[1610000, 1000]
Sender: 3.844386
Receiver: 3.844788
[1612000, 1000]
[1612000, 1000]
Sender: 3.136963
Receiver: 3.137512
[1614000, 1000]
[1614000, 1000]
Sender: 6.572298
Receiver: 6.573253
[1616000, 1000]
[1616000, 1000]
Sender: 3.656849
Receiver: 3.656379
[1618000, 1000]
[1618000, 1000]
Sender: 2.996349
Receiver: 2.997282
[1620000, 1000]
[1620000, 1000]
Sender: 2.926313
Receiver: 2.923389
[1622000, 1000]
[1622000, 1000]
Sender: 7.564774
Receiver: 7.564252
[1624000, 1000]
[1624000, 1000]
Sender: 3.460489
Receiver: 3.460108
[1626000, 1000]
[1626000, 1000]
Sender: 3.343452
Receiver: 3.343682
[1628000, 1000]
[1628000, 1000]
Sender: 3.336717
Receiver: 3.327028
[1630000, 1000]
[1630000, 1000]
Sender: 3.173786
Receiver: 3.193808
[1632000, 1000]
[1632000, 1000]
Sender: 2.362586
Receiver: 2.362932
[1634000, 1000]
[1634000, 1000]
Sender: 3.523164
Receiver: 3.518292
[1636000, 1000]
[1636000, 1000]
Sender: 3.654677
Receiver: 3.640391
[1638000, 1000]
[1638000, 1000]
Sender: 6.194367
Receiver: 6.194842
[1640000, 1000]
[1640000, 1000]
Sender: 3.852395
Receiver: 3.852036
[1642000, 1000]
[1642000, 1000]
Sender: 4.377844
Receiver: 4.378261
[1644000, 1000]
[1644000, 1000]
Sender: 2.633899
Receiver: 2.634148
[1646000, 1000]
[1646000, 1000]
Sender: 3.317693
Receiver: 3.317268
[1648000, 1000]
[1648000, 1000]
Sender: 3.414184
Receiver: 3.415114
[1650000, 1000]
[1650000, 1000]
Sender: 3.274392
Receiver: 3.263643
[1652000, 1000]
[1652000, 1000]
Sender: 3.486191
Receiver: 3.485733
[1654000, 1000]
[1654000, 1000]
Sender: 2.380439
Receiver: 2.381316
[1656000, 1000]
[1656000, 1000]
Sender: 3.172829
Receiver: 3.173076
[1658000, 1000]
[1658000, 1000]
Sender: 3.578563
Receiver: 3.574863
[1660000, 1000]
[1660000, 1000]
Sender: 7.560489
Receiver: 7.558992
[1662000, 1000]
[1662000, 1000]
Sender: 3.690062
Receiver: 3.690362
[1664000, 1000]
[1664000, 1000]
Sender: 3.661187
Receiver: 3.661524
[1666000, 1000]
[1666000, 1000]
Sender: 2.416805
Receiver: 2.417170
[1668000, 1000]
[1668000, 1000]
Sender: 4.109324
Receiver: 4.109751
[1670000, 1000]
[1670000, 1000]
Receiver: 4.228804
Sender: 4.228512
[1672000, 1000]
[1672000, 1000]
Sender: 2.749825
Receiver: 2.750073
[1674000, 1000]
[1674000, 1000]
Sender: 4.202339
Receiver: 4.202649
[1676000, 1000]
[1676000, 1000]
Sender: 5.762480
Receiver: 5.762843
[1678000, 1000]
[1678000, 1000]
Sender: 6.062498
Receiver: 6.062756
[1680000, 1000]
[1680000, 1000]
Sender: 3.582657
Receiver: 3.583596
[1682000, 1000]
[1682000, 1000]
Sender: 3.888453
Receiver: 3.888809
[1684000, 1000]
[1684000, 1000]
Sender: 3.399501
Receiver: 3.395157
[1686000, 1000]
[1686000, 1000]
Sender: 3.221087
Receiver: 3.216978
[1688000, 1000]
[1688000, 1000]
Sender: 3.357028
Receiver: 3.345449
[1690000, 1000]
[1690000, 1000]
Sender: 3.437841
Receiver: 3.426997
[1692000, 1000]
[1692000, 1000]
Sender: 5.657769
Receiver: 5.654268
[1694000, 1000]
[1694000, 1000]
Sender: 2.458233
Receiver: 2.459087
[1696000, 1000]
[1696000, 1000]
Sender: 2.531924
Receiver: 2.532344
[1698000, 1000]
[1698000, 1000]
Sender: 6.395264
Receiver: 6.393497
[1700000, 1000]
[1700000, 1000]
Sender: 2.502338
Receiver: 2.498236
[1702000, 1000]
[1702000, 1000]
Sender: 3.262523
Receiver: 3.258101
[1704000, 1000]
[1704000, 1000]
Sender: 3.264372
Receiver: 3.264595
[1706000, 1000]
[1706000, 1000]
Sender: 3.675748
Receiver: 3.666229
[1708000, 1000]
[1708000, 1000]
Sender: 3.190501
Receiver: 3.187894
[1710000, 1000]
[1710000, 1000]
Sender: 3.479201
Receiver: 3.475219
[1712000, 1000]
[1712000, 1000]
Sender: 3.741917
Receiver: 3.742096
[1714000, 1000]
[1714000, 1000]
Sender: 3.724329
Receiver: 3.724750
[1716000, 1000]
[1716000, 1000]
Sender: 6.072895
Receiver: 6.073311
[1718000, 1000]
[1718000, 1000]
Sender: 7.016826
Receiver: 7.017206
[1720000, 1000]
[1720000, 1000]
Sender: 3.765206
Receiver: 3.765522
[1722000, 1000]
[1722000, 1000]
Sender: 4.327225
Receiver: 4.328240
[1724000, 1000]
[1724000, 1000]
Sender: 2.364826
Receiver: 2.362523
[1726000, 1000]
[1726000, 1000]
Sender: 3.284065
Receiver: 3.284459
[1728000, 1000]
[1728000, 1000]
Sender: 3.239823
Receiver: 3.231806
[1730000, 1000]
[1730000, 1000]
Sender: 3.216147
Receiver: 3.215778
[1732000, 1000]
[1732000, 1000]
Sender: 4.744153
Receiver: 4.734528
[1734000, 1000]
[1734000, 1000]
Sender: 3.677575
Receiver: 3.678443
[1736000, 1000]
[1736000, 1000]
Sender: 4.100046
Receiver: 4.098416
[1738000, 1000]
[1738000, 1000]
Sender: 4.082490
Receiver: 4.083511
[1740000, 1000]
[1740000, 1000]
Sender: 4.060757
Receiver: 4.055123
[1742000, 1000]
[1742000, 1000]
Sender: 3.156247
Receiver: 3.153676
[1744000, 1000]
[1744000, 1000]
Sender: 3.327086
Receiver: 3.317787
[1746000, 1000]
[1746000, 1000]
Sender: 3.066884
Receiver: 3.067489
[1748000, 1000]
[1748000, 1000]
Sender: 2.454657
Receiver: 2.455076
[1750000, 1000]
[1750000, 1000]
Sender: 2.969105
Receiver: 2.963562
[1752000, 1000]
[1752000, 1000]
Sender: 3.486310
Receiver: 3.485938
[1754000, 1000]
[1754000, 1000]
Sender: 3.306390
Receiver: 3.298894
[1756000, 1000]
[1756000, 1000]
Sender: 3.380785
Receiver: 3.374418
[1758000, 1000]
[1758000, 1000]
Sender: 3.320402
Receiver: 3.317111
[1760000, 1000]
[1760000, 1000]
Sender: 3.590023
Receiver: 3.585323
[1762000, 1000]
[1762000, 1000]
Sender: 3.030060
Receiver: 3.028455
[1764000, 1000]
[1764000, 1000]
Sender: 3.390292
Receiver: 3.390707
[1766000, 1000]
[1766000, 1000]
Sender: 2.460009
Receiver: 2.460318
[1768000, 1000]
[1768000, 1000]
Sender: 2.624257
Receiver: 2.624582
[1770000, 1000]
[1770000, 1000]
Sender: 4.031574
Receiver: 4.032659
[1772000, 1000]
[1772000, 1000]
Sender: 5.179570
Receiver: 5.179309
[1774000, 1000]
[1774000, 1000]
Sender: 8.121389
Receiver: 8.121731
[1776000, 1000]
[1776000, 1000]
Sender: 3.477218
Receiver: 3.478274
[1778000, 1000]
[1778000, 1000]
Sender: 3.492935
Receiver: 3.493252
[1780000, 1000]
[1780000, 1000]
Sender: 4.211804
Receiver: 4.212929
[1782000, 1000]
[1782000, 1000]
Sender: 2.696875
Receiver: 2.698051
[1784000, 1000]
[1784000, 1000]
Sender: 4.397408
Receiver: 4.397691
[1786000, 1000]
[1786000, 1000]
Sender: 2.951341
Receiver: 2.938705
[1788000, 1000]
[1788000, 1000]
Sender: 2.391768
Receiver: 2.391313
[1790000, 1000]
[1790000, 1000]
Sender: 3.685090
Receiver: 3.685593
[1792000, 1000]
[1792000, 1000]
Sender: 4.367846
Receiver: 4.367407
[1794000, 1000]
[1794000, 1000]
Sender: 3.975344
Receiver: 3.974904
[1796000, 1000]
[1796000, 1000]
Sender: 3.773396
Receiver: 3.774254
[1798000, 1000]
[1798000, 1000]
Sender: 2.860742
Receiver: 2.861068
[1800000, 1000]
[1800000, 1000]
Sender: 3.634443
Receiver: 3.634124
[1802000, 1000]
[1802000, 1000]
Sender: 3.696262
Receiver: 3.696759
[1804000, 1000]
[1804000, 1000]
Sender: 5.151136
Receiver: 5.148890
[1806000, 1000]
[1806000, 1000]
Sender: 2.680056
Receiver: 2.679857
[1808000, 1000]
[1808000, 1000]
Sender: 3.416180
Receiver: 3.406596
[1810000, 1000]
[1810000, 1000]
Sender: 4.228856
Receiver: 4.226688
[1812000, 1000]
[1812000, 1000]
Sender: 2.558310
Receiver: 2.557888
[1814000, 1000]
[1814000, 1000]
Sender: 3.396901
Receiver: 3.389890
[1816000, 1000]
[1816000, 1000]
Sender: 2.924479
Receiver: 2.920937
[1818000, 1000]
[1818000, 1000]
Sender: 3.301512
Receiver: 3.301690
[1820000, 1000]
[1820000, 1000]
Sender: 3.761566
Receiver: 3.762024
[1822000, 1000]
[1822000, 1000]
Sender: 3.616957
Receiver: 3.617238
[1824000, 1000]
[1824000, 1000]
Sender: 2.733149
Receiver: 2.734101
[1826000, 1000]
[1826000, 1000]
Sender: 4.165625
Receiver: 4.165996
[1828000, 1000]
[1828000, 1000]
Sender: 2.479467
Receiver: 2.479106
[1830000, 1000]
[1830000, 1000]
Sender: 3.172227
Receiver: 3.172571
[1832000, 1000]
[1832000, 1000]
Sender: 3.322742
Receiver: 3.316579
[1834000, 1000]
[1834000, 1000]
Sender: 3.225945
Receiver: 3.226982
[1836000, 1000]
[1836000, 1000]
Sender: 3.645937
Receiver: 3.646322
[1838000, 1000]
[1838000, 1000]
Sender: 3.926367
Receiver: 3.926152
[1840000, 1000]
[1840000, 1000]
Sender: 3.505423
Receiver: 3.505868
[1842000, 1000]
[1842000, 1000]
Sender: 4.407780
Receiver: 4.407422
[1844000, 1000]
[1844000, 1000]
Sender: 3.223872
Receiver: 3.219617
[1846000, 1000]
[1846000, 1000]
Sender: 2.421165
Receiver: 2.414651
[1848000, 1000]
[1848000, 1000]
Sender: 3.011343
Receiver: 3.007923
[1850000, 1000]
[1850000, 1000]
Sender: 3.301010
Receiver: 3.295462
[1852000, 1000]
[1852000, 1000]
Sender: 3.162627
Receiver: 3.153040
[1854000, 1000]
[1854000, 1000]
Sender: 3.917440
Receiver: 3.905967
[1856000, 1000]
[1856000, 1000]
Sender: 2.708169
Receiver: 2.709066
[1858000, 1000]
[1858000, 1000]
Sender: 3.414970
Receiver: 3.415267
[1860000, 1000]
[1860000, 1000]
Sender: 3.151971
Receiver: 3.142560
[1862000, 1000]
[1862000, 1000]
Sender: 3.328398
Receiver: 3.310869
[1864000, 1000]
[1864000, 1000]
Sender: 3.347934
Receiver: 3.343898
[1866000, 1000]
[1866000, 1000]
Sender: 4.961049
Receiver: 4.957468
[1868000, 1000]
[1868000, 1000]
Sender: 3.928481
Receiver: 3.929435
[1870000, 1000]
[1870000, 1000]
Sender: 8.347701
Receiver: 8.351286
[1872000, 1000]
[1872000, 1000]
Sender: 3.812076
Receiver: 3.813074
[1874000, 1000]
[1874000, 1000]
Sender: 4.443523
Receiver: 4.444081
[1876000, 1000]
[1876000, 1000]
Sender: 2.478812
Receiver: 2.473883
[1878000, 1000]
[1878000, 1000]
Sender: 5.303922
Receiver: 5.295590
[1880000, 1000]
[1880000, 1000]
Sender: 3.948142
Receiver: 3.947728
[1882000, 1000]
[1882000, 1000]
Sender: 3.784920
Receiver: 3.784525
[1884000, 1000]
[1884000, 1000]
Receiver: 3.932981
Sender: 3.936651
[1886000, 1000]
[1886000, 1000]
Sender: 2.465581
Receiver: 2.465245
[1888000, 1000]
[1888000, 1000]
Sender: 3.430542
Receiver: 3.430104
[1890000, 1000]
[1890000, 1000]
Sender: 2.731406
Receiver: 2.731618
[1892000, 1000]
[1892000, 1000]
Sender: 3.243391
Receiver: 3.243817
[1894000, 1000]
[1894000, 1000]
Sender: 3.783570
Receiver: 3.782763
[1896000, 1000]
[1896000, 1000]
Sender: 3.576368
Receiver: 3.576648
[1898000, 1000]
[1898000, 1000]
Sender: 3.907838
Receiver: 3.908073
[1900000, 1000]
[1900000, 1000]
Sender: 2.606152
Receiver: 2.606500
[1902000, 1000]
[1902000, 1000]
Sender: 3.864289
Receiver: 3.858699
[1904000, 1000]
[1904000, 1000]
Sender: 4.640781
Receiver: 4.664838
[1906000, 1000]
[1906000, 1000]
Sender: 2.402207
Receiver: 2.403215
[1908000, 1000]
[1908000, 1000]
Sender: 3.370185
Receiver: 3.370319
[1910000, 1000]
[1910000, 1000]
Sender: 4.308038
Receiver: 4.309135
[1912000, 1000]
[1912000, 1000]
Receiver: 3.143943
Sender: 3.146244
[1914000, 1000]
[1914000, 1000]
Sender: 4.632698
Receiver: 4.633663
[1916000, 1000]
[1916000, 1000]
Receiver: 3.088715
Sender: 3.087615
[1918000, 1000]
[1918000, 1000]
Sender: 3.675012
Receiver: 3.674747
[1920000, 1000]
[1920000, 1000]
Sender: 3.864576
Receiver: 3.864891
[1922000, 1000]
[1922000, 1000]
Sender: 4.993899
Receiver: 4.991730
[1924000, 1000]
[1924000, 1000]
Sender: 4.129760
Receiver: 4.130826
[1926000, 1000]
[1926000, 1000]
Sender: 4.807299
Receiver: 4.807816
[1928000, 1000]
[1928000, 1000]
Sender: 4.175648
Receiver: 4.169613
[1930000, 1000]
[1930000, 1000]
Sender: 3.965954
Receiver: 3.960361
[1932000, 1000]
[1932000, 1000]
Sender: 2.513800
Receiver: 2.514775
[1934000, 1000]
[1934000, 1000]
Sender: 3.456426
Receiver: 3.448508
[1936000, 1000]
[1936000, 1000]
Sender: 3.472843
Receiver: 3.473162
[1938000, 1000]
[1938000, 1000]
Sender: 3.316427
Receiver: 3.316158
[1940000, 1000]
[1940000, 1000]
Sender: 4.826475
Receiver: 4.826910
[1942000, 1000]
[1942000, 1000]
Receiver: 9.145189
Sender: 9.145470
[1944000, 1000]
[1944000, 1000]
Receiver: 3.647870
Sender: 3.647481
[1946000, 1000]
[1946000, 1000]
Sender: 4.046371
Receiver: 4.046834
[1948000, 1000]
[1948000, 1000]
Receiver: 3.020906
Sender: 3.022945
[1950000, 1000]
[1950000, 1000]
Sender: 3.419068
Receiver: 3.419543
[1952000, 1000]
[1952000, 1000]
Sender: 5.138231
Receiver: 5.136816
[1954000, 1000]
[1954000, 1000]
Sender: 3.569344
Receiver: 3.569906
[1956000, 1000]
[1956000, 1000]
Receiver: 3.493941
Sender: 3.507033
[1958000, 1000]
[1958000, 1000]
Receiver: 3.502559
Sender: 3.506132
[1960000, 1000]
[1960000, 1000]
Sender: 3.231207
Receiver: 3.214154
[1962000, 1000]
[1962000, 1000]
Receiver: 3.294119
Sender: 3.305782
[1964000, 1000]
[1964000, 1000]
Sender: 3.068666
Receiver: 3.065895
[1966000, 1000]
[1966000, 1000]
Receiver: 3.349317
Sender: 3.353622
[1968000, 1000]
[1968000, 1000]
Receiver: 2.694852
Sender: 2.694481
[1970000, 1000]
[1970000, 1000]
Sender: 4.751514
Receiver: 4.752579
[1972000, 1000]
[1972000, 1000]
Sender: 3.723062
Receiver: 3.720857
[1974000, 1000]
[1974000, 1000]
Sender: 5.648240
Receiver: 5.639956
[1976000, 1000]
[1976000, 1000]
Sender: 4.383952
Receiver: 4.384408
[1978000, 1000]
[1978000, 1000]
Sender: 2.786126
Receiver: 2.786629
[1980000, 1000]
[1980000, 1000]
Sender: 4.269110
Receiver: 4.262797
[1982000, 1000]
[1982000, 1000]
Sender: 2.958035
Receiver: 2.954010
[1984000, 1000]
[1984000, 1000]
Sender: 3.408982
Receiver: 3.405546
[1986000, 1000]
[1986000, 1000]
Sender: 4.019757
Receiver: 4.045942
[1988000, 1000]
[1988000, 1000]
Receiver: 3.961414
Sender: 3.960840
[1990000, 1000]
[1990000, 1000]
Sender: 2.965991
Receiver: 2.965507
[1992000, 1000]
[1992000, 1000]
Sender: 3.688940
Receiver: 3.690069
[1994000, 1000]
[1994000, 1000]
Sender: 3.041191
Receiver: 3.041694
[1996000, 1000]
[1996000, 1000]
Sender: 3.774002
Receiver: 3.773566
[1998000, 1000]
[1998000, 1000]
Receiver: 3.825071
Sender: 3.824668
[2000000, 1000]
[2000000, 1000]
Sender: 3.751335
Receiver: 3.751759
