[2000, 1000]
[2000, 1000]
Sender: 0.001178
Receiver: 0.000494
[4000, 1000]
[4000, 1000]
Sender: 0.000682
Receiver: 0.001286
[6000, 1000]
[6000, 1000]
Sender: 0.000736
Receiver: 0.000828
[8000, 1000]
[8000, 1000]
Sender: 0.001611
Receiver: 0.000963
[10000, 1000]
[10000, 1000]
Sender: 0.001093
Receiver: 0.001150
[12000, 1000]
[12000, 1000]
Sender: 0.001860
Receiver: 0.001185
[14000, 1000]
[14000, 1000]
Sender: 0.002085
Receiver: 0.001449
[16000, 1000]
[16000, 1000]
Sender: 0.001624
Receiver: 0.002317
[18000, 1000]
[18000, 1000]
Sender: 0.001907
Receiver: 0.002665
[20000, 1000]
[20000, 1000]
Sender: 0.002081
Receiver: 0.002128
[22000, 1000]
[22000, 1000]
Sender: 0.002330
Receiver: 0.002421
[24000, 1000]
[24000, 1000]
Sender: 0.002479
Receiver: 0.002406
[26000, 1000]
[26000, 1000]
Sender: 0.003051
Receiver: 0.002545
[28000, 1000]
[28000, 1000]
Sender: 0.002797
Receiver: 0.002820
[30000, 1000]
[30000, 1000]
Sender: 0.003523
Receiver: 0.002920
[32000, 1000]
[32000, 1000]
Sender: 0.003215
Receiver: 0.003258
[34000, 1000]
[34000, 1000]
Sender: 0.003631
Receiver: 0.003761
[36000, 1000]
[36000, 1000]
Sender: 0.003686
Receiver: 0.003782
[38000, 1000]
[38000, 1000]
Sender: 0.003927
Receiver: 0.003992
[40000, 1000]
[40000, 1000]
Sender: 0.004345
Receiver: 0.003867
[42000, 1000]
[42000, 1000]
Sender: 0.004405
Receiver: 0.004572
[44000, 1000]
[44000, 1000]
Sender: 0.004524
Receiver: 0.004729
[46000, 1000]
[46000, 1000]
Sender: 0.004780
Receiver: 0.004930
[48000, 1000]
[48000, 1000]
Sender: 0.004982
Receiver: 0.004550
[50000, 1000]
[50000, 1000]
Sender: 0.005275
Receiver: 0.006054
[52000, 1000]
[52000, 1000]
Sender: 0.005366
Receiver: 0.005605
[54000, 1000]
[54000, 1000]
Sender: 0.005605
Receiver: 0.005230
[56000, 1000]
[56000, 1000]
Sender: 0.005718
Receiver: 0.005311
[58000, 1000]
[58000, 1000]
Sender: 0.006397
Receiver: 0.006424
[60000, 1000]
[60000, 1000]
Sender: 0.006187
Receiver: 0.006415
[62000, 1000]
[62000, 1000]
Sender: 0.006484
Receiver: 0.006703
[64000, 1000]
[64000, 1000]
Sender: 0.006662
Receiver: 0.006967
[66000, 1000]
[66000, 1000]
Sender: 0.009279
Receiver: 0.009235
[68000, 1000]
[68000, 1000]
Sender: 0.009387
Receiver: 0.009962
[70000, 1000]
[70000, 1000]
Sender: 0.009537
Receiver: 0.009543
[72000, 1000]
[72000, 1000]
Sender: 0.009923
Receiver: 0.010497
[74000, 1000]
[74000, 1000]
Sender: 0.010147
Receiver: 0.010112
[76000, 1000]
[76000, 1000]
Sender: 0.010341
Receiver: 0.011070
[78000, 1000]
[78000, 1000]
Sender: 0.010540
Receiver: 0.011180
[80000, 1000]
[80000, 1000]
Sender: 0.010712
Receiver: 0.010660
[82000, 1000]
[82000, 1000]
Sender: 0.011179
Receiver: 0.011177
[84000, 1000]
[84000, 1000]
Sender: 0.011854
Receiver: 0.011271
[86000, 1000]
[86000, 1000]
Sender: 0.011923
Receiver: 0.011285
[88000, 1000]
[88000, 1000]
Sender: 0.011707
Receiver: 0.011732
[90000, 1000]
[90000, 1000]
Sender: 0.011979
Receiver: 0.011985
[92000, 1000]
[92000, 1000]
Sender: 0.012171
Receiver: 0.012766
[94000, 1000]
[94000, 1000]
Sender: 0.012974
Receiver: 0.012332
[96000, 1000]
[96000, 1000]
Sender: 0.013164
Receiver: 0.012469
[98000, 1000]
[98000, 1000]
Sender: 0.013352
Receiver: 0.012691
[100000, 1000]
[100000, 1000]
Sender: 0.012986
Receiver: 0.013640
[102000, 1000]
[102000, 1000]
Sender: 0.013868
Receiver: 0.013232
[104000, 1000]
[104000, 1000]
Sender: 0.013410
Receiver: 0.013429
[106000, 1000]
[106000, 1000]
Sender: 0.013579
Receiver: 0.013590
[108000, 1000]
[108000, 1000]
Sender: 0.013793
Receiver: 0.014448
[110000, 1000]
[110000, 1000]
Sender: 0.014162
Receiver: 0.014797
[112000, 1000]
[112000, 1000]
Sender: 0.013988
Receiver: 0.014630
[114000, 1000]
[114000, 1000]
Sender: 0.014484
Receiver: 0.014478
[116000, 1000]
[116000, 1000]
Sender: 0.015388
Receiver: 0.014750
[118000, 1000]
[118000, 1000]
Sender: 0.015697
Receiver: 0.015008
[120000, 1000]
[120000, 1000]
Sender: 0.015697
Receiver: 0.015060
[122000, 1000]
[122000, 1000]
Sender: 0.015325
Receiver: 0.015351
[124000, 1000]
[124000, 1000]
Sender: 0.015495
Receiver: 0.015430
[126000, 1000]
[126000, 1000]
Sender: 0.015669
Receiver: 0.015648
[128000, 1000]
[128000, 1000]
Sender: 0.016227
Receiver: 0.016217
[130000, 1000]
[130000, 1000]
Sender: 0.016318
Receiver: 0.016337
[132000, 1000]
[132000, 1000]
Sender: 0.016995
Receiver: 0.016902
[134000, 1000]
[134000, 1000]
Sender: 0.018401
Receiver: 0.017812
[136000, 1000]
[136000, 1000]
Sender: 0.017659
Receiver: 0.017035
[138000, 1000]
[138000, 1000]
Sender: 0.017348
Receiver: 0.017981
[140000, 1000]
[140000, 1000]
Sender: 0.017666
Receiver: 0.017611
[142000, 1000]
[142000, 1000]
Sender: 0.017971
Receiver: 0.018574
[144000, 1000]
[144000, 1000]
Sender: 0.018129
Receiver: 0.018083
[146000, 1000]
[146000, 1000]
Sender: 0.018501
Receiver: 0.018466
[148000, 1000]
[148000, 1000]
Sender: 0.018629
Receiver: 0.019337
[150000, 1000]
[150000, 1000]
Sender: 0.018736
Receiver: 0.018767
[152000, 1000]
[152000, 1000]
Sender: 0.019269
Receiver: 0.019267
[154000, 1000]
[154000, 1000]
Sender: 0.020370
Receiver: 0.019583
[156000, 1000]
[156000, 1000]
Sender: 0.020845
Receiver: 0.020852
[158000, 1000]
[158000, 1000]
Sender: 0.019538
Receiver: 0.019532
[160000, 1000]
[160000, 1000]
Sender: 0.019834
Receiver: 0.019807
[162000, 1000]
[162000, 1000]
Sender: 0.020105
Receiver: 0.020739
[164000, 1000]
[164000, 1000]
Sender: 0.020962
Receiver: 0.020315
[166000, 1000]
[166000, 1000]
Sender: 0.020634
Receiver: 0.020682
[168000, 1000]
[168000, 1000]
Sender: 0.020850
Receiver: 0.020826
[170000, 1000]
[170000, 1000]
Sender: 0.021072
Receiver: 0.021068
[172000, 1000]
[172000, 1000]
Sender: 0.021045
Receiver: 0.021040
[174000, 1000]
[174000, 1000]
Sender: 0.021293
Receiver: 0.021933
[176000, 1000]
[176000, 1000]
Sender: 0.021331
Receiver: 0.021919
[178000, 1000]
[178000, 1000]
Sender: 0.021678
Receiver: 0.021657
[180000, 1000]
[180000, 1000]
Sender: 0.022055
Receiver: 0.022071
[182000, 1000]
[182000, 1000]
Sender: 0.022010
Receiver: 0.022084
[184000, 1000]
[184000, 1000]
Sender: 0.022535
Receiver: 0.023100
[186000, 1000]
[186000, 1000]
Sender: 0.022774
Receiver: 0.022840
[188000, 1000]
[188000, 1000]
Sender: 0.022939
Receiver: 0.022960
[190000, 1000]
[190000, 1000]
Sender: 0.023366
Receiver: 0.023357
[192000, 1000]
[192000, 1000]
Sender: 0.022959
Receiver: 0.023052
[194000, 1000]
[194000, 1000]
Sender: 0.024293
Receiver: 0.023677
[196000, 1000]
[196000, 1000]
Sender: 0.023592
Receiver: 0.024279
[198000, 1000]
[198000, 1000]
Sender: 0.024257
Receiver: 0.024935
[200000, 1000]
[200000, 1000]
Sender: 0.024345
Receiver: 0.024288
[202000, 1000]
[202000, 1000]
Sender: 0.024524
Receiver: 0.024534
[204000, 1000]
[204000, 1000]
Sender: 0.024740
Receiver: 0.024746
[206000, 1000]
[206000, 1000]
Sender: 0.025961
Receiver: 0.025216
[208000, 1000]
[208000, 1000]
Sender: 0.025365
Receiver: 0.026035
[210000, 1000]
[210000, 1000]
Sender: 0.025212
Receiver: 0.025898
[212000, 1000]
[212000, 1000]
Sender: 0.026310
Receiver: 0.025644
[214000, 1000]
[214000, 1000]
Sender: 0.025958
Receiver: 0.026061
[216000, 1000]
[216000, 1000]
Sender: 0.025928
Receiver: 0.026572
[218000, 1000]
[218000, 1000]
Sender: 0.026537
Receiver: 0.026571
[220000, 1000]
[220000, 1000]
Sender: 0.027284
Receiver: 0.026615
[222000, 1000]
[222000, 1000]
Sender: 0.026930
Receiver: 0.026909
[224000, 1000]
[224000, 1000]
Sender: 0.027579
Receiver: 0.026979
[226000, 1000]
[226000, 1000]
Sender: 0.028028
Receiver: 0.027391
[228000, 1000]
[228000, 1000]
Sender: 0.027641
Receiver: 0.027627
[230000, 1000]
[230000, 1000]
Sender: 0.028119
Receiver: 0.028121
[232000, 1000]
[232000, 1000]
Sender: 0.028188
Receiver: 0.028220
[234000, 1000]
[234000, 1000]
Sender: 0.028798
Receiver: 0.028181
[236000, 1000]
[236000, 1000]
Sender: 0.028637
Receiver: 0.028670
[238000, 1000]
[238000, 1000]
Sender: 0.028520
Receiver: 0.028527
[240000, 1000]
[240000, 1000]
Sender: 0.029003
Receiver: 0.029066
[242000, 1000]
[242000, 1000]
Sender: 0.029866
Receiver: 0.029233
[244000, 1000]
[244000, 1000]
Sender: 0.029780
Receiver: 0.030409
[246000, 1000]
[246000, 1000]
Sender: 0.030246
Receiver: 0.029598
[248000, 1000]
[248000, 1000]
Sender: 0.030135
Receiver: 0.030126
[250000, 1000]
[250000, 1000]
Sender: 0.030174
Receiver: 0.030214
[252000, 1000]
[252000, 1000]
Sender: 0.030353
Receiver: 0.030340
[254000, 1000]
[254000, 1000]
Sender: 0.030463
Receiver: 0.030504
[256000, 1000]
[256000, 1000]
Sender: 0.030801
Receiver: 0.030813
[258000, 1000]
[258000, 1000]
Sender: 0.030756
Receiver: 0.030756
[260000, 1000]
[260000, 1000]
Sender: 0.030762
Receiver: 0.031387
[262000, 1000]
[262000, 1000]
Sender: 0.031339
Receiver: 0.031358
[264000, 1000]
[264000, 1000]
Sender: 0.031925
Receiver: 0.032499
[266000, 1000]
[266000, 1000]
Sender: 0.032502
Receiver: 0.031803
[268000, 1000]
[268000, 1000]
Sender: 0.031681
Receiver: 0.031705
[270000, 1000]
[270000, 1000]
Sender: 0.032409
Receiver: 0.032438
[272000, 1000]
[272000, 1000]
Sender: 0.032507
Receiver: 0.032528
[274000, 1000]
[274000, 1000]
Sender: 0.032444
Receiver: 0.032444
[276000, 1000]
[276000, 1000]
Sender: 0.032898
Receiver: 0.033566
[278000, 1000]
[278000, 1000]
Sender: 0.033657
Receiver: 0.033027
[280000, 1000]
[280000, 1000]
Sender: 0.033343
Receiver: 0.033336
[282000, 1000]
[282000, 1000]
Sender: 0.033994
Receiver: 0.034689
[284000, 1000]
[284000, 1000]
Sender: 0.033921
Receiver: 0.033882
[286000, 1000]
[286000, 1000]
Sender: 0.034085
Receiver: 0.034064
[288000, 1000]
[288000, 1000]
Sender: 0.034902
Receiver: 0.034261
[290000, 1000]
[290000, 1000]
Sender: 0.034433
Receiver: 0.034460
[292000, 1000]
[292000, 1000]
Sender: 0.034722
Receiver: 0.034718
[294000, 1000]
[294000, 1000]
Sender: 0.035093
Receiver: 0.035123
[296000, 1000]
[296000, 1000]
Sender: 0.035107
Receiver: 0.035122
[298000, 1000]
[298000, 1000]
Sender: 0.035085
Receiver: 0.035139
[300000, 1000]
[300000, 1000]
Sender: 0.035860
Receiver: 0.035794
[302000, 1000]
[302000, 1000]
Sender: 0.035595
Receiver: 0.035600
[304000, 1000]
[304000, 1000]
Sender: 0.035958
Receiver: 0.036052
[306000, 1000]
[306000, 1000]
Sender: 0.037134
Receiver: 0.037768
[308000, 1000]
[308000, 1000]
Sender: 0.036270
Receiver: 0.036909
[310000, 1000]
[310000, 1000]
Sender: 0.036521
Receiver: 0.036557
[312000, 1000]
[312000, 1000]
Sender: 0.037011
Receiver: 0.036404
[314000, 1000]
[314000, 1000]
Sender: 0.036913
Receiver: 0.036986
[316000, 1000]
[316000, 1000]
Sender: 0.037072
Receiver: 0.037100
[318000, 1000]
[318000, 1000]
Sender: 0.037229
Receiver: 0.037878
[320000, 1000]
[320000, 1000]
Sender: 0.037941
Receiver: 0.037858
[322000, 1000]
[322000, 1000]
Sender: 0.037871
Receiver: 0.037873
[324000, 1000]
[324000, 1000]
Sender: 0.037728
Receiver: 0.037666
[326000, 1000]
[326000, 1000]
Sender: 0.038264
Receiver: 0.038275
[328000, 1000]
[328000, 1000]
Sender: 0.037750
Receiver: 0.038385
[330000, 1000]
[330000, 1000]
Sender: 0.038803
Receiver: 0.038776
[332000, 1000]
[332000, 1000]
Sender: 0.039161
Receiver: 0.038494
[334000, 1000]
[334000, 1000]
Sender: 0.039030
Receiver: 0.039015
[336000, 1000]
[336000, 1000]
Sender: 0.039284
Receiver: 0.039329
[338000, 1000]
[338000, 1000]
Sender: 0.039858
Receiver: 0.039190
[340000, 1000]
[340000, 1000]
Sender: 0.039732
Receiver: 0.039790
[342000, 1000]
[342000, 1000]
Sender: 0.040111
Receiver: 0.040754
[344000, 1000]
[344000, 1000]
Sender: 0.041007
Receiver: 0.040340
[346000, 1000]
[346000, 1000]
Sender: 0.040338
Receiver: 0.040353
[348000, 1000]
[348000, 1000]
Sender: 0.040382
Receiver: 0.040404
[350000, 1000]
[350000, 1000]
Sender: 0.040566
Receiver: 0.040557
[352000, 1000]
[352000, 1000]
Sender: 0.040855
Receiver: 0.040842
[354000, 1000]
[354000, 1000]
Sender: 0.041041
Receiver: 0.041762
[356000, 1000]
[356000, 1000]
Sender: 0.041650
Receiver: 0.041620
[358000, 1000]
[358000, 1000]
Sender: 0.041603
Receiver: 0.041566
[360000, 1000]
[360000, 1000]
Sender: 0.041693
Receiver: 0.041668
[362000, 1000]
[362000, 1000]
Sender: 0.041866
Receiver: 0.042410
[364000, 1000]
[364000, 1000]
Sender: 0.042507
Receiver: 0.043215
[366000, 1000]
[366000, 1000]
Sender: 0.042359
Receiver: 0.042403
[368000, 1000]
[368000, 1000]
Sender: 0.042890
Receiver: 0.042938
[370000, 1000]
[370000, 1000]
Sender: 0.044381
Receiver: 0.043724
[372000, 1000]
[372000, 1000]
Sender: 0.043251
Receiver: 0.043324
[374000, 1000]
[374000, 1000]
Sender: 0.044252
Receiver: 0.043615
[376000, 1000]
[376000, 1000]
Sender: 0.043460
Receiver: 0.043492
[378000, 1000]
[378000, 1000]
Sender: 0.044435
Receiver: 0.043765
[380000, 1000]
[380000, 1000]
Sender: 0.044562
Receiver: 0.043896
[382000, 1000]
[382000, 1000]
Sender: 0.044498
Receiver: 0.043832
[384000, 1000]
[384000, 1000]
Sender: 0.044348
Receiver: 0.045015
[386000, 1000]
[386000, 1000]
Sender: 0.044665
Receiver: 0.044717
[388000, 1000]
[388000, 1000]
Sender: 0.045267
Receiver: 0.045260
[390000, 1000]
[390000, 1000]
Sender: 0.044986
Receiver: 0.045049
[392000, 1000]
[392000, 1000]
Sender: 0.045418
Receiver: 0.045473
[394000, 1000]
[394000, 1000]
Sender: 0.045326
Receiver: 0.045389
[396000, 1000]
[396000, 1000]
Sender: 0.045873
Receiver: 0.045765
[398000, 1000]
[398000, 1000]
Sender: 0.045609
Receiver: 0.046221
[400000, 1000]
[400000, 1000]
Sender: 0.046151
Receiver: 0.046160
[402000, 1000]
[402000, 1000]
Sender: 0.047110
Receiver: 0.046420
[404000, 1000]
[404000, 1000]
Sender: 0.046492
Receiver: 0.046491
[406000, 1000]
[406000, 1000]
Sender: 0.046426
Receiver: 0.047114
[408000, 1000]
[408000, 1000]
Sender: 0.047610
Receiver: 0.046967
[410000, 1000]
[410000, 1000]
Sender: 0.047153
Receiver: 0.047182
[412000, 1000]
[412000, 1000]
Sender: 0.047853
Receiver: 0.047240
[414000, 1000]
[414000, 1000]
Sender: 0.047544
Receiver: 0.048266
[416000, 1000]
[416000, 1000]
Sender: 0.047376
Receiver: 0.048084
[418000, 1000]
[418000, 1000]
Sender: 0.047492
Receiver: 0.047543
[420000, 1000]
[420000, 1000]
Sender: 0.047921
Receiver: 0.047945
[422000, 1000]
[422000, 1000]
Sender: 0.048040
Receiver: 0.048099
[424000, 1000]
[424000, 1000]
Sender: 0.048765
Receiver: 0.048894
[426000, 1000]
[426000, 1000]
Sender: 0.048540
Receiver: 0.048585
[428000, 1000]
[428000, 1000]
Sender: 0.048652
Receiver: 0.048651
[430000, 1000]
[430000, 1000]
Sender: 0.048968
Receiver: 0.049031
[432000, 1000]
[432000, 1000]
Sender: 0.048938
Receiver: 0.048997
[434000, 1000]
[434000, 1000]
Sender: 0.050083
Receiver: 0.049475
[436000, 1000]
[436000, 1000]
Sender: 0.049456
Receiver: 0.049443
[438000, 1000]
[438000, 1000]
Sender: 0.049923
Receiver: 0.049880
[440000, 1000]
[440000, 1000]
Sender: 0.050079
Receiver: 0.050081
[442000, 1000]
[442000, 1000]
Sender: 0.050126
Receiver: 0.050079
[444000, 1000]
[444000, 1000]
Sender: 0.050457
Receiver: 0.050524
[446000, 1000]
[446000, 1000]
Sender: 0.050749
Receiver: 0.051359
[448000, 1000]
[448000, 1000]
Sender: 0.050872
Receiver: 0.050877
[450000, 1000]
[450000, 1000]
Sender: 0.051008
Receiver: 0.051593
[452000, 1000]
[452000, 1000]
Sender: 0.051352
Receiver: 0.051361
[454000, 1000]
[454000, 1000]
Sender: 0.051869
Receiver: 0.051938
[456000, 1000]
[456000, 1000]
Sender: 0.051398
Receiver: 0.051435
[458000, 1000]
[458000, 1000]
Sender: 0.051875
Receiver: 0.051866
[460000, 1000]
[460000, 1000]
Sender: 0.052857
Receiver: 0.052303
[462000, 1000]
[462000, 1000]
Sender: 0.052044
Receiver: 0.052053
[464000, 1000]
[464000, 1000]
Sender: 0.053269
Receiver: 0.052641
[466000, 1000]
[466000, 1000]
Sender: 0.052834
Receiver: 0.052972
[468000, 1000]
[468000, 1000]
Sender: 0.053907
Receiver: 0.053230
[470000, 1000]
[470000, 1000]
Sender: 0.053028
Receiver: 0.053702
[472000, 1000]
[472000, 1000]
Sender: 0.053819
Receiver: 0.053337
[474000, 1000]
[474000, 1000]
Sender: 0.053998
Receiver: 0.053348
[476000, 1000]
[476000, 1000]
Sender: 0.053678
Receiver: 0.053743
[478000, 1000]
[478000, 1000]
Sender: 0.054037
Receiver: 0.054689
[480000, 1000]
[480000, 1000]
Sender: 0.054249
Receiver: 0.054181
[482000, 1000]
[482000, 1000]
Sender: 0.054962
Receiver: 0.054360
[484000, 1000]
[484000, 1000]
Sender: 0.055128
Receiver: 0.054497
[486000, 1000]
[486000, 1000]
Sender: 0.054628
Receiver: 0.054656
[488000, 1000]
[488000, 1000]
Sender: 0.054943
Receiver: 0.054994
[490000, 1000]
[490000, 1000]
Sender: 0.055855
Receiver: 0.055215
[492000, 1000]
[492000, 1000]
Sender: 0.055607
Receiver: 0.055616
[494000, 1000]
[494000, 1000]
Sender: 0.055765
Receiver: 0.055784
[496000, 1000]
[496000, 1000]
Sender: 0.056057
Receiver: 0.056679
[498000, 1000]
[498000, 1000]
Sender: 0.056009
Receiver: 0.055964
[500000, 1000]
[500000, 1000]
Sender: 0.056432
Receiver: 0.056421
[502000, 1000]
[502000, 1000]
Sender: 0.056592
Receiver: 0.056665
[504000, 1000]
[504000, 1000]
Sender: 0.057043
Receiver: 0.057053
[506000, 1000]
[506000, 1000]
Sender: 0.056689
Receiver: 0.056701
[508000, 1000]
[508000, 1000]
Sender: 0.057626
Receiver: 0.056992
[510000, 1000]
[510000, 1000]
Sender: 0.057454
Receiver: 0.057532
[512000, 1000]
[512000, 1000]
Sender: 0.057121
Receiver: 0.057176
[514000, 1000]
[514000, 1000]
Sender: 0.058068
Receiver: 0.058070
[516000, 1000]
[516000, 1000]
Sender: 0.058474
Receiver: 0.057847
[518000, 1000]
[518000, 1000]
Sender: 0.057842
Receiver: 0.057954
[520000, 1000]
[520000, 1000]
Sender: 0.058115
Receiver: 0.058179
[522000, 1000]
[522000, 1000]
Sender: 0.059304
Receiver: 0.058626
[524000, 1000]
[524000, 1000]
Sender: 0.058986
Receiver: 0.058990
[526000, 1000]
[526000, 1000]
Sender: 0.059139
Receiver: 0.059091
[528000, 1000]
[528000, 1000]
Sender: 0.059122
Receiver: 0.059032
[530000, 1000]
[530000, 1000]
Sender: 0.059386
Receiver: 0.059412
[532000, 1000]
[532000, 1000]
Sender: 0.059361
Receiver: 0.059367
[534000, 1000]
[534000, 1000]
Sender: 0.060345
Receiver: 0.059735
[536000, 1000]
[536000, 1000]
Sender: 0.060100
Receiver: 0.060105
[538000, 1000]
[538000, 1000]
Sender: 0.060636
Receiver: 0.060610
[540000, 1000]
[540000, 1000]
Sender: 0.060861
Receiver: 0.060200
[542000, 1000]
[542000, 1000]
Sender: 0.060757
Receiver: 0.061468
[544000, 1000]
[544000, 1000]
Sender: 0.061072
Receiver: 0.061024
[546000, 1000]
[546000, 1000]
Sender: 0.065793
Receiver: 0.066396
[548000, 1000]
[548000, 1000]
Sender: 0.061693
Receiver: 0.061687
[550000, 1000]
[550000, 1000]
Sender: 0.061682
Receiver: 0.061649
[552000, 1000]
[552000, 1000]
Sender: 0.061604
Receiver: 0.062232
[554000, 1000]
[554000, 1000]
Sender: 0.061734
Receiver: 0.062415
[556000, 1000]
[556000, 1000]
Sender: 0.069070
Receiver: 0.069037
[558000, 1000]
[558000, 1000]
Sender: 0.064290
Receiver: 0.063704
[560000, 1000]
[560000, 1000]
Sender: 0.062353
Receiver: 0.062382
[562000, 1000]
[562000, 1000]
Sender: 0.063314
Receiver: 0.063335
[564000, 1000]
[564000, 1000]
Sender: 0.064424
Receiver: 0.065128
[566000, 1000]
[566000, 1000]
Sender: 0.062936
Receiver: 0.063621
[568000, 1000]
[568000, 1000]
Sender: 0.063612
Receiver: 0.064263
[570000, 1000]
[570000, 1000]
Sender: 0.063618
Receiver: 0.063638
[572000, 1000]
[572000, 1000]
Sender: 0.064245
Receiver: 0.064352
[574000, 1000]
[574000, 1000]
Sender: 0.064179
Receiver: 0.064170
[576000, 1000]
[576000, 1000]
Sender: 0.064594
Receiver: 0.065287
[578000, 1000]
[578000, 1000]
Sender: 0.065194
Receiver: 0.064553
[580000, 1000]
[580000, 1000]
Sender: 0.064605
Receiver: 0.065368
[582000, 1000]
[582000, 1000]
Sender: 0.065070
Receiver: 0.065084
[584000, 1000]
[584000, 1000]
Sender: 0.065012
Receiver: 0.065689
[586000, 1000]
[586000, 1000]
Sender: 0.068056
Receiver: 0.068714
[588000, 1000]
[588000, 1000]
Sender: 0.065307
Receiver: 0.065983
[590000, 1000]
[590000, 1000]
Sender: 0.066251
Receiver: 0.065512
[592000, 1000]
[592000, 1000]
Sender: 0.065884
Receiver: 0.065886
[594000, 1000]
[594000, 1000]
Sender: 0.066391
Receiver: 0.065811
[596000, 1000]
[596000, 1000]
Sender: 0.067056
Receiver: 0.066405
[598000, 1000]
[598000, 1000]
Sender: 0.067406
Receiver: 0.067428
[600000, 1000]
[600000, 1000]
Sender: 0.066604
Receiver: 0.066579
[602000, 1000]
[602000, 1000]
Sender: 0.067878
Receiver: 0.067289
[604000, 1000]
[604000, 1000]
Sender: 0.072136
Receiver: 0.072796
[606000, 1000]
[606000, 1000]
Sender: 0.067771
Receiver: 0.067103
[608000, 1000]
[608000, 1000]
Sender: 0.067403
Receiver: 0.067436
[610000, 1000]
[610000, 1000]
Sender: 0.067544
Receiver: 0.067499
[612000, 1000]
[612000, 1000]
Sender: 0.067845
Receiver: 0.068540
[614000, 1000]
[614000, 1000]
Sender: 0.068697
Receiver: 0.067998
[616000, 1000]
[616000, 1000]
Sender: 0.069389
Receiver: 0.068754
[618000, 1000]
[618000, 1000]
Sender: 0.073920
Receiver: 0.074632
[620000, 1000]
[620000, 1000]
Sender: 0.069454
Receiver: 0.068828
[622000, 1000]
[622000, 1000]
Sender: 0.069535
Receiver: 0.068898
[624000, 1000]
[624000, 1000]
Sender: 0.069617
Receiver: 0.068990
[626000, 1000]
[626000, 1000]
Sender: 0.069382
Receiver: 0.069438
[628000, 1000]
[628000, 1000]
Sender: 0.070010
Receiver: 0.069424
[630000, 1000]
[630000, 1000]
Sender: 0.077678
Receiver: 0.078349
[632000, 1000]
[632000, 1000]
Sender: 0.070262
Receiver: 0.070861
[634000, 1000]
[634000, 1000]
Sender: 0.070602
Receiver: 0.071250
[636000, 1000]
[636000, 1000]
Sender: 0.070913
Receiver: 0.071571
[638000, 1000]
[638000, 1000]
Sender: 0.071048
Receiver: 0.071089
[640000, 1000]
[640000, 1000]
Sender: 0.071050
Receiver: 0.071040
[642000, 1000]
[642000, 1000]
Sender: 0.071186
Receiver: 0.071200
[644000, 1000]
[644000, 1000]
Sender: 0.070953
Receiver: 0.070965
[646000, 1000]
[646000, 1000]
Sender: 0.072103
Receiver: 0.072064
[648000, 1000]
[648000, 1000]
Sender: 0.071546
Receiver: 0.072247
[650000, 1000]
[650000, 1000]
Sender: 0.072844
Receiver: 0.072141
[652000, 1000]
[652000, 1000]
Sender: 0.071739
Receiver: 0.071768
[654000, 1000]
[654000, 1000]
Sender: 0.079624
Receiver: 0.080317
[656000, 1000]
[656000, 1000]
Sender: 0.073295
Receiver: 0.073322
[658000, 1000]
[658000, 1000]
Sender: 0.072440
Receiver: 0.072501
[660000, 1000]
[660000, 1000]
Sender: 0.073175
Receiver: 0.073129
[662000, 1000]
[662000, 1000]
Sender: 0.073479
Receiver: 0.073570
[664000, 1000]
[664000, 1000]
Sender: 0.074999
Receiver: 0.074350
[666000, 1000]
[666000, 1000]
Sender: 0.073050
Receiver: 0.073071
[668000, 1000]
[668000, 1000]
Sender: 0.075253
Receiver: 0.074382
[670000, 1000]
[670000, 1000]
Sender: 0.073716
Receiver: 0.073763
[672000, 1000]
[672000, 1000]
Sender: 0.074550
Receiver: 0.074550
[674000, 1000]
[674000, 1000]
Sender: 0.079919
Receiver: 0.079956
[676000, 1000]
[676000, 1000]
Sender: 0.075035
Receiver: 0.074375
[678000, 1000]
[678000, 1000]
Sender: 0.074439
Receiver: 0.074452
[680000, 1000]
[680000, 1000]
Sender: 0.075203
Receiver: 0.075258
[682000, 1000]
[682000, 1000]
Sender: 0.075255
Receiver: 0.075905
[684000, 1000]
[684000, 1000]
Sender: 0.075920
Receiver: 0.076562
[686000, 1000]
[686000, 1000]
Sender: 0.079706
Receiver: 0.079704
[688000, 1000]
[688000, 1000]
Sender: 0.076063
Receiver: 0.076092
[690000, 1000]
[690000, 1000]
Sender: 0.075669
Receiver: 0.075663
[692000, 1000]
[692000, 1000]
Sender: 0.076288
Receiver: 0.076942
[694000, 1000]
[694000, 1000]
Sender: 0.077404
Receiver: 0.076746
[696000, 1000]
[696000, 1000]
Sender: 0.076620
Receiver: 0.076592
[698000, 1000]
[698000, 1000]
Sender: 0.077349
Receiver: 0.077335
[700000, 1000]
[700000, 1000]
Sender: 0.076935
Receiver: 0.077644
[702000, 1000]
[702000, 1000]
Sender: 0.078032
Receiver: 0.077336
[704000, 1000]
[704000, 1000]
Sender: 0.077670
Receiver: 0.078359
[706000, 1000]
[706000, 1000]
Sender: 0.077580
Receiver: 0.077557
[708000, 1000]
[708000, 1000]
Sender: 0.078402
Receiver: 0.077739
[710000, 1000]
[710000, 1000]
Sender: 0.078270
Receiver: 0.078195
[712000, 1000]
[712000, 1000]
Sender: 0.078140
Receiver: 0.078868
[714000, 1000]
[714000, 1000]
Sender: 0.086545
Receiver: 0.087287
[716000, 1000]
[716000, 1000]
Sender: 0.078682
Receiver: 0.078629
[718000, 1000]
[718000, 1000]
Sender: 0.078587
Receiver: 0.078577
[720000, 1000]
[720000, 1000]
Sender: 0.080618
Receiver: 0.080741
[722000, 1000]
[722000, 1000]
Sender: 0.079348
Receiver: 0.078767
[724000, 1000]
[724000, 1000]
Sender: 0.079642
Receiver: 0.079702
[726000, 1000]
[726000, 1000]
Sender: 0.080410
Receiver: 0.079777
[728000, 1000]
[728000, 1000]
Sender: 0.080434
Receiver: 0.080416
[730000, 1000]
[730000, 1000]
Sender: 0.079579
Receiver: 0.080294
[732000, 1000]
[732000, 1000]
Sender: 0.080149
Receiver: 0.080853
[734000, 1000]
[734000, 1000]
Sender: 0.085356
Receiver: 0.085985
[736000, 1000]
[736000, 1000]
Sender: 0.080864
Receiver: 0.080827
[738000, 1000]
[738000, 1000]
Sender: 0.081155
Receiver: 0.081154
[740000, 1000]
[740000, 1000]
Sender: 0.084228
Receiver: 0.084183
[742000, 1000]
[742000, 1000]
Sender: 0.082067
Receiver: 0.081465
[744000, 1000]
[744000, 1000]
Sender: 0.082451
Receiver: 0.081812
[746000, 1000]
[746000, 1000]
Sender: 0.083032
Receiver: 0.083011
[748000, 1000]
[748000, 1000]
Sender: 0.082598
Receiver: 0.081967
[750000, 1000]
[750000, 1000]
Sender: 0.082412
Receiver: 0.081708
[752000, 1000]
[752000, 1000]
Sender: 0.082701
Receiver: 0.081977
[754000, 1000]
[754000, 1000]
Sender: 0.082842
Receiver: 0.082798
[756000, 1000]
[756000, 1000]
Sender: 0.084338
Receiver: 0.085010
[758000, 1000]
[758000, 1000]
Sender: 0.083837
Receiver: 0.083140
[760000, 1000]
[760000, 1000]
Sender: 0.083185
Receiver: 0.083860
[762000, 1000]
[762000, 1000]
Sender: 0.083030
Receiver: 0.082993
[764000, 1000]
[764000, 1000]
Sender: 0.083766
Receiver: 0.083753
[766000, 1000]
[766000, 1000]
Sender: 0.084679
Receiver: 0.083996
[768000, 1000]
[768000, 1000]
Sender: 0.084756
Receiver: 0.084058
[770000, 1000]
[770000, 1000]
Sender: 0.084875
Receiver: 0.084181
[772000, 1000]
[772000, 1000]
Sender: 0.084143
Receiver: 0.084837
[774000, 1000]
[774000, 1000]
Sender: 0.091371
Receiver: 0.091372
[776000, 1000]
[776000, 1000]
Sender: 0.087654
Receiver: 0.087708
[778000, 1000]
[778000, 1000]
Sender: 0.085613
Receiver: 0.085587
[780000, 1000]
[780000, 1000]
Sender: 0.086022
Receiver: 0.085316
[782000, 1000]
[782000, 1000]
Sender: 0.085490
Receiver: 0.085482
[784000, 1000]
[784000, 1000]
Sender: 0.086304
Receiver: 0.086316
[786000, 1000]
[786000, 1000]
Sender: 0.086661
Receiver: 0.086001
[788000, 1000]
[788000, 1000]
Sender: 0.090582
Receiver: 0.090625
[790000, 1000]
[790000, 1000]
Sender: 0.106207
Receiver: 0.107030
[792000, 1000]
[792000, 1000]
Sender: 0.102340
Receiver: 0.102667
[794000, 1000]
[794000, 1000]
Sender: 0.091873
Receiver: 0.091917
[796000, 1000]
[796000, 1000]
Sender: 0.110281
Receiver: 0.109879
[798000, 1000]
[798000, 1000]
Sender: 0.097356
Receiver: 0.097372
[800000, 1000]
[800000, 1000]
Sender: 0.093465
Receiver: 0.093331
[802000, 1000]
[802000, 1000]
Sender: 0.103000
Receiver: 0.103552
[804000, 1000]
[804000, 1000]
Sender: 0.098201
Receiver: 0.098691
[806000, 1000]
[806000, 1000]
Sender: 0.089607
Receiver: 0.090311
[808000, 1000]
[808000, 1000]
Sender: 0.089390
Receiver: 0.088715
[810000, 1000]
[810000, 1000]
Sender: 0.088139
Receiver: 0.088119
[812000, 1000]
[812000, 1000]
Sender: 0.089001
Receiver: 0.088358
[814000, 1000]
[814000, 1000]
Sender: 0.097832
Receiver: 0.097834
[816000, 1000]
[816000, 1000]
Sender: 0.088925
Receiver: 0.089628
[818000, 1000]
[818000, 1000]
Sender: 0.089546
Receiver: 0.090155
[820000, 1000]
[820000, 1000]
Sender: 0.098089
Receiver: 0.098074
[822000, 1000]
[822000, 1000]
Sender: 0.089198
Receiver: 0.089213
[824000, 1000]
[824000, 1000]
Sender: 0.089918
Receiver: 0.089955
[826000, 1000]
[826000, 1000]
Sender: 0.090711
Receiver: 0.090088
[828000, 1000]
[828000, 1000]
Sender: 0.090652
Receiver: 0.090657
[830000, 1000]
[830000, 1000]
Sender: 0.093945
Receiver: 0.093889
[832000, 1000]
[832000, 1000]
Sender: 0.092904
Receiver: 0.092886
[834000, 1000]
[834000, 1000]
Sender: 0.091109
Receiver: 0.091815
[836000, 1000]
[836000, 1000]
Sender: 0.095006
Receiver: 0.094782
[838000, 1000]
[838000, 1000]
Sender: 0.091177
Receiver: 0.091206
[840000, 1000]
[840000, 1000]
Sender: 0.099686
Receiver: 0.100327
[842000, 1000]
[842000, 1000]
Sender: 0.092452
Receiver: 0.092460
[844000, 1000]
[844000, 1000]
Sender: 0.091940
Receiver: 0.091333
[846000, 1000]
[846000, 1000]
Sender: 0.092896
Receiver: 0.092909
[848000, 1000]
[848000, 1000]
Sender: 0.091976
Receiver: 0.092688
[850000, 1000]
[850000, 1000]
Sender: 0.092691
Receiver: 0.092672
[852000, 1000]
[852000, 1000]
Sender: 0.094508
Receiver: 0.094527
[854000, 1000]
[854000, 1000]
Sender: 0.094766
Receiver: 0.094857
[856000, 1000]
[856000, 1000]
Sender: 0.093504
Receiver: 0.094219
[858000, 1000]
[858000, 1000]
Sender: 0.093309
Receiver: 0.093266
[860000, 1000]
[860000, 1000]
Sender: 0.093450
Receiver: 0.093429
[862000, 1000]
[862000, 1000]
Sender: 0.094700
Receiver: 0.094015
[864000, 1000]
[864000, 1000]
Sender: 0.094451
Receiver: 0.095208
[866000, 1000]
[866000, 1000]
Sender: 0.093847
Receiver: 0.093824
[868000, 1000]
[868000, 1000]
Sender: 0.094862
Receiver: 0.094861
[870000, 1000]
[870000, 1000]
Sender: 0.098253
Receiver: 0.097513
[872000, 1000]
[872000, 1000]
Sender: 0.094897
Receiver: 0.095713
[874000, 1000]
[874000, 1000]
Sender: 0.102672
Receiver: 0.102674
[876000, 1000]
[876000, 1000]
Sender: 0.095213
Receiver: 0.095200
[878000, 1000]
[878000, 1000]
Sender: 0.095579
Receiver: 0.095612
[880000, 1000]
[880000, 1000]
Sender: 0.096737
Receiver: 0.096035
[882000, 1000]
[882000, 1000]
Sender: 0.095963
Receiver: 0.096790
[884000, 1000]
[884000, 1000]
Sender: 0.095717
Receiver: 0.095686
[886000, 1000]
[886000, 1000]
Sender: 0.096545
Receiver: 0.096498
[888000, 1000]
[888000, 1000]
Sender: 0.097882
Receiver: 0.097957
[890000, 1000]
[890000, 1000]
Sender: 0.096848
Receiver: 0.096800
[892000, 1000]
[892000, 1000]
Sender: 0.097001
Receiver: 0.096948
[894000, 1000]
[894000, 1000]
Sender: 0.097280
Receiver: 0.097987
[896000, 1000]
[896000, 1000]
Sender: 0.097673
Receiver: 0.097661
[898000, 1000]
[898000, 1000]
Sender: 0.105438
Receiver: 0.105472
[900000, 1000]
[900000, 1000]
Sender: 0.108431
Receiver: 0.107772
[902000, 1000]
[902000, 1000]
Sender: 0.098496
Receiver: 0.098504
[904000, 1000]
[904000, 1000]
Sender: 0.101257
Receiver: 0.101274
[906000, 1000]
[906000, 1000]
Sender: 0.099211
Receiver: 0.098440
[908000, 1000]
[908000, 1000]
Sender: 0.098273
Receiver: 0.098284
[910000, 1000]
[910000, 1000]
Sender: 0.098158
Receiver: 0.098176
[912000, 1000]
[912000, 1000]
Sender: 0.098638
Receiver: 0.098654
[914000, 1000]
[914000, 1000]
Sender: 0.102509
Receiver: 0.103278
[916000, 1000]
[916000, 1000]
Sender: 0.104458
Receiver: 0.104456
[918000, 1000]
[918000, 1000]
Sender: 0.099225
Receiver: 0.099253
[920000, 1000]
[920000, 1000]
Sender: 0.100278
Receiver: 0.100331
[922000, 1000]
[922000, 1000]
Sender: 0.106176
Receiver: 0.106137
[924000, 1000]
[924000, 1000]
Sender: 0.100282
Receiver: 0.100317
[926000, 1000]
[926000, 1000]
Sender: 0.104254
Receiver: 0.104213
[928000, 1000]
[928000, 1000]
Sender: 0.100300
Receiver: 0.100272
[930000, 1000]
[930000, 1000]
Sender: 0.100872
Receiver: 0.100224
[932000, 1000]
[932000, 1000]
Sender: 0.100923
Receiver: 0.100903
[934000, 1000]
[934000, 1000]
Sender: 0.100407
Receiver: 0.101092
[936000, 1000]
[936000, 1000]
Sender: 0.101492
Receiver: 0.102222
[938000, 1000]
[938000, 1000]
Sender: 0.111559
Receiver: 0.110923
[940000, 1000]
[940000, 1000]
Sender: 0.101598
Receiver: 0.101672
[942000, 1000]
[942000, 1000]
Sender: 0.101627
Receiver: 0.101617
[944000, 1000]
[944000, 1000]
Sender: 0.102437
Receiver: 0.101859
[946000, 1000]
[946000, 1000]
Sender: 0.102021
Receiver: 0.102666
[948000, 1000]
[948000, 1000]
Sender: 0.102432
Receiver: 0.103120
[950000, 1000]
[950000, 1000]
Sender: 0.103034
Receiver: 0.103657
[952000, 1000]
[952000, 1000]
Sender: 0.103369
Receiver: 0.102746
[954000, 1000]
[954000, 1000]
Sender: 0.115974
Receiver: 0.115299
[956000, 1000]
[956000, 1000]
Sender: 0.103283
Receiver: 0.103910
[958000, 1000]
[958000, 1000]
Sender: 0.103569
Receiver: 0.104285
[960000, 1000]
[960000, 1000]
Sender: 0.112767
Receiver: 0.112147
[962000, 1000]
[962000, 1000]
Sender: 0.103800
Receiver: 0.104432
[964000, 1000]
[964000, 1000]
Sender: 0.104153
Receiver: 0.104197
[966000, 1000]
[966000, 1000]
Sender: 0.105105
Receiver: 0.104512
[968000, 1000]
[968000, 1000]
Sender: 0.104285
Receiver: 0.104991
[970000, 1000]
[970000, 1000]
Sender: 0.104965
Receiver: 0.105025
[972000, 1000]
[972000, 1000]
Sender: 0.105129
Receiver: 0.105848
[974000, 1000]
[974000, 1000]
Sender: 0.105210
Receiver: 0.105174
[976000, 1000]
[976000, 1000]
Sender: 0.105464
Receiver: 0.105461
[978000, 1000]
[978000, 1000]
Sender: 0.114011
Receiver: 0.113381
[980000, 1000]
[980000, 1000]
Sender: 0.110849
Receiver: 0.110168
[982000, 1000]
[982000, 1000]
Sender: 0.106592
Receiver: 0.106604
[984000, 1000]
[984000, 1000]
Sender: 0.106345
Receiver: 0.105702
[986000, 1000]
[986000, 1000]
Sender: 0.107304
Receiver: 0.106613
[988000, 1000]
[988000, 1000]
Sender: 0.106123
Receiver: 0.106206
[990000, 1000]
[990000, 1000]
Sender: 0.107164
Receiver: 0.107202
[992000, 1000]
[992000, 1000]
Sender: 0.107407
Receiver: 0.107441
[994000, 1000]
[994000, 1000]
Sender: 0.107292
Receiver: 0.107337
[996000, 1000]
[996000, 1000]
Sender: 0.112357
Receiver: 0.112375
[998000, 1000]
[998000, 1000]
Sender: 0.120021
Receiver: 0.119384
[1000000, 1000]
[1000000, 1000]
Sender: 0.107798
Receiver: 0.107815
[1002000, 1000]
[1002000, 1000]
Sender: 0.114900
Receiver: 0.114192
[1004000, 1000]
[1004000, 1000]
Sender: 0.108698
Receiver: 0.109417
[1006000, 1000]
[1006000, 1000]
Sender: 0.107455
Receiver: 0.108132
[1008000, 1000]
[1008000, 1000]
Sender: 0.109226
Receiver: 0.109204
[1010000, 1000]
[1010000, 1000]
Sender: 0.108526
Receiver: 0.108519
[1012000, 1000]
[1012000, 1000]
Sender: 0.108293
Receiver: 0.108904
[1014000, 1000]
[1014000, 1000]
Sender: 0.108864
Receiver: 0.109596
[1016000, 1000]
[1016000, 1000]
Sender: 0.113198
Receiver: 0.113097
[1018000, 1000]
[1018000, 1000]
Sender: 0.109352
Receiver: 0.109349
[1020000, 1000]
[1020000, 1000]
Sender: 0.109842
Receiver: 0.110516
[1022000, 1000]
[1022000, 1000]
Sender: 0.109619
Receiver: 0.110307
[1024000, 1000]
[1024000, 1000]
Sender: 0.109736
Receiver: 0.109763
[1026000, 1000]
[1026000, 1000]
Sender: 0.110710
Receiver: 0.111357
[1028000, 1000]
[1028000, 1000]
Sender: 0.110801
Receiver: 0.110838
[1030000, 1000]
[1030000, 1000]
Sender: 0.110991
Receiver: 0.110998
[1032000, 1000]
[1032000, 1000]
Sender: 0.111867
Receiver: 0.111806
[1034000, 1000]
[1034000, 1000]
Sender: 0.116842
Receiver: 0.116953
[1036000, 1000]
[1036000, 1000]
Sender: 0.111421
Receiver: 0.111453
[1038000, 1000]
[1038000, 1000]
Sender: 0.112072
Receiver: 0.112053
[1040000, 1000]
[1040000, 1000]
Sender: 0.112171
Receiver: 0.112236
[1042000, 1000]
[1042000, 1000]
Sender: 0.112492
Receiver: 0.112488
[1044000, 1000]
[1044000, 1000]
Sender: 0.112557
Receiver: 0.112548
[1046000, 1000]
[1046000, 1000]
Sender: 0.112036
Receiver: 0.112053
[1048000, 1000]
[1048000, 1000]
Sender: 0.112143
Receiver: 0.112105
[1050000, 1000]
[1050000, 1000]
Sender: 0.115529
Receiver: 0.115502
[1052000, 1000]
[1052000, 1000]
Sender: 0.112933
Receiver: 0.112955
[1054000, 1000]
[1054000, 1000]
Sender: 0.114009
Receiver: 0.114026
[1056000, 1000]
[1056000, 1000]
Sender: 0.114703
Receiver: 0.114106
[1058000, 1000]
[1058000, 1000]
Sender: 0.113578
Receiver: 0.114294
[1060000, 1000]
[1060000, 1000]
Sender: 0.114361
Receiver: 0.114361
[1062000, 1000]
[1062000, 1000]
Sender: 0.114110
Receiver: 0.114796
[1064000, 1000]
[1064000, 1000]
Sender: 0.114460
Receiver: 0.115115
[1066000, 1000]
[1066000, 1000]
Sender: 0.115154
Receiver: 0.115176
[1068000, 1000]
[1068000, 1000]
Sender: 0.121764
Receiver: 0.121761
[1070000, 1000]
[1070000, 1000]
Sender: 0.114774
Receiver: 0.114829
[1072000, 1000]
[1072000, 1000]
Sender: 0.115109
Receiver: 0.115064
[1074000, 1000]
[1074000, 1000]
Sender: 0.115322
Receiver: 0.115931
[1076000, 1000]
[1076000, 1000]
Sender: 0.115392
Receiver: 0.115414
[1078000, 1000]
[1078000, 1000]
Sender: 0.117512
Receiver: 0.116869
[1080000, 1000]
[1080000, 1000]
Sender: 0.116959
Receiver: 0.116326
[1082000, 1000]
[1082000, 1000]
Sender: 0.117282
Receiver: 0.117297
[1084000, 1000]
[1084000, 1000]
Sender: 0.116419
Receiver: 0.117188
[1086000, 1000]
[1086000, 1000]
Sender: 0.116734
Receiver: 0.117492
[1088000, 1000]
[1088000, 1000]
Sender: 0.118416
Receiver: 0.118409
[1090000, 1000]
[1090000, 1000]
Sender: 0.117223
Receiver: 0.117887
[1092000, 1000]
[1092000, 1000]
Sender: 0.131305
Receiver: 0.131349
[1094000, 1000]
[1094000, 1000]
Sender: 0.118726
Receiver: 0.118052
[1096000, 1000]
[1096000, 1000]
Sender: 0.118979
Receiver: 0.118292
[1098000, 1000]
[1098000, 1000]
Sender: 0.118305
Receiver: 0.118351
[1100000, 1000]
[1100000, 1000]
Sender: 0.124520
Receiver: 0.123765
[1102000, 1000]
[1102000, 1000]
Sender: 0.118602
Receiver: 0.118554
[1104000, 1000]
[1104000, 1000]
Sender: 0.118977
Receiver: 0.118963
[1106000, 1000]
[1106000, 1000]
Sender: 0.118876
Receiver: 0.118883
[1108000, 1000]
[1108000, 1000]
Sender: 0.119406
Receiver: 0.119351
[1110000, 1000]
[1110000, 1000]
Sender: 0.118903
Receiver: 0.118861
[1112000, 1000]
[1112000, 1000]
Sender: 0.119423
Receiver: 0.119492
[1114000, 1000]
[1114000, 1000]
Sender: 0.120952
Receiver: 0.120926
[1116000, 1000]
[1116000, 1000]
Sender: 0.119706
Receiver: 0.120440
[1118000, 1000]
[1118000, 1000]
Sender: 0.120692
Receiver: 0.121429
[1120000, 1000]
[1120000, 1000]
Sender: 0.120427
Receiver: 0.120452
[1122000, 1000]
[1122000, 1000]
Sender: 0.131721
Receiver: 0.131721
[1124000, 1000]
[1124000, 1000]
Sender: 0.127342
Receiver: 0.127301
[1126000, 1000]
[1126000, 1000]
Sender: 0.120729
Receiver: 0.120841
[1128000, 1000]
[1128000, 1000]
Sender: 0.121493
Receiver: 0.121466
[1130000, 1000]
[1130000, 1000]
Sender: 0.124820
Receiver: 0.124817
[1132000, 1000]
[1132000, 1000]
Sender: 0.121471
Receiver: 0.121477
[1134000, 1000]
[1134000, 1000]
Sender: 0.121606
Receiver: 0.121617
[1136000, 1000]
[1136000, 1000]
Sender: 0.121844
Receiver: 0.121851
[1138000, 1000]
[1138000, 1000]
Sender: 0.121433
Receiver: 0.121384
[1140000, 1000]
[1140000, 1000]
Sender: 0.123343
Receiver: 0.122653
[1142000, 1000]
[1142000, 1000]
Sender: 0.122566
Receiver: 0.123232
[1144000, 1000]
[1144000, 1000]
Sender: 0.122201
Receiver: 0.122188
[1146000, 1000]
[1146000, 1000]
Sender: 0.124145
Receiver: 0.124165
[1148000, 1000]
[1148000, 1000]
Sender: 0.123172
Receiver: 0.123176
[1150000, 1000]
[1150000, 1000]
Sender: 0.124596
Receiver: 0.123919
[1152000, 1000]
[1152000, 1000]
Sender: 0.123884
Receiver: 0.124646
[1154000, 1000]
[1154000, 1000]
Sender: 0.139225
Receiver: 0.139939
[1156000, 1000]
[1156000, 1000]
Sender: 0.123440
Receiver: 0.124172
[1158000, 1000]
[1158000, 1000]
Sender: 0.125205
Receiver: 0.125200
[1160000, 1000]
[1160000, 1000]
Sender: 0.126312
Receiver: 0.125605
[1162000, 1000]
[1162000, 1000]
Sender: 0.125005
Receiver: 0.125084
[1164000, 1000]
[1164000, 1000]
Sender: 0.125684
Receiver: 0.125099
[1166000, 1000]
[1166000, 1000]
Sender: 0.125834
Receiver: 0.125833
[1168000, 1000]
[1168000, 1000]
Sender: 0.125435
Receiver: 0.125424
[1170000, 1000]
[1170000, 1000]
Sender: 0.128954
Receiver: 0.129569
[1172000, 1000]
[1172000, 1000]
Sender: 0.126050
Receiver: 0.126028
[1174000, 1000]
[1174000, 1000]
Sender: 0.126684
Receiver: 0.126724
[1176000, 1000]
[1176000, 1000]
Sender: 0.132663
Receiver: 0.132726
[1178000, 1000]
[1178000, 1000]
Sender: 0.126086
Receiver: 0.126024
[1180000, 1000]
[1180000, 1000]
Sender: 0.126742
Receiver: 0.126758
[1182000, 1000]
[1182000, 1000]
Sender: 0.128283
Receiver: 0.128365
[1184000, 1000]
[1184000, 1000]
Sender: 0.126539
Receiver: 0.126493
[1186000, 1000]
[1186000, 1000]
Sender: 0.127284
Receiver: 0.127319
[1188000, 1000]
[1188000, 1000]
Sender: 0.128609
Receiver: 0.127918
[1190000, 1000]
[1190000, 1000]
Sender: 0.127992
Receiver: 0.127301
[1192000, 1000]
[1192000, 1000]
Sender: 0.127440
Receiver: 0.127483
[1194000, 1000]
[1194000, 1000]
Sender: 0.128670
Receiver: 0.128062
[1196000, 1000]
[1196000, 1000]
Sender: 0.128959
Receiver: 0.128292
[1198000, 1000]
[1198000, 1000]
Sender: 0.142817
Receiver: 0.142790
[1200000, 1000]
[1200000, 1000]
Sender: 0.130858
Receiver: 0.130941
[1202000, 1000]
[1202000, 1000]
Sender: 0.128810
Receiver: 0.129390
[1204000, 1000]
[1204000, 1000]
Sender: 0.128382
Receiver: 0.129090
[1206000, 1000]
[1206000, 1000]
Sender: 0.132893
Receiver: 0.132971
[1208000, 1000]
[1208000, 1000]
Sender: 0.132372
Receiver: 0.132405
[1210000, 1000]
[1210000, 1000]
Sender: 0.141603
Receiver: 0.141585
[1212000, 1000]
[1212000, 1000]
Sender: 0.129862
Receiver: 0.129866
[1214000, 1000]
[1214000, 1000]
Sender: 0.131509
Receiver: 0.130823
[1216000, 1000]
[1216000, 1000]
Sender: 0.129942
Receiver: 0.129946
[1218000, 1000]
[1218000, 1000]
Sender: 0.134844
Receiver: 0.134901
[1220000, 1000]
[1220000, 1000]
Sender: 0.130038
Receiver: 0.130059
[1222000, 1000]
[1222000, 1000]
Sender: 0.130502
Receiver: 0.130491
[1224000, 1000]
[1224000, 1000]
Sender: 0.130928
Receiver: 0.131667
[1226000, 1000]
[1226000, 1000]
Sender: 0.143614
Receiver: 0.143569
[1228000, 1000]
[1228000, 1000]
Sender: 0.146165
Receiver: 0.146849
[1230000, 1000]
[1230000, 1000]
Sender: 0.130391
Receiver: 0.130406
[1232000, 1000]
[1232000, 1000]
Sender: 0.132661
Receiver: 0.132618
[1234000, 1000]
[1234000, 1000]
Sender: 0.132514
Receiver: 0.132511
[1236000, 1000]
[1236000, 1000]
Sender: 0.140578
Receiver: 0.140729
[1238000, 1000]
[1238000, 1000]
Sender: 0.132910
Receiver: 0.132257
[1240000, 1000]
[1240000, 1000]
Sender: 0.133427
Receiver: 0.132825
[1242000, 1000]
[1242000, 1000]
Sender: 0.133212
Receiver: 0.133291
[1244000, 1000]
[1244000, 1000]
Sender: 0.132717
Receiver: 0.132083
[1246000, 1000]
[1246000, 1000]
Sender: 0.134269
Receiver: 0.134936
[1248000, 1000]
[1248000, 1000]
Sender: 0.134192
Receiver: 0.133455
[1250000, 1000]
[1250000, 1000]
Sender: 0.147955
Receiver: 0.148555
[1252000, 1000]
[1252000, 1000]
Sender: 0.135792
Receiver: 0.135728
[1254000, 1000]
[1254000, 1000]
Sender: 0.134495
Receiver: 0.133833
[1256000, 1000]
[1256000, 1000]
Sender: 0.134146
Receiver: 0.134224
[1258000, 1000]
[1258000, 1000]
Sender: 0.145355
Receiver: 0.145377
[1260000, 1000]
[1260000, 1000]
Sender: 0.134648
Receiver: 0.134004
[1262000, 1000]
[1262000, 1000]
Sender: 0.135671
Receiver: 0.136352
[1264000, 1000]
[1264000, 1000]
Sender: 0.135821
Receiver: 0.135184
[1266000, 1000]
[1266000, 1000]
Sender: 0.135143
Receiver: 0.135138
[1268000, 1000]
[1268000, 1000]
Sender: 0.134475
Receiver: 0.134607
[1270000, 1000]
[1270000, 1000]
Sender: 0.137047
Receiver: 0.137687
[1272000, 1000]
[1272000, 1000]
Sender: 0.137728
Receiver: 0.137665
[1274000, 1000]
[1274000, 1000]
Sender: 0.140988
Receiver: 0.140357
[1276000, 1000]
[1276000, 1000]
Sender: 0.157338
Receiver: 0.157316
[1278000, 1000]
[1278000, 1000]
Sender: 0.158062
Receiver: 0.157202
[1280000, 1000]
[1280000, 1000]
Sender: 0.157761
Receiver: 0.157816
[1282000, 1000]
[1282000, 1000]
Sender: 0.158695
Receiver: 0.159419
[1284000, 1000]
[1284000, 1000]
Sender: 0.157680
Receiver: 0.157642
[1286000, 1000]
[1286000, 1000]
Sender: 0.157798
Receiver: 0.157833
[1288000, 1000]
[1288000, 1000]
Sender: 0.158839
Receiver: 0.158127
[1290000, 1000]
[1290000, 1000]
Sender: 0.158833
Receiver: 0.157989
[1292000, 1000]
[1292000, 1000]
Sender: 0.170213
Receiver: 0.170193
[1294000, 1000]
[1294000, 1000]
Sender: 0.159149
Receiver: 0.158331
[1296000, 1000]
[1296000, 1000]
Sender: 0.159158
Receiver: 0.159201
[1298000, 1000]
[1298000, 1000]
Sender: 0.159876
Receiver: 0.159120
[1300000, 1000]
[1300000, 1000]
Sender: 0.163064
Receiver: 0.163068
[1302000, 1000]
[1302000, 1000]
Sender: 0.177310
Receiver: 0.177373
[1304000, 1000]
[1304000, 1000]
Sender: 0.165583
Receiver: 0.166360
[1306000, 1000]
[1306000, 1000]
Sender: 0.161946
Receiver: 0.161936
[1308000, 1000]
[1308000, 1000]
Sender: 0.162325
Receiver: 0.162407
[1310000, 1000]
[1310000, 1000]
Sender: 0.168013
Receiver: 0.167968
[1312000, 1000]
[1312000, 1000]
Sender: 0.160405
Receiver: 0.160445
[1314000, 1000]
[1314000, 1000]
Sender: 0.171751
Receiver: 0.172585
[1316000, 1000]
[1316000, 1000]
Sender: 0.176015
Receiver: 0.176054
[1318000, 1000]
[1318000, 1000]
Sender: 0.161449
Receiver: 0.161455
[1320000, 1000]
[1320000, 1000]
Sender: 0.162470
Receiver: 0.161711
[1322000, 1000]
[1322000, 1000]
Sender: 0.161963
Receiver: 0.162856
[1324000, 1000]
[1324000, 1000]
Sender: 0.170448
Receiver: 0.170420
[1326000, 1000]
[1326000, 1000]
Sender: 0.162578
Receiver: 0.161784
[1328000, 1000]
[1328000, 1000]
Sender: 0.162513
Receiver: 0.162516
[1330000, 1000]
[1330000, 1000]
Sender: 0.164255
Receiver: 0.164272
[1332000, 1000]
[1332000, 1000]
Sender: 0.168715
Receiver: 0.168729
[1334000, 1000]
[1334000, 1000]
Sender: 0.172853
Receiver: 0.172786
[1336000, 1000]
[1336000, 1000]
Sender: 0.174985
Receiver: 0.175050
[1338000, 1000]
[1338000, 1000]
Sender: 0.171980
Receiver: 0.171965
[1340000, 1000]
[1340000, 1000]
Sender: 0.164922
Receiver: 0.164175
[1342000, 1000]
[1342000, 1000]
Sender: 0.164306
Receiver: 0.164299
[1344000, 1000]
[1344000, 1000]
Sender: 0.165643
Receiver: 0.164875
[1346000, 1000]
[1346000, 1000]
Sender: 0.179171
Receiver: 0.179973
[1348000, 1000]
[1348000, 1000]
Sender: 0.166661
Receiver: 0.166723
[1350000, 1000]
[1350000, 1000]
Sender: 0.166027
Receiver: 0.166063
[1352000, 1000]
[1352000, 1000]
Sender: 0.165967
Receiver: 0.165971
[1354000, 1000]
[1354000, 1000]
Sender: 0.167505
Receiver: 0.167589
[1356000, 1000]
[1356000, 1000]
Sender: 0.166697
Receiver: 0.167479
[1358000, 1000]
[1358000, 1000]
Sender: 0.166791
Receiver: 0.165996
[1360000, 1000]
[1360000, 1000]
Sender: 0.165591
Receiver: 0.165599
[1362000, 1000]
[1362000, 1000]
Sender: 0.166123
Receiver: 0.166894
[1364000, 1000]
[1364000, 1000]
Sender: 0.167770
Receiver: 0.167845
[1366000, 1000]
[1366000, 1000]
Sender: 0.167821
Receiver: 0.167914
[1368000, 1000]
[1368000, 1000]
Sender: 0.168138
Receiver: 0.167406
[1370000, 1000]
[1370000, 1000]
Sender: 0.174423
Receiver: 0.174470
[1372000, 1000]
[1372000, 1000]
Sender: 0.167640
Receiver: 0.167606
[1374000, 1000]
[1374000, 1000]
Sender: 0.168586
Receiver: 0.167809
[1376000, 1000]
[1376000, 1000]
Sender: 0.180461
Receiver: 0.180414
[1378000, 1000]
[1378000, 1000]
Sender: 0.169013
Receiver: 0.168202
[1380000, 1000]
[1380000, 1000]
Sender: 0.169557
Receiver: 0.169572
[1382000, 1000]
[1382000, 1000]
Sender: 0.169602
Receiver: 0.168808
[1384000, 1000]
[1384000, 1000]
Sender: 0.183133
Receiver: 0.183953
[1386000, 1000]
[1386000, 1000]
Sender: 0.169312
Receiver: 0.169335
[1388000, 1000]
[1388000, 1000]
Sender: 0.184045
Receiver: 0.184800
[1390000, 1000]
[1390000, 1000]
Sender: 0.174640
Receiver: 0.174577
[1392000, 1000]
[1392000, 1000]
Sender: 0.176098
Receiver: 0.176143
[1394000, 1000]
[1394000, 1000]
Sender: 0.183257
Receiver: 0.183971
[1396000, 1000]
[1396000, 1000]
Sender: 0.176016
Receiver: 0.176033
[1398000, 1000]
[1398000, 1000]
Sender: 0.171719
Receiver: 0.172504
[1400000, 1000]
[1400000, 1000]
Sender: 0.179239
Receiver: 0.179187
[1402000, 1000]
[1402000, 1000]
Sender: 0.172984
Receiver: 0.173796
[1404000, 1000]
[1404000, 1000]
Sender: 0.171972
Receiver: 0.171218
[1406000, 1000]
[1406000, 1000]
Sender: 0.183379
Receiver: 0.184078
[1408000, 1000]
[1408000, 1000]
Sender: 0.176750
Receiver: 0.176726
[1410000, 1000]
[1410000, 1000]
Sender: 0.187250
Receiver: 0.187161
[1412000, 1000]
[1412000, 1000]
Sender: 0.173765
Receiver: 0.173738
[1414000, 1000]
[1414000, 1000]
Sender: 0.173671
Receiver: 0.173704
[1416000, 1000]
[1416000, 1000]
Sender: 0.174007
Receiver: 0.174813
[1418000, 1000]
[1418000, 1000]
Sender: 0.175925
Receiver: 0.176640
[1420000, 1000]
[1420000, 1000]
Sender: 0.174909
Receiver: 0.174134
[1422000, 1000]
[1422000, 1000]
Sender: 0.179379
Receiver: 0.180133
[1424000, 1000]
[1424000, 1000]
Sender: 0.174068
Receiver: 0.174079
[1426000, 1000]
[1426000, 1000]
Sender: 0.179582
Receiver: 0.179530
[1428000, 1000]
[1428000, 1000]
Sender: 0.174781
Receiver: 0.174756
[1430000, 1000]
[1430000, 1000]
Sender: 0.175709
Receiver: 0.175682
[1432000, 1000]
[1432000, 1000]
Sender: 0.192776
Receiver: 0.192751
[1434000, 1000]
[1434000, 1000]
Sender: 0.175615
Receiver: 0.175552
[1436000, 1000]
[1436000, 1000]
Sender: 0.191168
Receiver: 0.191178
[1438000, 1000]
[1438000, 1000]
Sender: 0.175341
Receiver: 0.175287
[1440000, 1000]
[1440000, 1000]
Sender: 0.176747
Receiver: 0.176769
[1442000, 1000]
[1442000, 1000]
Sender: 0.193861
Receiver: 0.193104
[1444000, 1000]
[1444000, 1000]
Sender: 0.182973
Receiver: 0.183031
[1446000, 1000]
[1446000, 1000]
Sender: 0.175818
Receiver: 0.175813
[1448000, 1000]
[1448000, 1000]
Sender: 0.177331
Receiver: 0.178088
[1450000, 1000]
[1450000, 1000]
Sender: 0.177521
Receiver: 0.176781
[1452000, 1000]
[1452000, 1000]
Sender: 0.178566
Receiver: 0.179358
[1454000, 1000]
[1454000, 1000]
Sender: 0.180495
Receiver: 0.180585
[1456000, 1000]
[1456000, 1000]
Sender: 0.198339
Receiver: 0.198286
[1458000, 1000]
[1458000, 1000]
Sender: 0.192965
Receiver: 0.192905
[1460000, 1000]
[1460000, 1000]
Sender: 0.178221
Receiver: 0.178285
[1462000, 1000]
[1462000, 1000]
Sender: 0.187936
Receiver: 0.188765
[1464000, 1000]
[1464000, 1000]
Sender: 0.180815
Receiver: 0.180753
[1466000, 1000]
[1466000, 1000]
Sender: 0.188225
Receiver: 0.189102
[1468000, 1000]
[1468000, 1000]
Sender: 0.179916
Receiver: 0.180747
[1470000, 1000]
[1470000, 1000]
Sender: 0.181435
Receiver: 0.181440
[1472000, 1000]
[1472000, 1000]
Sender: 0.180057
Receiver: 0.180084
[1474000, 1000]
[1474000, 1000]
Sender: 0.181193
Receiver: 0.181215
[1476000, 1000]
[1476000, 1000]
Sender: 0.195936
Receiver: 0.195126
[1478000, 1000]
[1478000, 1000]
Sender: 0.202210
Receiver: 0.201449
[1480000, 1000]
[1480000, 1000]
Sender: 0.182016
Receiver: 0.181173
[1482000, 1000]
[1482000, 1000]
Sender: 0.193876
Receiver: 0.194668
[1484000, 1000]
[1484000, 1000]
Sender: 0.181179
Receiver: 0.181142
[1486000, 1000]
[1486000, 1000]
Sender: 0.181190
Receiver: 0.181263
[1488000, 1000]
[1488000, 1000]
Sender: 0.183017
Receiver: 0.183696
[1490000, 1000]
[1490000, 1000]
Sender: 0.182119
Receiver: 0.182141
[1492000, 1000]
[1492000, 1000]
Sender: 0.191061
Receiver: 0.191873
[1494000, 1000]
[1494000, 1000]
Sender: 0.183594
Receiver: 0.183594
[1496000, 1000]
[1496000, 1000]
Sender: 0.200761
Receiver: 0.200793
[1498000, 1000]
[1498000, 1000]
Sender: 0.204691
Receiver: 0.203812
[1500000, 1000]
[1500000, 1000]
Sender: 0.197463
Receiver: 0.196622
[1502000, 1000]
[1502000, 1000]
Sender: 0.202049
Receiver: 0.201183
[1504000, 1000]
[1504000, 1000]
Sender: 0.184380
Receiver: 0.185184
[1506000, 1000]
[1506000, 1000]
Sender: 0.183903
Receiver: 0.183866
[1508000, 1000]
[1508000, 1000]
Sender: 0.184733
Receiver: 0.184738
[1510000, 1000]
[1510000, 1000]
Sender: 0.184775
Receiver: 0.184013
[1512000, 1000]
[1512000, 1000]
Sender: 0.184571
Receiver: 0.184574
[1514000, 1000]
[1514000, 1000]
Sender: 0.187283
Receiver: 0.187277
[1516000, 1000]
[1516000, 1000]
Sender: 0.184228
Receiver: 0.184212
[1518000, 1000]
[1518000, 1000]
Sender: 0.188599
Receiver: 0.189369
[1520000, 1000]
[1520000, 1000]
Sender: 0.207761
Receiver: 0.207032
[1522000, 1000]
[1522000, 1000]
Sender: 0.200485
Receiver: 0.199716
[1524000, 1000]
[1524000, 1000]
Sender: 0.186366
Receiver: 0.186374
[1526000, 1000]
[1526000, 1000]
Sender: 0.187238
Receiver: 0.186460
[1528000, 1000]
[1528000, 1000]
Sender: 0.186017
Receiver: 0.186057
[1530000, 1000]
[1530000, 1000]
Sender: 0.186634
Receiver: 0.187484
[1532000, 1000]
[1532000, 1000]
Sender: 0.186330
Receiver: 0.187186
[1534000, 1000]
[1534000, 1000]
Sender: 0.187051
Receiver: 0.187069
[1536000, 1000]
[1536000, 1000]
Sender: 0.188199
Receiver: 0.188182
[1538000, 1000]
[1538000, 1000]
Sender: 0.212324
Receiver: 0.211533
[1540000, 1000]
[1540000, 1000]
Sender: 0.186604
Receiver: 0.186668
[1542000, 1000]
[1542000, 1000]
Sender: 0.188527
Receiver: 0.189355
[1544000, 1000]
[1544000, 1000]
Sender: 0.205670
Receiver: 0.205714
[1546000, 1000]
[1546000, 1000]
Sender: 0.193873
Receiver: 0.193914
[1548000, 1000]
[1548000, 1000]
Sender: 0.189803
Receiver: 0.189828
[1550000, 1000]
[1550000, 1000]
Sender: 0.212925
Receiver: 0.212096
[1552000, 1000]
[1552000, 1000]
Sender: 0.188817
Receiver: 0.189609
[1554000, 1000]
[1554000, 1000]
Sender: 0.191026
Receiver: 0.191853
[1556000, 1000]
[1556000, 1000]
Sender: 0.190487
Receiver: 0.190526
[1558000, 1000]
[1558000, 1000]
Sender: 0.211766
Receiver: 0.211723
[1560000, 1000]
[1560000, 1000]
Sender: 0.238074
Receiver: 0.237179
[1562000, 1000]
[1562000, 1000]
Sender: 0.225145
Receiver: 0.226522
[1564000, 1000]
[1564000, 1000]
Sender: 0.196009
Receiver: 0.196002
[1566000, 1000]
[1566000, 1000]
Sender: 0.277155
Receiver: 0.277167
[1568000, 1000]
[1568000, 1000]
Sender: 0.203703
Receiver: 0.203127
[1570000, 1000]
[1570000, 1000]
Sender: 0.184665
Receiver: 0.184275
[1572000, 1000]
[1572000, 1000]
Sender: 0.167875
Receiver: 0.167842
[1574000, 1000]
[1574000, 1000]
Sender: 0.177909
Receiver: 0.177134
[1576000, 1000]
[1576000, 1000]
Sender: 0.181882
Receiver: 0.181795
[1578000, 1000]
[1578000, 1000]
Sender: 0.169467
Receiver: 0.169491
[1580000, 1000]
[1580000, 1000]
Sender: 0.186126
Receiver: 0.186090
[1582000, 1000]
[1582000, 1000]
Sender: 0.185727
Receiver: 0.186291
[1584000, 1000]
[1584000, 1000]
Sender: 0.194898
Receiver: 0.194888
[1586000, 1000]
[1586000, 1000]
Sender: 0.197856
Receiver: 0.198339
[1588000, 1000]
[1588000, 1000]
Sender: 0.195590
Receiver: 0.195400
[1590000, 1000]
[1590000, 1000]
Sender: 0.174645
Receiver: 0.174349
[1592000, 1000]
[1592000, 1000]
Sender: 0.170196
Receiver: 0.170171
[1594000, 1000]
[1594000, 1000]
Sender: 0.170731
Receiver: 0.170698
[1596000, 1000]
[1596000, 1000]
Sender: 0.171990
Receiver: 0.172692
[1598000, 1000]
[1598000, 1000]
Sender: 0.172038
Receiver: 0.172022
[1600000, 1000]
[1600000, 1000]
Sender: 0.197665
Receiver: 0.197599
[1602000, 1000]
[1602000, 1000]
Sender: 0.196882
Receiver: 0.196550
[1604000, 1000]
[1604000, 1000]
Sender: 0.182586
Receiver: 0.183180
[1606000, 1000]
[1606000, 1000]
Sender: 0.190419
Receiver: 0.190369
[1608000, 1000]
[1608000, 1000]
Sender: 0.190896
Receiver: 0.191304
[1610000, 1000]
[1610000, 1000]
Sender: 0.181232
Receiver: 0.180535
[1612000, 1000]
[1612000, 1000]
Sender: 0.177956
Receiver: 0.177264
[1614000, 1000]
[1614000, 1000]
Sender: 0.184610
Receiver: 0.183953
[1616000, 1000]
[1616000, 1000]
Sender: 0.172854
Receiver: 0.172867
[1618000, 1000]
[1618000, 1000]
Sender: 0.172790
Receiver: 0.172797
[1620000, 1000]
[1620000, 1000]
Sender: 0.200338
Receiver: 0.199955
[1622000, 1000]
[1622000, 1000]
Sender: 0.205926
Receiver: 0.206158
[1624000, 1000]
[1624000, 1000]
Sender: 0.173218
Receiver: 0.173247
[1626000, 1000]
[1626000, 1000]
Sender: 0.175383
Receiver: 0.174648
[1628000, 1000]
[1628000, 1000]
Sender: 0.186145
Receiver: 0.186402
[1630000, 1000]
[1630000, 1000]
Sender: 0.185499
Receiver: 0.184745
[1632000, 1000]
[1632000, 1000]
Sender: 0.173473
Receiver: 0.173505
[1634000, 1000]
[1634000, 1000]
Sender: 0.193245
Receiver: 0.193224
[1636000, 1000]
[1636000, 1000]
Sender: 0.178558
Receiver: 0.178641
[1638000, 1000]
[1638000, 1000]
Sender: 0.212484
Receiver: 0.212044
[1640000, 1000]
[1640000, 1000]
Sender: 0.202042
Receiver: 0.201691
[1642000, 1000]
[1642000, 1000]
Sender: 0.210728
Receiver: 0.211332
[1644000, 1000]
[1644000, 1000]
Sender: 0.196406
Receiver: 0.196372
[1646000, 1000]
[1646000, 1000]
Sender: 0.195096
Receiver: 0.194002
[1648000, 1000]
[1648000, 1000]
Sender: 0.174760
Receiver: 0.174799
[1650000, 1000]
[1650000, 1000]
Sender: 0.176558
Receiver: 0.176395
[1652000, 1000]
[1652000, 1000]
Sender: 0.185689
Receiver: 0.185710
[1654000, 1000]
[1654000, 1000]
Sender: 0.176086
Receiver: 0.176081
[1656000, 1000]
[1656000, 1000]
Sender: 0.202055
Receiver: 0.202813
[1658000, 1000]
[1658000, 1000]
Sender: 0.212057
Receiver: 0.211034
[1660000, 1000]
[1660000, 1000]
Sender: 0.207943
Receiver: 0.206910
[1662000, 1000]
[1662000, 1000]
Sender: 0.217791
Receiver: 0.217361
[1664000, 1000]
[1664000, 1000]
Sender: 0.186226
Receiver: 0.186616
[1666000, 1000]
[1666000, 1000]
Sender: 0.177797
Receiver: 0.177890
[1668000, 1000]
[1668000, 1000]
Sender: 0.198536
Receiver: 0.199250
[1670000, 1000]
[1670000, 1000]
Sender: 0.194053
Receiver: 0.194739
[1672000, 1000]
[1672000, 1000]
Sender: 0.178258
Receiver: 0.178242
[1674000, 1000]
[1674000, 1000]
Sender: 0.222046
Receiver: 0.222028
[1676000, 1000]
[1676000, 1000]
Sender: 0.190454
Receiver: 0.189902
[1678000, 1000]
[1678000, 1000]
Sender: 0.187038
Receiver: 0.187051
[1680000, 1000]
[1680000, 1000]
Sender: 0.183272
Receiver: 0.183280
[1682000, 1000]
[1682000, 1000]
Sender: 0.199014
Receiver: 0.198673
[1684000, 1000]
[1684000, 1000]
Sender: 0.177473
Receiver: 0.177523
[1686000, 1000]
[1686000, 1000]
Sender: 0.181730
Receiver: 0.181074
[1688000, 1000]
[1688000, 1000]
Sender: 0.183951
Receiver: 0.183248
[1690000, 1000]
[1690000, 1000]
Sender: 0.181281
Receiver: 0.181305
[1692000, 1000]
[1692000, 1000]
Sender: 0.204002
Receiver: 0.204005
[1694000, 1000]
[1694000, 1000]
Sender: 0.205478
Receiver: 0.204536
[1696000, 1000]
[1696000, 1000]
Sender: 0.207156
Receiver: 0.207643
[1698000, 1000]
[1698000, 1000]
Sender: 0.209650
Receiver: 0.209359
[1700000, 1000]
[1700000, 1000]
Sender: 0.208694
Receiver: 0.209224
[1702000, 1000]
[1702000, 1000]
Sender: 0.182058
Receiver: 0.181383
[1704000, 1000]
[1704000, 1000]
Sender: 0.181942
Receiver: 0.182583
[1706000, 1000]
[1706000, 1000]
Sender: 0.183250
Receiver: 0.182603
[1708000, 1000]
[1708000, 1000]
Sender: 0.181398
Receiver: 0.182288
[1710000, 1000]
[1710000, 1000]
Sender: 0.192234
Receiver: 0.192194
[1712000, 1000]
[1712000, 1000]
Sender: 0.200677
Receiver: 0.200748
[1714000, 1000]
[1714000, 1000]
Sender: 0.200724
Receiver: 0.200893
[1716000, 1000]
[1716000, 1000]
Sender: 0.222446
Receiver: 0.222661
[1718000, 1000]
[1718000, 1000]
Sender: 0.190556
Receiver: 0.190561
[1720000, 1000]
[1720000, 1000]
Sender: 0.191951
Receiver: 0.191961
[1722000, 1000]
[1722000, 1000]
Sender: 0.182724
Receiver: 0.182774
[1724000, 1000]
[1724000, 1000]
Sender: 0.195348
Receiver: 0.195434
[1726000, 1000]
[1726000, 1000]
Sender: 0.182791
Receiver: 0.182826
[1728000, 1000]
[1728000, 1000]
Sender: 0.186922
Receiver: 0.186935
[1730000, 1000]
[1730000, 1000]
Sender: 0.216285
Receiver: 0.215626
[1732000, 1000]
[1732000, 1000]
Sender: 0.189387
Receiver: 0.189391
[1734000, 1000]
[1734000, 1000]
Sender: 0.194005
Receiver: 0.193821
[1736000, 1000]
[1736000, 1000]
Sender: 0.215260
Receiver: 0.214663
[1738000, 1000]
[1738000, 1000]
Sender: 0.193266
Receiver: 0.193028
[1740000, 1000]
[1740000, 1000]
Sender: 0.203236
Receiver: 0.203875
[1742000, 1000]
[1742000, 1000]
Sender: 0.186062
Receiver: 0.186103
[1744000, 1000]
[1744000, 1000]
Sender: 0.196072
Receiver: 0.196068
[1746000, 1000]
[1746000, 1000]
Sender: 0.195354
Receiver: 0.195504
[1748000, 1000]
[1748000, 1000]
Sender: 0.190750
Receiver: 0.190042
[1750000, 1000]
[1750000, 1000]
Sender: 0.217072
Receiver: 0.216421
[1752000, 1000]
[1752000, 1000]
Sender: 0.189929
Receiver: 0.189250
[1754000, 1000]
[1754000, 1000]
Sender: 0.206568
Receiver: 0.206590
[1756000, 1000]
[1756000, 1000]
Sender: 0.188581
Receiver: 0.189115
[1758000, 1000]
[1758000, 1000]
Sender: 0.188050
Receiver: 0.187321
[1760000, 1000]
[1760000, 1000]
Sender: 0.189785
Receiver: 0.189780
[1762000, 1000]
[1762000, 1000]
Sender: 0.188796
Receiver: 0.188825
[1764000, 1000]
[1764000, 1000]
Sender: 0.205849
Receiver: 0.205831
[1766000, 1000]
[1766000, 1000]
Sender: 0.223356
Receiver: 0.223485
[1768000, 1000]
[1768000, 1000]
Sender: 0.203242
Receiver: 0.203182
[1770000, 1000]
[1770000, 1000]
Sender: 0.195882
Receiver: 0.195831
[1772000, 1000]
[1772000, 1000]
Sender: 0.206661
Receiver: 0.206621
[1774000, 1000]
[1774000, 1000]
Sender: 0.207152
Receiver: 0.207194
[1776000, 1000]
[1776000, 1000]
Sender: 0.191747
Receiver: 0.191082
[1778000, 1000]
[1778000, 1000]
Sender: 0.193543
Receiver: 0.193560
[1780000, 1000]
[1780000, 1000]
Sender: 0.189861
Receiver: 0.189949
[1782000, 1000]
[1782000, 1000]
Sender: 0.227289
Receiver: 0.227263
[1784000, 1000]
[1784000, 1000]
Sender: 0.221842
Receiver: 0.221534
[1786000, 1000]
[1786000, 1000]
Sender: 0.210571
Receiver: 0.211267
[1788000, 1000]
[1788000, 1000]
Sender: 0.244443
Receiver: 0.244513
[1790000, 1000]
[1790000, 1000]
Sender: 0.205520
Receiver: 0.204651
[1792000, 1000]
[1792000, 1000]
Sender: 0.193581
Receiver: 0.193540
[1794000, 1000]
[1794000, 1000]
Sender: 0.192828
Receiver: 0.192148
[1796000, 1000]
[1796000, 1000]
Sender: 0.209824
Receiver: 0.209670
[1798000, 1000]
[1798000, 1000]
Sender: 0.195500
Receiver: 0.196184
[1800000, 1000]
[1800000, 1000]
Sender: 0.211133
Receiver: 0.210391
[1802000, 1000]
[1802000, 1000]
Sender: 0.218939
Receiver: 0.218494
[1804000, 1000]
[1804000, 1000]
Sender: 0.199995
Receiver: 0.199392
[1806000, 1000]
[1806000, 1000]
Sender: 0.225738
Receiver: 0.226038
[1808000, 1000]
[1808000, 1000]
Sender: 0.206974
Receiver: 0.207644
[1810000, 1000]
[1810000, 1000]
Sender: 0.193587
Receiver: 0.193574
[1812000, 1000]
[1812000, 1000]
Sender: 0.202173
Receiver: 0.202893
[1814000, 1000]
[1814000, 1000]
Sender: 0.209802
Receiver: 0.209805
[1816000, 1000]
[1816000, 1000]
Sender: 0.191842
Receiver: 0.191822
[1818000, 1000]
[1818000, 1000]
Sender: 0.212362
Receiver: 0.212887
[1820000, 1000]
[1820000, 1000]
Sender: 0.196060
Receiver: 0.196279
[1822000, 1000]
[1822000, 1000]
Sender: 0.211190
Receiver: 0.211463
[1824000, 1000]
[1824000, 1000]
Sender: 0.226316
Receiver: 0.226351
[1826000, 1000]
[1826000, 1000]
Sender: 0.197340
Receiver: 0.196656
[1828000, 1000]
[1828000, 1000]
Sender: 0.195749
Receiver: 0.195131
[1830000, 1000]
[1830000, 1000]
Sender: 0.217673
Receiver: 0.218350
[1832000, 1000]
[1832000, 1000]
Sender: 0.209967
Receiver: 0.209957
[1834000, 1000]
[1834000, 1000]
Sender: 0.225745
Receiver: 0.225053
[1836000, 1000]
[1836000, 1000]
Sender: 0.203491
Receiver: 0.203427
[1838000, 1000]
[1838000, 1000]
Sender: 0.229163
Receiver: 0.229799
[1840000, 1000]
[1840000, 1000]
Sender: 0.233618
Receiver: 0.234248
[1842000, 1000]
[1842000, 1000]
Sender: 0.202343
Receiver: 0.201232
[1844000, 1000]
[1844000, 1000]
Sender: 0.195936
Receiver: 0.196559
[1846000, 1000]
[1846000, 1000]
Sender: 0.219831
Receiver: 0.219793
[1848000, 1000]
[1848000, 1000]
Sender: 0.213270
Receiver: 0.213290
[1850000, 1000]
[1850000, 1000]
Sender: 0.202547
Receiver: 0.202555
[1852000, 1000]
[1852000, 1000]
Sender: 0.215820
Receiver: 0.214794
[1854000, 1000]
[1854000, 1000]
Sender: 0.228267
Receiver: 0.228215
[1856000, 1000]
[1856000, 1000]
Sender: 0.229411
Receiver: 0.229094
[1858000, 1000]
[1858000, 1000]
Sender: 0.214350
Receiver: 0.213963
[1860000, 1000]
[1860000, 1000]
Sender: 0.197170
Receiver: 0.197202
[1862000, 1000]
[1862000, 1000]
Sender: 0.199201
Receiver: 0.199243
[1864000, 1000]
[1864000, 1000]
Sender: 0.220066
Receiver: 0.220123
[1866000, 1000]
[1866000, 1000]
Sender: 0.218423
Receiver: 0.218379
[1868000, 1000]
[1868000, 1000]
Sender: 0.201899
Receiver: 0.201908
[1870000, 1000]
[1870000, 1000]
Sender: 0.248594
Receiver: 0.248804
[1872000, 1000]
[1872000, 1000]
Sender: 0.212961
Receiver: 0.212960
[1874000, 1000]
[1874000, 1000]
Sender: 0.227790
Receiver: 0.227758
[1876000, 1000]
[1876000, 1000]
Sender: 0.222739
Receiver: 0.222701
[1878000, 1000]
[1878000, 1000]
Sender: 0.201181
Receiver: 0.201210
[1880000, 1000]
[1880000, 1000]
Sender: 0.204477
Receiver: 0.204439
[1882000, 1000]
[1882000, 1000]
Sender: 0.215966
Receiver: 0.216663
[1884000, 1000]
[1884000, 1000]
Sender: 0.207779
Receiver: 0.207811
[1886000, 1000]
[1886000, 1000]
Sender: 0.203523
Receiver: 0.203566
[1888000, 1000]
[1888000, 1000]
Sender: 0.199668
Receiver: 0.198999
[1890000, 1000]
[1890000, 1000]
Sender: 0.210164
Receiver: 0.210272
[1892000, 1000]
[1892000, 1000]
Sender: 0.204816
Receiver: 0.205602
[1894000, 1000]
[1894000, 1000]
Sender: 0.200240
Receiver: 0.199616
[1896000, 1000]
[1896000, 1000]
Sender: 0.204924
Receiver: 0.205581
[1898000, 1000]
[1898000, 1000]
Sender: 0.224307
Receiver: 0.224335
[1900000, 1000]
[1900000, 1000]
Sender: 0.202909
Receiver: 0.203561
[1902000, 1000]
[1902000, 1000]
Sender: 0.201746
Receiver: 0.201760
[1904000, 1000]
[1904000, 1000]
Sender: 0.205004
Receiver: 0.204986
[1906000, 1000]
[1906000, 1000]
Sender: 0.202168
Receiver: 0.202343
[1908000, 1000]
[1908000, 1000]
Sender: 0.211398
Receiver: 0.211310
[1910000, 1000]
[1910000, 1000]
Sender: 0.218724
Receiver: 0.218654
[1912000, 1000]
[1912000, 1000]
Sender: 0.202246
Receiver: 0.201544
[1914000, 1000]
[1914000, 1000]
Sender: 0.203716
Receiver: 0.203038
[1916000, 1000]
[1916000, 1000]
Sender: 0.221710
Receiver: 0.221709
[1918000, 1000]
[1918000, 1000]
Sender: 0.203115
Receiver: 0.202446
[1920000, 1000]
[1920000, 1000]
Sender: 0.202933
Receiver: 0.202253
[1922000, 1000]
[1922000, 1000]
Sender: 0.211400
Receiver: 0.211406
[1924000, 1000]
[1924000, 1000]
Sender: 0.202157
Receiver: 0.201496
[1926000, 1000]
[1926000, 1000]
Sender: 0.204479
Receiver: 0.205149
[1928000, 1000]
[1928000, 1000]
Sender: 0.218151
Receiver: 0.218773
[1930000, 1000]
[1930000, 1000]
Sender: 0.203190
Receiver: 0.202474
[1932000, 1000]
[1932000, 1000]
Sender: 0.204661
Receiver: 0.203967
[1934000, 1000]
[1934000, 1000]
Sender: 0.204901
Receiver: 0.204880
[1936000, 1000]
[1936000, 1000]
Sender: 0.204648
Receiver: 0.204642
[1938000, 1000]
[1938000, 1000]
Sender: 0.206680
Receiver: 0.206609
[1940000, 1000]
[1940000, 1000]
Sender: 0.218415
Receiver: 0.219112
[1942000, 1000]
[1942000, 1000]
Sender: 0.223528
Receiver: 0.223457
[1944000, 1000]
[1944000, 1000]
Sender: 0.205476
Receiver: 0.204835
[1946000, 1000]
[1946000, 1000]
Sender: 0.204613
Receiver: 0.203896
[1948000, 1000]
[1948000, 1000]
Sender: 0.216138
Receiver: 0.216832
[1950000, 1000]
[1950000, 1000]
Sender: 0.222432
Receiver: 0.222477
[1952000, 1000]
[1952000, 1000]
Sender: 0.207204
Receiver: 0.207237
[1954000, 1000]
[1954000, 1000]
Sender: 0.229834
Receiver: 0.229898
[1956000, 1000]
[1956000, 1000]
Sender: 0.209175
Receiver: 0.209921
[1958000, 1000]
[1958000, 1000]
Sender: 0.204050
Receiver: 0.204013
[1960000, 1000]
[1960000, 1000]
Sender: 0.208916
Receiver: 0.208872
[1962000, 1000]
[1962000, 1000]
Sender: 0.219655
Receiver: 0.219599
[1964000, 1000]
[1964000, 1000]
Sender: 0.208596
Receiver: 0.208530
[1966000, 1000]
[1966000, 1000]
Sender: 0.216669
Receiver: 0.216694
[1968000, 1000]
[1968000, 1000]
Sender: 0.208964
Receiver: 0.208920
[1970000, 1000]
[1970000, 1000]
Sender: 0.219623
Receiver: 0.219641
[1972000, 1000]
[1972000, 1000]
Sender: 0.225698
Receiver: 0.225647
[1974000, 1000]
[1974000, 1000]
Sender: 0.209452
Receiver: 0.210238
[1976000, 1000]
[1976000, 1000]
Sender: 0.208058
Receiver: 0.207436
[1978000, 1000]
[1978000, 1000]
Sender: 0.208839
Receiver: 0.208776
[1980000, 1000]
[1980000, 1000]
Sender: 0.211411
Receiver: 0.211439
[1982000, 1000]
[1982000, 1000]
Sender: 0.210140
Receiver: 0.210235
[1984000, 1000]
[1984000, 1000]
Sender: 0.233777
Receiver: 0.233069
[1986000, 1000]
[1986000, 1000]
Sender: 0.207939
Receiver: 0.207888
[1988000, 1000]
[1988000, 1000]
Sender: 0.209804
Receiver: 0.210577
[1990000, 1000]
[1990000, 1000]
Sender: 0.210588
Receiver: 0.209936
[1992000, 1000]
[1992000, 1000]
Sender: 0.210056
Receiver: 0.210109
[1994000, 1000]
[1994000, 1000]
Sender: 0.225824
Receiver: 0.225817
[1996000, 1000]
[1996000, 1000]
Sender: 0.209286
Receiver: 0.209259
[1998000, 1000]
[1998000, 1000]
Sender: 0.212083
Receiver: 0.212754
[2000000, 1000]
[2000000, 1000]
Sender: 0.235020
Receiver: 0.235071
