-----
Slave: 60.701344
Master: 60.820102
Slave: 60.820910
Slave: 60.837749
Slave: 60.862369
Slave: 60.871465
Slave: 60.894416
Calculated PI: 3.141600
General: 69.809606
Slave: 69.809459
-----
Slave: 60.745328
Slave: 60.787713
Master: 60.811466
Slave: 60.827070
Slave: 60.848155
Slave: 60.864719
Slave: 60.869529
Calculated PI: 3.141590
General: 60.920339
Slave: 60.919956
-----
Slave: 60.667438
Slave: 60.741646
Slave: 60.760422
Master: 60.761327
Slave: 60.767045
Slave: 60.801948
Slave: 60.825660
Calculated PI: 3.141594
General: 60.849063
Slave: 60.848824
-----
Slave: 60.780986
Slave: 60.807135
Slave: 60.816491
Master: 60.853066
Slave: 60.862319
Slave: 60.874698
Slave: 60.876194
Slave: 60.886898
Calculated PI: 3.141591
General: 60.887125
-----
Slave: 60.753906
Slave: 60.760187
Slave: 60.797230
Slave: 60.822310
Master: 60.847886
Slave: 60.855615
Slave: 60.856114
Slave: 60.873893
Calculated PI: 3.141597
General: 60.873711
-----
Slave: 60.728500
Slave: 60.730099
Slave: 60.764742
Slave: 60.770458
Slave: 60.783661
Slave: 60.788129
Master: 60.807664
Calculated PI: 3.141586
General: 60.892955
Slave: 60.892951
-----
Slave: 60.707036
Slave: 60.794271
Slave: 60.796163
Slave: 60.857596
Master: 60.858590
Slave: 60.865048
Slave: 60.870824
Calculated PI: 3.141599
General: 60.946183
Slave: 60.945973
-----
Slave: 60.728838
Slave: 60.795980
Master: 60.796942
Slave: 60.798217
Slave: 60.855519
Slave: 60.890111
Slave: 60.895371
Slave: 60.917089
Calculated PI: 3.141585
General: 60.917378
-----
Slave: 60.735296
Slave: 60.790356
Slave: 60.802930
Slave: 60.836335
Slave: 60.840740
Master: 60.843832
Slave: 60.872187
Slave: 60.884940
Calculated PI: 3.141602
General: 60.885342
-----
Slave: 60.728322
Master: 60.749963
Slave: 60.752342
Slave: 60.774398
Slave: 60.830032
Slave: 60.831049
Slave: 60.833706
Calculated PI: 3.141608
General: 60.916538
Slave: 60.916287
