-----
Slave: 464.423787
Slave: 466.876155
Master: 486.661110
Slave: 487.292787
Slave: 487.608497
Calculated PI: 3.141601
General: 487.608728
-----
Slave: 466.910928
Slave: 467.831815
Slave: 486.053146
Slave: 486.902503
Master: 488.808904
Calculated PI: 3.141594
General: 488.809144
-----
Slave: 466.823308
Slave: 468.413734
Slave: 485.987818
Slave: 486.721001
Master: 487.090853
Calculated PI: 3.141578
General: 487.091056
-----
Slave: 467.650631
Slave: 467.788882
Slave: 486.355462
Slave: 487.030416
Master: 487.758922
Calculated PI: 3.141589
General: 487.759124
-----
Slave: 465.117420
Slave: 466.904612
Slave: 486.373236
Master: 487.782554
Calculated PI: 3.141598
General: 488.046943
Slave: 488.046837
-----
Slave: 466.278847
Slave: 480.171709
Master: 486.227580
Slave: 486.547589
Calculated PI: 3.141591
General: 487.885686
Slave: 487.885607
-----
Slave: 465.118178
Slave: 466.368051
Master: 488.102160
Slave: 488.451867
Calculated PI: 3.141602
General: 577.185311
Slave: 577.185081
-----
Slave: 464.548573
Slave: 466.339260
Slave: 486.681710
Slave: 488.322158
Master: 488.402436
Calculated PI: 3.141610
General: 488.402631
-----
Slave: 464.614656
Slave: 467.731781
Slave: 486.163716
Slave: 487.996863
Master: 489.091799
Calculated PI: 3.141588
General: 489.092001
-----
Slave: 467.657182
Slave: 468.650579
Master: 486.379655
Slave: 486.601782
Slave: 487.749976
Calculated PI: 3.141592
General: 487.750201
