-----
Slave: 0.004861
Slave: 0.004857
Slave: 0.004867
Slave: 0.004859
Slave: 0.004869
Slave: 0.004880
Slave: 0.004874
Slave: 0.004872
Master: 0.004870
Calculated PI: 3.143204
General: 0.005496
Slave: 0.004868
-----
Slave: 0.004903
Slave: 0.004922
Master: 0.004860
Slave: 0.004865
Slave: 0.004860
Slave: 0.004880
Slave: 0.004911
Slave: 0.004874
Slave: 0.005066
Slave: 0.004869
Calculated PI: 3.138324
General: 0.005536
-----
Slave: 0.004869
Slave: 0.004863
Slave: 0.004863
Master: 0.004866
Calculated PI: 3.141204
General: 0.005297
Slave: 0.004863
Slave: 0.004866
Slave: 0.004879
Slave: 0.004868
Slave: 0.004872
Slave: 0.004872
-----
Slave: 0.004770
Master: 0.004909
Slave: 0.004866
Slave: 0.004867
Slave: 0.004867
Slave: 0.004883
Slave: 0.004866
Slave: 0.004898
Slave: 0.004870
Calculated PI: 3.140064
General: 0.011538
Slave: 0.004921
-----
Slave: 0.004934
Slave: 0.004912
Slave: 0.005584
Master: 0.004862
Slave: 0.004881
Slave: 0.004875
Slave: 0.004911
Slave: 0.004870
Calculated PI: 3.142440
General: 0.006123
Slave: 0.004880
Slave: 0.004919
-----
Slave: 0.004878
Slave: 0.004874
Slave: 0.004861
Slave: 0.004873
Slave: 0.004880
Master: 0.004875
Calculated PI: 3.141124
General: 0.005230
Slave: 0.004871
Slave: 0.004890
Slave: 0.004860
Slave: 0.004857
-----
Master: 0.004875
Slave: 0.004868
Slave: 0.004873
Slave: 0.004894
Slave: 0.004866
Slave: 0.004890
Slave: 0.004864
Slave: 0.004886
Slave: 0.004875
Calculated PI: 3.141360
General: 0.006243
Slave: 0.004876
-----
Slave: 0.004878
Slave: 0.004882
Slave: 0.004867
Slave: 0.004863
Slave: 0.004874
Slave: 0.004857
Slave: 0.004919
Slave: 0.004882
Slave: 0.004854
Master: 0.005524
Calculated PI: 3.140084
General: 0.005684
-----
Master: 0.004878
Calculated PI: 3.143744
General: 0.005438
Slave: 0.004942
Slave: 0.004868
Slave: 0.004891
Slave: 0.004873
Slave: 0.004875
Slave: 0.004861
Slave: 0.004905
Slave: 0.004865
Slave: 0.004885
-----
Master: 0.004856
Slave: 0.004864
Slave: 0.004850
Slave: 0.004862
Slave: 0.004878
Slave: 0.004874
Calculated PI: 3.140556
General: 0.005438
Slave: 0.004871
Slave: 0.004873
Slave: 0.004881
Slave: 0.004884
