-----
Slave: 0.009343
Slave: 0.009348
Slave: 0.009767
Slave: 0.009776
Master: 0.009754
Calculated PI: 3.143996
General: 0.009859
-----
Slave: 0.009740
Slave: 0.009919
Slave: 0.009724
Master: 0.009705
Calculated PI: 3.140504
General: 0.009820
Slave: 0.009752
-----
Slave: 0.009421
Slave: 0.009298
Master: 0.009740
Calculated PI: 3.138468
General: 0.010093
Slave: 0.009832
Slave: 0.009867
-----
Slave: 0.009764
Slave: 0.009740
Slave: 0.009823
Slave: 0.009822
Master: 0.010915
Calculated PI: 3.144200
General: 0.011022
-----
Slave: 0.009360
Slave: 0.009310
Slave: 0.009753
Slave: 0.009732
Master: 0.009823
Calculated PI: 3.140932
General: 0.009929
-----
Slave: 0.009780
Slave: 0.009720
Slave: 0.009751
Slave: 0.009710
Master: 0.009787
Calculated PI: 3.142004
General: 0.010081
-----
Slave: 0.009719
Master: 0.009820
Slave: 0.009739
Slave: 0.009777
Calculated PI: 3.140900
General: 0.011801
Slave: 0.011556
-----
Slave: 0.009756
Slave: 0.009750
Slave: 0.009778
Slave: 0.009818
Master: 0.009774
Calculated PI: 3.141624
General: 0.009895
-----
Slave: 0.009307
Slave: 0.009318
Master: 0.009738
Calculated PI: 3.142860
General: 0.009926
Slave: 0.009819
Slave: 0.009700
-----
Slave: 0.009716
Slave: 0.009744
Master: 0.009694
Calculated PI: 3.141640
General: 0.009938
Slave: 0.009736
Slave: 0.009772
