-----
Master: 232.504801
Slave: 236.528502
Calculated PI: 3.141612
General: 236.528644
-----
Master: 232.872143
Slave: 236.619902
Calculated PI: 3.141604
General: 236.620050
-----
Slave: 233.104100
Master: 235.925200
Calculated PI: 3.141583
General: 235.925378
-----
Slave: 233.133420
Master: 236.198383
Calculated PI: 3.141621
General: 236.198554
-----
Slave: 232.831750
Master: 235.771589
Calculated PI: 3.141582
General: 235.771765
-----
Master: 232.500533
Slave: 236.658507
Calculated PI: 3.141584
General: 236.658771
-----
Slave: 232.973967
Master: 235.443371
Calculated PI: 3.141584
General: 235.443544
-----
Master: 232.556039
Slave: 236.900924
Calculated PI: 3.141602
General: 236.901088
-----
Slave: 232.967028
Master: 235.771375
Calculated PI: 3.141588
General: 235.771543
-----
Master: 232.791062
Slave: 235.696087
Calculated PI: 3.141622
General: 235.696226
