-----
Slave: 0.006008
Slave: 0.006039
Slave: 0.006088
Slave: 0.006092
Slave: 0.006084
Master: 0.006081
Calculated PI: 3.141920
General: 0.006226
Slave: 0.006137
Slave: 0.006138
-----
Slave: 0.006075
Slave: 0.006088
Master: 0.006183
Slave: 0.006094
Slave: 0.006091
Slave: 0.006101
Slave: 0.006137
Slave: 0.007268
Calculated PI: 3.140176
General: 0.007395
-----
Slave: 0.006081
Slave: 0.006079
Slave: 0.006073
Slave: 0.006096
Master: 0.006137
Calculated PI: 3.141108
General: 0.006434
Slave: 0.006084
Slave: 0.006095
Slave: 0.006097
-----
Master: 0.006095
Slave: 0.006111
Slave: 0.006176
Slave: 0.006126
Slave: 0.006101
Slave: 0.006088
Slave: 0.006093
Slave: 0.006099
Calculated PI: 3.141304
General: 0.006451
-----
Slave: 0.006078
Slave: 0.006082
Slave: 0.006123
Slave: 0.006069
Slave: 0.006069
Slave: 0.006073
Master: 0.006131
Calculated PI: 3.145576
General: 0.006447
Slave: 0.006093
-----
Slave: 0.006089
Slave: 0.006082
Slave: 0.006094
Slave: 0.006066
Slave: 0.006081
Master: 0.006118
Slave: 0.006079
Slave: 0.006935
Calculated PI: 3.142604
General: 0.007425
-----
Slave: 0.006081
Slave: 0.006075
Slave: 0.006072
Slave: 0.006092
Master: 0.006073
Calculated PI: 3.142816
General: 0.006474
Slave: 0.006088
Slave: 0.006131
Slave: 0.006065
-----
Slave: 0.006104
Slave: 0.006124
Slave: 0.006078
Slave: 0.006069
Slave: 0.006089
Slave: 0.006084
Master: 0.006090
Calculated PI: 3.144316
General: 0.006332
Slave: 0.006082
-----
Master: 0.006092
Slave: 0.006083
Slave: 0.006083
Slave: 0.006088
Slave: 0.006084
Slave: 0.006090
Calculated PI: 3.140196
General: 0.006491
Slave: 0.006113
Slave: 0.006098
-----
Slave: 0.006129
Slave: 0.006090
Slave: 0.006083
Slave: 0.006090
Master: 0.006073
Calculated PI: 3.141792
General: 0.006502
Slave: 0.006090
Slave: 0.006073
Slave: 0.006077
