-----
Slave: 117.297692
Slave: 118.155719
Slave: 118.167126
Master: 119.454518
Calculated PI: 3.141580
General: 119.454741
-----
Master: 116.203748
Slave: 116.962002
Slave: 118.381149
Calculated PI: 3.141578
General: 118.736502
Slave: 118.736181
-----
Slave: 116.420060
Slave: 117.178231
Master: 117.739235
Calculated PI: 3.141598
General: 118.525656
Slave: 118.525584
-----
Slave: 116.522773
Master: 117.273378
Slave: 118.061828
Calculated PI: 3.141573
General: 118.076294
Slave: 118.076222
-----
Master: 116.472041
Slave: 117.062911
Slave: 117.238863
Calculated PI: 3.141565
General: 117.838155
Slave: 117.837970
-----
Slave: 116.377309
Master: 116.878784
Slave: 118.199038
Calculated PI: 3.141592
General: 118.597257
Slave: 118.597119
-----
Master: 116.856892
Slave: 117.305680
Slave: 117.845666
Calculated PI: 3.141568
General: 118.214412
Slave: 118.214345
-----
Slave: 116.547323
Slave: 116.678169
Master: 116.909548
Slave: 117.040655
Calculated PI: 3.141567
General: 117.040893
-----
Slave: 116.314945
Master: 117.254270
Slave: 118.564804
Calculated PI: 3.141592
General: 118.700630
Slave: 118.700606
-----
Master: 116.586910
Slave: 117.028936
Slave: 117.687214
Calculated PI: 3.141593
General: 118.154916
Slave: 118.154802
