-----
Slave: 80.976427
Slave: 81.120130
Slave: 81.183820
Master: 81.200789
Slave: 81.240083
Slave: 81.340144
Calculated PI: 3.141595
General: 81.340150
-----
Slave: 80.971245
Slave: 81.093995
Slave: 81.189406
Master: 81.252367
Slave: 81.253648
Calculated PI: 3.141609
General: 81.282968
Slave: 81.282938
-----
Master: 81.002155
Slave: 81.032560
Slave: 81.035813
Slave: 81.233280
Slave: 81.261654
Slave: 81.267220
Calculated PI: 3.141590
General: 81.267265
-----
Slave: 80.947745
Slave: 81.072718
Master: 81.081787
Slave: 81.139992
Slave: 81.292969
Slave: 81.301859
Calculated PI: 3.141614
General: 81.301801
-----
Slave: 81.047350
Slave: 81.052271
Slave: 81.085177
Slave: 81.160328
Slave: 81.268001
Master: 81.370538
Calculated PI: 3.141620
General: 81.370829
-----
Slave: 80.930124
Slave: 81.076726
Master: 81.140561
Slave: 81.190902
Slave: 81.255071
Calculated PI: 3.141583
General: 81.275369
Slave: 81.274979
-----
Slave: 81.049738
Slave: 81.125979
Slave: 81.200566
Master: 81.206650
Slave: 81.281436
Slave: 81.373038
Calculated PI: 3.141570
General: 81.373343
-----
Slave: 81.028408
Slave: 81.092949
Slave: 81.099911
Master: 81.130274
Slave: 81.182032
Calculated PI: 3.141562
General: 81.300264
Slave: 81.300114
-----
Slave: 81.051640
Slave: 81.117145
Slave: 81.184842
Slave: 81.190544
Master: 81.265123
Calculated PI: 3.141591
General: 81.303358
Slave: 81.303033
-----
Slave: 80.927453
Slave: 81.158465
Master: 81.229110
Slave: 81.229922
Slave: 81.279590
Slave: 81.279640
Calculated PI: 3.141584
General: 81.279790
