-----
Slave: 40.655165
Slave: 40.663855
Slave: 40.723473
Slave: 40.723653
Slave: 40.718582
Slave: 40.738475
Slave: 41.130150
Slave: 41.140968
Master: 41.198160
Slave: 41.202574
Slave: 41.209404
Calculated PI: 3.141589
General: 43.687295
Slave: 43.687569
-----
Slave: 40.463350
Slave: 40.468382
Slave: 40.468614
Slave: 40.469884
Slave: 40.504249
Slave: 40.919512
Slave: 40.925404
Slave: 40.927270
Slave: 41.000428
Master: 41.001809
Slave: 41.006048
Calculated PI: 3.141602
General: 45.762968
Slave: 45.762292
-----
Slave: 40.510434
Slave: 40.557325
Slave: 40.569002
Slave: 40.577774
Slave: 40.581549
Slave: 40.618016
Slave: 40.922180
Master: 40.989706
Slave: 40.990344
Slave: 40.991103
Slave: 40.990741
Calculated PI: 3.141585
General: 41.001594
Slave: 41.001836
-----
Slave: 40.713767
Slave: 40.717786
Slave: 40.717581
Slave: 40.754836
Slave: 40.789575
Slave: 41.091104
Slave: 41.094147
Slave: 41.106577
Slave: 41.112859
Master: 41.168069
Slave: 41.182918
Slave: 42.088925
Calculated PI: 3.141571
General: 42.089508
-----
Slave: 40.946596
Slave: 41.010164
Slave: 41.011766
Slave: 41.010821
Slave: 41.011406
Slave: 41.016239
Slave: 41.210143
Slave: 41.226922
Slave: 41.238750
Slave: 41.240723
Master: 41.291043
Calculated PI: 3.141575
General: 41.302203
Slave: 41.301227
-----
Slave: 40.949864
Slave: 40.956511
Slave: 40.958569
Slave: 40.997658
Slave: 41.022472
Slave: 41.028696
Slave: 41.233629
Slave: 41.242025
Master: 41.243069
Slave: 41.244985
Slave: 41.319452
Calculated PI: 3.141600
General: 41.328808
Slave: 41.328130
-----
Slave: 40.898224
Slave: 40.899412
Slave: 40.952676
Slave: 40.961786
Slave: 40.963381
Slave: 40.966197
Slave: 41.210811
Slave: 41.264519
Slave: 41.278143
Slave: 41.280826
Slave: 41.282078
Master: 42.572617
Calculated PI: 3.141617
General: 42.572877
-----
Slave: 40.921740
Slave: 40.925211
Slave: 40.929245
Slave: 40.948809
Slave: 40.966850
Slave: 40.992143
Slave: 41.215190
Master: 41.217118
Slave: 41.278080
Slave: 41.284211
Slave: 41.286599
Slave: 41.298296
Calculated PI: 3.141604
General: 41.298157
-----
Slave: 40.868867
Slave: 40.909559
Slave: 40.917349
Slave: 40.923857
Slave: 40.925154
Slave: 40.931039
Slave: 41.185172
Master: 41.196378
Slave: 41.198351
Slave: 41.202097
Slave: 41.249750
Slave: 41.252450
Calculated PI: 3.141577
General: 41.252679
-----
Slave: 40.954998
Slave: 40.990844
Slave: 40.999102
Slave: 41.019118
Slave: 41.026221
Slave: 41.040134
Slave: 41.238874
Slave: 41.240734
Master: 41.241546
Slave: 41.249397
Slave: 41.308246
Calculated PI: 3.141615
General: 41.311120
Slave: 41.310636
