-----
Slave: 497.326569
Master: 497.344526
Slave: 497.873935
Slave: 498.046597
Slave: 498.085523
Slave: 498.198688
Slave: 498.298250
Slave: 498.350254
Slave: 498.356046
Slave: 499.054900
Slave: 499.130556
Calculated PI: 3.141593
General: 499.337293
Slave: 499.330978
-----
Slave: 500.408558
Slave: 500.454824
Slave: 500.531065
Slave: 501.095551
Slave: 501.099428
Slave: 501.115161
Master: 501.205195
Slave: 501.283930
Slave: 501.384968
Slave: 501.809922
Slave: 501.826088
Slave: 501.948083
Calculated PI: 3.141587
General: 501.948912
-----
Master: 500.458109
Slave: 500.714343
Slave: 500.723199
Slave: 500.763567
Slave: 501.157008
Slave: 501.170444
Slave: 501.168425
Slave: 501.200384
Slave: 501.299555
Slave: 501.437750
Slave: 501.466306
Calculated PI: 3.141590
General: 501.791040
Slave: 501.790438
-----
Slave: 498.540311
Slave: 498.766989
Slave: 498.780972
Slave: 498.790006
Slave: 498.790729
Master: 499.212185
Slave: 499.282702
Slave: 499.376788
Slave: 499.385360
Slave: 499.509812
Slave: 499.551265
Slave: 511.126200
Calculated PI: 3.141591
General: 511.136207
-----
Slave: 501.956623
Slave: 502.038510
Slave: 502.197715
Slave: 502.267497
Slave: 502.685579
Slave: 502.703016
Master: 502.703570
Slave: 502.721019
Slave: 502.849055
Slave: 502.913578
Slave: 503.043437
Calculated PI: 3.141593
General: 503.230494
Slave: 503.230119
-----
Slave: 502.879620
Slave: 502.954757
Slave: 502.964501
Slave: 503.011481
Master: 503.032819
Slave: 503.037024
Slave: 503.241908
Slave: 503.748001
Slave: 503.766137
Slave: 503.788401
Slave: 503.805665
Slave: 503.808315
Calculated PI: 3.141592
General: 503.808327
-----
Slave: 500.586324
Master: 500.604770
Slave: 501.382186
Slave: 501.421582
Slave: 501.610111
Slave: 502.509958
Slave: 502.545063
Slave: 502.548074
Slave: 503.272817
Slave: 503.290352
Slave: 503.330656
Slave: 594.859466
Calculated PI: 3.141593
General: 594.859619
-----
Slave: 500.281683
Slave: 500.325073
Slave: 500.419522
Slave: 500.510802
Slave: 501.044377
Slave: 501.071817
Slave: 501.081121
Slave: 501.100509
Slave: 501.110283
Slave: 501.158506
Slave: 501.271598
Master: 514.535494
Calculated PI: 3.141586
General: 514.535783
-----
Slave: 501.020912
Slave: 501.110869
Slave: 501.123498
Slave: 501.132330
Slave: 501.183309
Slave: 501.209633
Slave: 501.836595
Slave: 501.852791
Slave: 501.859312
Master: 501.912352
Slave: 501.945730
Calculated PI: 3.141593
General: 501.971606
Slave: 501.971172
-----
Slave: 502.402956
Master: 502.403764
Slave: 502.449440
Slave: 502.580762
Slave: 503.149858
Slave: 503.164123
Slave: 503.173234
Slave: 503.578942
Slave: 503.617536
Slave: 503.648894
Slave: 503.657141
Slave: 503.664380
Calculated PI: 3.141590
General: 503.664922
