-----
Slave: 4.858136
Master: 4.859076
Slave: 4.859989
Slave: 4.862155
Slave: 4.864503
Slave: 4.866146
Slave: 4.866985
Slave: 4.867759
Slave: 4.868184
Slave: 4.869055
Calculated PI: 3.141639
General: 4.869291
-----
Master: 4.859507
Slave: 4.859686
Slave: 4.859484
Slave: 4.861100
Slave: 4.862531
Slave: 4.863248
Slave: 4.867213
Slave: 4.868471
Slave: 4.869002
Slave: 5.587575
Calculated PI: 3.141606
General: 5.587904
-----
Master: 4.859348
Slave: 4.858967
Slave: 4.861865
Slave: 4.864860
Slave: 4.864652
Slave: 4.865403
Slave: 4.866483
Slave: 4.867174
Slave: 4.867848
Slave: 4.870717
Calculated PI: 3.141587
General: 4.871200
-----
Slave: 4.849250
Slave: 4.850439
Slave: 4.851719
Slave: 4.859965
Slave: 4.860702
Slave: 4.862065
Slave: 4.865474
Slave: 4.866880
Slave: 4.867223
Master: 5.166230
Calculated PI: 3.141562
General: 5.166489
-----
Slave: 4.855733
Slave: 4.856606
Slave: 4.860468
Master: 4.862989
Slave: 4.863207
Slave: 4.863863
Slave: 4.865148
Slave: 4.865471
Slave: 4.866284
Calculated PI: 3.141632
General: 4.866999
Slave: 4.866997
-----
Slave: 4.855618
Slave: 4.857046
Master: 4.859119
Slave: 4.858741
Slave: 4.859623
Slave: 4.859782
Slave: 4.860444
Slave: 4.866426
Slave: 4.866859
Calculated PI: 3.141592
General: 4.868784
Slave: 4.868241
-----
Slave: 4.854197
Slave: 4.858529
Slave: 4.859420
Master: 4.861270
Slave: 4.862071
Slave: 4.862358
Slave: 4.863379
Slave: 4.864806
Slave: 4.864627
Slave: 4.867212
Calculated PI: 3.141577
General: 4.867837
-----
Slave: 4.851965
Slave: 4.856003
Slave: 4.856207
Slave: 4.857811
Slave: 4.859022
Slave: 4.861434
Slave: 4.863516
Slave: 4.865276
Slave: 4.865364
Master: 4.867584
Calculated PI: 3.141540
General: 4.867842
-----
Slave: 4.855147
Slave: 4.855815
Slave: 4.856986
Master: 4.860170
Slave: 4.861072
Slave: 4.863038
Slave: 4.864132
Slave: 4.864603
Slave: 4.865259
Slave: 4.866111
Calculated PI: 3.141646
General: 4.866265
-----
Slave: 4.849983
Slave: 4.858893
Master: 4.860391
Slave: 4.860846
Slave: 4.862011
Slave: 4.865506
Slave: 4.866196
Slave: 4.866477
Slave: 4.867912
Slave: 5.783315
Calculated PI: 3.141507
General: 5.783725
