-----
Slave: 485.598229
Slave: 485.636784
Slave: 486.084706
Master: 486.168848
Slave: 486.299456
Slave: 486.824171
Slave: 487.003194
Slave: 487.010869
Calculated PI: 3.141591
General: 487.011186
-----
Slave: 485.766833
Slave: 486.055731
Slave: 486.082746
Slave: 486.164273
Slave: 486.231737
Slave: 486.389366
Slave: 486.942728
Master: 487.031097
Calculated PI: 3.141593
General: 487.031365
-----
Slave: 485.630017
Slave: 485.983145
Slave: 486.107761
Slave: 486.154773
Slave: 486.231729
Master: 486.407421
Slave: 486.773821
Calculated PI: 3.141602
General: 486.832608
Slave: 486.832236
-----
Master: 486.201046
Slave: 486.362167
Slave: 486.387808
Slave: 486.434221
Slave: 486.831234
Slave: 486.854036
Slave: 486.868900
Calculated PI: 3.141590
General: 486.899810
Slave: 486.899795
-----
Slave: 485.604617
Slave: 485.930488
Slave: 486.217074
Slave: 486.350530
Slave: 486.792911
Slave: 487.170891
Slave: 487.213806
Master: 516.290870
Calculated PI: 3.141598
General: 516.291139
-----
Slave: 485.767476
Master: 486.027272
Slave: 486.049382
Slave: 486.185965
Slave: 486.745566
Slave: 486.775811
Slave: 486.839908
Slave: 491.464189
Calculated PI: 3.141601
General: 491.464159
-----
Slave: 485.916222
Slave: 486.010209
Slave: 486.081232
Slave: 486.463706
Slave: 486.768004
Master: 486.914847
Slave: 487.022908
Slave: 491.185245
Calculated PI: 3.141600
General: 491.185538
-----
Slave: 485.877994
Slave: 486.405604
Slave: 486.614875
Slave: 486.688586
Slave: 486.721471
Slave: 486.813997
Master: 487.154947
Calculated PI: 3.141600
General: 487.701489
Slave: 487.701155
-----
Slave: 485.658535
Slave: 486.175108
Slave: 486.260522
Slave: 486.331557
Slave: 486.452063
Master: 486.745007
Slave: 486.893809
Slave: 487.043922
Calculated PI: 3.141584
General: 487.043884
-----
Slave: 486.271377
Slave: 486.294807
Slave: 486.309848
Slave: 486.325471
Slave: 486.351896
Master: 486.374998
Slave: 486.889793
Calculated PI: 3.141588
General: 486.910068
Slave: 486.909673
