-----
Slave: 0.605913
Master: 0.608340
Slave: 0.608033
Slave: 0.607594
Slave: 0.609476
Slave: 0.608545
Slave: 0.607575
Calculated PI: 3.141464
General: 0.612832
Slave: 0.607684
-----
Slave: 0.606894
Slave: 0.608240
Master: 0.607551
Slave: 0.607795
Slave: 0.608600
Slave: 0.608693
Slave: 0.608491
Calculated PI: 3.141609
General: 0.609048
Slave: 0.608691
-----
Slave: 0.607262
Master: 0.607809
Slave: 0.607489
Slave: 0.608299
Slave: 0.608555
Slave: 0.608713
Slave: 0.609070
Slave: 0.609650
Calculated PI: 3.141594
General: 0.610164
-----
Slave: 0.607209
Master: 0.607994
Slave: 0.608221
Slave: 0.608408
Slave: 0.608366
Slave: 0.608779
Slave: 0.608602
Calculated PI: 3.141416
General: 0.624104
Slave: 0.623969
-----
Slave: 0.606680
Slave: 0.608222
Slave: 0.608120
Slave: 0.608232
Slave: 0.608282
Slave: 0.608368
Slave: 0.608432
Master: 0.608941
Calculated PI: 3.141724
General: 0.609092
-----
Slave: 0.605918
Master: 0.606891
Slave: 0.606673
Slave: 0.607705
Slave: 0.607605
Slave: 0.608725
Slave: 0.608393
Calculated PI: 3.141362
General: 0.608905
Slave: 0.608337
-----
Slave: 0.605899
Slave: 0.607740
Slave: 0.607872
Slave: 0.607929
Slave: 0.608135
Slave: 0.608439
Slave: 0.609745
Master: 0.608885
Calculated PI: 3.141499
General: 0.609479
-----
Slave: 0.606778
Slave: 0.606854
Slave: 0.608475
Slave: 0.608313
Master: 0.608558
Calculated PI: 3.141506
General: 0.608871
Slave: 0.608646
Slave: 0.608252
Slave: 0.608427
-----
Slave: 0.606668
Slave: 0.606865
Master: 0.608217
Slave: 0.608177
Slave: 0.608568
Slave: 0.608591
Slave: 0.608805
Calculated PI: 3.141524
General: 0.609145
Slave: 0.608885
-----
Slave: 0.608019
Slave: 0.608043
Slave: 0.607397
Master: 0.607655
Slave: 0.608328
Slave: 0.608554
Slave: 0.608711
Calculated PI: 3.141704
General: 0.609058
Slave: 0.608885
