-----
Slave: 486.043875
Slave: 486.243993
Slave: 486.294338
Slave: 486.433912
Slave: 486.558555
Slave: 486.616629
Master: 486.617149
Slave: 487.275691
Slave: 576.546305
Calculated PI: 3.141596
General: 576.546861
-----
Slave: 485.830605
Slave: 486.408087
Slave: 486.458325
Master: 486.742988
Slave: 486.743947
Slave: 486.752728
Slave: 486.966845
Slave: 486.978713
Slave: 487.007457
Calculated PI: 3.141590
General: 487.007641
-----
Slave: 485.732694
Slave: 486.241010
Slave: 486.330263
Slave: 486.597872
Master: 486.715295
Slave: 486.766972
Slave: 486.874270
Slave: 486.875650
Calculated PI: 3.141597
General: 487.169495
Slave: 487.169354
-----
Slave: 486.165250
Slave: 486.188436
Slave: 486.486878
Slave: 486.570533
Slave: 486.774087
Slave: 486.853230
Slave: 486.940418
Slave: 487.131897
Master: 577.064679
Calculated PI: 3.141589
General: 577.064946
-----
Slave: 485.575359
Slave: 485.706644
Slave: 485.831992
Master: 485.862469
Slave: 485.932990
Slave: 486.480759
Slave: 486.576198
Slave: 486.618392
Calculated PI: 3.141590
General: 486.639141
Slave: 486.638845
-----
Slave: 485.797969
Slave: 485.950060
Slave: 486.346834
Slave: 486.405163
Slave: 486.640133
Master: 486.739165
Slave: 486.751235
Slave: 486.765663
Slave: 486.805218
Calculated PI: 3.141595
General: 486.805502
-----
Master: 485.755190
Slave: 486.302979
Slave: 486.455065
Slave: 486.684312
Slave: 486.736775
Slave: 486.826034
Slave: 486.921842
Slave: 486.981069
Calculated PI: 3.141592
General: 517.148642
Slave: 517.148663
-----
Slave: 485.659220
Slave: 485.873581
Master: 485.962525
Slave: 486.007669
Slave: 486.026077
Slave: 486.085689
Slave: 486.430572
Slave: 486.773000
Calculated PI: 3.141589
General: 486.880867
Slave: 486.880818
-----
Master: 486.001529
Slave: 486.183385
Slave: 486.432400
Slave: 486.585410
Slave: 486.801303
Slave: 486.840319
Slave: 487.034383
Slave: 487.062379
Slave: 487.106173
Calculated PI: 3.141591
General: 487.106227
-----
Slave: 485.595711
Slave: 485.742553
Slave: 485.855544
Slave: 485.975449
Slave: 486.241009
Slave: 486.700232
Master: 486.705888
Slave: 486.831722
Slave: 487.115488
Calculated PI: 3.141595
General: 487.115460
