-----
Slave: 486.405848
Slave: 486.524501
Slave: 486.682788
Slave: 487.096846
Master: 487.111476
Slave: 487.159153
Slave: 490.146834
Calculated PI: 3.141589
General: 490.146757
-----
Slave: 485.675234
Slave: 486.529132
Slave: 486.556695
Slave: 486.605504
Slave: 486.998627
Slave: 487.224905
Master: 498.354037
Calculated PI: 3.141597
General: 498.354286
-----
Slave: 486.332918
Master: 486.442357
Slave: 486.525672
Slave: 486.593798
Slave: 486.844161
Slave: 487.271764
Slave: 487.376474
Calculated PI: 3.141595
General: 487.376531
-----
Slave: 485.976409
Slave: 486.348162
Slave: 486.372960
Slave: 486.442109
Master: 486.513100
Slave: 486.854626
Slave: 487.247342
Calculated PI: 3.141606
General: 487.247741
-----
Slave: 485.755520
Slave: 486.441591
Slave: 486.528676
Slave: 487.113985
Slave: 487.212736
Slave: 487.338370
Master: 487.393439
Calculated PI: 3.141590
General: 487.393689
-----
Master: 486.293668
Slave: 486.359267
Slave: 486.415507
Slave: 486.565023
Slave: 486.924138
Slave: 486.984203
Slave: 487.341276
Calculated PI: 3.141594
General: 487.341345
-----
Slave: 485.612832
Master: 485.741615
Slave: 486.927831
Slave: 486.934426
Slave: 486.946253
Slave: 487.153248
Slave: 487.401185
Calculated PI: 3.141601
General: 487.401290
-----
Slave: 486.391470
Slave: 486.411420
Slave: 486.514789
Slave: 486.789441
Slave: 487.069378
Master: 487.138477
Slave: 487.289574
Calculated PI: 3.141592
General: 487.289783
-----
Slave: 485.602094
Slave: 485.817192
Slave: 486.632927
Slave: 487.194409
Master: 487.307379
Slave: 487.317249
Slave: 487.535777
Calculated PI: 3.141586
General: 487.536073
-----
Slave: 486.000453
Slave: 486.372588
Slave: 486.381531
Slave: 486.871069
Slave: 487.420170
Master: 487.511672
Slave: 552.468362
Calculated PI: 3.141597
General: 552.468325
