-----
Master: 0.006954
Calculated PI: 3.144124
General: 0.007427
Slave: 0.006957
Slave: 0.006947
Slave: 0.006940
Slave: 0.006963
Slave: 0.006964
Slave: 0.006962
-----
Slave: 0.006968
Slave: 0.006992
Slave: 0.006974
Slave: 0.006942
Slave: 0.006955
Slave: 0.006963
Master: 0.007002
Calculated PI: 3.140796
General: 0.007144
-----
Master: 0.006960
Slave: 0.006973
Slave: 0.006956
Slave: 0.006956
Slave: 0.006932
Slave: 0.006980
Calculated PI: 3.142960
General: 0.007391
Slave: 0.006970
-----
Slave: 0.006958
Slave: 0.006943
Slave: 0.006958
Slave: 0.007124
Slave: 0.006966
Master: 0.006956
Calculated PI: 3.141612
General: 0.007485
Slave: 0.006960
-----
Master: 0.006955
Slave: 0.006937
Slave: 0.006955
Slave: 0.006960
Slave: 0.006966
Slave: 0.006971
Calculated PI: 3.142380
General: 0.007498
Slave: 0.006957
-----
Master: 0.006942
Calculated PI: 3.140180
General: 0.007521
Slave: 0.006939
Slave: 0.006970
Slave: 0.006999
Slave: 0.006947
Slave: 0.007047
Slave: 0.006953
-----
Master: 0.006982
Calculated PI: 3.142704
General: 0.007293
Slave: 0.007006
Slave: 0.006997
Slave: 0.006951
Slave: 0.006957
Slave: 0.006962
Slave: 0.006939
-----
Master: 0.006934
Slave: 0.006948
Slave: 0.006963
Slave: 0.006951
Slave: 0.006965
Slave: 0.006956
Slave: 0.006943
Calculated PI: 3.142128
General: 0.007301
-----
Master: 0.006966
Calculated PI: 3.143480
General: 0.007187
Slave: 0.006954
Slave: 0.006958
Slave: 0.007003
Slave: 0.006955
Slave: 0.006987
Slave: 0.006954
-----
Master: 0.006948
Calculated PI: 3.142596
General: 0.007264
Slave: 0.006984
Slave: 0.006961
Slave: 0.006953
Slave: 0.006958
Slave: 0.006965
Slave: 0.006928
