-----
Slave: 4.850656
Slave: 4.853251
Slave: 4.861897
Master: 4.869195
Slave: 4.869366
Slave: 4.869422
Slave: 5.758752
Calculated PI: 3.141567
General: 5.759026
-----
Slave: 4.858807
Slave: 4.863610
Slave: 4.868157
Slave: 4.864455
Slave: 4.869966
Slave: 4.872043
Master: 5.003702
Calculated PI: 3.141661
General: 5.003947
-----
Slave: 4.859387
Slave: 4.864273
Slave: 4.864910
Slave: 4.865920
Master: 4.868084
Slave: 4.869269
Slave: 4.870779
Calculated PI: 3.141671
General: 4.871120
-----
Slave: 4.857530
Slave: 4.863525
Slave: 4.863739
Slave: 4.863901
Master: 4.866026
Slave: 4.867754
Calculated PI: 3.141784
General: 4.871590
Slave: 4.871381
-----
Master: 4.857119
Slave: 4.857714
Slave: 4.863013
Slave: 4.866331
Slave: 4.868352
Slave: 4.872177
Slave: 4.876176
Calculated PI: 3.141472
General: 4.876452
-----
Slave: 4.859255
Slave: 4.862767
Slave: 4.862639
Slave: 4.864572
Slave: 4.866154
Slave: 4.876638
Master: 4.877316
Calculated PI: 3.141560
General: 4.877556
-----
Slave: 4.852419
Master: 4.863433
Slave: 4.867063
Slave: 4.867802
Slave: 4.869810
Slave: 4.869992
Calculated PI: 3.141555
General: 5.013755
Slave: 5.013574
-----
Slave: 4.856392
Slave: 4.858098
Slave: 4.859346
Slave: 4.863155
Slave: 4.868686
Master: 4.871746
Calculated PI: 3.141624
General: 4.872776
Slave: 4.872543
-----
Slave: 4.859233
Master: 4.860274
Slave: 4.864698
Slave: 4.866562
Slave: 4.867985
Slave: 4.868902
Slave: 4.913248
Calculated PI: 3.141617
General: 4.913408
-----
Master: 4.853754
Slave: 4.862740
Slave: 4.864199
Slave: 4.864758
Slave: 4.867666
Slave: 4.870261
Slave: 4.875026
Calculated PI: 3.141576
General: 4.875502
