-----
Master: 0.048575
Slave: 0.048550
Slave: 0.048580
Slave: 0.048656
Slave: 0.048686
Slave: 0.048680
Slave: 0.048714
Slave: 0.048740
Calculated PI: 3.142007
General: 0.049205
-----
Slave: 0.048822
Slave: 0.048721
Slave: 0.048723
Slave: 0.048691
Slave: 0.048705
Slave: 0.048773
Master: 0.048679
Calculated PI: 3.141695
General: 0.049095
Slave: 0.048744
-----
Slave: 0.048772
Slave: 0.048714
Slave: 0.048636
Slave: 0.048759
Slave: 0.048698
Slave: 0.048716
Master: 0.048804
Calculated PI: 3.141312
General: 0.049232
Slave: 0.048756
-----
Slave: 0.048729
Slave: 0.048715
Slave: 0.048524
Slave: 0.048694
Slave: 0.048541
Master: 0.048655
Calculated PI: 3.141546
General: 0.049301
Slave: 0.048659
Slave: 0.048615
-----
Slave: 0.048566
Slave: 0.048781
Slave: 0.048601
Slave: 0.048924
Slave: 0.048629
Slave: 0.048706
Slave: 0.048760
Master: 0.048707
Calculated PI: 3.142341
General: 0.049136
-----
Master: 0.048653
Calculated PI: 3.141539
General: 0.048976
Slave: 0.048690
Slave: 0.048723
Slave: 0.048582
Slave: 0.048725
Slave: 0.048686
Slave: 0.048622
Slave: 0.048819
-----
Master: 0.048549
Slave: 0.048506
Slave: 0.048616
Slave: 0.048616
Slave: 0.048671
Slave: 0.048830
Slave: 0.048703
Slave: 0.048720
Calculated PI: 3.142861
General: 0.049190
-----
Slave: 0.048580
Slave: 0.048726
Slave: 0.048586
Slave: 0.048497
Slave: 0.048783
Slave: 0.048668
Slave: 0.048732
Master: 0.048846
Calculated PI: 3.141756
General: 0.049146
-----
Master: 0.048791
Slave: 0.048745
Slave: 0.048642
Slave: 0.048709
Slave: 0.048642
Slave: 0.048851
Slave: 0.050115
Calculated PI: 3.141965
General: 0.052203
Slave: 0.051757
-----
Slave: 0.048672
Master: 0.048908
Slave: 0.048754
Slave: 0.048670
Slave: 0.048589
Slave: 0.048745
Slave: 0.048725
Calculated PI: 3.142423
General: 0.056006
Slave: 0.055690
