-----
Slave: 0.441642
Slave: 0.441747
Slave: 0.442357
Master: 0.442759
Slave: 0.442528
Slave: 0.443199
Slave: 0.443248
Slave: 0.442856
Calculated PI: 3.141798
General: 0.443997
Slave: 0.443485
Slave: 0.444037
Slave: 0.443755
-----
Slave: 0.440854
Master: 0.442419
Slave: 0.442317
Slave: 0.443290
Slave: 0.442975
Slave: 0.442979
Slave: 0.444060
Slave: 0.444274
Slave: 0.443930
Slave: 0.444394
Calculated PI: 3.141870
General: 0.444441
Slave: 0.444244
-----
Slave: 0.440755
Slave: 0.442339
Slave: 0.442726
Master: 0.442109
Slave: 0.442211
Slave: 0.443717
Slave: 0.442644
Slave: 0.443585
Slave: 0.443199
Slave: 0.443727
Slave: 0.444195
Calculated PI: 3.141421
General: 0.444148
-----
Master: 0.442497
Slave: 0.442169
Slave: 0.442015
Slave: 0.442562
Slave: 0.442132
Slave: 0.442555
Slave: 0.443335
Slave: 0.443637
Slave: 0.444408
Slave: 0.444137
Slave: 0.444320
Calculated PI: 3.141333
General: 0.444701
-----
Master: 0.442218
Slave: 0.441502
Slave: 0.441747
Slave: 0.443397
Slave: 0.443282
Slave: 0.443377
Slave: 0.443653
Slave: 0.442799
Slave: 0.442815
Slave: 0.444131
Calculated PI: 3.141650
General: 0.445717
Slave: 0.444386
-----
Slave: 0.440860
Slave: 0.441858
Slave: 0.442681
Slave: 0.443089
Slave: 0.442904
Master: 0.444055
Slave: 0.444443
Slave: 0.443569
Slave: 0.443985
Slave: 0.444258
Slave: 0.444555
Calculated PI: 3.141830
General: 0.444986
-----
Slave: 0.441870
Slave: 0.442119
Slave: 0.442485
Slave: 0.442838
Master: 0.443594
Slave: 0.443916
Slave: 0.443601
Slave: 0.443951
Slave: 0.443498
Calculated PI: 3.141598
General: 0.444312
Slave: 0.443874
Slave: 0.444219
-----
Slave: 0.441946
Slave: 0.442922
Slave: 0.443085
Slave: 0.443385
Slave: 0.443378
Slave: 0.443848
Slave: 0.444259
Slave: 0.444773
Slave: 0.449761
Slave: 0.452930
Master: 0.443077
Calculated PI: 3.141218
General: 0.443238
-----
Slave: 0.441608
Slave: 0.441813
Master: 0.442443
Slave: 0.442778
Slave: 0.442718
Slave: 0.443275
Slave: 0.443143
Slave: 0.443909
Slave: 0.444235
Slave: 0.444390
Calculated PI: 3.141337
General: 0.445505
Slave: 0.444986
-----
Slave: 0.441813
Master: 0.442121
Slave: 0.442489
Slave: 0.442375
Slave: 0.443145
Slave: 0.443247
Slave: 0.443301
Slave: 0.443947
Slave: 0.443475
Slave: 0.443461
Calculated PI: 3.141587
General: 0.444665
Slave: 0.444477
