-----
Master: 0.048655
Slave: 0.048766
Slave: 0.048589
Slave: 0.048749
Slave: 0.048694
Slave: 0.048630
Slave: 0.048711
Slave: 0.048682
Calculated PI: 3.142382
General: 0.049142
Slave: 0.048733
-----
Slave: 0.048550
Slave: 0.048713
Slave: 0.048753
Slave: 0.048618
Master: 0.048673
Slave: 0.048755
Slave: 0.048616
Slave: 0.048651
Slave: 0.048738
Calculated PI: 3.142382
General: 0.049061
-----
Slave: 0.048642
Master: 0.048623
Calculated PI: 3.141492
General: 0.049156
Slave: 0.048693
Slave: 0.048631
Slave: 0.048710
Slave: 0.048610
Slave: 0.048687
Slave: 0.048556
Slave: 0.048665
-----
Slave: 0.048797
Master: 0.048632
Slave: 0.048705
Slave: 0.048826
Slave: 0.048554
Slave: 0.048673
Slave: 0.048669
Slave: 0.048623
Slave: 0.048582
Calculated PI: 3.141960
General: 0.049103
-----
Slave: 0.048677
Slave: 0.048564
Slave: 0.048631
Slave: 0.048770
Slave: 0.048829
Slave: 0.048704
Slave: 0.048716
Slave: 0.048670
Master: 0.048667
Calculated PI: 3.141885
General: 0.049049
-----
Master: 0.048602
Slave: 0.048688
Slave: 0.048611
Slave: 0.048656
Slave: 0.048486
Slave: 0.048756
Slave: 0.048713
Slave: 0.048754
Slave: 0.048727
Calculated PI: 3.141408
General: 0.049151
-----
Slave: 0.048548
Slave: 0.048687
Slave: 0.048710
Slave: 0.048696
Slave: 0.048630
Master: 0.048716
Calculated PI: 3.140817
General: 0.048868
Slave: 0.048702
Slave: 0.048700
Slave: 0.048651
-----
Slave: 0.048683
Slave: 0.048743
Slave: 0.048731
Slave: 0.048704
Slave: 0.048691
Master: 0.048716
Calculated PI: 3.141266
General: 0.049169
Slave: 0.048755
Slave: 0.048780
Slave: 0.048752
-----
Slave: 0.048727
Slave: 0.048665
Slave: 0.048723
Master: 0.048730
Slave: 0.048625
Slave: 0.048738
Slave: 0.048722
Slave: 0.048609
Calculated PI: 3.141165
General: 0.049297
Slave: 0.048757
-----
Slave: 0.048687
Slave: 0.048736
Slave: 0.048719
Slave: 0.048980
Slave: 0.048756
Slave: 0.048774
Slave: 0.048675
Slave: 0.048706
Master: 0.048679
Calculated PI: 3.141687
General: 0.049278
