-----
Master: 0.048643
Calculated PI: 3.140575
General: 0.049131
Slave: 0.048691
Slave: 0.048634
Slave: 0.048718
Slave: 0.048792
Slave: 0.048734
Slave: 0.048842
-----
Slave: 0.048534
Slave: 0.048769
Slave: 0.048727
Slave: 0.048772
Slave: 0.048768
Master: 0.048762
Calculated PI: 3.140589
General: 0.049009
Slave: 0.048563
-----
Master: 0.048521
Calculated PI: 3.140073
General: 0.049135
Slave: 0.048839
Slave: 0.048652
Slave: 0.048639
Slave: 0.048707
Slave: 0.048708
Slave: 0.048759
-----
Slave: 0.048499
Slave: 0.048729
Slave: 0.048807
Slave: 0.048806
Slave: 0.048597
Master: 0.048588
Calculated PI: 3.141921
General: 0.048959
Slave: 0.048632
-----
Slave: 0.048646
Slave: 0.048814
Slave: 0.049010
Master: 0.048589
Calculated PI: 3.141855
General: 0.049172
Slave: 0.048714
Slave: 0.048601
Slave: 0.048842
-----
Master: 0.048697
Slave: 0.048571
Slave: 0.048554
Slave: 0.048873
Slave: 0.048820
Slave: 0.048773
Slave: 0.048770
Calculated PI: 3.142873
General: 0.050494
-----
Master: 0.048651
Slave: 0.048527
Slave: 0.048734
Slave: 0.048745
Slave: 0.048732
Calculated PI: 3.141737
General: 0.049266
Slave: 0.048887
Slave: 0.048826
-----
Slave: 0.048623
Slave: 0.048685
Slave: 0.048604
Slave: 0.048712
Master: 0.048642
Slave: 0.048745
Calculated PI: 3.141538
General: 0.055648
Slave: 0.055688
-----
Master: 0.048669
Calculated PI: 3.141493
General: 0.049002
Slave: 0.048730
Slave: 0.048786
Slave: 0.048779
Slave: 0.048686
Slave: 0.048756
Slave: 0.048617
-----
Slave: 0.048529
Slave: 0.048566
Slave: 0.048697
Slave: 0.048859
Slave: 0.048711
Master: 0.048883
Calculated PI: 3.142098
General: 0.049330
Slave: 0.049156
