-----
Slave: 0.048791
Master: 0.048649
Slave: 0.048641
Slave: 0.048662
Slave: 0.048715
Slave: 0.048602
Slave: 0.048717
Slave: 0.048637
Slave: 0.048709
Calculated PI: 3.141573
General: 0.049192
Slave: 0.048750
-----
Slave: 0.048802
Slave: 0.048647
Master: 0.048840
Slave: 0.048784
Slave: 0.048717
Slave: 0.048718
Slave: 0.048701
Slave: 0.048671
Slave: 0.051795
Calculated PI: 3.142019
General: 0.055204
Slave: 0.054819
-----
Slave: 0.048640
Slave: 0.048611
Slave: 0.048622
Slave: 0.048646
Slave: 0.048776
Slave: 0.048784
Slave: 0.048828
Slave: 0.048781
Master: 0.048702
Calculated PI: 3.143249
General: 0.049016
Slave: 0.048861
-----
Master: 0.048686
Calculated PI: 3.140932
General: 0.049189
Slave: 0.048653
Slave: 0.048664
Slave: 0.048740
Slave: 0.048621
Slave: 0.048783
Slave: 0.048667
Slave: 0.048610
Slave: 0.048796
Slave: 0.048728
-----
Slave: 0.048600
Slave: 0.048743
Slave: 0.048605
Slave: 0.048822
Slave: 0.048776
Slave: 0.048777
Slave: 0.048697
Master: 0.048734
Slave: 0.048805
Slave: 0.057901
Calculated PI: 3.141642
General: 0.058186
-----
Slave: 0.048732
Slave: 0.048785
Slave: 0.048617
Slave: 0.048637
Slave: 0.048729
Master: 0.048704
Calculated PI: 3.141279
General: 0.049122
Slave: 0.048746
Slave: 0.048599
Slave: 0.048537
Slave: 0.048677
-----
Slave: 0.048675
Slave: 0.048683
Slave: 0.048750
Slave: 0.048579
Slave: 0.048741
Slave: 0.048609
Slave: 0.048799
Slave: 0.048701
Master: 0.048761
Calculated PI: 3.141599
General: 0.048920
Slave: 0.048769
-----
Slave: 0.048566
Slave: 0.048708
Slave: 0.048649
Slave: 0.048614
Master: 0.048680
Calculated PI: 3.141528
General: 0.049069
Slave: 0.048836
Slave: 0.048640
Slave: 0.048633
Slave: 0.048724
Slave: 0.048685
-----
Master: 0.048668
Slave: 0.048535
Slave: 0.048636
Slave: 0.048676
Slave: 0.048596
Slave: 0.048788
Slave: 0.048857
Slave: 0.048755
Slave: 0.048788
Slave: 0.048873
Calculated PI: 3.141280
General: 0.051410
-----
Master: 0.048533
Calculated PI: 3.142670
General: 0.049247
Slave: 0.048639
Slave: 0.048565
Slave: 0.048748
Slave: 0.048629
Slave: 0.048720
Slave: 0.048729
Slave: 0.048597
Slave: 0.048581
Slave: 0.048650
