-----
Slave: 464.616922
Slave: 466.367903
Master: 471.768134
Calculated PI: 3.141605
General: 471.768319
-----
Slave: 464.879177
Master: 466.013483
Slave: 470.437818
Calculated PI: 3.141604
General: 470.437897
-----
Slave: 465.182965
Slave: 469.177666
Master: 469.949454
Calculated PI: 3.141597
General: 469.949641
-----
Slave: 464.466764
Slave: 469.680129
Master: 469.689678
Calculated PI: 3.141610
General: 469.689887
-----
Slave: 464.870248
Master: 467.519207
Slave: 471.769210
Calculated PI: 3.141595
General: 471.769436
-----
Slave: 465.167436
Slave: 468.748136
Master: 469.519056
Calculated PI: 3.141596
General: 469.519261
-----
Slave: 464.822716
Master: 466.881385
Slave: 471.363001
Calculated PI: 3.141580
General: 471.363159
-----
Slave: 464.837308
Slave: 466.424020
Master: 469.948977
Calculated PI: 3.141594
General: 469.949161
-----
Slave: 465.178618
Master: 469.180075
Slave: 470.011612
Calculated PI: 3.141577
General: 470.011803
-----
Master: 467.224670
Slave: 472.406392
Slave: 492.638582
Calculated PI: 3.141596
General: 492.638876
