-----
Slave: 487.612307
Slave: 488.115385
Slave: 488.389421
Slave: 488.427932
Slave: 488.918434
Slave: 494.606014
Slave: 495.166599
Slave: 495.260359
Slave: 495.326284
Master: 496.071171
Calculated PI: 3.141595
General: 496.399790
Slave: 496.399697
-----
Slave: 488.066194
Slave: 488.502035
Slave: 488.952984
Slave: 488.997515
Slave: 489.172108
Slave: 497.246299
Slave: 497.953769
Slave: 498.379586
Slave: 498.673416
Master: 498.758273
Calculated PI: 3.141597
General: 498.762698
Slave: 498.762403
-----
Slave: 487.902767
Slave: 488.631905
Slave: 488.636610
Slave: 489.354148
Slave: 494.367180
Slave: 498.368669
Slave: 498.982170
Slave: 499.032227
Slave: 499.176663
Slave: 499.808464
Master: 499.953235
Calculated PI: 3.141590
General: 499.953494
-----
Slave: 487.882766
Slave: 488.127791
Slave: 488.726788
Slave: 489.479084
Slave: 489.555686
Slave: 496.366949
Slave: 496.529473
Slave: 496.567385
Master: 497.128332
Slave: 497.213611
Calculated PI: 3.141591
General: 497.254625
Slave: 497.254007
-----
Slave: 488.071430
Slave: 488.256984
Slave: 488.671961
Slave: 488.768301
Slave: 489.447864
Slave: 498.638413
Slave: 499.207048
Master: 499.336610
Slave: 499.353937
Slave: 499.903281
Calculated PI: 3.141583
General: 499.924872
Slave: 499.924819
-----
Slave: 487.310558
Slave: 488.761601
Slave: 489.184851
Slave: 489.844365
Slave: 499.724103
Master: 499.821999
Slave: 499.864077
Slave: 500.222064
Slave: 500.373833
Slave: 500.721135
Calculated PI: 3.141593
General: 505.132263
Slave: 505.132318
-----
Slave: 486.466503
Slave: 487.918233
Slave: 488.465909
Slave: 489.492163
Slave: 490.125038
Slave: 498.161867
Slave: 498.495867
Slave: 498.695133
Slave: 499.291256
Master: 499.306193
Slave: 499.446769
Calculated PI: 3.141602
General: 499.446796
-----
Slave: 485.642594
Slave: 487.814672
Slave: 488.696682
Slave: 489.244285
Slave: 489.266147
Slave: 498.354926
Slave: 499.040297
Slave: 499.110915
Slave: 499.142406
Slave: 499.190370
Master: 589.109029
Calculated PI: 3.141590
General: 589.109335
-----
Slave: 487.636829
Slave: 487.958093
Slave: 488.066428
Slave: 489.386964
Slave: 489.567791
Slave: 495.800565
Slave: 495.838586
Master: 495.965509
Slave: 496.034727
Slave: 496.323243
Slave: 507.410170
Calculated PI: 3.141598
General: 507.410796
-----
Slave: 487.758195
Slave: 488.109868
Slave: 488.549035
Slave: 488.832630
Slave: 489.512604
Slave: 498.789087
Slave: 498.789990
Master: 498.931377
Slave: 498.976080
Slave: 498.977069
Calculated PI: 3.141592
General: 499.611563
Slave: 499.611221
