-----
Slave: 486.320377
Master: 486.880770
Slave: 486.985943
Slave: 486.998427
Slave: 487.141068
Calculated PI: 3.141603
General: 487.180428
Slave: 487.180069
-----
Slave: 485.387628
Master: 485.894964
Slave: 486.303078
Slave: 486.476943
Slave: 487.374020
Calculated PI: 3.141572
General: 487.482311
Slave: 487.482118
-----
Slave: 486.309762
Slave: 486.487092
Slave: 486.680612
Slave: 486.945365
Slave: 487.297713
Master: 487.805794
Calculated PI: 3.141591
General: 487.806007
-----
Master: 486.312891
Slave: 487.002137
Slave: 487.241744
Slave: 487.408577
Slave: 487.437727
Slave: 487.782343
Calculated PI: 3.141589
General: 487.782600
-----
Master: 485.676436
Slave: 486.729663
Slave: 486.906063
Slave: 487.815337
Slave: 488.542114
Slave: 491.759748
Calculated PI: 3.141600
General: 491.759761
-----
Slave: 486.175608
Slave: 486.916267
Slave: 487.008798
Slave: 487.264028
Master: 487.801227
Slave: 516.616217
Calculated PI: 3.141594
General: 516.616447
-----
Slave: 486.225008
Slave: 487.005230
Master: 487.084927
Slave: 487.370638
Slave: 487.377675
Calculated PI: 3.141600
General: 487.727993
Slave: 487.728508
-----
Slave: 485.506550
Slave: 486.839352
Slave: 487.047914
Slave: 487.096212
Slave: 487.099658
Master: 487.229586
Calculated PI: 3.141586
General: 487.229793
-----
Slave: 486.277139
Slave: 486.310759
Slave: 486.583149
Slave: 487.243785
Slave: 487.422830
Master: 487.678937
Calculated PI: 3.141601
General: 487.679152
-----
Slave: 485.546371
Slave: 486.894796
Slave: 486.898033
Slave: 486.939388
Slave: 487.269290
Master: 487.387100
Calculated PI: 3.141596
General: 487.387305
