-----
Slave: 0.694148
Slave: 0.694384
Slave: 0.694799
Slave: 0.694969
Slave: 0.694937
Master: 0.695853
Slave: 0.696280
Calculated PI: 3.141732
General: 0.696325
-----
Slave: 0.693521
Master: 0.693781
Slave: 0.693920
Slave: 0.694963
Slave: 0.694945
Calculated PI: 3.141237
General: 0.695501
Slave: 0.695682
Slave: 0.695464
-----
Slave: 0.694681
Slave: 0.695218
Slave: 0.695948
Master: 0.695775
Slave: 0.695798
Slave: 0.700638
Calculated PI: 3.141798
General: 0.716198
Slave: 0.715915
-----
Slave: 0.693217
Slave: 0.693781
Slave: 0.693930
Slave: 0.694184
Slave: 0.694376
Slave: 0.695992
Master: 0.696812
Calculated PI: 3.141622
General: 0.696965
-----
Slave: 0.692572
Slave: 0.694446
Slave: 0.694735
Master: 0.695578
Slave: 0.696141
Slave: 0.696166
Calculated PI: 3.141486
General: 0.697069
Slave: 0.696858
-----
Master: 0.695007
Slave: 0.695111
Slave: 0.695915
Slave: 0.695535
Slave: 0.696173
Slave: 0.696845
Slave: 0.697760
Calculated PI: 3.141461
General: 0.697989
-----
Slave: 0.695110
Slave: 0.695501
Slave: 0.695896
Slave: 0.696838
Master: 0.696231
Calculated PI: 3.141637
General: 0.696821
Slave: 0.696659
Slave: 0.696860
-----
Slave: 0.693774
Slave: 0.693892
Slave: 0.694199
Slave: 0.695219
Master: 0.695064
Slave: 0.694829
Calculated PI: 3.141681
General: 0.696297
Slave: 0.696113
-----
Slave: 0.694165
Master: 0.694973
Slave: 0.695047
Slave: 0.695280
Slave: 0.695782
Slave: 0.695793
Calculated PI: 3.141874
General: 0.696403
Slave: 0.696164
-----
Slave: 0.692732
Slave: 0.693764
Slave: 0.695083
Slave: 0.695007
Slave: 0.696161
Slave: 0.696220
Master: 0.696886
Calculated PI: 3.141617
General: 0.697038
