-----
Slave: 4.858153
Slave: 4.858800
Slave: 4.864678
Master: 4.870873
Slave: 4.871617
Slave: 4.872730
Slave: 4.873751
Slave: 4.873747
Slave: 4.882625
Slave: 4.883227
Calculated PI: 3.141607
General: 4.888837
Slave: 4.888406
-----
Slave: 4.858453
Slave: 4.872414
Slave: 4.873718
Master: 4.874008
Slave: 4.875655
Slave: 4.864516
Slave: 4.879799
Slave: 4.883909
Slave: 4.873651
Slave: 4.867486
Calculated PI: 3.141589
General: 4.896391
Slave: 4.872523
-----
Slave: 4.857700
Slave: 4.857804
Slave: 4.867295
Slave: 4.874892
Slave: 4.876677
Slave: 4.877679
Slave: 4.878275
Slave: 4.880786
Slave: 4.881180
Slave: 4.882599
Master: 5.028843
Calculated PI: 3.141596
General: 5.029091
-----
Slave: 4.862872
Slave: 4.865052
Slave: 4.865345
Slave: 4.867270
Slave: 4.870608
Slave: 4.872664
Master: 4.873905
Slave: 4.882269
Slave: 4.882245
Slave: 4.884491
Slave: 4.892236
Calculated PI: 3.141637
General: 4.892244
-----
Master: 4.858235
Slave: 4.865274
Slave: 4.866176
Slave: 4.868897
Slave: 4.869672
Slave: 4.871086
Slave: 4.871703
Slave: 4.873103
Slave: 4.879042
Slave: 4.884325
Slave: 4.888878
Calculated PI: 3.141528
General: 4.889498
-----
Slave: 4.860507
Slave: 4.860588
Slave: 4.862719
Slave: 4.863457
Slave: 4.869736
Slave: 4.870915
Slave: 4.875928
Slave: 4.877332
Slave: 4.881048
Slave: 4.882958
Master: 4.990395
Calculated PI: 3.141545
General: 4.990659
-----
Slave: 4.857961
Slave: 4.866113
Slave: 4.866784
Master: 4.868752
Slave: 4.876576
Slave: 4.877384
Slave: 4.878194
Slave: 4.879382
Slave: 4.884252
Slave: 4.884372
Slave: 4.885185
Calculated PI: 3.141521
General: 4.885796
-----
Slave: 4.864293
Slave: 4.866051
Slave: 4.870640
Slave: 4.864269
Slave: 4.872732
Slave: 4.879834
Master: 4.880464
Slave: 4.880343
Slave: 4.880543
Slave: 4.885306
Calculated PI: 3.141621
General: 4.887751
Slave: 4.887233
-----
Slave: 4.856944
Slave: 4.860452
Slave: 4.871742
Slave: 4.874778
Slave: 4.868288
Slave: 4.876463
Master: 4.880036
Slave: 4.882383
Slave: 4.881174
Slave: 4.881425
Calculated PI: 3.141679
General: 4.891751
Slave: 4.884105
-----
Master: 4.859166
Slave: 4.865675
Slave: 4.866842
Slave: 4.867939
Slave: 4.871722
Slave: 4.872046
Slave: 4.872252
Slave: 4.874598
Slave: 4.882620
Slave: 4.886442
Calculated PI: 3.141739
General: 4.887436
Slave: 4.886747
