-----
Master: 0.023291
Slave: 0.023493
Calculated PI: 3.143560
General: 0.023611
-----
Slave: 0.023635
Master: 0.023380
Calculated PI: 3.141436
General: 0.023627
-----
Slave: 0.023649
Master: 0.023330
Calculated PI: 3.143556
General: 0.023822
-----
Slave: 0.023304
Master: 0.023507
Calculated PI: 3.141836
General: 0.023594
-----
Slave: 0.023397
Master: 0.023643
Calculated PI: 3.140680
General: 0.023745
-----
Slave: 0.023220
Master: 0.023618
Calculated PI: 3.143860
General: 0.023702
-----
Slave: 0.023400
Master: 0.023675
Calculated PI: 3.141804
General: 0.023760
-----
Slave: 0.023361
Master: 0.023706
Calculated PI: 3.141852
General: 0.023791
-----
Slave: 0.023563
Master: 0.024703
Calculated PI: 3.142520
General: 0.024789
-----
Slave: 0.023866
Master: 0.023421
Calculated PI: 3.137696
General: 0.023924
