-----
Slave: 94.329995
Slave: 94.335255
Master: 97.281349
Slave: 97.638529
Slave: 97.740022
Calculated PI: 3.141593
General: 97.740164
-----
Slave: 93.048367
Slave: 93.656033
Slave: 97.244403
Slave: 97.315183
Master: 97.380432
Calculated PI: 3.141579
General: 97.380619
-----
Slave: 94.411106
Slave: 94.875383
Master: 97.064479
Slave: 97.324095
Slave: 97.657010
Calculated PI: 3.141619
General: 97.657278
-----
Slave: 94.573387
Slave: 94.616258
Slave: 97.265611
Master: 97.357749
Calculated PI: 3.141571
General: 97.714715
Slave: 97.714561
-----
Slave: 92.944717
Slave: 93.497417
Master: 97.340828
Slave: 97.437821
Calculated PI: 3.141593
General: 97.463977
Slave: 97.463609
-----
Slave: 94.222564
Slave: 94.740751
Slave: 97.269114
Master: 97.393471
Calculated PI: 3.141581
General: 97.551587
Slave: 97.551570
-----
Slave: 94.643479
Slave: 94.688894
Slave: 97.115918
Slave: 97.469684
Master: 97.622658
Calculated PI: 3.141580
General: 97.622854
-----
Slave: 94.692642
Slave: 95.087710
Slave: 97.117366
Slave: 97.417709
Master: 97.720073
Calculated PI: 3.141599
General: 97.720267
-----
Slave: 92.953592
Slave: 93.532113
Master: 97.483166
Slave: 97.496392
Slave: 97.511617
Calculated PI: 3.141562
General: 97.511879
-----
Slave: 94.208850
Slave: 94.684285
Slave: 97.265861
Master: 97.283185
Slave: 97.712397
Calculated PI: 3.141596
General: 97.712604
