3.141093
3.142090
3.141656
3.141498
3.141940
3.141606
3.141648
3.141368
3.141727
3.141786
3.141715
3.141570
3.141433
3.141336
3.141634
3.141447
3.141554
3.141514
3.141682
3.141435
3.141761
3.141757
3.141325
3.141406
3.141547
3.141635
3.141593
3.141614
3.141703
3.141784
3.141573
3.141314
3.141904
3.141293
3.141418
3.141705
3.141276
3.141638
3.141919
3.141493
3.141716
3.141361
3.141554
3.141716
3.141617
3.141844
3.141827
3.141444
3.141590
3.141601
3.141565
3.141464
3.141701
3.141405
3.141680
3.141548
3.141761
3.141484
3.141595
3.141512
3.141745
3.141391
3.141415
3.141551
3.141467
3.141528
3.141385
3.141578
3.141523
3.141826
3.141882
3.141564
3.141604
3.141330
3.141500
3.141522
3.141593
3.141967
3.141585
3.141450
3.141475
3.141440
3.141764
3.141479
3.141752
3.141463
3.141353
3.141563
3.141757
3.141819
3.141792
3.141617
3.141941
3.141504
3.141786
3.141417
3.141559
3.141679
3.141837
3.141821
3.141449
3.141667
3.141344
3.141621
3.141319
3.141520
3.141478
3.141532
3.141547
3.141679
3.141680
3.141726
3.141664
3.141451
3.141731
3.141456
3.141692
3.141478
3.141566
3.141825
3.141498
3.141432
3.141878
3.141477
3.141735
3.141423
3.141756
3.141625
3.141518
3.141872
3.141558
3.141702
3.141663
3.141720
3.141530
3.141766
3.141838
3.141661
3.141478
3.141527
3.141775
3.141454
3.141296
3.141380
3.141554
3.141708
3.141681
3.141573
3.141564
3.141475
3.141256
3.141431
3.141487
3.141549
3.141606
3.141552
3.141868
3.141553
3.141689
3.141720
3.141610
3.141548
3.141656
3.141495
3.141685
3.141639
3.141616
3.141679
3.141500
3.141489
3.141535
3.141459
3.141800
3.141519
3.141462
3.141576
3.141732
3.141480
3.141497
3.141783
3.141722
3.141498
3.141948
3.141554
3.141726
3.141578
3.141468
3.141448
3.141589
3.141793
3.141690
3.141593
3.141449
3.141585
3.141537
3.141421
3.141556
3.141545
3.141703
3.141528
3.141805
3.141798
3.141764
3.141970
3.141662
3.141474
3.141679
3.141832
3.141772
3.141739
3.141705
3.141533
3.141750
3.141498
3.141658
3.141595
3.141573
3.141656
3.141507
3.141632
3.141712
3.141760
3.141625
3.141695
3.141430
3.141594
3.141594
3.141702
3.141576
3.141522
3.141840
3.141470
3.141908
3.141518
3.141383
3.141716
3.141300
3.141447
3.141267
3.141816
3.141630
3.141218
3.141662
3.141544
3.141515
3.141381
3.141603
3.141571
3.141832
3.141758
3.141755
3.141542
3.141856
3.141608
3.141397
3.141328
3.141600
3.141724
3.141750
3.141790
3.141689
3.141610
3.141414
3.141873
3.141678
3.141767
3.141924
3.141473
3.141471
3.141872
3.141661
3.141800
3.141475
3.141425
3.141350
3.141381
3.141449
3.141717
3.141556
3.141855
3.141634
3.141679
3.141623
3.141376
3.141541
3.141552
3.141671
3.141491
3.141716
3.141419
3.141247
3.141328
3.141271
3.141539
3.141662
3.141601
3.141621
3.141568
3.141683
3.141688
3.141672
3.141334
3.141749
3.141656
3.141336
3.141703
3.141634
3.141772
3.141542
3.141398
3.141532
3.141848
3.141413
3.141595
3.141485
3.141766
3.141604
3.141639
3.141437
3.141459
3.141406
3.141758
3.141701
3.141636
3.141786
3.141461
3.141460
3.141639
3.141710
3.141615
3.141829
3.141653
3.141496
3.141270
3.141496
3.141847
3.141763
3.141362
3.141595
3.141457
3.141758
3.141363
3.142027
3.141324
3.141640
3.141581
3.141600
3.141679
3.141346
3.141725
3.141653
3.141669
3.141627
3.141678
3.141663
3.141700
3.141822
3.141432
3.141702
3.141642
3.141348
3.141713
3.141512
3.141576
3.141493
3.141663
3.141503
3.141358
3.141579
3.141690
3.141339
3.141595
3.141599
3.141621
3.141589
3.141525
3.141889
3.141550
3.141766
3.142000
3.141759
3.141395
3.141229
3.141494
3.141489
3.141604
3.141524
3.141632
3.141581
3.141681
3.141876
3.141733
3.141534
3.141684
3.141757
3.141377
3.141525
3.141517
3.141581
3.141658
3.141540
3.141771
3.141655
3.141634
3.141431
3.141680
3.141701
3.141627
3.141718
3.141644
3.141746
3.141609
3.141180
3.141766
3.141854
3.141967
3.141707
3.141565
3.141729
3.141571
3.141641
3.141399
3.141522
3.141688
3.141505
3.141495
3.141674
3.141565
3.141588
3.141569
3.141890
3.141697
3.141493
3.141731
3.141820
3.141717
3.141587
3.141723
3.141584
3.141720
3.141815
3.141601
3.141752
3.141415
3.141716
3.141463
3.141511
3.141481
3.141752
3.141538
3.141697
3.141779
3.141758
3.141742
3.141658
3.141677
3.141210
3.141540
3.141522
3.141507
3.141398
3.141590
3.141242
3.141791
3.141577
3.141633
3.141781
3.141339
3.141160
3.141433
3.141452
3.141590
3.141793
3.141700
3.141420
3.141280
3.141733
3.141649
3.141646
3.141678
3.141576
3.141528
3.141707
3.141962
3.141510
3.141759
3.141465
3.141504
3.141706
3.141600
3.141169
3.141667
3.141603
3.141682
3.141458
3.141623
3.141222
3.141720
3.141834
3.141615
3.141844
3.141343
3.141212
3.141760
3.141433
3.141625
3.141598
3.141631
3.141413
3.141390
3.141704
3.141603
3.141272
3.141646
3.141524
3.141579
3.141636
3.141767
3.141698
3.141341
3.141506
3.141683
3.141740
3.141294
3.141624
3.141657
3.141429
3.141740
3.141420
3.141721
3.141763
3.141426
3.141371
3.141720
3.141400
3.141374
3.141450
3.141652
3.141462
3.141601
3.141567
3.141496
3.141679
3.141614
3.141798
3.141444
3.141546
3.141794
3.141409
3.141481
3.141864
3.141625
3.141427
3.141573
3.141233
3.141411
3.141668
3.141624
3.141485
3.141601
3.141650
3.141395
3.141285
3.141548
3.141276
3.141491
3.141641
3.141832
3.141666
3.141425
3.141322
3.141443
3.141605
3.141919
3.141643
3.141755
3.141714
3.141768
3.141497
3.141513
3.141476
3.141233
3.141538
3.141853
3.141754
3.141470
3.141580
3.141616
3.141925
3.141640
3.141538
3.141937
3.141544
3.141532
3.141513
3.141500
3.141805
3.141562
3.141345
3.141521
3.141416
3.141513
3.141497
3.141378
3.141649
3.141773
3.141538
3.141756
3.141635
3.141528
3.141673
3.141568
3.141748
3.141513
3.141474
3.141578
3.141846
3.141438
3.141778
3.141277
3.142035
3.141585
3.141899
3.141449
3.141461
3.141603
3.141714
3.141364
3.141311
3.141606
3.141481
3.141685
3.141522
3.141493
3.141612
3.141548
3.141478
3.141789
3.141631
3.141675
3.141846
3.141873
3.141558
3.141707
3.141689
3.141476
3.141674
3.141665
3.141740
3.141754
3.141687
3.141414
3.141593
3.141643
3.141603
3.141206
3.141645
3.141565
3.141928
3.141523
3.141594
3.141891
3.141319
3.141651
3.141526
3.141798
3.141612
3.141673
3.141720
3.141523
3.141555
3.141529
3.141567
3.141305
3.141597
3.141579
3.141654
3.141471
3.141608
3.141483
3.141604
3.141428
3.141992
3.141678
3.141709
3.141719
3.141352
3.141596
3.141675
3.141615
3.141616
3.141368
3.141576
3.141416
3.141601
3.141697
3.141891
3.141804
3.141778
3.141620
3.141709
3.141803
3.141513
3.141627
3.141414
3.141717
3.141429
3.141397
3.141792
3.141588
3.141614
3.141700
3.141412
3.141929
3.141634
3.141682
3.141875
3.141720
3.141721
3.141706
3.141537
3.141709
3.141602
3.141487
3.141517
3.141721
3.141474
3.141760
3.141436
3.141637
3.141758
3.141736
3.141564
3.141631
3.141373
3.141396
3.141504
3.141209
3.141847
3.141503
3.141586
3.141606
3.141730
3.141644
3.141611
3.141626
3.141835
3.141811
3.141639
3.141782
3.141670
3.141781
3.141435
3.141633
3.141577
3.141499
3.141749
3.141366
3.141836
3.141374
3.141748
3.141734
3.141298
3.141527
3.141366
3.141598
3.141589
3.141273
3.141600
3.141491
3.141424
3.141507
3.141513
3.141462
3.141359
3.141328
3.141640
3.141975
3.141666
3.141692
3.141532
3.141826
3.141809
3.141645
3.141711
3.141683
3.141406
3.141774
3.141509
3.141400
3.141781
3.141513
3.141530
3.141366
3.141658
3.141567
3.141492
3.141627
3.141492
3.141709
3.141640
3.141480
3.141508
3.141504
3.141521
3.141931
3.141542
3.141653
3.141644
3.141617
3.141606
3.141545
3.141742
3.141710
3.141495
3.141681
3.141444
3.141679
3.141672
3.141622
3.141755
3.141663
3.141903
3.141593
3.141469
3.141537
3.141680
3.141838
3.141369
3.141672
3.141673
3.141409
3.141440
3.141450
3.141547
3.141975
3.141680
3.141598
3.141488
3.141516
3.141521
3.141657
3.141373
3.141503
3.141626
3.141425
3.141717
3.141717
3.141398
3.141527
3.141627
3.141501
3.141832
3.141764
3.141454
3.141692
3.141255
3.141642
3.141801
3.141755
3.141407
3.141880
3.141667
3.141360
3.141460
3.141633
3.141421
3.141249
3.141749
3.141848
3.141441
3.141655
3.141459
3.141527
3.141631
3.141518
3.141560
3.141741
3.141764
3.141468
3.141466
3.141567
3.141486
3.141778
3.141514
3.141698
3.141516
3.141681
3.141633
3.141697
3.141873
3.141842
3.141747
3.141791
3.141576
3.141307
3.141743
3.141568
3.141504
3.141545
3.141733
3.141637
3.141575
3.141693
3.141642
3.141249
3.141731
3.141759
3.141674
3.141524
3.141590
3.141652
3.141686
3.141740
3.141755
3.141518
3.141370
3.141493
3.141516
3.141657
3.141695
3.141633
3.141671
3.141591
3.141603
3.141578
3.141593
3.141890
3.141359
3.141448
3.141633
3.141529
3.141643
3.141707
3.141523
3.141821
3.141462
3.141597
3.141644
3.141719
3.141376
3.141294
3.141685
3.141631
3.141627
3.141887
3.141375
3.141634
3.141545
3.141632
3.141479
3.141375
3.141368
3.141590
3.141650
3.141682
3.141957
3.141714
3.141353
3.141590
3.141529
3.141690
3.141439
3.141562
3.141749
3.141850
3.141665
3.141607
3.141535
3.141744
3.141622
3.141451
3.141780
3.141436
3.141719
3.141701
3.141662
3.141668
3.141468
3.141383
3.141634
3.141675
3.141453
3.141666
3.141418
3.141812
3.141624
3.141506
3.141913
3.141595
3.141579
3.141566
3.141434
3.141598
3.141316
3.141614
3.141555
3.141241
3.141648
3.141759
