3.140440
3.143404
3.141756
3.140832
3.141164
3.142928
3.139412
3.141324
3.141720
3.143660
3.141328
3.143560
3.142540
3.140144
3.140480
3.142452
3.143272
3.145964
3.140536
3.139780
3.139240
3.141116
3.139880
3.139880
3.139940
3.141580
3.139412
3.141176
3.141236
3.142588
3.140372
3.141756
3.139192
3.139184
3.141248
3.142944
3.140444
3.142616
3.141748
3.141492
3.142588
3.139824
3.142832
3.141616
3.139144
3.143000
3.142308
3.141224
3.142312
3.140208
3.141680
3.143072
3.142364
3.140468
3.141996
3.139320
3.141172
3.141760
3.142120
3.141532
3.140460
3.138604
3.140920
3.142564
3.139968
3.143884
3.143080
3.141432
3.141208
3.139344
3.140328
3.141740
3.142384
3.141760
3.141000
3.138804
3.139620
3.139572
3.142680
3.141608
3.142664
3.140692
3.141456
3.144088
3.139580
3.143724
3.142540
3.141992
3.142212
3.141328
3.142648
3.143832
3.142164
3.141276
3.142416
3.141392
3.144680
3.140956
3.142172
3.142724
3.142696
3.144704
3.142076
3.141828
3.141484
3.142080
3.141448
3.141572
3.141984
3.142208
3.142916
3.139932
3.141772
3.140388
3.142588
3.143364
3.142284
3.143740
3.141348
3.139824
3.143348
3.144108
3.141324
3.139224
3.140204
3.141988
3.142308
3.140820
3.142048
3.139104
3.140132
3.143296
3.144988
3.140304
3.141060
3.140940
3.140380
3.140320
3.143212
3.142648
3.140812
3.144452
3.140272
3.137812
3.138464
3.142600
3.140448
3.139944
3.139672
3.141276
3.143116
3.141476
3.140028
3.144384
3.144496
3.142448
3.140776
3.139384
3.139832
3.141568
3.142284
3.138376
3.143604
3.143584
3.144300
3.142192
3.138944
3.141772
3.141288
3.140892
3.140444
3.139056
3.143248
3.143984
3.141840
3.142952
3.141920
3.141980
3.144048
3.138696
3.141856
3.141472
3.140608
3.139616
3.139476
3.139956
3.140428
3.142368
3.141284
3.142608
3.143176
3.139716
3.139364
3.143344
3.143516
3.140172
3.140276
3.142300
3.143416
3.141012
3.144080
3.143744
3.139244
3.142908
3.140612
3.139340
3.144444
3.140080
3.142248
3.140304
3.140276
3.140288
3.143028
3.140520
3.137200
3.139412
3.145136
3.141668
3.139648
3.141440
3.140932
3.140884
3.142092
3.141804
3.141416
3.143084
3.143364
3.140636
3.145888
3.140252
3.140664
3.142056
3.140288
3.142708
3.137572
3.139420
3.142248
3.139624
3.140188
3.141048
3.139176
3.142176
3.138896
3.142052
3.140088
3.142528
3.139216
3.140220
3.140568
3.138156
3.141580
3.141528
3.140344
3.143976
3.142692
3.140764
3.141868
3.141864
3.140520
3.143840
3.137876
3.140720
3.141432
3.141732
3.142352
3.142224
3.142068
3.140388
3.142100
3.140940
3.140556
3.143964
3.142904
3.143304
3.143324
3.140784
3.140512
3.142660
3.143120
3.142588
3.141920
3.143588
3.143048
3.141124
3.142540
3.140856
3.139492
3.143332
3.142160
3.138080
3.141864
3.141308
3.141924
3.142584
3.142288
3.141544
3.141636
3.142356
3.141772
3.143272
3.144844
3.138288
3.143840
3.143872
3.139496
3.140692
3.141720
3.142068
3.142108
3.141992
3.140848
3.142052
3.140864
3.140288
3.141600
3.142632
3.140428
3.144124
3.141672
3.140296
3.141156
3.144444
3.141908
3.141820
3.141716
3.142520
3.142544
3.142236
3.141168
3.139496
3.141160
3.140320
3.141520
3.142140
3.137168
3.140880
3.142516
3.143596
3.139204
3.142572
3.141952
3.139696
3.139248
3.142520
3.140216
3.139768
3.141440
3.143308
3.138444
3.145564
3.140912
3.140096
3.141548
3.142428
3.141740
3.139624
3.143180
3.143040
3.141192
3.140824
3.143368
3.141172
3.144296
3.143256
3.135640
3.144196
3.138692
3.140600
3.144280
3.144588
3.140964
3.139872
3.140460
3.140912
3.139404
3.145120
3.140356
3.143476
3.141164
3.141356
3.141344
3.138528
3.141384
3.140460
3.139288
3.139088
3.138556
3.143788
3.139356
3.137924
3.143748
3.140576
3.140656
3.143768
3.142872
3.141708
3.141540
3.142044
3.141072
3.142948
3.141964
3.143192
3.139644
3.143844
3.142120
3.141832
3.143400
3.141856
3.141760
3.144464
3.142796
3.137912
3.144808
3.143444
3.140948
3.143860
3.142812
3.142120
3.138388
3.141848
3.141672
3.141396
3.141780
3.138208
3.143428
3.142580
3.142584
3.140972
3.138740
3.143816
3.138568
3.137144
3.144252
3.141448
3.140416
3.145452
3.140436
3.140024
3.142248
3.139368
3.140460
3.139824
3.139764
3.139504
3.141432
3.142852
3.141868
3.141152
3.140852
3.138304
3.142760
3.140780
3.141588
3.142436
3.143760
3.141300
3.140844
3.141604
3.140112
3.142568
3.142184
3.141244
3.144788
3.140316
3.141328
3.138468
3.139720
3.142088
3.142756
3.139728
3.139712
3.141972
3.141608
3.140272
3.143180
3.140776
3.141552
3.141744
3.142764
3.142580
3.140084
3.138744
3.143068
3.145872
3.143052
3.140872
3.141364
3.143924
3.141468
3.139112
3.141248
3.139900
3.140464
3.143660
3.142324
3.142992
3.143944
3.141348
3.141872
3.140476
3.143508
3.140296
3.143372
3.140260
3.143004
3.140164
3.140256
3.140312
3.140576
3.141732
3.142224
3.141172
3.142380
3.143576
3.140328
3.142220
3.142344
3.143972
3.140552
3.141468
3.140544
3.142144
3.138992
3.140464
3.139776
3.142548
3.142852
3.140132
3.139692
3.142292
3.142160
3.141012
3.141300
3.140296
3.141544
3.140908
3.141960
3.140856
3.140608
3.141884
3.140796
3.141096
3.140912
3.142104
3.144168
3.140100
3.143632
3.142628
3.144148
3.144072
3.142076
3.141244
3.143516
3.142156
3.140416
3.143936
3.139552
3.142088
3.141980
3.140816
3.143140
3.141272
3.141700
3.141764
3.142844
3.143692
3.138468
3.139012
3.141676
3.140856
3.141572
3.144336
3.144368
3.139912
3.138088
3.145844
3.142832
3.141356
3.141012
3.142724
3.141424
3.142700
3.140928
3.142544
3.141908
3.140364
3.138220
3.142552
3.140436
3.138988
3.141600
3.141296
3.144276
3.140040
3.143560
3.140304
3.143892
3.144364
3.141784
3.141872
3.138636
3.138860
3.142544
3.141164
3.142320
3.142072
3.143348
3.143528
3.144868
3.142844
3.141556
3.140584
3.140760
3.141712
3.140852
3.140264
3.140404
3.143104
3.139888
3.142728
3.141212
3.141228
3.141020
3.141004
3.143616
3.145592
3.141520
3.140060
3.140824
3.140772
3.140800
3.141964
3.141420
3.140020
3.141036
3.141364
3.140692
3.144412
3.138692
3.140968
3.138864
3.141544
3.143416
3.140612
3.142820
3.140276
3.140936
3.143256
3.141764
3.143340
3.142592
3.138580
3.140904
3.140996
3.142576
3.143980
3.139620
3.142640
3.145716
3.140868
3.138744
3.140576
3.142012
3.140312
3.142928
3.141824
3.141140
3.142068
3.141508
3.140796
3.141116
3.144220
3.140276
3.142000
3.143388
3.141524
3.144168
3.140860
3.139188
3.142620
3.141560
3.141068
3.140628
3.142980
3.141836
3.142868
3.142524
3.141736
3.140316
3.142244
3.140324
3.139496
3.142240
3.141196
3.140272
3.141248
3.143436
3.140440
3.140080
3.139532
3.141844
3.142852
3.142640
3.142672
3.142776
3.142312
3.140584
3.139068
3.143808
3.141628
3.143076
3.142804
3.145808
3.138968
3.142996
3.144036
3.140956
3.144076
3.140704
3.139256
3.141748
3.143512
3.141024
3.143924
3.138940
3.141888
3.143000
3.140172
3.140648
3.140180
3.140876
3.142172
3.141040
3.142708
3.139884
3.140184
3.141732
3.140340
3.144016
3.140200
3.140564
3.142056
3.138996
3.140104
3.140072
3.140904
3.140376
3.140780
3.144624
3.141812
3.139360
3.138084
3.143164
3.141484
3.139264
3.141120
3.141500
3.141076
3.144720
3.138788
3.140484
3.142676
3.141444
3.142456
3.140492
3.138900
3.143180
3.140684
3.140912
3.140940
3.142856
3.143112
3.139556
3.139232
3.143136
3.144160
3.143116
3.140812
3.141528
3.143020
3.143116
3.141376
3.140976
3.138220
3.140260
3.139548
3.138548
3.141652
3.139888
3.141216
3.141428
3.140836
3.141076
3.140176
3.143484
3.140984
3.141564
3.141856
3.141772
3.140572
3.143612
3.136392
3.141680
3.140300
3.138740
3.143408
3.142000
3.140060
3.142176
3.141080
3.140548
3.142876
3.141784
3.143736
3.144256
3.140332
3.141020
3.137824
3.143288
3.139820
3.141116
3.140244
3.142344
3.141276
3.142496
3.138616
3.138292
3.137756
3.141364
3.142020
3.141036
3.143240
3.141152
3.143196
3.143744
3.140856
3.143644
3.140172
3.139016
3.144672
3.142360
3.141440
3.141752
3.141708
3.143748
3.140176
3.140088
3.142316
3.142944
3.141432
3.139400
3.140148
3.138908
3.143536
3.140644
3.142408
3.141136
3.140684
3.141856
3.139604
3.140804
3.138084
3.141320
3.142020
3.139340
3.141508
3.138124
3.144116
3.140744
3.141056
3.141164
3.143552
3.142964
3.140780
3.142680
3.143400
3.139096
3.139984
3.140632
3.140040
3.144404
3.141828
3.143728
3.140632
3.141200
3.142564
3.144252
3.144468
3.139128
3.138880
3.142196
3.142976
3.142608
3.139784
3.142144
3.141960
3.140128
3.140544
3.142516
3.140660
3.141396
3.141016
3.140736
3.141888
3.143344
3.139156
3.141888
3.140648
3.139800
3.141284
3.141240
3.139044
3.142840
3.143028
3.144772
3.141488
3.140780
3.143700
3.141948
3.141120
3.142972
3.141400
3.140128
3.143556
3.143596
3.140760
3.145588
3.144660
3.141004
3.142880
3.138708
3.141624
3.143356
3.141604
3.143680
3.140024
3.139012
3.139848
3.138488
3.138204
3.141068
3.140484
3.140408
3.140788
3.140044
3.140992
3.144184
3.139468
3.139440
3.141112
3.144620
3.143148
3.141076
3.140980
3.141160
3.140908
3.144060
3.141488
3.141704
3.139724
3.140188
3.141412
3.144068
3.140800
3.144120
3.143476
3.140764
3.140448
3.140704
3.138172
3.140016
3.142044
3.141892
3.140976
3.141016
3.138732
3.140172
3.139368
3.141196
3.142248
3.143668
3.142936
3.141132
3.143448
3.141576
3.139620
3.142560
3.140476
3.140028
3.140116
3.144080
3.142792
3.139728
3.139112
3.144232
3.139700
3.142096
3.143080
3.139988
3.142428
