3.136800
3.148000
3.160000
3.167600
3.117200
3.138000
3.116000
3.127200
3.160000
3.141200
3.157200
3.143600
3.129600
3.159600
3.148800
3.128000
3.134000
3.136800
3.140000
3.164400
3.171200
3.147600
3.138400
3.143600
3.150400
3.152400
3.147200
3.154000
3.150400
3.142400
3.154800
3.160000
3.129600
3.156800
3.152800
3.134800
3.130800
3.144400
3.153600
3.150000
3.176000
3.137600
3.158000
3.151200
3.120000
3.152800
3.152800
3.107600
3.147600
3.120400
3.171200
3.120800
3.131600
3.146400
3.118400
3.117600
3.130800
3.146400
3.139200
3.152000
3.137600
3.145200
3.155600
3.135200
3.125200
3.155200
3.128400
3.156400
3.133600
3.147600
3.143200
3.112400
3.168000
3.118800
3.124400
3.150800
3.123200
3.154400
3.178400
3.163600
3.123600
3.159600
3.118000
3.116800
3.150000
3.130800
3.126800
3.160000
3.141600
3.135200
3.136000
3.153200
3.119200
3.143200
3.125600
3.138800
3.119600
3.142800
3.164400
3.133600
3.133600
3.119600
3.137200
3.157600
3.162400
3.142400
3.128000
3.147600
3.128800
3.137600
3.167600
3.116400
3.138400
3.154000
3.156800
3.120400
3.180000
3.123600
3.152800
3.130400
3.159600
3.154800
3.151600
3.132400
3.166800
3.147600
3.138000
3.138400
3.156000
3.124400
3.117200
3.134400
3.120000
3.124400
3.140000
3.146000
3.153600
3.121600
3.143200
3.113600
3.172400
3.127200
3.116800
3.136800
3.128400
3.137200
3.107200
3.157200
3.136800
3.128400
3.143600
3.150800
3.125600
3.170000
3.178000
3.136000
3.156800
3.124800
3.133600
3.091200
3.128800
3.147600
3.138400
3.158400
3.126400
3.131600
3.135200
3.127600
3.144000
3.144800
3.146000
3.135600
3.103600
3.142400
3.168400
3.138800
3.150000
3.148000
3.139200
3.165600
3.160800
3.120800
3.139200
3.130400
3.149200
3.113600
3.116400
3.157600
3.157200
3.122400
3.154400
3.140800
3.147600
3.142000
3.113600
3.138800
3.146000
3.108400
3.131600
3.142800
3.125600
3.131200
3.131600
3.126000
3.111600
3.134400
3.157200
3.125600
3.154000
3.134000
3.132000
3.131200
3.139200
3.140400
3.139200
3.134000
3.146000
3.148000
3.142800
3.141200
3.148000
3.146400
3.139600
3.158400
3.150400
3.126000
3.136800
3.149200
3.134400
3.140400
3.157600
3.132000
3.133600
3.113200
3.129600
3.156400
3.133600
3.153600
3.144400
3.130400
3.127200
3.152400
3.150000
3.099200
3.149600
3.111600
3.144000
3.153200
3.160000
3.164000
3.141600
3.168000
3.136000
3.142400
3.139600
3.148800
3.134000
3.150400
3.134400
3.130800
3.107600
3.168400
3.142800
3.119600
3.120400
3.148800
3.116000
3.141600
3.150000
3.164000
3.141600
3.155600
3.128000
3.129200
3.168400
3.143600
3.118000
3.156800
3.143200
3.140400
3.141200
3.142800
3.146000
3.161200
3.128800
3.113200
3.146400
3.180800
3.124800
3.149600
3.135600
3.121200
3.159600
3.168000
3.128800
3.126400
3.142000
3.172000
3.122800
3.144400
3.136400
3.152000
3.154800
3.134400
3.147200
3.150800
3.124000
3.156400
3.151600
3.121600
3.121200
3.154400
3.120000
3.129600
3.112800
3.136800
3.129200
3.135200
3.156800
3.160400
3.139600
3.136800
3.148800
3.119600
3.134800
3.143600
3.145600
3.120400
3.126800
3.151200
3.156800
3.131600
3.118000
3.186000
3.145200
3.130000
3.128400
3.147600
3.155600
3.161200
3.151200
3.139200
3.148000
3.141600
3.158000
3.139200
3.162000
3.147600
3.135200
3.122000
3.158800
3.118800
3.156400
3.126800
3.160800
3.141600
3.138800
3.138000
3.148800
3.148400
3.146400
3.168000
3.129600
3.165200
3.116400
3.119200
3.121600
3.135600
3.126800
3.143600
3.118400
3.140400
3.146000
3.124400
3.144400
3.152400
3.147200
3.166000
3.168400
3.163600
3.127200
3.121600
3.156000
3.119600
3.136000
3.143600
3.158000
3.144000
3.127200
3.108400
3.136800
3.147600
3.133200
3.165600
3.133200
3.154400
3.150400
3.126800
3.139200
3.164000
3.133200
3.150000
3.128000
3.106800
3.144000
3.130800
3.141200
3.133200
3.140400
3.152400
3.134400
3.159600
3.141600
3.147200
3.137200
3.143200
3.126000
3.149200
3.143600
3.152800
3.134000
3.134800
3.114800
3.137200
3.133200
3.134000
3.122000
3.108400
3.133600
3.140400
3.132400
3.128000
3.135600
3.154000
3.162800
3.150800
3.133600
3.124800
3.120400
3.113200
3.133600
3.130800
3.156000
3.154800
3.148000
3.143600
3.168000
3.149200
3.134400
3.139600
3.136000
3.140000
3.153600
3.149200
3.155200
3.133200
3.132800
3.141600
3.128000
3.144000
3.136000
3.118800
3.136400
3.149200
3.136800
3.151200
3.152000
3.147600
3.158400
3.127600
3.157600
3.142400
3.128400
3.151600
3.140000
3.152400
3.146400
3.148000
3.160400
3.177200
3.152000
3.131200
3.160800
3.127200
3.119600
3.160000
3.150000
3.143200
3.136400
3.152400
3.139600
3.147600
3.118800
3.146400
3.128400
3.151600
3.135600
3.138800
3.128400
3.122800
3.151600
3.118000
3.142000
3.135200
3.142400
3.125200
3.147600
3.167200
3.162800
3.101200
3.105600
3.132400
3.134400
3.118000
3.149600
3.148800
3.148400
3.141200
3.170800
3.151200
3.111600
3.138000
3.137200
3.139600
3.137200
3.150000
3.175200
3.148400
3.147200
3.131600
3.156400
3.129600
3.150800
3.165600
3.132400
3.115600
3.144000
3.176800
3.140000
3.138400
3.172400
3.142400
3.157200
3.137200
3.171200
3.163200
3.144000
3.158000
3.135200
3.165600
3.169200
3.146000
3.147200
3.152400
3.106000
3.137200
3.137600
3.163600
3.118000
3.147200
3.141600
3.150400
3.126800
3.138400
3.136800
3.171600
3.147200
3.134400
3.131600
3.144800
3.151200
3.116000
3.154400
3.106400
3.150000
3.093600
3.117600
3.128000
3.149600
3.159600
3.117600
3.132000
3.142400
3.133600
3.167200
3.130800
3.141200
3.116400
3.144000
3.112800
3.136000
3.162800
3.129200
3.144400
3.144400
3.130800
3.132000
3.118000
3.133200
3.167600
3.139600
3.150800
3.151200
3.136400
3.110000
3.143200
3.116400
3.153200
3.139600
3.122800
3.129200
3.140400
3.140400
3.131600
3.144400
3.126400
3.112800
3.158000
3.149200
3.110400
3.138000
3.156800
3.187200
3.179200
3.140800
3.118800
3.143600
3.137200
3.133600
3.140400
3.114800
3.138000
3.141600
3.140000
3.132400
3.128000
3.125600
3.128000
3.152000
3.147600
3.166800
3.157200
3.117600
3.136800
3.131600
3.124000
3.155200
3.126000
3.164800
3.134800
3.164400
3.145200
3.129200
3.134400
3.162000
3.115600
3.130400
3.151200
3.141600
3.141200
3.134800
3.150000
3.128400
3.125600
3.151600
3.145600
3.164800
3.145600
3.143600
3.150400
3.128400
3.130800
3.139600
3.147200
3.152400
3.127200
3.131200
3.159200
3.110000
3.148400
3.135600
3.153200
3.137200
3.154400
3.130000
3.108400
3.158000
3.116800
3.140400
3.125600
3.116800
3.114000
3.160800
3.127200
3.124800
3.097200
3.146800
3.130800
3.128800
3.117600
3.129200
3.169600
3.168800
3.141200
3.150800
3.133600
3.126000
3.142400
3.155200
3.161600
3.143200
3.119200
3.146400
3.149600
3.130800
3.144000
3.130000
3.147600
3.154000
3.146800
3.113600
3.156000
3.153200
3.141200
3.147200
3.120800
3.142400
3.123600
3.182000
3.150400
3.166800
3.111200
3.128000
3.134800
3.150400
3.111600
3.158800
3.123200
3.155600
3.150800
3.150000
3.165200
3.102000
3.135200
3.154800
3.132000
3.181200
3.139200
3.119200
3.140000
3.156400
3.158000
3.126400
3.150000
3.156400
3.154800
3.143600
3.132000
3.138000
3.147200
3.127200
3.161600
3.138400
3.159600
3.106000
3.139200
3.162800
3.134000
3.156400
3.148400
3.148800
3.132000
3.129600
3.148400
3.158400
3.122800
3.132000
3.126000
3.131200
3.124800
3.118800
3.148000
3.154000
3.187200
3.100400
3.140400
3.131600
3.145600
3.143600
3.126400
3.156000
3.166400
3.146000
3.102400
3.135200
3.154400
3.122800
3.145200
3.132400
3.111600
3.173600
3.122800
3.152000
3.163200
3.139600
3.140000
3.150000
3.147600
3.170000
3.155200
3.142800
3.150800
3.141200
3.140000
3.145600
3.122000
3.166400
3.123600
3.173200
3.166000
3.100000
3.156400
3.159200
3.151600
3.127200
3.129200
3.134000
3.153200
3.121600
3.109200
3.139200
3.166400
3.148000
3.125200
3.122400
3.146800
3.132800
3.140800
3.154000
3.136000
3.130000
3.108000
3.127600
3.124000
3.144400
3.109600
3.131200
3.132000
3.171200
3.144000
3.154000
3.165600
3.144400
3.164800
3.147600
3.158800
3.149600
3.138400
3.122000
3.147600
3.127600
3.134400
3.150000
3.126800
3.126400
3.125200
3.127200
3.112400
3.122400
3.133200
3.148800
3.117600
3.119200
3.172000
3.163600
3.139600
3.129200
3.147600
3.148400
3.137200
3.170000
3.164800
3.166400
3.143600
3.160800
3.110000
3.121600
3.141200
3.141200
3.134400
3.135200
3.141200
3.140800
3.151200
3.137200
3.165200
3.158000
3.148000
3.154800
3.162400
3.134000
3.146000
3.143200
3.138800
3.112000
3.134400
3.146800
3.153200
3.143600
3.124000
3.148000
3.121200
3.118800
3.147200
3.152800
3.140800
3.154400
3.150800
3.132800
3.143200
3.122400
3.127200
3.123200
3.144000
3.146400
3.140000
3.148400
3.148400
3.161600
3.118000
3.152000
3.154800
3.142400
3.162000
3.160000
3.170000
3.142800
3.145600
3.139600
3.150800
3.117200
3.138000
3.109600
3.121600
3.134800
3.136000
3.128400
3.126800
3.155600
3.124800
3.140000
3.131600
3.141200
3.130800
3.179200
3.170000
3.137600
3.155600
3.156800
3.155600
3.123200
3.120800
3.115200
3.145600
3.138800
3.115200
3.146000
3.130000
3.159600
3.122800
3.120800
3.135600
3.138000
3.172400
3.138400
3.127600
3.139200
3.136400
3.145600
3.136000
3.136400
3.124800
3.136000
3.123200
3.112400
3.136800
3.102400
3.142800
3.168400
3.140000
3.109600
3.152000
3.135600
3.134400
3.147200
3.150000
3.145200
3.153200
3.130000
3.141200
