3.320000
3.080000
3.160000
3.200000
3.240000
3.280000
3.200000
3.160000
3.120000
3.200000
3.400000
3.160000
2.960000
3.440000
3.040000
3.000000
3.240000
3.320000
3.240000
3.000000
3.000000
2.800000
3.040000
3.320000
3.280000
3.160000
3.160000
3.120000
3.040000
3.040000
2.880000
3.080000
3.240000
3.440000
2.960000
3.240000
3.000000
3.000000
3.240000
2.800000
3.400000
3.280000
3.160000
3.520000
3.240000
3.040000
3.080000
3.280000
3.280000
3.000000
3.160000
2.760000
3.280000
3.160000
3.200000
3.240000
3.160000
3.160000
3.240000
3.280000
2.960000
3.120000
3.120000
3.200000
3.240000
3.280000
3.240000
2.920000
3.280000
3.320000
3.080000
2.880000
3.240000
3.200000
3.040000
3.200000
3.360000
2.960000
3.360000
3.200000
2.880000
3.160000
3.200000
3.280000
3.120000
3.000000
3.240000
3.240000
2.920000
3.160000
3.320000
3.160000
2.960000
3.240000
3.400000
3.160000
3.240000
3.120000
3.000000
3.160000
3.200000
3.280000
2.920000
3.200000
3.160000
3.240000
3.320000
3.120000
3.320000
3.320000
3.440000
2.840000
3.440000
3.240000
3.280000
2.960000
3.120000
3.200000
3.040000
3.160000
3.280000
3.200000
2.840000
3.080000
2.920000
2.920000
2.960000
3.240000
3.160000
3.240000
3.080000
3.040000
3.160000
3.040000
3.160000
3.120000
2.880000
3.200000
3.280000
3.200000
3.160000
3.200000
3.400000
3.240000
3.160000
3.160000
3.280000
3.160000
2.920000
3.120000
3.040000
3.240000
3.040000
3.240000
2.880000
3.160000
3.200000
3.240000
3.360000
2.960000
3.120000
3.320000
3.080000
3.200000
3.120000
2.960000
3.040000
3.120000
3.320000
3.200000
3.200000
3.160000
3.360000
3.120000
3.280000
3.240000
3.200000
3.280000
3.040000
3.240000
3.040000
2.720000
2.800000
2.960000
2.840000
3.200000
3.280000
3.040000
3.320000
2.880000
3.320000
3.200000
3.200000
3.200000
3.040000
3.000000
3.200000
3.160000
3.000000
3.400000
3.240000
3.080000
3.200000
3.200000
3.080000
3.080000
3.200000
2.920000
3.320000
3.120000
3.200000
3.200000
3.400000
3.320000
3.120000
3.280000
3.240000
2.920000
3.000000
3.120000
3.320000
3.080000
3.040000
3.280000
2.880000
3.640000
2.960000
3.000000
3.200000
3.480000
3.280000
3.040000
3.040000
3.000000
3.080000
3.240000
3.280000
2.960000
3.080000
2.960000
3.240000
2.960000
3.360000
3.240000
3.320000
3.040000
3.200000
3.400000
3.040000
3.240000
3.160000
3.120000
3.080000
3.000000
2.960000
2.920000
2.920000
2.840000
3.240000
3.080000
3.440000
2.960000
3.000000
3.120000
3.000000
3.320000
3.160000
3.000000
2.840000
2.960000
3.000000
3.080000
3.240000
3.080000
3.080000
3.200000
3.040000
3.200000
3.080000
3.160000
3.320000
3.160000
3.200000
3.400000
3.040000
3.160000
3.360000
3.120000
3.080000
3.200000
3.200000
3.400000
3.160000
3.240000
3.240000
3.400000
3.320000
3.040000
2.960000
3.000000
3.120000
3.200000
3.240000
3.280000
3.280000
3.120000
3.200000
2.760000
2.960000
3.240000
2.920000
3.080000
3.080000
3.280000
3.280000
3.080000
3.360000
3.240000
3.280000
3.440000
3.320000
3.080000
3.080000
3.040000
3.480000
3.120000
3.160000
3.040000
3.240000
3.440000
3.000000
3.080000
3.280000
2.920000
3.040000
3.280000
3.120000
3.240000
2.920000
2.640000
3.280000
3.200000
3.160000
3.160000
3.000000
3.480000
3.240000
3.280000
3.080000
3.080000
2.960000
3.240000
3.280000
3.000000
3.080000
3.080000
3.280000
3.000000
3.080000
3.120000
2.960000
3.160000
3.320000
2.960000
3.080000
3.200000
2.920000
3.080000
2.920000
2.880000
2.920000
3.200000
2.920000
3.240000
3.240000
3.120000
2.800000
3.360000
3.440000
2.760000
3.120000
3.080000
2.800000
3.080000
3.280000
3.160000
3.200000
3.200000
3.280000
2.920000
3.080000
2.960000
3.240000
3.440000
3.360000
3.120000
3.120000
3.240000
3.080000
3.400000
2.960000
3.320000
3.160000
2.840000
3.160000
3.240000
3.240000
2.960000
3.200000
3.360000
3.120000
3.120000
3.280000
3.120000
3.120000
2.960000
3.200000
3.320000
3.200000
3.200000
3.280000
2.960000
3.240000
3.360000
2.880000
3.080000
2.920000
3.200000
3.240000
3.160000
3.320000
3.320000
3.000000
3.160000
3.200000
3.040000
3.240000
2.960000
3.040000
3.160000
3.040000
2.960000
2.880000
3.240000
3.000000
3.040000
3.200000
3.200000
3.080000
2.920000
3.120000
3.240000
3.200000
3.240000
2.840000
3.320000
3.240000
3.000000
3.280000
3.240000
3.120000
3.200000
3.400000
3.080000
3.080000
3.440000
3.080000
3.160000
2.920000
3.080000
2.800000
3.080000
2.880000
2.800000
3.120000
3.200000
3.240000
3.200000
2.960000
3.320000
2.800000
3.120000
3.120000
3.120000
2.920000
2.960000
3.240000
3.240000
3.120000
3.200000
3.080000
3.080000
3.160000
3.160000
3.320000
3.040000
3.040000
3.360000
3.320000
2.840000
3.120000
2.720000
3.040000
2.840000
3.280000
3.120000
3.080000
2.960000
3.400000
3.160000
3.040000
3.080000
3.040000
3.240000
3.040000
3.320000
3.080000
3.280000
3.080000
3.280000
3.400000
3.320000
3.160000
3.200000
3.040000
3.120000
3.320000
3.000000
3.400000
3.040000
3.320000
3.040000
2.960000
3.280000
3.280000
3.200000
3.000000
2.960000
3.120000
3.240000
2.840000
3.040000
3.080000
3.000000
2.880000
3.160000
3.200000
2.920000
3.280000
3.120000
3.120000
2.960000
3.400000
3.240000
2.960000
2.920000
3.360000
3.240000
3.320000
3.080000
3.000000
3.000000
3.200000
3.320000
2.960000
3.160000
2.600000
2.880000
3.240000
3.120000
3.200000
3.120000
3.120000
3.240000
3.040000
3.240000
3.400000
3.280000
3.080000
3.160000
3.120000
3.160000
3.240000
3.120000
3.120000
3.080000
3.280000
3.360000
2.840000
3.000000
3.240000
3.120000
3.080000
3.280000
3.280000
3.160000
2.480000
2.880000
2.880000
3.320000
3.160000
3.080000
3.400000
3.080000
3.160000
2.840000
3.280000
2.920000
3.000000
3.080000
3.200000
3.200000
2.760000
3.160000
3.280000
3.040000
3.240000
3.240000
3.120000
3.040000
2.960000
3.360000
3.280000
3.200000
2.960000
3.160000
3.120000
3.240000
3.080000
3.400000
3.040000
3.040000
3.360000
3.040000
2.880000
3.120000
3.040000
3.280000
3.160000
3.160000
3.280000
3.160000
2.760000
3.000000
3.120000
3.120000
3.160000
2.960000
3.160000
3.120000
3.400000
3.200000
3.200000
3.320000
2.960000
3.000000
3.320000
3.240000
3.280000
3.360000
2.800000
3.280000
2.960000
3.720000
3.320000
3.080000
3.280000
2.880000
2.960000
3.200000
3.200000
3.240000
3.320000
3.080000
2.800000
3.160000
3.280000
3.240000
3.040000
3.240000
3.160000
3.240000
3.320000
3.120000
3.080000
3.160000
3.280000
3.200000
3.040000
2.920000
3.160000
2.800000
3.320000
3.200000
3.200000
3.160000
3.240000
3.240000
2.920000
3.200000
3.040000
3.160000
3.360000
3.040000
3.000000
3.040000
2.960000
3.120000
3.440000
3.160000
3.240000
2.960000
2.960000
3.200000
3.320000
3.120000
3.320000
3.480000
3.360000
3.160000
3.280000
3.360000
3.000000
3.120000
3.160000
2.760000
3.120000
3.400000
3.120000
3.000000
3.000000
3.000000
3.080000
3.160000
3.120000
3.080000
3.480000
3.080000
3.000000
3.160000
3.320000
3.040000
3.240000
3.280000
3.160000
3.280000
3.000000
3.120000
3.240000
3.200000
3.080000
2.800000
3.240000
3.120000
3.200000
3.000000
3.000000
2.800000
3.000000
3.240000
3.080000
3.080000
3.080000
3.240000
3.000000
3.000000
3.120000
3.280000
3.200000
2.960000
3.160000
3.120000
3.040000
2.760000
3.040000
3.200000
3.160000
3.160000
3.000000
2.960000
3.200000
3.160000
3.160000
3.040000
3.160000
3.280000
3.160000
3.080000
3.040000
3.280000
3.160000
2.960000
3.360000
3.120000
3.160000
3.160000
3.440000
2.840000
3.280000
3.040000
3.320000
2.920000
3.240000
2.520000
3.240000
3.120000
3.280000
3.120000
3.520000
2.880000
3.160000
3.040000
2.800000
3.320000
3.320000
3.360000
3.000000
3.000000
3.240000
3.440000
3.120000
3.280000
3.080000
3.360000
3.040000
3.040000
3.040000
3.120000
3.080000
3.200000
3.280000
3.280000
3.200000
3.120000
3.240000
2.840000
3.280000
3.440000
2.880000
2.920000
3.040000
3.200000
3.120000
3.240000
3.480000
3.240000
3.000000
3.280000
3.000000
3.120000
3.440000
3.040000
3.120000
3.040000
3.000000
3.240000
3.040000
3.120000
3.160000
3.200000
3.480000
3.040000
3.240000
3.280000
3.400000
3.080000
3.400000
3.120000
3.200000
3.040000
3.320000
3.120000
3.080000
3.080000
2.960000
3.200000
2.920000
2.800000
3.080000
3.240000
3.280000
3.120000
3.240000
3.040000
3.120000
3.080000
3.120000
3.240000
3.240000
3.000000
2.960000
3.080000
3.200000
3.000000
3.280000
3.360000
3.280000
3.600000
3.400000
3.160000
3.200000
3.120000
3.080000
3.000000
3.000000
3.320000
2.920000
3.200000
3.200000
3.400000
3.200000
3.240000
2.920000
3.400000
3.120000
3.120000
3.280000
3.120000
3.360000
3.000000
3.120000
3.200000
3.240000
3.240000
3.200000
3.000000
3.200000
3.080000
3.200000
3.000000
3.360000
3.240000
2.800000
3.000000
3.080000
3.280000
3.040000
2.880000
3.200000
3.160000
3.080000
3.360000
3.200000
3.320000
3.040000
3.320000
3.080000
3.200000
3.160000
3.280000
3.200000
2.920000
3.040000
3.360000
3.360000
3.160000
3.080000
3.360000
3.280000
3.080000
2.960000
3.080000
3.080000
3.120000
3.120000
3.280000
3.040000
2.960000
3.080000
3.160000
3.160000
2.960000
2.960000
3.160000
3.160000
3.200000
3.160000
3.320000
2.920000
3.200000
2.960000
3.200000
2.920000
2.800000
3.120000
3.320000
3.080000
2.960000
3.160000
3.240000
3.240000
3.040000
3.360000
3.080000
3.200000
2.920000
3.320000
2.880000
3.280000
3.120000
